barrier.global_time = 1056711300000000, 0, 0, 0, 0, 0, 0, 0, 0, 0, 0, 0, 0, 0, 0, 0
barrier.global_time_begin = 0, 0, 0, 0, 0, 0, 0, 0, 0, 0, 0, 0, 0, 0, 0, 0
barrier.global_time_end = 1056711300000000, 0, 0, 0, 0, 0, 0, 0, 0, 0, 0, 0, 0, 0, 0, 0
branch_predictor.num-correct = 159748720, 958413, 1907304, 952076, 950040, 956747, 953091, 953238, 955693, 955731, 952698, 950459, 948955, 953271, 945094, 952232
branch_predictor.num-incorrect = 14859466, 69252, 138939, 69159, 68874, 70059, 69959, 69571, 69579, 69345, 69938, 70044, 69138, 69500, 70541, 70556
core.instructions = 1282531541, 16352908, 32548227, 16226929, 16193851, 16330720, 16268986, 16251863, 16310734, 16308728, 16262341, 16217040, 16185165, 16254312, 16133144, 16254417
core.spin_elapsed_time = 0, 0, 0, 0, 0, 0, 0, 0, 0, 0, 0, 0, 0, 0, 0, 0
core.spin_instructions = 0, 0, 0, 0, 0, 0, 0, 0, 0, 0, 0, 0, 0, 0, 0, 0
core.spin_loops = 0, 0, 0, 0, 0, 0, 0, 0, 0, 0, 0, 0, 0, 0, 0, 0
corefreq = 2660000000.0, 2660000000.0, 2660000000.0, 2660000000.0, 2660000000.0, 2660000000.0, 2660000000.0, 2660000000.0, 2660000000.0, 2660000000.0, 2660000000.0, 2660000000.0, 2660000000.0, 2660000000.0, 2660000000.0, 2660000000.0
directory.entries-allocated = 65536, 65536, 65536, 65536, 65536, 65536, 65536, 65536, 65536, 65536, 65536, 65536, 65536, 65536, 65536, 65536
directory.evict-E = 1, 15, 1, 0, 0, 0, 0, 0, 0, 0, 0, 0, 0, 0, 0, 0
directory.evict-M = 0, 8, 0, 0, 0, 0, 0, 0, 0, 0, 0, 0, 0, 0, 0, 0
directory.evict-O = 0, 0, 0, 0, 0, 0, 0, 0, 0, 0, 0, 0, 0, 0, 0, 0
directory.evict-S = 0, 1, 0, 0, 0, 0, 0, 0, 0, 0, 0, 0, 0, 0, 0, 0
directory.forward = 0, 0, 0, 0, 0, 0, 0, 0, 0, 0, 0, 0, 0, 0, 0, 0
directory.forward-failed = 0, 0, 0, 0, 0, 0, 0, 0, 0, 0, 0, 0, 0, 0, 0, 0
dram-queue.num-requests = 1391034, 0, 0, 0, 1387237, 0, 0, 0, 1388641, 0, 0, 0, 1390979, 0, 0, 0
dram-queue.num-requests-analytical = 0, 0, 0, 0, 0, 0, 0, 0, 0, 0, 0, 0, 0, 0, 0, 0
dram-queue.total-queue-delay = 746774813905, 0, 0, 0, 650357638918, 0, 0, 0, 652838967623, 0, 0, 0, 656345670806, 0, 0, 0
dram-queue.total-time-used = 11725409511384, 0, 0, 0, 11693403550412, 0, 0, 0, 11705238253916, 0, 0, 0, 11724945901204, 0, 0, 0
dram.reads = 902446, 0, 0, 0, 899911, 0, 0, 0, 901951, 0, 0, 0, 902524, 0, 0, 0
dram.total-access-latency = 75068714325289, 0, 0, 0, 74769426189330, 0, 0, 0, 74846922221539, 0, 0, 0, 74975346572010, 0, 0, 0
dram.total-queueing-delay = 746774813905, 0, 0, 0, 650357638918, 0, 0, 0, 652838967623, 0, 0, 0, 656345670806, 0, 0, 0
dram.writes = 488588, 0, 0, 0, 487326, 0, 0, 0, 486690, 0, 0, 0, 488455, 0, 0, 0
dtlb.access = 531205006, 5636259, 11219031, 5594195, 5582731, 5629421, 5608429, 5602084, 5622727, 5620072, 5604075, 5591936, 5580740, 5602727, 5562728, 5603231
dtlb.miss = 14004004, 373947, 738002, 366456, 366672, 372361, 365906, 361489, 372074, 370017, 372210, 363226, 359318, 361825, 357715, 370628
dtlb_cache.access-mru-0 = 470319104, 4385254, 8593461, 4321880, 4340528, 4364791, 4382631, 4383656, 4370403, 4369347, 4340371, 4377598, 4366555, 4381901, 4351930, 4358238
dtlb_cache.access-mru-1 = 34505336, 577527, 1291918, 610148, 579578, 591716, 561383, 559932, 585066, 583333, 597463, 555521, 559087, 562821, 559141, 581548
dtlb_cache.access-mru-2 = 8284910, 196642, 392242, 194529, 194322, 197273, 197451, 196761, 193528, 195315, 192421, 194878, 196219, 194993, 194062, 191729
dtlb_cache.access-mru-3 = 4091652, 102889, 203408, 101182, 101631, 103280, 101058, 100246, 101656, 102060, 101610, 100713, 99561, 101187, 99880, 101088
fastforward_performance_model.fastforwarded_time = 0, 0, 0, 0, 0, 0, 0, 0, 0, 0, 0, 0, 0, 0, 0, 0
fastforward_timer.cpiBase = 0, 0, 0, 0, 0, 0, 0, 0, 0, 0, 0, 0, 0, 0, 0, 0
fastforward_timer.cpiBranchPredictor = 0, 0, 0, 0, 0, 0, 0, 0, 0, 0, 0, 0, 0, 0, 0, 0
fastforward_timer.cpiDataCachecache-remote = 0, 0, 0, 0, 0, 0, 0, 0, 0, 0, 0, 0, 0, 0, 0, 0
fastforward_timer.cpiDataCachedram = 0, 0, 0, 0, 0, 0, 0, 0, 0, 0, 0, 0, 0, 0, 0, 0
fastforward_timer.cpiDataCachedram-cache = 0, 0, 0, 0, 0, 0, 0, 0, 0, 0, 0, 0, 0, 0, 0, 0
fastforward_timer.cpiDataCachedram-local = 0, 0, 0, 0, 0, 0, 0, 0, 0, 0, 0, 0, 0, 0, 0, 0
fastforward_timer.cpiDataCachedram-remote = 0, 0, 0, 0, 0, 0, 0, 0, 0, 0, 0, 0, 0, 0, 0, 0
fastforward_timer.cpiDataCacheL1 = 0, 0, 0, 0, 0, 0, 0, 0, 0, 0, 0, 0, 0, 0, 0, 0
fastforward_timer.cpiDataCacheL1_S = 0, 0, 0, 0, 0, 0, 0, 0, 0, 0, 0, 0, 0, 0, 0, 0
fastforward_timer.cpiDataCacheL1I = 0, 0, 0, 0, 0, 0, 0, 0, 0, 0, 0, 0, 0, 0, 0, 0
fastforward_timer.cpiDataCacheL2 = 0, 0, 0, 0, 0, 0, 0, 0, 0, 0, 0, 0, 0, 0, 0, 0
fastforward_timer.cpiDataCacheL2_S = 0, 0, 0, 0, 0, 0, 0, 0, 0, 0, 0, 0, 0, 0, 0, 0
fastforward_timer.cpiDataCacheL3 = 0, 0, 0, 0, 0, 0, 0, 0, 0, 0, 0, 0, 0, 0, 0, 0
fastforward_timer.cpiDataCacheL3_S = 0, 0, 0, 0, 0, 0, 0, 0, 0, 0, 0, 0, 0, 0, 0, 0
fastforward_timer.cpiDataCacheL4 = 0, 0, 0, 0, 0, 0, 0, 0, 0, 0, 0, 0, 0, 0, 0, 0
fastforward_timer.cpiDataCacheL4_S = 0, 0, 0, 0, 0, 0, 0, 0, 0, 0, 0, 0, 0, 0, 0, 0
fastforward_timer.cpiDataCachemiss = 0, 0, 0, 0, 0, 0, 0, 0, 0, 0, 0, 0, 0, 0, 0, 0
fastforward_timer.cpiDataCachenuca-cache = 0, 0, 0, 0, 0, 0, 0, 0, 0, 0, 0, 0, 0, 0, 0, 0
fastforward_timer.cpiDataCachenuca-local = 0, 0, 0, 0, 0, 0, 0, 0, 0, 0, 0, 0, 0, 0, 0, 0
fastforward_timer.cpiDataCachenuca-remote = 0, 0, 0, 0, 0, 0, 0, 0, 0, 0, 0, 0, 0, 0, 0, 0
fastforward_timer.cpiDataCachepredicate-false = 0, 0, 0, 0, 0, 0, 0, 0, 0, 0, 0, 0, 0, 0, 0, 0
fastforward_timer.cpiDataCacheprefetch-no-mapping = 0, 0, 0, 0, 0, 0, 0, 0, 0, 0, 0, 0, 0, 0, 0, 0
fastforward_timer.cpiDataCacheunknown = 0, 0, 0, 0, 0, 0, 0, 0, 0, 0, 0, 0, 0, 0, 0, 0
fs_to_cycles = 2.66e-06
fs_to_cycles_cores = 2.66e-06, 2.66e-06, 2.66e-06, 2.66e-06, 2.66e-06, 2.66e-06, 2.66e-06, 2.66e-06, 2.66e-06, 2.66e-06, 2.66e-06, 2.66e-06, 2.66e-06, 2.66e-06, 2.66e-06, 2.66e-06
futex.futex_cmp_requeue_count = 0, 0, 0, 0, 0, 0, 0, 0, 0, 0, 0, 0, 0, 0, 0, 0
futex.futex_cmp_requeue_delay = 0, 0, 0, 0, 0, 0, 0, 0, 0, 0, 0, 0, 0, 0, 0, 0
futex.futex_cmp_requeue_pi_count = 0, 0, 0, 0, 0, 0, 0, 0, 0, 0, 0, 0, 0, 0, 0, 0
futex.futex_cmp_requeue_pi_delay = 0, 0, 0, 0, 0, 0, 0, 0, 0, 0, 0, 0, 0, 0, 0, 0
futex.futex_fd_count = 0, 0, 0, 0, 0, 0, 0, 0, 0, 0, 0, 0, 0, 0, 0, 0
futex.futex_fd_delay = 0, 0, 0, 0, 0, 0, 0, 0, 0, 0, 0, 0, 0, 0, 0, 0
futex.futex_lock_pi_count = 0, 0, 0, 0, 0, 0, 0, 0, 0, 0, 0, 0, 0, 0, 0, 0
futex.futex_lock_pi_delay = 0, 0, 0, 0, 0, 0, 0, 0, 0, 0, 0, 0, 0, 0, 0, 0
futex.futex_requeue_count = 0, 0, 0, 0, 0, 0, 0, 0, 0, 0, 0, 0, 0, 0, 0, 0
futex.futex_requeue_delay = 0, 0, 0, 0, 0, 0, 0, 0, 0, 0, 0, 0, 0, 0, 0, 0
futex.futex_trylock_pi_count = 0, 0, 0, 0, 0, 0, 0, 0, 0, 0, 0, 0, 0, 0, 0, 0
futex.futex_trylock_pi_delay = 0, 0, 0, 0, 0, 0, 0, 0, 0, 0, 0, 0, 0, 0, 0, 0
futex.futex_unlock_pi_count = 0, 0, 0, 0, 0, 0, 0, 0, 0, 0, 0, 0, 0, 0, 0, 0
futex.futex_unlock_pi_delay = 0, 0, 0, 0, 0, 0, 0, 0, 0, 0, 0, 0, 0, 0, 0, 0
futex.futex_wait_bitset_count = 1, 0, 0, 0, 0, 0, 0, 0, 0, 0, 0, 0, 0, 0, 0, 0
futex.futex_wait_bitset_delay = 0, 0, 0, 0, 0, 0, 0, 0, 0, 0, 0, 0, 0, 0, 0, 0
futex.futex_wait_count = 1, 50, 33, 42, 46, 55, 54, 47, 43, 55, 53, 47, 36, 46, 53, 40, 32
futex.futex_wait_delay = 23421270536540, 11151891453282, 12166455296396, 10984978695211, 11134561430820, 11323447447502, 11347345140114, 11165512481910, 11003121511351, 11296065559018, 11349095140679, 11125104307076, 10829089587397, 11151805752750, 11256195726572, 11028468072869, 11301366649997
futex.futex_wait_requeue_pi_count = 0, 0, 0, 0, 0, 0, 0, 0, 0, 0, 0, 0, 0, 0, 0, 0
futex.futex_wait_requeue_pi_delay = 0, 0, 0, 0, 0, 0, 0, 0, 0, 0, 0, 0, 0, 0, 0, 0
futex.futex_wake_bitset_count = 0, 0, 0, 0, 0, 0, 0, 0, 0, 0, 0, 0, 0, 0, 0, 0
futex.futex_wake_bitset_delay = 0, 0, 0, 0, 0, 0, 0, 0, 0, 0, 0, 0, 0, 0, 0, 0
futex.futex_wake_count = 2, 20, 34, 11, 15, 24, 23, 17, 11, 23, 21, 17, 5, 15, 22, 9, 34
futex.futex_wake_delay = 0, 20000000000, 32000000000, 9000000000, 13000000000, 23000000000, 22000000000, 16000000000, 9000000000, 21000000000, 20000000000, 14000000000, 3000000000, 13000000000, 20000000000, 8000000000, 32000000000
futex.futex_wake_op_count = 0, 0, 0, 0, 0, 0, 0, 0, 0, 0, 0, 0, 0, 0, 0, 0
futex.futex_wake_op_delay = 0, 0, 0, 0, 0, 0, 0, 0, 0, 0, 0, 0, 0, 0, 0, 0
global.time = 1056711300000000
global.time_begin = 0
global.time_end = 1056711300000000
interval_timer.cpContr_branch = 112575416430311, 415701156593, 831889353432, 417122898269, 420344804198, 419073477972, 422385416323, 421726759164, 419287503329, 417981589736, 418616903423, 422703455951, 419089499287, 418341650326, 422302074535, 419507652644
interval_timer.cpContr_fp_addsub = 5191441399144, 1675497277124, 3330104810019, 1650373941239, 1648222324968, 1666901464944, 1656550458529, 1649390532360, 1669535776167, 1663198546370, 1656199639496, 1644654791681, 1648249936872, 1651404715311, 1632816440470, 1651843429584
interval_timer.cpContr_fp_muldiv = 8447102, 568232921799, 1136901702769, 560737682759, 567689951930, 563886860076, 564688212762, 561786012779, 567940696262, 563941631485, 564367909781, 561390382978, 565746297930, 563482121399, 560599916998, 560855799480
interval_timer.cpContr_generic = 169169121654445, 2616109474642, 5223009564644, 2598183782269, 2606513128457, 2624388542242, 2614321520782, 2621218693705, 2619681580439, 2620388056235, 2606433115638, 2608282030934, 2597230882645, 2607422036469, 2599721725905, 2613681095777
interval_timer.cpContr_load_l1 = 152326300005755, 1963716087394, 3936238039496, 1952474561199, 1970320949818, 1985308231418, 1985344401104, 1987435974391, 1976751923682, 1974144867316, 1960575859464, 1981455154841, 1963619731146, 1974826661967, 1971587560559, 1974266877977
interval_timer.cpContr_load_l2 = 874914731, 219752504, 285241445, 134922353, 138166940, 144572652, 241361307, 153469636, 144650553, 297581338, 140302076, 228943802, 205779831, 158458953, 164599056, 133771917
interval_timer.cpContr_load_l3 = 0, 0, 0, 0, 0, 0, 0, 0, 0, 0, 0, 0, 0, 0, 0, 0
interval_timer.cpContr_load_other = 0, 0, 0, 0, 0, 5189954, 1828498, 0, 9236626, 0, 0, 1840802, 0, 0, 0, 0
interval_timer.cpContr_port0 = 0, 0, 0, 0, 0, 0, 0, 0, 0, 0, 0, 0, 0, 0, 0, 0
interval_timer.cpContr_port015 = 17356823732775, 167003622867, 335150695550, 168113772858, 168422437358, 167045904607, 166334610721, 168161807265, 167002122229, 167992291524, 168347602277, 166332347067, 166861582382, 169057234939, 168227572834, 168245851953
interval_timer.cpContr_port05 = 0, 0, 0, 0, 0, 0, 0, 0, 0, 0, 0, 0, 0, 0, 0, 0
interval_timer.cpContr_port1 = 1923333064, 1000000, 3000000, 2500000, 3000000, 2500000, 3000000, 4000000, 3000000, 2000000, 2000000, 1500000, 2500000, 2500000, 2000000, 2000000
interval_timer.cpContr_port2 = 83212822203958, 456890856486, 891237217673, 449579662078, 435226033816, 444038166900, 441059937077, 434811357953, 444414550865, 445276619125, 448393535135, 437682626307, 440558541686, 442068609952, 430643835260, 440703481997
interval_timer.cpContr_port34 = 30518759202410, 6560426220, 12961161308, 6533989133, 6416759022, 6684510458, 6705420996, 6578179538, 6774804412, 6640271203, 6575060812, 6444106753, 6446563523, 6247503474, 6648922032, 6684830890
interval_timer.cpContr_port5 = 13173011343373, 52335101345, 105125430908, 52457980168, 52485101652, 53176471859, 53261772738, 53686850171, 53709488118, 52683274756, 51483405408, 51914718793, 52965974226, 52703101923, 52323433032, 53431246848
interval_timer.cpContr_store = 17102241137276, 215125107909, 428824295415, 214617129907, 215796085447, 216450817163, 216107789264, 216687059911, 215443389941, 216024016059, 215717453944, 217390840421, 215105489850, 216236142967, 217124678622, 216135706447
interval_timer.cpiBase = 226216634613912, 3061024285077, 6105811388805, 3035810432286, 3043749888027, 3064727660166, 3057120534501, 3055094223291, 3062197214757, 3057709254975, 3045717928692, 3046370182857, 3037964186817, 3047669428041, 3032672469453, 3049038973818
interval_timer.cpiBranchPredictor = 280940853794040, 811957187529, 1559621663217, 824863925277, 826926702570, 809392531671, 819121081113, 818378225649, 828519180174, 811039144491, 811498166010, 830048875965, 838676676015, 811367339238, 814272971769, 828104519457
interval_timer.cpiDataCachecache-remote = 30730005738, 615592969659, 1028241661131, 632912103450, 624218514075, 618127174458, 611932075677, 619216269741, 633156839739, 622189571292, 611085461049, 620507244267, 641700805392, 629186172021, 614087709903, 628981661205
interval_timer.cpiDataCachedram = 0, 0, 0, 0, 0, 0, 0, 0, 0, 0, 0, 0, 0, 0, 0, 0
interval_timer.cpiDataCachedram-cache = 0, 0, 0, 0, 0, 0, 0, 0, 0, 0, 0, 0, 0, 0, 0, 0
interval_timer.cpiDataCachedram-local = 20504776591431, 0, 0, 0, 340327802286, 0, 0, 0, 373713441120, 0, 0, 0, 384137477712, 0, 0, 0
interval_timer.cpiDataCachedram-remote = 67777611859845, 1445684326731, 2623853092635, 1448088456636, 1111272676488, 1435923070596, 1420652428416, 1417691908791, 1051884088902, 1408687041924, 1430006166675, 1446418159659, 1085315592294, 1421768215368, 1395380305080, 1406005469037
interval_timer.cpiDataCacheL1 = 100901651661, 2458641060, 4645854162, 2139092910, 2239092684, 2404505844, 2021799942, 2085709572, 2099243376, 2889467154, 2483453034, 2024055576, 2188716858, 2202250662, 1920296412, 2161649250
interval_timer.cpiDataCacheL1_S = 0, 0, 0, 0, 0, 0, 0, 0, 0, 0, 0, 0, 0, 0, 0, 0
interval_timer.cpiDataCacheL1I = 0, 0, 0, 0, 0, 0, 0, 0, 0, 0, 0, 0, 0, 0, 0, 0
interval_timer.cpiDataCacheL2 = 20520052872696, 2143199291697, 4069647569493, 2204336371572, 2150289501237, 2106741479355, 2104494116013, 2151135363987, 2187600319170, 2121875279739, 2106902005308, 2159310533481, 2237111109531, 2159175195441, 2137742913051, 2180910484665
interval_timer.cpiDataCacheL2_S = 0, 0, 0, 0, 0, 0, 0, 0, 0, 0, 0, 0, 0, 0, 0, 0
interval_timer.cpiDataCacheL3 = 0, 0, 0, 0, 0, 0, 0, 0, 0, 0, 0, 0, 0, 0, 0, 0
interval_timer.cpiDataCacheL3_S = 0, 0, 0, 0, 0, 0, 0, 0, 0, 0, 0, 0, 0, 0, 0, 0
interval_timer.cpiDataCacheL4 = 0, 0, 0, 0, 0, 0, 0, 0, 0, 0, 0, 0, 0, 0, 0, 0
interval_timer.cpiDataCacheL4_S = 0, 0, 0, 0, 0, 0, 0, 0, 0, 0, 0, 0, 0, 0, 0, 0
interval_timer.cpiDataCachemiss = 0, 0, 0, 0, 0, 0, 0, 0, 0, 0, 0, 0, 0, 0, 0, 0
interval_timer.cpiDataCachenuca-cache = 0, 0, 0, 0, 0, 0, 0, 0, 0, 0, 0, 0, 0, 0, 0, 0
interval_timer.cpiDataCachenuca-local = 15968327069394, 258418212966, 468189167454, 238669761357, 236773525041, 225506633211, 223957388592, 223697614743, 227300990058, 227282944986, 221035590684, 221479950582, 228189333915, 230016397455, 269904277233, 225897233832
interval_timer.cpiDataCachenuca-remote = 240720628902480, 3703184863866, 7053351352623, 3820349260728, 3724351733322, 3607277937759, 3608294100876, 3736343435544, 3823151885973, 3645960557103, 3614503109400, 3745025370810, 3912785142048, 3743201690721, 3669716894391, 3846054465792
interval_timer.cpiDataCachepredicate-false = 0, 0, 0, 0, 0, 0, 0, 0, 0, 0, 0, 0, 0, 0, 0, 0
interval_timer.cpiDataCacheprefetch-no-mapping = 0, 0, 0, 0, 0, 0, 0, 0, 0, 0, 0, 0, 0, 0, 0, 0
interval_timer.cpiDataCacheunknown = 0, 0, 0, 0, 0, 0, 0, 0, 0, 0, 0, 0, 0, 0, 0, 0
interval_timer.cpiInstructionCachecache-remote = 0, 5005251846, 4058637444, 4407508836, 2101123071, 3027436767, 2983827843, 4570290423, 3839089068, 4878184464, 6692090139, 5470664328, 3256007679, 4760891496, 5921039250, 2962775259
interval_timer.cpiInstructionCachedram = 0, 0, 0, 0, 0, 0, 0, 0, 0, 0, 0, 0, 0, 0, 0, 0
interval_timer.cpiInstructionCachedram-cache = 0, 0, 0, 0, 0, 0, 0, 0, 0, 0, 0, 0, 0, 0, 0, 0
interval_timer.cpiInstructionCachedram-local = 13316135319, 0, 0, 0, 0, 0, 0, 0, 0, 0, 0, 0, 0, 0, 0, 0
interval_timer.cpiInstructionCachedram-remote = 47619441252, 2570670882, 150375600, 156390624, 0, 742103586, 145864332, 0, 0, 317292516, 0, 667667664, 0, 0, 0, 0
interval_timer.cpiInstructionCacheL1 = 0, 0, 0, 0, 0, 0, 0, 0, 0, 0, 0, 0, 0, 0, 0, 0
interval_timer.cpiInstructionCacheL1_S = 0, 0, 0, 0, 0, 0, 0, 0, 0, 0, 0, 0, 0, 0, 0, 0
interval_timer.cpiInstructionCacheL1I = 0, 0, 0, 0, 0, 0, 0, 0, 0, 0, 0, 0, 0, 0, 0, 0
interval_timer.cpiInstructionCacheL2 = 0, 0, 0, 0, 0, 0, 0, 0, 0, 0, 0, 0, 0, 0, 0, 0
interval_timer.cpiInstructionCacheL2_S = 0, 0, 0, 0, 0, 0, 0, 0, 0, 0, 0, 0, 0, 0, 0, 0
interval_timer.cpiInstructionCacheL3 = 0, 0, 0, 0, 0, 0, 0, 0, 0, 0, 0, 0, 0, 0, 0, 0
interval_timer.cpiInstructionCacheL3_S = 0, 0, 0, 0, 0, 0, 0, 0, 0, 0, 0, 0, 0, 0, 0, 0
interval_timer.cpiInstructionCacheL4 = 0, 0, 0, 0, 0, 0, 0, 0, 0, 0, 0, 0, 0, 0, 0, 0
interval_timer.cpiInstructionCacheL4_S = 0, 0, 0, 0, 0, 0, 0, 0, 0, 0, 0, 0, 0, 0, 0, 0
interval_timer.cpiInstructionCachemiss = 0, 0, 0, 0, 0, 0, 0, 0, 0, 0, 0, 0, 0, 0, 0, 0
interval_timer.cpiInstructionCachenuca-cache = 0, 0, 0, 0, 0, 0, 0, 0, 0, 0, 0, 0, 0, 0, 0, 0
interval_timer.cpiInstructionCachenuca-local = 5690729996064, 18707100579, 56068294338, 16605977508, 6350361588, 7624042920, 3834201861, 7398855459, 13952600046, 16324023258, 21434538024, 780073425, 1077817113, 20320254828, 19284542883, 18039056976
interval_timer.cpiInstructionCachenuca-remote = 154601208495216, 186899577606, 340715395395, 202158565677, 208126597302, 196052940378, 199790901855, 206427353022, 203740516989, 186808976307, 182427407262, 205343520885, 217972063773, 187522884468, 184615372242, 196802186805
interval_timer.cpiInstructionCachepredicate-false = 0, 0, 0, 0, 0, 0, 0, 0, 0, 0, 0, 0, 0, 0, 0, 0
interval_timer.cpiInstructionCacheprefetch-no-mapping = 0, 0, 0, 0, 0, 0, 0, 0, 0, 0, 0, 0, 0, 0, 0, 0
interval_timer.cpiInstructionCacheunknown = 0, 0, 0, 0, 0, 0, 0, 0, 0, 0, 0, 0, 0, 0, 0, 0
interval_timer.cpiLongLatency = 0, 0, 0, 0, 0, 0, 0, 0, 0, 0, 0, 0, 0, 0, 0, 0
interval_timer.cpiSerialization = 124059870, 0, 0, 0, 0, 0, 0, 0, 0, 0, 0, 0, 0, 0, 0, 0
interval_timer.detailed-cpiBase-BranchMispredict = 0, 0, 0, 0, 0, 0, 0, 0, 0, 0, 0, 0, 0, 0, 0, 0
interval_timer.detailed-cpiBase-DispatchRate = 520558956, 7371374, 14718538, 7308261, 7342791, 7389818, 7374608, 7374012, 7386033, 7369716, 7335786, 7346936, 7323652, 7344110, 7316352, 7350136
interval_timer.detailed-cpiBase-DispatchRate+BranchMispredict = 0, 0, 0, 0, 0, 0, 0, 0, 0, 0, 0, 0, 0, 0, 0, 0
interval_timer.detailed-cpiBase-DispatchRate+ICacheMiss = 0, 0, 0, 0, 0, 0, 0, 0, 0, 0, 0, 0, 0, 0, 0, 0
interval_timer.detailed-cpiBase-DispatchRate+ICacheMiss+BranchMispredict = 0, 0, 0, 0, 0, 0, 0, 0, 0, 0, 0, 0, 0, 0, 0, 0
interval_timer.detailed-cpiBase-DispatchWidth = 1108375, 4943, 9750, 4934, 4807, 5080, 4946, 4921, 4757, 4947, 4768, 4873, 4913, 4861, 4757, 4963
interval_timer.detailed-cpiBase-DispatchWidth+BranchMispredict = 0, 0, 0, 0, 0, 0, 0, 0, 0, 0, 0, 0, 0, 0, 0, 0
interval_timer.detailed-cpiBase-DispatchWidth+DispatchRate = 80070277, 766026, 1513207, 762079, 748795, 757296, 752405, 747636, 754673, 758862, 761074, 751554, 752438, 757848, 745818, 755363
interval_timer.detailed-cpiBase-DispatchWidth+DispatchRate+BranchMispredict = 0, 0, 0, 0, 0, 0, 0, 0, 0, 0, 0, 0, 0, 0, 0, 0
interval_timer.detailed-cpiBase-DispatchWidth+DispatchRate+ICacheMiss = 0, 0, 0, 0, 0, 0, 0, 0, 0, 0, 0, 0, 0, 0, 0, 0
interval_timer.detailed-cpiBase-DispatchWidth+DispatchRate+ICacheMiss+BranchMispredict = 0, 0, 0, 0, 0, 0, 0, 0, 0, 0, 0, 0, 0, 0, 0, 0
interval_timer.detailed-cpiBase-DispatchWidth+ICacheMiss = 0, 0, 0, 0, 0, 0, 0, 0, 0, 0, 0, 0, 0, 0, 0, 0
interval_timer.detailed-cpiBase-DispatchWidth+ICacheMiss+BranchMispredict = 0, 0, 0, 0, 0, 0, 0, 0, 0, 0, 0, 0, 0, 0, 0, 0
interval_timer.detailed-cpiBase-ICacheMiss = 0, 0, 0, 0, 0, 0, 0, 0, 0, 0, 0, 0, 0, 0, 0, 0
interval_timer.detailed-cpiBase-ICacheMiss+BranchMispredict = 0, 0, 0, 0, 0, 0, 0, 0, 0, 0, 0, 0, 0, 0, 0, 0
interval_timer.detailed-cpiBase-NoReason = 0, 0, 0, 0, 0, 0, 0, 0, 0, 0, 0, 0, 0, 0, 0, 0
interval_timer.detailed-cpiBase-WindowEmpty = 0, 0, 0, 0, 0, 0, 0, 0, 0, 0, 0, 0, 0, 0, 0, 0
interval_timer.detailed-cpiBase-WindowEmpty+BranchMispredict = 0, 0, 0, 0, 0, 0, 0, 0, 0, 0, 0, 0, 0, 0, 0, 0
interval_timer.detailed-cpiBase-WindowEmpty+DispatchRate = 0, 0, 0, 0, 0, 0, 0, 0, 0, 0, 0, 0, 0, 0, 0, 0
interval_timer.detailed-cpiBase-WindowEmpty+DispatchRate+BranchMispredict = 0, 0, 0, 0, 0, 0, 0, 0, 0, 0, 0, 0, 0, 0, 0, 0
interval_timer.detailed-cpiBase-WindowEmpty+DispatchRate+ICacheMiss = 0, 0, 0, 0, 0, 0, 0, 0, 0, 0, 0, 0, 0, 0, 0, 0
interval_timer.detailed-cpiBase-WindowEmpty+DispatchRate+ICacheMiss+BranchMispredict = 0, 0, 0, 0, 0, 0, 0, 0, 0, 0, 0, 0, 0, 0, 0, 0
interval_timer.detailed-cpiBase-WindowEmpty+DispatchWidth = 0, 0, 0, 0, 0, 0, 0, 0, 0, 0, 0, 0, 0, 0, 0, 0
interval_timer.detailed-cpiBase-WindowEmpty+DispatchWidth+BranchMispredict = 0, 0, 0, 0, 0, 0, 0, 0, 0, 0, 0, 0, 0, 0, 0, 0
interval_timer.detailed-cpiBase-WindowEmpty+DispatchWidth+DispatchRate = 0, 0, 0, 0, 0, 0, 0, 0, 0, 0, 0, 0, 0, 0, 0, 0
interval_timer.detailed-cpiBase-WindowEmpty+DispatchWidth+DispatchRate+BranchMispredict = 0, 0, 0, 0, 0, 0, 0, 0, 0, 0, 0, 0, 0, 0, 0, 0
interval_timer.detailed-cpiBase-WindowEmpty+DispatchWidth+DispatchRate+ICacheMiss = 0, 0, 0, 0, 0, 0, 0, 0, 0, 0, 0, 0, 0, 0, 0, 0
interval_timer.detailed-cpiBase-WindowEmpty+DispatchWidth+DispatchRate+ICacheMiss+BranchMispredict = 0, 0, 0, 0, 0, 0, 0, 0, 0, 0, 0, 0, 0, 0, 0, 0
interval_timer.detailed-cpiBase-WindowEmpty+DispatchWidth+ICacheMiss = 0, 0, 0, 0, 0, 0, 0, 0, 0, 0, 0, 0, 0, 0, 0, 0
interval_timer.detailed-cpiBase-WindowEmpty+DispatchWidth+ICacheMiss+BranchMispredict = 0, 0, 0, 0, 0, 0, 0, 0, 0, 0, 0, 0, 0, 0, 0, 0
interval_timer.detailed-cpiBase-WindowEmpty+ICacheMiss = 0, 0, 0, 0, 0, 0, 0, 0, 0, 0, 0, 0, 0, 0, 0, 0
interval_timer.detailed-cpiBase-WindowEmpty+ICacheMiss+BranchMispredict = 0, 0, 0, 0, 0, 0, 0, 0, 0, 0, 0, 0, 0, 0, 0, 0
interval_timer.loadstore_contention.no-free-slots = 0, 0, 0, 0, 0, 0, 0, 0, 0, 0, 0, 0, 0, 0, 0, 0
interval_timer.loadstore_contention.num-barriers = 0, 0, 0, 0, 0, 0, 0, 0, 0, 0, 0, 0, 0, 0, 0, 0
interval_timer.loadstore_contention.num-requests = 171898316, 2710210, 5388960, 2693247, 2680698, 2712746, 2697934, 2693711, 2703661, 2703659, 2695937, 2691145, 2683693, 2695771, 2672306, 2694291
interval_timer.loadstore_contention.requests-out-of-order = 63679731, 1399806, 2785839, 1391421, 1383589, 1404975, 1393453, 1390554, 1397762, 1397699, 1392497, 1390128, 1386410, 1393462, 1379062, 1392364
interval_timer.loadstore_contention.requests-simultaneous = 41872110, 411039, 813688, 409514, 405419, 408470, 407939, 407158, 407353, 408295, 409015, 406756, 405939, 407434, 403708, 406687
interval_timer.loadstore_contention.total-barrier-delay = 0, 0, 0, 0, 0, 0, 0, 0, 0, 0, 0, 0, 0, 0, 0, 0
interval_timer.loadstore_contention.total-delay = 1407003211143, 8344717983, 16787180106, 8618777514, 8428176441, 8298477486, 8430808014, 8568401688, 8412011064, 8356372092, 8712386325, 8269154244, 8481183840, 8519905557, 8541334080, 8463138768
interval_timer.numBPredOverlapped = 110091778, 934704, 1856481, 924407, 922588, 932371, 928351, 926082, 932302, 932168, 926839, 925710, 923179, 926670, 920531, 927431
interval_timer.numDCacheOverlapped = 208707846, 1755941, 3492626, 1733074, 1734520, 1747062, 1742319, 1738954, 1749561, 1746953, 1739129, 1734106, 1731896, 1737732, 1725576, 1740273
interval_timer.numHiddenLongerDCacheLatency = 13795964, 84793, 173324, 84204, 83262, 84630, 84658, 84714, 84291, 85227, 84300, 84402, 83329, 83649, 81791, 83812
interval_timer.numICacheOverlapped = 1690360438, 31379591, 62311291, 30978014, 30916251, 31305731, 31142288, 31047494, 31286982, 31258757, 31072782, 31012399, 30946052, 31066012, 30814146, 31095689
interval_timer.numLongLatencyLoads = 13407034, 248134, 492736, 244966, 244482, 247557, 246266, 245519, 247412, 247182, 245716, 245240, 244719, 245659, 243679, 245899
interval_timer.numMfenceInsns = 0, 0, 0, 0, 0, 0, 0, 0, 0, 0, 0, 0, 0, 0, 0, 0
interval_timer.numSerializationInsns = 132, 0, 0, 0, 0, 0, 0, 0, 0, 0, 0, 0, 0, 0, 0, 0
interval_timer.numTotalLongLatencyLoadLatency = 972559455, 21728361, 40559582, 22201727, 21784047, 21269357, 21203844, 21679502, 22075142, 21356882, 21242850, 21798125, 22587250, 21773612, 21516130, 22051479
interval_timer.outstandingLongLatencyCycles = 1367530371, 21351217, 40052799, 21793896, 21382223, 20903967, 20835558, 21313405, 21656311, 21000201, 20860243, 21412944, 22118388, 21361754, 21109306, 21664774
interval_timer.outstandingLongLatencyInsns = 2567135330, 35304669, 66174671, 35940561, 35290153, 34522728, 34422830, 35185547, 35754958, 34695603, 34466749, 35339543, 36509565, 35264229, 34827332, 35745519
interval_timer.totalHiddenDCacheLatency = 2342984950, 20528444, 39451759, 20601994, 20382262, 20169020, 20120177, 20394271, 20611260, 20255036, 20112766, 20410130, 20784342, 20373244, 20150345, 20585941
interval_timer.totalHiddenLongerDCacheLatency = 382191569, 4261568, 8322590, 4243666, 4223657, 4253444, 4236588, 4266686, 4276223, 4273618, 4248430, 4254166, 4216280, 4222159, 4144602, 4236374
interval_timer.totalMfenceLatency = 0, 0, 0, 0, 0, 0, 0, 0, 0, 0, 0, 0, 0, 0, 0, 0
interval_timer.totalSerializationLatency = 330, 0, 0, 0, 0, 0, 0, 0, 0, 0, 0, 0, 0, 0, 0, 0
interval_timer.uop_branch = 252811280, 1493262, 2978652, 1487413, 1485589, 1492569, 1489259, 1489842, 1491415, 1490924, 1489045, 1486472, 1483624, 1489631, 1481524, 1489039
interval_timer.uop_fp_addsub = 2192779, 1213470, 2407088, 1196582, 1193101, 1210261, 1203527, 1198412, 1209071, 1206327, 1200256, 1197018, 1195119, 1198977, 1186354, 1199350
interval_timer.uop_fp_muldiv = 3, 152959, 305081, 150892, 152311, 151668, 152344, 150896, 153444, 151679, 151852, 151046, 152353, 150885, 150645, 150500
interval_timer.uop_generic = 691410825, 9484537, 18882106, 9416489, 9395938, 9472869, 9436010, 9430480, 9458542, 9463635, 9437684, 9408607, 9387702, 9431896, 9363231, 9432749
interval_timer.uop_load = 380606194, 4466201, 8881602, 4426371, 4415268, 4459858, 4440303, 4432715, 4453272, 4450662, 4435116, 4425301, 4415639, 4433553, 4397932, 4434614
interval_timer.uop_store = 150251210, 1163744, 2324724, 1161433, 1161072, 1163249, 1161812, 1162978, 1163141, 1163019, 1162568, 1160321, 1158787, 1162783, 1158405, 1162226
interval_timer.uops_pause = 0, 0, 0, 0, 0, 0, 0, 0, 0, 0, 0, 0, 0, 0, 0, 0
interval_timer.uops_total = 1477272291, 17974173, 35779253, 17839180, 17803279, 17950474, 17883255, 17865323, 17928885, 17926246, 17876521, 17828765, 17793224, 17867725, 17738091, 17868478
interval_timer.uops_x87 = 0, 0, 0, 0, 0, 0, 0, 0, 0, 0, 0, 0, 0, 0, 0, 0
ipc = 0.0385806006161
itlb.access = 191066870, 1843841, 3677254, 1834817, 1832568, 1842157, 1837715, 1838225, 1840933, 1840726, 1838059, 1833484, 1830419, 1838023, 1826931, 1837140
itlb.miss = 175, 38, 38, 38, 38, 38, 38, 38, 38, 38, 38, 38, 38, 38, 38, 38
itlb_cache.access-mru-0 = 176375328, 1794791, 3578989, 1785717, 1783374, 1793026, 1788458, 1788857, 1791651, 1791662, 1788971, 1784438, 1781355, 1788641, 1777957, 1787912
itlb_cache.access-mru-1 = 10445272, 49011, 98226, 49061, 49155, 49092, 49218, 49329, 49243, 49025, 49049, 49007, 49025, 49343, 48935, 49189
itlb_cache.access-mru-2 = 4245062, 1, 1, 1, 1, 1, 1, 1, 1, 1, 1, 1, 1, 1, 1, 1
itlb_cache.access-mru-3 = 1033, 0, 0, 0, 0, 0, 0, 0, 0, 0, 0, 0, 0, 0, 0, 0
L1-D.access-mru-0 = 453898681, 4951310, 9850726, 4919098, 4904497, 4941295, 4928581, 4920128, 4937443, 4935537, 4925596, 4915808, 4903434, 4923422, 4886054, 4921787
L1-D.access-mru-1 = 28497206, 249446, 502295, 245279, 248959, 252763, 247679, 250906, 250462, 250780, 248085, 246431, 247716, 248910, 249147, 250108
L1-D.access-mru-2 = 6890738, 31326, 62704, 30691, 30786, 31443, 30814, 30866, 31577, 30925, 30251, 30443, 30929, 30409, 30715, 30811
L1-D.access-mru-3 = 880811, 4097, 7968, 3988, 4015, 4261, 4097, 4145, 4224, 3980, 3853, 3906, 3864, 3991, 4005, 3873
L1-D.backinval-D = 0, 0, 0, 0, 0, 0, 0, 0, 0, 0, 0, 0, 0, 0, 0, 0
L1-D.backinval-E = 29598344, 161659, 340823, 158766, 157961, 160674, 159970, 159051, 160330, 160423, 159306, 159206, 158979, 159067, 157695, 159307
L1-D.backinval-I = 0, 0, 0, 0, 0, 0, 0, 0, 0, 0, 0, 0, 0, 0, 0, 0
L1-D.backinval-M = 7347384, 154541, 312303, 152518, 152630, 154719, 153341, 153471, 154397, 154495, 153130, 152730, 152281, 152913, 151996, 153532
L1-D.backinval-O = 0, 0, 0, 0, 0, 0, 0, 0, 0, 0, 0, 0, 0, 0, 0, 0
L1-D.backinval-S = 130040, 68710, 116626, 68396, 68550, 68966, 68696, 68155, 68904, 68743, 68633, 68156, 68240, 68634, 68040, 68434
L1-D.backinval-u = 0, 0, 0, 0, 0, 0, 0, 0, 0, 0, 0, 0, 0, 0, 0, 0
L1-D.coherency-downgrades = 183, 19972, 19238, 19911, 19921, 19768, 19986, 19762, 19684, 19763, 20041, 19903, 19864, 19746, 19618, 19845
L1-D.coherency-invalidates = 57, 756, 1009, 872, 801, 651, 694, 771, 861, 716, 694, 779, 898, 754, 748, 865
L1-D.coherency-upgrades = 0, 0, 0, 0, 0, 0, 0, 0, 0, 0, 0, 0, 0, 0, 0, 0
L1-D.coherency-writebacks = 47, 3823, 3636, 3971, 3886, 4013, 3908, 3902, 3899, 3813, 3836, 3831, 3894, 3924, 3838, 3871
L1-D.evict-D = 0, 0, 0, 0, 0, 0, 0, 0, 0, 0, 0, 0, 0, 0, 0, 0
L1-D.evict-E = 0, 0, 0, 0, 0, 0, 0, 0, 0, 0, 0, 0, 0, 0, 0, 0
L1-D.evict-I = 0, 0, 0, 0, 0, 0, 0, 0, 0, 0, 0, 0, 0, 0, 0, 0
L1-D.evict-M = 0, 0, 0, 0, 0, 0, 0, 0, 0, 0, 0, 0, 0, 0, 0, 0
L1-D.evict-O = 0, 0, 0, 0, 0, 0, 0, 0, 0, 0, 0, 0, 0, 0, 0, 0
L1-D.evict-prefetch = 0, 0, 0, 0, 0, 0, 0, 0, 0, 0, 0, 0, 0, 0, 0, 0
L1-D.evict-S = 0, 0, 0, 0, 0, 0, 0, 0, 0, 0, 0, 0, 0, 0, 0, 0
L1-D.evict-u = 0, 0, 0, 0, 0, 0, 0, 0, 0, 0, 0, 0, 0, 0, 0, 0
L1-D.evict-warmup = 0, 0, 0, 0, 0, 0, 0, 0, 0, 0, 0, 0, 0, 0, 0, 0
L1-D.hits-prefetch = 0, 0, 0, 0, 0, 0, 0, 0, 0, 0, 0, 0, 0, 0, 0, 0
L1-D.hits-warmup = 0, 0, 0, 0, 0, 0, 0, 0, 0, 0, 0, 0, 0, 0, 0, 0
L1-D.invalidate-prefetch = 0, 0, 0, 0, 0, 0, 0, 0, 0, 0, 0, 0, 0, 0, 0, 0
L1-D.invalidate-warmup = 0, 0, 0, 0, 0, 0, 0, 0, 0, 0, 0, 0, 0, 0, 0, 0
L1-D.load-misses = 35293133, 388721, 771360, 383718, 382483, 387683, 385869, 384054, 387124, 386809, 384753, 383991, 383420, 384615, 380852, 384773
L1-D.load-misses-D = 0, 0, 0, 0, 0, 0, 0, 0, 0, 0, 0, 0, 0, 0, 0, 0
L1-D.load-misses-E = 61751, 1875, 3867, 1930, 1910, 1978, 1967, 1946, 1972, 1916, 1935, 1937, 1875, 1935, 1843, 1928
L1-D.load-misses-I = 35231352, 386704, 767282, 381651, 380422, 385561, 383767, 381970, 385031, 384746, 382676, 381902, 381422, 382543, 378862, 382720
L1-D.load-misses-M = 0, 0, 0, 0, 0, 0, 0, 0, 0, 0, 0, 0, 0, 0, 0, 0
L1-D.load-misses-O = 0, 0, 0, 0, 0, 0, 0, 0, 0, 0, 0, 0, 0, 0, 0, 0
L1-D.load-misses-S = 30, 142, 211, 137, 151, 144, 135, 138, 121, 147, 142, 152, 123, 137, 147, 125
L1-D.load-misses-u = 0, 0, 0, 0, 0, 0, 0, 0, 0, 0, 0, 0, 0, 0, 0, 0
L1-D.load-overlapping-misses = 0, 0, 0, 0, 0, 0, 0, 0, 0, 0, 0, 0, 0, 0, 0, 0
L1-D.loads = 380953792, 4472515, 8894307, 4432762, 4421659, 4466172, 4446617, 4439106, 4459586, 4457053, 4441507, 4431615, 4421953, 4439944, 4404323, 4441005
L1-D.loads-D = 0, 0, 0, 0, 0, 0, 0, 0, 0, 0, 0, 0, 0, 0, 0, 0
L1-D.loads-E = 148567698, 2090277, 4160392, 2057415, 2045906, 2083427, 2079285, 2065328, 2079830, 2077971, 2063487, 2062801, 2060414, 2063060, 2042084, 2064454
L1-D.loads-I = 35231352, 386704, 767282, 381651, 380422, 385561, 383767, 381970, 385031, 384746, 382676, 381902, 381422, 382543, 378862, 382720
L1-D.loads-M = 193056486, 1106740, 2217963, 1109664, 1109257, 1109257, 1107698, 1109328, 1109533, 1108315, 1110459, 1107695, 1103576, 1109187, 1104345, 1107987
L1-D.loads-O = 0, 0, 0, 0, 0, 0, 0, 0, 0, 0, 0, 0, 0, 0, 0, 0
L1-D.loads-prefetch = 0, 0, 0, 0, 0, 0, 0, 0, 0, 0, 0, 0, 0, 0, 0, 0
L1-D.loads-S = 4098256, 888794, 1748670, 884032, 886074, 887927, 875867, 882480, 885192, 886021, 884885, 879217, 876541, 885154, 879032, 885844
L1-D.loads-u = 0, 0, 0, 0, 0, 0, 0, 0, 0, 0, 0, 0, 0, 0, 0, 0
L1-D.loads-where-cache-remote = 1584, 18664, 33362, 18752, 18700, 18979, 18713, 18642, 18872, 18921, 18656, 18602, 18690, 18819, 18585, 18665
L1-D.loads-where-dram = 0, 0, 0, 0, 0, 0, 0, 0, 0, 0, 0, 0, 0, 0, 0, 0
L1-D.loads-where-dram-cache = 0, 0, 0, 0, 0, 0, 0, 0, 0, 0, 0, 0, 0, 0, 0, 0
L1-D.loads-where-dram-local = 545847, 0, 0, 0, 8123, 0, 0, 0, 8063, 0, 0, 0, 8196, 0, 0, 0
L1-D.loads-where-dram-remote = 1637884, 32880, 61788, 32352, 24600, 32709, 32189, 32241, 24179, 32333, 32433, 32484, 24539, 32240, 31928, 32113
L1-D.loads-where-L1 = 345660659, 4083794, 8122947, 4049044, 4039176, 4078489, 4060748, 4055052, 4072462, 4070244, 4056754, 4047624, 4038533, 4055329, 4023471, 4056232
L1-D.loads-where-L1_S = 0, 0, 0, 0, 0, 0, 0, 0, 0, 0, 0, 0, 0, 0, 0, 0
L1-D.loads-where-L1I = 0, 0, 0, 0, 0, 0, 0, 0, 0, 0, 0, 0, 0, 0, 0, 0
L1-D.loads-where-L2 = 1603153, 147495, 292507, 145574, 145023, 147285, 146349, 145894, 146839, 146748, 145933, 145690, 145246, 145941, 144397, 146007
L1-D.loads-where-L2_S = 0, 0, 0, 0, 0, 0, 0, 0, 0, 0, 0, 0, 0, 0, 0, 0
L1-D.loads-where-L3 = 0, 0, 0, 0, 0, 0, 0, 0, 0, 0, 0, 0, 0, 0, 0, 0
L1-D.loads-where-L3_S = 0, 0, 0, 0, 0, 0, 0, 0, 0, 0, 0, 0, 0, 0, 0, 0
L1-D.loads-where-L4 = 0, 0, 0, 0, 0, 0, 0, 0, 0, 0, 0, 0, 0, 0, 0, 0
L1-D.loads-where-L4_S = 0, 0, 0, 0, 0, 0, 0, 0, 0, 0, 0, 0, 0, 0, 0, 0
L1-D.loads-where-miss = 0, 0, 0, 0, 0, 0, 0, 0, 0, 0, 0, 0, 0, 0, 0, 0
L1-D.loads-where-nuca-cache = 0, 0, 0, 0, 0, 0, 0, 0, 0, 0, 0, 0, 0, 0, 0, 0
L1-D.loads-where-nuca-local = 2107987, 13081, 24505, 11329, 13045, 10590, 10464, 11411, 10808, 11918, 10165, 10884, 12190, 11968, 15120, 10456
L1-D.loads-where-nuca-remote = 29396678, 176601, 359198, 175711, 172992, 178120, 178154, 175866, 178363, 176889, 177566, 176331, 174559, 175647, 170822, 177532
L1-D.loads-where-predicate-false = 0, 0, 0, 0, 0, 0, 0, 0, 0, 0, 0, 0, 0, 0, 0, 0
L1-D.loads-where-prefetch-no-mapping = 0, 0, 0, 0, 0, 0, 0, 0, 0, 0, 0, 0, 0, 0, 0, 0
L1-D.loads-where-unknown = 0, 0, 0, 0, 0, 0, 0, 0, 0, 0, 0, 0, 0, 0, 0, 0
L1-D.mshr-latency = 0, 0, 0, 0, 0, 0, 0, 0, 0, 0, 0, 0, 0, 0, 0, 0
L1-D.next_read.no-free-slots = 0, 0, 0, 0, 0, 0, 0, 0, 0, 0, 0, 0, 0, 0, 0, 0
L1-D.next_read.num-barriers = 0, 0, 0, 0, 0, 0, 0, 0, 0, 0, 0, 0, 0, 0, 0, 0
L1-D.next_read.num-requests = 0, 0, 0, 0, 0, 0, 0, 0, 0, 0, 0, 0, 0, 0, 0, 0
L1-D.next_read.requests-out-of-order = 0, 0, 0, 0, 0, 0, 0, 0, 0, 0, 0, 0, 0, 0, 0, 0
L1-D.next_read.requests-simultaneous = 0, 0, 0, 0, 0, 0, 0, 0, 0, 0, 0, 0, 0, 0, 0, 0
L1-D.next_read.total-barrier-delay = 0, 0, 0, 0, 0, 0, 0, 0, 0, 0, 0, 0, 0, 0, 0, 0
L1-D.next_read.total-delay = 0, 0, 0, 0, 0, 0, 0, 0, 0, 0, 0, 0, 0, 0, 0, 0
L1-D.prefetches = 0, 0, 0, 0, 0, 0, 0, 0, 0, 0, 0, 0, 0, 0, 0, 0
L1-D.qbs-query-latency = 0, 0, 0, 0, 0, 0, 0, 0, 0, 0, 0, 0, 0, 0, 0, 0
L1-D.snoop-latency = 0, 0, 0, 0, 0, 0, 0, 0, 0, 0, 0, 0, 0, 0, 0, 0
L1-D.store-misses = 5744437, 11359, 23978, 11421, 11991, 11976, 11389, 11985, 11897, 12041, 11537, 11357, 11377, 11380, 11955, 11879
L1-D.store-misses-D = 0, 0, 0, 0, 0, 0, 0, 0, 0, 0, 0, 0, 0, 0, 0, 0
L1-D.store-misses-E = 3899243, 8272, 16553, 8262, 8286, 8226, 8249, 8305, 8237, 8298, 8315, 8269, 8215, 8329, 8223, 8292
L1-D.store-misses-I = 1844864, 3035, 7375, 3115, 3656, 3702, 3093, 3638, 3618, 3696, 3175, 3049, 3123, 3006, 3686, 3543
L1-D.store-misses-M = 0, 0, 0, 0, 0, 0, 0, 0, 0, 0, 0, 0, 0, 0, 0, 0
L1-D.store-misses-O = 0, 0, 0, 0, 0, 0, 0, 0, 0, 0, 0, 0, 0, 0, 0, 0
L1-D.store-misses-S = 330, 52, 50, 44, 49, 48, 47, 42, 42, 47, 47, 39, 39, 45, 46, 44
L1-D.store-misses-u = 0, 0, 0, 0, 0, 0, 0, 0, 0, 0, 0, 0, 0, 0, 0, 0
L1-D.store-overlapping-misses = 0, 0, 0, 0, 0, 0, 0, 0, 0, 0, 0, 0, 0, 0, 0, 0
L1-D.stores = 150251214, 1163744, 2324724, 1161433, 1161072, 1163249, 1161812, 1162978, 1163141, 1163019, 1162568, 1160321, 1158787, 1162783, 1158405, 1162226
L1-D.stores-D = 0, 0, 0, 0, 0, 0, 0, 0, 0, 0, 0, 0, 0, 0, 0, 0
L1-D.stores-E = 3899243, 8272, 16553, 8262, 8286, 8226, 8249, 8305, 8237, 8298, 8315, 8269, 8215, 8329, 8223, 8292
L1-D.stores-I = 1844864, 3035, 7375, 3115, 3656, 3702, 3093, 3638, 3618, 3696, 3175, 3049, 3123, 3006, 3686, 3543
L1-D.stores-M = 144506777, 1152385, 2300746, 1150012, 1149081, 1151273, 1150423, 1150993, 1151244, 1150978, 1151031, 1148964, 1147410, 1151403, 1146450, 1150347
L1-D.stores-O = 0, 0, 0, 0, 0, 0, 0, 0, 0, 0, 0, 0, 0, 0, 0, 0
L1-D.stores-prefetch = 0, 0, 0, 0, 0, 0, 0, 0, 0, 0, 0, 0, 0, 0, 0, 0
L1-D.stores-S = 330, 52, 50, 44, 49, 48, 47, 42, 42, 47, 47, 39, 39, 45, 46, 44
L1-D.stores-u = 0, 0, 0, 0, 0, 0, 0, 0, 0, 0, 0, 0, 0, 0, 0, 0
L1-D.stores-where-cache-remote = 0, 0, 0, 0, 0, 0, 0, 0, 0, 0, 0, 0, 0, 0, 0, 0
L1-D.stores-where-dram = 0, 0, 0, 0, 0, 0, 0, 0, 0, 0, 0, 0, 0, 0, 0, 0
L1-D.stores-where-dram-cache = 0, 0, 0, 0, 0, 0, 0, 0, 0, 0, 0, 0, 0, 0, 0, 0
L1-D.stores-where-dram-local = 0, 0, 0, 0, 0, 0, 0, 0, 0, 0, 0, 0, 0, 0, 0, 0
L1-D.stores-where-dram-remote = 0, 0, 0, 0, 0, 0, 0, 0, 0, 0, 0, 0, 0, 0, 0, 0
L1-D.stores-where-L1 = 144506777, 1152385, 2300746, 1150012, 1149081, 1151273, 1150423, 1150993, 1151244, 1150978, 1151031, 1148964, 1147410, 1151403, 1146450, 1150347
L1-D.stores-where-L1_S = 0, 0, 0, 0, 0, 0, 0, 0, 0, 0, 0, 0, 0, 0, 0, 0
L1-D.stores-where-L1I = 0, 0, 0, 0, 0, 0, 0, 0, 0, 0, 0, 0, 0, 0, 0, 0
L1-D.stores-where-L2 = 5744437, 11359, 23978, 11421, 11991, 11976, 11389, 11985, 11897, 12041, 11537, 11357, 11377, 11380, 11955, 11879
L1-D.stores-where-L2_S = 0, 0, 0, 0, 0, 0, 0, 0, 0, 0, 0, 0, 0, 0, 0, 0
L1-D.stores-where-L3 = 0, 0, 0, 0, 0, 0, 0, 0, 0, 0, 0, 0, 0, 0, 0, 0
L1-D.stores-where-L3_S = 0, 0, 0, 0, 0, 0, 0, 0, 0, 0, 0, 0, 0, 0, 0, 0
L1-D.stores-where-L4 = 0, 0, 0, 0, 0, 0, 0, 0, 0, 0, 0, 0, 0, 0, 0, 0
L1-D.stores-where-L4_S = 0, 0, 0, 0, 0, 0, 0, 0, 0, 0, 0, 0, 0, 0, 0, 0
L1-D.stores-where-miss = 0, 0, 0, 0, 0, 0, 0, 0, 0, 0, 0, 0, 0, 0, 0, 0
L1-D.stores-where-nuca-cache = 0, 0, 0, 0, 0, 0, 0, 0, 0, 0, 0, 0, 0, 0, 0, 0
L1-D.stores-where-nuca-local = 0, 0, 0, 0, 0, 0, 0, 0, 0, 0, 0, 0, 0, 0, 0, 0
L1-D.stores-where-nuca-remote = 0, 0, 0, 0, 0, 0, 0, 0, 0, 0, 0, 0, 0, 0, 0, 0
L1-D.stores-where-predicate-false = 0, 0, 0, 0, 0, 0, 0, 0, 0, 0, 0, 0, 0, 0, 0, 0
L1-D.stores-where-prefetch-no-mapping = 0, 0, 0, 0, 0, 0, 0, 0, 0, 0, 0, 0, 0, 0, 0, 0
L1-D.stores-where-unknown = 0, 0, 0, 0, 0, 0, 0, 0, 0, 0, 0, 0, 0, 0, 0, 0
L1-D.total-latency = 971888010338463, 11120571285452, 20631252818361, 11393674605568, 11157708997645, 10841382331954, 10803769299378, 11116776596516, 11313033671941, 10912764997914, 10830217697420, 11166649968426, 11616203975810, 11134315191470, 11006404462109, 11324160964281
L1-I.access-mru-0 = 132132239, 1549473, 3089503, 1541092, 1539666, 1546928, 1542636, 1543529, 1545929, 1546340, 1544411, 1540347, 1536998, 1542891, 1534558, 1542505
L1-I.access-mru-1 = 30491928, 251279, 502018, 251539, 250286, 252070, 252255, 252061, 251770, 251297, 250946, 250778, 251084, 252803, 249919, 251927
L1-I.access-mru-2 = 6911739, 93, 256, 118, 104, 103, 110, 107, 107, 116, 94, 106, 102, 100, 114, 113
L1-I.access-mru-3 = 247126, 0, 0, 0, 0, 0, 0, 0, 0, 0, 0, 0, 0, 0, 0, 0
L1-I.backinval-D = 0, 0, 0, 0, 0, 0, 0, 0, 0, 0, 0, 0, 0, 0, 0, 0
L1-I.backinval-E = 21256369, 113, 1369, 174, 882, 224, 116, 226, 215, 387, 593, 144, 221, 272, 182, 147
L1-I.backinval-I = 0, 0, 0, 0, 0, 0, 0, 0, 0, 0, 0, 0, 0, 0, 0, 0
L1-I.backinval-M = 0, 0, 0, 0, 0, 0, 0, 0, 0, 0, 0, 0, 0, 0, 0, 0
L1-I.backinval-O = 0, 0, 0, 0, 0, 0, 0, 0, 0, 0, 0, 0, 0, 0, 0, 0
L1-I.backinval-S = 27301, 42770, 83994, 41776, 41517, 42713, 42480, 42193, 42795, 42472, 41905, 41999, 41904, 41850, 42048, 42334
L1-I.backinval-u = 0, 0, 0, 0, 0, 0, 0, 0, 0, 0, 0, 0, 0, 0, 0, 0
L1-I.coherency-downgrades = 60, 343, 373, 472, 552, 266, 304, 705, 306, 691, 541, 326, 168, 408, 343, 245
L1-I.coherency-invalidates = 0, 0, 0, 0, 0, 0, 0, 0, 0, 0, 0, 0, 0, 0, 0, 0
L1-I.coherency-upgrades = 0, 0, 0, 0, 0, 0, 0, 0, 0, 0, 0, 0, 0, 0, 0, 0
L1-I.coherency-writebacks = 0, 0, 0, 0, 0, 0, 0, 0, 0, 0, 0, 0, 0, 0, 0, 0
L1-I.evict-D = 0, 0, 0, 0, 0, 0, 0, 0, 0, 0, 0, 0, 0, 0, 0, 0
L1-I.evict-E = 0, 0, 0, 0, 0, 0, 0, 0, 0, 0, 0, 0, 0, 0, 0, 0
L1-I.evict-I = 0, 0, 0, 0, 0, 0, 0, 0, 0, 0, 0, 0, 0, 0, 0, 0
L1-I.evict-M = 0, 0, 0, 0, 0, 0, 0, 0, 0, 0, 0, 0, 0, 0, 0, 0
L1-I.evict-O = 0, 0, 0, 0, 0, 0, 0, 0, 0, 0, 0, 0, 0, 0, 0, 0
L1-I.evict-prefetch = 0, 0, 0, 0, 0, 0, 0, 0, 0, 0, 0, 0, 0, 0, 0, 0
L1-I.evict-S = 0, 0, 0, 0, 0, 0, 0, 0, 0, 0, 0, 0, 0, 0, 0, 0
L1-I.evict-u = 0, 0, 0, 0, 0, 0, 0, 0, 0, 0, 0, 0, 0, 0, 0, 0
L1-I.evict-warmup = 0, 0, 0, 0, 0, 0, 0, 0, 0, 0, 0, 0, 0, 0, 0, 0
L1-I.hits-prefetch = 0, 0, 0, 0, 0, 0, 0, 0, 0, 0, 0, 0, 0, 0, 0, 0
L1-I.hits-warmup = 0, 0, 0, 0, 0, 0, 0, 0, 0, 0, 0, 0, 0, 0, 0, 0
L1-I.invalidate-prefetch = 0, 0, 0, 0, 0, 0, 0, 0, 0, 0, 0, 0, 0, 0, 0, 0
L1-I.invalidate-warmup = 0, 0, 0, 0, 0, 0, 0, 0, 0, 0, 0, 0, 0, 0, 0, 0
L1-I.load-misses = 21283838, 42996, 85477, 42068, 42512, 43056, 42714, 42528, 43127, 42973, 42608, 42253, 42235, 42229, 42340, 42595
L1-I.load-misses-D = 0, 0, 0, 0, 0, 0, 0, 0, 0, 0, 0, 0, 0, 0, 0, 0
L1-I.load-misses-E = 0, 0, 0, 0, 0, 0, 0, 0, 0, 0, 0, 0, 0, 0, 0, 0
L1-I.load-misses-I = 21283838, 42996, 85477, 42068, 42512, 43056, 42714, 42528, 43127, 42973, 42608, 42253, 42235, 42229, 42340, 42595
L1-I.load-misses-M = 0, 0, 0, 0, 0, 0, 0, 0, 0, 0, 0, 0, 0, 0, 0, 0
L1-I.load-misses-O = 0, 0, 0, 0, 0, 0, 0, 0, 0, 0, 0, 0, 0, 0, 0, 0
L1-I.load-misses-S = 0, 0, 0, 0, 0, 0, 0, 0, 0, 0, 0, 0, 0, 0, 0, 0
L1-I.load-misses-u = 0, 0, 0, 0, 0, 0, 0, 0, 0, 0, 0, 0, 0, 0, 0, 0
L1-I.load-overlapping-misses = 0, 0, 0, 0, 0, 0, 0, 0, 0, 0, 0, 0, 0, 0, 0, 0
L1-I.loads = 191066870, 1843841, 3677254, 1834817, 1832568, 1842157, 1837715, 1838225, 1840933, 1840726, 1838059, 1833484, 1830419, 1838023, 1826931, 1837140
L1-I.loads-D = 0, 0, 0, 0, 0, 0, 0, 0, 0, 0, 0, 0, 0, 0, 0, 0
L1-I.loads-E = 165596981, 8784, 36589, 14054, 36397, 9563, 8218, 21795, 11072, 25914, 26536, 9815, 7860, 14839, 10592, 8104
L1-I.loads-I = 21283838, 42996, 85477, 42068, 42512, 43056, 42714, 42528, 43127, 42973, 42608, 42253, 42235, 42229, 42340, 42595
L1-I.loads-M = 0, 0, 0, 0, 0, 0, 0, 0, 0, 0, 0, 0, 0, 0, 0, 0
L1-I.loads-O = 0, 0, 0, 0, 0, 0, 0, 0, 0, 0, 0, 0, 0, 0, 0, 0
L1-I.loads-prefetch = 0, 0, 0, 0, 0, 0, 0, 0, 0, 0, 0, 0, 0, 0, 0, 0
L1-I.loads-S = 4186051, 1792061, 3555188, 1778695, 1753659, 1789538, 1786783, 1773902, 1786734, 1771839, 1768915, 1781416, 1780324, 1780955, 1773999, 1786441
L1-I.loads-u = 0, 0, 0, 0, 0, 0, 0, 0, 0, 0, 0, 0, 0, 0, 0, 0
L1-I.loads-where-cache-remote = 1, 510, 404, 404, 210, 272, 322, 445, 344, 455, 654, 504, 275, 462, 552, 287
L1-I.loads-where-dram = 0, 0, 0, 0, 0, 0, 0, 0, 0, 0, 0, 0, 0, 0, 0, 0
L1-I.loads-where-dram-cache = 0, 0, 0, 0, 0, 0, 0, 0, 0, 0, 0, 0, 0, 0, 0, 0
L1-I.loads-where-dram-local = 606, 0, 0, 0, 3, 0, 0, 0, 0, 0, 0, 0, 0, 0, 0, 0
L1-I.loads-where-dram-remote = 1819, 113, 13, 14, 11, 30, 5, 11, 0, 57, 10, 46, 0, 0, 3, 1
L1-I.loads-where-L1 = 0, 0, 0, 0, 0, 0, 0, 0, 0, 0, 0, 0, 0, 0, 0, 0
L1-I.loads-where-L1_S = 0, 0, 0, 0, 0, 0, 0, 0, 0, 0, 0, 0, 0, 0, 0, 0
L1-I.loads-where-L1I = 169783032, 1800845, 3591777, 1792749, 1790056, 1799101, 1795001, 1795697, 1797806, 1797753, 1795451, 1791231, 1788184, 1795794, 1784591, 1794545
L1-I.loads-where-L2 = 0, 0, 0, 0, 0, 0, 0, 0, 0, 0, 0, 0, 0, 0, 0, 0
L1-I.loads-where-L2_S = 0, 0, 0, 0, 0, 0, 0, 0, 0, 0, 0, 0, 0, 0, 0, 0
L1-I.loads-where-L3 = 0, 0, 0, 0, 0, 0, 0, 0, 0, 0, 0, 0, 0, 0, 0, 0
L1-I.loads-where-L3_S = 0, 0, 0, 0, 0, 0, 0, 0, 0, 0, 0, 0, 0, 0, 0, 0
L1-I.loads-where-L4 = 0, 0, 0, 0, 0, 0, 0, 0, 0, 0, 0, 0, 0, 0, 0, 0
L1-I.loads-where-L4_S = 0, 0, 0, 0, 0, 0, 0, 0, 0, 0, 0, 0, 0, 0, 0, 0
L1-I.loads-where-miss = 0, 0, 0, 0, 0, 0, 0, 0, 0, 0, 0, 0, 0, 0, 0, 0
L1-I.loads-where-nuca-cache = 0, 0, 0, 0, 0, 0, 0, 0, 0, 0, 0, 0, 0, 0, 0, 0
L1-I.loads-where-nuca-local = 991969, 2346, 6783, 2696, 5050, 4288, 2450, 2416, 2421, 2135, 1770, 198, 882, 2499, 5417, 2442
L1-I.loads-where-nuca-remote = 20289443, 40027, 78277, 38954, 37238, 38466, 39937, 39656, 40362, 40326, 40174, 41505, 41078, 39268, 36368, 39865
L1-I.loads-where-predicate-false = 0, 0, 0, 0, 0, 0, 0, 0, 0, 0, 0, 0, 0, 0, 0, 0
L1-I.loads-where-prefetch-no-mapping = 0, 0, 0, 0, 0, 0, 0, 0, 0, 0, 0, 0, 0, 0, 0, 0
L1-I.loads-where-unknown = 0, 0, 0, 0, 0, 0, 0, 0, 0, 0, 0, 0, 0, 0, 0, 0
L1-I.mshr-latency = 0, 0, 0, 0, 0, 0, 0, 0, 0, 0, 0, 0, 0, 0, 0, 0
L1-I.next_read.no-free-slots = 0, 0, 0, 0, 0, 0, 0, 0, 0, 0, 0, 0, 0, 0, 0, 0
L1-I.next_read.num-barriers = 0, 0, 0, 0, 0, 0, 0, 0, 0, 0, 0, 0, 0, 0, 0, 0
L1-I.next_read.num-requests = 0, 0, 0, 0, 0, 0, 0, 0, 0, 0, 0, 0, 0, 0, 0, 0
L1-I.next_read.requests-out-of-order = 0, 0, 0, 0, 0, 0, 0, 0, 0, 0, 0, 0, 0, 0, 0, 0
L1-I.next_read.requests-simultaneous = 0, 0, 0, 0, 0, 0, 0, 0, 0, 0, 0, 0, 0, 0, 0, 0
L1-I.next_read.total-barrier-delay = 0, 0, 0, 0, 0, 0, 0, 0, 0, 0, 0, 0, 0, 0, 0, 0
L1-I.next_read.total-delay = 0, 0, 0, 0, 0, 0, 0, 0, 0, 0, 0, 0, 0, 0, 0, 0
L1-I.prefetches = 0, 0, 0, 0, 0, 0, 0, 0, 0, 0, 0, 0, 0, 0, 0, 0
L1-I.qbs-query-latency = 0, 0, 0, 0, 0, 0, 0, 0, 0, 0, 0, 0, 0, 0, 0, 0
L1-I.snoop-latency = 0, 0, 0, 0, 0, 0, 0, 0, 0, 0, 0, 0, 0, 0, 0, 0
L1-I.store-misses = 0, 0, 0, 0, 0, 0, 0, 0, 0, 0, 0, 0, 0, 0, 0, 0
L1-I.store-misses-D = 0, 0, 0, 0, 0, 0, 0, 0, 0, 0, 0, 0, 0, 0, 0, 0
L1-I.store-misses-E = 0, 0, 0, 0, 0, 0, 0, 0, 0, 0, 0, 0, 0, 0, 0, 0
L1-I.store-misses-I = 0, 0, 0, 0, 0, 0, 0, 0, 0, 0, 0, 0, 0, 0, 0, 0
L1-I.store-misses-M = 0, 0, 0, 0, 0, 0, 0, 0, 0, 0, 0, 0, 0, 0, 0, 0
L1-I.store-misses-O = 0, 0, 0, 0, 0, 0, 0, 0, 0, 0, 0, 0, 0, 0, 0, 0
L1-I.store-misses-S = 0, 0, 0, 0, 0, 0, 0, 0, 0, 0, 0, 0, 0, 0, 0, 0
L1-I.store-misses-u = 0, 0, 0, 0, 0, 0, 0, 0, 0, 0, 0, 0, 0, 0, 0, 0
L1-I.store-overlapping-misses = 0, 0, 0, 0, 0, 0, 0, 0, 0, 0, 0, 0, 0, 0, 0, 0
L1-I.stores = 0, 0, 0, 0, 0, 0, 0, 0, 0, 0, 0, 0, 0, 0, 0, 0
L1-I.stores-D = 0, 0, 0, 0, 0, 0, 0, 0, 0, 0, 0, 0, 0, 0, 0, 0
L1-I.stores-E = 0, 0, 0, 0, 0, 0, 0, 0, 0, 0, 0, 0, 0, 0, 0, 0
L1-I.stores-I = 0, 0, 0, 0, 0, 0, 0, 0, 0, 0, 0, 0, 0, 0, 0, 0
L1-I.stores-M = 0, 0, 0, 0, 0, 0, 0, 0, 0, 0, 0, 0, 0, 0, 0, 0
L1-I.stores-O = 0, 0, 0, 0, 0, 0, 0, 0, 0, 0, 0, 0, 0, 0, 0, 0
L1-I.stores-prefetch = 0, 0, 0, 0, 0, 0, 0, 0, 0, 0, 0, 0, 0, 0, 0, 0
L1-I.stores-S = 0, 0, 0, 0, 0, 0, 0, 0, 0, 0, 0, 0, 0, 0, 0, 0
L1-I.stores-u = 0, 0, 0, 0, 0, 0, 0, 0, 0, 0, 0, 0, 0, 0, 0, 0
L1-I.stores-where-cache-remote = 0, 0, 0, 0, 0, 0, 0, 0, 0, 0, 0, 0, 0, 0, 0, 0
L1-I.stores-where-dram = 0, 0, 0, 0, 0, 0, 0, 0, 0, 0, 0, 0, 0, 0, 0, 0
L1-I.stores-where-dram-cache = 0, 0, 0, 0, 0, 0, 0, 0, 0, 0, 0, 0, 0, 0, 0, 0
L1-I.stores-where-dram-local = 0, 0, 0, 0, 0, 0, 0, 0, 0, 0, 0, 0, 0, 0, 0, 0
L1-I.stores-where-dram-remote = 0, 0, 0, 0, 0, 0, 0, 0, 0, 0, 0, 0, 0, 0, 0, 0
L1-I.stores-where-L1 = 0, 0, 0, 0, 0, 0, 0, 0, 0, 0, 0, 0, 0, 0, 0, 0
L1-I.stores-where-L1_S = 0, 0, 0, 0, 0, 0, 0, 0, 0, 0, 0, 0, 0, 0, 0, 0
L1-I.stores-where-L1I = 0, 0, 0, 0, 0, 0, 0, 0, 0, 0, 0, 0, 0, 0, 0, 0
L1-I.stores-where-L2 = 0, 0, 0, 0, 0, 0, 0, 0, 0, 0, 0, 0, 0, 0, 0, 0
L1-I.stores-where-L2_S = 0, 0, 0, 0, 0, 0, 0, 0, 0, 0, 0, 0, 0, 0, 0, 0
L1-I.stores-where-L3 = 0, 0, 0, 0, 0, 0, 0, 0, 0, 0, 0, 0, 0, 0, 0, 0
L1-I.stores-where-L3_S = 0, 0, 0, 0, 0, 0, 0, 0, 0, 0, 0, 0, 0, 0, 0, 0
L1-I.stores-where-L4 = 0, 0, 0, 0, 0, 0, 0, 0, 0, 0, 0, 0, 0, 0, 0, 0
L1-I.stores-where-L4_S = 0, 0, 0, 0, 0, 0, 0, 0, 0, 0, 0, 0, 0, 0, 0, 0
L1-I.stores-where-miss = 0, 0, 0, 0, 0, 0, 0, 0, 0, 0, 0, 0, 0, 0, 0, 0
L1-I.stores-where-nuca-cache = 0, 0, 0, 0, 0, 0, 0, 0, 0, 0, 0, 0, 0, 0, 0, 0
L1-I.stores-where-nuca-local = 0, 0, 0, 0, 0, 0, 0, 0, 0, 0, 0, 0, 0, 0, 0, 0
L1-I.stores-where-nuca-remote = 0, 0, 0, 0, 0, 0, 0, 0, 0, 0, 0, 0, 0, 0, 0, 0
L1-I.stores-where-predicate-false = 0, 0, 0, 0, 0, 0, 0, 0, 0, 0, 0, 0, 0, 0, 0, 0
L1-I.stores-where-prefetch-no-mapping = 0, 0, 0, 0, 0, 0, 0, 0, 0, 0, 0, 0, 0, 0, 0, 0
L1-I.stores-where-unknown = 0, 0, 0, 0, 0, 0, 0, 0, 0, 0, 0, 0, 0, 0, 0, 0
L1-I.total-latency = 474601793055008, 963859270081, 1782899014148, 993168394472, 953893947995, 923059745062, 922763013893, 966050767897, 991274947288, 943855959600, 933552378889, 969673263132, 1000033377303, 952227480265, 953996816235, 989604513199
l1misslat = 24232335.4554
L2.access-mru-0 = 1, 0, 0, 0, 0, 0, 0, 0, 0, 0, 0, 0, 0, 0, 0, 0
L2.access-mru-1 = 0, 0, 0, 0, 0, 0, 0, 0, 0, 0, 0, 0, 0, 0, 0, 0
L2.access-mru-2 = 0, 0, 0, 0, 0, 0, 0, 0, 0, 0, 0, 0, 0, 0, 0, 0
L2.access-mru-3 = 1, 0, 0, 0, 0, 0, 0, 0, 0, 0, 0, 0, 0, 0, 0, 0
L2.backinval-D = 0, 0, 0, 0, 0, 0, 0, 0, 0, 0, 0, 0, 0, 0, 0, 0
L2.backinval-E = 0, 0, 0, 0, 0, 0, 0, 0, 0, 0, 0, 0, 0, 0, 0, 0
L2.backinval-I = 0, 0, 0, 0, 0, 0, 0, 0, 0, 0, 0, 0, 0, 0, 0, 0
L2.backinval-M = 0, 0, 0, 0, 0, 0, 0, 0, 0, 0, 0, 0, 0, 0, 0, 0
L2.backinval-O = 0, 0, 0, 0, 0, 0, 0, 0, 0, 0, 0, 0, 0, 0, 0, 0
L2.backinval-S = 0, 0, 0, 0, 0, 0, 0, 0, 0, 0, 0, 0, 0, 0, 0, 0
L2.backinval-u = 0, 0, 0, 0, 0, 0, 0, 0, 0, 0, 0, 0, 0, 0, 0, 0
L2.coherency-downgrades = 240, 20315, 19611, 20383, 20473, 20034, 20290, 20467, 19990, 20454, 20582, 20229, 20032, 20154, 19961, 20090
L2.coherency-invalidates = 57, 779, 1014, 903, 829, 674, 721, 805, 891, 745, 722, 810, 928, 791, 774, 895
L2.coherency-upgrades = 360, 171, 256, 150, 172, 169, 155, 146, 133, 165, 160, 160, 132, 145, 167, 139
L2.coherency-writebacks = 47, 3823, 3636, 3971, 3886, 4013, 3908, 3902, 3899, 3813, 3836, 3831, 3894, 3924, 3838, 3871
L2.evict-D = 0, 0, 0, 0, 0, 0, 0, 0, 0, 0, 0, 0, 0, 0, 0, 0
L2.evict-E = 50854713, 161772, 342192, 158940, 158843, 160898, 160086, 159277, 160545, 160810, 159899, 159350, 159200, 159339, 157877, 159454
L2.evict-I = 0, 0, 0, 0, 0, 0, 0, 0, 0, 0, 0, 0, 0, 0, 0, 0
L2.evict-M = 7347384, 154541, 312303, 152518, 152630, 154719, 153341, 153471, 154397, 154495, 153130, 152730, 152281, 152913, 151996, 153532
L2.evict-O = 0, 0, 0, 0, 0, 0, 0, 0, 0, 0, 0, 0, 0, 0, 0, 0
L2.evict-prefetch = 0, 0, 0, 0, 0, 0, 0, 0, 0, 0, 0, 0, 0, 0, 0, 0
L2.evict-S = 157339, 111480, 200620, 110172, 110067, 111679, 111176, 110348, 111699, 111215, 110538, 110155, 110144, 110484, 110088, 110768
L2.evict-u = 0, 0, 0, 0, 0, 0, 0, 0, 0, 0, 0, 0, 0, 0, 0, 0
L2.evict-warmup = 0, 0, 0, 0, 0, 0, 0, 0, 0, 0, 0, 0, 0, 0, 0, 0
L2.hits-prefetch = 0, 0, 0, 0, 0, 0, 0, 0, 0, 0, 0, 0, 0, 0, 0, 0
L2.hits-warmup = 0, 0, 0, 0, 0, 0, 0, 0, 0, 0, 0, 0, 0, 0, 0, 0
L2.invalidate-prefetch = 0, 0, 0, 0, 0, 0, 0, 0, 0, 0, 0, 0, 0, 0, 0, 0
L2.invalidate-warmup = 0, 0, 0, 0, 0, 0, 0, 0, 0, 0, 0, 0, 0, 0, 0, 0
L2.load-misses = 56576969, 431717, 856837, 425786, 424995, 430739, 428583, 426582, 430251, 429782, 427361, 426244, 425655, 426844, 423192, 427368
L2.load-misses-D = 0, 0, 0, 0, 0, 0, 0, 0, 0, 0, 0, 0, 0, 0, 0, 0
L2.load-misses-E = 61751, 1875, 3867, 1930, 1910, 1978, 1967, 1946, 1972, 1916, 1935, 1937, 1875, 1935, 1843, 1928
L2.load-misses-I = 56515188, 429700, 852759, 423719, 422934, 428617, 426481, 424498, 428158, 427719, 425284, 424155, 423657, 424772, 421202, 425315
L2.load-misses-M = 0, 0, 0, 0, 0, 0, 0, 0, 0, 0, 0, 0, 0, 0, 0, 0
L2.load-misses-O = 0, 0, 0, 0, 0, 0, 0, 0, 0, 0, 0, 0, 0, 0, 0, 0
L2.load-misses-S = 30, 142, 211, 137, 151, 144, 135, 138, 121, 147, 142, 152, 123, 137, 147, 125
L2.load-misses-u = 0, 0, 0, 0, 0, 0, 0, 0, 0, 0, 0, 0, 0, 0, 0, 0
L2.load-overlapping-misses = 5729, 52, 59, 57, 55, 55, 49, 48, 47, 57, 66, 53, 38, 51, 51, 58
L2.loads = 56576971, 431717, 856837, 425786, 424995, 430739, 428583, 426582, 430251, 429782, 427361, 426244, 425655, 426844, 423192, 427368
L2.loads-D = 0, 0, 0, 0, 0, 0, 0, 0, 0, 0, 0, 0, 0, 0, 0, 0
L2.loads-E = 61753, 1875, 3867, 1930, 1910, 1978, 1967, 1946, 1972, 1916, 1935, 1937, 1875, 1935, 1843, 1928
L2.loads-I = 56515188, 429700, 852759, 423719, 422934, 428617, 426481, 424498, 428158, 427719, 425284, 424155, 423657, 424772, 421202, 425315
L2.loads-M = 0, 0, 0, 0, 0, 0, 0, 0, 0, 0, 0, 0, 0, 0, 0, 0
L2.loads-O = 0, 0, 0, 0, 0, 0, 0, 0, 0, 0, 0, 0, 0, 0, 0, 0
L2.loads-prefetch = 0, 0, 0, 0, 0, 0, 0, 0, 0, 0, 0, 0, 0, 0, 0, 0
L2.loads-S = 30, 142, 211, 137, 151, 144, 135, 138, 121, 147, 142, 152, 123, 137, 147, 125
L2.loads-u = 0, 0, 0, 0, 0, 0, 0, 0, 0, 0, 0, 0, 0, 0, 0, 0
L2.mshr-latency = 0, 0, 0, 0, 0, 0, 0, 0, 0, 0, 0, 0, 0, 0, 0, 0
L2.next_read.no-free-slots = 0, 0, 0, 0, 0, 0, 0, 0, 0, 0, 0, 0, 0, 0, 0, 0
L2.next_read.num-barriers = 0, 0, 0, 0, 0, 0, 0, 0, 0, 0, 0, 0, 0, 0, 0, 0
L2.next_read.num-requests = 0, 0, 0, 0, 0, 0, 0, 0, 0, 0, 0, 0, 0, 0, 0, 0
L2.next_read.requests-out-of-order = 0, 0, 0, 0, 0, 0, 0, 0, 0, 0, 0, 0, 0, 0, 0, 0
L2.next_read.requests-simultaneous = 0, 0, 0, 0, 0, 0, 0, 0, 0, 0, 0, 0, 0, 0, 0, 0
L2.next_read.total-barrier-delay = 0, 0, 0, 0, 0, 0, 0, 0, 0, 0, 0, 0, 0, 0, 0, 0
L2.next_read.total-delay = 0, 0, 0, 0, 0, 0, 0, 0, 0, 0, 0, 0, 0, 0, 0, 0
L2.prefetches = 0, 0, 0, 0, 0, 0, 0, 0, 0, 0, 0, 0, 0, 0, 0, 0
L2.qbs-query-latency = 0, 0, 0, 0, 0, 0, 0, 0, 0, 0, 0, 0, 0, 0, 0, 0
L2.snoop-latency = 0, 0, 0, 0, 0, 0, 0, 0, 0, 0, 0, 0, 0, 0, 0, 0
L2.store-misses = 5744437, 11359, 23978, 11421, 11991, 11976, 11389, 11985, 11897, 12041, 11537, 11357, 11377, 11380, 11955, 11879
L2.store-misses-D = 0, 0, 0, 0, 0, 0, 0, 0, 0, 0, 0, 0, 0, 0, 0, 0
L2.store-misses-E = 3899243, 8272, 16553, 8262, 8286, 8226, 8249, 8305, 8237, 8298, 8315, 8269, 8215, 8329, 8223, 8292
L2.store-misses-I = 1844864, 3035, 7375, 3115, 3656, 3702, 3093, 3638, 3618, 3696, 3176, 3049, 3123, 3006, 3686, 3543
L2.store-misses-M = 0, 0, 0, 0, 0, 0, 0, 0, 0, 0, 0, 0, 0, 0, 0, 0
L2.store-misses-O = 0, 0, 0, 0, 0, 0, 0, 0, 0, 0, 0, 0, 0, 0, 0, 0
L2.store-misses-S = 330, 52, 50, 44, 49, 48, 47, 42, 42, 47, 46, 39, 39, 45, 46, 44
L2.store-misses-u = 0, 0, 0, 0, 0, 0, 0, 0, 0, 0, 0, 0, 0, 0, 0, 0
L2.store-overlapping-misses = 944173, 3064, 5530, 2976, 2982, 2998, 3069, 3012, 2971, 3053, 3210, 3117, 3009, 3104, 2878, 2993
L2.stores = 5744437, 11359, 23978, 11421, 11991, 11976, 11389, 11985, 11897, 12041, 11537, 11357, 11377, 11380, 11955, 11879
L2.stores-D = 0, 0, 0, 0, 0, 0, 0, 0, 0, 0, 0, 0, 0, 0, 0, 0
L2.stores-E = 3899243, 8272, 16553, 8262, 8286, 8226, 8249, 8305, 8237, 8298, 8315, 8269, 8215, 8329, 8223, 8292
L2.stores-I = 1844864, 3035, 7375, 3115, 3656, 3702, 3093, 3638, 3618, 3696, 3176, 3049, 3123, 3006, 3686, 3543
L2.stores-M = 0, 0, 0, 0, 0, 0, 0, 0, 0, 0, 0, 0, 0, 0, 0, 0
L2.stores-O = 0, 0, 0, 0, 0, 0, 0, 0, 0, 0, 0, 0, 0, 0, 0, 0
L2.stores-prefetch = 0, 0, 0, 0, 0, 0, 0, 0, 0, 0, 0, 0, 0, 0, 0, 0
L2.stores-S = 330, 52, 50, 44, 49, 48, 47, 42, 42, 47, 46, 39, 39, 45, 46, 44
L2.stores-u = 0, 0, 0, 0, 0, 0, 0, 0, 0, 0, 0, 0, 0, 0, 0, 0
L2.total-latency = 0, 0, 0, 0, 0, 0, 0, 0, 0, 0, 0, 0, 0, 0, 0, 0
L2.uncore-requests = 58360407, 432915, 860386, 427005, 426777, 432494, 429740, 428301, 431922, 431596, 428642, 427386, 426932, 427943, 425069, 429008
L2.uncore-time-dram = 0, 0, 0, 0, 0, 0, 0, 0, 0, 0, 0, 0, 0, 0, 0, 0
L2.uncore-time-dram-bus = 24882447258608, 352908498292, 660206184148, 348129098800, 349460081482, 350480866804, 346401097220, 344689954192, 346190365320, 346932050560, 346342092288, 348415694184, 349123753368, 345195710752, 342051590804, 344007182836
L2.uncore-time-dram-cache = 0, 0, 0, 0, 0, 0, 0, 0, 0, 0, 0, 0, 0, 0, 0, 0
L2.uncore-time-dram-cache-bus = 0, 0, 0, 0, 0, 0, 0, 0, 0, 0, 0, 0, 0, 0, 0, 0
L2.uncore-time-dram-cache-data = 0, 0, 0, 0, 0, 0, 0, 0, 0, 0, 0, 0, 0, 0, 0, 0
L2.uncore-time-dram-cache-queue = 0, 0, 0, 0, 0, 0, 0, 0, 0, 0, 0, 0, 0, 0, 0, 0
L2.uncore-time-dram-cache-tags = 0, 0, 0, 0, 0, 0, 0, 0, 0, 0, 0, 0, 0, 0, 0, 0
L2.uncore-time-dram-device = 132835860000000, 1884015000000, 3524535000000, 1858500000000, 1865610000000, 1871055000000, 1849275000000, 1840140000000, 1848150000000, 1852110000000, 1848960000000, 1860030000000, 1863810000000, 1842840000000, 1826055000000, 1836495000000
L2.uncore-time-dram-queue = 1171547116356, 92151497058, 92162521139, 90053708708, 89197690109, 91037031174, 91260041950, 91366704910, 92042848222, 94430135996, 95489291965, 100675315626, 91359679463, 91294383975, 87011429612, 82706483158
L2.uncore-time-inv-imbalance = 3393001916, 2514387972, 3034465940, 1746152798, 1858820931, 2016976554, 1941636627, 1315904678, 1054849617, 1508052436, 1382875425, 1125315352, 476092962, 835227216, 1032463534, 618113078
L2.uncore-time-noc-base = 621806112200308, 4516244668385, 8510877959232, 4922632950014, 4347635835933, 4007579629331, 4033215730338, 4453548539319, 4503605346930, 4061004187133, 4039499758978, 4477659006610, 4957327414620, 4480636743831, 4393877121859, 4875242464360
L2.uncore-time-noc-queue = 115319933999920, 1274490652285, 1705618902284, 1258032495931, 1493846502430, 1467973791845, 1477026875206, 1427830875160, 1566492684124, 1550746039727, 1528248220122, 1485184878322, 1454703783251, 1405989153506, 1338038154737, 1265475820779
L2.uncore-time-nuca-bus = 210686701683, 13455613965, 14899645941, 13096547570, 13593160809, 13934490002, 14052998297, 13925290286, 14237873908, 14692769972, 14567087805, 14963484613, 14615476956, 14451696990, 13436478578, 12740888452
L2.uncore-time-nuca-data = 166631512133736, 1106573229860, 2228077453658, 1090496921446, 1090239758104, 1105337914932, 1099726203511, 1095545380734, 1105775840074, 1103617057416, 1095615680156, 1091402476595, 1090862039826, 1093668965308, 1086497052496, 1098352251288
L2.uncore-time-nuca-ecc = 0, 0, 0, 0, 0, 0, 0, 0, 0, 0, 0, 0, 0, 0, 0, 0
L2.uncore-time-nuca-queue = 55459178380528, 368270081136, 741548045200, 362915860512, 362832779504, 367861682928, 365983851952, 364597500192, 368001819568, 367274268066, 364620522640, 363215152336, 363040982512, 363964883360, 361587565360, 365526405920
L2.uncore-time-nuca-tags = 43877352716658, 308103063084, 615899359944, 303654952836, 303709839930, 307579755996, 305805323916, 304611341652, 307302313014, 306821111094, 304776002934, 303905237162, 303837659190, 304181267436, 302115106692, 305248182318
L2.uncore-time-remote-cache-inv = 0, 0, 0, 0, 0, 0, 0, 0, 0, 0, 0, 0, 0, 0, 0, 0
L2.uncore-time-remote-cache-wb = 0, 0, 0, 0, 0, 0, 0, 0, 0, 0, 0, 0, 0, 0, 0, 0
L2.uncore-time-td-access = 219425011617150, 1714876223053, 3411442551520, 1705633351006, 1712887015262, 1715372063100, 1710067563810, 1714913417520, 1717740478800, 1723167170012, 1713620187360, 1694672362618, 1706793135120, 1706826969630, 1697055265952, 1710832884566
L2.uncore-time-unknown = 41437608000000, 283800000000, 574437745125, 267034208923, 315600000000, 297370945187, 265692000000, 264743634904, 266688698251, 267538968329, 245398744438, 230073695941, 255398087620, 271158840176, 347515805711, 250589544703
L2.uncore-totaltime = 1423060643126863, 11917400659456, 22082739834131, 12221926248544, 11946471484494, 11597598644097, 11560448095621, 11917228543547, 12137279358438, 11689841810741, 11598520464111, 11971322619359, 12451347353010, 11921034910692, 11796273035335, 12147832965824
ncores = 16
network.shmem-1.mesh.bytes-in = 4787776512, 205389894, 213051202, 171563234, 243132686, 172437968, 243151696, 178607628, 266440356, 169620862, 181835090, 217671346, 356380382, 184111970, 193822864, 273239612
network.shmem-1.mesh.bytes-out = 2503237004, 326669290, 312856500, 264889132, 390787376, 269483778, 456851138, 288042708, 468242698, 275483720, 290491680, 354385044, 718375690, 306241256, 324702024, 507494264
network.shmem-1.mesh.contention-delay = 192647437724898, 3249623000892, 3667796751817, 3274576704299, 6099227264521, 3315842887909, 3451317863898, 3165258617529, 6025346676425, 3227094059105, 3054234873538, 3336449177371, 6381430764560, 3222988022811, 3271122777693, 3787694154506
network.shmem-1.mesh.link-down.num-requests = 0, 0, 0, 0, 47788118, 1238899, 1566801, 1212958, 35195076, 1361118, 1985696, 1751859, 21209212, 1023852, 1099986, 1641991
network.shmem-1.mesh.link-down.num-requests-analytical = 0, 0, 0, 0, 0, 0, 0, 0, 0, 0, 0, 0, 0, 0, 0, 0
network.shmem-1.mesh.link-down.total-queue-delay = 0, 0, 0, 0, 60159070446192, 415721086431, 534345943812, 351272142466, 39178845443787, 707851001341, 886955484420, 697551932742, 11138179973756, 378870510077, 405447985703, 300133075637
network.shmem-1.mesh.link-down.total-time-used = 0, 0, 0, 0, 171779511180964, 2879151104882, 4037490590742, 2832573993908, 124110254447136, 2751331091892, 5114168820040, 4320019700730, 74102753783912, 2095752819624, 2461666745100, 4512894729554
network.shmem-1.mesh.link-in.num-requests = 110548352, 4884310, 5196982, 4090308, 5695381, 4150038, 6555336, 4388654, 6703713, 4231402, 4426551, 5249008, 9907399, 4620515, 4834633, 7206902
network.shmem-1.mesh.link-in.num-requests-analytical = 0, 0, 0, 0, 0, 0, 0, 0, 0, 0, 0, 0, 0, 0, 0, 0
network.shmem-1.mesh.link-in.total-queue-delay = 13654413939146, 1338624611502, 1590520670984, 1297282063772, 1845852781523, 1277050474931, 1624613573431, 1160114365240, 1775295745482, 1284878960267, 1187535160338, 1235567018981, 2548787358195, 1323152195242, 1751791334873, 2667159645926
network.shmem-1.mesh.link-in.total-time-used = 96392059820056, 15191818906748, 14379884847956, 12294173552016, 18195652024934, 12492646072332, 21319981438728, 13381754594500, 21855620392614, 12792843362708, 13507095586698, 16518407802584, 33626804679410, 14238272957794, 15073905332846, 23711778433804
network.shmem-1.mesh.link-left.num-requests = 0, 10777412, 7736877, 3854485, 0, 12270721, 9747037, 4154762, 0, 11141857, 8503092, 5016668, 0, 13797286, 10807385, 6972382
network.shmem-1.mesh.link-left.num-requests-analytical = 0, 0, 0, 0, 0, 0, 0, 0, 0, 0, 0, 0, 0, 0, 0, 0
network.shmem-1.mesh.link-left.total-queue-delay = 0, 2869162762577, 1805888475669, 83686584803, 0, 3271753646834, 2347332650608, 84042671626, 0, 3428454273658, 2205778395374, 72639340349, 0, 4078747866878, 4030405279488, 84190250739
network.shmem-1.mesh.link-left.total-time-used = 0, 35332385446504, 23759873172558, 11800437658214, 0, 41341432069190, 32203049170982, 12897375948172, 0, 37194805940990, 27637060555728, 16056868248952, 0, 46949752450268, 36101610359278, 23231426881460
network.shmem-1.mesh.link-out.num-requests = 56595670, 8047672, 7475351, 6469521, 9270574, 6577367, 11390889, 7061490, 11267052, 6737879, 7130806, 8772937, 17686541, 7528702, 7983717, 12693316
network.shmem-1.mesh.link-out.num-requests-analytical = 0, 0, 0, 0, 0, 0, 0, 0, 0, 0, 0, 0, 0, 0, 0, 0
network.shmem-1.mesh.link-out.total-queue-delay = 55067444343857, 411973181502, 590162366618, 384763898851, 902503140666, 728487374068, 674317264547, 629062210749, 836188399635, 659475558909, 671674036468, 622887905334, 524726170257, 424226858449, 478981673600, 454132003195
network.shmem-1.mesh.link-out.total-time-used = 203589551543444, 9501902053496, 9696487857514, 7915555109766, 11267506909988, 7939361435074, 11291937933246, 8246989728108, 12385850447280, 7825457137330, 8409006084068, 10104255337022, 16638630812902, 8507668369772, 8932830838878, 12719708207840
network.shmem-1.mesh.link-right.num-requests = 80215494, 57858114, 30257809, 0, 1977179, 1428479, 978633, 0, 1925316, 2276698, 948918, 0, 1904295, 2260753, 1875329, 0
network.shmem-1.mesh.link-right.num-requests-analytical = 0, 0, 0, 0, 0, 0, 0, 0, 0, 0, 0, 0, 0, 0, 0, 0
network.shmem-1.mesh.link-right.total-queue-delay = 521662136058, 315901253060, 198174427908, 0, 188305264831, 600117102886, 269425799060, 0, 147643057674, 714935186692, 249917450275, 0, 129722307591, 688882161972, 424110140878, 0
network.shmem-1.mesh.link-right.total-time-used = 70602365138484, 51426555179028, 27674865603134, 0, 5617628102194, 3072551403082, 2062649702502, 0, 5420393438184, 6183140367116, 1958168218020, 0, 5366586431490, 6149135816630, 5370819212974, 0
network.shmem-1.mesh.link-up.num-requests = 32302718, 17392382, 23006345, 25237069, 26428025, 13112288, 13447258, 19927005, 17095363, 7278398, 7698649, 12225458, 0, 0, 0, 0
network.shmem-1.mesh.link-up.num-requests-analytical = 0, 0, 0, 0, 0, 0, 0, 0, 0, 0, 0, 0, 0, 0, 0, 0
network.shmem-1.mesh.link-up.total-queue-delay = 470434536756, 264057996977, 287144994641, 182644512416, 903242400466, 814221656698, 649816077879, 527347695552, 422600184066, 349542017307, 428874112792, 288745335832, 0, 0, 0, 0
network.shmem-1.mesh.link-up.total-time-used = 29312039765596, 16172365643644, 20513141642734, 23085620381078, 24294732113710, 14004524068816, 13322091855284, 18873104708622, 15531413898626, 7995839707732, 8412459125294, 11381432172076, 0, 0, 0, 0
network.shmem-1.mesh.packets-in = 68085952, 8133253, 7643671, 6551303, 9364481, 6666904, 11472120, 7142506, 11348414, 6819465, 7206927, 8845791, 17765305, 7611207, 8085208, 12770802
network.shmem-1.mesh.packets-out = 122038634, 4969891, 5365302, 4172090, 5789288, 4239575, 6636567, 4469670, 6785075, 4312988, 4502672, 5321862, 9986163, 4703020, 4936124, 7284388
network.shmem-1.mesh.total-delay = 535914086379344, 20555329222262, 25780954291955, 26404044798965, 27180310492017, 21101900866391, 39556162125864, 31520378089131, 37091546635343, 25266986740911, 30831361847208, 44181632784099, 64730625206112, 32947746787715, 39267718016235, 70670561156338
nuca-cache-queue.num-requests = 4613804, 4221563, 3562282, 3250100, 3980983, 3288631, 5749991, 3526583, 4895666, 3291313, 3592444, 4610181, 8108205, 3744609, 4033295, 6587159
nuca-cache-queue.num-requests-analytical = 0, 0, 0, 0, 0, 0, 0, 0, 0, 0, 0, 0, 0, 0, 0, 0
nuca-cache-queue.total-queue-delay = 33548654531, 19983924200, 32910055158, 25600421907, 25146080369, 18869612464, 25020767565, 16705338889, 23003750136, 16955934230, 15502797229, 18552587017, 32866741899, 23857167720, 34903734830, 81318305541
nuca-cache-queue.total-time-used = 4618307072704, 4225683245488, 3565758787232, 3253272097600, 3984868439408, 3291840703856, 5755602991216, 3530024945008, 4900444170016, 3294525321488, 3595950225344, 4614680536656, 8116118608080, 3748263738384, 4037231495920, 6593588067184
nuca-cache.access-mru-0 = 3591252, 3179449, 2550112, 2250191, 2960251, 2279333, 4723874, 2520887, 3864900, 2289981, 2583553, 3582245, 6758635, 2722919, 3025590, 5566691
nuca-cache.access-mru-1 = 292552, 305255, 283820, 278397, 298812, 284779, 295956, 279435, 305559, 277380, 284011, 298194, 611546, 294670, 284326, 293856
nuca-cache.access-mru-10 = 38579, 39448, 38699, 38453, 38381, 38242, 38803, 38818, 38448, 38673, 38851, 38728, 38388, 38857, 38345, 38522
nuca-cache.access-mru-11 = 32384, 33611, 32449, 32678, 32482, 32553, 32695, 32524, 32503, 32527, 32753, 32791, 32600, 32392, 32586, 32655
nuca-cache.access-mru-12 = 26527, 27004, 26673, 26563, 26777, 26559, 26572, 26858, 26574, 26679, 26728, 26912, 26404, 26511, 26724, 26574
nuca-cache.access-mru-13 = 23950, 25077, 23995, 23912, 24005, 24115, 23935, 24372, 24121, 24031, 24117, 24010, 23907, 24087, 24192, 24015
nuca-cache.access-mru-14 = 21198, 22405, 21401, 21343, 21587, 21633, 21533, 21247, 21201, 21495, 21324, 21476, 21395, 21502, 21650, 21451
nuca-cache.access-mru-15 = 19730, 20261, 19481, 19560, 19491, 19381, 19267, 19400, 19682, 19574, 19667, 19467, 19507, 19606, 19767, 19650
nuca-cache.access-mru-2 = 145065, 143000, 141135, 140461, 139840, 141200, 143275, 141808, 142630, 138726, 139694, 142268, 150856, 142358, 140544, 142752
nuca-cache.access-mru-3 = 98634, 98990, 99395, 97876, 97545, 97823, 98633, 97854, 98312, 97495, 97900, 98048, 99486, 97650, 97199, 98417
nuca-cache.access-mru-4 = 76534, 77269, 76474, 75773, 75878, 76011, 76773, 76413, 75637, 76225, 76048, 77116, 77235, 76347, 76370, 76175
nuca-cache.access-mru-5 = 63461, 63920, 64236, 62905, 63172, 63390, 63919, 62873, 63470, 63525, 63067, 63823, 63925, 63194, 62860, 63453
nuca-cache.access-mru-6 = 54498, 55073, 54911, 53886, 54231, 54600, 54734, 54507, 54229, 54471, 54857, 55062, 54724, 54782, 54169, 54222
nuca-cache.access-mru-7 = 48032, 48362, 48059, 47495, 47495, 48038, 48008, 47978, 47479, 48161, 48023, 47859, 47811, 48004, 47589, 47601
nuca-cache.access-mru-8 = 41925, 42347, 42123, 41531, 41555, 41709, 42151, 42171, 41678, 42255, 42230, 42230, 42414, 42125, 42253, 41794
nuca-cache.access-mru-9 = 39483, 40092, 39319, 39076, 39481, 39265, 39863, 39438, 39243, 40115, 39621, 39952, 39372, 39605, 39131, 39331
nuca-cache.read-misses = 225997, 223676, 224259, 225535, 225580, 225004, 225731, 225484, 224992, 225335, 225729, 226509, 225877, 225896, 226232, 224996
nuca-cache.reads = 4022004, 3694441, 3236178, 2903836, 3617969, 2958747, 5364004, 3199997, 4606578, 3037289, 3231000, 4048948, 7815920, 3434764, 3673209, 6013415
nuca-cache.write-misses = 226032, 224283, 224290, 225561, 225614, 225027, 225762, 225505, 225027, 225387, 225745, 226546, 225902, 225914, 226249, 225025
nuca-cache.writes = 1043829, 975081, 774653, 797360, 814208, 779915, 837480, 777575, 739107, 704746, 812918, 1014288, 744064, 761655, 812567, 1023765
performance_model.cpiDTLBMiss = 0, 0, 0, 0, 0, 0, 0, 0, 0, 0, 0, 0, 0, 0, 0, 0
performance_model.cpiFastforwardTime = 0, 0, 0, 0, 0, 0, 0, 0, 0, 0, 0, 0, 0, 0, 0, 0
performance_model.cpiITLBMiss = 0, 0, 0, 0, 0, 0, 0, 0, 0, 0, 0, 0, 0, 0, 0, 0
performance_model.cpiRecv = 0, 0, 0, 0, 0, 0, 0, 0, 0, 0, 0, 0, 0, 0, 0, 0
performance_model.cpiStartTime = 0, 908014517595457, 908015378495767, 908015512330051, 908015763457303, 908016052930333, 908016295786927, 908016555936715, 908016722853631, 908016976236517, 908017163454139, 908017473979753, 908017727738578, 908018101046005, 908018460443689, 908018626984666
performance_model.cpiSyncDvfsTransition = 0, 0, 0, 0, 0, 0, 0, 0, 0, 0, 0, 0, 0, 0, 0, 0
performance_model.cpiSyncFutex = 23421270536540, 11171891453282, 109816827307, 10993978695211, 11147561430820, 11346447447502, 11369345140114, 11181512481910, 11012121511351, 11317065559018, 11369095140679, 11139104307076, 10832089587397, 11164805752750, 11276195726572, 11036468072869
performance_model.cpiSyncJoin = 0, 0, 0, 0, 0, 0, 0, 0, 0, 0, 0, 0, 0, 0, 0, 0
performance_model.cpiSyncMemAccess = 0, 0, 0, 0, 0, 0, 0, 0, 0, 0, 0, 0, 0, 0, 0, 0
performance_model.cpiSyncPause = 0, 0, 0, 0, 0, 0, 0, 0, 0, 0, 0, 0, 0, 0, 0, 0
performance_model.cpiSyncPthreadBarrier = 0, 0, 0, 0, 0, 0, 0, 0, 0, 0, 0, 0, 0, 0, 0, 0
performance_model.cpiSyncPthreadCond = 0, 0, 0, 0, 0, 0, 0, 0, 0, 0, 0, 0, 0, 0, 0, 0
performance_model.cpiSyncPthreadMutex = 0, 0, 0, 0, 0, 0, 0, 0, 0, 0, 0, 0, 0, 0, 0, 0
performance_model.cpiSyncSleep = 0, 0, 0, 0, 0, 0, 0, 0, 0, 0, 0, 0, 0, 0, 0, 0
performance_model.cpiSyncSyscall = 22160264326, 0, 0, 0, 0, 0, 0, 0, 0, 0, 0, 0, 0, 0, 0, 0
performance_model.cpiSyncUnscheduled = 0, 0, 892103247, 0, 0, 0, 0, 0, 0, 0, 0, 0, 0, 0, 0, 0
performance_model.cpiUnknown = 134423756352, 0, 0, 0, 0, 0, 0, 0, 0, 0, 0, 0, 0, 0, 0, 0
performance_model.cycle_count = 2810852244.32, 2477633356.4, 2477631575.4, 2477630370.4, 2477630539.4, 2477630527.4, 2477630371.4, 2477630686.4, 2477630399.4, 2477630409.4, 2477630518.4, 2477630465.4, 2477630911.4, 2477630659.4, 2477630865.4, 2477630542.4
performance_model.dyninsn_cost = 0, 0, 0, 0, 0, 0, 0, 0, 0, 0, 0, 0, 0, 0, 0, 0
performance_model.dyninsn_count = 0, 0, 0, 0, 0, 0, 0, 0, 0, 0, 0, 0, 0, 0, 0, 0
performance_model.dyninsn_zero_count = 0, 0, 0, 0, 0, 0, 0, 0, 0, 0, 0, 0, 0, 0, 0, 0
performance_model.elapsed_time = 1056711370046136, 931441111428237, 931440441878618, 931439988872123, 931440052405814, 931440047894546, 931439989248062, 931440107668847, 931439999774354, 931440003533744, 931440044511095, 931440024586328, 931440192255122, 931440097518494, 931440174961928, 931440053533631
performance_model.elapsed_time_begin = 0, 0, 0, 0, 0, 0, 0, 0, 0, 0, 0, 0, 0, 0, 0, 0
performance_model.elapsed_time_end = 1056711370046136, 931441111428237, 931440441878618, 931439988872123, 931440052405814, 931440047894546, 931439989248062, 931440107668847, 931439999774354, 931440003533744, 931440044511095, 931440024586328, 931440192255122, 931440097518494, 931440174961928, 931440053533631
performance_model.idle_elapsed_time = 23443430800866, 919186409048739, 908126087426321, 919009491025262, 919163324888123, 919362500377835, 919385640927041, 919198068418625, 919028844364982, 919334041795535, 919386258594818, 919156578286829, 918849817325975, 919182906798755, 919294656170261, 919055095057535
performance_model.instruction_count = 1282173984, 16352793, 32548129, 16226814, 16193736, 16330605, 16268871, 16251748, 16310619, 16308613, 16262226, 16216925, 16185050, 16254197, 16133029, 16254302
pthread.pthread_barrier_wait_count = 0, 0, 0, 0, 0, 0, 0, 0, 0, 0, 0, 0, 0, 0, 0, 0
pthread.pthread_barrier_wait_delay_mem = 0, 0, 0, 0, 0, 0, 0, 0, 0, 0, 0, 0, 0, 0, 0, 0
pthread.pthread_barrier_wait_delay_sync = 0, 0, 0, 0, 0, 0, 0, 0, 0, 0, 0, 0, 0, 0, 0, 0
pthread.pthread_cond_broadcast_count = 0, 0, 0, 0, 0, 0, 0, 0, 0, 0, 0, 0, 0, 0, 0, 0
pthread.pthread_cond_broadcast_delay_mem = 0, 0, 0, 0, 0, 0, 0, 0, 0, 0, 0, 0, 0, 0, 0, 0
pthread.pthread_cond_broadcast_delay_sync = 0, 0, 0, 0, 0, 0, 0, 0, 0, 0, 0, 0, 0, 0, 0, 0
pthread.pthread_cond_signal_count = 0, 0, 0, 0, 0, 0, 0, 0, 0, 0, 0, 0, 0, 0, 0, 0
pthread.pthread_cond_signal_delay_mem = 0, 0, 0, 0, 0, 0, 0, 0, 0, 0, 0, 0, 0, 0, 0, 0
pthread.pthread_cond_signal_delay_sync = 0, 0, 0, 0, 0, 0, 0, 0, 0, 0, 0, 0, 0, 0, 0, 0
pthread.pthread_cond_wait_count = 0, 0, 0, 0, 0, 0, 0, 0, 0, 0, 0, 0, 0, 0, 0, 0
pthread.pthread_cond_wait_delay_mem = 0, 0, 0, 0, 0, 0, 0, 0, 0, 0, 0, 0, 0, 0, 0, 0
pthread.pthread_cond_wait_delay_sync = 0, 0, 0, 0, 0, 0, 0, 0, 0, 0, 0, 0, 0, 0, 0, 0
pthread.pthread_mutex_lock_contended = 0, 0, 0, 0, 0, 0, 0, 0, 0, 0, 0, 0, 0, 0, 0, 0
pthread.pthread_mutex_lock_count = 0, 0, 0, 0, 0, 0, 0, 0, 0, 0, 0, 0, 0, 0, 0, 0
pthread.pthread_mutex_lock_delay_mem = 0, 0, 0, 0, 0, 0, 0, 0, 0, 0, 0, 0, 0, 0, 0, 0
pthread.pthread_mutex_lock_delay_sync = 0, 0, 0, 0, 0, 0, 0, 0, 0, 0, 0, 0, 0, 0, 0, 0
pthread.pthread_mutex_trylock_count = 0, 0, 0, 0, 0, 0, 0, 0, 0, 0, 0, 0, 0, 0, 0, 0
pthread.pthread_mutex_trylock_delay_mem = 0, 0, 0, 0, 0, 0, 0, 0, 0, 0, 0, 0, 0, 0, 0, 0
pthread.pthread_mutex_trylock_delay_sync = 0, 0, 0, 0, 0, 0, 0, 0, 0, 0, 0, 0, 0, 0, 0, 0
pthread.pthread_mutex_unlock_contended = 0, 0, 0, 0, 0, 0, 0, 0, 0, 0, 0, 0, 0, 0, 0, 0
pthread.pthread_mutex_unlock_count = 0, 0, 0, 0, 0, 0, 0, 0, 0, 0, 0, 0, 0, 0, 0, 0
pthread.pthread_mutex_unlock_delay_mem = 0, 0, 0, 0, 0, 0, 0, 0, 0, 0, 0, 0, 0, 0, 0, 0
pthread.pthread_mutex_unlock_delay_sync = 0, 0, 0, 0, 0, 0, 0, 0, 0, 0, 0, 0, 0, 0, 0, 0
pthread_locks_contended = 0.0
roi.instrs = 1542630906
roi.ipscore = 7624.9693554
roi.ipstotal = 121999.509686
roi.walltime = 12644.566441
stlb.access = 14004179, 373985, 738040, 366494, 366710, 372399, 365944, 361527, 372112, 370055, 372248, 363264, 359356, 361863, 357753, 370666
stlb.miss = 6474576, 195610, 387877, 193173, 192498, 195359, 194293, 192920, 194740, 194422, 193469, 192745, 192193, 193074, 190906, 193747
stlb_cache.access-mru-0 = 1307103, 56543, 111490, 55272, 55493, 55905, 54435, 54224, 56825, 56049, 55567, 53690, 53492, 53847, 53041, 56136
stlb_cache.access-mru-1 = 3208568, 54395, 105897, 52481, 53103, 54157, 51764, 49353, 54244, 53287, 56534, 51420, 49238, 50167, 49650, 53899
stlb_cache.access-mru-2 = 1755086, 37302, 73442, 36291, 36334, 37167, 36069, 35445, 36820, 36294, 37210, 36252, 35355, 35561, 35068, 36816
stlb_cache.access-mru-3 = 1258846, 30135, 59334, 29277, 29282, 29811, 29383, 29585, 29483, 30003, 29468, 29157, 29078, 29214, 29088, 30068
syscall.stderr-bytes = 0, 0, 0, 0, 0, 0, 0, 0, 0, 0, 0, 0, 0, 0, 0, 0
syscall.stdout-bytes = 400, 0, 0, 0, 0, 0, 0, 0, 0, 0, 0, 0, 0, 0, 0, 0
thread.bottle_contrib_time = 1033264142518312, 804045793126, 5977464711138, 813134498451, 791133379811, 773114630412, 765396577436, 784636608849, 813528272857, 770376700744, 765945165502, 799796669294, 843218362351, 787941772081, 775996384869, 814601214226, 6344736519395
thread.bottle_runtime_time = 1033267939245270, 12279270833166, 22922909922822, 12445629475231, 12297030968264, 12102519697225, 12079021265391, 12262027254074, 12425549479324, 12129766272529, 12078331419586, 12300567761696, 12598566730357, 12276653181209, 12170657538018, 12397960448451, 23108146331251
thread.elapsed_time = 1056711300000000, 23425582404543, 23425021504233, 23424387669949, 23424236542697, 23423947069667, 23423604213073, 23423544063285, 23423177146369, 23423023763483, 23422836545861, 23422526020247, 23422372261422, 23421898953995, 23421639556311, 23421373015334, 23421083542078
thread.instruction_count = 1282173897, 16352709, 16279662, 16226625, 16193626, 16330498, 16268688, 16251686, 16310504, 16308585, 16262124, 16216827, 16184940, 16254087, 16132925, 16254200, 16268360
thread.instructions_by_core[0] = 1282173897, 0, 0, 0, 0, 0, 0, 0, 0, 0, 0, 0, 0, 0, 0, 0
thread.instructions_by_core[10] = 0, 0, 0, 0, 0, 0, 0, 0, 0, 0, 16262124, 0, 0, 0, 0, 0
thread.instructions_by_core[11] = 0, 0, 0, 0, 0, 0, 0, 0, 0, 0, 0, 16216827, 0, 0, 0, 0
thread.instructions_by_core[12] = 0, 0, 0, 0, 0, 0, 0, 0, 0, 0, 0, 0, 16184940, 0, 0, 0
thread.instructions_by_core[13] = 0, 0, 0, 0, 0, 0, 0, 0, 0, 0, 0, 0, 0, 16254087, 0, 0
thread.instructions_by_core[14] = 0, 0, 0, 0, 0, 0, 0, 0, 0, 0, 0, 0, 0, 0, 16132925, 0
thread.instructions_by_core[15] = 0, 0, 0, 0, 0, 0, 0, 0, 0, 0, 0, 0, 0, 0, 0, 16254200
thread.instructions_by_core[1] = 0, 16352709, 0, 0, 0, 0, 0, 0, 0, 0, 0, 0, 0, 0, 0, 0
thread.instructions_by_core[2] = 0, 0, 16279662, 0, 0, 0, 0, 0, 0, 0, 0, 0, 0, 0, 0, 0, 16268360
thread.instructions_by_core[3] = 0, 0, 0, 16226625, 0, 0, 0, 0, 0, 0, 0, 0, 0, 0, 0, 0
thread.instructions_by_core[4] = 0, 0, 0, 0, 16193626, 0, 0, 0, 0, 0, 0, 0, 0, 0, 0, 0
thread.instructions_by_core[5] = 0, 0, 0, 0, 0, 16330498, 0, 0, 0, 0, 0, 0, 0, 0, 0, 0
thread.instructions_by_core[6] = 0, 0, 0, 0, 0, 0, 16268688, 0, 0, 0, 0, 0, 0, 0, 0, 0
thread.instructions_by_core[7] = 0, 0, 0, 0, 0, 0, 0, 16251686, 0, 0, 0, 0, 0, 0, 0, 0
thread.instructions_by_core[8] = 0, 0, 0, 0, 0, 0, 0, 0, 16310504, 0, 0, 0, 0, 0, 0, 0
thread.instructions_by_core[9] = 0, 0, 0, 0, 0, 0, 0, 0, 0, 16308585, 0, 0, 0, 0, 0, 0
thread.nonidle_cycle_count = 2748492681, 32597478, 29862679, 33064888, 32655963, 32126149, 32064329, 32563804, 33013425, 32201849, 32062998, 32673906, 33490173, 32603869, 32306917, 32943917, 32153347
thread.nonidle_elapsed_time = 1033267925335527, 12254691101328, 11226571244433, 12430409125257, 12276677893743, 12077499772458, 12054259223478, 12242031731442, 12411062176500, 12105958354758, 12053758848669, 12283423367220, 12590290718811, 12257093727477, 12145457889549, 12384931408488, 12087724561380
thread.time_by_core[0] = 1033267925335527, 0, 0, 0, 0, 0, 0, 0, 0, 0, 0, 0, 0, 0, 0, 0
thread.time_by_core[10] = 0, 0, 0, 0, 0, 0, 0, 0, 0, 0, 12053758848669, 0, 0, 0, 0, 0
thread.time_by_core[11] = 0, 0, 0, 0, 0, 0, 0, 0, 0, 0, 0, 12283423367220, 0, 0, 0, 0
thread.time_by_core[12] = 0, 0, 0, 0, 0, 0, 0, 0, 0, 0, 0, 0, 12590290718811, 0, 0, 0
thread.time_by_core[13] = 0, 0, 0, 0, 0, 0, 0, 0, 0, 0, 0, 0, 0, 12257093727477, 0, 0
thread.time_by_core[14] = 0, 0, 0, 0, 0, 0, 0, 0, 0, 0, 0, 0, 0, 0, 12145457889549, 0
thread.time_by_core[15] = 0, 0, 0, 0, 0, 0, 0, 0, 0, 0, 0, 0, 0, 0, 0, 12384931408488
thread.time_by_core[1] = 0, 12254691101328, 0, 0, 0, 0, 0, 0, 0, 0, 0, 0, 0, 0, 0, 0
thread.time_by_core[2] = 0, 0, 11226571244433, 0, 0, 0, 0, 0, 0, 0, 0, 0, 0, 0, 0, 0, 12087724561380
thread.time_by_core[3] = 0, 0, 0, 12430409125257, 0, 0, 0, 0, 0, 0, 0, 0, 0, 0, 0, 0
thread.time_by_core[4] = 0, 0, 0, 0, 12276677893743, 0, 0, 0, 0, 0, 0, 0, 0, 0, 0, 0
thread.time_by_core[5] = 0, 0, 0, 0, 0, 12077499772458, 0, 0, 0, 0, 0, 0, 0, 0, 0, 0
thread.time_by_core[6] = 0, 0, 0, 0, 0, 0, 12054259223478, 0, 0, 0, 0, 0, 0, 0, 0, 0
thread.time_by_core[7] = 0, 0, 0, 0, 0, 0, 0, 12242031731442, 0, 0, 0, 0, 0, 0, 0, 0
thread.time_by_core[8] = 0, 0, 0, 0, 0, 0, 0, 0, 12411062176500, 0, 0, 0, 0, 0, 0, 0
thread.time_by_core[9] = 0, 0, 0, 0, 0, 0, 0, 0, 0, 12105958354758, 0, 0, 0, 0, 0, 0
thread.unscheduled_time = 23443430800866, 11151891453282, 12166455296396, 10984978695211, 11134561430820, 11323447447502, 11347345140114, 11165512481910, 11003121511351, 11296065559018, 11349095140679, 11125104307076, 10829089587397, 11151805752750, 11256195726572, 11028468072869, 11301366649997
time.walltime = 12644566441, 0, 0, 0, 0, 0, 0, 0, 0, 0, 0, 0, 0, 0, 0, 0
vmem = 2763685888
walltime = 12645.1012609
