barrier.global_time = 11908698000000000, 0, 0, 0, 0, 0, 0, 0, 0, 0, 0, 0, 0, 0, 0, 0
barrier.global_time_begin = 0, 0, 0, 0, 0, 0, 0, 0, 0, 0, 0, 0, 0, 0, 0, 0
barrier.global_time_end = 11908698000000000, 0, 0, 0, 0, 0, 0, 0, 0, 0, 0, 0, 0, 0, 0, 0
branch_predictor.num-correct = 4101515606, 2406123, 2080912, 1382195, 2085134, 1977232, 3693942, 1707334, 2046399, 2077105, 3463445, 2886502, 3419680, 2643897, 2585693, 1734972
branch_predictor.num-incorrect = 187543947, 163292, 127186, 111261, 126318, 116581, 198850, 113277, 165855, 134019, 199568, 145183, 178367, 171040, 170242, 107846
core.instructions = 30438774067, 87989629, 72640964, 66153816, 71356335, 65156140, 85536167, 76779178, 99939604, 69892260, 94669421, 74660408, 84812179, 79909242, 84320192, 62393517
core.spin_elapsed_time = 0, 0, 0, 0, 0, 0, 0, 0, 0, 0, 0, 0, 0, 0, 0, 0
core.spin_instructions = 0, 0, 0, 0, 0, 0, 0, 0, 0, 0, 0, 0, 0, 0, 0, 0
core.spin_loops = 0, 0, 0, 0, 0, 0, 0, 0, 0, 0, 0, 0, 0, 0, 0, 0
corefreq = 2660000000.0, 2660000000.0, 2660000000.0, 2660000000.0, 2660000000.0, 2660000000.0, 2660000000.0, 2660000000.0, 2660000000.0, 2660000000.0, 2660000000.0, 2660000000.0, 2660000000.0, 2660000000.0, 2660000000.0, 2660000000.0
directory.entries-allocated = 65536, 65536, 65536, 65536, 65536, 65536, 65536, 65536, 65536, 65536, 65536, 65536, 65536, 65536, 65536, 65536
directory.evict-E = 0, 0, 0, 0, 0, 0, 0, 0, 0, 0, 0, 0, 0, 0, 0, 0
directory.evict-M = 0, 0, 0, 0, 0, 0, 0, 0, 0, 0, 0, 0, 0, 0, 0, 0
directory.evict-O = 0, 0, 0, 0, 0, 0, 0, 0, 0, 0, 0, 0, 0, 0, 0, 0
directory.evict-S = 0, 0, 0, 0, 0, 0, 0, 0, 0, 0, 0, 0, 0, 0, 0, 0
directory.forward = 0, 0, 0, 0, 0, 0, 0, 0, 0, 0, 0, 0, 0, 0, 0, 0
directory.forward-failed = 0, 0, 0, 0, 0, 0, 0, 0, 0, 0, 0, 0, 0, 0, 0, 0
dram-queue.num-requests = 3789117, 0, 0, 0, 3789461, 0, 0, 0, 3788614, 0, 0, 0, 3788649, 0, 0, 0
dram-queue.num-requests-analytical = 0, 0, 0, 0, 0, 0, 0, 0, 0, 0, 0, 0, 0, 0, 0, 0
dram-queue.total-queue-delay = 3250697306241, 0, 0, 0, 2769203183503, 0, 0, 0, 2419270218736, 0, 0, 0, 2926729934147, 0, 0, 0
dram-queue.total-time-used = 31939512989292, 0, 0, 0, 31942412660236, 0, 0, 0, 31935273063464, 0, 0, 0, 31935568088124, 0, 0, 0
dram.reads = 2388848, 0, 0, 0, 2389192, 0, 0, 0, 2388446, 0, 0, 0, 2388543, 0, 0, 0
dram.total-access-latency = 205700475295533, 0, 0, 0, 205237360843739, 0, 0, 0, 204842173282200, 0, 0, 0, 205351503022271, 0, 0, 0
dram.total-queueing-delay = 3250697306241, 0, 0, 0, 2769203183503, 0, 0, 0, 2419270218736, 0, 0, 0, 2926729934147, 0, 0, 0
dram.writes = 1400269, 0, 0, 0, 1400269, 0, 0, 0, 1400168, 0, 0, 0, 1400106, 0, 0, 0
dtlb.access = 13009121376, 45696517, 38072202, 34283824, 37246366, 34097269, 45432547, 39724540, 51371552, 36375668, 49441426, 39488904, 44676938, 41711086, 43965657, 32499748
dtlb.miss = 36470850, 12799, 8597, 9175, 12922, 10777, 8233, 11997, 16522, 10584, 13055, 10408, 10329, 10517, 12814, 9382
dtlb_cache.access-mru-0 = 12349800013, 45528042, 37995332, 34130245, 37162330, 34021827, 45205698, 39351242, 51235438, 36141626, 49343363, 39346926, 44600442, 41546909, 43868337, 32194917
dtlb_cache.access-mru-1 = 487931787, 130579, 59902, 132592, 61626, 56662, 210046, 350676, 103707, 214572, 73829, 121409, 57988, 144064, 73268, 287884
dtlb_cache.access-mru-2 = 99223922, 20239, 6692, 9390, 7341, 6121, 6530, 8429, 12483, 6891, 8562, 8040, 6391, 7317, 8665, 5780
dtlb_cache.access-mru-3 = 35694804, 4858, 1679, 2422, 2147, 1882, 2040, 2196, 3402, 1995, 2617, 2121, 1788, 2279, 2573, 1785
fastforward_performance_model.fastforwarded_time = 0, 0, 0, 0, 0, 0, 0, 0, 0, 0, 0, 0, 0, 0, 0, 0
fastforward_timer.cpiBase = 0, 0, 0, 0, 0, 0, 0, 0, 0, 0, 0, 0, 0, 0, 0, 0
fastforward_timer.cpiBranchPredictor = 0, 0, 0, 0, 0, 0, 0, 0, 0, 0, 0, 0, 0, 0, 0, 0
fastforward_timer.cpiDataCachecache-remote = 0, 0, 0, 0, 0, 0, 0, 0, 0, 0, 0, 0, 0, 0, 0, 0
fastforward_timer.cpiDataCachedram = 0, 0, 0, 0, 0, 0, 0, 0, 0, 0, 0, 0, 0, 0, 0, 0
fastforward_timer.cpiDataCachedram-cache = 0, 0, 0, 0, 0, 0, 0, 0, 0, 0, 0, 0, 0, 0, 0, 0
fastforward_timer.cpiDataCachedram-local = 0, 0, 0, 0, 0, 0, 0, 0, 0, 0, 0, 0, 0, 0, 0, 0
fastforward_timer.cpiDataCachedram-remote = 0, 0, 0, 0, 0, 0, 0, 0, 0, 0, 0, 0, 0, 0, 0, 0
fastforward_timer.cpiDataCacheL1 = 0, 0, 0, 0, 0, 0, 0, 0, 0, 0, 0, 0, 0, 0, 0, 0
fastforward_timer.cpiDataCacheL1_S = 0, 0, 0, 0, 0, 0, 0, 0, 0, 0, 0, 0, 0, 0, 0, 0
fastforward_timer.cpiDataCacheL1I = 0, 0, 0, 0, 0, 0, 0, 0, 0, 0, 0, 0, 0, 0, 0, 0
fastforward_timer.cpiDataCacheL2 = 0, 0, 0, 0, 0, 0, 0, 0, 0, 0, 0, 0, 0, 0, 0, 0
fastforward_timer.cpiDataCacheL2_S = 0, 0, 0, 0, 0, 0, 0, 0, 0, 0, 0, 0, 0, 0, 0, 0
fastforward_timer.cpiDataCacheL3 = 0, 0, 0, 0, 0, 0, 0, 0, 0, 0, 0, 0, 0, 0, 0, 0
fastforward_timer.cpiDataCacheL3_S = 0, 0, 0, 0, 0, 0, 0, 0, 0, 0, 0, 0, 0, 0, 0, 0
fastforward_timer.cpiDataCacheL4 = 0, 0, 0, 0, 0, 0, 0, 0, 0, 0, 0, 0, 0, 0, 0, 0
fastforward_timer.cpiDataCacheL4_S = 0, 0, 0, 0, 0, 0, 0, 0, 0, 0, 0, 0, 0, 0, 0, 0
fastforward_timer.cpiDataCachemiss = 0, 0, 0, 0, 0, 0, 0, 0, 0, 0, 0, 0, 0, 0, 0, 0
fastforward_timer.cpiDataCachenuca-cache = 0, 0, 0, 0, 0, 0, 0, 0, 0, 0, 0, 0, 0, 0, 0, 0
fastforward_timer.cpiDataCachenuca-local = 0, 0, 0, 0, 0, 0, 0, 0, 0, 0, 0, 0, 0, 0, 0, 0
fastforward_timer.cpiDataCachenuca-remote = 0, 0, 0, 0, 0, 0, 0, 0, 0, 0, 0, 0, 0, 0, 0, 0
fastforward_timer.cpiDataCachepredicate-false = 0, 0, 0, 0, 0, 0, 0, 0, 0, 0, 0, 0, 0, 0, 0, 0
fastforward_timer.cpiDataCacheprefetch-no-mapping = 0, 0, 0, 0, 0, 0, 0, 0, 0, 0, 0, 0, 0, 0, 0, 0
fastforward_timer.cpiDataCacheunknown = 0, 0, 0, 0, 0, 0, 0, 0, 0, 0, 0, 0, 0, 0, 0, 0
fs_to_cycles = 2.66e-06
fs_to_cycles_cores = 2.66e-06, 2.66e-06, 2.66e-06, 2.66e-06, 2.66e-06, 2.66e-06, 2.66e-06, 2.66e-06, 2.66e-06, 2.66e-06, 2.66e-06, 2.66e-06, 2.66e-06, 2.66e-06, 2.66e-06, 2.66e-06
futex.futex_cmp_requeue_count = 2, 1, 0, 0, 0, 0, 1, 1, 0, 0, 1, 0, 0, 0, 0, 0
futex.futex_cmp_requeue_delay = 0, 0, 0, 0, 0, 0, 0, 0, 0, 0, 0, 0, 0, 0, 0, 0
futex.futex_cmp_requeue_pi_count = 0, 0, 0, 0, 0, 0, 0, 0, 0, 0, 0, 0, 0, 0, 0, 0
futex.futex_cmp_requeue_pi_delay = 0, 0, 0, 0, 0, 0, 0, 0, 0, 0, 0, 0, 0, 0, 0, 0
futex.futex_fd_count = 0, 0, 0, 0, 0, 0, 0, 0, 0, 0, 0, 0, 0, 0, 0, 0
futex.futex_fd_delay = 0, 0, 0, 0, 0, 0, 0, 0, 0, 0, 0, 0, 0, 0, 0, 0
futex.futex_lock_pi_count = 0, 0, 0, 0, 0, 0, 0, 0, 0, 0, 0, 0, 0, 0, 0, 0
futex.futex_lock_pi_delay = 0, 0, 0, 0, 0, 0, 0, 0, 0, 0, 0, 0, 0, 0, 0, 0
futex.futex_requeue_count = 0, 0, 0, 0, 0, 0, 0, 0, 0, 0, 0, 0, 0, 0, 0, 0
futex.futex_requeue_delay = 0, 0, 0, 0, 0, 0, 0, 0, 0, 0, 0, 0, 0, 0, 0, 0
futex.futex_trylock_pi_count = 0, 0, 0, 0, 0, 0, 0, 0, 0, 0, 0, 0, 0, 0, 0, 0
futex.futex_trylock_pi_delay = 0, 0, 0, 0, 0, 0, 0, 0, 0, 0, 0, 0, 0, 0, 0, 0
futex.futex_unlock_pi_count = 0, 0, 0, 0, 0, 0, 0, 0, 0, 0, 0, 0, 0, 0, 0, 0
futex.futex_unlock_pi_delay = 0, 0, 0, 0, 0, 0, 0, 0, 0, 0, 0, 0, 0, 0, 0, 0
futex.futex_wait_bitset_count = 1, 0, 0, 0, 0, 0, 0, 0, 0, 0, 0, 0, 0, 0, 0, 0
futex.futex_wait_bitset_delay = 0, 0, 0, 0, 0, 0, 0, 0, 0, 0, 0, 0, 0, 0, 0, 0
futex.futex_wait_count = 5, 16, 12, 9, 12, 15, 7, 13, 7, 18, 9, 20, 6, 14, 15, 11, 5
futex.futex_wait_delay = 28481930068435, 4079964902689, 5769963723902, 10285223448724, 6840400404714, 12030646189009, 6012695515194, 8296005002997, 1186695150564, 7048695794107, 3542780409223, 8119479088417, 5775022368126, 5577954768387, 6353485341991, 11891036354152, 7455297509024
futex.futex_wait_requeue_pi_count = 0, 0, 0, 0, 0, 0, 0, 0, 0, 0, 0, 0, 0, 0, 0, 0
futex.futex_wait_requeue_pi_delay = 0, 0, 0, 0, 0, 0, 0, 0, 0, 0, 0, 0, 0, 0, 0, 0
futex.futex_wake_bitset_count = 0, 0, 0, 0, 0, 0, 0, 0, 0, 0, 0, 0, 0, 0, 0, 0
futex.futex_wake_bitset_delay = 0, 0, 0, 0, 0, 0, 0, 0, 0, 0, 0, 0, 0, 0, 0, 0
futex.futex_wake_count = 7, 9, 11, 6, 8, 12, 5, 10, 4, 11, 8, 10, 5, 10, 9, 12, 6
futex.futex_wake_delay = 4000000000, 8000000000, 9000000000, 6000000000, 6000000000, 8000000000, 4000000000, 7000000000, 3000000000, 9000000000, 7000000000, 6000000000, 5000000000, 6000000000, 8000000000, 9000000000, 4000000000
futex.futex_wake_op_count = 0, 0, 0, 0, 0, 0, 0, 0, 0, 0, 0, 0, 0, 0, 0, 0
futex.futex_wake_op_delay = 0, 0, 0, 0, 0, 0, 0, 0, 0, 0, 0, 0, 0, 0, 0, 0
global.time = 11908698000000000
global.time_begin = 0
global.time_end = 11908698000000000
interval_timer.cpContr_branch = 1776643193904422, 1202194571972, 936383602797, 899860392442, 942624812664, 859457407623, 1100791509872, 993352973974, 1383279644106, 955146386333, 1249156884645, 915254625038, 1076472490405, 1107055963528, 1150769896389, 827528342190
interval_timer.cpContr_fp_addsub = 301812939280827, 2837269924275, 2316434487299, 2295368942877, 2133573506128, 1912321808354, 2422486582190, 2498658832603, 3423534280065, 2139424760060, 2830910151074, 2024290175796, 2381429034471, 2498016838659, 2761467897644, 1888370728941
interval_timer.cpContr_fp_muldiv = 272721025404994, 5979350271926, 5147766572153, 5344742230254, 4777146778553, 4278756607058, 4249813462503, 6070207528083, 8016832072349, 4465691925626, 5239779956832, 4410491224425, 4386285429404, 4639014113014, 5356937196094, 4336183474201
interval_timer.cpContr_generic = 2635947880253586, 6132152040589, 5194477039259, 4842113228208, 5167176040584, 4760365868808, 5283307839904, 5782875305526, 7331330261631, 4857894082790, 6019849110286, 5122402993181, 5430281225957, 5172777766950, 5560544206824, 4601938163035
interval_timer.cpContr_load_l1 = 3924120175209180, 11457112834372, 9609536140494, 8869604695233, 9132741250784, 8364208988157, 12016900192718, 9689187062963, 13139517030760, 9137822125536, 12680834041781, 10008664705876, 11399490996885, 10714949436698, 11413217742428, 8078939390853
interval_timer.cpContr_load_l2 = 0, 0, 0, 0, 0, 0, 0, 0, 0, 0, 0, 0, 0, 15178569, 0, 0
interval_timer.cpContr_load_l3 = 0, 0, 0, 0, 0, 0, 0, 0, 0, 0, 0, 0, 0, 0, 0, 0
interval_timer.cpContr_load_other = 13300821001492, 0, 0, 0, 0, 0, 40719216, 0, 0, 92797694, 0, 0, 0, 0, 0, 0
interval_timer.cpContr_port0 = 118599591946, 163956357548, 117360471450, 141178715011, 113676267085, 99495823555, 86492511633, 152164404728, 223179729927, 120505963983, 145325599808, 85993257977, 102494449422, 133613402889, 148624549373, 107364058008
interval_timer.cpContr_port015 = 587688505789985, 320805950944, 255500845370, 265749371935, 250391982005, 220761211069, 224980731618, 316504493073, 420710674597, 245267881376, 327800265200, 234094403976, 263202560746, 263801294147, 290129343187, 233652793214
interval_timer.cpContr_port05 = 0, 0, 0, 0, 0, 0, 0, 0, 0, 0, 0, 0, 0, 0, 0, 0
interval_timer.cpContr_port1 = 125547360132882, 53331388159, 37187696206, 46022897408, 39119763207, 34188708645, 29415816825, 48834895915, 73499735844, 40723089924, 47987706698, 27272122070, 34810000290, 44587141635, 48684055651, 35925614458
interval_timer.cpContr_port2 = 1275998283369591, 7826734247065, 6215477764749, 5880897454626, 6606804315869, 5954113926342, 6300225914276, 7169592263371, 9169643433740, 6355480488446, 7704838675337, 6115288546794, 6834345520862, 6769678644654, 6979820048342, 5805711200487
interval_timer.cpContr_port34 = 942660104496905, 1020306890879, 1057375828908, 853851808955, 910660722327, 840201635556, 883096224556, 1132185628221, 1172645129881, 680890013832, 821037375510, 942271363524, 819439588945, 680359557601, 815622012513, 716213904311
interval_timer.cpContr_port5 = 773541292302280, 38099444869, 29371422471, 33749167304, 30560332180, 27715368802, 22904619214, 36821738123, 50837617658, 30538157115, 33032932966, 24024065935, 26289418026, 31447281025, 34140008961, 28799732124
interval_timer.cpContr_store = 654587992279371, 3882205218940, 3379555295253, 2631018934764, 3163099124923, 2953943930259, 5254023207372, 2944299124117, 3777259664582, 3170748224950, 5025877711384, 4107906612805, 4794713352447, 3999611205968, 4107446839284, 2692161308228
interval_timer.cpiBase = 5000385611884932, 15390176496318, 12900905054415, 12075106920723, 12513649162698, 11399512206969, 14250734710560, 13854124704645, 18122709042585, 12112923376611, 15849717187077, 12797341002756, 14127515440164, 13564569719943, 14546908853235, 11040855122799
interval_timer.cpiBranchPredictor = 1707109149819339, 2233023900723, 1705201409394, 1720720171314, 1637152315065, 1488798139068, 2196757065393, 1683381157956, 2535677352063, 1766840367834, 2406517493589, 1676795834493, 2013704847513, 2202230737233, 2284536566259, 1467877509657
interval_timer.cpiDataCachecache-remote = 25238288826, 12835685277, 5824046988, 7430810274, 8773664382, 10422156897, 8493213888, 11396590785, 18743942601, 7535697255, 13412751642, 8673664608, 7409381751, 10198473192, 14270268501, 22005965304
interval_timer.cpiDataCachedram = 0, 0, 0, 0, 0, 0, 0, 0, 0, 0, 0, 0, 0, 0, 0, 0
interval_timer.cpiDataCachedram-cache = 0, 0, 0, 0, 0, 0, 0, 0, 0, 0, 0, 0, 0, 0, 0, 0
interval_timer.cpiDataCachedram-local = 61345631659311, 0, 0, 0, 449230187745, 0, 0, 0, 583066727379, 0, 0, 0, 470510590779, 0, 0, 0
interval_timer.cpiDataCachedram-remote = 203775766157457, 2145756052836, 1794236546520, 1666200369717, 1373996894760, 1622251596861, 1409650573581, 1912783271085, 1688583401838, 1661897747862, 1899834428169, 1466896308867, 1307850803649, 1684954462671, 1547132217759, 1761588875943
interval_timer.cpiDataCacheL1 = 3342930038946, 0, 13533804, 13533804, 0, 40601412, 12781926, 13533804, 0, 0, 12781926, 53383338, 39849534, 12781926, 26315730, 0
interval_timer.cpiDataCacheL1_S = 0, 0, 0, 0, 0, 0, 0, 0, 0, 0, 0, 0, 0, 0, 0, 0
interval_timer.cpiDataCacheL1I = 0, 0, 0, 0, 0, 0, 0, 0, 0, 0, 0, 0, 0, 0, 0, 0
interval_timer.cpiDataCacheL2 = 165712031505, 750374244, 768043377, 1047366054, 726314148, 4647733857, 523307088, 775186218, 540976221, 1184959728, 777065913, 1422177237, 940599378, 796990680, 5193597285, 19796947740
interval_timer.cpiDataCacheL2_S = 0, 0, 0, 0, 0, 0, 0, 0, 0, 0, 0, 0, 0, 0, 0, 0
interval_timer.cpiDataCacheL3 = 0, 0, 0, 0, 0, 0, 0, 0, 0, 0, 0, 0, 0, 0, 0, 0
interval_timer.cpiDataCacheL3_S = 0, 0, 0, 0, 0, 0, 0, 0, 0, 0, 0, 0, 0, 0, 0, 0
interval_timer.cpiDataCacheL4 = 0, 0, 0, 0, 0, 0, 0, 0, 0, 0, 0, 0, 0, 0, 0, 0
interval_timer.cpiDataCacheL4_S = 0, 0, 0, 0, 0, 0, 0, 0, 0, 0, 0, 0, 0, 0, 0, 0
interval_timer.cpiDataCachemiss = 0, 0, 0, 0, 0, 0, 0, 0, 0, 0, 0, 0, 0, 0, 0, 0
interval_timer.cpiDataCachenuca-cache = 0, 0, 0, 0, 0, 0, 0, 0, 0, 0, 0, 0, 0, 0, 0, 0
interval_timer.cpiDataCachenuca-local = 91283344075116, 66264135957, 72399084498, 70732546911, 69669015480, 45352529082, 66128421978, 80220119454, 106895999016, 57619794591, 62247979620, 42885993303, 51457026564, 60527306817, 90780997842, 51652890783
interval_timer.cpiDataCachenuca-remote = 1917903208386096, 865318721067, 630576770382, 818835743412, 692130766608, 604361040156, 685099579491, 808922607921, 1304651938698, 736903221813, 874970578953, 682134924537, 751352437278, 840004868502, 957628286883, 684728151759
interval_timer.cpiDataCachepredicate-false = 0, 0, 0, 0, 0, 0, 0, 0, 0, 0, 0, 0, 0, 0, 0, 0
interval_timer.cpiDataCacheprefetch-no-mapping = 0, 0, 0, 0, 0, 0, 0, 0, 0, 0, 0, 0, 0, 0, 0, 0
interval_timer.cpiDataCacheunknown = 0, 0, 0, 0, 0, 0, 0, 0, 0, 0, 0, 0, 0, 0, 0, 0
interval_timer.cpiInstructionCachecache-remote = 32776617654, 15038687817, 16514248392, 34292027763, 21520628055, 25307837541, 21725138871, 31051057644, 38743897401, 19525895721, 17345825460, 28251439911, 12845835630, 19612737630, 18527777676, 24938289504
interval_timer.cpiInstructionCachedram = 0, 0, 0, 0, 0, 0, 0, 0, 0, 0, 0, 0, 0, 0, 0, 0
interval_timer.cpiInstructionCachedram-cache = 0, 0, 0, 0, 0, 0, 0, 0, 0, 0, 0, 0, 0, 0, 0, 0
interval_timer.cpiInstructionCachedram-local = 34342779528, 0, 0, 0, 76691556, 0, 0, 0, 563908500, 0, 0, 0, 297367749, 0, 0, 0
interval_timer.cpiInstructionCachedram-remote = 119201234364, 6535699515, 647742897, 0, 85338153, 1258643772, 10205616033, 1711650267, 1099997514, 1857514599, 4817658285, 8713138203, 700750296, 2108265912, 2391723918, 2323678959
interval_timer.cpiInstructionCacheL1 = 0, 0, 0, 0, 0, 0, 0, 0, 0, 0, 0, 0, 0, 0, 0, 0
interval_timer.cpiInstructionCacheL1_S = 0, 0, 0, 0, 0, 0, 0, 0, 0, 0, 0, 0, 0, 0, 0, 0
interval_timer.cpiInstructionCacheL1I = 0, 0, 0, 0, 0, 0, 0, 0, 0, 0, 0, 0, 0, 0, 0, 0
interval_timer.cpiInstructionCacheL2 = 0, 0, 0, 0, 0, 0, 0, 0, 0, 0, 0, 0, 0, 0, 0, 0
interval_timer.cpiInstructionCacheL2_S = 0, 0, 0, 0, 0, 0, 0, 0, 0, 0, 0, 0, 0, 0, 0, 0
interval_timer.cpiInstructionCacheL3 = 0, 0, 0, 0, 0, 0, 0, 0, 0, 0, 0, 0, 0, 0, 0, 0
interval_timer.cpiInstructionCacheL3_S = 0, 0, 0, 0, 0, 0, 0, 0, 0, 0, 0, 0, 0, 0, 0, 0
interval_timer.cpiInstructionCacheL4 = 0, 0, 0, 0, 0, 0, 0, 0, 0, 0, 0, 0, 0, 0, 0, 0
interval_timer.cpiInstructionCacheL4_S = 0, 0, 0, 0, 0, 0, 0, 0, 0, 0, 0, 0, 0, 0, 0, 0
interval_timer.cpiInstructionCachemiss = 0, 0, 0, 0, 0, 0, 0, 0, 0, 0, 0, 0, 0, 0, 0, 0
interval_timer.cpiInstructionCachenuca-cache = 0, 0, 0, 0, 0, 0, 0, 0, 0, 0, 0, 0, 0, 0, 0, 0
interval_timer.cpiInstructionCachenuca-local = 66846912083532, 93215202867, 110918922255, 151607552103, 103220443413, 80033277771, 89408820492, 118533190761, 119019655827, 63855870723, 65363010174, 79308467379, 78766739280, 64645718562, 90784005354, 72099461115
interval_timer.cpiInstructionCachenuca-remote = 2845229419391040, 1382090485491, 1546059287853, 1681786800657, 1376446889223, 1197463083201, 1136547431397, 1707155164377, 2322321443271, 1120545211923, 1120101227964, 1655565807285, 1217681834499, 972313216101, 1291405352094, 1469025627363
interval_timer.cpiInstructionCachepredicate-false = 0, 0, 0, 0, 0, 0, 0, 0, 0, 0, 0, 0, 0, 0, 0, 0
interval_timer.cpiInstructionCacheprefetch-no-mapping = 0, 0, 0, 0, 0, 0, 0, 0, 0, 0, 0, 0, 0, 0, 0, 0
interval_timer.cpiInstructionCacheunknown = 0, 0, 0, 0, 0, 0, 0, 0, 0, 0, 0, 0, 0, 0, 0, 0
interval_timer.cpiLongLatency = 6354120978, 3738337416, 5171792823, 4575553569, 4178937924, 3873299517, 2382325443, 6158256759, 6179685282, 2403002088, 1642101552, 4695102171, 2231197965, 1108268172, 2195107821, 3627811350
interval_timer.cpiSerialization = 217292742, 0, 0, 0, 0, 0, 0, 0, 0, 0, 0, 0, 0, 0, 0, 0
interval_timer.detailed-cpiBase-BranchMispredict = 0, 0, 0, 0, 0, 0, 0, 0, 0, 0, 0, 0, 0, 0, 0, 0
interval_timer.detailed-cpiBase-DispatchRate = 11421987108, 37927608, 31746085, 30148539, 30802017, 28012537, 33994764, 34449096, 45250379, 29762289, 38201748, 30833754, 33848104, 33043707, 35599798, 27265052
interval_timer.detailed-cpiBase-DispatchRate+BranchMispredict = 0, 0, 0, 0, 0, 0, 0, 0, 0, 0, 0, 0, 0, 0, 0, 0
interval_timer.detailed-cpiBase-DispatchRate+ICacheMiss = 0, 0, 0, 0, 0, 0, 0, 0, 0, 0, 0, 0, 0, 0, 0, 0
interval_timer.detailed-cpiBase-DispatchRate+ICacheMiss+BranchMispredict = 0, 0, 0, 0, 0, 0, 0, 0, 0, 0, 0, 0, 0, 0, 0, 0
interval_timer.detailed-cpiBase-DispatchWidth = 16351516, 24372, 19999, 15643, 18750, 17188, 32499, 17306, 24161, 20168, 33842, 22994, 29960, 26848, 27395, 15902
interval_timer.detailed-cpiBase-DispatchWidth+BranchMispredict = 0, 0, 0, 0, 0, 0, 0, 0, 0, 0, 0, 0, 0, 0, 0, 0
interval_timer.detailed-cpiBase-DispatchWidth+DispatchRate = 1862717164, 2985982, 2550401, 1955675, 2465615, 2293046, 3879777, 2385653, 2931975, 2437992, 3924753, 3184256, 3701212, 3011282, 3067672, 2087787
interval_timer.detailed-cpiBase-DispatchWidth+DispatchRate+BranchMispredict = 0, 0, 0, 0, 0, 0, 0, 0, 0, 0, 0, 0, 0, 0, 0, 0
interval_timer.detailed-cpiBase-DispatchWidth+DispatchRate+ICacheMiss = 0, 0, 0, 0, 0, 0, 0, 0, 0, 0, 0, 0, 0, 0, 0, 0
interval_timer.detailed-cpiBase-DispatchWidth+DispatchRate+ICacheMiss+BranchMispredict = 0, 0, 0, 0, 0, 0, 0, 0, 0, 0, 0, 0, 0, 0, 0, 0
interval_timer.detailed-cpiBase-DispatchWidth+ICacheMiss = 0, 0, 0, 0, 0, 0, 0, 0, 0, 0, 0, 0, 0, 0, 0, 0
interval_timer.detailed-cpiBase-DispatchWidth+ICacheMiss+BranchMispredict = 0, 0, 0, 0, 0, 0, 0, 0, 0, 0, 0, 0, 0, 0, 0, 0
interval_timer.detailed-cpiBase-ICacheMiss = 0, 0, 0, 0, 0, 0, 0, 0, 0, 0, 0, 0, 0, 0, 0, 0
interval_timer.detailed-cpiBase-ICacheMiss+BranchMispredict = 0, 0, 0, 0, 0, 0, 0, 0, 0, 0, 0, 0, 0, 0, 0, 0
interval_timer.detailed-cpiBase-NoReason = 0, 0, 0, 0, 0, 0, 0, 0, 0, 0, 0, 0, 0, 0, 0, 0
interval_timer.detailed-cpiBase-WindowEmpty = 0, 0, 0, 0, 0, 0, 0, 0, 0, 0, 0, 0, 0, 0, 0, 0
interval_timer.detailed-cpiBase-WindowEmpty+BranchMispredict = 0, 0, 0, 0, 0, 0, 0, 0, 0, 0, 0, 0, 0, 0, 0, 0
interval_timer.detailed-cpiBase-WindowEmpty+DispatchRate = 0, 0, 0, 0, 0, 0, 0, 0, 0, 0, 0, 0, 0, 0, 0, 0
interval_timer.detailed-cpiBase-WindowEmpty+DispatchRate+BranchMispredict = 0, 0, 0, 0, 0, 0, 0, 0, 0, 0, 0, 0, 0, 0, 0, 0
interval_timer.detailed-cpiBase-WindowEmpty+DispatchRate+ICacheMiss = 0, 0, 0, 0, 0, 0, 0, 0, 0, 0, 0, 0, 0, 0, 0, 0
interval_timer.detailed-cpiBase-WindowEmpty+DispatchRate+ICacheMiss+BranchMispredict = 0, 0, 0, 0, 0, 0, 0, 0, 0, 0, 0, 0, 0, 0, 0, 0
interval_timer.detailed-cpiBase-WindowEmpty+DispatchWidth = 0, 0, 0, 0, 0, 0, 0, 0, 0, 0, 0, 0, 0, 0, 0, 0
interval_timer.detailed-cpiBase-WindowEmpty+DispatchWidth+BranchMispredict = 0, 0, 0, 0, 0, 0, 0, 0, 0, 0, 0, 0, 0, 0, 0, 0
interval_timer.detailed-cpiBase-WindowEmpty+DispatchWidth+DispatchRate = 0, 0, 0, 0, 0, 0, 0, 0, 0, 0, 0, 0, 0, 0, 0, 0
interval_timer.detailed-cpiBase-WindowEmpty+DispatchWidth+DispatchRate+BranchMispredict = 0, 0, 0, 0, 0, 0, 0, 0, 0, 0, 0, 0, 0, 0, 0, 0
interval_timer.detailed-cpiBase-WindowEmpty+DispatchWidth+DispatchRate+ICacheMiss = 0, 0, 0, 0, 0, 0, 0, 0, 0, 0, 0, 0, 0, 0, 0, 0
interval_timer.detailed-cpiBase-WindowEmpty+DispatchWidth+DispatchRate+ICacheMiss+BranchMispredict = 0, 0, 0, 0, 0, 0, 0, 0, 0, 0, 0, 0, 0, 0, 0, 0
interval_timer.detailed-cpiBase-WindowEmpty+DispatchWidth+ICacheMiss = 0, 0, 0, 0, 0, 0, 0, 0, 0, 0, 0, 0, 0, 0, 0, 0
interval_timer.detailed-cpiBase-WindowEmpty+DispatchWidth+ICacheMiss+BranchMispredict = 0, 0, 0, 0, 0, 0, 0, 0, 0, 0, 0, 0, 0, 0, 0, 0
interval_timer.detailed-cpiBase-WindowEmpty+ICacheMiss = 0, 0, 0, 0, 0, 0, 0, 0, 0, 0, 0, 0, 0, 0, 0, 0
interval_timer.detailed-cpiBase-WindowEmpty+ICacheMiss+BranchMispredict = 0, 0, 0, 0, 0, 0, 0, 0, 0, 0, 0, 0, 0, 0, 0, 0
interval_timer.loadstore_contention.no-free-slots = 0, 0, 0, 0, 0, 0, 0, 0, 0, 0, 0, 0, 0, 0, 0, 0
interval_timer.loadstore_contention.num-barriers = 0, 0, 0, 0, 0, 0, 0, 0, 0, 0, 0, 0, 0, 0, 0, 0
interval_timer.loadstore_contention.num-requests = 6270720294, 28557021, 23180975, 21458272, 23000582, 20913434, 26382580, 24920604, 32609545, 22589352, 29965260, 23175586, 26532572, 25665309, 27025456, 20100741
interval_timer.loadstore_contention.requests-out-of-order = 2931214461, 20329123, 16360661, 15183410, 16272902, 14789280, 18590078, 17658612, 23104229, 16059081, 21338185, 16269914, 18820756, 18290072, 19229478, 14208314
interval_timer.loadstore_contention.requests-simultaneous = 1858116893, 4461867, 3696904, 3397912, 3722516, 3388531, 4109822, 4017558, 5195996, 3561030, 4580556, 3735378, 4103499, 3941098, 4151522, 3244743
interval_timer.loadstore_contention.total-barrier-delay = 0, 0, 0, 0, 0, 0, 0, 0, 0, 0, 0, 0, 0, 0, 0, 0
interval_timer.loadstore_contention.total-delay = 1216241147153457, 3699365323626, 2822250012678, 2829080072430, 3022281515493, 2622542945220, 1962665113239, 3705081100182, 4784209112475, 2733914122092, 2966808332592, 2192930758251, 2288684301246, 2732334050475, 2968192915929, 2567007356445
interval_timer.numBPredOverlapped = 1157155700, 69578, 60280, 41026, 59466, 58661, 120278, 41443, 59684, 61635, 106848, 89584, 105250, 79989, 79260, 60361
interval_timer.numDCacheOverlapped = 1539711407, 1793685, 1389065, 1683261, 1459244, 1314134, 1240668, 1745632, 2570996, 1556563, 1703981, 1270582, 1394223, 1588718, 1734808, 1467541
interval_timer.numHiddenLongerDCacheLatency = 32639651, 14473, 11692, 13413, 11494, 10925, 11408, 12925, 20580, 13033, 14104, 10952, 12403, 12976, 14858, 12696
interval_timer.numICacheOverlapped = 12407818621, 9126676, 7039239, 7831109, 7348491, 6643150, 7032810, 8406566, 12281459, 7631253, 9050927, 6650794, 7495148, 8122704, 8761134, 7158436
interval_timer.numLongLatencyLoads = 98361932, 72237, 55713, 61966, 58161, 52577, 55642, 66542, 97181, 60388, 71616, 52619, 59307, 64273, 69323, 56655
interval_timer.numMfenceInsns = 2, 0, 0, 0, 0, 0, 0, 0, 0, 0, 0, 0, 0, 0, 0, 0
interval_timer.numSerializationInsns = 252, 0, 0, 0, 0, 0, 0, 0, 0, 0, 0, 0, 0, 0, 0, 0
interval_timer.numTotalLongLatencyLoadLatency = 6059072963, 8221879, 6660171, 6820948, 6901457, 6083635, 5771968, 7485553, 9848627, 6557291, 7584357, 5857510, 6888247, 6906692, 6956000, 6755811
interval_timer.outstandingLongLatencyCycles = 6556333102, 8340219, 6766748, 7051713, 7022781, 6198343, 5921935, 7584844, 10228505, 6776491, 7825077, 6026031, 7033304, 7118697, 7211371, 6978259
interval_timer.outstandingLongLatencyInsns = 9905444571, 10194498, 8311376, 8709223, 8577621, 7625410, 7182073, 9328040, 12559748, 8343140, 9458428, 7373601, 8610188, 8747174, 8974099, 8595595
interval_timer.totalHiddenDCacheLatency = 10166796370, 12144537, 9492500, 11384894, 9962491, 8988365, 8362523, 11753274, 17253669, 10598960, 11514258, 8653512, 9582612, 10836081, 11809694, 10137850
interval_timer.totalHiddenLongerDCacheLatency = 760040454, 510577, 400056, 540516, 454092, 395124, 385548, 466853, 848698, 543110, 590150, 380702, 475682, 559048, 613880, 518810
interval_timer.totalMfenceLatency = 0, 0, 0, 0, 0, 0, 0, 0, 0, 0, 0, 0, 0, 0, 0, 0
interval_timer.totalSerializationLatency = 578, 0, 0, 0, 0, 0, 0, 0, 0, 0, 0, 0, 0, 0, 0, 0
interval_timer.uop_branch = 5851189585, 3146689, 2775207, 1597835, 2763153, 2665531, 5621714, 1983671, 2288882, 2790652, 5015806, 4228601, 5073587, 3735333, 3580257, 2252821
interval_timer.uop_fp_addsub = 525638072, 6792814, 5348935, 5660179, 5129234, 4571408, 4903799, 6274175, 8639967, 5127015, 6366807, 4471672, 5120888, 5711788, 6303300, 4616464
interval_timer.uop_fp_muldiv = 262391761, 14207872, 11091554, 11598390, 10987892, 9773196, 10055918, 13166530, 17962646, 10930378, 13269542, 9500016, 10845960, 11900308, 12948056, 9887632
interval_timer.uop_generic = 14037609423, 28578506, 23641958, 21501866, 23541385, 21504401, 27069956, 25388067, 32718009, 22808751, 30239453, 24196326, 27188297, 25579571, 26974951, 20584221
interval_timer.uop_load = 7810431728, 30350735, 24570069, 23141562, 24459855, 22227598, 27623277, 26666265, 35180570, 24145944, 31669270, 24446197, 27926824, 27254056, 28760293, 21568309
interval_timer.uop_store = 5132040069, 15234577, 13375413, 11029056, 12677124, 11769595, 17744495, 12905093, 16031397, 12156305, 17708012, 14938478, 16684686, 14403183, 15129963, 10839697
interval_timer.uops_pause = 0, 0, 0, 0, 0, 0, 0, 0, 0, 0, 0, 0, 0, 0, 0, 0
interval_timer.uops_total = 33619300638, 98311193, 80803136, 74528888, 79558643, 72511729, 93019159, 86383801, 112821471, 77959045, 104268890, 81781290, 92840242, 88584239, 93696820, 69749144
interval_timer.uops_x87 = 0, 0, 0, 0, 0, 0, 0, 0, 0, 0, 0, 0, 0, 0, 0, 0
ipc = 0.0623860811065
itlb.access = 4437994895, 8757038, 7342797, 6352544, 7193018, 6619727, 9387519, 7429393, 9532850, 7038731, 9929694, 7961984, 9105989, 8214885, 8582311, 6221966
itlb.miss = 304, 39, 38, 38, 39, 39, 39, 38, 35, 39, 39, 39, 39, 39, 39, 39
itlb_cache.access-mru-0 = 4181729839, 8755918, 7341402, 6351447, 7191891, 6614463, 9386810, 7427751, 9531395, 7038076, 9929118, 7960857, 9105338, 8214429, 8578183, 6219023
itlb_cache.access-mru-1 = 179091743, 1069, 1342, 1059, 1080, 5214, 662, 1587, 1420, 615, 533, 1084, 606, 415, 4087, 2903
itlb_cache.access-mru-2 = 66040002, 12, 15, 0, 8, 11, 8, 17, 0, 1, 4, 4, 6, 2, 2, 1
itlb_cache.access-mru-3 = 11133007, 0, 0, 0, 0, 0, 0, 0, 0, 0, 0, 0, 0, 0, 0, 0
L1-D.access-mru-0 = 12521636245, 44875060, 37432490, 33580805, 36564829, 33489197, 44832376, 38950112, 50282744, 35696159, 48677757, 38860944, 44018083, 41020203, 43222154, 31852857
L1-D.access-mru-1 = 265747564, 683616, 523240, 576422, 567161, 503926, 496392, 637395, 898238, 567017, 638415, 519545, 549793, 578420, 615239, 536157
L1-D.access-mru-2 = 36706017, 14635, 10695, 8219, 10676, 9286, 6977, 12548, 12582, 7622, 8927, 5800, 7363, 8173, 9450, 6562
L1-D.access-mru-3 = 4416995, 561, 498, 302, 379, 363, 288, 520, 453, 226, 284, 191, 192, 281, 331, 237
L1-D.backinval-D = 0, 0, 0, 0, 0, 0, 0, 0, 0, 0, 0, 0, 0, 0, 0, 0
L1-D.backinval-E = 136476818, 76788, 57774, 62633, 61144, 55125, 58245, 67630, 98238, 64496, 76481, 51469, 63933, 69961, 73546, 56951
L1-D.backinval-I = 0, 0, 0, 0, 0, 0, 0, 0, 0, 0, 0, 0, 0, 0, 0, 0
L1-D.backinval-M = 32003993, 28552, 31255, 35068, 27048, 25062, 23269, 36309, 49281, 24568, 23338, 31948, 23040, 20152, 26836, 28427
L1-D.backinval-O = 0, 0, 0, 0, 0, 0, 0, 0, 0, 0, 0, 0, 0, 0, 0, 0
L1-D.backinval-S = 9131, 7648, 7583, 6348, 7276, 6528, 4634, 9882, 9818, 4717, 5279, 6120, 4450, 4346, 5657, 5247
L1-D.backinval-u = 0, 0, 0, 0, 0, 0, 0, 0, 0, 0, 0, 0, 0, 0, 0, 0
L1-D.coherency-downgrades = 1265, 641, 295, 460, 542, 527, 381, 698, 1045, 381, 527, 305, 351, 437, 609, 932
L1-D.coherency-invalidates = 587, 74, 91, 53, 69, 166, 49, 96, 42, 58, 52, 63, 53, 56, 150, 506
L1-D.coherency-upgrades = 0, 0, 0, 0, 0, 0, 0, 0, 0, 0, 0, 0, 0, 0, 0, 0
L1-D.coherency-writebacks = 227, 30, 30, 20, 26, 63, 12, 33, 20, 37, 32, 34, 19, 25, 52, 177
L1-D.evict-D = 0, 0, 0, 0, 0, 0, 0, 0, 0, 0, 0, 0, 0, 0, 0, 0
L1-D.evict-E = 0, 0, 0, 0, 0, 0, 0, 0, 0, 0, 0, 0, 0, 0, 0, 0
L1-D.evict-I = 0, 0, 0, 0, 0, 0, 0, 0, 0, 0, 0, 0, 0, 0, 0, 0
L1-D.evict-M = 0, 0, 0, 0, 0, 0, 0, 0, 0, 0, 0, 0, 0, 0, 0, 0
L1-D.evict-O = 0, 0, 0, 0, 0, 0, 0, 0, 0, 0, 0, 0, 0, 0, 0, 0
L1-D.evict-prefetch = 0, 0, 0, 0, 0, 0, 0, 0, 0, 0, 0, 0, 0, 0, 0, 0
L1-D.evict-S = 0, 0, 0, 0, 0, 0, 0, 0, 0, 0, 0, 0, 0, 0, 0, 0
L1-D.evict-u = 0, 0, 0, 0, 0, 0, 0, 0, 0, 0, 0, 0, 0, 0, 0, 0
L1-D.evict-warmup = 0, 0, 0, 0, 0, 0, 0, 0, 0, 0, 0, 0, 0, 0, 0, 0
L1-D.hits-prefetch = 0, 0, 0, 0, 0, 0, 0, 0, 0, 0, 0, 0, 0, 0, 0, 0
L1-D.hits-warmup = 0, 0, 0, 0, 0, 0, 0, 0, 0, 0, 0, 0, 0, 0, 0, 0
L1-D.invalidate-prefetch = 0, 0, 0, 0, 0, 0, 0, 0, 0, 0, 0, 0, 0, 0, 0, 0
L1-D.invalidate-warmup = 0, 0, 0, 0, 0, 0, 0, 0, 0, 0, 0, 0, 0, 0, 0, 0
L1-D.load-misses = 150394491, 94025, 73891, 82934, 76161, 69253, 73191, 87570, 128223, 80019, 92646, 70425, 78408, 83798, 91592, 75379
L1-D.load-misses-D = 0, 0, 0, 0, 0, 0, 0, 0, 0, 0, 0, 0, 0, 0, 0, 0
L1-D.load-misses-E = 543354, 5, 7, 16, 14, 18, 6, 17, 28, 5, 5, 8, 4, 4, 4, 6
L1-D.load-misses-I = 149850402, 93978, 73838, 82890, 76114, 69061, 73164, 87510, 128167, 79988, 92617, 70375, 78376, 83771, 91413, 74645
L1-D.load-misses-M = 0, 0, 0, 0, 0, 0, 0, 0, 0, 0, 0, 0, 0, 0, 0, 0
L1-D.load-misses-O = 0, 0, 0, 0, 0, 0, 0, 0, 0, 0, 0, 0, 0, 0, 0, 0
L1-D.load-misses-S = 735, 42, 46, 28, 33, 174, 21, 43, 28, 26, 24, 42, 28, 23, 175, 728
L1-D.load-misses-u = 0, 0, 0, 0, 0, 0, 0, 0, 0, 0, 0, 0, 0, 0, 0, 0
L1-D.load-overlapping-misses = 0, 0, 0, 0, 0, 0, 0, 0, 0, 0, 0, 0, 0, 0, 0, 0
L1-D.loads = 7876549745, 30461940, 24696789, 23254768, 24569242, 22327674, 27688052, 26819447, 35340155, 24219363, 31733414, 24550426, 27992252, 27307903, 28835694, 21660051
L1-D.loads-D = 0, 0, 0, 0, 0, 0, 0, 0, 0, 0, 0, 0, 0, 0, 0, 0
L1-D.loads-E = 1963779494, 5110485, 3615084, 4610956, 4047014, 3532951, 4209346, 4445128, 7448314, 4807707, 5711782, 3887055, 4707306, 5154786, 5342090, 4195402
L1-D.loads-I = 149850402, 93978, 73838, 82890, 76114, 69061, 73164, 87510, 128167, 79988, 92617, 70375, 78376, 83771, 91413, 74645
L1-D.loads-M = 5761844285, 24574959, 20124767, 17852000, 19727065, 18024332, 22989561, 21240513, 26797298, 18916135, 25601188, 19852630, 22814957, 21828083, 22958309, 16784024
L1-D.loads-O = 0, 0, 0, 0, 0, 0, 0, 0, 0, 0, 0, 0, 0, 0, 0, 0
L1-D.loads-prefetch = 0, 0, 0, 0, 0, 0, 0, 0, 0, 0, 0, 0, 0, 0, 0, 0
L1-D.loads-S = 1075564, 682518, 883100, 708922, 719049, 701330, 415981, 1046296, 966376, 415533, 327827, 740366, 391613, 241263, 443882, 605980
L1-D.loads-u = 0, 0, 0, 0, 0, 0, 0, 0, 0, 0, 0, 0, 0, 0, 0, 0
L1-D.loads-where-cache-remote = 1045, 755, 334, 364, 458, 500, 455, 623, 1048, 387, 671, 373, 376, 470, 646, 890
L1-D.loads-where-dram = 0, 0, 0, 0, 0, 0, 0, 0, 0, 0, 0, 0, 0, 0, 0, 0
L1-D.loads-where-dram-cache = 0, 0, 0, 0, 0, 0, 0, 0, 0, 0, 0, 0, 0, 0, 0, 0
L1-D.loads-where-dram-local = 1298432, 0, 0, 0, 6593, 0, 0, 0, 8602, 0, 0, 0, 6287, 0, 0, 0
L1-D.loads-where-dram-remote = 3895427, 30956, 25767, 24579, 19598, 23819, 20403, 27399, 25626, 24962, 28266, 21086, 18988, 25225, 23620, 25949
L1-D.loads-where-L1 = 7726155254, 30367915, 24622898, 23171834, 24493081, 22258421, 27614861, 26731877, 35211932, 24139344, 31640768, 24480001, 27913844, 27224105, 28744102, 21584672
L1-D.loads-where-L1_S = 0, 0, 0, 0, 0, 0, 0, 0, 0, 0, 0, 0, 0, 0, 0, 0
L1-D.loads-where-L1I = 0, 0, 0, 0, 0, 0, 0, 0, 0, 0, 0, 0, 0, 0, 0, 0
L1-D.loads-where-L2 = 1784937, 63, 73, 55, 62, 211, 35, 81, 62, 57, 43, 74, 43, 46, 202, 774
L1-D.loads-where-L2_S = 0, 0, 0, 0, 0, 0, 0, 0, 0, 0, 0, 0, 0, 0, 0, 0
L1-D.loads-where-L3 = 0, 0, 0, 0, 0, 0, 0, 0, 0, 0, 0, 0, 0, 0, 0, 0
L1-D.loads-where-L3_S = 0, 0, 0, 0, 0, 0, 0, 0, 0, 0, 0, 0, 0, 0, 0, 0
L1-D.loads-where-L4 = 0, 0, 0, 0, 0, 0, 0, 0, 0, 0, 0, 0, 0, 0, 0, 0
L1-D.loads-where-L4_S = 0, 0, 0, 0, 0, 0, 0, 0, 0, 0, 0, 0, 0, 0, 0, 0
L1-D.loads-where-miss = 0, 0, 0, 0, 0, 0, 0, 0, 0, 0, 0, 0, 0, 0, 0, 0
L1-D.loads-where-nuca-cache = 0, 0, 0, 0, 0, 0, 0, 0, 0, 0, 0, 0, 0, 0, 0, 0
L1-D.loads-where-nuca-local = 6078012, 3776, 4301, 3820, 3394, 2458, 3283, 4300, 5202, 3095, 3228, 2391, 2854, 3070, 4373, 2865
L1-D.loads-where-nuca-remote = 137336638, 58475, 43416, 54116, 46056, 42265, 49015, 55167, 87683, 51518, 60438, 46501, 49860, 54987, 62751, 44901
L1-D.loads-where-predicate-false = 0, 0, 0, 0, 0, 0, 0, 0, 0, 0, 0, 0, 0, 0, 0, 0
L1-D.loads-where-prefetch-no-mapping = 0, 0, 0, 0, 0, 0, 0, 0, 0, 0, 0, 0, 0, 0, 0, 0
L1-D.loads-where-unknown = 0, 0, 0, 0, 0, 0, 0, 0, 0, 0, 0, 0, 0, 0, 0, 0
L1-D.mshr-latency = 0, 0, 0, 0, 0, 0, 0, 0, 0, 0, 0, 0, 0, 0, 0, 0
L1-D.next_read.no-free-slots = 0, 0, 0, 0, 0, 0, 0, 0, 0, 0, 0, 0, 0, 0, 0, 0
L1-D.next_read.num-barriers = 0, 0, 0, 0, 0, 0, 0, 0, 0, 0, 0, 0, 0, 0, 0, 0
L1-D.next_read.num-requests = 0, 0, 0, 0, 0, 0, 0, 0, 0, 0, 0, 0, 0, 0, 0, 0
L1-D.next_read.requests-out-of-order = 0, 0, 0, 0, 0, 0, 0, 0, 0, 0, 0, 0, 0, 0, 0, 0
L1-D.next_read.requests-simultaneous = 0, 0, 0, 0, 0, 0, 0, 0, 0, 0, 0, 0, 0, 0, 0, 0
L1-D.next_read.total-barrier-delay = 0, 0, 0, 0, 0, 0, 0, 0, 0, 0, 0, 0, 0, 0, 0, 0
L1-D.next_read.total-delay = 0, 0, 0, 0, 0, 0, 0, 0, 0, 0, 0, 0, 0, 0, 0, 0
L1-D.prefetches = 0, 0, 0, 0, 0, 0, 0, 0, 0, 0, 0, 0, 0, 0, 0, 0
L1-D.qbs-query-latency = 0, 0, 0, 0, 0, 0, 0, 0, 0, 0, 0, 0, 0, 0, 0, 0
L1-D.snoop-latency = 0, 0, 0, 0, 0, 0, 0, 0, 0, 0, 0, 0, 0, 0, 0, 0
L1-D.store-misses = 30220064, 28620, 31388, 35142, 27160, 25244, 23323, 36395, 49312, 24625, 23397, 31999, 23099, 20211, 26891, 28556
L1-D.store-misses-D = 0, 0, 0, 0, 0, 0, 0, 0, 0, 0, 0, 0, 0, 0, 0, 0
L1-D.store-misses-E = 11579420, 9143, 8273, 13735, 7494, 7135, 9920, 9643, 19715, 10444, 10462, 12408, 9648, 9121, 11710, 11679
L1-D.store-misses-I = 18640615, 19457, 23085, 21383, 19643, 18086, 13385, 26722, 29579, 14165, 12913, 19569, 13431, 11073, 15159, 16850
L1-D.store-misses-M = 0, 0, 0, 0, 0, 0, 0, 0, 0, 0, 0, 0, 0, 0, 0, 0
L1-D.store-misses-O = 0, 0, 0, 0, 0, 0, 0, 0, 0, 0, 0, 0, 0, 0, 0, 0
L1-D.store-misses-S = 29, 20, 30, 24, 23, 23, 18, 30, 18, 16, 22, 22, 20, 17, 22, 27
L1-D.store-misses-u = 0, 0, 0, 0, 0, 0, 0, 0, 0, 0, 0, 0, 0, 0, 0, 0
L1-D.store-overlapping-misses = 0, 0, 0, 0, 0, 0, 0, 0, 0, 0, 0, 0, 0, 0, 0, 0
L1-D.stores = 5132571631, 15234577, 13375413, 11029056, 12677124, 11769595, 17744495, 12905093, 16031397, 12156305, 17708012, 14938478, 16684686, 14403183, 15129963, 10839697
L1-D.stores-D = 0, 0, 0, 0, 0, 0, 0, 0, 0, 0, 0, 0, 0, 0, 0, 0
L1-D.stores-E = 11579420, 9143, 8273, 13735, 7494, 7135, 9920, 9643, 19715, 10444, 10462, 12408, 9648, 9121, 11710, 11679
L1-D.stores-I = 18640615, 19457, 23085, 21383, 19643, 18086, 13385, 26722, 29579, 14165, 12913, 19569, 13431, 11073, 15159, 16850
L1-D.stores-M = 5102351567, 15205957, 13344025, 10993914, 12649964, 11744351, 17721172, 12868698, 15982085, 12131680, 17684615, 14906479, 16661587, 14382972, 15103072, 10811141
L1-D.stores-O = 0, 0, 0, 0, 0, 0, 0, 0, 0, 0, 0, 0, 0, 0, 0, 0
L1-D.stores-prefetch = 0, 0, 0, 0, 0, 0, 0, 0, 0, 0, 0, 0, 0, 0, 0, 0
L1-D.stores-S = 29, 20, 30, 24, 23, 23, 18, 30, 18, 16, 22, 22, 20, 17, 22, 27
L1-D.stores-u = 0, 0, 0, 0, 0, 0, 0, 0, 0, 0, 0, 0, 0, 0, 0, 0
L1-D.stores-where-cache-remote = 0, 0, 0, 0, 0, 0, 0, 0, 0, 0, 0, 0, 0, 0, 0, 0
L1-D.stores-where-dram = 0, 0, 0, 0, 0, 0, 0, 0, 0, 0, 0, 0, 0, 0, 0, 0
L1-D.stores-where-dram-cache = 0, 0, 0, 0, 0, 0, 0, 0, 0, 0, 0, 0, 0, 0, 0, 0
L1-D.stores-where-dram-local = 0, 0, 0, 0, 0, 0, 0, 0, 0, 0, 0, 0, 0, 0, 0, 0
L1-D.stores-where-dram-remote = 0, 0, 0, 0, 0, 0, 0, 0, 0, 0, 0, 0, 0, 0, 0, 0
L1-D.stores-where-L1 = 5102351567, 15205957, 13344025, 10993914, 12649964, 11744351, 17721172, 12868698, 15982085, 12131680, 17684615, 14906479, 16661587, 14382972, 15103072, 10811141
L1-D.stores-where-L1_S = 0, 0, 0, 0, 0, 0, 0, 0, 0, 0, 0, 0, 0, 0, 0, 0
L1-D.stores-where-L1I = 0, 0, 0, 0, 0, 0, 0, 0, 0, 0, 0, 0, 0, 0, 0, 0
L1-D.stores-where-L2 = 30220064, 28620, 31388, 35142, 27160, 25244, 23323, 36395, 49312, 24625, 23397, 31999, 23099, 20211, 26891, 28556
L1-D.stores-where-L2_S = 0, 0, 0, 0, 0, 0, 0, 0, 0, 0, 0, 0, 0, 0, 0, 0
L1-D.stores-where-L3 = 0, 0, 0, 0, 0, 0, 0, 0, 0, 0, 0, 0, 0, 0, 0, 0
L1-D.stores-where-L3_S = 0, 0, 0, 0, 0, 0, 0, 0, 0, 0, 0, 0, 0, 0, 0, 0
L1-D.stores-where-L4 = 0, 0, 0, 0, 0, 0, 0, 0, 0, 0, 0, 0, 0, 0, 0, 0
L1-D.stores-where-L4_S = 0, 0, 0, 0, 0, 0, 0, 0, 0, 0, 0, 0, 0, 0, 0, 0
L1-D.stores-where-miss = 0, 0, 0, 0, 0, 0, 0, 0, 0, 0, 0, 0, 0, 0, 0, 0
L1-D.stores-where-nuca-cache = 0, 0, 0, 0, 0, 0, 0, 0, 0, 0, 0, 0, 0, 0, 0, 0
L1-D.stores-where-nuca-local = 0, 0, 0, 0, 0, 0, 0, 0, 0, 0, 0, 0, 0, 0, 0, 0
L1-D.stores-where-nuca-remote = 0, 0, 0, 0, 0, 0, 0, 0, 0, 0, 0, 0, 0, 0, 0, 0
L1-D.stores-where-predicate-false = 0, 0, 0, 0, 0, 0, 0, 0, 0, 0, 0, 0, 0, 0, 0, 0
L1-D.stores-where-prefetch-no-mapping = 0, 0, 0, 0, 0, 0, 0, 0, 0, 0, 0, 0, 0, 0, 0, 0
L1-D.stores-where-unknown = 0, 0, 0, 0, 0, 0, 0, 0, 0, 0, 0, 0, 0, 0, 0, 0
L1-D.total-latency = 4416740668353786, 4238383559428, 3667834803945, 3850387852835, 3707449846670, 3285849598054, 3026101470458, 4175232331224, 5457911242678, 3456138626874, 3804231498586, 3309013815430, 3548822462905, 3510255034488, 3706172325881, 3661723035851
L1-I.access-mru-0 = 3203285684, 8293397, 6906646, 5980682, 6817491, 6271169, 8882837, 7018213, 9032538, 6688814, 9470808, 7552042, 8662433, 7821539, 8133139, 5901378
L1-I.access-mru-1 = 589946126, 336800, 290450, 241515, 250038, 231777, 415367, 240462, 318633, 260613, 373342, 283884, 356408, 321821, 353156, 212836
L1-I.access-mru-2 = 297432837, 33566, 47243, 27814, 37303, 35361, 14421, 55923, 37583, 14194, 8970, 29384, 13185, 5305, 12341, 22582
L1-I.access-mru-3 = 62458419, 9246, 12869, 3941, 10313, 9584, 1892, 15793, 4902, 1809, 1162, 3941, 1838, 632, 1670, 3478
L1-I.backinval-D = 0, 0, 0, 0, 0, 0, 0, 0, 0, 0, 0, 0, 0, 0, 0, 0
L1-I.backinval-E = 284780164, 585, 509, 4020, 863, 1253, 440, 588, 7844, 657, 732, 1627, 835, 875, 1141, 698
L1-I.backinval-I = 0, 0, 0, 0, 0, 0, 0, 0, 0, 0, 0, 0, 0, 0, 0, 0
L1-I.backinval-M = 0, 0, 0, 0, 0, 0, 0, 0, 0, 0, 0, 0, 0, 0, 0, 0
L1-I.backinval-O = 0, 0, 0, 0, 0, 0, 0, 0, 0, 0, 0, 0, 0, 0, 0, 0
L1-I.backinval-S = 91417, 83278, 84761, 94214, 76695, 70277, 72393, 98186, 131188, 72412, 74519, 90907, 71093, 64508, 80687, 80671
L1-I.backinval-u = 0, 0, 0, 0, 0, 0, 0, 0, 0, 0, 0, 0, 0, 0, 0, 0
L1-I.coherency-downgrades = 1347, 638, 630, 2123, 1013, 959, 866, 1343, 2998, 743, 665, 1169, 273, 776, 1248, 910
L1-I.coherency-invalidates = 0, 0, 0, 0, 0, 0, 0, 0, 0, 0, 0, 0, 0, 0, 0, 0
L1-I.coherency-upgrades = 0, 0, 0, 0, 0, 0, 0, 0, 0, 0, 0, 0, 0, 0, 0, 0
L1-I.coherency-writebacks = 0, 0, 0, 0, 0, 0, 0, 0, 0, 0, 0, 0, 0, 0, 0, 0
L1-I.evict-D = 0, 0, 0, 0, 0, 0, 0, 0, 0, 0, 0, 0, 0, 0, 0, 0
L1-I.evict-E = 0, 0, 0, 0, 0, 0, 0, 0, 0, 0, 0, 0, 0, 0, 0, 0
L1-I.evict-I = 0, 0, 0, 0, 0, 0, 0, 0, 0, 0, 0, 0, 0, 0, 0, 0
L1-I.evict-M = 0, 0, 0, 0, 0, 0, 0, 0, 0, 0, 0, 0, 0, 0, 0, 0
L1-I.evict-O = 0, 0, 0, 0, 0, 0, 0, 0, 0, 0, 0, 0, 0, 0, 0, 0
L1-I.evict-prefetch = 0, 0, 0, 0, 0, 0, 0, 0, 0, 0, 0, 0, 0, 0, 0, 0
L1-I.evict-S = 0, 0, 0, 0, 0, 0, 0, 0, 0, 0, 0, 0, 0, 0, 0, 0
L1-I.evict-u = 0, 0, 0, 0, 0, 0, 0, 0, 0, 0, 0, 0, 0, 0, 0, 0
L1-I.evict-warmup = 0, 0, 0, 0, 0, 0, 0, 0, 0, 0, 0, 0, 0, 0, 0, 0
L1-I.hits-prefetch = 0, 0, 0, 0, 0, 0, 0, 0, 0, 0, 0, 0, 0, 0, 0, 0
L1-I.hits-warmup = 0, 0, 0, 0, 0, 0, 0, 0, 0, 0, 0, 0, 0, 0, 0, 0
L1-I.invalidate-prefetch = 0, 0, 0, 0, 0, 0, 0, 0, 0, 0, 0, 0, 0, 0, 0, 0
L1-I.invalidate-warmup = 0, 0, 0, 0, 0, 0, 0, 0, 0, 0, 0, 0, 0, 0, 0, 0
L1-I.load-misses = 284871829, 84029, 85589, 98592, 77873, 71836, 73002, 99002, 139194, 73301, 75412, 92733, 72125, 65588, 82005, 81692
L1-I.load-misses-D = 0, 0, 0, 0, 0, 0, 0, 0, 0, 0, 0, 0, 0, 0, 0, 0
L1-I.load-misses-E = 0, 0, 0, 0, 0, 0, 0, 0, 0, 0, 0, 0, 0, 0, 0, 0
L1-I.load-misses-I = 284871829, 84029, 85589, 98592, 77873, 71836, 73002, 99002, 139194, 73301, 75412, 92733, 72125, 65588, 82005, 81692
L1-I.load-misses-M = 0, 0, 0, 0, 0, 0, 0, 0, 0, 0, 0, 0, 0, 0, 0, 0
L1-I.load-misses-O = 0, 0, 0, 0, 0, 0, 0, 0, 0, 0, 0, 0, 0, 0, 0, 0
L1-I.load-misses-S = 0, 0, 0, 0, 0, 0, 0, 0, 0, 0, 0, 0, 0, 0, 0, 0
L1-I.load-misses-u = 0, 0, 0, 0, 0, 0, 0, 0, 0, 0, 0, 0, 0, 0, 0, 0
L1-I.load-overlapping-misses = 0, 0, 0, 0, 0, 0, 0, 0, 0, 0, 0, 0, 0, 0, 0, 0
L1-I.loads = 4437994895, 8757038, 7342797, 6352544, 7193018, 6619727, 9387519, 7429393, 9532850, 7038731, 9929694, 7961984, 9105989, 8214885, 8582311, 6221966
L1-I.loads-D = 0, 0, 0, 0, 0, 0, 0, 0, 0, 0, 0, 0, 0, 0, 0, 0
L1-I.loads-E = 4147041132, 32550, 86504, 64091, 43963, 64055, 30943, 22107, 110598, 71342, 71509, 401545, 247337, 163773, 329015, 17082
L1-I.loads-I = 284871829, 84029, 85589, 98592, 77873, 71836, 73002, 99002, 139194, 73301, 75412, 92733, 72125, 65588, 82005, 81692
L1-I.loads-M = 0, 0, 0, 0, 0, 0, 0, 0, 0, 0, 0, 0, 0, 0, 0, 0
L1-I.loads-O = 0, 0, 0, 0, 0, 0, 0, 0, 0, 0, 0, 0, 0, 0, 0, 0
L1-I.loads-prefetch = 0, 0, 0, 0, 0, 0, 0, 0, 0, 0, 0, 0, 0, 0, 0, 0
L1-I.loads-S = 6081934, 8640459, 7170704, 6189861, 7071182, 6483836, 9283574, 7308284, 9283058, 6894088, 9782773, 7467706, 8786527, 7985524, 8171291, 6123192
L1-I.loads-u = 0, 0, 0, 0, 0, 0, 0, 0, 0, 0, 0, 0, 0, 0, 0, 0
L1-I.loads-where-cache-remote = 1339, 832, 844, 1505, 920, 1213, 1106, 1386, 1511, 1027, 979, 1233, 656, 1005, 925, 1219
L1-I.loads-where-dram = 0, 0, 0, 0, 0, 0, 0, 0, 0, 0, 0, 0, 0, 0, 0, 0
L1-I.loads-where-dram-cache = 0, 0, 0, 0, 0, 0, 0, 0, 0, 0, 0, 0, 0, 0, 0, 0
L1-I.loads-where-dram-local = 1513, 0, 0, 0, 1, 0, 0, 0, 5, 0, 0, 0, 4, 0, 0, 0
L1-I.loads-where-dram-remote = 4567, 111, 10, 0, 1, 52, 170, 29, 10, 18, 68, 161, 12, 27, 36, 53
L1-I.loads-where-L1 = 0, 0, 0, 0, 0, 0, 0, 0, 0, 0, 0, 0, 0, 0, 0, 0
L1-I.loads-where-L1_S = 0, 0, 0, 0, 0, 0, 0, 0, 0, 0, 0, 0, 0, 0, 0, 0
L1-I.loads-where-L1I = 4153123066, 8673009, 7257208, 6253952, 7115145, 6547891, 9314517, 7330391, 9393656, 6965430, 9854282, 7869251, 9033864, 8149297, 8500306, 6140274
L1-I.loads-where-L2 = 0, 0, 0, 0, 0, 0, 0, 0, 0, 0, 0, 0, 0, 0, 0, 0
L1-I.loads-where-L2_S = 0, 0, 0, 0, 0, 0, 0, 0, 0, 0, 0, 0, 0, 0, 0, 0
L1-I.loads-where-L3 = 0, 0, 0, 0, 0, 0, 0, 0, 0, 0, 0, 0, 0, 0, 0, 0
L1-I.loads-where-L3_S = 0, 0, 0, 0, 0, 0, 0, 0, 0, 0, 0, 0, 0, 0, 0, 0
L1-I.loads-where-L4 = 0, 0, 0, 0, 0, 0, 0, 0, 0, 0, 0, 0, 0, 0, 0, 0
L1-I.loads-where-L4_S = 0, 0, 0, 0, 0, 0, 0, 0, 0, 0, 0, 0, 0, 0, 0, 0
L1-I.loads-where-miss = 0, 0, 0, 0, 0, 0, 0, 0, 0, 0, 0, 0, 0, 0, 0, 0
L1-I.loads-where-nuca-cache = 0, 0, 0, 0, 0, 0, 0, 0, 0, 0, 0, 0, 0, 0, 0, 0
L1-I.loads-where-nuca-local = 8314565, 5547, 5802, 7984, 5501, 4418, 4427, 6295, 6381, 3571, 3705, 4027, 4229, 3826, 5255, 4716
L1-I.loads-where-nuca-remote = 276549845, 77539, 78933, 89103, 71450, 66153, 67299, 91292, 131287, 68685, 70660, 87312, 67224, 60730, 75789, 75704
L1-I.loads-where-predicate-false = 0, 0, 0, 0, 0, 0, 0, 0, 0, 0, 0, 0, 0, 0, 0, 0
L1-I.loads-where-prefetch-no-mapping = 0, 0, 0, 0, 0, 0, 0, 0, 0, 0, 0, 0, 0, 0, 0, 0
L1-I.loads-where-unknown = 0, 0, 0, 0, 0, 0, 0, 0, 0, 0, 0, 0, 0, 0, 0, 0
L1-I.mshr-latency = 0, 0, 0, 0, 0, 0, 0, 0, 0, 0, 0, 0, 0, 0, 0, 0
L1-I.next_read.no-free-slots = 0, 0, 0, 0, 0, 0, 0, 0, 0, 0, 0, 0, 0, 0, 0, 0
L1-I.next_read.num-barriers = 0, 0, 0, 0, 0, 0, 0, 0, 0, 0, 0, 0, 0, 0, 0, 0
L1-I.next_read.num-requests = 0, 0, 0, 0, 0, 0, 0, 0, 0, 0, 0, 0, 0, 0, 0, 0
L1-I.next_read.requests-out-of-order = 0, 0, 0, 0, 0, 0, 0, 0, 0, 0, 0, 0, 0, 0, 0, 0
L1-I.next_read.requests-simultaneous = 0, 0, 0, 0, 0, 0, 0, 0, 0, 0, 0, 0, 0, 0, 0, 0
L1-I.next_read.total-barrier-delay = 0, 0, 0, 0, 0, 0, 0, 0, 0, 0, 0, 0, 0, 0, 0, 0
L1-I.next_read.total-delay = 0, 0, 0, 0, 0, 0, 0, 0, 0, 0, 0, 0, 0, 0, 0, 0
L1-I.prefetches = 0, 0, 0, 0, 0, 0, 0, 0, 0, 0, 0, 0, 0, 0, 0, 0
L1-I.qbs-query-latency = 0, 0, 0, 0, 0, 0, 0, 0, 0, 0, 0, 0, 0, 0, 0, 0
L1-I.snoop-latency = 0, 0, 0, 0, 0, 0, 0, 0, 0, 0, 0, 0, 0, 0, 0, 0
L1-I.store-misses = 0, 0, 0, 0, 0, 0, 0, 0, 0, 0, 0, 0, 0, 0, 0, 0
L1-I.store-misses-D = 0, 0, 0, 0, 0, 0, 0, 0, 0, 0, 0, 0, 0, 0, 0, 0
L1-I.store-misses-E = 0, 0, 0, 0, 0, 0, 0, 0, 0, 0, 0, 0, 0, 0, 0, 0
L1-I.store-misses-I = 0, 0, 0, 0, 0, 0, 0, 0, 0, 0, 0, 0, 0, 0, 0, 0
L1-I.store-misses-M = 0, 0, 0, 0, 0, 0, 0, 0, 0, 0, 0, 0, 0, 0, 0, 0
L1-I.store-misses-O = 0, 0, 0, 0, 0, 0, 0, 0, 0, 0, 0, 0, 0, 0, 0, 0
L1-I.store-misses-S = 0, 0, 0, 0, 0, 0, 0, 0, 0, 0, 0, 0, 0, 0, 0, 0
L1-I.store-misses-u = 0, 0, 0, 0, 0, 0, 0, 0, 0, 0, 0, 0, 0, 0, 0, 0
L1-I.store-overlapping-misses = 0, 0, 0, 0, 0, 0, 0, 0, 0, 0, 0, 0, 0, 0, 0, 0
L1-I.stores = 0, 0, 0, 0, 0, 0, 0, 0, 0, 0, 0, 0, 0, 0, 0, 0
L1-I.stores-D = 0, 0, 0, 0, 0, 0, 0, 0, 0, 0, 0, 0, 0, 0, 0, 0
L1-I.stores-E = 0, 0, 0, 0, 0, 0, 0, 0, 0, 0, 0, 0, 0, 0, 0, 0
L1-I.stores-I = 0, 0, 0, 0, 0, 0, 0, 0, 0, 0, 0, 0, 0, 0, 0, 0
L1-I.stores-M = 0, 0, 0, 0, 0, 0, 0, 0, 0, 0, 0, 0, 0, 0, 0, 0
L1-I.stores-O = 0, 0, 0, 0, 0, 0, 0, 0, 0, 0, 0, 0, 0, 0, 0, 0
L1-I.stores-prefetch = 0, 0, 0, 0, 0, 0, 0, 0, 0, 0, 0, 0, 0, 0, 0, 0
L1-I.stores-S = 0, 0, 0, 0, 0, 0, 0, 0, 0, 0, 0, 0, 0, 0, 0, 0
L1-I.stores-u = 0, 0, 0, 0, 0, 0, 0, 0, 0, 0, 0, 0, 0, 0, 0, 0
L1-I.stores-where-cache-remote = 0, 0, 0, 0, 0, 0, 0, 0, 0, 0, 0, 0, 0, 0, 0, 0
L1-I.stores-where-dram = 0, 0, 0, 0, 0, 0, 0, 0, 0, 0, 0, 0, 0, 0, 0, 0
L1-I.stores-where-dram-cache = 0, 0, 0, 0, 0, 0, 0, 0, 0, 0, 0, 0, 0, 0, 0, 0
L1-I.stores-where-dram-local = 0, 0, 0, 0, 0, 0, 0, 0, 0, 0, 0, 0, 0, 0, 0, 0
L1-I.stores-where-dram-remote = 0, 0, 0, 0, 0, 0, 0, 0, 0, 0, 0, 0, 0, 0, 0, 0
L1-I.stores-where-L1 = 0, 0, 0, 0, 0, 0, 0, 0, 0, 0, 0, 0, 0, 0, 0, 0
L1-I.stores-where-L1_S = 0, 0, 0, 0, 0, 0, 0, 0, 0, 0, 0, 0, 0, 0, 0, 0
L1-I.stores-where-L1I = 0, 0, 0, 0, 0, 0, 0, 0, 0, 0, 0, 0, 0, 0, 0, 0
L1-I.stores-where-L2 = 0, 0, 0, 0, 0, 0, 0, 0, 0, 0, 0, 0, 0, 0, 0, 0
L1-I.stores-where-L2_S = 0, 0, 0, 0, 0, 0, 0, 0, 0, 0, 0, 0, 0, 0, 0, 0
L1-I.stores-where-L3 = 0, 0, 0, 0, 0, 0, 0, 0, 0, 0, 0, 0, 0, 0, 0, 0
L1-I.stores-where-L3_S = 0, 0, 0, 0, 0, 0, 0, 0, 0, 0, 0, 0, 0, 0, 0, 0
L1-I.stores-where-L4 = 0, 0, 0, 0, 0, 0, 0, 0, 0, 0, 0, 0, 0, 0, 0, 0
L1-I.stores-where-L4_S = 0, 0, 0, 0, 0, 0, 0, 0, 0, 0, 0, 0, 0, 0, 0, 0
L1-I.stores-where-miss = 0, 0, 0, 0, 0, 0, 0, 0, 0, 0, 0, 0, 0, 0, 0, 0
L1-I.stores-where-nuca-cache = 0, 0, 0, 0, 0, 0, 0, 0, 0, 0, 0, 0, 0, 0, 0, 0
L1-I.stores-where-nuca-local = 0, 0, 0, 0, 0, 0, 0, 0, 0, 0, 0, 0, 0, 0, 0, 0
L1-I.stores-where-nuca-remote = 0, 0, 0, 0, 0, 0, 0, 0, 0, 0, 0, 0, 0, 0, 0, 0
L1-I.stores-where-predicate-false = 0, 0, 0, 0, 0, 0, 0, 0, 0, 0, 0, 0, 0, 0, 0, 0
L1-I.stores-where-prefetch-no-mapping = 0, 0, 0, 0, 0, 0, 0, 0, 0, 0, 0, 0, 0, 0, 0, 0
L1-I.stores-where-unknown = 0, 0, 0, 0, 0, 0, 0, 0, 0, 0, 0, 0, 0, 0, 0, 0
L1-I.total-latency = 6417627997151534, 2104525606817, 2215665454616, 2468074659186, 1992361634767, 1774068132493, 1669851048638, 2589652134390, 3278917465849, 1679798948510, 1690992473305, 2280285673876, 1742703948002, 1547713113725, 1973835215215, 2080078297622
l1misslat = 24536279.8806
L2.access-mru-0 = 1, 0, 0, 0, 0, 0, 0, 0, 0, 0, 0, 0, 0, 0, 0, 0
L2.access-mru-1 = 0, 0, 0, 0, 0, 0, 0, 0, 0, 0, 0, 0, 0, 0, 0, 0
L2.access-mru-2 = 0, 0, 0, 0, 0, 0, 0, 0, 0, 0, 0, 0, 0, 0, 0, 0
L2.access-mru-3 = 0, 0, 0, 0, 0, 0, 0, 0, 0, 0, 0, 0, 0, 0, 0, 0
L2.backinval-D = 0, 0, 0, 0, 0, 0, 0, 0, 0, 0, 0, 0, 0, 0, 0, 0
L2.backinval-E = 0, 0, 0, 0, 0, 0, 0, 0, 0, 0, 0, 0, 0, 0, 0, 0
L2.backinval-I = 0, 0, 0, 0, 0, 0, 0, 0, 0, 0, 0, 0, 0, 0, 0, 0
L2.backinval-M = 0, 0, 0, 0, 0, 0, 0, 0, 0, 0, 0, 0, 0, 0, 0, 0
L2.backinval-O = 0, 0, 0, 0, 0, 0, 0, 0, 0, 0, 0, 0, 0, 0, 0, 0
L2.backinval-S = 0, 0, 0, 0, 0, 0, 0, 0, 0, 0, 0, 0, 0, 0, 0, 0
L2.backinval-u = 0, 0, 0, 0, 0, 0, 0, 0, 0, 0, 0, 0, 0, 0, 0, 0
L2.coherency-downgrades = 2610, 1279, 925, 2583, 1555, 1486, 1247, 2041, 4043, 1124, 1192, 1474, 624, 1213, 1857, 1842
L2.coherency-invalidates = 712, 81, 103, 62, 77, 193, 51, 109, 51, 61, 59, 70, 58, 59, 187, 622
L2.coherency-upgrades = 637, 55, 64, 43, 48, 170, 37, 60, 37, 39, 39, 57, 43, 37, 159, 638
L2.coherency-writebacks = 227, 30, 30, 20, 26, 63, 12, 33, 20, 37, 32, 34, 19, 25, 52, 177
L2.evict-D = 0, 0, 0, 0, 0, 0, 0, 0, 0, 0, 0, 0, 0, 0, 0, 0
L2.evict-E = 421256982, 77373, 58283, 66653, 62007, 56378, 58685, 68218, 106082, 65153, 77213, 53096, 64768, 70836, 74687, 57649
L2.evict-I = 0, 0, 0, 0, 0, 0, 0, 0, 0, 0, 0, 0, 0, 0, 0, 0
L2.evict-M = 32003993, 28552, 31255, 35068, 27048, 25062, 23269, 36309, 49281, 24568, 23338, 31948, 23040, 20152, 26836, 28427
L2.evict-O = 0, 0, 0, 0, 0, 0, 0, 0, 0, 0, 0, 0, 0, 0, 0, 0
L2.evict-prefetch = 0, 0, 0, 0, 0, 0, 0, 0, 0, 0, 0, 0, 0, 0, 0, 0
L2.evict-S = 100547, 90926, 92344, 100562, 83971, 76805, 77027, 108068, 141006, 77129, 79798, 97027, 75543, 68854, 86344, 85918
L2.evict-u = 0, 0, 0, 0, 0, 0, 0, 0, 0, 0, 0, 0, 0, 0, 0, 0
L2.evict-warmup = 0, 0, 0, 0, 0, 0, 0, 0, 0, 0, 0, 0, 0, 0, 0, 0
L2.hits-prefetch = 0, 0, 0, 0, 0, 0, 0, 0, 0, 0, 0, 0, 0, 0, 0, 0
L2.hits-warmup = 0, 0, 0, 0, 0, 0, 0, 0, 0, 0, 0, 0, 0, 0, 0, 0
L2.invalidate-prefetch = 0, 0, 0, 0, 0, 0, 0, 0, 0, 0, 0, 0, 0, 0, 0, 0
L2.invalidate-warmup = 0, 0, 0, 0, 0, 0, 0, 0, 0, 0, 0, 0, 0, 0, 0, 0
L2.load-misses = 435266319, 178054, 159480, 181526, 154034, 141089, 146193, 186572, 267417, 153320, 168058, 163158, 150533, 149386, 173597, 157071
L2.load-misses-D = 0, 0, 0, 0, 0, 0, 0, 0, 0, 0, 0, 0, 0, 0, 0, 0
L2.load-misses-E = 543354, 5, 7, 16, 14, 18, 6, 17, 28, 5, 5, 8, 4, 4, 4, 6
L2.load-misses-I = 434722232, 178007, 159427, 181482, 153987, 140897, 146166, 186512, 267361, 153289, 168029, 163108, 150501, 149359, 173419, 156338
L2.load-misses-M = 0, 0, 0, 0, 0, 0, 0, 0, 0, 0, 0, 0, 0, 0, 0, 0
L2.load-misses-O = 0, 0, 0, 0, 0, 0, 0, 0, 0, 0, 0, 0, 0, 0, 0, 0
L2.load-misses-S = 733, 42, 46, 28, 33, 174, 21, 43, 28, 26, 24, 42, 28, 23, 174, 727
L2.load-misses-u = 0, 0, 0, 0, 0, 0, 0, 0, 0, 0, 0, 0, 0, 0, 0, 0
L2.load-overlapping-misses = 618, 48, 68, 52, 53, 160, 25, 69, 61, 38, 39, 56, 41, 37, 156, 591
L2.loads = 435266320, 178054, 159480, 181526, 154034, 141089, 146193, 186572, 267417, 153320, 168058, 163158, 150533, 149386, 173597, 157071
L2.loads-D = 0, 0, 0, 0, 0, 0, 0, 0, 0, 0, 0, 0, 0, 0, 0, 0
L2.loads-E = 543355, 5, 7, 16, 14, 18, 6, 17, 28, 5, 5, 8, 4, 4, 4, 6
L2.loads-I = 434722232, 178007, 159427, 181482, 153987, 140897, 146166, 186512, 267361, 153289, 168029, 163108, 150501, 149359, 173419, 156338
L2.loads-M = 0, 0, 0, 0, 0, 0, 0, 0, 0, 0, 0, 0, 0, 0, 0, 0
L2.loads-O = 0, 0, 0, 0, 0, 0, 0, 0, 0, 0, 0, 0, 0, 0, 0, 0
L2.loads-prefetch = 0, 0, 0, 0, 0, 0, 0, 0, 0, 0, 0, 0, 0, 0, 0, 0
L2.loads-S = 733, 42, 46, 28, 33, 174, 21, 43, 28, 26, 24, 42, 28, 23, 174, 727
L2.loads-u = 0, 0, 0, 0, 0, 0, 0, 0, 0, 0, 0, 0, 0, 0, 0, 0
L2.mshr-latency = 0, 0, 0, 0, 0, 0, 0, 0, 0, 0, 0, 0, 0, 0, 0, 0
L2.next_read.no-free-slots = 0, 0, 0, 0, 0, 0, 0, 0, 0, 0, 0, 0, 0, 0, 0, 0
L2.next_read.num-barriers = 0, 0, 0, 0, 0, 0, 0, 0, 0, 0, 0, 0, 0, 0, 0, 0
L2.next_read.num-requests = 0, 0, 0, 0, 0, 0, 0, 0, 0, 0, 0, 0, 0, 0, 0, 0
L2.next_read.requests-out-of-order = 0, 0, 0, 0, 0, 0, 0, 0, 0, 0, 0, 0, 0, 0, 0, 0
L2.next_read.requests-simultaneous = 0, 0, 0, 0, 0, 0, 0, 0, 0, 0, 0, 0, 0, 0, 0, 0
L2.next_read.total-barrier-delay = 0, 0, 0, 0, 0, 0, 0, 0, 0, 0, 0, 0, 0, 0, 0, 0
L2.next_read.total-delay = 0, 0, 0, 0, 0, 0, 0, 0, 0, 0, 0, 0, 0, 0, 0, 0
L2.prefetches = 0, 0, 0, 0, 0, 0, 0, 0, 0, 0, 0, 0, 0, 0, 0, 0
L2.qbs-query-latency = 0, 0, 0, 0, 0, 0, 0, 0, 0, 0, 0, 0, 0, 0, 0, 0
L2.snoop-latency = 0, 0, 0, 0, 0, 0, 0, 0, 0, 0, 0, 0, 0, 0, 0, 0
L2.store-misses = 30220064, 28620, 31388, 35142, 27160, 25244, 23323, 36395, 49312, 24625, 23397, 31999, 23099, 20211, 26891, 28556
L2.store-misses-D = 0, 0, 0, 0, 0, 0, 0, 0, 0, 0, 0, 0, 0, 0, 0, 0
L2.store-misses-E = 11579420, 9143, 8273, 13735, 7494, 7135, 9920, 9643, 19715, 10444, 10462, 12408, 9648, 9121, 11710, 11679
L2.store-misses-I = 18640615, 19457, 23085, 21383, 19643, 18086, 13385, 26722, 29579, 14165, 12913, 19569, 13431, 11073, 15159, 16850
L2.store-misses-M = 0, 0, 0, 0, 0, 0, 0, 0, 0, 0, 0, 0, 0, 0, 0, 0
L2.store-misses-O = 0, 0, 0, 0, 0, 0, 0, 0, 0, 0, 0, 0, 0, 0, 0, 0
L2.store-misses-S = 29, 20, 30, 24, 23, 23, 18, 30, 18, 16, 22, 22, 20, 17, 22, 27
L2.store-misses-u = 0, 0, 0, 0, 0, 0, 0, 0, 0, 0, 0, 0, 0, 0, 0, 0
L2.store-overlapping-misses = 5577287, 1418, 1221, 2246, 1168, 990, 1526, 1050, 3023, 1719, 2062, 1602, 1753, 2183, 2574, 1965
L2.stores = 30220064, 28620, 31388, 35142, 27160, 25244, 23323, 36395, 49312, 24625, 23397, 31999, 23099, 20211, 26891, 28556
L2.stores-D = 0, 0, 0, 0, 0, 0, 0, 0, 0, 0, 0, 0, 0, 0, 0, 0
L2.stores-E = 11579420, 9143, 8273, 13735, 7494, 7135, 9920, 9643, 19715, 10444, 10462, 12408, 9648, 9121, 11710, 11679
L2.stores-I = 18640615, 19457, 23085, 21383, 19643, 18086, 13385, 26722, 29579, 14165, 12913, 19569, 13431, 11073, 15159, 16850
L2.stores-M = 0, 0, 0, 0, 0, 0, 0, 0, 0, 0, 0, 0, 0, 0, 0, 0
L2.stores-O = 0, 0, 0, 0, 0, 0, 0, 0, 0, 0, 0, 0, 0, 0, 0, 0
L2.stores-prefetch = 0, 0, 0, 0, 0, 0, 0, 0, 0, 0, 0, 0, 0, 0, 0, 0
L2.stores-S = 29, 20, 30, 24, 23, 23, 18, 30, 18, 16, 22, 22, 20, 17, 22, 27
L2.stores-u = 0, 0, 0, 0, 0, 0, 0, 0, 0, 0, 0, 0, 0, 0, 0, 0
L2.total-latency = 0, 0, 0, 0, 0, 0, 0, 0, 0, 0, 0, 0, 0, 0, 0, 0
L2.uncore-requests = 453363575, 197522, 182582, 202915, 173682, 159170, 159589, 213306, 296984, 167493, 180987, 182738, 163980, 160471, 188769, 173909
L2.uncore-time-dram = 0, 0, 0, 0, 0, 0, 0, 0, 0, 0, 0, 0, 0, 0, 0, 0
L2.uncore-time-dram-bus = 77159181731064, 266643287708, 226014177388, 218343536228, 231518494616, 209931118780, 178093743328, 243201471152, 299955786460, 216151924468, 241802211336, 188385889324, 217795633288, 215747319220, 204696538384, 224513766260
L2.uncore-time-dram-cache = 0, 0, 0, 0, 0, 0, 0, 0, 0, 0, 0, 0, 0, 0, 0, 0
L2.uncore-time-dram-cache-bus = 0, 0, 0, 0, 0, 0, 0, 0, 0, 0, 0, 0, 0, 0, 0, 0
L2.uncore-time-dram-cache-data = 0, 0, 0, 0, 0, 0, 0, 0, 0, 0, 0, 0, 0, 0, 0, 0
L2.uncore-time-dram-cache-queue = 0, 0, 0, 0, 0, 0, 0, 0, 0, 0, 0, 0, 0, 0, 0, 0
L2.uncore-time-dram-cache-tags = 0, 0, 0, 0, 0, 0, 0, 0, 0, 0, 0, 0, 0, 0, 0, 0
L2.uncore-time-dram-device = 411917130000000, 1423485000000, 1206585000000, 1165635000000, 1235970000000, 1120725000000, 950760000000, 1298340000000, 1601325000000, 1153935000000, 1290870000000, 1005705000000, 1162710000000, 1151775000000, 1092780000000, 1198575000000
L2.uncore-time-dram-queue = 10210950572955, 37469793946, 37905786498, 30823745729, 35439230855, 37998900774, 27380005267, 35628913798, 37582497229, 35888754212, 31580014581, 31877372020, 28785478670, 34215187414, 28580038596, 35548836397
L2.uncore-time-inv-imbalance = 7661647152, 586513425, 471870410, 684384998, 351112429, 2079424304, 366260872, 377892732, 167647124, 165825666, 149038982, 91449301, 94031179, 116257731, 50217224, 21681653
L2.uncore-time-noc-base = 4985081787528037, 2171885795935, 1989496176815, 2277586631316, 1792908558528, 1507138051612, 1428902991222, 2082397991409, 2958476773411, 1597084179244, 1695409218354, 1850023000961, 1909026954191, 1744305130591, 2020983418069, 2043722812319
L2.uncore-time-noc-queue = 1072233202478272, 515668265356, 608528823415, 606846482078, 692397312064, 648433685807, 555678091637, 1022397572477, 1017173490849, 536738640279, 525676293170, 784490025709, 397171340204, 368268154982, 477968213424, 557202026502
L2.uncore-time-nuca-bus = 6535893927286, 2065010834, 2156500360, 2028593968, 1985808022, 1853601766, 1752280878, 2276202414, 2437152855, 1713876785, 1611833949, 1865390079, 1663943493, 1555099542, 1789401763, 1743415185
L2.uncore-time-nuca-data = 1335956899500072, 493881586008, 464618471328, 526536145744, 435334768472, 397973623706, 411555945304, 548367321367, 778276720018, 422141391152, 452866133744, 477244887428, 412152442824, 400994573304, 489278081528, 434235607048
L2.uncore-time-nuca-ecc = 0, 0, 0, 0, 0, 0, 0, 0, 0, 0, 0, 0, 0, 0, 0, 0
L2.uncore-time-nuca-queue = 444640212706992, 164375273840, 154630772480, 175241869296, 144881266240, 132450145296, 136972554864, 182502949200, 259027564400, 140496991360, 150722962176, 158835872656, 137172750064, 133459129104, 162841778608, 144523917808
L2.uncore-time-nuca-tags = 340871696545518, 147253802544, 136310218254, 151107929172, 129477902868, 118214770428, 118771912026, 158779340406, 221322808080, 124814003634, 134783154036, 136112474340, 122463633006, 119491459272, 140576374026, 128584671804
L2.uncore-time-remote-cache-inv = 0, 0, 0, 0, 0, 0, 0, 0, 0, 0, 0, 0, 0, 0, 0, 0
L2.uncore-time-remote-cache-wb = 0, 0, 0, 0, 0, 0, 0, 0, 0, 0, 0, 0, 0, 0, 0, 0
L2.uncore-time-td-access = 1723200131874690, 864580752810, 787637317680, 857216107800, 753768973170, 692712720180, 689381900640, 913015799596, 1248861839220, 729212637690, 781753872330, 774385467930, 716111163540, 706299155640, 812088390240, 754295287770
L2.uncore-time-unknown = 251558480000000, 177216000000, 197200000000, 224912000000, 177536000000, 127584000000, 132592000000, 193760000000, 193056000000, 110592000000, 115952000000, 106832000000, 121104000000, 117952000000, 172864000000, 148160000000
L2.uncore-totaltime = 10659373228512038, 6265111082406, 5811555114628, 6236962426329, 5631569427264, 4997095042653, 4632207686038, 6681045454551, 8617663279646, 5068935224490, 5423176732658, 5515848829748, 5226251370459, 4994178466800, 5604496451862, 5671127022746
ncores = 16
network.shmem-1.mesh.bytes-in = 36158929548, 631651152, 1098116312, 403110252, 642989864, 361380800, 2015937374, 2800857522, 1796366048, 732287282, 880480634, 714063772, 1281954124, 671163098, 668498050, 890277802
network.shmem-1.mesh.bytes-out = 16249476274, 1322948296, 2709397008, 847533472, 1068868740, 745022316, 4916091388, 7309547498, 3798955856, 1443936194, 1944365228, 1525117246, 3062852396, 1262382694, 1559183146, 1982385882
network.shmem-1.mesh.contention-delay = 1828067171895429, 6631914701584, 4225390942797, 3327646977282, 12779615681084, 3708346559882, 10975416352497, 10367140856366, 20284645946744, 6203407432983, 3807517851033, 6116581976650, 14943163156964, 5094782752258, 5913658391377, 6551207925612
network.shmem-1.mesh.link-down.num-requests = 0, 0, 0, 0, 379895980, 1032484, 1055251, 1079263, 206454967, 569202, 1751846, 1781870, 98859192, 381536, 376623, 2192668
network.shmem-1.mesh.link-down.num-requests-analytical = 0, 0, 0, 0, 0, 0, 0, 0, 0, 0, 0, 0, 0, 0, 0, 0
network.shmem-1.mesh.link-down.total-queue-delay = 0, 0, 0, 0, 595763957638749, 261391843890, 279201054162, 264975937538, 342229832511023, 263549592528, 245672129777, 265396713900, 84135049779038, 106201975655, 101281907702, 94173218039
network.shmem-1.mesh.link-down.total-time-used = 0, 0, 0, 0, 1387416420081488, 2986504728032, 2979715307522, 3047017627706, 748860287840954, 963747437196, 5310601352404, 5435984730940, 356467183680360, 686267799592, 682335429066, 7344645665696
network.shmem-1.mesh.link-in.num-requests = 876109702, 17712626, 35458846, 11617695, 14418878, 10254214, 63731052, 94480970, 49598503, 19231618, 25668512, 20292076, 39980976, 16895238, 20730998, 26134379
network.shmem-1.mesh.link-in.num-requests-analytical = 0, 0, 0, 0, 0, 0, 0, 0, 0, 0, 0, 0, 0, 0, 0, 0
network.shmem-1.mesh.link-in.total-queue-delay = 79970696013164, 2766811031544, 3867934257666, 1698074552146, 2536018930990, 2580044236360, 9107900622874, 40958887517135, 17948817894823, 5839401442792, 1614318980652, 1738089067178, 7298656027033, 2526193696239, 3721551710336, 10106530495601
network.shmem-1.mesh.link-in.total-time-used = 674375806851788, 62148307103692, 127346034356540, 39772003739922, 50198431474924, 34988111185532, 231154136796960, 343694104963036, 178589256717986, 67865240807516, 91398122981176, 71684238776864, 143998961138688, 59323123169364, 73261353355012, 93171846227098
network.shmem-1.mesh.link-left.num-requests = 0, 63579120, 46558293, 11505535, 0, 167360705, 157729343, 94369854, 0, 64149606, 45506953, 20190960, 0, 62673706, 46388431, 26033539
network.shmem-1.mesh.link-left.num-requests-analytical = 0, 0, 0, 0, 0, 0, 0, 0, 0, 0, 0, 0, 0, 0, 0, 0
network.shmem-1.mesh.link-left.total-queue-delay = 0, 8878051273728, 4816845835757, 14396785962, 0, 11991494943733, 52223608671176, 10880648791, 0, 13577832167998, 5774145072462, 7713345588, 0, 19992732861731, 23575086661034, 9853199079
network.shmem-1.mesh.link-left.total-time-used = 0, 227013892071888, 166117977786846, 39549082375898, 0, 607807793843302, 573980483259250, 343509695976444, 0, 229161327446844, 162310548110054, 71504759898576, 0, 223750268098700, 165546513881618, 92977494132818
network.shmem-1.mesh.link-out.num-requests = 440269969, 33573198, 69112698, 21365961, 26066140, 18760204, 125713203, 187064102, 96059295, 36687274, 49522785, 38761669, 77209760, 32035676, 39632394, 50481955
network.shmem-1.mesh.link-out.num-requests-analytical = 0, 0, 0, 0, 0, 0, 0, 0, 0, 0, 0, 0, 0, 0, 0, 0
network.shmem-1.mesh.link-out.total-queue-delay = 576421441656425, 404922816583, 394084676036, 371077438965, 806724102438, 570247075764, 505313631784, 665915290375, 979510888805, 362898120701, 358564398258, 503757416914, 294573115034, 192422501855, 244060860878, 282285216022
network.shmem-1.mesh.link-out.total-time-used = 1608688348812686, 29709191011236, 51726960609708, 18916129347150, 30219576726032, 16984865166224, 95051037895266, 132091948365004, 84619249220178, 34474431164228, 41473713219438, 33625150358846, 60419653335424, 31584773888080, 31461453991572, 41922596535026
network.shmem-1.mesh.link-right.num-requests = 689729941, 573266381, 293609203, 0, 2838269, 567806, 420202, 0, 2940061, 2997179, 429017, 0, 2757761, 2891893, 2790033, 0
network.shmem-1.mesh.link-right.num-requests-analytical = 0, 0, 0, 0, 0, 0, 0, 0, 0, 0, 0, 0, 0, 0, 0, 0
network.shmem-1.mesh.link-right.total-queue-delay = 1330507571431, 134375037290, 94187135285, 0, 22527274469, 167761493253, 127864053603, 0, 11107369529, 121814237689, 73310478930, 0, 8546086189, 151428757753, 107125767580, 0
network.shmem-1.mesh.link-right.total-time-used = 522251761904654, 422155659982030, 214697999590874, 0, 9683294905990, 1145119243372, 851653722812, 0, 9578141450390, 9739035332194, 700658241046, 0, 9435711288766, 9702857605574, 9524351728110, 0
network.shmem-1.mesh.link-up.num-requests = 189584892, 84614645, 212005819, 273434665, 169019053, 68284474, 87508378, 87604488, 76172031, 31941381, 39531051, 49783750, 0, 0, 0, 0
network.shmem-1.mesh.link-up.num-requests-analytical = 0, 0, 0, 0, 0, 0, 0, 0, 0, 0, 0, 0, 0, 0, 0, 0
network.shmem-1.mesh.link-up.total-queue-delay = 716264937154, 84941089188, 97130835169, 101063791759, 1049229064940, 480019831616, 262325616868, 303793620318, 423268225708, 166937998475, 247625364704, 193402309232, 0, 0, 0, 0
network.shmem-1.mesh.link-up.total-time-used = 157866008287824, 74625808458070, 159487554034562, 199051809235454, 137413229733494, 65317162265108, 67744217218892, 70384890683088, 58573319067162, 31418819052198, 31272949936962, 39548538378332, 0, 0, 0, 0
network.shmem-1.mesh.packets-in = 490698410, 33612792, 69155316, 21414106, 26105132, 18789184, 125742265, 187106143, 96102672, 36713055, 49550139, 38786370, 77237514, 32063307, 39669975, 50515107
network.shmem-1.mesh.packets-out = 926538143, 17752220, 35501464, 11665840, 14457870, 10283194, 63760114, 94523011, 49641880, 19257399, 25695866, 20316777, 40008730, 16922869, 20768579, 26167531
network.shmem-1.mesh.total-delay = 4533878025416177, 62719128805120, 161064894448749, 71887949090754, 66263536822060, 48514442083066, 389250424686459, 704989324667082, 252497137545290, 122688729943907, 192711413666979, 184200172775976, 253872916818048, 132090040260278, 184551586530283, 273786402771812
nuca-cache-queue.num-requests = 18155018, 17530183, 34834574, 10511750, 12333454, 9194226, 65128433, 94570023, 49859807, 20019666, 25926546, 20295873, 36715694, 17765166, 19820670, 26359715
nuca-cache-queue.num-requests-analytical = 0, 0, 0, 0, 0, 0, 0, 0, 0, 0, 0, 0, 0, 0, 0, 0
nuca-cache-queue.total-queue-delay = 108732426902, 58322261062, 158138949273, 18243874607, 15157611354, 106359992813, 138015011980, 4742140554821, 388499663281, 379411462001, 11969990390, 21752835689, 26131313622, 70658393514, 18255033735, 304119048684
nuca-cache-queue.total-time-used = 18172737297568, 17547292458608, 34868572544224, 10522009468000, 12345491451104, 9203199564576, 65191998350608, 94662323342448, 49908470171632, 20039205194016, 25951850308896, 20315681772048, 36751528517344, 17782504802016, 19840014973920, 26385442081840
nuca-cache.access-mru-0 = 17409930, 16379490, 26571366, 9727183, 11605752, 7676207, 64315281, 92734153, 47982716, 16079092, 25105087, 19565752, 35855891, 17001413, 19047559, 19962497
nuca-cache.access-mru-1 = 366916, 753682, 7872845, 404562, 349507, 1134310, 432355, 1457037, 1498154, 3562933, 443238, 351478, 477235, 384630, 394322, 6005846
nuca-cache.access-mru-10 = 18491, 18553, 18450, 18573, 18533, 18637, 18647, 18496, 18372, 18615, 18395, 18457, 18441, 18498, 18420, 18599
nuca-cache.access-mru-11 = 17607, 17362, 17443, 17549, 17442, 17289, 17343, 17478, 17299, 17197, 17323, 17443, 17367, 17277, 17351, 17290
nuca-cache.access-mru-12 = 13045, 12986, 13025, 13112, 13088, 13172, 13064, 13168, 13142, 13008, 13068, 13161, 13243, 13096, 13149, 13165
nuca-cache.access-mru-13 = 12122, 12252, 12183, 12169, 12146, 12139, 12296, 12006, 12258, 12098, 12150, 12303, 12003, 12216, 12216, 12192
nuca-cache.access-mru-14 = 13607, 13643, 13547, 13485, 13627, 13598, 13677, 13581, 13529, 13629, 13729, 13896, 13602, 13641, 13490, 13573
nuca-cache.access-mru-15 = 13386, 13277, 13401, 13341, 13370, 13276, 13322, 13301, 13308, 13277, 13249, 13286, 13545, 13393, 13257, 13316
nuca-cache.access-mru-2 = 82473, 100628, 94352, 84004, 82319, 88175, 83509, 82596, 82730, 81900, 81897, 82510, 85903, 83269, 82294, 95034
nuca-cache.access-mru-3 = 50969, 51057, 51040, 51025, 50827, 50825, 51155, 50691, 50947, 51070, 51292, 51395, 51281, 50948, 50940, 51275
nuca-cache.access-mru-4 = 37559, 38220, 37994, 37538, 37864, 37820, 38251, 38417, 37794, 37961, 37606, 37677, 37877, 37647, 38451, 37682
nuca-cache.access-mru-5 = 29111, 29029, 29225, 29510, 29454, 29243, 29594, 29272, 29753, 29187, 29554, 29020, 29078, 29079, 29256, 29303
nuca-cache.access-mru-6 = 25783, 25596, 25504, 25563, 25501, 25766, 25415, 25506, 25249, 25472, 25549, 25774, 26154, 26006, 25616, 25740
nuca-cache.access-mru-7 = 24743, 25019, 24933, 24851, 24676, 24597, 24927, 24719, 24994, 24895, 24956, 24675, 24853, 24813, 25019, 24879
nuca-cache.access-mru-8 = 19637, 19873, 19752, 19782, 19705, 19546, 19739, 19847, 19779, 19564, 19656, 19551, 19607, 19666, 19629, 19755
nuca-cache.access-mru-9 = 19639, 19516, 19514, 19503, 19643, 19626, 19858, 19755, 19783, 19768, 19797, 19495, 19614, 19574, 19701, 19569
nuca-cache.read-misses = 597160, 597137, 597197, 597335, 597392, 597271, 596772, 596990, 597043, 597249, 596934, 596934, 597253, 597535, 597543, 597284
nuca-cache.reads = 16470848, 16406556, 34183687, 10299089, 10768248, 9013100, 62490201, 93144829, 45706438, 17971887, 24384061, 19000944, 36341134, 15649434, 19438569, 24868656
nuca-cache.write-misses = 597160, 597137, 597197, 597335, 597392, 597271, 596772, 596990, 597043, 597249, 596934, 596934, 597253, 597535, 597543, 597284
nuca-cache.writes = 2878490, 2317901, 1845281, 1407331, 2759990, 1375668, 3831776, 2619174, 5347455, 3242277, 2736353, 2488797, 1569066, 3310802, 1577187, 2685627
performance_model.cpiDTLBMiss = 0, 0, 0, 0, 0, 0, 0, 0, 0, 0, 0, 0, 0, 0, 0, 0
performance_model.cpiFastforwardTime = 0, 0, 0, 0, 0, 0, 0, 0, 0, 0, 0, 0, 0, 0, 0, 0
performance_model.cpiITLBMiss = 0, 0, 0, 0, 0, 0, 0, 0, 0, 0, 0, 0, 0, 0, 0, 0
performance_model.cpiRecv = 0, 0, 0, 0, 0, 0, 0, 0, 0, 0, 0, 0, 0, 0, 0, 0
performance_model.cpiStartTime = 0, 11880157451281329, 11880157997520696, 11880158502030834, 11880158676466530, 11880159012555996, 11880159293382429, 11880159512178927, 11880159786990336, 11880160046012307, 11880160250523123, 11880160445635464, 11880160640747805, 11880160988491380, 11880161191122501, 11880161518189431
performance_model.cpiSyncDvfsTransition = 0, 0, 0, 0, 0, 0, 0, 0, 0, 0, 0, 0, 0, 0, 0, 0
performance_model.cpiSyncFutex = 10682193989180, 4087964902689, 5778963723902, 10291223448724, 6846400404714, 12038646189009, 6016695515194, 8303005002997, 1189695150564, 7057695794107, 3549780409223, 8125479088417, 5780022368126, 5583954768387, 6361485341991, 11900036354152
performance_model.cpiSyncJoin = 0, 0, 0, 0, 0, 0, 0, 0, 0, 0, 0, 0, 0, 0, 0, 0
performance_model.cpiSyncMemAccess = 0, 0, 0, 0, 0, 0, 0, 0, 0, 0, 0, 0, 0, 0, 0, 0
performance_model.cpiSyncPause = 0, 0, 0, 0, 0, 0, 0, 0, 0, 0, 0, 0, 0, 0, 0, 0
performance_model.cpiSyncPthreadBarrier = 0, 0, 0, 0, 0, 0, 0, 0, 0, 0, 0, 0, 0, 0, 0, 0
performance_model.cpiSyncPthreadCond = 0, 0, 0, 0, 0, 0, 0, 0, 0, 0, 0, 0, 0, 0, 0, 0
performance_model.cpiSyncPthreadMutex = 0, 0, 0, 0, 0, 0, 0, 0, 0, 0, 0, 0, 0, 0, 0, 0
performance_model.cpiSyncSleep = 0, 0, 0, 0, 0, 0, 0, 0, 0, 0, 0, 0, 0, 0, 0, 0
performance_model.cpiSyncSyscall = 262011559836, 0, 0, 0, 0, 0, 0, 0, 0, 0, 0, 0, 0, 0, 0, 0
performance_model.cpiSyncUnscheduled = 0, 0, 0, 0, 0, 0, 0, 0, 0, 0, 0, 0, 0, 0, 0, 0
performance_model.cpiUnknown = 148048161651, 0, 0, 0, 0, 0, 0, 0, 0, 0, 0, 0, 0, 0, 0, 0
performance_model.cycle_count = 31677136865.1, 31671184025.5, 31666571686.0, 31677094319.2, 31667980784.8, 31677091409.2, 31670102730.0, 31677085458.2, 31675807425.1, 31666690419.7, 31670031264.1, 31671924840.8, 31669917354.4, 31667746951.3, 31673616057.0, 31677094319.2
performance_model.dyninsn_cost = 0, 0, 0, 0, 0, 0, 0, 0, 0, 0, 0, 0, 0, 0, 0, 0
performance_model.dyninsn_count = 0, 0, 0, 0, 0, 0, 0, 0, 0, 0, 0, 0, 0, 0, 0, 0
performance_model.dyninsn_zero_count = 0, 0, 0, 0, 0, 0, 0, 0, 0, 0, 0, 0, 0, 0, 0, 0
performance_model.elapsed_time = 11908698069572033, 11906460159963546, 11904726197728196, 11908682074875859, 11905255934120454, 11908680980891109, 11906053657883764, 11908678743673600, 11908198280109096, 11904770834467162, 11906026791022670, 11906738661967969, 11905983967817960, 11905168026807108, 11907374457534849, 11908682074875859
performance_model.elapsed_time_begin = 0, 0, 0, 0, 0, 0, 0, 0, 0, 0, 0, 0, 0, 0, 0, 0
performance_model.elapsed_time_end = 11908698069572033, 11906460159963546, 11904726197728196, 11908682074875859, 11905255934120454, 11908680980891109, 11906053657883764, 11908678743673600, 11908198280109096, 11904770834467162, 11906026791022670, 11906738661967969, 11905983967817960, 11905168026807108, 11907374457534849, 11908682074875859
performance_model.idle_elapsed_time = 10944205549016, 11884245416184018, 11885936961244598, 11890449725479558, 11887005076871244, 11892197658745005, 11886175988897623, 11888462517181924, 11881349482140900, 11887217741806414, 11883710030932346, 11888285924723881, 11885940663115931, 11885744943259767, 11886522676464492, 11892061554543583
performance_model.instruction_count = 30438380397, 87989535, 72640870, 66153722, 71356241, 65156042, 85536073, 76779085, 99939510, 69892166, 94669327, 74660314, 84812085, 79909148, 84320098, 62393426
pthread.pthread_barrier_wait_count = 0, 0, 0, 0, 0, 0, 0, 0, 0, 0, 0, 0, 0, 0, 0, 0
pthread.pthread_barrier_wait_delay_mem = 0, 0, 0, 0, 0, 0, 0, 0, 0, 0, 0, 0, 0, 0, 0, 0
pthread.pthread_barrier_wait_delay_sync = 0, 0, 0, 0, 0, 0, 0, 0, 0, 0, 0, 0, 0, 0, 0, 0
pthread.pthread_cond_broadcast_count = 0, 0, 0, 0, 0, 0, 0, 0, 0, 0, 0, 0, 0, 0, 0, 0
pthread.pthread_cond_broadcast_delay_mem = 0, 0, 0, 0, 0, 0, 0, 0, 0, 0, 0, 0, 0, 0, 0, 0
pthread.pthread_cond_broadcast_delay_sync = 0, 0, 0, 0, 0, 0, 0, 0, 0, 0, 0, 0, 0, 0, 0, 0
pthread.pthread_cond_signal_count = 0, 0, 0, 0, 0, 0, 0, 0, 0, 0, 0, 0, 0, 0, 0, 0
pthread.pthread_cond_signal_delay_mem = 0, 0, 0, 0, 0, 0, 0, 0, 0, 0, 0, 0, 0, 0, 0, 0
pthread.pthread_cond_signal_delay_sync = 0, 0, 0, 0, 0, 0, 0, 0, 0, 0, 0, 0, 0, 0, 0, 0
pthread.pthread_cond_wait_count = 0, 0, 0, 0, 0, 0, 0, 0, 0, 0, 0, 0, 0, 0, 0, 0
pthread.pthread_cond_wait_delay_mem = 0, 0, 0, 0, 0, 0, 0, 0, 0, 0, 0, 0, 0, 0, 0, 0
pthread.pthread_cond_wait_delay_sync = 0, 0, 0, 0, 0, 0, 0, 0, 0, 0, 0, 0, 0, 0, 0, 0
pthread.pthread_mutex_lock_contended = 0, 0, 0, 0, 0, 0, 0, 0, 0, 0, 0, 0, 0, 0, 0, 0
pthread.pthread_mutex_lock_count = 0, 0, 0, 0, 0, 0, 0, 0, 0, 0, 0, 0, 0, 0, 0, 0
pthread.pthread_mutex_lock_delay_mem = 0, 0, 0, 0, 0, 0, 0, 0, 0, 0, 0, 0, 0, 0, 0, 0
pthread.pthread_mutex_lock_delay_sync = 0, 0, 0, 0, 0, 0, 0, 0, 0, 0, 0, 0, 0, 0, 0, 0
pthread.pthread_mutex_trylock_count = 0, 0, 0, 0, 0, 0, 0, 0, 0, 0, 0, 0, 0, 0, 0, 0
pthread.pthread_mutex_trylock_delay_mem = 0, 0, 0, 0, 0, 0, 0, 0, 0, 0, 0, 0, 0, 0, 0, 0
pthread.pthread_mutex_trylock_delay_sync = 0, 0, 0, 0, 0, 0, 0, 0, 0, 0, 0, 0, 0, 0, 0, 0
pthread.pthread_mutex_unlock_contended = 0, 0, 0, 0, 0, 0, 0, 0, 0, 0, 0, 0, 0, 0, 0, 0
pthread.pthread_mutex_unlock_count = 0, 0, 0, 0, 0, 0, 0, 0, 0, 0, 0, 0, 0, 0, 0, 0
pthread.pthread_mutex_unlock_delay_mem = 0, 0, 0, 0, 0, 0, 0, 0, 0, 0, 0, 0, 0, 0, 0, 0
pthread.pthread_mutex_unlock_delay_sync = 0, 0, 0, 0, 0, 0, 0, 0, 0, 0, 0, 0, 0, 0, 0, 0
pthread_locks_contended = 0.0
roi.instrs = 31614983119
roi.ipscore = 13148.0191743
roi.ipstotal = 210368.306788
roi.walltime = 150283.964356
stlb.access = 36471154, 12838, 8635, 9213, 12961, 10816, 8272, 12035, 16557, 10623, 13094, 10447, 10368, 10556, 12853, 9421
stlb.miss = 1262399, 5319, 3838, 4081, 5741, 4941, 3093, 5447, 7018, 4654, 5510, 4540, 4399, 4338, 5293, 4251
stlb_cache.access-mru-0 = 2044046, 2649, 1662, 1945, 2165, 2040, 1593, 2294, 3174, 1982, 2571, 1999, 1904, 1971, 2532, 1877
stlb_cache.access-mru-1 = 20079677, 2274, 1462, 1536, 2208, 1734, 1776, 1923, 2768, 1798, 2397, 1766, 1890, 2141, 2397, 1449
stlb_cache.access-mru-2 = 3381660, 1445, 948, 969, 1556, 1234, 1063, 1308, 1998, 1263, 1471, 1182, 1233, 1171, 1461, 1018
stlb_cache.access-mru-3 = 9703372, 1151, 725, 682, 1291, 867, 747, 1063, 1599, 926, 1145, 960, 942, 935, 1170, 826
syscall.stderr-bytes = 0, 0, 0, 0, 0, 0, 0, 0, 0, 0, 0, 0, 0, 0, 0, 0
syscall.stdout-bytes = 857, 0, 0, 0, 0, 0, 0, 0, 0, 0, 0, 0, 0, 0, 0, 0
thread.bottle_contrib_time = 11879925346423315, 2697067415987, 1334785346031, 1477469784624, 1218909158600, 1053082217566, 1426062482239, 2427949503892, 4143193245836, 1168449442039, 3125797292435, 1339416713067, 1471221469408, 1526833641210, 1830691977997, 1071466193024, 1198315704346
thread.bottle_runtime_time = 11879955691523783, 22227369720223, 18800489891344, 18240045637589, 18259307626392, 16492268010888, 19882017481594, 20226137018194, 26851797968196, 17565613714462, 22324232998986, 18466094764337, 20049221619510, 19431449360848, 20860808513904, 16628487625583, 17827148815077
thread.elapsed_time = 11908698000000000, 28540548718671, 28540002479304, 28523572845025, 28539323533470, 28538987444004, 28538706617571, 28538487821073, 28538213009664, 28537953987693, 28537749476877, 28537554364536, 28537359252195, 28537011508620, 28536808877499, 28520481810569, 28536284066655
thread.instruction_count = 30374159715, 87989535, 72640870, 66153722, 71356241, 65156042, 85536073, 76779085, 99939510, 69892166, 94669327, 74660314, 84812085, 79909148, 84320098, 62393426, 64220682
thread.instructions_by_core[0] = 30374159715, 0, 0, 0, 0, 0, 0, 0, 0, 0, 0, 0, 0, 0, 0, 0, 64220682
thread.instructions_by_core[10] = 0, 0, 0, 0, 0, 0, 0, 0, 0, 0, 94669327, 0, 0, 0, 0, 0
thread.instructions_by_core[11] = 0, 0, 0, 0, 0, 0, 0, 0, 0, 0, 0, 74660314, 0, 0, 0, 0
thread.instructions_by_core[12] = 0, 0, 0, 0, 0, 0, 0, 0, 0, 0, 0, 0, 84812085, 0, 0, 0
thread.instructions_by_core[13] = 0, 0, 0, 0, 0, 0, 0, 0, 0, 0, 0, 0, 0, 79909148, 0, 0
thread.instructions_by_core[14] = 0, 0, 0, 0, 0, 0, 0, 0, 0, 0, 0, 0, 0, 0, 84320098, 0
thread.instructions_by_core[15] = 0, 0, 0, 0, 0, 0, 0, 0, 0, 0, 0, 0, 0, 0, 0, 62393426
thread.instructions_by_core[1] = 0, 87989535, 0, 0, 0, 0, 0, 0, 0, 0, 0, 0, 0, 0, 0, 0
thread.instructions_by_core[2] = 0, 0, 72640870, 0, 0, 0, 0, 0, 0, 0, 0, 0, 0, 0, 0, 0
thread.instructions_by_core[3] = 0, 0, 0, 66153722, 0, 0, 0, 0, 0, 0, 0, 0, 0, 0, 0, 0
thread.instructions_by_core[4] = 0, 0, 0, 0, 71356241, 0, 0, 0, 0, 0, 0, 0, 0, 0, 0, 0
thread.instructions_by_core[5] = 0, 0, 0, 0, 0, 65156042, 0, 0, 0, 0, 0, 0, 0, 0, 0, 0
thread.instructions_by_core[6] = 0, 0, 0, 0, 0, 0, 85536073, 0, 0, 0, 0, 0, 0, 0, 0, 0
thread.instructions_by_core[7] = 0, 0, 0, 0, 0, 0, 0, 76779085, 0, 0, 0, 0, 0, 0, 0, 0
thread.instructions_by_core[8] = 0, 0, 0, 0, 0, 0, 0, 0, 99939510, 0, 0, 0, 0, 0, 0, 0
thread.instructions_by_core[9] = 0, 0, 0, 0, 0, 0, 0, 0, 0, 69892166, 0, 0, 0, 0, 0, 0
thread.nonidle_cycle_count = 31600667340, 59091218, 49979369, 48498049, 48547280, 43845636, 52874599, 53775162, 71417802, 46691226, 59362581, 49084281, 53315190, 51665402, 55465737, 44210584, 47357937
thread.nonidle_elapsed_time = 11879950127943762, 22214743779528, 18789236483598, 18232349396301, 18250857249210, 16483322146104, 19877668986141, 20216226491676, 26848797968196, 17553092660748, 22316760090324, 18452737244088, 20043304702029, 19423083547341, 20851781070357, 16620520332276, 17803736079255
thread.time_by_core[0] = 11879950127943762, 0, 0, 0, 0, 0, 0, 0, 0, 0, 0, 0, 0, 0, 0, 0, 17803736079255
thread.time_by_core[10] = 0, 0, 0, 0, 0, 0, 0, 0, 0, 0, 22316760090324, 0, 0, 0, 0, 0
thread.time_by_core[11] = 0, 0, 0, 0, 0, 0, 0, 0, 0, 0, 0, 18452737244088, 0, 0, 0, 0
thread.time_by_core[12] = 0, 0, 0, 0, 0, 0, 0, 0, 0, 0, 0, 0, 20043304702029, 0, 0, 0
thread.time_by_core[13] = 0, 0, 0, 0, 0, 0, 0, 0, 0, 0, 0, 0, 0, 19423083547341, 0, 0
thread.time_by_core[14] = 0, 0, 0, 0, 0, 0, 0, 0, 0, 0, 0, 0, 0, 0, 20851781070357, 0
thread.time_by_core[15] = 0, 0, 0, 0, 0, 0, 0, 0, 0, 0, 0, 0, 0, 0, 0, 16620520332276
thread.time_by_core[1] = 0, 22214743779528, 0, 0, 0, 0, 0, 0, 0, 0, 0, 0, 0, 0, 0, 0
thread.time_by_core[2] = 0, 0, 18789236483598, 0, 0, 0, 0, 0, 0, 0, 0, 0, 0, 0, 0, 0
thread.time_by_core[3] = 0, 0, 0, 18232349396301, 0, 0, 0, 0, 0, 0, 0, 0, 0, 0, 0, 0
thread.time_by_core[4] = 0, 0, 0, 0, 18250857249210, 0, 0, 0, 0, 0, 0, 0, 0, 0, 0, 0
thread.time_by_core[5] = 0, 0, 0, 0, 0, 16483322146104, 0, 0, 0, 0, 0, 0, 0, 0, 0, 0
thread.time_by_core[6] = 0, 0, 0, 0, 0, 0, 19877668986141, 0, 0, 0, 0, 0, 0, 0, 0, 0
thread.time_by_core[7] = 0, 0, 0, 0, 0, 0, 0, 20216226491676, 0, 0, 0, 0, 0, 0, 0, 0
thread.time_by_core[8] = 0, 0, 0, 0, 0, 0, 0, 0, 26848797968196, 0, 0, 0, 0, 0, 0, 0
thread.time_by_core[9] = 0, 0, 0, 0, 0, 0, 0, 0, 0, 17553092660748, 0, 0, 0, 0, 0, 0
thread.unscheduled_time = 28743941628271, 6317804939143, 9741765995706, 10285223448724, 10282466284260, 12047665297900, 8657037631430, 8315261329397, 1686415041468, 10975861326945, 6213989386553, 10078817120448, 8489054550166, 9107927961279, 7677027807142, 11891036354152, 10729020567583
time.walltime = 150283964356, 0, 0, 0, 0, 0, 0, 0, 0, 0, 0, 0, 0, 0, 0, 0
vmem = 2763685888
walltime = 150284.486615
