barrier.global_time = 74988400000000, 0, 0, 0, 0, 0, 0, 0, 0, 0, 0, 0, 0, 0, 0, 0
barrier.global_time_begin = 0, 0, 0, 0, 0, 0, 0, 0, 0, 0, 0, 0, 0, 0, 0, 0
barrier.global_time_end = 74988400000000, 0, 0, 0, 0, 0, 0, 0, 0, 0, 0, 0, 0, 0, 0, 0
branch_predictor.num-correct = 6640037, 24510551, 24681514, 24580597, 24219881, 25465280, 25170748, 24353747, 24315853, 25144170, 24670134, 24873105, 24207967, 24206041, 24312817, 24253790
branch_predictor.num-incorrect = 76612, 27430, 27547, 25899, 25911, 27916, 26727, 25440, 25502, 27093, 25236, 27725, 24397, 27790, 26056, 25493
core.instructions = 81025429, 253545350, 255025172, 254349145, 250429047, 263379336, 260846709, 251612922, 251240071, 260583589, 254101678, 256615802, 250327578, 250303769, 251452049, 250466552
core.spin_elapsed_time = 0, 0, 0, 0, 0, 0, 0, 0, 0, 0, 0, 0, 0, 0, 0, 0
core.spin_instructions = 0, 0, 0, 0, 0, 0, 0, 0, 0, 0, 0, 0, 0, 0, 0, 0
core.spin_loops = 0, 0, 0, 0, 0, 0, 0, 0, 0, 0, 0, 0, 0, 0, 0, 0
corefreq = 2660000000.0, 2660000000.0, 2660000000.0, 2660000000.0, 2660000000.0, 2660000000.0, 2660000000.0, 2660000000.0, 2660000000.0, 2660000000.0, 2660000000.0, 2660000000.0, 2660000000.0, 2660000000.0, 2660000000.0, 2660000000.0
directory.entries-allocated = 64032, 64032, 63984, 64480, 64048, 64032, 64032, 64560, 64000, 63984, 64000, 64560, 64032, 64016, 64032, 64512
directory.evict-E = 0, 0, 0, 0, 0, 0, 0, 0, 0, 0, 0, 0, 0, 0, 0, 0
directory.evict-M = 0, 0, 0, 0, 0, 0, 0, 0, 0, 0, 0, 0, 0, 0, 0, 0
directory.evict-O = 0, 0, 0, 0, 0, 0, 0, 0, 0, 0, 0, 0, 0, 0, 0, 0
directory.evict-S = 0, 0, 0, 0, 0, 0, 0, 0, 0, 0, 0, 0, 0, 0, 0, 0
directory.forward = 0, 0, 0, 0, 0, 0, 0, 0, 0, 0, 0, 0, 0, 0, 0, 0
directory.forward-failed = 0, 0, 0, 0, 0, 0, 0, 0, 0, 0, 0, 0, 0, 0, 0, 0
dram-queue.num-requests = 1182913, 0, 0, 0, 1180159, 0, 0, 0, 1170735, 0, 0, 0, 1178703, 0, 0, 0
dram-queue.num-requests-analytical = 0, 0, 0, 0, 0, 0, 0, 0, 0, 0, 0, 0, 0, 0, 0, 0
dram-queue.total-queue-delay = 2568084227451, 0, 0, 0, 2328489585258, 0, 0, 0, 2290678055176, 0, 0, 0, 2348677074828, 0, 0, 0
dram-queue.total-time-used = 9971100160988, 0, 0, 0, 9947885934884, 0, 0, 0, 9868448437860, 0, 0, 0, 9935612909028, 0, 0, 0
dram.reads = 642518, 0, 0, 0, 641999, 0, 0, 0, 636901, 0, 0, 0, 641228, 0, 0, 0
dram.total-access-latency = 65770269388439, 0, 0, 0, 65383530520142, 0, 0, 0, 64842201493036, 0, 0, 0, 65325924983856, 0, 0, 0
dram.total-queueing-delay = 2568084227451, 0, 0, 0, 2328489585258, 0, 0, 0, 2290678055176, 0, 0, 0, 2348677074828, 0, 0, 0
dram.writes = 540395, 0, 0, 0, 538160, 0, 0, 0, 533834, 0, 0, 0, 537475, 0, 0, 0
dtlb.access = 28682585, 70201105, 70660905, 70389910, 69331713, 72893426, 72082191, 69705154, 69624620, 72037576, 70570220, 71214343, 69289312, 69306171, 69576111, 69413886
dtlb.miss = 864585, 42612, 58732, 42269, 39732, 44634, 37003, 41560, 43915, 39069, 42930, 41311, 52673, 53158, 37717, 38826
dtlb_cache.access-mru-0 = 26247460, 65738747, 64791468, 64437098, 64776769, 68964163, 66710535, 64898021, 65303504, 67061926, 63924668, 65582253, 63070864, 62644093, 65513718, 64255090
dtlb_cache.access-mru-1 = 1462339, 3713338, 4843532, 5148994, 3896084, 3235449, 4614210, 3972860, 3624045, 4280979, 5704659, 4830805, 5185062, 5579995, 3402074, 4492356
dtlb_cache.access-mru-2 = 26989, 599611, 765620, 669413, 525560, 553172, 634573, 701426, 562147, 552425, 777931, 665844, 792679, 835733, 532536, 535722
dtlb_cache.access-mru-3 = 81212, 106797, 201553, 92136, 93568, 96008, 85870, 91287, 91009, 103177, 120032, 94130, 188034, 193192, 90066, 91892
fastforward_performance_model.fastforwarded_time = 0, 0, 0, 0, 0, 0, 0, 0, 0, 0, 0, 0, 0, 0, 0, 0
fastforward_timer.cpiBase = 0, 0, 0, 0, 0, 0, 0, 0, 0, 0, 0, 0, 0, 0, 0, 0
fastforward_timer.cpiBranchPredictor = 0, 0, 0, 0, 0, 0, 0, 0, 0, 0, 0, 0, 0, 0, 0, 0
fastforward_timer.cpiDataCachecache-remote = 0, 0, 0, 0, 0, 0, 0, 0, 0, 0, 0, 0, 0, 0, 0, 0
fastforward_timer.cpiDataCachedram = 0, 0, 0, 0, 0, 0, 0, 0, 0, 0, 0, 0, 0, 0, 0, 0
fastforward_timer.cpiDataCachedram-cache = 0, 0, 0, 0, 0, 0, 0, 0, 0, 0, 0, 0, 0, 0, 0, 0
fastforward_timer.cpiDataCachedram-local = 0, 0, 0, 0, 0, 0, 0, 0, 0, 0, 0, 0, 0, 0, 0, 0
fastforward_timer.cpiDataCachedram-remote = 0, 0, 0, 0, 0, 0, 0, 0, 0, 0, 0, 0, 0, 0, 0, 0
fastforward_timer.cpiDataCacheL1 = 0, 0, 0, 0, 0, 0, 0, 0, 0, 0, 0, 0, 0, 0, 0, 0
fastforward_timer.cpiDataCacheL1_S = 0, 0, 0, 0, 0, 0, 0, 0, 0, 0, 0, 0, 0, 0, 0, 0
fastforward_timer.cpiDataCacheL1I = 0, 0, 0, 0, 0, 0, 0, 0, 0, 0, 0, 0, 0, 0, 0, 0
fastforward_timer.cpiDataCacheL2 = 0, 0, 0, 0, 0, 0, 0, 0, 0, 0, 0, 0, 0, 0, 0, 0
fastforward_timer.cpiDataCacheL2_S = 0, 0, 0, 0, 0, 0, 0, 0, 0, 0, 0, 0, 0, 0, 0, 0
fastforward_timer.cpiDataCacheL3 = 0, 0, 0, 0, 0, 0, 0, 0, 0, 0, 0, 0, 0, 0, 0, 0
fastforward_timer.cpiDataCacheL3_S = 0, 0, 0, 0, 0, 0, 0, 0, 0, 0, 0, 0, 0, 0, 0, 0
fastforward_timer.cpiDataCacheL4 = 0, 0, 0, 0, 0, 0, 0, 0, 0, 0, 0, 0, 0, 0, 0, 0
fastforward_timer.cpiDataCacheL4_S = 0, 0, 0, 0, 0, 0, 0, 0, 0, 0, 0, 0, 0, 0, 0, 0
fastforward_timer.cpiDataCachemiss = 0, 0, 0, 0, 0, 0, 0, 0, 0, 0, 0, 0, 0, 0, 0, 0
fastforward_timer.cpiDataCachenuca-cache = 0, 0, 0, 0, 0, 0, 0, 0, 0, 0, 0, 0, 0, 0, 0, 0
fastforward_timer.cpiDataCachenuca-local = 0, 0, 0, 0, 0, 0, 0, 0, 0, 0, 0, 0, 0, 0, 0, 0
fastforward_timer.cpiDataCachenuca-remote = 0, 0, 0, 0, 0, 0, 0, 0, 0, 0, 0, 0, 0, 0, 0, 0
fastforward_timer.cpiDataCachepredicate-false = 0, 0, 0, 0, 0, 0, 0, 0, 0, 0, 0, 0, 0, 0, 0, 0
fastforward_timer.cpiDataCacheprefetch-no-mapping = 0, 0, 0, 0, 0, 0, 0, 0, 0, 0, 0, 0, 0, 0, 0, 0
fastforward_timer.cpiDataCacheunknown = 0, 0, 0, 0, 0, 0, 0, 0, 0, 0, 0, 0, 0, 0, 0, 0
fs_to_cycles = 2.66e-06
fs_to_cycles_cores = 2.66e-06, 2.66e-06, 2.66e-06, 2.66e-06, 2.66e-06, 2.66e-06, 2.66e-06, 2.66e-06, 2.66e-06, 2.66e-06, 2.66e-06, 2.66e-06, 2.66e-06, 2.66e-06, 2.66e-06, 2.66e-06
futex.futex_cmp_requeue_count = 0, 0, 0, 0, 0, 0, 0, 0, 0, 0, 0, 0, 0, 0, 0, 0
futex.futex_cmp_requeue_delay = 0, 0, 0, 0, 0, 0, 0, 0, 0, 0, 0, 0, 0, 0, 0, 0
futex.futex_cmp_requeue_pi_count = 0, 0, 0, 0, 0, 0, 0, 0, 0, 0, 0, 0, 0, 0, 0, 0
futex.futex_cmp_requeue_pi_delay = 0, 0, 0, 0, 0, 0, 0, 0, 0, 0, 0, 0, 0, 0, 0, 0
futex.futex_fd_count = 0, 0, 0, 0, 0, 0, 0, 0, 0, 0, 0, 0, 0, 0, 0, 0
futex.futex_fd_delay = 0, 0, 0, 0, 0, 0, 0, 0, 0, 0, 0, 0, 0, 0, 0, 0
futex.futex_lock_pi_count = 0, 0, 0, 0, 0, 0, 0, 0, 0, 0, 0, 0, 0, 0, 0, 0
futex.futex_lock_pi_delay = 0, 0, 0, 0, 0, 0, 0, 0, 0, 0, 0, 0, 0, 0, 0, 0
futex.futex_requeue_count = 0, 0, 0, 0, 0, 0, 0, 0, 0, 0, 0, 0, 0, 0, 0, 0
futex.futex_requeue_delay = 0, 0, 0, 0, 0, 0, 0, 0, 0, 0, 0, 0, 0, 0, 0, 0
futex.futex_trylock_pi_count = 0, 0, 0, 0, 0, 0, 0, 0, 0, 0, 0, 0, 0, 0, 0, 0
futex.futex_trylock_pi_delay = 0, 0, 0, 0, 0, 0, 0, 0, 0, 0, 0, 0, 0, 0, 0, 0
futex.futex_unlock_pi_count = 0, 0, 0, 0, 0, 0, 0, 0, 0, 0, 0, 0, 0, 0, 0, 0
futex.futex_unlock_pi_delay = 0, 0, 0, 0, 0, 0, 0, 0, 0, 0, 0, 0, 0, 0, 0, 0
futex.futex_wait_bitset_count = 1, 0, 0, 0, 0, 0, 0, 0, 0, 0, 0, 0, 0, 0, 0, 0
futex.futex_wait_bitset_delay = 0, 0, 0, 0, 0, 0, 0, 0, 0, 0, 0, 0, 0, 0, 0, 0
futex.futex_wait_count = 462, 24, 59, 53, 58, 58, 61, 55, 55, 65, 47, 52, 56, 53, 57, 53, 24, 43, 31
futex.futex_wait_delay = 54003856447155, 15311316075095, 1482408101966, 1336342262142, 2253138695458, 935481144795, 953130735747, 2451431874417, 2251918420064, 1029988087626, 2445367620488, 1369747125845, 2054094075458, 2712151993520, 2548568143654, 2480050647411, 12723731254790, 54470326576218, 54481607687997
futex.futex_wait_requeue_pi_count = 0, 0, 0, 0, 0, 0, 0, 0, 0, 0, 0, 0, 0, 0, 0, 0
futex.futex_wait_requeue_pi_delay = 0, 0, 0, 0, 0, 0, 0, 0, 0, 0, 0, 0, 0, 0, 0, 0
futex.futex_wake_bitset_count = 0, 0, 0, 0, 0, 0, 0, 0, 0, 0, 0, 0, 0, 0, 0, 0
futex.futex_wake_bitset_delay = 0, 0, 0, 0, 0, 0, 0, 0, 0, 0, 0, 0, 0, 0, 0, 0
futex.futex_wake_count = 448, 25, 63, 59, 64, 64, 73, 61, 60, 71, 52, 57, 62, 56, 66, 58, 29, 45, 32
futex.futex_wake_delay = 0, 1000000000, 4000000000, 6000000000, 5000000000, 6000000000, 8000000000, 6000000000, 5000000000, 4000000000, 4000000000, 5000000000, 5000000000, 5000000000, 9000000000, 5000000000, 3000000000, 1000000000, 1000000000
futex.futex_wake_op_count = 511, 20, 29, 32, 32, 35, 33, 29, 30, 38, 29, 27, 29, 28, 30, 28, 22, 5, 4
futex.futex_wake_op_delay = 506000000000, 20000000000, 29000000000, 31000000000, 32000000000, 34000000000, 31000000000, 29000000000, 30000000000, 38000000000, 29000000000, 27000000000, 29000000000, 28000000000, 30000000000, 28000000000, 22000000000, 5000000000, 4000000000
global.time = 74988400000000
global.time_begin = 0
global.time_end = 74988400000000
interval_timer.cpContr_branch = 1883155963708, 1495195534866, 1507351571030, 1486221781772, 1471102352590, 1520013423196, 1519085130329, 1459677562712, 1459005840117, 1518057013019, 1478911135814, 1492066357638, 1454300426031, 1464210215231, 1470441398544, 1463887432675
interval_timer.cpContr_fp_addsub = 3399589018165, 8043909544711, 8117827288831, 8101246592043, 8006611362199, 8454040189376, 8348532065076, 8025458505101, 8024674433034, 8333606416602, 8086190798787, 8123569991517, 7984838215005, 7980415970257, 8063367125897, 7963108380708
interval_timer.cpContr_fp_muldiv = 14148970202056, 11289035703381, 11577073856267, 11488813546260, 11435793037686, 12041640990021, 11896433163051, 11404470495899, 11425865438898, 11886630890545, 11474446345023, 11703131075029, 11328036360666, 11365749617334, 11462581150219, 11329799244516
interval_timer.cpContr_generic = 12663949948062, 32673806894781, 32922477872195, 32836216858357, 32378388511901, 34058578705963, 33711781000652, 32435945400262, 32458841917600, 33722438711649, 32642138147059, 33039603509931, 32257017583783, 32311285668312, 32479318920243, 32277578537959
interval_timer.cpContr_load_l1 = 6683017062859, 6997940131724, 7021275635519, 6977331879636, 6856982283038, 7227422634207, 7163385775949, 6874868324030, 6885455688888, 7167986162276, 6962203372414, 7060000294805, 6888146556105, 6879933774924, 6907216217362, 6859645034199
interval_timer.cpContr_load_l2 = 90752447, 0, 13864918, 0, 105651209, 0, 91246459, 0, 19476965, 0, 0, 0, 0, 0, 0, 0
interval_timer.cpContr_load_l3 = 0, 0, 0, 0, 0, 0, 0, 0, 0, 0, 0, 0, 0, 0, 0, 0
interval_timer.cpContr_load_other = 5595989, 3212662, 0, 0, 0, 3187021, 1017504, 0, 0, 0, 0, 0, 1017504, 3187021, 0, 0
interval_timer.cpContr_port0 = 1189204586, 99813103284, 99018370190, 100226062465, 97226696165, 103443703309, 102888480830, 97480060747, 95969098900, 101112815237, 98928492638, 97547788412, 99324766885, 96241516261, 99235839037, 97839944841
interval_timer.cpContr_port015 = 128336028425, 19934692189562, 20069836355671, 20010329259673, 19670184280767, 20622264650611, 20566585594921, 19716857977308, 19669162246494, 20508148355691, 19829744464298, 20119150670803, 19665891186182, 19634818656882, 19728702497998, 19649522628867
interval_timer.cpContr_port05 = 0, 0, 0, 0, 0, 0, 0, 0, 0, 0, 0, 0, 0, 0, 0, 0
interval_timer.cpContr_port1 = 21230799097, 328621952177, 326541102655, 330813930623, 320499700264, 338516665065, 338338788294, 324950874198, 320632470663, 340828167277, 323544275607, 336516892153, 324212556124, 325838751367, 322906469482, 322978528728
interval_timer.cpContr_port2 = 377457057803, 4432940331786, 4477950053829, 4399558301274, 4374270495952, 4575111953142, 4451434512928, 4412343125971, 4423665835709, 4434681956238, 4593616656356, 4559354628193, 4346845679384, 4349757423374, 4373661239037, 4422732457039
interval_timer.cpContr_port34 = 53698335561, 40519581606, 40264438685, 35578247506, 34652856074, 32967471052, 34527818147, 31106653475, 33791414809, 32270578448, 32953058687, 38354215393, 33261125405, 33188400465, 33635545908, 35778881666
interval_timer.cpContr_port5 = 586998208988, 81070710578, 77847742033, 78929437111, 76034591599, 81582065476, 80419581143, 76566458118, 73912820573, 78799888706, 77054976878, 76283102320, 78270214079, 74890751345, 78501410787, 77569794315
interval_timer.cpContr_store = 1801706953383, 7312271243023, 7359252497971, 7349612420660, 7229079739930, 7631400913269, 7511513260264, 7314474832023, 7274422127673, 7520278528758, 7439131958659, 7456473806932, 7255948301797, 7259052876451, 7274069364020, 7265401876352
interval_timer.cpiBase = 15715724256819, 34885511384130, 35211597865218, 35060487304473, 34592364678222, 36374364410292, 36012299439087, 34676340428286, 34665484061844, 35982363416517, 35001801346878, 35401572623844, 34504082170974, 34526529112725, 34721457619554, 34522539648057
interval_timer.cpiBranchPredictor = 1562905114443, 306921862746, 301137665292, 287804988657, 295974895005, 304509086244, 303344803161, 294485424687, 279923051583, 308362460994, 277210651698, 303287284494, 284053117437, 312330121200, 278355010014, 288648595773
interval_timer.cpiDataCachecache-remote = 114624177039, 229900984182, 462998201742, 365811955218, 390821297193, 402633300573, 531527370174, 464825641221, 503134577199, 345331926315, 460159486353, 469838787786, 412846811325, 508172911677, 532816840944, 423223103664
interval_timer.cpiDataCachedram = 0, 0, 0, 0, 0, 0, 0, 0, 0, 0, 0, 0, 0, 0, 0, 0
interval_timer.cpiDataCachedram-cache = 0, 0, 0, 0, 0, 0, 0, 0, 0, 0, 0, 0, 0, 0, 0, 0
interval_timer.cpiDataCachedram-local = 181211620536, 0, 0, 0, 896332184811, 0, 0, 0, 840914264943, 0, 0, 0, 947606505021, 0, 0, 0
interval_timer.cpiDataCachedram-remote = 566160374610, 5943637695168, 3677095073205, 3679630405821, 2775640343580, 2739765612627, 3590132111847, 3402794189367, 2409855831909, 3512137175334, 3291896695635, 3563042323446, 2583947167785, 3480037999758, 3619210241619, 3735641181492
interval_timer.cpiDataCacheL1 = 4171419144, 25563852, 0, 51127704, 0, 25563852, 38345778, 12781926, 102255408, 12781926, 25563852, 12781926, 0, 25563852, 0, 51127704
interval_timer.cpiDataCacheL1_S = 0, 0, 0, 0, 0, 0, 0, 0, 0, 0, 0, 0, 0, 0, 0, 0
interval_timer.cpiDataCacheL1I = 0, 0, 0, 0, 0, 0, 0, 0, 0, 0, 0, 0, 0, 0, 0, 0
interval_timer.cpiDataCacheL2 = 60977305800, 4470290649, 7930057266, 6633819594, 6160888332, 6525549162, 6855247665, 7139457549, 6256376838, 7046600616, 6580060317, 5259762549, 7189457436, 7183442412, 7243592652, 6764270427
interval_timer.cpiDataCacheL2_S = 0, 0, 0, 0, 0, 0, 0, 0, 0, 0, 0, 0, 0, 0, 0, 0
interval_timer.cpiDataCacheL3 = 0, 0, 0, 0, 0, 0, 0, 0, 0, 0, 0, 0, 0, 0, 0, 0
interval_timer.cpiDataCacheL3_S = 0, 0, 0, 0, 0, 0, 0, 0, 0, 0, 0, 0, 0, 0, 0, 0
interval_timer.cpiDataCacheL4 = 0, 0, 0, 0, 0, 0, 0, 0, 0, 0, 0, 0, 0, 0, 0, 0
interval_timer.cpiDataCacheL4_S = 0, 0, 0, 0, 0, 0, 0, 0, 0, 0, 0, 0, 0, 0, 0, 0
interval_timer.cpiDataCachemiss = 0, 0, 0, 0, 0, 0, 0, 0, 0, 0, 0, 0, 0, 0, 0, 0
interval_timer.cpiDataCachenuca-cache = 1113558385608, 12198853257597, 12729423863016, 13176728115264, 12758146354494, 13218821629155, 12611920745115, 12769193697948, 13109564357280, 12912068563020, 12687946889085, 13060802437407, 13385232531261, 12706743463146, 12555993051963, 12855246510987
interval_timer.cpiDataCachenuca-local = 0, 0, 0, 0, 0, 0, 0, 0, 0, 0, 0, 0, 0, 0, 0, 0
interval_timer.cpiDataCachenuca-remote = 0, 0, 0, 0, 0, 0, 0, 0, 0, 0, 0, 0, 0, 0, 0, 0
interval_timer.cpiDataCachepredicate-false = 0, 0, 0, 0, 0, 0, 0, 0, 0, 0, 0, 0, 0, 0, 0, 0
interval_timer.cpiDataCacheprefetch-no-mapping = 0, 0, 0, 0, 0, 0, 0, 0, 0, 0, 0, 0, 0, 0, 0, 0
interval_timer.cpiDataCacheunknown = 0, 0, 0, 0, 0, 0, 0, 0, 0, 0, 0, 0, 0, 0, 0, 0
interval_timer.cpiInstructionCachecache-remote = 148871844, 23262353442, 29546173827, 22892805405, 21219124977, 28934145135, 32305190148, 35497664136, 26579263239, 19908225684, 25632648837, 26006708142, 26754450813, 35848415223, 23556713679, 27433772586
interval_timer.cpiInstructionCachedram = 0, 0, 0, 0, 0, 0, 0, 0, 0, 0, 0, 0, 0, 0, 0, 0
interval_timer.cpiInstructionCachedram-cache = 0, 0, 0, 0, 0, 0, 0, 0, 0, 0, 0, 0, 0, 0, 0, 0
interval_timer.cpiInstructionCachedram-local = 29866473855, 0, 0, 0, 345863880, 0, 0, 0, 491352273, 0, 0, 0, 78947190, 0, 0, 0
interval_timer.cpiInstructionCachedram-remote = 97242637374, 13956359436, 3331195479, 1133456085, 960148206, 606013668, 1649244393, 340600734, 1365034509, 2013905223, 237593448, 1328568426, 159398136, 2449242585, 1123681671, 1540973961
interval_timer.cpiInstructionCacheL1 = 0, 0, 0, 0, 0, 0, 0, 0, 0, 0, 0, 0, 0, 0, 0, 0
interval_timer.cpiInstructionCacheL1_S = 0, 0, 0, 0, 0, 0, 0, 0, 0, 0, 0, 0, 0, 0, 0, 0
interval_timer.cpiInstructionCacheL1I = 0, 0, 0, 0, 0, 0, 0, 0, 0, 0, 0, 0, 0, 0, 0, 0
interval_timer.cpiInstructionCacheL2 = 0, 0, 0, 0, 0, 0, 0, 0, 0, 0, 0, 0, 0, 0, 0, 0
interval_timer.cpiInstructionCacheL2_S = 0, 0, 0, 0, 0, 0, 0, 0, 0, 0, 0, 0, 0, 0, 0, 0
interval_timer.cpiInstructionCacheL3 = 0, 0, 0, 0, 0, 0, 0, 0, 0, 0, 0, 0, 0, 0, 0, 0
interval_timer.cpiInstructionCacheL3_S = 0, 0, 0, 0, 0, 0, 0, 0, 0, 0, 0, 0, 0, 0, 0, 0
interval_timer.cpiInstructionCacheL4 = 0, 0, 0, 0, 0, 0, 0, 0, 0, 0, 0, 0, 0, 0, 0, 0
interval_timer.cpiInstructionCacheL4_S = 0, 0, 0, 0, 0, 0, 0, 0, 0, 0, 0, 0, 0, 0, 0, 0
interval_timer.cpiInstructionCachemiss = 0, 0, 0, 0, 0, 0, 0, 0, 0, 0, 0, 0, 0, 0, 0, 0
interval_timer.cpiInstructionCachenuca-cache = 841977420435, 634343679162, 654291378441, 649091014254, 644868843345, 653106794652, 654866189172, 632514735927, 672828554592, 673561635642, 636630140160, 668610143073, 693572116734, 640974115305, 671801865183, 656409042828
interval_timer.cpiInstructionCachenuca-local = 0, 0, 0, 0, 0, 0, 0, 0, 0, 0, 0, 0, 0, 0, 0, 0
interval_timer.cpiInstructionCachenuca-remote = 0, 0, 0, 0, 0, 0, 0, 0, 0, 0, 0, 0, 0, 0, 0, 0
interval_timer.cpiInstructionCachepredicate-false = 0, 0, 0, 0, 0, 0, 0, 0, 0, 0, 0, 0, 0, 0, 0, 0
interval_timer.cpiInstructionCacheprefetch-no-mapping = 0, 0, 0, 0, 0, 0, 0, 0, 0, 0, 0, 0, 0, 0, 0, 0
interval_timer.cpiInstructionCacheunknown = 0, 0, 0, 0, 0, 0, 0, 0, 0, 0, 0, 0, 0, 0, 0, 0
interval_timer.cpiLongLatency = 0, 0, 0, 0, 0, 0, 0, 0, 0, 0, 0, 0, 0, 0, 0, 0
interval_timer.cpiSerialization = 121804236, 0, 0, 0, 0, 0, 0, 0, 0, 0, 0, 0, 0, 0, 0, 0
interval_timer.detailed-cpiBase-BranchMispredict = 0, 0, 0, 0, 0, 0, 0, 0, 0, 0, 0, 0, 0, 0, 0, 0
interval_timer.detailed-cpiBase-DispatchRate = 39196470, 69949951, 70651651, 70340846, 69411833, 73031760, 72290931, 69495101, 69541213, 72255098, 70065779, 70971983, 69187520, 69247012, 69679447, 69196715
interval_timer.detailed-cpiBase-DispatchRate+BranchMispredict = 0, 0, 0, 0, 0, 0, 0, 0, 0, 0, 0, 0, 0, 0, 0, 0
interval_timer.detailed-cpiBase-DispatchRate+ICacheMiss = 0, 0, 0, 0, 0, 0, 0, 0, 0, 0, 0, 0, 0, 0, 0, 0
interval_timer.detailed-cpiBase-DispatchRate+ICacheMiss+BranchMispredict = 0, 0, 0, 0, 0, 0, 0, 0, 0, 0, 0, 0, 0, 0, 0, 0
interval_timer.detailed-cpiBase-DispatchWidth = 54442, 65738, 66219, 66117, 64856, 68925, 67801, 64963, 64866, 68349, 66026, 66230, 64862, 65278, 65538, 64210
interval_timer.detailed-cpiBase-DispatchWidth+BranchMispredict = 0, 0, 0, 0, 0, 0, 0, 0, 0, 0, 0, 0, 0, 0, 0, 0
interval_timer.detailed-cpiBase-DispatchWidth+DispatchRate = 2553009, 22779981, 22945192, 22854144, 22539209, 23655343, 23434201, 22679210, 22604317, 23389856, 22973197, 23130183, 22528684, 22528485, 22614301, 22569238
interval_timer.detailed-cpiBase-DispatchWidth+DispatchRate+BranchMispredict = 0, 0, 0, 0, 0, 0, 0, 0, 0, 0, 0, 0, 0, 0, 0, 0
interval_timer.detailed-cpiBase-DispatchWidth+DispatchRate+ICacheMiss = 0, 0, 0, 0, 0, 0, 0, 0, 0, 0, 0, 0, 0, 0, 0, 0
interval_timer.detailed-cpiBase-DispatchWidth+DispatchRate+ICacheMiss+BranchMispredict = 0, 0, 0, 0, 0, 0, 0, 0, 0, 0, 0, 0, 0, 0, 0, 0
interval_timer.detailed-cpiBase-DispatchWidth+ICacheMiss = 0, 0, 0, 0, 0, 0, 0, 0, 0, 0, 0, 0, 0, 0, 0, 0
interval_timer.detailed-cpiBase-DispatchWidth+ICacheMiss+BranchMispredict = 0, 0, 0, 0, 0, 0, 0, 0, 0, 0, 0, 0, 0, 0, 0, 0
interval_timer.detailed-cpiBase-ICacheMiss = 0, 0, 0, 0, 0, 0, 0, 0, 0, 0, 0, 0, 0, 0, 0, 0
interval_timer.detailed-cpiBase-ICacheMiss+BranchMispredict = 0, 0, 0, 0, 0, 0, 0, 0, 0, 0, 0, 0, 0, 0, 0, 0
interval_timer.detailed-cpiBase-NoReason = 0, 0, 0, 0, 0, 0, 0, 0, 0, 0, 0, 0, 0, 0, 0, 0
interval_timer.detailed-cpiBase-WindowEmpty = 0, 0, 0, 0, 0, 0, 0, 0, 0, 0, 0, 0, 0, 0, 0, 0
interval_timer.detailed-cpiBase-WindowEmpty+BranchMispredict = 0, 0, 0, 0, 0, 0, 0, 0, 0, 0, 0, 0, 0, 0, 0, 0
interval_timer.detailed-cpiBase-WindowEmpty+DispatchRate = 0, 0, 0, 0, 0, 0, 0, 0, 0, 0, 0, 0, 0, 0, 0, 0
interval_timer.detailed-cpiBase-WindowEmpty+DispatchRate+BranchMispredict = 0, 0, 0, 0, 0, 0, 0, 0, 0, 0, 0, 0, 0, 0, 0, 0
interval_timer.detailed-cpiBase-WindowEmpty+DispatchRate+ICacheMiss = 0, 0, 0, 0, 0, 0, 0, 0, 0, 0, 0, 0, 0, 0, 0, 0
interval_timer.detailed-cpiBase-WindowEmpty+DispatchRate+ICacheMiss+BranchMispredict = 0, 0, 0, 0, 0, 0, 0, 0, 0, 0, 0, 0, 0, 0, 0, 0
interval_timer.detailed-cpiBase-WindowEmpty+DispatchWidth = 0, 0, 0, 0, 0, 0, 0, 0, 0, 0, 0, 0, 0, 0, 0, 0
interval_timer.detailed-cpiBase-WindowEmpty+DispatchWidth+BranchMispredict = 0, 0, 0, 0, 0, 0, 0, 0, 0, 0, 0, 0, 0, 0, 0, 0
interval_timer.detailed-cpiBase-WindowEmpty+DispatchWidth+DispatchRate = 0, 0, 0, 0, 0, 0, 0, 0, 0, 0, 0, 0, 0, 0, 0, 0
interval_timer.detailed-cpiBase-WindowEmpty+DispatchWidth+DispatchRate+BranchMispredict = 0, 0, 0, 0, 0, 0, 0, 0, 0, 0, 0, 0, 0, 0, 0, 0
interval_timer.detailed-cpiBase-WindowEmpty+DispatchWidth+DispatchRate+ICacheMiss = 0, 0, 0, 0, 0, 0, 0, 0, 0, 0, 0, 0, 0, 0, 0, 0
interval_timer.detailed-cpiBase-WindowEmpty+DispatchWidth+DispatchRate+ICacheMiss+BranchMispredict = 0, 0, 0, 0, 0, 0, 0, 0, 0, 0, 0, 0, 0, 0, 0, 0
interval_timer.detailed-cpiBase-WindowEmpty+DispatchWidth+ICacheMiss = 0, 0, 0, 0, 0, 0, 0, 0, 0, 0, 0, 0, 0, 0, 0, 0
interval_timer.detailed-cpiBase-WindowEmpty+DispatchWidth+ICacheMiss+BranchMispredict = 0, 0, 0, 0, 0, 0, 0, 0, 0, 0, 0, 0, 0, 0, 0, 0
interval_timer.detailed-cpiBase-WindowEmpty+ICacheMiss = 0, 0, 0, 0, 0, 0, 0, 0, 0, 0, 0, 0, 0, 0, 0, 0
interval_timer.detailed-cpiBase-WindowEmpty+ICacheMiss+BranchMispredict = 0, 0, 0, 0, 0, 0, 0, 0, 0, 0, 0, 0, 0, 0, 0, 0
interval_timer.loadstore_contention.no-free-slots = 0, 0, 0, 0, 0, 0, 0, 0, 0, 0, 0, 0, 0, 0, 0, 0
interval_timer.loadstore_contention.num-barriers = 0, 0, 0, 0, 0, 0, 0, 0, 0, 0, 0, 0, 0, 0, 0, 0
interval_timer.loadstore_contention.num-requests = 17779838, 44676522, 45054703, 44896702, 44187867, 46404945, 46051724, 44440364, 44315150, 45993079, 44921568, 45403616, 44200437, 44199070, 44345580, 44237214
interval_timer.loadstore_contention.requests-out-of-order = 14467694, 18926039, 19017279, 18969675, 18634855, 19578005, 19470467, 18740047, 18670253, 19448004, 18894792, 19125537, 18659565, 18656096, 18699566, 18657277
interval_timer.loadstore_contention.requests-simultaneous = 1127958, 11740099, 11912321, 11829087, 11687960, 12255015, 12113954, 11769806, 11737866, 12100033, 11978212, 12057873, 11671312, 11680448, 11724530, 11714992
interval_timer.loadstore_contention.total-barrier-delay = 0, 0, 0, 0, 0, 0, 0, 0, 0, 0, 0, 0, 0, 0, 0, 0
interval_timer.loadstore_contention.total-delay = 72609234399, 1648081237734, 1673668022013, 1652397769332, 1645377484446, 1733354353287, 1678111245054, 1664827440489, 1659072190338, 1678288688262, 1731870146115, 1716541609329, 1639882008144, 1643545909638, 1651491380403, 1657493998416
interval_timer.numBPredOverlapped = 396601, 5761976, 5726103, 5710647, 5630683, 5960301, 5810289, 5662821, 5671982, 5851725, 5741938, 5794282, 5628784, 5637438, 5641988, 5647131
interval_timer.numDCacheOverlapped = 1085311, 9060334, 9008216, 8990824, 8869072, 9375754, 9163587, 8874919, 8945827, 9193236, 8972952, 9037327, 8820392, 8838412, 8897950, 8847213
interval_timer.numHiddenLongerDCacheLatency = 9312, 329425, 343155, 327427, 326531, 345094, 323777, 307682, 326598, 309449, 323512, 304402, 301128, 301798, 322164, 314695
interval_timer.numICacheOverlapped = 7453366, 68128244, 68037004, 67769633, 66911744, 70779651, 69143071, 66995172, 67351155, 69361896, 67903440, 68278592, 66557887, 66728708, 67228511, 66755271
interval_timer.numLongLatencyLoads = 59010, 541453, 540823, 538665, 531882, 562452, 549631, 532482, 535202, 551326, 539653, 542560, 529049, 530357, 534409, 530583
interval_timer.numMfenceInsns = 0, 0, 0, 0, 0, 0, 0, 0, 0, 0, 0, 0, 0, 0, 0, 0
interval_timer.numSerializationInsns = 152, 0, 0, 0, 0, 0, 0, 0, 0, 0, 0, 0, 0, 0, 0, 0
interval_timer.numTotalLongLatencyLoadLatency = 5428283, 48882632, 44894111, 45828859, 44760190, 43538371, 44529761, 44273049, 44873843, 44625849, 43748078, 45483326, 46116052, 44427855, 44462702, 45275766
interval_timer.outstandingLongLatencyCycles = 5591126, 59052492, 53466061, 54320773, 53123005, 51770251, 52882470, 52174401, 53144740, 52921538, 51981531, 53663024, 54152925, 52505052, 52748138, 53437152
interval_timer.outstandingLongLatencyInsns = 6895508, 99903738, 90889164, 91497308, 89591312, 88451916, 87467310, 87234592, 91082539, 86603379, 87659048, 88887199, 90623749, 87462395, 88669702, 90067205
interval_timer.totalHiddenDCacheLatency = 7306369, 93550880, 88066265, 87710720, 86329599, 88755967, 85903500, 84530990, 88030028, 85141800, 85874273, 85783928, 85824669, 84464489, 85874885, 86178952
interval_timer.totalHiddenLongerDCacheLatency = 234320, 16682964, 10855978, 11117481, 10589114, 10252364, 9860852, 9906417, 11019630, 9752407, 10352115, 10220634, 10481675, 10408756, 10217040, 10793915
interval_timer.totalMfenceLatency = 0, 0, 0, 0, 0, 0, 0, 0, 0, 0, 0, 0, 0, 0, 0, 0
interval_timer.totalSerializationLatency = 324, 0, 0, 0, 0, 0, 0, 0, 0, 0, 0, 0, 0, 0, 0, 0
interval_timer.uop_branch = 11383480, 28137284, 28327150, 28212876, 27788455, 29226728, 28894675, 27941617, 27888434, 28855118, 28297167, 28533584, 27781151, 27774180, 27900298, 27833117
interval_timer.uop_fp_addsub = 5131958, 8706680, 8759752, 8764041, 8643133, 9107172, 9013000, 8691636, 8677991, 9016679, 8743950, 8818131, 8634533, 8643427, 8689486, 8612525
interval_timer.uop_fp_muldiv = 7319185, 10597967, 10662309, 10673788, 10515448, 11097447, 10989143, 10578989, 10540221, 10971205, 10637009, 10712992, 10521321, 10512427, 10586848, 10490754
interval_timer.uop_generic = 35092158, 164779584, 165663160, 165292205, 162657962, 171061513, 169555966, 163364929, 163136905, 169404526, 164813860, 166605025, 162604420, 162588252, 163309189, 162642784
interval_timer.uop_load = 18865181, 53736873, 54062936, 53887542, 53056958, 55780718, 55215330, 53315302, 53260996, 55186334, 53894536, 54440962, 53020848, 53037501, 53243549, 53084446
interval_timer.uop_store = 9187657, 13255407, 13374169, 13280320, 13105271, 13776070, 13555836, 13206379, 13185789, 13543299, 13474883, 13535771, 13099550, 13099961, 13148739, 13164416
interval_timer.uops_pause = 0, 0, 0, 0, 0, 0, 0, 0, 0, 0, 0, 0, 0, 0, 0, 0
interval_timer.uops_total = 86979619, 279213795, 280849476, 280110772, 275767227, 290049648, 287223950, 277098852, 276690336, 286977161, 279861405, 282646465, 275661823, 275655748, 276878109, 275828042
interval_timer.uops_x87 = 0, 0, 0, 0, 0, 0, 0, 0, 0, 0, 0, 0, 0, 0, 0, 0
ipc = 1.22675333968
itlb.access = 11890796, 28534450, 28711608, 28626365, 28177613, 29647880, 29354462, 28317128, 28254764, 29304647, 28611585, 28877236, 28177631, 28161485, 28303316, 28201363
itlb.miss = 457, 96, 96, 91, 90, 91, 91, 90, 90, 91, 91, 90, 91, 91, 91, 90
itlb_cache.access-mru-0 = 11858441, 28518195, 28695870, 28610719, 28162427, 29631781, 29338503, 28301896, 28239606, 29288696, 28596297, 28861646, 28162452, 28146340, 28288123, 28186243
itlb_cache.access-mru-1 = 30428, 14732, 14169, 14100, 13678, 14531, 14378, 13705, 13671, 14356, 13739, 14012, 13659, 13654, 13699, 13623
itlb_cache.access-mru-2 = 1118, 1376, 1406, 1396, 1345, 1425, 1427, 1341, 1343, 1427, 1350, 1393, 1345, 1345, 1342, 1351
itlb_cache.access-mru-3 = 352, 51, 67, 59, 73, 52, 63, 96, 54, 77, 108, 95, 84, 55, 61, 56
L1-D.access-mru-0 = 27016642, 67074708, 67510040, 67275685, 66247179, 69656635, 68890921, 66627921, 66539806, 68820684, 67453379, 68073806, 66195947, 66219990, 66476681, 66345453
L1-D.access-mru-1 = 743978, 1181629, 1194199, 1187835, 1175148, 1219510, 1217148, 1182500, 1167136, 1250414, 1192805, 1200522, 1200588, 1203601, 1184674, 1171206
L1-D.access-mru-2 = 19771, 414016, 410522, 407687, 400422, 418759, 429571, 403973, 395305, 437028, 401174, 423631, 414054, 405496, 402510, 402982
L1-D.access-mru-3 = 15988, 64611, 62122, 60862, 62144, 65313, 65760, 61078, 65054, 62736, 59938, 65536, 61088, 60864, 64293, 60803
L1-D.backinval-D = 0, 0, 0, 0, 0, 0, 0, 0, 0, 0, 0, 0, 0, 0, 0, 0
L1-D.backinval-E = 46616, 713444, 648125, 658968, 621951, 681208, 611166, 579965, 603866, 646624, 606292, 594950, 602462, 582074, 580384, 607489
L1-D.backinval-I = 0, 0, 0, 0, 0, 0, 0, 0, 0, 0, 0, 0, 0, 0, 0, 0
L1-D.backinval-M = 810693, 429035, 431996, 428919, 421674, 443275, 437245, 422931, 422863, 437455, 430325, 434970, 421672, 420910, 422803, 423087
L1-D.backinval-O = 0, 0, 0, 0, 0, 0, 0, 0, 0, 0, 0, 0, 0, 0, 0, 0
L1-D.backinval-S = 1161, 108049, 186740, 153102, 189929, 183538, 206704, 212286, 216876, 159341, 211589, 203867, 180119, 199614, 229844, 190427
L1-D.backinval-u = 0, 0, 0, 0, 0, 0, 0, 0, 0, 0, 0, 0, 0, 0, 0, 0
L1-D.coherency-downgrades = 4170, 26728, 51079, 41115, 40680, 54448, 52605, 56856, 50497, 48922, 56469, 53678, 47355, 52137, 54564, 47043
L1-D.coherency-invalidates = 3507, 567, 651, 621, 596, 593, 675, 583, 578, 611, 583, 623, 609, 607, 551, 552
L1-D.coherency-upgrades = 0, 0, 0, 0, 0, 0, 0, 0, 0, 0, 0, 0, 0, 0, 0, 0
L1-D.coherency-writebacks = 1534, 102, 614, 275, 275, 670, 648, 969, 576, 307, 830, 596, 385, 896, 668, 588
L1-D.evict-D = 0, 0, 0, 0, 0, 0, 0, 0, 0, 0, 0, 0, 0, 0, 0, 0
L1-D.evict-E = 0, 0, 0, 0, 0, 0, 0, 0, 0, 0, 0, 0, 0, 0, 0, 0
L1-D.evict-I = 0, 0, 0, 0, 0, 0, 0, 0, 0, 0, 0, 0, 0, 0, 0, 0
L1-D.evict-M = 0, 0, 0, 0, 0, 0, 0, 0, 0, 0, 0, 0, 0, 0, 0, 0
L1-D.evict-O = 0, 0, 0, 0, 0, 0, 0, 0, 0, 0, 0, 0, 0, 0, 0, 0
L1-D.evict-prefetch = 0, 0, 0, 0, 0, 0, 0, 0, 0, 0, 0, 0, 0, 0, 0, 0
L1-D.evict-S = 0, 0, 0, 0, 0, 0, 0, 0, 0, 0, 0, 0, 0, 0, 0, 0
L1-D.evict-u = 0, 0, 0, 0, 0, 0, 0, 0, 0, 0, 0, 0, 0, 0, 0, 0
L1-D.evict-warmup = 0, 0, 0, 0, 0, 0, 0, 0, 0, 0, 0, 0, 0, 0, 0, 0
L1-D.hits-prefetch = 0, 0, 0, 0, 0, 0, 0, 0, 0, 0, 0, 0, 0, 0, 0, 0
L1-D.hits-warmup = 0, 0, 0, 0, 0, 0, 0, 0, 0, 0, 0, 0, 0, 0, 0, 0
L1-D.invalidate-prefetch = 0, 0, 0, 0, 0, 0, 0, 0, 0, 0, 0, 0, 0, 0, 0, 0
L1-D.invalidate-warmup = 0, 0, 0, 0, 0, 0, 0, 0, 0, 0, 0, 0, 0, 0, 0, 0
L1-D.load-misses = 73164, 1037300, 1051767, 1028990, 1025123, 1089534, 1041102, 1005964, 1034172, 1029165, 1031943, 1015442, 995774, 994597, 1024776, 1009982
L1-D.load-misses-D = 0, 0, 0, 0, 0, 0, 0, 0, 0, 0, 0, 0, 0, 0, 0, 0
L1-D.load-misses-E = 440, 546, 494, 501, 426, 458, 450, 437, 471, 465, 433, 425, 444, 424, 455, 435
L1-D.load-misses-I = 71849, 1036651, 1051067, 1028299, 1024553, 1088890, 1040488, 1005356, 1033568, 1028521, 1031369, 1014836, 995185, 993994, 1024171, 1009387
L1-D.load-misses-M = 0, 0, 0, 0, 0, 0, 0, 0, 0, 0, 0, 0, 0, 0, 0, 0
L1-D.load-misses-O = 0, 0, 0, 0, 0, 0, 0, 0, 0, 0, 0, 0, 0, 0, 0, 0
L1-D.load-misses-S = 875, 103, 206, 190, 144, 186, 164, 171, 133, 179, 141, 181, 145, 179, 150, 160
L1-D.load-misses-u = 0, 0, 0, 0, 0, 0, 0, 0, 0, 0, 0, 0, 0, 0, 0, 0
L1-D.load-overlapping-misses = 0, 0, 0, 0, 0, 0, 0, 0, 0, 0, 0, 0, 0, 0, 0, 0
L1-D.loads = 19494837, 56942985, 57283935, 57107943, 56224789, 59116755, 58524818, 56498192, 56437769, 58493265, 57094718, 57676916, 56188616, 56205066, 56426206, 56247762
L1-D.loads-D = 0, 0, 0, 0, 0, 0, 0, 0, 0, 0, 0, 0, 0, 0, 0, 0
L1-D.loads-E = 9651956, 25380793, 22105123, 23872695, 22619756, 23932640, 21823465, 20900441, 20836611, 24858440, 21326872, 22148834, 22180012, 22198642, 20335036, 21732189
L1-D.loads-I = 71849, 1036651, 1051067, 1028299, 1024553, 1088890, 1040488, 1005356, 1033568, 1028521, 1031369, 1014836, 995185, 993994, 1024171, 1009387
L1-D.loads-M = 9707144, 22083581, 22254387, 22176095, 21669995, 22620484, 22707782, 21777290, 21651962, 22399283, 21911127, 22491523, 21657271, 21565774, 21700549, 21801601
L1-D.loads-O = 0, 0, 0, 0, 0, 0, 0, 0, 0, 0, 0, 0, 0, 0, 0, 0
L1-D.loads-prefetch = 0, 0, 0, 0, 0, 0, 0, 0, 0, 0, 0, 0, 0, 0, 0, 0
L1-D.loads-S = 63888, 8441960, 11873358, 10030854, 10910485, 11474741, 12953083, 12815105, 12915628, 10207021, 12825350, 12021723, 11356148, 11446656, 13366450, 11704585
L1-D.loads-u = 0, 0, 0, 0, 0, 0, 0, 0, 0, 0, 0, 0, 0, 0, 0, 0
L1-D.loads-where-cache-remote = 4400, 26420, 51961, 40436, 47214, 48462, 58029, 53986, 55024, 40221, 55117, 52468, 44047, 51897, 59828, 48835
L1-D.loads-where-dram = 0, 0, 0, 0, 0, 0, 0, 0, 0, 0, 0, 0, 0, 0, 0, 0
L1-D.loads-where-dram-cache = 0, 0, 0, 0, 0, 0, 0, 0, 0, 0, 0, 0, 0, 0, 0, 0
L1-D.loads-where-dram-local = 3119, 0, 0, 0, 20409, 0, 0, 0, 19308, 0, 0, 0, 19322, 0, 0, 0
L1-D.loads-where-dram-remote = 9079, 157007, 81976, 84842, 61221, 64682, 78288, 74435, 57660, 79256, 76393, 79029, 58010, 80323, 78208, 83256
L1-D.loads-where-L1 = 19421673, 55905685, 56232168, 56078953, 55199666, 58027221, 57483716, 55492228, 55403597, 57464100, 56062775, 56661474, 55192842, 55210469, 55401430, 55237780
L1-D.loads-where-L1_S = 0, 0, 0, 0, 0, 0, 0, 0, 0, 0, 0, 0, 0, 0, 0, 0
L1-D.loads-where-L1I = 0, 0, 0, 0, 0, 0, 0, 0, 0, 0, 0, 0, 0, 0, 0, 0
L1-D.loads-where-L2 = 3092, 893, 945, 919, 820, 831, 861, 802, 868, 837, 805, 773, 837, 775, 843, 771
L1-D.loads-where-L2_S = 0, 0, 0, 0, 0, 0, 0, 0, 0, 0, 0, 0, 0, 0, 0, 0
L1-D.loads-where-L3 = 0, 0, 0, 0, 0, 0, 0, 0, 0, 0, 0, 0, 0, 0, 0, 0
L1-D.loads-where-L3_S = 0, 0, 0, 0, 0, 0, 0, 0, 0, 0, 0, 0, 0, 0, 0, 0
L1-D.loads-where-L4 = 0, 0, 0, 0, 0, 0, 0, 0, 0, 0, 0, 0, 0, 0, 0, 0
L1-D.loads-where-L4_S = 0, 0, 0, 0, 0, 0, 0, 0, 0, 0, 0, 0, 0, 0, 0, 0
L1-D.loads-where-miss = 0, 0, 0, 0, 0, 0, 0, 0, 0, 0, 0, 0, 0, 0, 0, 0
L1-D.loads-where-nuca-cache = 53474, 852980, 916885, 902793, 895459, 975559, 903924, 876741, 901312, 908851, 899628, 883172, 873558, 861602, 885897, 877120
L1-D.loads-where-nuca-local = 0, 0, 0, 0, 0, 0, 0, 0, 0, 0, 0, 0, 0, 0, 0, 0
L1-D.loads-where-nuca-remote = 0, 0, 0, 0, 0, 0, 0, 0, 0, 0, 0, 0, 0, 0, 0, 0
L1-D.loads-where-predicate-false = 0, 0, 0, 0, 0, 0, 0, 0, 0, 0, 0, 0, 0, 0, 0, 0
L1-D.loads-where-prefetch-no-mapping = 0, 0, 0, 0, 0, 0, 0, 0, 0, 0, 0, 0, 0, 0, 0, 0
L1-D.loads-where-unknown = 0, 0, 0, 0, 0, 0, 0, 0, 0, 0, 0, 0, 0, 0, 0, 0
L1-D.mshr-latency = 0, 0, 0, 0, 0, 0, 0, 0, 0, 0, 0, 0, 0, 0, 0, 0
L1-D.next_read.no-free-slots = 0, 0, 0, 0, 0, 0, 0, 0, 0, 0, 0, 0, 0, 0, 0, 0
L1-D.next_read.num-barriers = 0, 0, 0, 0, 0, 0, 0, 0, 0, 0, 0, 0, 0, 0, 0, 0
L1-D.next_read.num-requests = 0, 0, 0, 0, 0, 0, 0, 0, 0, 0, 0, 0, 0, 0, 0, 0
L1-D.next_read.requests-out-of-order = 0, 0, 0, 0, 0, 0, 0, 0, 0, 0, 0, 0, 0, 0, 0, 0
L1-D.next_read.requests-simultaneous = 0, 0, 0, 0, 0, 0, 0, 0, 0, 0, 0, 0, 0, 0, 0, 0
L1-D.next_read.total-barrier-delay = 0, 0, 0, 0, 0, 0, 0, 0, 0, 0, 0, 0, 0, 0, 0, 0
L1-D.next_read.total-delay = 0, 0, 0, 0, 0, 0, 0, 0, 0, 0, 0, 0, 0, 0, 0, 0
L1-D.prefetches = 0, 0, 0, 0, 0, 0, 0, 0, 0, 0, 0, 0, 0, 0, 0, 0
L1-D.qbs-query-latency = 0, 0, 0, 0, 0, 0, 0, 0, 0, 0, 0, 0, 0, 0, 0, 0
L1-D.snoop-latency = 0, 0, 0, 0, 0, 0, 0, 0, 0, 0, 0, 0, 0, 0, 0, 0
L1-D.store-misses = 813042, 428841, 432255, 428851, 421697, 443675, 437689, 423718, 423147, 437549, 430981, 435406, 421861, 421623, 423177, 423460
L1-D.store-misses-D = 0, 0, 0, 0, 0, 0, 0, 0, 0, 0, 0, 0, 0, 0, 0, 0
L1-D.store-misses-E = 17275, 213835, 214682, 214791, 211318, 222798, 221205, 211851, 211466, 221217, 212214, 214738, 211262, 211022, 212571, 210255
L1-D.store-misses-I = 791918, 214789, 217279, 213819, 210108, 220623, 216189, 211622, 211421, 216057, 218484, 220410, 210307, 210343, 210327, 212999
L1-D.store-misses-M = 0, 0, 0, 0, 0, 0, 0, 0, 0, 0, 0, 0, 0, 0, 0, 0
L1-D.store-misses-O = 0, 0, 0, 0, 0, 0, 0, 0, 0, 0, 0, 0, 0, 0, 0, 0
L1-D.store-misses-S = 3849, 217, 294, 241, 271, 254, 295, 245, 260, 275, 283, 258, 292, 258, 279, 206
L1-D.store-misses-u = 0, 0, 0, 0, 0, 0, 0, 0, 0, 0, 0, 0, 0, 0, 0, 0
L1-D.store-overlapping-misses = 0, 0, 0, 0, 0, 0, 0, 0, 0, 0, 0, 0, 0, 0, 0, 0
L1-D.stores = 9187748, 13258120, 13376970, 13281967, 13106924, 13776671, 13557373, 13206962, 13186851, 13544311, 13475502, 13537427, 13100696, 13101105, 13149905, 13166124
L1-D.stores-D = 0, 0, 0, 0, 0, 0, 0, 0, 0, 0, 0, 0, 0, 0, 0, 0
L1-D.stores-E = 17275, 213835, 214682, 214791, 211318, 222798, 221205, 211851, 211466, 221217, 212214, 214738, 211262, 211022, 212571, 210255
L1-D.stores-I = 791918, 214789, 217279, 213819, 210108, 220623, 216189, 211622, 211421, 216057, 218484, 220410, 210307, 210343, 210327, 212999
L1-D.stores-M = 8374706, 12829279, 12944715, 12853116, 12685227, 13332996, 13119684, 12783244, 12763704, 13106762, 13044521, 13102021, 12678835, 12679482, 12726728, 12742664
L1-D.stores-O = 0, 0, 0, 0, 0, 0, 0, 0, 0, 0, 0, 0, 0, 0, 0, 0
L1-D.stores-prefetch = 0, 0, 0, 0, 0, 0, 0, 0, 0, 0, 0, 0, 0, 0, 0, 0
L1-D.stores-S = 3849, 217, 294, 241, 271, 254, 295, 245, 260, 275, 283, 258, 292, 258, 279, 206
L1-D.stores-u = 0, 0, 0, 0, 0, 0, 0, 0, 0, 0, 0, 0, 0, 0, 0, 0
L1-D.stores-where-cache-remote = 0, 0, 0, 0, 0, 0, 0, 0, 0, 0, 0, 0, 0, 0, 0, 0
L1-D.stores-where-dram = 0, 0, 0, 0, 0, 0, 0, 0, 0, 0, 0, 0, 0, 0, 0, 0
L1-D.stores-where-dram-cache = 0, 0, 0, 0, 0, 0, 0, 0, 0, 0, 0, 0, 0, 0, 0, 0
L1-D.stores-where-dram-local = 0, 0, 0, 0, 0, 0, 0, 0, 0, 0, 0, 0, 0, 0, 0, 0
L1-D.stores-where-dram-remote = 0, 0, 0, 0, 0, 0, 0, 0, 0, 0, 0, 0, 0, 0, 0, 0
L1-D.stores-where-L1 = 8374706, 12829279, 12944715, 12853116, 12685227, 13332996, 13119684, 12783244, 12763704, 13106762, 13044521, 13102021, 12678835, 12679482, 12726728, 12742664
L1-D.stores-where-L1_S = 0, 0, 0, 0, 0, 0, 0, 0, 0, 0, 0, 0, 0, 0, 0, 0
L1-D.stores-where-L1I = 0, 0, 0, 0, 0, 0, 0, 0, 0, 0, 0, 0, 0, 0, 0, 0
L1-D.stores-where-L2 = 813042, 428841, 432255, 428851, 421697, 443675, 437689, 423718, 423147, 437549, 430981, 435406, 421861, 421623, 423177, 423460
L1-D.stores-where-L2_S = 0, 0, 0, 0, 0, 0, 0, 0, 0, 0, 0, 0, 0, 0, 0, 0
L1-D.stores-where-L3 = 0, 0, 0, 0, 0, 0, 0, 0, 0, 0, 0, 0, 0, 0, 0, 0
L1-D.stores-where-L3_S = 0, 0, 0, 0, 0, 0, 0, 0, 0, 0, 0, 0, 0, 0, 0, 0
L1-D.stores-where-L4 = 0, 0, 0, 0, 0, 0, 0, 0, 0, 0, 0, 0, 0, 0, 0, 0
L1-D.stores-where-L4_S = 0, 0, 0, 0, 0, 0, 0, 0, 0, 0, 0, 0, 0, 0, 0, 0
L1-D.stores-where-miss = 0, 0, 0, 0, 0, 0, 0, 0, 0, 0, 0, 0, 0, 0, 0, 0
L1-D.stores-where-nuca-cache = 0, 0, 0, 0, 0, 0, 0, 0, 0, 0, 0, 0, 0, 0, 0, 0
L1-D.stores-where-nuca-local = 0, 0, 0, 0, 0, 0, 0, 0, 0, 0, 0, 0, 0, 0, 0, 0
L1-D.stores-where-nuca-remote = 0, 0, 0, 0, 0, 0, 0, 0, 0, 0, 0, 0, 0, 0, 0, 0
L1-D.stores-where-predicate-false = 0, 0, 0, 0, 0, 0, 0, 0, 0, 0, 0, 0, 0, 0, 0, 0
L1-D.stores-where-prefetch-no-mapping = 0, 0, 0, 0, 0, 0, 0, 0, 0, 0, 0, 0, 0, 0, 0, 0
L1-D.stores-where-unknown = 0, 0, 0, 0, 0, 0, 0, 0, 0, 0, 0, 0, 0, 0, 0, 0
L1-D.total-latency = 25457125877140, 50515899777301, 43452076992937, 43697250049070, 42894611567673, 42313178252601, 41706709152643, 42227004304674, 43131363602556, 41825997072440, 42888172013791, 43313279093430, 43931976268744, 42438503415899, 42268367488053, 43406298859300
L1-I.access-mru-0 = 11686255, 27434828, 27611382, 27524664, 27095251, 28504576, 28221032, 27231217, 27170341, 28172439, 27523469, 27776315, 27096323, 27080401, 27214223, 27123564
L1-I.access-mru-1 = 143351, 999854, 1001824, 1004139, 987263, 1042000, 1034313, 990940, 988538, 1033304, 991917, 1003976, 986943, 986910, 993551, 982751
L1-I.access-mru-2 = 13056, 3638, 2963, 3045, 2876, 3431, 2987, 3098, 2908, 2938, 3028, 3110, 2811, 2756, 2765, 3091
L1-I.access-mru-3 = 812, 195, 107, 117, 141, 135, 117, 186, 113, 131, 157, 151, 116, 110, 174, 203
L1-I.backinval-D = 0, 0, 0, 0, 0, 0, 0, 0, 0, 0, 0, 0, 0, 0, 0, 0
L1-I.backinval-E = 44608, 22015, 11898, 16391, 12678, 13457, 10426, 8005, 9421, 15532, 9333, 11183, 12502, 9529, 6581, 10708
L1-I.backinval-I = 0, 0, 0, 0, 0, 0, 0, 0, 0, 0, 0, 0, 0, 0, 0, 0
L1-I.backinval-M = 0, 0, 0, 0, 0, 0, 0, 0, 0, 0, 0, 0, 0, 0, 0, 0
L1-I.backinval-O = 0, 0, 0, 0, 0, 0, 0, 0, 0, 0, 0, 0, 0, 0, 0, 0
L1-I.backinval-S = 2458, 73763, 83245, 77839, 79238, 84105, 85418, 83513, 83263, 80130, 83506, 82326, 78767, 81605, 85845, 80876
L1-I.backinval-u = 0, 0, 0, 0, 0, 0, 0, 0, 0, 0, 0, 0, 0, 0, 0, 0
L1-I.coherency-downgrades = 284, 4084, 4530, 4013, 2661, 5548, 3555, 4298, 3226, 5689, 4206, 4964, 3595, 3211, 2653, 3765
L1-I.coherency-invalidates = 0, 0, 0, 0, 0, 0, 0, 0, 0, 0, 0, 0, 0, 0, 0, 0
L1-I.coherency-upgrades = 0, 0, 0, 0, 0, 0, 0, 0, 0, 0, 0, 0, 0, 0, 0, 0
L1-I.coherency-writebacks = 0, 0, 0, 0, 0, 0, 0, 0, 0, 0, 0, 0, 0, 0, 0, 0
L1-I.evict-D = 0, 0, 0, 0, 0, 0, 0, 0, 0, 0, 0, 0, 0, 0, 0, 0
L1-I.evict-E = 0, 0, 0, 0, 0, 0, 0, 0, 0, 0, 0, 0, 0, 0, 0, 0
L1-I.evict-I = 0, 0, 0, 0, 0, 0, 0, 0, 0, 0, 0, 0, 0, 0, 0, 0
L1-I.evict-M = 0, 0, 0, 0, 0, 0, 0, 0, 0, 0, 0, 0, 0, 0, 0, 0
L1-I.evict-O = 0, 0, 0, 0, 0, 0, 0, 0, 0, 0, 0, 0, 0, 0, 0, 0
L1-I.evict-prefetch = 0, 0, 0, 0, 0, 0, 0, 0, 0, 0, 0, 0, 0, 0, 0, 0
L1-I.evict-S = 0, 0, 0, 0, 0, 0, 0, 0, 0, 0, 0, 0, 0, 0, 0, 0
L1-I.evict-u = 0, 0, 0, 0, 0, 0, 0, 0, 0, 0, 0, 0, 0, 0, 0, 0
L1-I.evict-warmup = 0, 0, 0, 0, 0, 0, 0, 0, 0, 0, 0, 0, 0, 0, 0, 0
L1-I.hits-prefetch = 0, 0, 0, 0, 0, 0, 0, 0, 0, 0, 0, 0, 0, 0, 0, 0
L1-I.hits-warmup = 0, 0, 0, 0, 0, 0, 0, 0, 0, 0, 0, 0, 0, 0, 0, 0
L1-I.invalidate-prefetch = 0, 0, 0, 0, 0, 0, 0, 0, 0, 0, 0, 0, 0, 0, 0, 0
L1-I.invalidate-warmup = 0, 0, 0, 0, 0, 0, 0, 0, 0, 0, 0, 0, 0, 0, 0, 0
L1-I.load-misses = 47322, 95935, 95332, 94400, 92082, 97738, 96013, 91687, 92864, 95835, 93014, 93684, 91438, 91308, 92603, 91754
L1-I.load-misses-D = 0, 0, 0, 0, 0, 0, 0, 0, 0, 0, 0, 0, 0, 0, 0, 0
L1-I.load-misses-E = 0, 0, 0, 0, 0, 0, 0, 0, 0, 0, 0, 0, 0, 0, 0, 0
L1-I.load-misses-I = 47322, 95935, 95332, 94400, 92082, 97738, 96013, 91687, 92864, 95835, 93014, 93684, 91438, 91308, 92603, 91754
L1-I.load-misses-M = 0, 0, 0, 0, 0, 0, 0, 0, 0, 0, 0, 0, 0, 0, 0, 0
L1-I.load-misses-O = 0, 0, 0, 0, 0, 0, 0, 0, 0, 0, 0, 0, 0, 0, 0, 0
L1-I.load-misses-S = 0, 0, 0, 0, 0, 0, 0, 0, 0, 0, 0, 0, 0, 0, 0, 0
L1-I.load-misses-u = 0, 0, 0, 0, 0, 0, 0, 0, 0, 0, 0, 0, 0, 0, 0, 0
L1-I.load-overlapping-misses = 0, 0, 0, 0, 0, 0, 0, 0, 0, 0, 0, 0, 0, 0, 0, 0
L1-I.loads = 11890796, 28534450, 28711608, 28626365, 28177613, 29647880, 29354462, 28317128, 28254764, 29304647, 28611585, 28877236, 28177631, 28161485, 28303316, 28201363
L1-I.loads-D = 0, 0, 0, 0, 0, 0, 0, 0, 0, 0, 0, 0, 0, 0, 0, 0
L1-I.loads-E = 11727242, 10113856, 4736290, 7547044, 5551777, 6436280, 3801660, 2795552, 2849729, 7778181, 3352341, 4916823, 5134795, 4674490, 1591957, 4812606
L1-I.loads-I = 47322, 95935, 95332, 94400, 92082, 97738, 96013, 91687, 92864, 95835, 93014, 93684, 91438, 91308, 92603, 91754
L1-I.loads-M = 0, 0, 0, 0, 0, 0, 0, 0, 0, 0, 0, 0, 0, 0, 0, 0
L1-I.loads-O = 0, 0, 0, 0, 0, 0, 0, 0, 0, 0, 0, 0, 0, 0, 0, 0
L1-I.loads-prefetch = 0, 0, 0, 0, 0, 0, 0, 0, 0, 0, 0, 0, 0, 0, 0, 0
L1-I.loads-S = 116232, 18324659, 23879986, 20984921, 22533754, 23113862, 25456789, 25429889, 25312171, 21430631, 25166230, 23866729, 22951398, 23395687, 26618756, 23297003
L1-I.loads-u = 0, 0, 0, 0, 0, 0, 0, 0, 0, 0, 0, 0, 0, 0, 0, 0
L1-I.loads-where-cache-remote = 32, 3849, 5045, 3715, 3104, 4235, 4784, 4824, 3624, 3017, 3934, 3967, 3388, 5131, 3806, 3826
L1-I.loads-where-dram = 0, 0, 0, 0, 0, 0, 0, 0, 0, 0, 0, 0, 0, 0, 0, 0
L1-I.loads-where-dram-cache = 0, 0, 0, 0, 0, 0, 0, 0, 0, 0, 0, 0, 0, 0, 0, 0
L1-I.loads-where-dram-local = 1072, 0, 0, 0, 20, 0, 0, 0, 21, 0, 0, 0, 3, 0, 0, 0
L1-I.loads-where-dram-remote = 3216, 537, 215, 73, 40, 51, 92, 4, 53, 97, 60, 77, 8, 106, 51, 140
L1-I.loads-where-L1 = 0, 0, 0, 0, 0, 0, 0, 0, 0, 0, 0, 0, 0, 0, 0, 0
L1-I.loads-where-L1_S = 0, 0, 0, 0, 0, 0, 0, 0, 0, 0, 0, 0, 0, 0, 0, 0
L1-I.loads-where-L1I = 11843474, 28438515, 28616276, 28531965, 28085531, 29550142, 29258449, 28225441, 28161900, 29208812, 28518571, 28783552, 28086193, 28070177, 28210713, 28109609
L1-I.loads-where-L2 = 0, 0, 0, 0, 0, 0, 0, 0, 0, 0, 0, 0, 0, 0, 0, 0
L1-I.loads-where-L2_S = 0, 0, 0, 0, 0, 0, 0, 0, 0, 0, 0, 0, 0, 0, 0, 0
L1-I.loads-where-L3 = 0, 0, 0, 0, 0, 0, 0, 0, 0, 0, 0, 0, 0, 0, 0, 0
L1-I.loads-where-L3_S = 0, 0, 0, 0, 0, 0, 0, 0, 0, 0, 0, 0, 0, 0, 0, 0
L1-I.loads-where-L4 = 0, 0, 0, 0, 0, 0, 0, 0, 0, 0, 0, 0, 0, 0, 0, 0
L1-I.loads-where-L4_S = 0, 0, 0, 0, 0, 0, 0, 0, 0, 0, 0, 0, 0, 0, 0, 0
L1-I.loads-where-miss = 0, 0, 0, 0, 0, 0, 0, 0, 0, 0, 0, 0, 0, 0, 0, 0
L1-I.loads-where-nuca-cache = 43002, 91549, 90072, 90612, 88918, 93452, 91137, 86859, 89166, 92721, 89020, 89640, 88039, 86071, 88746, 87788
L1-I.loads-where-nuca-local = 0, 0, 0, 0, 0, 0, 0, 0, 0, 0, 0, 0, 0, 0, 0, 0
L1-I.loads-where-nuca-remote = 0, 0, 0, 0, 0, 0, 0, 0, 0, 0, 0, 0, 0, 0, 0, 0
L1-I.loads-where-predicate-false = 0, 0, 0, 0, 0, 0, 0, 0, 0, 0, 0, 0, 0, 0, 0, 0
L1-I.loads-where-prefetch-no-mapping = 0, 0, 0, 0, 0, 0, 0, 0, 0, 0, 0, 0, 0, 0, 0, 0
L1-I.loads-where-unknown = 0, 0, 0, 0, 0, 0, 0, 0, 0, 0, 0, 0, 0, 0, 0, 0
L1-I.mshr-latency = 0, 0, 0, 0, 0, 0, 0, 0, 0, 0, 0, 0, 0, 0, 0, 0
L1-I.next_read.no-free-slots = 0, 0, 0, 0, 0, 0, 0, 0, 0, 0, 0, 0, 0, 0, 0, 0
L1-I.next_read.num-barriers = 0, 0, 0, 0, 0, 0, 0, 0, 0, 0, 0, 0, 0, 0, 0, 0
L1-I.next_read.num-requests = 0, 0, 0, 0, 0, 0, 0, 0, 0, 0, 0, 0, 0, 0, 0, 0
L1-I.next_read.requests-out-of-order = 0, 0, 0, 0, 0, 0, 0, 0, 0, 0, 0, 0, 0, 0, 0, 0
L1-I.next_read.requests-simultaneous = 0, 0, 0, 0, 0, 0, 0, 0, 0, 0, 0, 0, 0, 0, 0, 0
L1-I.next_read.total-barrier-delay = 0, 0, 0, 0, 0, 0, 0, 0, 0, 0, 0, 0, 0, 0, 0, 0
L1-I.next_read.total-delay = 0, 0, 0, 0, 0, 0, 0, 0, 0, 0, 0, 0, 0, 0, 0, 0
L1-I.prefetches = 0, 0, 0, 0, 0, 0, 0, 0, 0, 0, 0, 0, 0, 0, 0, 0
L1-I.qbs-query-latency = 0, 0, 0, 0, 0, 0, 0, 0, 0, 0, 0, 0, 0, 0, 0, 0
L1-I.snoop-latency = 0, 0, 0, 0, 0, 0, 0, 0, 0, 0, 0, 0, 0, 0, 0, 0
L1-I.store-misses = 0, 0, 0, 0, 0, 0, 0, 0, 0, 0, 0, 0, 0, 0, 0, 0
L1-I.store-misses-D = 0, 0, 0, 0, 0, 0, 0, 0, 0, 0, 0, 0, 0, 0, 0, 0
L1-I.store-misses-E = 0, 0, 0, 0, 0, 0, 0, 0, 0, 0, 0, 0, 0, 0, 0, 0
L1-I.store-misses-I = 0, 0, 0, 0, 0, 0, 0, 0, 0, 0, 0, 0, 0, 0, 0, 0
L1-I.store-misses-M = 0, 0, 0, 0, 0, 0, 0, 0, 0, 0, 0, 0, 0, 0, 0, 0
L1-I.store-misses-O = 0, 0, 0, 0, 0, 0, 0, 0, 0, 0, 0, 0, 0, 0, 0, 0
L1-I.store-misses-S = 0, 0, 0, 0, 0, 0, 0, 0, 0, 0, 0, 0, 0, 0, 0, 0
L1-I.store-misses-u = 0, 0, 0, 0, 0, 0, 0, 0, 0, 0, 0, 0, 0, 0, 0, 0
L1-I.store-overlapping-misses = 0, 0, 0, 0, 0, 0, 0, 0, 0, 0, 0, 0, 0, 0, 0, 0
L1-I.stores = 0, 0, 0, 0, 0, 0, 0, 0, 0, 0, 0, 0, 0, 0, 0, 0
L1-I.stores-D = 0, 0, 0, 0, 0, 0, 0, 0, 0, 0, 0, 0, 0, 0, 0, 0
L1-I.stores-E = 0, 0, 0, 0, 0, 0, 0, 0, 0, 0, 0, 0, 0, 0, 0, 0
L1-I.stores-I = 0, 0, 0, 0, 0, 0, 0, 0, 0, 0, 0, 0, 0, 0, 0, 0
L1-I.stores-M = 0, 0, 0, 0, 0, 0, 0, 0, 0, 0, 0, 0, 0, 0, 0, 0
L1-I.stores-O = 0, 0, 0, 0, 0, 0, 0, 0, 0, 0, 0, 0, 0, 0, 0, 0
L1-I.stores-prefetch = 0, 0, 0, 0, 0, 0, 0, 0, 0, 0, 0, 0, 0, 0, 0, 0
L1-I.stores-S = 0, 0, 0, 0, 0, 0, 0, 0, 0, 0, 0, 0, 0, 0, 0, 0
L1-I.stores-u = 0, 0, 0, 0, 0, 0, 0, 0, 0, 0, 0, 0, 0, 0, 0, 0
L1-I.stores-where-cache-remote = 0, 0, 0, 0, 0, 0, 0, 0, 0, 0, 0, 0, 0, 0, 0, 0
L1-I.stores-where-dram = 0, 0, 0, 0, 0, 0, 0, 0, 0, 0, 0, 0, 0, 0, 0, 0
L1-I.stores-where-dram-cache = 0, 0, 0, 0, 0, 0, 0, 0, 0, 0, 0, 0, 0, 0, 0, 0
L1-I.stores-where-dram-local = 0, 0, 0, 0, 0, 0, 0, 0, 0, 0, 0, 0, 0, 0, 0, 0
L1-I.stores-where-dram-remote = 0, 0, 0, 0, 0, 0, 0, 0, 0, 0, 0, 0, 0, 0, 0, 0
L1-I.stores-where-L1 = 0, 0, 0, 0, 0, 0, 0, 0, 0, 0, 0, 0, 0, 0, 0, 0
L1-I.stores-where-L1_S = 0, 0, 0, 0, 0, 0, 0, 0, 0, 0, 0, 0, 0, 0, 0, 0
L1-I.stores-where-L1I = 0, 0, 0, 0, 0, 0, 0, 0, 0, 0, 0, 0, 0, 0, 0, 0
L1-I.stores-where-L2 = 0, 0, 0, 0, 0, 0, 0, 0, 0, 0, 0, 0, 0, 0, 0, 0
L1-I.stores-where-L2_S = 0, 0, 0, 0, 0, 0, 0, 0, 0, 0, 0, 0, 0, 0, 0, 0
L1-I.stores-where-L3 = 0, 0, 0, 0, 0, 0, 0, 0, 0, 0, 0, 0, 0, 0, 0, 0
L1-I.stores-where-L3_S = 0, 0, 0, 0, 0, 0, 0, 0, 0, 0, 0, 0, 0, 0, 0, 0
L1-I.stores-where-L4 = 0, 0, 0, 0, 0, 0, 0, 0, 0, 0, 0, 0, 0, 0, 0, 0
L1-I.stores-where-L4_S = 0, 0, 0, 0, 0, 0, 0, 0, 0, 0, 0, 0, 0, 0, 0, 0
L1-I.stores-where-miss = 0, 0, 0, 0, 0, 0, 0, 0, 0, 0, 0, 0, 0, 0, 0, 0
L1-I.stores-where-nuca-cache = 0, 0, 0, 0, 0, 0, 0, 0, 0, 0, 0, 0, 0, 0, 0, 0
L1-I.stores-where-nuca-local = 0, 0, 0, 0, 0, 0, 0, 0, 0, 0, 0, 0, 0, 0, 0, 0
L1-I.stores-where-nuca-remote = 0, 0, 0, 0, 0, 0, 0, 0, 0, 0, 0, 0, 0, 0, 0, 0
L1-I.stores-where-predicate-false = 0, 0, 0, 0, 0, 0, 0, 0, 0, 0, 0, 0, 0, 0, 0, 0
L1-I.stores-where-prefetch-no-mapping = 0, 0, 0, 0, 0, 0, 0, 0, 0, 0, 0, 0, 0, 0, 0, 0
L1-I.stores-where-unknown = 0, 0, 0, 0, 0, 0, 0, 0, 0, 0, 0, 0, 0, 0, 0, 0
L1-I.total-latency = 1554486422418, 3397034663185, 3360638684506, 3332260155492, 3244516003546, 3402815541128, 3362958285641, 3309522000561, 3396412716824, 3389497984294, 3296478154796, 3333037996608, 3388237256255, 3326291066189, 3394798188346, 3440811315529
l1misslat = 29709479.948
L2.access-mru-0 = 0, 0, 0, 0, 0, 0, 0, 0, 0, 0, 0, 0, 0, 0, 0, 0
L2.access-mru-1 = 1, 0, 0, 0, 0, 0, 0, 0, 0, 0, 0, 0, 0, 0, 0, 0
L2.access-mru-2 = 0, 0, 0, 0, 0, 0, 0, 0, 0, 0, 0, 0, 0, 0, 0, 0
L2.access-mru-3 = 0, 0, 0, 0, 0, 0, 0, 0, 0, 0, 0, 0, 0, 0, 0, 0
L2.backinval-D = 0, 0, 0, 0, 0, 0, 0, 0, 0, 0, 0, 0, 0, 0, 0, 0
L2.backinval-E = 0, 0, 0, 0, 0, 0, 0, 0, 0, 0, 0, 0, 0, 0, 0, 0
L2.backinval-I = 0, 0, 0, 0, 0, 0, 0, 0, 0, 0, 0, 0, 0, 0, 0, 0
L2.backinval-M = 0, 0, 0, 0, 0, 0, 0, 0, 0, 0, 0, 0, 0, 0, 0, 0
L2.backinval-O = 0, 0, 0, 0, 0, 0, 0, 0, 0, 0, 0, 0, 0, 0, 0, 0
L2.backinval-S = 0, 0, 0, 0, 0, 0, 0, 0, 0, 0, 0, 0, 0, 0, 0, 0
L2.backinval-u = 0, 0, 0, 0, 0, 0, 0, 0, 0, 0, 0, 0, 0, 0, 0, 0
L2.coherency-downgrades = 4452, 30812, 55609, 45128, 43341, 59996, 56160, 61154, 53723, 54611, 60675, 58642, 50950, 55348, 57217, 50808
L2.coherency-invalidates = 3530, 567, 652, 623, 598, 594, 676, 587, 581, 614, 587, 625, 614, 609, 552, 553
L2.coherency-upgrades = 4701, 320, 499, 429, 413, 439, 458, 412, 390, 451, 420, 437, 432, 435, 428, 365
L2.coherency-writebacks = 1534, 102, 614, 275, 275, 670, 648, 969, 576, 307, 830, 596, 385, 896, 668, 588
L2.evict-D = 0, 0, 0, 0, 0, 0, 0, 0, 0, 0, 0, 0, 0, 0, 0, 0
L2.evict-E = 91224, 735459, 660023, 675359, 634629, 694665, 621592, 587970, 613287, 662156, 615625, 606133, 614964, 591603, 586965, 618197
L2.evict-I = 0, 0, 0, 0, 0, 0, 0, 0, 0, 0, 0, 0, 0, 0, 0, 0
L2.evict-M = 810693, 429035, 431996, 428919, 421674, 443275, 437245, 422931, 422863, 437455, 430325, 434970, 421672, 420910, 422803, 423087
L2.evict-O = 0, 0, 0, 0, 0, 0, 0, 0, 0, 0, 0, 0, 0, 0, 0, 0
L2.evict-prefetch = 0, 0, 0, 0, 0, 0, 0, 0, 0, 0, 0, 0, 0, 0, 0, 0
L2.evict-S = 3618, 181812, 269985, 230941, 269167, 267643, 292122, 295799, 300139, 239471, 295095, 286193, 258886, 281219, 315689, 271303
L2.evict-u = 0, 0, 0, 0, 0, 0, 0, 0, 0, 0, 0, 0, 0, 0, 0, 0
L2.evict-warmup = 0, 0, 0, 0, 0, 0, 0, 0, 0, 0, 0, 0, 0, 0, 0, 0
L2.hits-prefetch = 0, 0, 0, 0, 0, 0, 0, 0, 0, 0, 0, 0, 0, 0, 0, 0
L2.hits-warmup = 0, 0, 0, 0, 0, 0, 0, 0, 0, 0, 0, 0, 0, 0, 0, 0
L2.invalidate-prefetch = 0, 0, 0, 0, 0, 0, 0, 0, 0, 0, 0, 0, 0, 0, 0, 0
L2.invalidate-warmup = 0, 0, 0, 0, 0, 0, 0, 0, 0, 0, 0, 0, 0, 0, 0, 0
L2.load-misses = 120485, 1133235, 1147099, 1123390, 1117205, 1187272, 1137115, 1097651, 1127036, 1125000, 1124957, 1109126, 1087212, 1085905, 1117379, 1101736
L2.load-misses-D = 0, 0, 0, 0, 0, 0, 0, 0, 0, 0, 0, 0, 0, 0, 0, 0
L2.load-misses-E = 440, 546, 494, 501, 426, 458, 450, 437, 471, 465, 433, 425, 444, 424, 455, 435
L2.load-misses-I = 119170, 1132586, 1146399, 1122699, 1116635, 1186628, 1136501, 1097043, 1126432, 1124356, 1124383, 1108520, 1086623, 1085302, 1116774, 1101141
L2.load-misses-M = 0, 0, 0, 0, 0, 0, 0, 0, 0, 0, 0, 0, 0, 0, 0, 0
L2.load-misses-O = 0, 0, 0, 0, 0, 0, 0, 0, 0, 0, 0, 0, 0, 0, 0, 0
L2.load-misses-S = 875, 103, 206, 190, 144, 186, 164, 171, 133, 179, 141, 181, 145, 179, 150, 160
L2.load-misses-u = 0, 0, 0, 0, 0, 0, 0, 0, 0, 0, 0, 0, 0, 0, 0, 0
L2.load-overlapping-misses = 900, 252, 360, 336, 262, 336, 356, 353, 334, 372, 346, 363, 312, 331, 342, 349
L2.loads = 120486, 1133235, 1147099, 1123390, 1117205, 1187272, 1137115, 1097651, 1127036, 1125000, 1124957, 1109126, 1087212, 1085905, 1117379, 1101736
L2.loads-D = 0, 0, 0, 0, 0, 0, 0, 0, 0, 0, 0, 0, 0, 0, 0, 0
L2.loads-E = 441, 546, 494, 501, 426, 458, 450, 437, 471, 465, 433, 425, 444, 424, 455, 435
L2.loads-I = 119170, 1132586, 1146399, 1122699, 1116635, 1186628, 1136501, 1097043, 1126432, 1124356, 1124383, 1108520, 1086623, 1085302, 1116774, 1101141
L2.loads-M = 0, 0, 0, 0, 0, 0, 0, 0, 0, 0, 0, 0, 0, 0, 0, 0
L2.loads-O = 0, 0, 0, 0, 0, 0, 0, 0, 0, 0, 0, 0, 0, 0, 0, 0
L2.loads-prefetch = 0, 0, 0, 0, 0, 0, 0, 0, 0, 0, 0, 0, 0, 0, 0, 0
L2.loads-S = 875, 103, 206, 190, 144, 186, 164, 171, 133, 179, 141, 181, 145, 179, 150, 160
L2.loads-u = 0, 0, 0, 0, 0, 0, 0, 0, 0, 0, 0, 0, 0, 0, 0, 0
L2.mshr-latency = 0, 0, 0, 0, 0, 0, 0, 0, 0, 0, 0, 0, 0, 0, 0, 0
L2.next_read.no-free-slots = 0, 0, 0, 0, 0, 0, 0, 0, 0, 0, 0, 0, 0, 0, 0, 0
L2.next_read.num-barriers = 0, 0, 0, 0, 0, 0, 0, 0, 0, 0, 0, 0, 0, 0, 0, 0
L2.next_read.num-requests = 0, 0, 0, 0, 0, 0, 0, 0, 0, 0, 0, 0, 0, 0, 0, 0
L2.next_read.requests-out-of-order = 0, 0, 0, 0, 0, 0, 0, 0, 0, 0, 0, 0, 0, 0, 0, 0
L2.next_read.requests-simultaneous = 0, 0, 0, 0, 0, 0, 0, 0, 0, 0, 0, 0, 0, 0, 0, 0
L2.next_read.total-barrier-delay = 0, 0, 0, 0, 0, 0, 0, 0, 0, 0, 0, 0, 0, 0, 0, 0
L2.next_read.total-delay = 0, 0, 0, 0, 0, 0, 0, 0, 0, 0, 0, 0, 0, 0, 0, 0
L2.prefetches = 0, 0, 0, 0, 0, 0, 0, 0, 0, 0, 0, 0, 0, 0, 0, 0
L2.qbs-query-latency = 0, 0, 0, 0, 0, 0, 0, 0, 0, 0, 0, 0, 0, 0, 0, 0
L2.snoop-latency = 0, 0, 0, 0, 0, 0, 0, 0, 0, 0, 0, 0, 0, 0, 0, 0
L2.store-misses = 813042, 428841, 432255, 428851, 421697, 443675, 437689, 423718, 423147, 437549, 430981, 435406, 421861, 421623, 423177, 423460
L2.store-misses-D = 0, 0, 0, 0, 0, 0, 0, 0, 0, 0, 0, 0, 0, 0, 0, 0
L2.store-misses-E = 17275, 213835, 214682, 214791, 211318, 222798, 221205, 211851, 211466, 221217, 212214, 214738, 211262, 211022, 212571, 210255
L2.store-misses-I = 791918, 214789, 217279, 213819, 210108, 220623, 216189, 211622, 211421, 216057, 218484, 220410, 210307, 210343, 210327, 212999
L2.store-misses-M = 0, 0, 0, 0, 0, 0, 0, 0, 0, 0, 0, 0, 0, 0, 0, 0
L2.store-misses-O = 0, 0, 0, 0, 0, 0, 0, 0, 0, 0, 0, 0, 0, 0, 0, 0
L2.store-misses-S = 3849, 217, 294, 241, 271, 254, 295, 245, 260, 275, 283, 258, 292, 258, 279, 206
L2.store-misses-u = 0, 0, 0, 0, 0, 0, 0, 0, 0, 0, 0, 0, 0, 0, 0, 0
L2.store-overlapping-misses = 6596, 24067, 13750, 14770, 13736, 12994, 12977, 12967, 14006, 13660, 13525, 14099, 13406, 14098, 13060, 14174
L2.stores = 813042, 428841, 432255, 428851, 421697, 443675, 437689, 423718, 423147, 437549, 430981, 435406, 421861, 421623, 423177, 423460
L2.stores-D = 0, 0, 0, 0, 0, 0, 0, 0, 0, 0, 0, 0, 0, 0, 0, 0
L2.stores-E = 17275, 213835, 214682, 214791, 211318, 222798, 221205, 211851, 211466, 221217, 212214, 214738, 211262, 211022, 212571, 210255
L2.stores-I = 791918, 214789, 217279, 213819, 210108, 220623, 216189, 211622, 211421, 216057, 218484, 220410, 210307, 210343, 210327, 212999
L2.stores-M = 0, 0, 0, 0, 0, 0, 0, 0, 0, 0, 0, 0, 0, 0, 0, 0
L2.stores-O = 0, 0, 0, 0, 0, 0, 0, 0, 0, 0, 0, 0, 0, 0, 0, 0
L2.stores-prefetch = 0, 0, 0, 0, 0, 0, 0, 0, 0, 0, 0, 0, 0, 0, 0, 0
L2.stores-S = 3849, 217, 294, 241, 271, 254, 295, 245, 260, 275, 283, 258, 292, 258, 279, 206
L2.stores-u = 0, 0, 0, 0, 0, 0, 0, 0, 0, 0, 0, 0, 0, 0, 0, 0
L2.total-latency = 0, 0, 0, 0, 0, 0, 0, 0, 0, 0, 0, 0, 0, 0, 0, 0
L2.uncore-requests = 915357, 1347684, 1364126, 1336913, 1327137, 1407655, 1353120, 1309051, 1338217, 1340836, 1343277, 1329344, 1297356, 1296049, 1327500, 1314493
L2.uncore-time-dram = 0, 0, 0, 0, 0, 0, 0, 0, 0, 0, 0, 0, 0, 0, 0, 0
L2.uncore-time-dram-bus = 260843945820, 2568122231092, 1358124949120, 1374089997864, 1366233912632, 1208572734328, 1295638726132, 1327863848280, 1258507765352, 1355014546276, 1379375153916, 1389422850908, 1366233912632, 1395719520080, 1312826019896, 1384660309968
L2.uncore-time-dram-cache = 0, 0, 0, 0, 0, 0, 0, 0, 0, 0, 0, 0, 0, 0, 0, 0
L2.uncore-time-dram-cache-bus = 0, 0, 0, 0, 0, 0, 0, 0, 0, 0, 0, 0, 0, 0, 0, 0
L2.uncore-time-dram-cache-data = 0, 0, 0, 0, 0, 0, 0, 0, 0, 0, 0, 0, 0, 0, 0, 0
L2.uncore-time-dram-cache-queue = 0, 0, 0, 0, 0, 0, 0, 0, 0, 0, 0, 0, 0, 0, 0, 0
L2.uncore-time-dram-cache-tags = 0, 0, 0, 0, 0, 0, 0, 0, 0, 0, 0, 0, 0, 0, 0, 0
L2.uncore-time-dram-device = 1392525000000, 13710015000000, 7250400000000, 7335630000000, 7293690000000, 6452010000000, 6916815000000, 7088850000000, 6718590000000, 7233795000000, 7363845000000, 7417485000000, 7293690000000, 7451100000000, 7008570000000, 7392060000000
L2.uncore-time-dram-queue = 115260762383, 746835042338, 572554955747, 473733088179, 516756115774, 437948719544, 484856239141, 551840486829, 459188179365, 539770971427, 838358651359, 640095382582, 627614643547, 554755984945, 451845254473, 610753533535
L2.uncore-time-inv-imbalance = 55708065175, 1502402412, 3346080331, 2343294217, 3074390292, 2808087184, 2035362875, 2801231440, 1988965799, 2112093297, 2671912195, 2685050083, 1488349859, 1256612691, 655089558, 808947686
L2.uncore-time-noc-base = 8212916905713, 15143525845588, 14511173638977, 15332105818945, 13642747617669, 12845919985604, 12711374173844, 13623597101284, 14131599233218, 12700250782804, 12931583350037, 14026510558686, 15652980630942, 14279526713689, 14417279944654, 15359776770608
L2.uncore-time-noc-queue = 3400856025608, 4300330529155, 4599491271648, 4389312192760, 5378666791787, 5437951788500, 5320589757679, 5280996111828, 5763890380485, 5166489127352, 5552353569753, 5262028399742, 4864865837857, 4687176853794, 4543794388759, 4363557018207
L2.uncore-time-nuca-bus = 313471679660, 38447082109, 45078129375, 45142156159, 47187164113, 49534564730, 46693132876, 46038781429, 49054839921, 45215867709, 48675519390, 46162216091, 45647745222, 44686444711, 44143666726, 42033512648
L2.uncore-time-nuca-data = 2628707842040, 3044350004344, 3443453853576, 3394884536728, 3348858700254, 3641631859448, 3415128666801, 3283677420831, 3396306804365, 3416558679320, 3367878768218, 3329312883481, 3268456758392, 3225403585323, 3329263623232, 3297697792008
L2.uncore-time-nuca-ecc = 0, 0, 0, 0, 0, 0, 0, 0, 0, 0, 0, 0, 0, 0, 0, 0
L2.uncore-time-nuca-queue = 874900069872, 1013234953072, 1146064468272, 1129898705872, 1114577767216, 1212024782768, 1136632271424, 1092884615344, 1130372167520, 1137113740880, 1120907939440, 1108074426144, 1087821678736, 1073488871019, 1108056408576, 1097553167408
L2.uncore-time-nuca-tags = 680443574976, 990158664492, 982003043826, 971284271058, 959075276094, 1018208977038, 969344425818, 939358027422, 961330158216, 975003059646, 965002330368, 956258741106, 938977577154, 930841505316, 949412891916, 947930940378
L2.uncore-time-remote-cache-inv = 0, 0, 0, 0, 0, 0, 0, 0, 0, 0, 0, 0, 0, 0, 0, 0
L2.uncore-time-remote-cache-wb = 0, 0, 0, 0, 0, 0, 0, 0, 0, 0, 0, 0, 0, 0, 0, 0
L2.uncore-time-td-access = 3467097427500, 5695287880500, 5435837054149, 5223627292320, 5208044620770, 5529968705250, 5364232237710, 5174442676245, 5297416599240, 5239649812500, 5309289225984, 5244631291401, 5084063697960, 5118007230270, 5274999356670, 5197492013040
L2.uncore-time-unknown = 5244288000000, 6073512000000, 6869752836390, 6772869963102, 6681048000000, 7265104836390, 6813268836390, 6551021588268, 6775700999190, 6816102229550, 6719074345514, 6642056817904, 6520627417146, 6434763909810, 6641973672780, 6578984469685
L2.uncore-totaltime = 26647019298747, 53325321635102, 46217280281411, 46444921317204, 45559960356601, 45101685040784, 44476608830690, 44963371889200, 45943946092671, 44627075910761, 45599015766174, 46064723618128, 46752468249447, 45196727231648, 45082811367389, 46273308475171
ncores = 16
network.shmem-1.mesh.bytes-in = 203810366, 186318574, 190029952, 187666596, 241287150, 194746092, 187558666, 185747906, 236997646, 186500522, 185619588, 187080274, 235166128, 183843188, 184399824, 184100014
network.shmem-1.mesh.bytes-out = 240876156, 179813890, 186845600, 185968274, 243639700, 192145720, 184410678, 185096924, 232806682, 185033660, 182014606, 186900514, 232678856, 182935724, 179796830, 179908672
network.shmem-1.mesh.contention-delay = 6717962535836, 6757544613219, 7496011029174, 7841063420689, 11264562448169, 7841217493682, 7613531564459, 7918609019237, 11784704359343, 7505729536709, 7575284041822, 8035642365988, 11804970170491, 7420339943036, 7212679345644, 7539808150639
network.shmem-1.mesh.link-down.num-requests = 0, 0, 0, 0, 3559375, 3167495, 3288527, 3273931, 5100624, 4118781, 4424362, 4420127, 3837457, 3051099, 3019454, 3527037
network.shmem-1.mesh.link-down.num-requests-analytical = 0, 0, 0, 0, 0, 0, 0, 0, 0, 0, 0, 0, 0, 0, 0, 0
network.shmem-1.mesh.link-down.total-queue-delay = 0, 0, 0, 0, 294932670921, 1332894965554, 1393310835587, 1266129046350, 1471558773747, 1807678736617, 2278876927495, 1966699782653, 689505610148, 838439122837, 849372380492, 775877268939
network.shmem-1.mesh.link-down.total-time-used = 0, 0, 0, 0, 6716381542106, 6708275065138, 6852421910218, 6752160098978, 9759894076080, 8271281205654, 9387074879180, 9260014890826, 7461245953958, 6100404912954, 6053574209188, 7782912922302
network.shmem-1.mesh.link-in.num-requests = 3465317, 4088423, 4190729, 4133395, 4847605, 4303689, 4145173, 4091355, 4745850, 4128375, 4105935, 4134720, 4691244, 4051935, 4065292, 4045855
network.shmem-1.mesh.link-in.num-requests-analytical = 0, 0, 0, 0, 0, 0, 0, 0, 0, 0, 0, 0, 0, 0, 0, 0
network.shmem-1.mesh.link-in.total-queue-delay = 1967249486975, 2418524880740, 2609233767122, 2652923449152, 3929009997246, 2858195922479, 2684614832665, 2765584486265, 3622182891566, 2649482681387, 2615163640723, 2678181898838, 3529570285745, 2575749982562, 2494242627479, 2481576151885
network.shmem-1.mesh.link-in.total-time-used = 9696037868326, 7967984278402, 8270886861214, 8228274032642, 10906754725934, 8490204567750, 8171967207662, 8200321311258, 10445007597708, 8197134172530, 8071430209938, 8278893880872, 10450188386880, 8112268525266, 7971143690768, 7978368265634
network.shmem-1.mesh.link-left.num-requests = 0, 3913964, 4710371, 3363302, 0, 3952026, 4655535, 3328882, 0, 3895705, 4659186, 3362185, 0, 3846465, 4590342, 3288346
network.shmem-1.mesh.link-left.num-requests-analytical = 0, 0, 0, 0, 0, 0, 0, 0, 0, 0, 0, 0, 0, 0, 0, 0
network.shmem-1.mesh.link-left.total-queue-delay = 0, 802069736611, 1525100650230, 226167581954, 0, 897219183082, 1564805462080, 248845689706, 0, 842268622623, 1506538933870, 230457521680, 0, 832091696294, 1408013975471, 207154618906
network.shmem-1.mesh.link-left.total-time-used = 0, 7624949683720, 9293212680514, 6690004373260, 0, 7717948658388, 9206256724266, 6671147317676, 0, 7634390307062, 9198013799580, 6732754849670, 0, 7515000106326, 8990959081932, 6489873043892
network.shmem-1.mesh.link-out.num-requests = 4234908, 3874561, 4015417, 3998178, 5360704, 4121855, 3949723, 3971920, 5107664, 3963048, 3898716, 4001256, 5099128, 3923547, 3855211, 3859056
network.shmem-1.mesh.link-out.num-requests-analytical = 0, 0, 0, 0, 0, 0, 0, 0, 0, 0, 0, 0, 0, 0, 0, 0
network.shmem-1.mesh.link-out.total-queue-delay = 238834047292, 1615785370546, 1604363585610, 1545888877318, 3496262107486, 2966342991785, 2654363010409, 2579553818525, 3319304478509, 2427483126275, 2591670615419, 2395967030978, 1903037833378, 1497964577781, 1513429622015, 1568899037391
network.shmem-1.mesh.link-out.total-time-used = 7956488461344, 8273026768958, 8420012277014, 8307685118412, 10797709657616, 8611868222914, 8319324652466, 8230561750784, 10643013506872, 8265579977640, 8240228325552, 8286949279800, 10568269058768, 8154535370394, 8186832355562, 8174780798688
network.shmem-1.mesh.link-right.num-requests = 2389972, 3614252, 2855068, 0, 3804032, 4252222, 3168826, 0, 3704583, 4730988, 3077973, 0, 3657185, 4654995, 3665933, 0
network.shmem-1.mesh.link-right.num-requests-analytical = 0, 0, 0, 0, 0, 0, 0, 0, 0, 0, 0, 0, 0, 0, 0, 0
network.shmem-1.mesh.link-right.total-queue-delay = 64402445698, 697034145629, 529842414223, 0, 454785013220, 1508910037386, 786157538991, 0, 377300728120, 1803922094294, 690701107844, 0, 356154238082, 1798254939427, 1001974955282, 0
network.shmem-1.mesh.link-right.total-time-used = 6355261170128, 8192359949488, 6149721493376, 0, 8827347055096, 8577239973116, 6311417182892, 0, 8423385327834, 10479974210952, 6071773185774, 0, 8418803096686, 10433957251026, 8364987179734, 0
network.shmem-1.mesh.link-up.num-requests = 4313776, 2953484, 2875954, 2900914, 5489920, 4341923, 3963982, 4006489, 4056061, 3176644, 3122307, 2962651, 0, 0, 0, 0
network.shmem-1.mesh.link-up.num-requests-analytical = 0, 0, 0, 0, 0, 0, 0, 0, 0, 0, 0, 0, 0, 0, 0, 0
network.shmem-1.mesh.link-up.total-queue-delay = 1153428767220, 720921039442, 786576945823, 577196444103, 3104008301904, 2527614726239, 2163907564173, 1989543827048, 1623427235358, 1315937284819, 1395212137598, 1195799198821, 0, 0, 0, 0
network.shmem-1.mesh.link-up.total-time-used = 9725619462680, 6234396792016, 6142726643276, 6132466133324, 11768778668264, 9414154425226, 8260735551068, 8250350350862, 8483129616206, 6681866936816, 6701378840730, 6104211319514, 0, 0, 0, 0
network.shmem-1.mesh.packets-in = 4866537, 4122097, 4277952, 4262782, 5646385, 4401082, 4203443, 4228183, 5364353, 4219971, 4146062, 4260783, 5348488, 4172630, 4100824, 4102865
network.shmem-1.mesh.packets-out = 4096946, 4335959, 4453264, 4397999, 5133286, 4582916, 4398893, 4347618, 5002539, 4385298, 4353281, 4394247, 4940604, 4301018, 4310905, 4289664
network.shmem-1.mesh.total-delay = 24024456181910, 22739890801181, 24131855114306, 26086067434093, 32085098326327, 22920357566694, 22308123763675, 24322561320673, 32891999480043, 22069921595243, 21976818743542, 24409894421074, 35783991627657, 23443013922374, 23098244677970, 24883482513295
nuca-cache-queue.num-requests = 1516046, 1512358, 1568541, 1582972, 1681279, 1610183, 1527667, 1566585, 1543134, 1538559, 1505631, 1567246, 1550233, 1540853, 1489202, 1505375
nuca-cache-queue.num-requests-analytical = 0, 0, 0, 0, 0, 0, 0, 0, 0, 0, 0, 0, 0, 0, 0, 0
nuca-cache-queue.total-queue-delay = 59814164367, 50605571504, 57631115384, 69864208519, 85010808832, 75508585610, 69589731137, 75056775486, 69223784244, 61237861918, 57640397964, 60667731934, 61051451799, 58167595334, 56427167324, 57879308809
nuca-cache-queue.total-time-used = 1517525660896, 1513834061408, 1570071896016, 1584516980672, 1682919928304, 1611754538608, 1529158002992, 1568113986960, 1544640098784, 1540060633584, 1507100495856, 1568775632096, 1551746027408, 1542356872528, 1490655461152, 1506844246000
nuca-cache.access-mru-0 = 665332, 663707, 707971, 742532, 832228, 734001, 684206, 724041, 685819, 688868, 664275, 714570, 691170, 695134, 649358, 665430
nuca-cache.access-mru-1 = 235173, 234937, 242615, 237766, 245103, 236152, 232892, 237085, 238050, 239938, 231083, 242032, 241702, 238676, 230049, 232928
nuca-cache.access-mru-10 = 14891, 14646, 14950, 14340, 14146, 16218, 14963, 14515, 14555, 14418, 14568, 14281, 14669, 14510, 14529, 14286
nuca-cache.access-mru-11 = 18021, 17689, 17882, 17229, 17268, 18958, 17892, 17557, 17724, 17387, 17644, 17394, 17284, 17282, 17694, 17655
nuca-cache.access-mru-12 = 24610, 24566, 24624, 24188, 23902, 25717, 24752, 24379, 24404, 24509, 24556, 24339, 24140, 24342, 24701, 24507
nuca-cache.access-mru-13 = 41774, 42132, 42364, 41843, 40809, 42736, 41932, 41296, 41694, 41545, 42123, 41067, 40495, 40263, 41541, 41602
nuca-cache.access-mru-14 = 64630, 65547, 65868, 65334, 64271, 67296, 65223, 64134, 65517, 65002, 65595, 64239, 63935, 63557, 65675, 64527
nuca-cache.access-mru-15 = 63772, 64155, 63616, 63449, 63499, 65786, 64275, 63882, 63944, 63474, 63430, 63348, 64225, 64654, 63124, 63493
nuca-cache.access-mru-2 = 133644, 132156, 134350, 130193, 131968, 133933, 131252, 132096, 135418, 133183, 131395, 134763, 136635, 133424, 132759, 132191
nuca-cache.access-mru-3 = 85957, 85887, 86111, 83842, 84073, 87337, 84843, 84266, 86643, 85262, 84690, 85949, 87986, 85357, 85769, 85266
nuca-cache.access-mru-4 = 52851, 52261, 52733, 51200, 51863, 55280, 52185, 51771, 53728, 52408, 52278, 52600, 53718, 51934, 52228, 52082
nuca-cache.access-mru-5 = 33730, 33337, 33589, 32163, 32639, 35963, 32600, 32728, 34100, 32981, 33136, 33165, 33747, 32589, 32641, 32361
nuca-cache.access-mru-6 = 26661, 26690, 26378, 25571, 25631, 29080, 25939, 25465, 26662, 26122, 26270, 25897, 26377, 25950, 25723, 25778
nuca-cache.access-mru-7 = 19857, 19916, 20034, 19535, 19630, 22806, 19975, 19495, 20156, 19640, 20028, 19462, 19816, 19305, 19335, 19207
nuca-cache.access-mru-8 = 19559, 19435, 19977, 18905, 19192, 21753, 19596, 19024, 19483, 19024, 19509, 19224, 19200, 18994, 19230, 19059
nuca-cache.access-mru-9 = 15584, 15297, 15479, 14882, 15057, 17167, 15142, 14851, 15237, 14798, 15051, 14916, 15134, 14882, 14846, 15003
nuca-cache.read-misses = 161585, 159188, 159379, 159295, 162109, 162044, 161036, 160064, 156969, 158070, 157591, 160765, 161855, 162697, 158895, 161104
nuca-cache.reads = 1221712, 1218046, 1270335, 1287150, 1387762, 1311012, 1241247, 1270167, 1248311, 1255725, 1218938, 1278305, 1254069, 1252795, 1201033, 1212727
nuca-cache.write-misses = 161626, 159232, 159421, 159322, 162134, 162222, 161058, 160100, 157009, 158098, 157633, 160794, 161892, 162724, 158926, 161131
nuca-cache.writes = 617545, 612732, 617006, 614439, 617760, 623437, 608514, 616582, 608801, 599002, 601917, 610500, 619911, 613479, 605990, 614883
performance_model.cpiDTLBMiss = 0, 0, 0, 0, 0, 0, 0, 0, 0, 0, 0, 0, 0, 0, 0, 0
performance_model.cpiFastforwardTime = 0, 0, 0, 0, 0, 0, 0, 0, 0, 0, 0, 0, 0, 0, 0, 0
performance_model.cpiITLBMiss = 0, 0, 0, 0, 0, 0, 0, 0, 0, 0, 0, 0, 0, 0, 0, 0
performance_model.cpiRecv = 0, 0, 0, 0, 0, 0, 0, 0, 0, 0, 0, 0, 0, 0, 0, 0
performance_model.cpiStartTime = 0, 19717699348204, 19726404215749, 19728139174234, 19730118117130, 19731865105663, 19733735026249, 19735401187897, 19737072612691, 19738914713791, 19740783882499, 19742843276341, 19744864324405, 19747142138806, 19749486494410, 19751569948348
performance_model.cpiSyncDvfsTransition = 0, 0, 0, 0, 0, 0, 0, 0, 0, 0, 0, 0, 0, 0, 0, 0
performance_model.cpiSyncFutex = 54509856447155, 824986045913, 1476802554637, 1340610009810, 2290138695458, 975481144795, 992130735747, 2486431874417, 2286918420064, 1071988087626, 2478367620488, 1401747125845, 2088094075458, 2745151993520, 2587568143654, 2513050647411
performance_model.cpiSyncJoin = 0, 0, 0, 0, 0, 0, 0, 0, 0, 0, 0, 0, 0, 0, 0, 0
performance_model.cpiSyncMemAccess = 0, 0, 0, 0, 0, 0, 0, 0, 0, 0, 0, 0, 0, 0, 0, 0
performance_model.cpiSyncPause = 0, 0, 0, 0, 0, 0, 0, 0, 0, 0, 0, 0, 0, 0, 0, 0
performance_model.cpiSyncPthreadBarrier = 0, 0, 0, 0, 0, 0, 0, 0, 0, 0, 0, 0, 0, 0, 0, 0
performance_model.cpiSyncPthreadCond = 0, 0, 0, 0, 0, 0, 0, 0, 0, 0, 0, 0, 0, 0, 0, 0
performance_model.cpiSyncPthreadMutex = 0, 0, 0, 0, 0, 0, 0, 0, 0, 0, 0, 0, 0, 0, 0, 0
performance_model.cpiSyncSleep = 0, 0, 0, 0, 0, 0, 0, 0, 0, 0, 0, 0, 0, 0, 0, 0
performance_model.cpiSyncSyscall = 670694011, 0, 0, 0, 0, 0, 0, 0, 0, 0, 0, 0, 0, 0, 0, 0
performance_model.cpiSyncUnscheduled = 0, 32368723839, 29261963943, 28946927061, 0, 0, 0, 0, 0, 0, 0, 0, 0, 0, 0, 0
performance_model.cpiUnknown = 189265361733, 0, 0, 0, 0, 0, 0, 0, 0, 0, 0, 0, 0, 0, 0, 0
performance_model.cycle_count = 199469363.09, 199010393.879, 197664121.753, 197765576.536, 197912223.216, 198001458.026, 198092339.833, 198183240.64, 198277703.438, 198366067.251, 198455345.061, 198553975.85, 198644759.657, 198735485.464, 198831311.259, 198920436.07
performance_model.dyninsn_cost = 0, 0, 0, 0, 0, 0, 0, 0, 0, 0, 0, 0, 0, 0, 0, 0
performance_model.dyninsn_count = 0, 0, 0, 0, 0, 0, 0, 0, 0, 0, 0, 0, 0, 0, 0, 0
performance_model.dyninsn_zero_count = 0, 0, 0, 0, 0, 0, 0, 0, 0, 0, 0, 0, 0, 0, 0, 0
performance_model.elapsed_time = 74988482364642, 74815937548320, 74309820207815, 74347961103580, 74403091434633, 74436638355818, 74470804448536, 74504977684095, 74540490014372, 74573709492688, 74607272579250, 74644351823279, 74678481073975, 74712588520209, 74748613255343, 74782118823238
performance_model.elapsed_time_begin = 0, 0, 0, 0, 0, 0, 0, 0, 0, 0, 0, 0, 0, 0, 0, 0
performance_model.elapsed_time_end = 74988482364642, 74815937548320, 74309820207815, 74347961103580, 74403091434633, 74436638355818, 74470804448536, 74504977684095, 74540490014372, 74573709492688, 74607272579250, 74644351823279, 74678481073975, 74712588520209, 74748613255343, 74782118823238
performance_model.idle_elapsed_time = 54510527141166, 20575054117956, 21232468734329, 21097696111105, 22020256812588, 20707346250458, 20725865761996, 22221833062314, 22023991032755, 20810902801417, 22219151502987, 21144590402186, 21832958399863, 22492294132326, 22337054638064, 22264620595759
performance_model.instruction_count = 80522025, 253545252, 255025076, 254349049, 250428947, 263379236, 260846609, 251612822, 251239971, 260583489, 254101580, 256615702, 250327478, 250303669, 251451949, 250466452
pthread.pthread_barrier_wait_count = 0, 0, 0, 0, 0, 0, 0, 0, 0, 0, 0, 0, 0, 0, 0, 0
pthread.pthread_barrier_wait_delay_mem = 0, 0, 0, 0, 0, 0, 0, 0, 0, 0, 0, 0, 0, 0, 0, 0
pthread.pthread_barrier_wait_delay_sync = 0, 0, 0, 0, 0, 0, 0, 0, 0, 0, 0, 0, 0, 0, 0, 0
pthread.pthread_cond_broadcast_count = 0, 0, 0, 0, 0, 0, 0, 0, 0, 0, 0, 0, 0, 0, 0, 0
pthread.pthread_cond_broadcast_delay_mem = 0, 0, 0, 0, 0, 0, 0, 0, 0, 0, 0, 0, 0, 0, 0, 0
pthread.pthread_cond_broadcast_delay_sync = 0, 0, 0, 0, 0, 0, 0, 0, 0, 0, 0, 0, 0, 0, 0, 0
pthread.pthread_cond_signal_count = 0, 0, 0, 0, 0, 0, 0, 0, 0, 0, 0, 0, 0, 0, 0, 0
pthread.pthread_cond_signal_delay_mem = 0, 0, 0, 0, 0, 0, 0, 0, 0, 0, 0, 0, 0, 0, 0, 0
pthread.pthread_cond_signal_delay_sync = 0, 0, 0, 0, 0, 0, 0, 0, 0, 0, 0, 0, 0, 0, 0, 0
pthread.pthread_cond_wait_count = 0, 0, 0, 0, 0, 0, 0, 0, 0, 0, 0, 0, 0, 0, 0, 0
pthread.pthread_cond_wait_delay_mem = 0, 0, 0, 0, 0, 0, 0, 0, 0, 0, 0, 0, 0, 0, 0, 0
pthread.pthread_cond_wait_delay_sync = 0, 0, 0, 0, 0, 0, 0, 0, 0, 0, 0, 0, 0, 0, 0, 0
pthread.pthread_mutex_lock_contended = 0, 0, 0, 0, 0, 0, 0, 0, 0, 0, 0, 0, 0, 0, 0, 0
pthread.pthread_mutex_lock_count = 0, 0, 0, 0, 0, 0, 0, 0, 0, 0, 0, 0, 0, 0, 0, 0
pthread.pthread_mutex_lock_delay_mem = 0, 0, 0, 0, 0, 0, 0, 0, 0, 0, 0, 0, 0, 0, 0, 0
pthread.pthread_mutex_lock_delay_sync = 0, 0, 0, 0, 0, 0, 0, 0, 0, 0, 0, 0, 0, 0, 0, 0
pthread.pthread_mutex_trylock_count = 0, 0, 0, 0, 0, 0, 0, 0, 0, 0, 0, 0, 0, 0, 0, 0
pthread.pthread_mutex_trylock_delay_mem = 0, 0, 0, 0, 0, 0, 0, 0, 0, 0, 0, 0, 0, 0, 0, 0
pthread.pthread_mutex_trylock_delay_sync = 0, 0, 0, 0, 0, 0, 0, 0, 0, 0, 0, 0, 0, 0, 0, 0
pthread.pthread_mutex_unlock_contended = 0, 0, 0, 0, 0, 0, 0, 0, 0, 0, 0, 0, 0, 0, 0, 0
pthread.pthread_mutex_unlock_count = 0, 0, 0, 0, 0, 0, 0, 0, 0, 0, 0, 0, 0, 0, 0, 0
pthread.pthread_mutex_unlock_delay_mem = 0, 0, 0, 0, 0, 0, 0, 0, 0, 0, 0, 0, 0, 0, 0, 0
pthread.pthread_mutex_unlock_delay_sync = 0, 0, 0, 0, 0, 0, 0, 0, 0, 0, 0, 0, 0, 0, 0, 0
pthread_locks_contended = 0.0
roi.instrs = 3895304198
roi.ipscore = 96115.6028071
roi.ipstotal = 1537849.64491
roi.walltime = 2532.955163
stlb.access = 865042, 42708, 58828, 42360, 39822, 44725, 37094, 41650, 44005, 39160, 43021, 41401, 52764, 53249, 37808, 38916
stlb.miss = 17033, 15421, 14265, 13968, 13968, 14492, 13577, 13689, 14013, 14043, 14075, 13837, 13496, 13263, 13600, 13503
stlb_cache.access-mru-0 = 6094, 5542, 5858, 5730, 5319, 5955, 4842, 5238, 6310, 5820, 5711, 5392, 5385, 5061, 5150, 5235
stlb_cache.access-mru-1 = 291014, 14006, 21091, 14801, 13013, 15849, 10352, 15158, 16443, 10454, 15419, 14324, 16963, 17979, 11944, 12559
stlb_cache.access-mru-2 = 19515, 2969, 3101, 3124, 2985, 3163, 3061, 3036, 2943, 3262, 3008, 3146, 3153, 2978, 2750, 2903
stlb_cache.access-mru-3 = 531386, 4770, 14513, 4737, 4537, 5266, 5262, 4529, 4296, 5581, 4808, 4702, 13767, 13968, 4364, 4716
syscall.stderr-bytes = 0, 0, 0, 0, 0, 0, 0, 0, 0, 0, 0, 0, 0, 0, 0, 0
syscall.stdout-bytes = 149, 0, 0, 0, 0, 0, 0, 0, 0, 0, 0, 0, 0, 0, 0, 0
thread.bottle_contrib_time = 20312830866091, 3427311184604, 3247992598291, 3275337660458, 3202082738741, 3373919898213, 3368427560367, 3182767568904, 3205907694399, 3356017428727, 3202144281425, 3370673981698, 3231330843445, 3184829830770, 3200395212753, 3212160735464, 3630660625799, 1055009692303, 948011254483
thread.bottle_runtime_time = 20986667623361, 53650254029301, 53097095844006, 53276239442183, 52420461314618, 53770060153257, 53784836052933, 52318920186198, 52552164771846, 53805438271051, 52421766941725, 53532743378281, 52880417850411, 52254014677967, 52451762031918, 52551757258490, 53082418739447, 17572345168235, 15731892106336
thread.elapsed_time = 74988400000000, 54552900651796, 54582395784251, 54618760825766, 54671881882870, 54703734894337, 54736064973751, 54768498812103, 54802327387309, 54833785286209, 54865416117501, 54900456723659, 54932535675595, 54964357861194, 54998113505590, 55029530051652, 55061115395003, 54492599987154, 54495432697237
thread.instruction_count = 80522022, 126488602, 255011286, 254340095, 250428902, 263379229, 260846602, 251612799, 251239948, 260583482, 254101571, 256615695, 250327455, 250303642, 251451942, 250466445, 127056571, 13684, 8912
thread.instructions_by_core[0] = 80522022, 0, 0, 0, 0, 0, 0, 0, 0, 0, 0, 0, 0, 0, 0, 0
thread.instructions_by_core[10] = 0, 0, 0, 0, 0, 0, 0, 0, 0, 0, 254101571, 0, 0, 0, 0, 0
thread.instructions_by_core[11] = 0, 0, 0, 0, 0, 0, 0, 0, 0, 0, 0, 256615695, 0, 0, 0, 0
thread.instructions_by_core[12] = 0, 0, 0, 0, 0, 0, 0, 0, 0, 0, 0, 0, 250327455, 0, 0, 0
thread.instructions_by_core[13] = 0, 0, 0, 0, 0, 0, 0, 0, 0, 0, 0, 0, 0, 250303642, 0, 0
thread.instructions_by_core[14] = 0, 0, 0, 0, 0, 0, 0, 0, 0, 0, 0, 0, 0, 0, 251451942, 0
thread.instructions_by_core[15] = 0, 0, 0, 0, 0, 0, 0, 0, 0, 0, 0, 0, 0, 0, 0, 250466445
thread.instructions_by_core[1] = 0, 126488602, 0, 0, 0, 0, 0, 0, 0, 0, 0, 0, 0, 0, 0, 0, 127056571
thread.instructions_by_core[2] = 0, 0, 255011286, 0, 0, 0, 0, 0, 0, 0, 0, 0, 0, 0, 0, 0, 0, 13684
thread.instructions_by_core[3] = 0, 0, 0, 254340095, 0, 0, 0, 0, 0, 0, 0, 0, 0, 0, 0, 0, 0, 0, 8912
thread.instructions_by_core[4] = 0, 0, 0, 0, 250428902, 0, 0, 0, 0, 0, 0, 0, 0, 0, 0, 0
thread.instructions_by_core[5] = 0, 0, 0, 0, 0, 263379229, 0, 0, 0, 0, 0, 0, 0, 0, 0, 0
thread.instructions_by_core[6] = 0, 0, 0, 0, 0, 0, 260846602, 0, 0, 0, 0, 0, 0, 0, 0, 0
thread.instructions_by_core[7] = 0, 0, 0, 0, 0, 0, 0, 251612799, 0, 0, 0, 0, 0, 0, 0, 0
thread.instructions_by_core[8] = 0, 0, 0, 0, 0, 0, 0, 0, 251239948, 0, 0, 0, 0, 0, 0, 0
thread.instructions_by_core[9] = 0, 0, 0, 0, 0, 0, 0, 0, 0, 260583482, 0, 0, 0, 0, 0, 0
thread.nonidle_cycle_count = 54471355, 71531165, 141140111, 141619680, 139338156, 142919914, 142961533, 139073046, 139693722, 143009062, 139352227, 142309362, 140568933, 138905748, 139414742, 139696542, 72749327, 45581, 25899
thread.nonidle_elapsed_time = 20477953343781, 26891415541053, 53060192113770, 53240481555939, 52382765449269, 53729290977543, 53744937558723, 52283100260979, 52516436951682, 53762805563454, 52388055286938, 53499760293276, 52845463651689, 52220206042218, 52411557489462, 52517497099662, 27349371272988, 17136051498, 9736820100
thread.time_by_core[0] = 20477953343781, 0, 0, 0, 0, 0, 0, 0, 0, 0, 0, 0, 0, 0, 0, 0
thread.time_by_core[10] = 0, 0, 0, 0, 0, 0, 0, 0, 0, 0, 52388055286938, 0, 0, 0, 0, 0
thread.time_by_core[11] = 0, 0, 0, 0, 0, 0, 0, 0, 0, 0, 0, 53499760293276, 0, 0, 0, 0
thread.time_by_core[12] = 0, 0, 0, 0, 0, 0, 0, 0, 0, 0, 0, 0, 52845463651689, 0, 0, 0
thread.time_by_core[13] = 0, 0, 0, 0, 0, 0, 0, 0, 0, 0, 0, 0, 0, 52220206042218, 0, 0
thread.time_by_core[14] = 0, 0, 0, 0, 0, 0, 0, 0, 0, 0, 0, 0, 0, 0, 52411557489462, 0
thread.time_by_core[15] = 0, 0, 0, 0, 0, 0, 0, 0, 0, 0, 0, 0, 0, 0, 0, 52517497099662
thread.time_by_core[1] = 0, 26891415541053, 0, 0, 0, 0, 0, 0, 0, 0, 0, 0, 0, 0, 0, 0, 27349371272988
thread.time_by_core[2] = 0, 0, 53060192113770, 0, 0, 0, 0, 0, 0, 0, 0, 0, 0, 0, 0, 0, 0, 17136051498
thread.time_by_core[3] = 0, 0, 0, 53240481555939, 0, 0, 0, 0, 0, 0, 0, 0, 0, 0, 0, 0, 0, 0, 9736820100
thread.time_by_core[4] = 0, 0, 0, 0, 52382765449269, 0, 0, 0, 0, 0, 0, 0, 0, 0, 0, 0
thread.time_by_core[5] = 0, 0, 0, 0, 0, 53729290977543, 0, 0, 0, 0, 0, 0, 0, 0, 0, 0
thread.time_by_core[6] = 0, 0, 0, 0, 0, 0, 53744937558723, 0, 0, 0, 0, 0, 0, 0, 0, 0
thread.time_by_core[7] = 0, 0, 0, 0, 0, 0, 0, 52283100260979, 0, 0, 0, 0, 0, 0, 0, 0
thread.time_by_core[8] = 0, 0, 0, 0, 0, 0, 0, 0, 52516436951682, 0, 0, 0, 0, 0, 0, 0
thread.time_by_core[9] = 0, 0, 0, 0, 0, 0, 0, 0, 0, 53762805563454, 0, 0, 0, 0, 0, 0
thread.unscheduled_time = 54004527141166, 27641394819200, 1495201870781, 1350375957072, 2253138695458, 935481144795, 953130735747, 2451431874417, 2251918420064, 1029988087626, 2445367620488, 1369747125845, 2054094075458, 2712151993520, 2548568143654, 2480050647411, 27687843755374, 54470326576218, 54481607687997
time.walltime = 2532955163, 0, 0, 0, 0, 0, 0, 0, 0, 0, 0, 0, 0, 0, 0, 0
vmem = 2919383040
walltime = 2533.64116693
