barrier.global_time = 55175500000000, 0, 0, 0, 0, 0, 0, 0, 0, 0, 0, 0, 0, 0, 0, 0
barrier.global_time_begin = 0, 0, 0, 0, 0, 0, 0, 0, 0, 0, 0, 0, 0, 0, 0, 0
barrier.global_time_end = 55175500000000, 0, 0, 0, 0, 0, 0, 0, 0, 0, 0, 0, 0, 0, 0, 0
branch_predictor.num-correct = 5499594, 6342855, 6318465, 6106980, 6277744, 6332448, 7912449, 6134985, 6323536, 6331064, 6280587, 6086909, 6080703, 6284498, 6328761, 6120623
branch_predictor.num-incorrect = 139831, 128433, 127045, 121998, 125457, 127386, 135370, 124161, 126308, 126750, 125925, 120091, 120395, 126728, 125342, 120960
core.instructions = 96762637, 78854769, 78413242, 75722377, 77983597, 78691764, 106292053, 76275357, 78440450, 78680424, 78169944, 75437126, 75185664, 78233873, 78627900, 75759604
core.spin_elapsed_time = 0, 0, 0, 0, 0, 0, 0, 0, 0, 0, 0, 0, 0, 0, 0, 0
core.spin_instructions = 0, 0, 0, 0, 0, 0, 0, 0, 0, 0, 0, 0, 0, 0, 0, 0
core.spin_loops = 0, 0, 0, 0, 0, 0, 0, 0, 0, 0, 0, 0, 0, 0, 0, 0
corefreq = 2660000000.0, 2660000000.0, 2660000000.0, 2660000000.0, 2660000000.0, 2660000000.0, 2660000000.0, 2660000000.0, 2660000000.0, 2660000000.0, 2660000000.0, 2660000000.0, 2660000000.0, 2660000000.0, 2660000000.0, 2660000000.0
directory.entries-allocated = 65536, 65536, 65536, 65536, 65536, 65536, 65536, 65536, 65536, 65536, 65536, 65536, 65536, 65536, 65536, 65536
directory.evict-E = 0, 0, 0, 0, 0, 0, 0, 0, 0, 0, 0, 0, 0, 0, 0, 0
directory.evict-M = 0, 0, 1, 0, 0, 0, 0, 0, 0, 0, 0, 0, 0, 0, 0, 0
directory.evict-O = 0, 0, 0, 0, 0, 0, 0, 0, 0, 0, 0, 0, 0, 0, 0, 0
directory.evict-S = 0, 0, 0, 0, 0, 0, 0, 0, 0, 0, 0, 0, 0, 0, 0, 0
directory.forward = 0, 0, 0, 0, 0, 0, 0, 0, 0, 0, 0, 0, 0, 0, 0, 0
directory.forward-failed = 0, 0, 0, 0, 0, 0, 0, 0, 0, 0, 0, 0, 0, 0, 0, 0
dram-queue.num-requests = 33719, 0, 0, 0, 33659, 0, 0, 0, 33699, 0, 0, 0, 33636, 0, 0, 0
dram-queue.num-requests-analytical = 0, 0, 0, 0, 0, 0, 0, 0, 0, 0, 0, 0, 0, 0, 0, 0
dram-queue.total-queue-delay = 189251108171, 0, 0, 0, 195417286325, 0, 0, 0, 193152512718, 0, 0, 0, 194691629548, 0, 0, 0
dram-queue.total-time-used = 284226757444, 0, 0, 0, 283721000884, 0, 0, 0, 284058171924, 0, 0, 0, 283527127536, 0, 0, 0
dram.reads = 33253, 0, 0, 0, 33189, 0, 0, 0, 33222, 0, 0, 0, 33174, 0, 0, 0
dram.total-access-latency = 1990832865615, 0, 0, 0, 1993793287209, 0, 0, 0, 1993665684642, 0, 0, 0, 1991838757084, 0, 0, 0
dram.total-queueing-delay = 189251108171, 0, 0, 0, 195417286325, 0, 0, 0, 193152512718, 0, 0, 0, 194691629548, 0, 0, 0
dram.writes = 466, 0, 0, 0, 470, 0, 0, 0, 477, 0, 0, 0, 462, 0, 0, 0
dtlb.access = 40805902, 22086320, 22291399, 21211113, 21828747, 22033429, 29786189, 21333728, 21964985, 22025265, 21848900, 21110694, 21055720, 21869276, 22006557, 21214216
dtlb.miss = 17132, 73641, 72036, 71374, 72407, 74741, 75391, 71600, 74199, 73226, 73256, 69646, 69186, 74971, 73526, 70070
dtlb_cache.access-mru-0 = 38581513, 21123254, 21442500, 19646903, 21050405, 19832396, 28175715, 20554479, 20075020, 20984989, 21183753, 20223572, 20192032, 19013155, 20980283, 20424706
dtlb_cache.access-mru-1 = 2092346, 849141, 738512, 1423826, 670172, 1881514, 1483678, 655773, 1707564, 926042, 549249, 763219, 748869, 2414108, 902263, 672222
dtlb_cache.access-mru-2 = 95773, 37594, 36105, 50462, 32693, 231430, 46194, 48540, 103944, 37292, 39978, 45097, 42740, 345591, 46997, 45186
dtlb_cache.access-mru-3 = 19138, 2690, 2246, 18548, 3070, 13348, 5211, 3336, 4258, 3716, 2664, 9160, 2893, 21451, 3488, 2032
fastforward_performance_model.fastforwarded_time = 0, 0, 0, 0, 0, 0, 0, 0, 0, 0, 0, 0, 0, 0, 0, 0
fastforward_timer.cpiBase = 0, 0, 0, 0, 0, 0, 0, 0, 0, 0, 0, 0, 0, 0, 0, 0
fastforward_timer.cpiBranchPredictor = 0, 0, 0, 0, 0, 0, 0, 0, 0, 0, 0, 0, 0, 0, 0, 0
fastforward_timer.cpiDataCachecache-remote = 0, 0, 0, 0, 0, 0, 0, 0, 0, 0, 0, 0, 0, 0, 0, 0
fastforward_timer.cpiDataCachedram = 0, 0, 0, 0, 0, 0, 0, 0, 0, 0, 0, 0, 0, 0, 0, 0
fastforward_timer.cpiDataCachedram-cache = 0, 0, 0, 0, 0, 0, 0, 0, 0, 0, 0, 0, 0, 0, 0, 0
fastforward_timer.cpiDataCachedram-local = 0, 0, 0, 0, 0, 0, 0, 0, 0, 0, 0, 0, 0, 0, 0, 0
fastforward_timer.cpiDataCachedram-remote = 0, 0, 0, 0, 0, 0, 0, 0, 0, 0, 0, 0, 0, 0, 0, 0
fastforward_timer.cpiDataCacheL1 = 0, 0, 0, 0, 0, 0, 0, 0, 0, 0, 0, 0, 0, 0, 0, 0
fastforward_timer.cpiDataCacheL1_S = 0, 0, 0, 0, 0, 0, 0, 0, 0, 0, 0, 0, 0, 0, 0, 0
fastforward_timer.cpiDataCacheL1I = 0, 0, 0, 0, 0, 0, 0, 0, 0, 0, 0, 0, 0, 0, 0, 0
fastforward_timer.cpiDataCacheL2 = 0, 0, 0, 0, 0, 0, 0, 0, 0, 0, 0, 0, 0, 0, 0, 0
fastforward_timer.cpiDataCacheL2_S = 0, 0, 0, 0, 0, 0, 0, 0, 0, 0, 0, 0, 0, 0, 0, 0
fastforward_timer.cpiDataCacheL3 = 0, 0, 0, 0, 0, 0, 0, 0, 0, 0, 0, 0, 0, 0, 0, 0
fastforward_timer.cpiDataCacheL3_S = 0, 0, 0, 0, 0, 0, 0, 0, 0, 0, 0, 0, 0, 0, 0, 0
fastforward_timer.cpiDataCacheL4 = 0, 0, 0, 0, 0, 0, 0, 0, 0, 0, 0, 0, 0, 0, 0, 0
fastforward_timer.cpiDataCacheL4_S = 0, 0, 0, 0, 0, 0, 0, 0, 0, 0, 0, 0, 0, 0, 0, 0
fastforward_timer.cpiDataCachemiss = 0, 0, 0, 0, 0, 0, 0, 0, 0, 0, 0, 0, 0, 0, 0, 0
fastforward_timer.cpiDataCachenuca-cache = 0, 0, 0, 0, 0, 0, 0, 0, 0, 0, 0, 0, 0, 0, 0, 0
fastforward_timer.cpiDataCachenuca-local = 0, 0, 0, 0, 0, 0, 0, 0, 0, 0, 0, 0, 0, 0, 0, 0
fastforward_timer.cpiDataCachenuca-remote = 0, 0, 0, 0, 0, 0, 0, 0, 0, 0, 0, 0, 0, 0, 0, 0
fastforward_timer.cpiDataCachepredicate-false = 0, 0, 0, 0, 0, 0, 0, 0, 0, 0, 0, 0, 0, 0, 0, 0
fastforward_timer.cpiDataCacheprefetch-no-mapping = 0, 0, 0, 0, 0, 0, 0, 0, 0, 0, 0, 0, 0, 0, 0, 0
fastforward_timer.cpiDataCacheunknown = 0, 0, 0, 0, 0, 0, 0, 0, 0, 0, 0, 0, 0, 0, 0, 0
fs_to_cycles = 2.66e-06
fs_to_cycles_cores = 2.66e-06, 2.66e-06, 2.66e-06, 2.66e-06, 2.66e-06, 2.66e-06, 2.66e-06, 2.66e-06, 2.66e-06, 2.66e-06, 2.66e-06, 2.66e-06, 2.66e-06, 2.66e-06, 2.66e-06, 2.66e-06
futex.futex_cmp_requeue_count = 24, 0, 0, 0, 0, 0, 0, 0, 0, 0, 0, 0, 0, 0, 0, 0
futex.futex_cmp_requeue_delay = 0, 0, 0, 0, 0, 0, 0, 0, 0, 0, 0, 0, 0, 0, 0, 0
futex.futex_cmp_requeue_pi_count = 0, 0, 0, 0, 0, 0, 0, 0, 0, 0, 0, 0, 0, 0, 0, 0
futex.futex_cmp_requeue_pi_delay = 0, 0, 0, 0, 0, 0, 0, 0, 0, 0, 0, 0, 0, 0, 0, 0
futex.futex_fd_count = 0, 0, 0, 0, 0, 0, 0, 0, 0, 0, 0, 0, 0, 0, 0, 0
futex.futex_fd_delay = 0, 0, 0, 0, 0, 0, 0, 0, 0, 0, 0, 0, 0, 0, 0, 0
futex.futex_lock_pi_count = 0, 0, 0, 0, 0, 0, 0, 0, 0, 0, 0, 0, 0, 0, 0, 0
futex.futex_lock_pi_delay = 0, 0, 0, 0, 0, 0, 0, 0, 0, 0, 0, 0, 0, 0, 0, 0
futex.futex_requeue_count = 0, 0, 0, 0, 0, 0, 0, 0, 0, 0, 0, 0, 0, 0, 0, 0
futex.futex_requeue_delay = 0, 0, 0, 0, 0, 0, 0, 0, 0, 0, 0, 0, 0, 0, 0, 0
futex.futex_trylock_pi_count = 0, 0, 0, 0, 0, 0, 0, 0, 0, 0, 0, 0, 0, 0, 0, 0
futex.futex_trylock_pi_delay = 0, 0, 0, 0, 0, 0, 0, 0, 0, 0, 0, 0, 0, 0, 0, 0
futex.futex_unlock_pi_count = 0, 0, 0, 0, 0, 0, 0, 0, 0, 0, 0, 0, 0, 0, 0, 0
futex.futex_unlock_pi_delay = 0, 0, 0, 0, 0, 0, 0, 0, 0, 0, 0, 0, 0, 0, 0, 0
futex.futex_wait_bitset_count = 1, 0, 0, 0, 0, 0, 0, 0, 0, 0, 0, 0, 0, 0, 0, 0
futex.futex_wait_bitset_delay = 0, 0, 0, 0, 0, 0, 0, 0, 0, 0, 0, 0, 0, 0, 0, 0
futex.futex_wait_count = 36, 142, 127, 139, 152, 112, 138, 128, 140, 144, 135, 134, 131, 141, 137, 140, 116
futex.futex_wait_delay = 33450793074767, 26175905088036, 26428305982948, 27434526679635, 26537127550562, 30893046645314, 26498868628031, 27093270287679, 26275303332516, 26229643670311, 26328035197609, 27561112107837, 27543073417760, 26490072418609, 26259315036345, 27383665124627, 32858061103888
futex.futex_wait_requeue_pi_count = 0, 0, 0, 0, 0, 0, 0, 0, 0, 0, 0, 0, 0, 0, 0, 0
futex.futex_wait_requeue_pi_delay = 0, 0, 0, 0, 0, 0, 0, 0, 0, 0, 0, 0, 0, 0, 0, 0
futex.futex_wake_bitset_count = 0, 0, 0, 0, 0, 0, 0, 0, 0, 0, 0, 0, 0, 0, 0, 0
futex.futex_wake_bitset_delay = 0, 0, 0, 0, 0, 0, 0, 0, 0, 0, 0, 0, 0, 0, 0, 0
futex.futex_wake_count = 23, 63, 74, 60, 78, 71, 57, 61, 72, 67, 55, 57, 58, 59, 65, 61, 57, 1
futex.futex_wake_delay = 14000000000, 41000000000, 58000000000, 40000000000, 53000000000, 46000000000, 47000000000, 49000000000, 52000000000, 48000000000, 39000000000, 40000000000, 44000000000, 42000000000, 46000000000, 47000000000, 43000000000
futex.futex_wake_op_count = 0, 0, 0, 0, 0, 0, 0, 0, 0, 0, 0, 0, 0, 0, 0, 0, 0, 1
futex.futex_wake_op_delay = 0, 0, 0, 0, 0, 0, 0, 0, 0, 0, 0, 0, 0, 0, 0, 0, 0, 1000000000
global.time = 55175500000000
global.time_begin = 0
global.time_end = 55175500000000
interval_timer.cpContr_branch = 1245333361646, 821526583528, 826402859624, 774714348501, 795855354689, 812908684233, 907334716496, 795690419841, 809180941479, 813945969892, 801392535831, 769568909636, 773999642929, 812522720057, 809780988114, 778138929286
interval_timer.cpContr_fp_addsub = 7299515244663, 7426756207720, 7277617507169, 7148900623973, 7340904144468, 7371480283739, 7409298687780, 7189856834762, 7347001298134, 7374836968278, 7336108060421, 7105992289297, 7063700230653, 7319049017699, 7372872234928, 7128527291695
interval_timer.cpContr_fp_muldiv = 3768786783824, 7139608278663, 7005531262701, 6760942812828, 7033214264828, 7067615712940, 7149831971393, 6877230360778, 7083550701895, 7110719119041, 7087162833826, 6728490700302, 6696765438403, 7080147508434, 7079209454603, 6759068701685
interval_timer.cpContr_generic = 11888570001700, 13890984819374, 13660683014371, 13190329010922, 13686824838622, 13846108952026, 15678591019707, 13401182637696, 13823808179693, 13849665312678, 13785082134769, 13150694385160, 13134585089341, 13796407361179, 13850213501522, 13253280728325
interval_timer.cpContr_load_l1 = 2760704196967, 6565984873157, 6534476668432, 6245074360098, 6504324926601, 6505779435617, 11151666741059, 6325930278965, 6526164099586, 6563509942102, 6492346402198, 6226885420156, 6182337846844, 6431070731647, 6462898146963, 6220522572085
interval_timer.cpContr_load_l2 = 500000, 42996315, 0, 0, 0, 8997397, 3124810, 0, 0, 77709442, 0, 0, 0, 0, 0, 15219042
interval_timer.cpContr_load_l3 = 0, 0, 0, 0, 0, 0, 0, 0, 0, 0, 0, 0, 0, 0, 0, 0
interval_timer.cpContr_load_other = 35505797, 152758444, 293536459, 10925713, 99319280, 10117349, 81369592, 55958723, 262093885, 47743649, 118417517, 0, 8220186, 91459539, 139243872, 18193300
interval_timer.cpContr_port0 = 671070329, 276636583329, 274685759885, 260867093975, 272452501352, 278364921884, 278027328222, 262339191877, 278795285045, 278473632794, 276306419068, 260163763341, 260194810485, 277925933068, 277861096047, 263867312488
interval_timer.cpContr_port015 = 696704108952, 1306206467727, 1284849421267, 1266814593638, 1298773997036, 1307456609774, 2184743873504, 1277752108813, 1304678286080, 1306979518001, 1303823833701, 1265325303606, 1265082720192, 1304163301674, 1304094676489, 1272533578235
interval_timer.cpContr_port05 = 0, 0, 0, 0, 0, 0, 0, 0, 0, 0, 0, 0, 0, 0, 0, 0
interval_timer.cpContr_port1 = 2434878939055, 514958789298, 514112484162, 511985647961, 514273938753, 515276118515, 513963436794, 514572764103, 495307318570, 514153654197, 514719289714, 514285181708, 485888533401, 514442204851, 514285012134, 494522635805
interval_timer.cpContr_port2 = 7489904249938, 1023385526887, 1157163293015, 994232456259, 1013536610469, 1031317189744, 1385419047946, 968081748859, 1027728123677, 1025465088722, 1003018890030, 988632368985, 995621262919, 1022148480432, 1032518957128, 1005937090477
interval_timer.cpContr_port34 = 156573530688, 78612912962, 116453902580, 80067764969, 80790455902, 82357873557, 149050588383, 83316680956, 81353450526, 78758090893, 81198242338, 78412312235, 74287023153, 78200730411, 76647737439, 74195562706
interval_timer.cpContr_port5 = 81069909720, 38005074333, 36444532239, 35401059665, 34211232520, 35986535754, 40907276019, 37777212956, 35977170334, 37044842077, 36462966818, 34793186225, 35544431445, 34847059942, 34948948436, 31987636119
interval_timer.cpContr_store = 3397902180258, 2432700167552, 2470969187620, 2319583765810, 2398230215236, 2427798827594, 3756485783256, 2349631777797, 2429490574415, 2443824655906, 2413882513088, 2298878998958, 2296665780928, 2433897859647, 2424306334580, 2320805085266
interval_timer.cpiBase = 15498297304596, 15623538374934, 15489276648291, 14899129861725, 15419819662407, 15535897219620, 19041874258500, 15084439217361, 15521186350611, 15579115918938, 15478524041013, 14836399928307, 14777191415502, 15468548875587, 15519769812459, 14904552029922
interval_timer.cpiBranchPredictor = 1800389916072, 860510461257, 894920157927, 829234968030, 846586056636, 839387200725, 902305479582, 854228144628, 826642492686, 833766160797, 814145152509, 795482036793, 828293240835, 847945827999, 825270315336, 814346279874
interval_timer.cpiDataCachecache-remote = 8523289008, 1336404122577, 546034856184, 357171749181, 1092523470741, 683180034957, 715070940327, 666923304780, 919896793209, 1129841055576, 1249359206517, 240623140401, 275064791886, 797056093386, 1240072385400, 391146108489
interval_timer.cpiDataCachedram = 0, 0, 0, 0, 0, 0, 0, 0, 0, 0, 0, 0, 0, 0, 0, 0
interval_timer.cpiDataCachedram-cache = 0, 0, 0, 0, 0, 0, 0, 0, 0, 0, 0, 0, 0, 0, 0, 0
interval_timer.cpiDataCachedram-local = 159603774633, 0, 0, 0, 0, 0, 0, 0, 93608811, 0, 0, 0, 0, 0, 0, 0
interval_timer.cpiDataCachedram-remote = 621382430259, 92480994, 743607342, 106014798, 92105055, 257518215, 125319641589, 310525614, 171428184, 162029709, 172931940, 83458458, 74811861, 148871844, 84210336, 180450720
interval_timer.cpiDataCacheL1 = 127819260, 0, 0, 0, 0, 0, 0, 0, 0, 0, 0, 0, 0, 12781926, 0, 0
interval_timer.cpiDataCacheL1_S = 0, 0, 0, 0, 0, 0, 0, 0, 0, 0, 0, 0, 0, 0, 0, 0
interval_timer.cpiDataCacheL1I = 0, 0, 0, 0, 0, 0, 0, 0, 0, 0, 0, 0, 0, 0, 0, 0
interval_timer.cpiDataCacheL2 = 6275549727, 15311243592, 14492072511, 17752967397, 18012365307, 21770251551, 20456344746, 17818380783, 18205973892, 20410104249, 20852208513, 20486419866, 20919125655, 20580028677, 17348832972, 19012738986
interval_timer.cpiDataCacheL2_S = 0, 0, 0, 0, 0, 0, 0, 0, 0, 0, 0, 0, 0, 0, 0, 0
interval_timer.cpiDataCacheL3 = 0, 0, 0, 0, 0, 0, 0, 0, 0, 0, 0, 0, 0, 0, 0, 0
interval_timer.cpiDataCacheL3_S = 0, 0, 0, 0, 0, 0, 0, 0, 0, 0, 0, 0, 0, 0, 0, 0
interval_timer.cpiDataCacheL4 = 0, 0, 0, 0, 0, 0, 0, 0, 0, 0, 0, 0, 0, 0, 0, 0
interval_timer.cpiDataCacheL4_S = 0, 0, 0, 0, 0, 0, 0, 0, 0, 0, 0, 0, 0, 0, 0, 0
interval_timer.cpiDataCachemiss = 0, 0, 0, 0, 0, 0, 0, 0, 0, 0, 0, 0, 0, 0, 0, 0
interval_timer.cpiDataCachenuca-cache = 2826943235154, 4916889263745, 5536855907730, 5663149231329, 5121957973221, 5382364527558, 6128020737108, 5409670480884, 5319428955507, 5031948778146, 5004886057353, 5710568297094, 5812480096848, 5496343969212, 4996276302375, 5581503551187
interval_timer.cpiDataCachenuca-local = 0, 0, 0, 0, 0, 0, 0, 0, 0, 0, 0, 0, 0, 0, 0, 0
interval_timer.cpiDataCachenuca-remote = 0, 0, 0, 0, 0, 0, 0, 0, 0, 0, 0, 0, 0, 0, 0, 0
interval_timer.cpiDataCachepredicate-false = 0, 0, 0, 0, 0, 0, 0, 0, 0, 0, 0, 0, 0, 0, 0, 0
interval_timer.cpiDataCacheprefetch-no-mapping = 0, 0, 0, 0, 0, 0, 0, 0, 0, 0, 0, 0, 0, 0, 0, 0
interval_timer.cpiDataCacheunknown = 0, 0, 0, 0, 0, 0, 0, 0, 0, 0, 0, 0, 0, 0, 0, 0
interval_timer.cpiInstructionCachecache-remote = 208646145, 612617412474, 90433254267, 15079665168, 406729907856, 889018291566, 596557298394, 69425031069, 242986668894, 425351294343, 547338612636, 9406745658, 6892841565, 618044843817, 541178100243, 8564266359
interval_timer.cpiInstructionCachedram = 0, 0, 0, 0, 0, 0, 0, 0, 0, 0, 0, 0, 0, 0, 0, 0
interval_timer.cpiInstructionCachedram-cache = 0, 0, 0, 0, 0, 0, 0, 0, 0, 0, 0, 0, 0, 0, 0, 0
interval_timer.cpiInstructionCachedram-local = 24033028392, 0, 0, 0, 486841005, 0, 0, 0, 969546681, 0, 0, 0, 584961084, 0, 0, 0
interval_timer.cpiInstructionCachedram-remote = 77409599490, 3432699009, 3103000506, 1395109629, 1429320078, 4916530242, 7770283191, 362029257, 2900369385, 2694730752, 1154132730, 2216912283, 1407515616, 2404129905, 2381573565, 2258641512
interval_timer.cpiInstructionCacheL1 = 0, 0, 0, 0, 0, 0, 0, 0, 0, 0, 0, 0, 0, 0, 0, 0
interval_timer.cpiInstructionCacheL1_S = 0, 0, 0, 0, 0, 0, 0, 0, 0, 0, 0, 0, 0, 0, 0, 0
interval_timer.cpiInstructionCacheL1I = 0, 0, 0, 0, 0, 0, 0, 0, 0, 0, 0, 0, 0, 0, 0, 0
interval_timer.cpiInstructionCacheL2 = 0, 0, 0, 0, 0, 0, 0, 0, 0, 0, 0, 0, 0, 0, 0, 0
interval_timer.cpiInstructionCacheL2_S = 0, 0, 0, 0, 0, 0, 0, 0, 0, 0, 0, 0, 0, 0, 0, 0
interval_timer.cpiInstructionCacheL3 = 0, 0, 0, 0, 0, 0, 0, 0, 0, 0, 0, 0, 0, 0, 0, 0
interval_timer.cpiInstructionCacheL3_S = 0, 0, 0, 0, 0, 0, 0, 0, 0, 0, 0, 0, 0, 0, 0, 0
interval_timer.cpiInstructionCacheL4 = 0, 0, 0, 0, 0, 0, 0, 0, 0, 0, 0, 0, 0, 0, 0, 0
interval_timer.cpiInstructionCacheL4_S = 0, 0, 0, 0, 0, 0, 0, 0, 0, 0, 0, 0, 0, 0, 0, 0
interval_timer.cpiInstructionCachemiss = 0, 0, 0, 0, 0, 0, 0, 0, 0, 0, 0, 0, 0, 0, 0, 0
interval_timer.cpiInstructionCachenuca-cache = 535557436254, 4510531159560, 5032433739456, 4836591700857, 4595707658790, 4042839359403, 4485632719590, 4846616114292, 4911344539434, 4789658724219, 4607353873071, 4875119433333, 4780963631088, 4306010945085, 4642147779399, 4937255007192
interval_timer.cpiInstructionCachenuca-local = 0, 0, 0, 0, 0, 0, 0, 0, 0, 0, 0, 0, 0, 0, 0, 0
interval_timer.cpiInstructionCachenuca-remote = 0, 0, 0, 0, 0, 0, 0, 0, 0, 0, 0, 0, 0, 0, 0, 0
interval_timer.cpiInstructionCachepredicate-false = 0, 0, 0, 0, 0, 0, 0, 0, 0, 0, 0, 0, 0, 0, 0, 0
interval_timer.cpiInstructionCacheprefetch-no-mapping = 0, 0, 0, 0, 0, 0, 0, 0, 0, 0, 0, 0, 0, 0, 0, 0
interval_timer.cpiInstructionCacheunknown = 0, 0, 0, 0, 0, 0, 0, 0, 0, 0, 0, 0, 0, 0, 0, 0
interval_timer.cpiLongLatency = 6029685621, 11446590672, 11255613660, 10995463872, 11166140178, 11258997111, 11578545261, 11011629249, 11282305329, 11310124815, 11275162488, 10739449413, 10735690023, 11345463081, 11322154863, 10806742494
interval_timer.cpiSerialization = 124811748, 0, 0, 0, 0, 0, 0, 0, 0, 0, 0, 0, 0, 0, 0, 0
interval_timer.detailed-cpiBase-BranchMispredict = 0, 0, 0, 0, 0, 0, 0, 0, 0, 0, 0, 0, 0, 0, 0, 0
interval_timer.detailed-cpiBase-DispatchRate = 35830952, 38257556, 37941947, 36415020, 37736756, 38019787, 44721293, 36927858, 37981065, 38134083, 37911531, 36250424, 36099256, 37887891, 37984811, 36420749
interval_timer.detailed-cpiBase-DispatchRate+BranchMispredict = 0, 0, 0, 0, 0, 0, 0, 0, 0, 0, 0, 0, 0, 0, 0, 0
interval_timer.detailed-cpiBase-DispatchRate+ICacheMiss = 0, 0, 0, 0, 0, 0, 0, 0, 0, 0, 0, 0, 0, 0, 0, 0
interval_timer.detailed-cpiBase-DispatchRate+ICacheMiss+BranchMispredict = 0, 0, 0, 0, 0, 0, 0, 0, 0, 0, 0, 0, 0, 0, 0, 0
interval_timer.detailed-cpiBase-DispatchWidth = 4865, 43086, 41828, 42795, 43264, 43052, 46022, 41225, 43094, 42982, 41287, 42735, 42682, 41461, 42847, 42722
interval_timer.detailed-cpiBase-DispatchWidth+BranchMispredict = 0, 0, 0, 0, 0, 0, 0, 0, 0, 0, 0, 0, 0, 0, 0, 0
interval_timer.detailed-cpiBase-DispatchWidth+DispatchRate = 5389747, 3258064, 3217794, 3173960, 3236793, 3262741, 5884185, 3155616, 3262290, 3263477, 3220149, 3171754, 3165480, 3217081, 3255023, 3182727
interval_timer.detailed-cpiBase-DispatchWidth+DispatchRate+BranchMispredict = 0, 0, 0, 0, 0, 0, 0, 0, 0, 0, 0, 0, 0, 0, 0, 0
interval_timer.detailed-cpiBase-DispatchWidth+DispatchRate+ICacheMiss = 0, 0, 0, 0, 0, 0, 0, 0, 0, 0, 0, 0, 0, 0, 0, 0
interval_timer.detailed-cpiBase-DispatchWidth+DispatchRate+ICacheMiss+BranchMispredict = 0, 0, 0, 0, 0, 0, 0, 0, 0, 0, 0, 0, 0, 0, 0, 0
interval_timer.detailed-cpiBase-DispatchWidth+ICacheMiss = 0, 0, 0, 0, 0, 0, 0, 0, 0, 0, 0, 0, 0, 0, 0, 0
interval_timer.detailed-cpiBase-DispatchWidth+ICacheMiss+BranchMispredict = 0, 0, 0, 0, 0, 0, 0, 0, 0, 0, 0, 0, 0, 0, 0, 0
interval_timer.detailed-cpiBase-ICacheMiss = 0, 0, 0, 0, 0, 0, 0, 0, 0, 0, 0, 0, 0, 0, 0, 0
interval_timer.detailed-cpiBase-ICacheMiss+BranchMispredict = 0, 0, 0, 0, 0, 0, 0, 0, 0, 0, 0, 0, 0, 0, 0, 0
interval_timer.detailed-cpiBase-NoReason = 0, 0, 0, 0, 0, 0, 0, 0, 0, 0, 0, 0, 0, 0, 0, 0
interval_timer.detailed-cpiBase-WindowEmpty = 0, 0, 0, 0, 0, 0, 0, 0, 0, 0, 0, 0, 0, 0, 0, 0
interval_timer.detailed-cpiBase-WindowEmpty+BranchMispredict = 0, 0, 0, 0, 0, 0, 0, 0, 0, 0, 0, 0, 0, 0, 0, 0
interval_timer.detailed-cpiBase-WindowEmpty+DispatchRate = 0, 0, 0, 0, 0, 0, 0, 0, 0, 0, 0, 0, 0, 0, 0, 0
interval_timer.detailed-cpiBase-WindowEmpty+DispatchRate+BranchMispredict = 0, 0, 0, 0, 0, 0, 0, 0, 0, 0, 0, 0, 0, 0, 0, 0
interval_timer.detailed-cpiBase-WindowEmpty+DispatchRate+ICacheMiss = 0, 0, 0, 0, 0, 0, 0, 0, 0, 0, 0, 0, 0, 0, 0, 0
interval_timer.detailed-cpiBase-WindowEmpty+DispatchRate+ICacheMiss+BranchMispredict = 0, 0, 0, 0, 0, 0, 0, 0, 0, 0, 0, 0, 0, 0, 0, 0
interval_timer.detailed-cpiBase-WindowEmpty+DispatchWidth = 0, 0, 0, 0, 0, 0, 0, 0, 0, 0, 0, 0, 0, 0, 0, 0
interval_timer.detailed-cpiBase-WindowEmpty+DispatchWidth+BranchMispredict = 0, 0, 0, 0, 0, 0, 0, 0, 0, 0, 0, 0, 0, 0, 0, 0
interval_timer.detailed-cpiBase-WindowEmpty+DispatchWidth+DispatchRate = 0, 0, 0, 0, 0, 0, 0, 0, 0, 0, 0, 0, 0, 0, 0, 0
interval_timer.detailed-cpiBase-WindowEmpty+DispatchWidth+DispatchRate+BranchMispredict = 0, 0, 0, 0, 0, 0, 0, 0, 0, 0, 0, 0, 0, 0, 0, 0
interval_timer.detailed-cpiBase-WindowEmpty+DispatchWidth+DispatchRate+ICacheMiss = 0, 0, 0, 0, 0, 0, 0, 0, 0, 0, 0, 0, 0, 0, 0, 0
interval_timer.detailed-cpiBase-WindowEmpty+DispatchWidth+DispatchRate+ICacheMiss+BranchMispredict = 0, 0, 0, 0, 0, 0, 0, 0, 0, 0, 0, 0, 0, 0, 0, 0
interval_timer.detailed-cpiBase-WindowEmpty+DispatchWidth+ICacheMiss = 0, 0, 0, 0, 0, 0, 0, 0, 0, 0, 0, 0, 0, 0, 0, 0
interval_timer.detailed-cpiBase-WindowEmpty+DispatchWidth+ICacheMiss+BranchMispredict = 0, 0, 0, 0, 0, 0, 0, 0, 0, 0, 0, 0, 0, 0, 0, 0
interval_timer.detailed-cpiBase-WindowEmpty+ICacheMiss = 0, 0, 0, 0, 0, 0, 0, 0, 0, 0, 0, 0, 0, 0, 0, 0
interval_timer.detailed-cpiBase-WindowEmpty+ICacheMiss+BranchMispredict = 0, 0, 0, 0, 0, 0, 0, 0, 0, 0, 0, 0, 0, 0, 0, 0
interval_timer.loadstore_contention.no-free-slots = 0, 0, 0, 0, 0, 0, 0, 0, 0, 0, 0, 0, 0, 0, 0, 0
interval_timer.loadstore_contention.num-barriers = 0, 0, 0, 0, 0, 0, 0, 0, 0, 0, 0, 0, 0, 0, 0, 0
interval_timer.loadstore_contention.num-requests = 26580399, 13393403, 13445942, 12910027, 13225601, 13355497, 18602207, 12936786, 13344841, 13383662, 13211788, 12879492, 12837484, 13212032, 13318904, 12925482
interval_timer.loadstore_contention.requests-out-of-order = 9236132, 6521321, 6409811, 6373049, 6473570, 6543989, 10194234, 6322072, 6530936, 6537093, 6436834, 6341536, 6347214, 6438675, 6543082, 6389668
interval_timer.loadstore_contention.requests-simultaneous = 11824922, 3247256, 3390258, 3048210, 3166487, 3191440, 3507843, 3108834, 3209834, 3225742, 3185785, 3050592, 3027566, 3190078, 3164281, 3050947
interval_timer.loadstore_contention.total-barrier-delay = 0, 0, 0, 0, 0, 0, 0, 0, 0, 0, 0, 0, 0, 0, 0, 0
interval_timer.loadstore_contention.total-delay = 8662630798350, 1927149779970, 2994759773181, 1733965254162, 1819378219023, 1804010960520, 2053911899502, 1763216315874, 1841611627422, 1854471372795, 1761408049284, 1691345425671, 1717385968323, 1848899580876, 1740888922725, 1762911429345
interval_timer.numBPredOverlapped = 753785, 2514604, 2462921, 2379552, 2486402, 2516142, 2740367, 2422408, 2513589, 2510157, 2513259, 2373259, 2368847, 2514108, 2512005, 2387490
interval_timer.numDCacheOverlapped = 3288515, 4003294, 3928914, 3807372, 3979766, 4005275, 4556619, 3869410, 3965657, 3972998, 4002980, 3772439, 3768739, 4016441, 4025504, 3805106
interval_timer.numHiddenLongerDCacheLatency = 97611, 212593, 207610, 197476, 208268, 203462, 257413, 199416, 206510, 206011, 206548, 191423, 194231, 207665, 212114, 200518
interval_timer.numICacheOverlapped = 14730814, 30421821, 29764582, 28788215, 30099106, 30377434, 34344076, 29245430, 30139847, 30226835, 30378785, 28601241, 28572970, 30421516, 30365143, 28732302
interval_timer.numLongLatencyLoads = 117050, 241273, 236072, 228310, 238729, 240922, 272504, 231958, 239035, 239734, 240935, 226839, 226607, 241274, 240850, 227873
interval_timer.numMfenceInsns = 0, 0, 0, 0, 0, 0, 0, 0, 0, 0, 0, 0, 0, 0, 0, 0
interval_timer.numSerializationInsns = 133, 0, 0, 0, 0, 0, 0, 0, 0, 0, 0, 0, 0, 0, 0, 0
interval_timer.numTotalLongLatencyLoadLatency = 9636819, 16674772, 16221053, 16061595, 16578716, 16192979, 18590430, 16211999, 16645777, 16445120, 16692257, 15884921, 16248750, 16795655, 16635097, 15938338
interval_timer.outstandingLongLatencyCycles = 10048045, 23606967, 23037405, 22529231, 23351738, 23015752, 25430281, 22774342, 23423164, 23222985, 23468471, 22180216, 22596335, 23654450, 23499356, 22475931
interval_timer.outstandingLongLatencyInsns = 27360705, 44159255, 42856382, 42063113, 43752956, 42331366, 56205015, 42584614, 44075731, 43641534, 44144331, 41413885, 42445780, 44195242, 44295565, 42156977
interval_timer.totalHiddenDCacheLatency = 32479407, 43799016, 42615859, 41551320, 43438189, 42467349, 55862509, 42164665, 43537661, 43354564, 43781171, 40901968, 41544961, 43792798, 44124477, 41714150
interval_timer.totalHiddenLongerDCacheLatency = 4498365, 4160409, 3827709, 3737248, 4062292, 3643777, 8230959, 3795003, 4125419, 4118638, 4267892, 3578114, 3817928, 4025047, 4214379, 3756218
interval_timer.totalMfenceLatency = 0, 0, 0, 0, 0, 0, 0, 0, 0, 0, 0, 0, 0, 0, 0, 0
interval_timer.totalSerializationLatency = 332, 0, 0, 0, 0, 0, 0, 0, 0, 0, 0, 0, 0, 0, 0, 0
interval_timer.uop_branch = 7186632, 7679382, 7643758, 7395433, 7592114, 7661209, 9345994, 7430283, 7646958, 7657779, 7595450, 7359593, 7354004, 7603058, 7651270, 7401284
interval_timer.uop_fp_addsub = 10019304, 10962988, 10766941, 10454429, 10843768, 10951413, 10967465, 10592091, 10912659, 10951625, 10920161, 10435381, 10384847, 10924627, 10949245, 10483061
interval_timer.uop_fp_muldiv = 9514404, 9303946, 9139972, 8892608, 9209960, 9295545, 9306985, 8999858, 9254362, 9295678, 9265418, 8878734, 8824590, 9268469, 9293567, 8908125
interval_timer.uop_generic = 45872083, 38839224, 38384894, 37381072, 38423801, 38756004, 60878011, 37578017, 38651464, 38751802, 38452120, 37239687, 37142999, 38485489, 38725832, 37399049
interval_timer.uop_load = 29868926, 17396712, 17374871, 16717415, 17205383, 17360787, 23158841, 16806212, 17310514, 17356675, 17214783, 16651947, 16606239, 17228488, 17344423, 16730604
interval_timer.uop_store = 8047990, 4447355, 4678079, 4250749, 4380315, 4429568, 6333118, 4288309, 4415358, 4426337, 4394828, 4215798, 4211696, 4402315, 4419065, 4244559
interval_timer.uops_pause = 0, 0, 0, 0, 0, 0, 0, 0, 0, 0, 0, 0, 0, 0, 0, 0
interval_timer.uops_total = 110509339, 88629607, 87988515, 85091706, 87655341, 88454526, 119990414, 85694770, 88191315, 88439896, 87842760, 84781140, 84524375, 87912446, 88383402, 85166682
interval_timer.uops_x87 = 0, 0, 0, 0, 0, 0, 0, 0, 0, 0, 0, 0, 0, 0, 0, 0
ipc = 0.550579388118
itlb.access = 9967777, 7271595, 7268333, 7003180, 7185733, 7250565, 10090081, 7041050, 7226820, 7247762, 7192267, 6963849, 6946448, 7200653, 7240327, 6995284
itlb.miss = 450, 69, 69, 62, 62, 67, 119, 68, 62, 62, 67, 67, 62, 62, 62, 62
itlb_cache.access-mru-0 = 9945539, 7268495, 7265271, 7000236, 7182670, 7247385, 10083853, 7037975, 7223736, 7244670, 7189174, 6960926, 6943531, 7197574, 7237246, 6992340
itlb_cache.access-mru-1 = 14007, 2814, 2778, 2642, 2786, 2883, 5496, 2696, 2806, 2809, 2810, 2640, 2640, 2802, 2804, 2666
itlb_cache.access-mru-2 = 7299, 210, 210, 235, 210, 225, 553, 304, 211, 213, 211, 211, 210, 210, 210, 211
itlb_cache.access-mru-3 = 482, 7, 5, 5, 5, 5, 60, 7, 5, 8, 5, 5, 5, 5, 5, 5
L1-D.access-mru-0 = 38051911, 21118323, 21214950, 20264093, 20880791, 21019559, 28463597, 20417957, 21012217, 21072046, 20899167, 20208842, 20143850, 20867243, 21017010, 20168730
L1-D.access-mru-1 = 2177005, 293078, 365481, 307125, 280370, 334232, 455199, 263252, 282899, 282485, 277112, 267617, 278116, 320606, 309199, 402290
L1-D.access-mru-2 = 72684, 12265, 22181, 13857, 11781, 17289, 17724, 12401, 12196, 12158, 11892, 11191, 12166, 19374, 15921, 15300
L1-D.access-mru-3 = 5655, 1259, 1241, 1176, 1149, 1279, 1709, 1295, 1185, 1195, 1163, 1155, 1094, 1290, 3124, 1253
L1-D.backinval-D = 0, 0, 0, 0, 0, 0, 0, 0, 0, 0, 0, 0, 0, 0, 0, 0
L1-D.backinval-E = 173358, 32769, 35107, 39164, 35060, 170780, 220002, 33812, 32699, 31682, 32888, 36855, 45835, 155388, 33903, 33343
L1-D.backinval-I = 0, 0, 0, 0, 0, 0, 0, 0, 0, 0, 0, 0, 0, 0, 0, 0
L1-D.backinval-M = 226921, 55679, 92188, 51713, 53405, 55214, 138050, 54313, 53243, 53594, 53602, 51344, 50756, 53623, 53806, 51197
L1-D.backinval-O = 0, 0, 0, 0, 0, 0, 0, 0, 0, 0, 0, 0, 0, 0, 0, 0
L1-D.backinval-S = 2599, 555671, 543645, 517374, 549237, 418328, 432697, 534805, 554329, 555008, 555765, 517540, 508022, 435140, 556540, 526910
L1-D.backinval-u = 0, 0, 0, 0, 0, 0, 0, 0, 0, 0, 0, 0, 0, 0, 0, 0
L1-D.coherency-downgrades = 2444, 102420, 23556, 12396, 74784, 189707, 155420, 31004, 50776, 64642, 99262, 14965, 8983, 172289, 94276, 14992
L1-D.coherency-invalidates = 1000, 1941, 1120, 1144, 1286, 976, 1622, 1011, 1292, 1908, 1112, 1000, 1572, 1658, 1112, 1634
L1-D.coherency-upgrades = 0, 0, 0, 0, 0, 0, 0, 0, 0, 0, 0, 0, 0, 0, 0, 0
L1-D.coherency-writebacks = 340, 1309, 1214, 1243, 1234, 1130, 1180, 1568, 1299, 1229, 1750, 1159, 997, 1154, 1270, 1371
L1-D.evict-D = 0, 0, 0, 0, 0, 0, 0, 0, 0, 0, 0, 0, 0, 0, 0, 0
L1-D.evict-E = 0, 0, 0, 0, 0, 0, 0, 0, 0, 0, 0, 0, 0, 0, 0, 0
L1-D.evict-I = 0, 0, 0, 0, 0, 0, 0, 0, 0, 0, 0, 0, 0, 0, 0, 0
L1-D.evict-M = 0, 0, 0, 0, 0, 0, 0, 0, 0, 0, 0, 0, 0, 0, 0, 0
L1-D.evict-O = 0, 0, 0, 0, 0, 0, 0, 0, 0, 0, 0, 0, 0, 0, 0, 0
L1-D.evict-prefetch = 0, 0, 0, 0, 0, 0, 0, 0, 0, 0, 0, 0, 0, 0, 0, 0
L1-D.evict-S = 0, 0, 0, 0, 0, 0, 0, 0, 0, 0, 0, 0, 0, 0, 0, 0
L1-D.evict-u = 0, 0, 0, 0, 0, 0, 0, 0, 0, 0, 0, 0, 0, 0, 0, 0
L1-D.evict-warmup = 0, 0, 0, 0, 0, 0, 0, 0, 0, 0, 0, 0, 0, 0, 0, 0
L1-D.hits-prefetch = 0, 0, 0, 0, 0, 0, 0, 0, 0, 0, 0, 0, 0, 0, 0, 0
L1-D.hits-warmup = 0, 0, 0, 0, 0, 0, 0, 0, 0, 0, 0, 0, 0, 0, 0, 0
L1-D.invalidate-prefetch = 0, 0, 0, 0, 0, 0, 0, 0, 0, 0, 0, 0, 0, 0, 0, 0
L1-D.invalidate-warmup = 0, 0, 0, 0, 0, 0, 0, 0, 0, 0, 0, 0, 0, 0, 0, 0
L1-D.load-misses = 270130, 603716, 593863, 571029, 598721, 604071, 708426, 581740, 601224, 601877, 603178, 568327, 568110, 605416, 604726, 573692
L1-D.load-misses-D = 0, 0, 0, 0, 0, 0, 0, 0, 0, 0, 0, 0, 0, 0, 0, 0
L1-D.load-misses-E = 276, 35, 26, 20, 25, 146, 231, 22, 19, 23, 28, 23, 22, 79, 29, 21
L1-D.load-misses-I = 269788, 603410, 593562, 570724, 598406, 603643, 707976, 581433, 600926, 601559, 602868, 568030, 567809, 605094, 604423, 573378
L1-D.load-misses-M = 0, 0, 0, 0, 0, 0, 0, 0, 0, 0, 0, 0, 0, 0, 0, 0
L1-D.load-misses-O = 0, 0, 0, 0, 0, 0, 0, 0, 0, 0, 0, 0, 0, 0, 0, 0
L1-D.load-misses-S = 66, 271, 275, 285, 290, 282, 219, 285, 279, 295, 282, 274, 279, 243, 274, 293
L1-D.load-misses-u = 0, 0, 0, 0, 0, 0, 0, 0, 0, 0, 0, 0, 0, 0, 0, 0
L1-D.load-overlapping-misses = 0, 0, 0, 0, 0, 0, 0, 0, 0, 0, 0, 0, 0, 0, 0, 0
L1-D.loads = 32726303, 17637740, 17612119, 16958443, 17446411, 17601819, 23417275, 17043459, 17548402, 17597703, 17452031, 16892975, 16842871, 17465736, 17585451, 16968492
L1-D.loads-D = 0, 0, 0, 0, 0, 0, 0, 0, 0, 0, 0, 0, 0, 0, 0, 0
L1-D.loads-E = 28100256, 2533547, 2913720, 2611199, 2923858, 3837788, 7734646, 2651946, 2227813, 2377887, 2561802, 2453485, 2531836, 3857405, 2613283, 2429370
L1-D.loads-I = 269788, 603410, 593562, 570724, 598406, 603643, 707976, 581433, 600926, 601559, 602868, 568030, 567809, 605094, 604423, 573378
L1-D.loads-M = 4011574, 8053593, 7826801, 7644952, 7632768, 8371018, 9641552, 7723972, 8341236, 8126249, 8021497, 7812190, 7644604, 7914929, 7982463, 7755879
L1-D.loads-O = 0, 0, 0, 0, 0, 0, 0, 0, 0, 0, 0, 0, 0, 0, 0, 0
L1-D.loads-prefetch = 0, 0, 0, 0, 0, 0, 0, 0, 0, 0, 0, 0, 0, 0, 0, 0
L1-D.loads-S = 344685, 6447190, 6278036, 6131568, 6291379, 4789370, 5333101, 6086108, 6378427, 6492008, 6265864, 6059270, 6098622, 5088308, 6385282, 6209865
L1-D.loads-u = 0, 0, 0, 0, 0, 0, 0, 0, 0, 0, 0, 0, 0, 0, 0, 0
L1-D.loads-where-cache-remote = 446, 132524, 54178, 32646, 107054, 61854, 66580, 63906, 90180, 109728, 121155, 19720, 21951, 73333, 121725, 34934
L1-D.loads-where-dram = 0, 0, 0, 0, 0, 0, 0, 0, 0, 0, 0, 0, 0, 0, 0, 0
L1-D.loads-where-dram-cache = 0, 0, 0, 0, 0, 0, 0, 0, 0, 0, 0, 0, 0, 0, 0, 0
L1-D.loads-where-dram-local = 9743, 0, 0, 0, 1, 0, 0, 0, 2, 0, 0, 0, 1, 0, 0, 0
L1-D.loads-where-dram-remote = 29749, 6, 16, 3, 2, 7, 28063, 8, 6, 4, 4, 3, 2, 4, 3, 9
L1-D.loads-where-L1 = 32456173, 17034024, 17018256, 16387414, 16847690, 16997748, 22708849, 16461719, 16947178, 16995826, 16848853, 16324648, 16274761, 16860320, 16980725, 16394800
L1-D.loads-where-L1_S = 0, 0, 0, 0, 0, 0, 0, 0, 0, 0, 0, 0, 0, 0, 0, 0
L1-D.loads-where-L1I = 0, 0, 0, 0, 0, 0, 0, 0, 0, 0, 0, 0, 0, 0, 0, 0
L1-D.loads-where-L2 = 547, 537, 537, 539, 561, 726, 712, 531, 524, 558, 546, 526, 523, 556, 534, 527
L1-D.loads-where-L2_S = 0, 0, 0, 0, 0, 0, 0, 0, 0, 0, 0, 0, 0, 0, 0, 0
L1-D.loads-where-L3 = 0, 0, 0, 0, 0, 0, 0, 0, 0, 0, 0, 0, 0, 0, 0, 0
L1-D.loads-where-L3_S = 0, 0, 0, 0, 0, 0, 0, 0, 0, 0, 0, 0, 0, 0, 0, 0
L1-D.loads-where-L4 = 0, 0, 0, 0, 0, 0, 0, 0, 0, 0, 0, 0, 0, 0, 0, 0
L1-D.loads-where-L4_S = 0, 0, 0, 0, 0, 0, 0, 0, 0, 0, 0, 0, 0, 0, 0, 0
L1-D.loads-where-miss = 0, 0, 0, 0, 0, 0, 0, 0, 0, 0, 0, 0, 0, 0, 0, 0
L1-D.loads-where-nuca-cache = 229645, 470649, 539132, 537841, 491103, 541484, 613071, 517295, 510512, 491587, 481473, 548078, 545633, 531523, 482464, 538222
L1-D.loads-where-nuca-local = 0, 0, 0, 0, 0, 0, 0, 0, 0, 0, 0, 0, 0, 0, 0, 0
L1-D.loads-where-nuca-remote = 0, 0, 0, 0, 0, 0, 0, 0, 0, 0, 0, 0, 0, 0, 0, 0
L1-D.loads-where-predicate-false = 0, 0, 0, 0, 0, 0, 0, 0, 0, 0, 0, 0, 0, 0, 0, 0
L1-D.loads-where-prefetch-no-mapping = 0, 0, 0, 0, 0, 0, 0, 0, 0, 0, 0, 0, 0, 0, 0, 0
L1-D.loads-where-unknown = 0, 0, 0, 0, 0, 0, 0, 0, 0, 0, 0, 0, 0, 0, 0, 0
L1-D.mshr-latency = 0, 0, 0, 0, 0, 0, 0, 0, 0, 0, 0, 0, 0, 0, 0, 0
L1-D.next_read.no-free-slots = 0, 0, 0, 0, 0, 0, 0, 0, 0, 0, 0, 0, 0, 0, 0, 0
L1-D.next_read.num-barriers = 0, 0, 0, 0, 0, 0, 0, 0, 0, 0, 0, 0, 0, 0, 0, 0
L1-D.next_read.num-requests = 0, 0, 0, 0, 0, 0, 0, 0, 0, 0, 0, 0, 0, 0, 0, 0
L1-D.next_read.requests-out-of-order = 0, 0, 0, 0, 0, 0, 0, 0, 0, 0, 0, 0, 0, 0, 0, 0
L1-D.next_read.requests-simultaneous = 0, 0, 0, 0, 0, 0, 0, 0, 0, 0, 0, 0, 0, 0, 0, 0
L1-D.next_read.total-barrier-delay = 0, 0, 0, 0, 0, 0, 0, 0, 0, 0, 0, 0, 0, 0, 0, 0
L1-D.next_read.total-delay = 0, 0, 0, 0, 0, 0, 0, 0, 0, 0, 0, 0, 0, 0, 0, 0
L1-D.prefetches = 0, 0, 0, 0, 0, 0, 0, 0, 0, 0, 0, 0, 0, 0, 0, 0
L1-D.qbs-query-latency = 0, 0, 0, 0, 0, 0, 0, 0, 0, 0, 0, 0, 0, 0, 0, 0
L1-D.snoop-latency = 0, 0, 0, 0, 0, 0, 0, 0, 0, 0, 0, 0, 0, 0, 0, 0
L1-D.store-misses = 228517, 57679, 93683, 53833, 55935, 56999, 139534, 57083, 55264, 55504, 56388, 53562, 52384, 55347, 56577, 52951
L1-D.store-misses-D = 0, 0, 0, 0, 0, 0, 0, 0, 0, 0, 0, 0, 0, 0, 0, 0
L1-D.store-misses-E = 93480, 12816, 13125, 12683, 12543, 13117, 53140, 11537, 12424, 12713, 12772, 12209, 12117, 12652, 12757, 11039
L1-D.store-misses-I = 134701, 44344, 80088, 40303, 42205, 43162, 85958, 44461, 42322, 42252, 42635, 40255, 39760, 42248, 42595, 41463
L1-D.store-misses-M = 0, 0, 0, 0, 0, 0, 0, 0, 0, 0, 0, 0, 0, 0, 0, 0
L1-D.store-misses-O = 0, 0, 0, 0, 0, 0, 0, 0, 0, 0, 0, 0, 0, 0, 0, 0
L1-D.store-misses-S = 336, 519, 470, 847, 1187, 720, 436, 1085, 518, 539, 981, 1098, 507, 447, 1225, 449
L1-D.store-misses-u = 0, 0, 0, 0, 0, 0, 0, 0, 0, 0, 0, 0, 0, 0, 0, 0
L1-D.store-overlapping-misses = 0, 0, 0, 0, 0, 0, 0, 0, 0, 0, 0, 0, 0, 0, 0, 0
L1-D.stores = 8079599, 4448580, 4679280, 4252670, 4382336, 4431610, 6368914, 4290269, 4416583, 4427562, 4396869, 4217719, 4212849, 4403540, 4421106, 4245724
L1-D.stores-D = 0, 0, 0, 0, 0, 0, 0, 0, 0, 0, 0, 0, 0, 0, 0, 0
L1-D.stores-E = 93480, 12816, 13125, 12683, 12543, 13117, 53140, 11537, 12424, 12713, 12772, 12209, 12117, 12652, 12757, 11039
L1-D.stores-I = 134701, 44344, 80088, 40303, 42205, 43162, 85958, 44461, 42322, 42252, 42635, 40255, 39760, 42248, 42595, 41463
L1-D.stores-M = 7851082, 4390901, 4585597, 4198837, 4326401, 4374611, 6229380, 4233186, 4361319, 4372058, 4340481, 4164157, 4160465, 4348193, 4364529, 4192773
L1-D.stores-O = 0, 0, 0, 0, 0, 0, 0, 0, 0, 0, 0, 0, 0, 0, 0, 0
L1-D.stores-prefetch = 0, 0, 0, 0, 0, 0, 0, 0, 0, 0, 0, 0, 0, 0, 0, 0
L1-D.stores-S = 336, 519, 470, 847, 1187, 720, 436, 1085, 518, 539, 981, 1098, 507, 447, 1225, 449
L1-D.stores-u = 0, 0, 0, 0, 0, 0, 0, 0, 0, 0, 0, 0, 0, 0, 0, 0
L1-D.stores-where-cache-remote = 0, 0, 0, 0, 0, 0, 0, 0, 0, 0, 0, 0, 0, 0, 0, 0
L1-D.stores-where-dram = 0, 0, 0, 0, 0, 0, 0, 0, 0, 0, 0, 0, 0, 0, 0, 0
L1-D.stores-where-dram-cache = 0, 0, 0, 0, 0, 0, 0, 0, 0, 0, 0, 0, 0, 0, 0, 0
L1-D.stores-where-dram-local = 0, 0, 0, 0, 0, 0, 0, 0, 0, 0, 0, 0, 0, 0, 0, 0
L1-D.stores-where-dram-remote = 0, 0, 0, 0, 0, 0, 0, 0, 0, 0, 0, 0, 0, 0, 0, 0
L1-D.stores-where-L1 = 7851082, 4390901, 4585597, 4198837, 4326401, 4374611, 6229380, 4233186, 4361319, 4372058, 4340481, 4164157, 4160465, 4348193, 4364529, 4192773
L1-D.stores-where-L1_S = 0, 0, 0, 0, 0, 0, 0, 0, 0, 0, 0, 0, 0, 0, 0, 0
L1-D.stores-where-L1I = 0, 0, 0, 0, 0, 0, 0, 0, 0, 0, 0, 0, 0, 0, 0, 0
L1-D.stores-where-L2 = 228517, 57679, 93683, 53833, 55935, 56999, 139534, 57083, 55264, 55504, 56388, 53562, 52384, 55347, 56577, 52951
L1-D.stores-where-L2_S = 0, 0, 0, 0, 0, 0, 0, 0, 0, 0, 0, 0, 0, 0, 0, 0
L1-D.stores-where-L3 = 0, 0, 0, 0, 0, 0, 0, 0, 0, 0, 0, 0, 0, 0, 0, 0
L1-D.stores-where-L3_S = 0, 0, 0, 0, 0, 0, 0, 0, 0, 0, 0, 0, 0, 0, 0, 0
L1-D.stores-where-L4 = 0, 0, 0, 0, 0, 0, 0, 0, 0, 0, 0, 0, 0, 0, 0, 0
L1-D.stores-where-L4_S = 0, 0, 0, 0, 0, 0, 0, 0, 0, 0, 0, 0, 0, 0, 0, 0
L1-D.stores-where-miss = 0, 0, 0, 0, 0, 0, 0, 0, 0, 0, 0, 0, 0, 0, 0, 0
L1-D.stores-where-nuca-cache = 0, 0, 0, 0, 0, 0, 0, 0, 0, 0, 0, 0, 0, 0, 0, 0
L1-D.stores-where-nuca-local = 0, 0, 0, 0, 0, 0, 0, 0, 0, 0, 0, 0, 0, 0, 0, 0
L1-D.stores-where-nuca-remote = 0, 0, 0, 0, 0, 0, 0, 0, 0, 0, 0, 0, 0, 0, 0, 0
L1-D.stores-where-predicate-false = 0, 0, 0, 0, 0, 0, 0, 0, 0, 0, 0, 0, 0, 0, 0, 0
L1-D.stores-where-prefetch-no-mapping = 0, 0, 0, 0, 0, 0, 0, 0, 0, 0, 0, 0, 0, 0, 0, 0
L1-D.stores-where-unknown = 0, 0, 0, 0, 0, 0, 0, 0, 0, 0, 0, 0, 0, 0, 0, 0
L1-D.total-latency = 18009386577597, 17934106113397, 23620795678214, 17043172675466, 17719655323735, 17177783464382, 25278258216937, 17340125793912, 17851328338783, 17671466971964, 17857726692978, 16796228902109, 17193291222394, 17904725114170, 17963330371537, 17147055311189
L1-I.access-mru-0 = 9435809, 6529483, 6531013, 6301000, 6456038, 6511322, 9302831, 6325631, 6490052, 6510458, 6455746, 6268158, 6250841, 6463363, 6504221, 6292800
L1-I.access-mru-1 = 459724, 396785, 397091, 377559, 390041, 395123, 430065, 381703, 392670, 393639, 393751, 372746, 372262, 394383, 393016, 376290
L1-I.access-mru-2 = 20432, 30698, 29278, 29421, 27011, 30797, 31839, 28573, 30333, 30428, 30260, 28630, 28708, 29645, 30743, 28614
L1-I.access-mru-3 = 3806, 2448, 1600, 2323, 1247, 2561, 2920, 2372, 2452, 2063, 2462, 2312, 2313, 821, 2468, 2340
L1-I.backinval-D = 0, 0, 0, 0, 0, 0, 0, 0, 0, 0, 0, 0, 0, 0, 0, 0
L1-I.backinval-E = 46691, 24, 819, 51, 58, 36074, 47663, 34, 107, 20, 20, 64, 451, 37731, 28, 38
L1-I.backinval-I = 0, 0, 0, 0, 0, 0, 0, 0, 0, 0, 0, 0, 0, 0, 0, 0
L1-I.backinval-M = 0, 0, 0, 0, 0, 0, 0, 0, 0, 0, 0, 0, 0, 0, 0, 0
L1-I.backinval-O = 0, 0, 0, 0, 0, 0, 0, 0, 0, 0, 0, 0, 0, 0, 0, 0
L1-I.backinval-S = 1074, 312049, 308425, 292726, 311234, 274583, 274659, 302631, 311103, 311053, 309926, 291835, 291770, 274600, 309747, 295098
L1-I.backinval-u = 0, 0, 0, 0, 0, 0, 0, 0, 0, 0, 0, 0, 0, 0, 0, 0
L1-I.coherency-downgrades = 253, 5995, 1865, 231, 3263, 80812, 61383, 600, 2386, 2613, 10869, 2723, 306, 68454, 3624, 440
L1-I.coherency-invalidates = 0, 0, 0, 0, 0, 0, 0, 0, 0, 0, 0, 0, 0, 0, 0, 0
L1-I.coherency-upgrades = 0, 0, 0, 0, 0, 0, 0, 0, 0, 0, 0, 0, 0, 0, 0, 0
L1-I.coherency-writebacks = 0, 0, 0, 0, 0, 0, 0, 0, 0, 0, 0, 0, 0, 0, 0, 0
L1-I.evict-D = 0, 0, 0, 0, 0, 0, 0, 0, 0, 0, 0, 0, 0, 0, 0, 0
L1-I.evict-E = 0, 0, 0, 0, 0, 0, 0, 0, 0, 0, 0, 0, 0, 0, 0, 0
L1-I.evict-I = 0, 0, 0, 0, 0, 0, 0, 0, 0, 0, 0, 0, 0, 0, 0, 0
L1-I.evict-M = 0, 0, 0, 0, 0, 0, 0, 0, 0, 0, 0, 0, 0, 0, 0, 0
L1-I.evict-O = 0, 0, 0, 0, 0, 0, 0, 0, 0, 0, 0, 0, 0, 0, 0, 0
L1-I.evict-prefetch = 0, 0, 0, 0, 0, 0, 0, 0, 0, 0, 0, 0, 0, 0, 0, 0
L1-I.evict-S = 0, 0, 0, 0, 0, 0, 0, 0, 0, 0, 0, 0, 0, 0, 0, 0
L1-I.evict-u = 0, 0, 0, 0, 0, 0, 0, 0, 0, 0, 0, 0, 0, 0, 0, 0
L1-I.evict-warmup = 0, 0, 0, 0, 0, 0, 0, 0, 0, 0, 0, 0, 0, 0, 0, 0
L1-I.hits-prefetch = 0, 0, 0, 0, 0, 0, 0, 0, 0, 0, 0, 0, 0, 0, 0, 0
L1-I.hits-warmup = 0, 0, 0, 0, 0, 0, 0, 0, 0, 0, 0, 0, 0, 0, 0, 0
L1-I.invalidate-prefetch = 0, 0, 0, 0, 0, 0, 0, 0, 0, 0, 0, 0, 0, 0, 0, 0
L1-I.invalidate-warmup = 0, 0, 0, 0, 0, 0, 0, 0, 0, 0, 0, 0, 0, 0, 0, 0
L1-I.load-misses = 48006, 312181, 309351, 292877, 311396, 310762, 322426, 302771, 311313, 311174, 310048, 292003, 292324, 312441, 309879, 295240
L1-I.load-misses-D = 0, 0, 0, 0, 0, 0, 0, 0, 0, 0, 0, 0, 0, 0, 0, 0
L1-I.load-misses-E = 0, 0, 0, 0, 0, 0, 0, 0, 0, 0, 0, 0, 0, 0, 0, 0
L1-I.load-misses-I = 48006, 312181, 309351, 292877, 311396, 310762, 322426, 302771, 311313, 311174, 310048, 292003, 292324, 312441, 309879, 295240
L1-I.load-misses-M = 0, 0, 0, 0, 0, 0, 0, 0, 0, 0, 0, 0, 0, 0, 0, 0
L1-I.load-misses-O = 0, 0, 0, 0, 0, 0, 0, 0, 0, 0, 0, 0, 0, 0, 0, 0
L1-I.load-misses-S = 0, 0, 0, 0, 0, 0, 0, 0, 0, 0, 0, 0, 0, 0, 0, 0
L1-I.load-misses-u = 0, 0, 0, 0, 0, 0, 0, 0, 0, 0, 0, 0, 0, 0, 0, 0
L1-I.load-overlapping-misses = 0, 0, 0, 0, 0, 0, 0, 0, 0, 0, 0, 0, 0, 0, 0, 0
L1-I.loads = 9967777, 7271595, 7268333, 7003180, 7185733, 7250565, 10090081, 7041050, 7226820, 7247762, 7192267, 6963849, 6946448, 7200653, 7240327, 6995284
L1-I.loads-D = 0, 0, 0, 0, 0, 0, 0, 0, 0, 0, 0, 0, 0, 0, 0, 0
L1-I.loads-E = 9911569, 3321, 131926, 92, 1786, 854646, 3590102, 49, 500, 367, 5359, 3086, 1266, 833565, 963, 2133
L1-I.loads-I = 48006, 312181, 309351, 292877, 311396, 310762, 322426, 302771, 311313, 311174, 310048, 292003, 292324, 312441, 309879, 295240
L1-I.loads-M = 0, 0, 0, 0, 0, 0, 0, 0, 0, 0, 0, 0, 0, 0, 0, 0
L1-I.loads-O = 0, 0, 0, 0, 0, 0, 0, 0, 0, 0, 0, 0, 0, 0, 0, 0
L1-I.loads-prefetch = 0, 0, 0, 0, 0, 0, 0, 0, 0, 0, 0, 0, 0, 0, 0, 0
L1-I.loads-S = 8202, 6956093, 6827056, 6710211, 6872551, 6085157, 6177553, 6738230, 6915007, 6936221, 6876860, 6668760, 6652858, 6054647, 6929485, 6697911
L1-I.loads-u = 0, 0, 0, 0, 0, 0, 0, 0, 0, 0, 0, 0, 0, 0, 0, 0
L1-I.loads-where-cache-remote = 47, 27764, 3830, 811, 19192, 45823, 28943, 3219, 10151, 17490, 24649, 543, 536, 34999, 27212, 607
L1-I.loads-where-dram = 0, 0, 0, 0, 0, 0, 0, 0, 0, 0, 0, 0, 0, 0, 0, 0
L1-I.loads-where-dram-cache = 0, 0, 0, 0, 0, 0, 0, 0, 0, 0, 0, 0, 0, 0, 0, 0
L1-I.loads-where-dram-local = 866, 0, 0, 0, 6, 0, 0, 0, 21, 0, 0, 0, 11, 0, 0, 0
L1-I.loads-where-dram-remote = 2537, 76, 80, 22, 24, 146, 304, 10, 61, 79, 28, 45, 33, 52, 39, 51
L1-I.loads-where-L1 = 0, 0, 0, 0, 0, 0, 0, 0, 0, 0, 0, 0, 0, 0, 0, 0
L1-I.loads-where-L1_S = 0, 0, 0, 0, 0, 0, 0, 0, 0, 0, 0, 0, 0, 0, 0, 0
L1-I.loads-where-L1I = 9919771, 6959414, 6958982, 6710303, 6874337, 6939803, 9767655, 6738279, 6915507, 6936588, 6882219, 6671846, 6654124, 6888212, 6930448, 6700044
L1-I.loads-where-L2 = 1, 0, 0, 0, 0, 0, 0, 0, 0, 0, 0, 0, 0, 0, 0, 0
L1-I.loads-where-L2_S = 0, 0, 0, 0, 0, 0, 0, 0, 0, 0, 0, 0, 0, 0, 0, 0
L1-I.loads-where-L3 = 0, 0, 0, 0, 0, 0, 0, 0, 0, 0, 0, 0, 0, 0, 0, 0
L1-I.loads-where-L3_S = 0, 0, 0, 0, 0, 0, 0, 0, 0, 0, 0, 0, 0, 0, 0, 0
L1-I.loads-where-L4 = 0, 0, 0, 0, 0, 0, 0, 0, 0, 0, 0, 0, 0, 0, 0, 0
L1-I.loads-where-L4_S = 0, 0, 0, 0, 0, 0, 0, 0, 0, 0, 0, 0, 0, 0, 0, 0
L1-I.loads-where-miss = 0, 0, 0, 0, 0, 0, 0, 0, 0, 0, 0, 0, 0, 0, 0, 0
L1-I.loads-where-nuca-cache = 44555, 284341, 305441, 292044, 292174, 264793, 293179, 299542, 301080, 293605, 285371, 291415, 291744, 277390, 282628, 294582
L1-I.loads-where-nuca-local = 0, 0, 0, 0, 0, 0, 0, 0, 0, 0, 0, 0, 0, 0, 0, 0
L1-I.loads-where-nuca-remote = 0, 0, 0, 0, 0, 0, 0, 0, 0, 0, 0, 0, 0, 0, 0, 0
L1-I.loads-where-predicate-false = 0, 0, 0, 0, 0, 0, 0, 0, 0, 0, 0, 0, 0, 0, 0, 0
L1-I.loads-where-prefetch-no-mapping = 0, 0, 0, 0, 0, 0, 0, 0, 0, 0, 0, 0, 0, 0, 0, 0
L1-I.loads-where-unknown = 0, 0, 0, 0, 0, 0, 0, 0, 0, 0, 0, 0, 0, 0, 0, 0
L1-I.mshr-latency = 0, 0, 0, 0, 0, 0, 0, 0, 0, 0, 0, 0, 0, 0, 0, 0
L1-I.next_read.no-free-slots = 0, 0, 0, 0, 0, 0, 0, 0, 0, 0, 0, 0, 0, 0, 0, 0
L1-I.next_read.num-barriers = 0, 0, 0, 0, 0, 0, 0, 0, 0, 0, 0, 0, 0, 0, 0, 0
L1-I.next_read.num-requests = 0, 0, 0, 0, 0, 0, 0, 0, 0, 0, 0, 0, 0, 0, 0, 0
L1-I.next_read.requests-out-of-order = 0, 0, 0, 0, 0, 0, 0, 0, 0, 0, 0, 0, 0, 0, 0, 0
L1-I.next_read.requests-simultaneous = 0, 0, 0, 0, 0, 0, 0, 0, 0, 0, 0, 0, 0, 0, 0, 0
L1-I.next_read.total-barrier-delay = 0, 0, 0, 0, 0, 0, 0, 0, 0, 0, 0, 0, 0, 0, 0, 0
L1-I.next_read.total-delay = 0, 0, 0, 0, 0, 0, 0, 0, 0, 0, 0, 0, 0, 0, 0, 0
L1-I.prefetches = 0, 0, 0, 0, 0, 0, 0, 0, 0, 0, 0, 0, 0, 0, 0, 0
L1-I.qbs-query-latency = 0, 0, 0, 0, 0, 0, 0, 0, 0, 0, 0, 0, 0, 0, 0, 0
L1-I.snoop-latency = 0, 0, 0, 0, 0, 0, 0, 0, 0, 0, 0, 0, 0, 0, 0, 0
L1-I.store-misses = 0, 0, 0, 0, 0, 0, 0, 0, 0, 0, 0, 0, 0, 0, 0, 0
L1-I.store-misses-D = 0, 0, 0, 0, 0, 0, 0, 0, 0, 0, 0, 0, 0, 0, 0, 0
L1-I.store-misses-E = 0, 0, 0, 0, 0, 0, 0, 0, 0, 0, 0, 0, 0, 0, 0, 0
L1-I.store-misses-I = 0, 0, 0, 0, 0, 0, 0, 0, 0, 0, 0, 0, 0, 0, 0, 0
L1-I.store-misses-M = 0, 0, 0, 0, 0, 0, 0, 0, 0, 0, 0, 0, 0, 0, 0, 0
L1-I.store-misses-O = 0, 0, 0, 0, 0, 0, 0, 0, 0, 0, 0, 0, 0, 0, 0, 0
L1-I.store-misses-S = 0, 0, 0, 0, 0, 0, 0, 0, 0, 0, 0, 0, 0, 0, 0, 0
L1-I.store-misses-u = 0, 0, 0, 0, 0, 0, 0, 0, 0, 0, 0, 0, 0, 0, 0, 0
L1-I.store-overlapping-misses = 0, 0, 0, 0, 0, 0, 0, 0, 0, 0, 0, 0, 0, 0, 0, 0
L1-I.stores = 0, 0, 0, 0, 0, 0, 0, 0, 0, 0, 0, 0, 0, 0, 0, 0
L1-I.stores-D = 0, 0, 0, 0, 0, 0, 0, 0, 0, 0, 0, 0, 0, 0, 0, 0
L1-I.stores-E = 0, 0, 0, 0, 0, 0, 0, 0, 0, 0, 0, 0, 0, 0, 0, 0
L1-I.stores-I = 0, 0, 0, 0, 0, 0, 0, 0, 0, 0, 0, 0, 0, 0, 0, 0
L1-I.stores-M = 0, 0, 0, 0, 0, 0, 0, 0, 0, 0, 0, 0, 0, 0, 0, 0
L1-I.stores-O = 0, 0, 0, 0, 0, 0, 0, 0, 0, 0, 0, 0, 0, 0, 0, 0
L1-I.stores-prefetch = 0, 0, 0, 0, 0, 0, 0, 0, 0, 0, 0, 0, 0, 0, 0, 0
L1-I.stores-S = 0, 0, 0, 0, 0, 0, 0, 0, 0, 0, 0, 0, 0, 0, 0, 0
L1-I.stores-u = 0, 0, 0, 0, 0, 0, 0, 0, 0, 0, 0, 0, 0, 0, 0, 0
L1-I.stores-where-cache-remote = 0, 0, 0, 0, 0, 0, 0, 0, 0, 0, 0, 0, 0, 0, 0, 0
L1-I.stores-where-dram = 0, 0, 0, 0, 0, 0, 0, 0, 0, 0, 0, 0, 0, 0, 0, 0
L1-I.stores-where-dram-cache = 0, 0, 0, 0, 0, 0, 0, 0, 0, 0, 0, 0, 0, 0, 0, 0
L1-I.stores-where-dram-local = 0, 0, 0, 0, 0, 0, 0, 0, 0, 0, 0, 0, 0, 0, 0, 0
L1-I.stores-where-dram-remote = 0, 0, 0, 0, 0, 0, 0, 0, 0, 0, 0, 0, 0, 0, 0, 0
L1-I.stores-where-L1 = 0, 0, 0, 0, 0, 0, 0, 0, 0, 0, 0, 0, 0, 0, 0, 0
L1-I.stores-where-L1_S = 0, 0, 0, 0, 0, 0, 0, 0, 0, 0, 0, 0, 0, 0, 0, 0
L1-I.stores-where-L1I = 0, 0, 0, 0, 0, 0, 0, 0, 0, 0, 0, 0, 0, 0, 0, 0
L1-I.stores-where-L2 = 0, 0, 0, 0, 0, 0, 0, 0, 0, 0, 0, 0, 0, 0, 0, 0
L1-I.stores-where-L2_S = 0, 0, 0, 0, 0, 0, 0, 0, 0, 0, 0, 0, 0, 0, 0, 0
L1-I.stores-where-L3 = 0, 0, 0, 0, 0, 0, 0, 0, 0, 0, 0, 0, 0, 0, 0, 0
L1-I.stores-where-L3_S = 0, 0, 0, 0, 0, 0, 0, 0, 0, 0, 0, 0, 0, 0, 0, 0
L1-I.stores-where-L4 = 0, 0, 0, 0, 0, 0, 0, 0, 0, 0, 0, 0, 0, 0, 0, 0
L1-I.stores-where-L4_S = 0, 0, 0, 0, 0, 0, 0, 0, 0, 0, 0, 0, 0, 0, 0, 0
L1-I.stores-where-miss = 0, 0, 0, 0, 0, 0, 0, 0, 0, 0, 0, 0, 0, 0, 0, 0
L1-I.stores-where-nuca-cache = 0, 0, 0, 0, 0, 0, 0, 0, 0, 0, 0, 0, 0, 0, 0, 0
L1-I.stores-where-nuca-local = 0, 0, 0, 0, 0, 0, 0, 0, 0, 0, 0, 0, 0, 0, 0, 0
L1-I.stores-where-nuca-remote = 0, 0, 0, 0, 0, 0, 0, 0, 0, 0, 0, 0, 0, 0, 0, 0
L1-I.stores-where-predicate-false = 0, 0, 0, 0, 0, 0, 0, 0, 0, 0, 0, 0, 0, 0, 0, 0
L1-I.stores-where-prefetch-no-mapping = 0, 0, 0, 0, 0, 0, 0, 0, 0, 0, 0, 0, 0, 0, 0, 0
L1-I.stores-where-unknown = 0, 0, 0, 0, 0, 0, 0, 0, 0, 0, 0, 0, 0, 0, 0, 0
L1-I.total-latency = 1673479873516, 10334314864900, 10075454630785, 9842017409664, 10113942721210, 10038661745036, 10421200631771, 9971441602087, 10173812377152, 10195205389765, 10364443463039, 9820015431274, 10022530370054, 10788139139019, 10764017367676, 10178732957793
l1misslat = 28211009.313
L2.access-mru-0 = 1, 0, 0, 0, 0, 0, 0, 0, 0, 0, 0, 0, 0, 0, 0, 0
L2.access-mru-1 = 0, 0, 0, 0, 0, 0, 0, 0, 0, 0, 0, 0, 0, 0, 0, 0
L2.access-mru-2 = 1, 0, 0, 0, 0, 0, 0, 0, 0, 0, 0, 0, 0, 0, 0, 0
L2.access-mru-3 = 0, 0, 0, 0, 0, 0, 0, 0, 0, 0, 0, 0, 0, 0, 0, 0
L2.backinval-D = 0, 0, 0, 0, 0, 0, 0, 0, 0, 0, 0, 0, 0, 0, 0, 0
L2.backinval-E = 0, 0, 0, 0, 0, 0, 0, 0, 0, 0, 0, 0, 0, 0, 0, 0
L2.backinval-I = 0, 0, 0, 0, 0, 0, 0, 0, 0, 0, 0, 0, 0, 0, 0, 0
L2.backinval-M = 0, 0, 0, 0, 0, 0, 0, 0, 0, 0, 0, 0, 0, 0, 0, 0
L2.backinval-O = 0, 0, 0, 0, 0, 0, 0, 0, 0, 0, 0, 0, 0, 0, 0, 0
L2.backinval-S = 0, 0, 0, 0, 0, 0, 0, 0, 0, 0, 0, 0, 0, 0, 0, 0
L2.backinval-u = 0, 0, 0, 0, 0, 0, 0, 0, 0, 0, 0, 0, 0, 0, 0, 0
L2.coherency-downgrades = 2694, 108415, 25421, 12627, 78047, 270519, 216803, 31604, 53162, 67255, 110131, 17688, 9289, 240743, 97900, 15432
L2.coherency-invalidates = 1008, 2113, 1238, 1323, 1470, 1125, 1801, 1192, 1453, 2104, 1310, 1176, 1760, 1853, 1301, 1831
L2.coherency-upgrades = 394, 617, 625, 952, 1293, 850, 474, 1188, 635, 638, 1064, 1195, 597, 494, 1310, 544
L2.coherency-writebacks = 340, 1309, 1214, 1243, 1234, 1130, 1180, 1568, 1299, 1229, 1750, 1159, 997, 1154, 1270, 1371
L2.evict-D = 0, 0, 0, 0, 0, 0, 0, 0, 0, 0, 0, 0, 0, 0, 0, 0
L2.evict-E = 220049, 32793, 35926, 39215, 35118, 206854, 267665, 33846, 32806, 31702, 32908, 36919, 46286, 193119, 33931, 33381
L2.evict-I = 0, 0, 0, 0, 0, 0, 0, 0, 0, 0, 0, 0, 0, 0, 0, 0
L2.evict-M = 226921, 55679, 92188, 51713, 53405, 55214, 138050, 54313, 53243, 53594, 53602, 51344, 50756, 53623, 53806, 51197
L2.evict-O = 0, 0, 0, 0, 0, 0, 0, 0, 0, 0, 0, 0, 0, 0, 0, 0
L2.evict-prefetch = 0, 0, 0, 0, 0, 0, 0, 0, 0, 0, 0, 0, 0, 0, 0, 0
L2.evict-S = 3671, 867720, 852070, 810100, 860471, 692911, 707356, 837436, 865432, 866061, 865691, 809375, 799792, 709740, 866287, 822008
L2.evict-u = 0, 0, 0, 0, 0, 0, 0, 0, 0, 0, 0, 0, 0, 0, 0, 0
L2.evict-warmup = 0, 0, 0, 0, 0, 0, 0, 0, 0, 0, 0, 0, 0, 0, 0, 0
L2.hits-prefetch = 0, 0, 0, 0, 0, 0, 0, 0, 0, 0, 0, 0, 0, 0, 0, 0
L2.hits-warmup = 0, 0, 0, 0, 0, 0, 0, 0, 0, 0, 0, 0, 0, 0, 0, 0
L2.invalidate-prefetch = 0, 0, 0, 0, 0, 0, 0, 0, 0, 0, 0, 0, 0, 0, 0, 0
L2.invalidate-warmup = 0, 0, 0, 0, 0, 0, 0, 0, 0, 0, 0, 0, 0, 0, 0, 0
L2.load-misses = 318134, 915897, 903214, 863906, 910117, 914833, 1030852, 884511, 912537, 913051, 913226, 860330, 860434, 917857, 914605, 868932
L2.load-misses-D = 0, 0, 0, 0, 0, 0, 0, 0, 0, 0, 0, 0, 0, 0, 0, 0
L2.load-misses-E = 276, 35, 26, 20, 25, 146, 231, 22, 19, 23, 28, 23, 22, 79, 29, 21
L2.load-misses-I = 317792, 915591, 902913, 863602, 909802, 914405, 1030404, 884205, 912240, 912733, 912916, 860033, 860134, 917536, 914302, 868618
L2.load-misses-M = 0, 0, 0, 0, 0, 0, 0, 0, 0, 0, 0, 0, 0, 0, 0, 0
L2.load-misses-O = 0, 0, 0, 0, 0, 0, 0, 0, 0, 0, 0, 0, 0, 0, 0, 0
L2.load-misses-S = 66, 271, 275, 284, 290, 282, 217, 284, 278, 295, 282, 274, 278, 242, 274, 293
L2.load-misses-u = 0, 0, 0, 0, 0, 0, 0, 0, 0, 0, 0, 0, 0, 0, 0, 0
L2.load-overlapping-misses = 231, 545, 502, 560, 615, 607, 668, 548, 521, 618, 650, 534, 540, 590, 604, 521
L2.loads = 318136, 915897, 903214, 863906, 910117, 914833, 1030852, 884511, 912537, 913051, 913226, 860330, 860434, 917857, 914605, 868932
L2.loads-D = 0, 0, 0, 0, 0, 0, 0, 0, 0, 0, 0, 0, 0, 0, 0, 0
L2.loads-E = 278, 35, 26, 20, 25, 146, 231, 22, 19, 23, 28, 23, 22, 79, 29, 21
L2.loads-I = 317792, 915591, 902913, 863602, 909802, 914405, 1030404, 884205, 912240, 912733, 912916, 860033, 860134, 917536, 914302, 868618
L2.loads-M = 0, 0, 0, 0, 0, 0, 0, 0, 0, 0, 0, 0, 0, 0, 0, 0
L2.loads-O = 0, 0, 0, 0, 0, 0, 0, 0, 0, 0, 0, 0, 0, 0, 0, 0
L2.loads-prefetch = 0, 0, 0, 0, 0, 0, 0, 0, 0, 0, 0, 0, 0, 0, 0, 0
L2.loads-S = 66, 271, 275, 284, 290, 282, 217, 284, 278, 295, 282, 274, 278, 242, 274, 293
L2.loads-u = 0, 0, 0, 0, 0, 0, 0, 0, 0, 0, 0, 0, 0, 0, 0, 0
L2.mshr-latency = 0, 0, 0, 0, 0, 0, 0, 0, 0, 0, 0, 0, 0, 0, 0, 0
L2.next_read.no-free-slots = 0, 0, 0, 0, 0, 0, 0, 0, 0, 0, 0, 0, 0, 0, 0, 0
L2.next_read.num-barriers = 0, 0, 0, 0, 0, 0, 0, 0, 0, 0, 0, 0, 0, 0, 0, 0
L2.next_read.num-requests = 0, 0, 0, 0, 0, 0, 0, 0, 0, 0, 0, 0, 0, 0, 0, 0
L2.next_read.requests-out-of-order = 0, 0, 0, 0, 0, 0, 0, 0, 0, 0, 0, 0, 0, 0, 0, 0
L2.next_read.requests-simultaneous = 0, 0, 0, 0, 0, 0, 0, 0, 0, 0, 0, 0, 0, 0, 0, 0
L2.next_read.total-barrier-delay = 0, 0, 0, 0, 0, 0, 0, 0, 0, 0, 0, 0, 0, 0, 0, 0
L2.next_read.total-delay = 0, 0, 0, 0, 0, 0, 0, 0, 0, 0, 0, 0, 0, 0, 0, 0
L2.prefetches = 0, 0, 0, 0, 0, 0, 0, 0, 0, 0, 0, 0, 0, 0, 0, 0
L2.qbs-query-latency = 0, 0, 0, 0, 0, 0, 0, 0, 0, 0, 0, 0, 0, 0, 0, 0
L2.snoop-latency = 0, 0, 0, 0, 0, 0, 0, 0, 0, 0, 0, 0, 0, 0, 0, 0
L2.store-misses = 228517, 57679, 93683, 53833, 55935, 56999, 139534, 57083, 55264, 55504, 56388, 53562, 52384, 55347, 56577, 52951
L2.store-misses-D = 0, 0, 0, 0, 0, 0, 0, 0, 0, 0, 0, 0, 0, 0, 0, 0
L2.store-misses-E = 93480, 12816, 13125, 12683, 12543, 13117, 53140, 11537, 12424, 12713, 12772, 12209, 12117, 12652, 12757, 11039
L2.store-misses-I = 134701, 44345, 80090, 40303, 42205, 43165, 85958, 44461, 42322, 42252, 42636, 40256, 39760, 42248, 42595, 41464
L2.store-misses-M = 0, 0, 0, 0, 0, 0, 0, 0, 0, 0, 0, 0, 0, 0, 0, 0
L2.store-misses-O = 0, 0, 0, 0, 0, 0, 0, 0, 0, 0, 0, 0, 0, 0, 0, 0
L2.store-misses-S = 336, 518, 468, 847, 1187, 717, 436, 1085, 518, 539, 980, 1097, 507, 447, 1225, 448
L2.store-misses-u = 0, 0, 0, 0, 0, 0, 0, 0, 0, 0, 0, 0, 0, 0, 0, 0
L2.store-overlapping-misses = 25848, 4325, 4224, 4585, 4606, 4814, 13390, 4392, 4302, 4287, 4702, 4551, 4151, 4189, 4950, 4135
L2.stores = 228517, 57679, 93683, 53833, 55935, 56999, 139534, 57083, 55264, 55504, 56388, 53562, 52384, 55347, 56577, 52951
L2.stores-D = 0, 0, 0, 0, 0, 0, 0, 0, 0, 0, 0, 0, 0, 0, 0, 0
L2.stores-E = 93480, 12816, 13125, 12683, 12543, 13117, 53140, 11537, 12424, 12713, 12772, 12209, 12117, 12652, 12757, 11039
L2.stores-I = 134701, 44345, 80090, 40303, 42205, 43165, 85958, 44461, 42322, 42252, 42636, 40256, 39760, 42248, 42595, 41464
L2.stores-M = 0, 0, 0, 0, 0, 0, 0, 0, 0, 0, 0, 0, 0, 0, 0, 0
L2.stores-O = 0, 0, 0, 0, 0, 0, 0, 0, 0, 0, 0, 0, 0, 0, 0, 0
L2.stores-prefetch = 0, 0, 0, 0, 0, 0, 0, 0, 0, 0, 0, 0, 0, 0, 0, 0
L2.stores-S = 336, 518, 468, 847, 1187, 717, 436, 1085, 518, 539, 980, 1097, 507, 447, 1225, 448
L2.stores-u = 0, 0, 0, 0, 0, 0, 0, 0, 0, 0, 0, 0, 0, 0, 0, 0
L2.total-latency = 0, 0, 0, 0, 0, 0, 0, 0, 0, 0, 0, 0, 0, 0, 0, 0
L2.uncore-requests = 452882, 960634, 983669, 904968, 953401, 958477, 1116936, 929958, 955287, 955734, 956739, 901585, 900600, 960381, 958311, 910740
L2.uncore-time-dram = 0, 0, 0, 0, 0, 0, 0, 0, 0, 0, 0, 0, 0, 0, 0, 0
L2.uncore-time-dram-bus = 461056109372, 5757195508, 208135682992, 5344160984, 5276726776, 7367187224, 379738883800, 3489720264, 5731907680, 5689761300, 5243009672, 5403165916, 5234580396, 5445312296, 5335731708, 5479029400
L2.uncore-time-dram-cache = 0, 0, 0, 0, 0, 0, 0, 0, 0, 0, 0, 0, 0, 0, 0, 0
L2.uncore-time-dram-cache-bus = 0, 0, 0, 0, 0, 0, 0, 0, 0, 0, 0, 0, 0, 0, 0, 0
L2.uncore-time-dram-cache-data = 0, 0, 0, 0, 0, 0, 0, 0, 0, 0, 0, 0, 0, 0, 0, 0
L2.uncore-time-dram-cache-queue = 0, 0, 0, 0, 0, 0, 0, 0, 0, 0, 0, 0, 0, 0, 0, 0
L2.uncore-time-dram-cache-tags = 0, 0, 0, 0, 0, 0, 0, 0, 0, 0, 0, 0, 0, 0, 0, 0
L2.uncore-time-dram-device = 2461365000000, 30735000000, 1111140000000, 28530000000, 28170000000, 39330000000, 2027250000000, 18630000000, 30600000000, 30375000000, 27990000000, 28845000000, 27945000000, 29070000000, 28485000000, 29250000000
L2.uncore-time-dram-queue = 164766904947, 1269314861, 454044167454, 3850210920, 2752805246, 2351497932, 119166883484, 959357785, 2782118779, 1878118130, 2654226618, 3605748469, 3571459743, 2998416262, 2323422499, 2794253447
L2.uncore-time-inv-imbalance = 4893583817, 16018150466, 14660419020, 15702451155, 22300399769, 10775126175, 6016252816, 15700503818, 9668965033, 7459590714, 5176712422, 4652982129, 4142690196, 4604691596, 14038092667, 1103232936
L2.uncore-time-noc-base = 5958652825017, 10821550703442, 10888503254158, 9958979181266, 9814805797437, 8784518443360, 10452408681385, 9146773476782, 9847394336959, 9270526942946, 9418359408288, 8668480339945, 10260399831204, 10633109932055, 10961846683942, 10316818651463
L2.uncore-time-noc-queue = 4407534857463, 4208899830818, 7000817578394, 3619330177368, 4643878499055, 4842372035232, 7161986109152, 4732194313030, 4590693531230, 5197485680511, 5527869023370, 4603404782208, 3637010996001, 4455225511275, 4486853665123, 3638160365129
L2.uncore-time-nuca-bus = 1954134744, 24141002155, 25561305525, 24657402426, 26988962022, 25178138962, 27218006538, 28982858582, 30365165116, 31289436404, 31450802706, 29752797160, 30003508875, 27613118814, 26177008973, 23782219279
L2.uncore-time-nuca-data = 1190860906027, 2391189192881, 2702785427687, 2611337548152, 2472117753757, 2547147994944, 2927975248971, 2584390850602, 2558441522041, 2476289271820, 2421875763553, 2640415154969, 2632397406255, 2552335608962, 2417469239737, 2624414347090
L2.uncore-time-nuca-ecc = 0, 0, 0, 0, 0, 0, 0, 0, 0, 0, 0, 0, 0, 0, 0, 0
L2.uncore-time-nuca-queue = 396341452080, 794467644368, 899221784720, 868957275360, 821660158384, 847058923408, 973796498672, 859742290304, 850618394064, 822894361792, 804645568336, 878704779648, 876027168848, 848661485984, 803344299536, 873338547312
L2.uncore-time-nuca-tags = 338835324456, 597273838128, 694011213486, 653189501232, 617656498830, 636921116946, 765334360566, 646102299204, 639448930782, 618620406426, 604873069074, 660516552342, 658490241132, 637953445440, 603903898332, 656492501286
L2.uncore-time-remote-cache-inv = 0, 0, 0, 0, 0, 0, 0, 0, 0, 0, 0, 0, 0, 0, 0, 0
L2.uncore-time-remote-cache-wb = 0, 0, 0, 0, 0, 0, 0, 0, 0, 0, 0, 0, 0, 0, 0, 0
L2.uncore-time-td-access = 1714812507266, 4219683379372, 3921889161934, 3534005274981, 4064330078858, 4013184368856, 4563490469780, 3754452012751, 3975373524730, 4078711681976, 4154037201531, 3474984607154, 3478262891272, 4022632400250, 4170105671869, 3564216871424
L2.uncore-time-unknown = 2375838000000, 4785863588268, 5395638000000, 5211220400612, 4944274836390, 5089108836390, 5848947261048, 5160162000000, 5113876084512, 4954230000000, 4847080084512, 5268342000000, 5252328000000, 5100634836390, 4836514279372, 5236872000000
L2.uncore-totaltime = 19476911605189, 27896848840267, 33316407995370, 26535103584456, 27464218064561, 26845313669429, 35253328656212, 26951579683122, 27654994480926, 27495449591189, 27851254870082, 26267107909940, 26865813773922, 28320284759324, 28356396993758, 26972722018766
ncores = 16
network.shmem-1.mesh.bytes-in = 72644310, 111565936, 114308040, 109571680, 116093716, 117894362, 129542864, 110036124, 114894434, 113576430, 114572668, 107456648, 108278718, 114327880, 114022468, 107586416
network.shmem-1.mesh.bytes-out = 101220596, 107077962, 108611270, 103691638, 114878270, 127055460, 133885096, 104433896, 113240110, 110065014, 114987300, 101693662, 104592354, 119264070, 111194438, 100481558
network.shmem-1.mesh.contention-delay = 5079933789307, 6887708151976, 8330469302331, 7079853990961, 6862531733978, 7172321246454, 9084725351112, 7365067190638, 7509827242973, 7448463419440, 7663281993625, 7355482936814, 7083268014679, 7322846027772, 7351989628040, 7092008213187
network.shmem-1.mesh.link-down.num-requests = 0, 0, 0, 0, 1834249, 2226967, 2278083, 2215211, 2747140, 3059335, 3182094, 2892643, 2130166, 2269573, 2355092, 2162196
network.shmem-1.mesh.link-down.num-requests-analytical = 0, 0, 0, 0, 0, 0, 0, 0, 0, 0, 0, 0, 0, 0, 0, 0
network.shmem-1.mesh.link-down.total-queue-delay = 0, 0, 0, 0, 1142642112263, 1463912082753, 1949979332245, 1367585029426, 1298163347693, 1913292885118, 2348992184662, 1572059917425, 379737969309, 842444894203, 961020409421, 529156911757
network.shmem-1.mesh.link-down.total-time-used = 0, 0, 0, 0, 2589525157502, 4025264891570, 4118027203194, 3934112903890, 4354667990432, 5301476394386, 5692830102180, 5089243355234, 3480815769620, 3939014458070, 4134420898024, 3829942315584
network.shmem-1.mesh.link-in.num-requests = 1833414, 2803183, 2822061, 2668573, 2875794, 3013495, 3271593, 2715522, 2863028, 2822350, 2874062, 2649081, 2689064, 2937058, 2841751, 2651753
network.shmem-1.mesh.link-in.num-requests-analytical = 72, 0, 0, 0, 0, 0, 485, 0, 0, 0, 0, 0, 0, 0, 0, 0
network.shmem-1.mesh.link-in.total-queue-delay = 3104986484342, 1507847827009, 3673748594364, 1288991500385, 1622477817791, 2289355036564, 2779726221575, 1318158455008, 1609889567914, 1541690852384, 1810298513609, 1281335903396, 1308144000278, 2006253467179, 1561760036034, 1251969097019
network.shmem-1.mesh.link-in.total-time-used = 4544815560780, 4735043463554, 4781380189902, 4571229156062, 5065534622892, 5583315572594, 5854620110910, 4607406331788, 4995537703984, 4854446193044, 5057929929556, 4499001023406, 4633028761144, 5255038924100, 4901558607698, 4444526286766
network.shmem-1.mesh.link-left.num-requests = 0, 2128646, 2917278, 2162446, 0, 2321280, 3190438, 2202455, 0, 2148176, 2945158, 2143877, 0, 2167903, 2920154, 2148965
network.shmem-1.mesh.link-left.num-requests-analytical = 0, 0, 0, 0, 0, 0, 117, 0, 0, 0, 0, 0, 0, 0, 0, 0
network.shmem-1.mesh.link-left.total-queue-delay = 0, 469573226444, 964110142080, 177691917065, 0, 597095541402, 1190157095211, 175829495396, 0, 520296816643, 1135527251352, 156377780176, 0, 486020032518, 960319687785, 159795153667
network.shmem-1.mesh.link-left.total-time-used = 0, 3475763196868, 4886651216484, 3686946944372, 0, 4000417016040, 5491881376412, 3716601122170, 0, 3575177281936, 5015420772164, 3623930242126, 0, 3619575810482, 4884127713412, 3587725717294
network.shmem-1.mesh.link-out.num-requests = 2274765, 2698308, 2757060, 2697408, 2882511, 3006404, 3121525, 2698936, 2866986, 2808210, 2877026, 2651772, 2702666, 2857401, 2803968, 2626836
network.shmem-1.mesh.link-out.num-requests-analytical = 0, 0, 0, 0, 0, 0, 0, 0, 0, 0, 0, 0, 0, 0, 0, 0
network.shmem-1.mesh.link-out.total-queue-delay = 1496044840266, 1782898789618, 2544670528975, 1591622321267, 2847400108304, 2942832440521, 4291595026064, 2724723478106, 2699669051310, 2807098496404, 2839652706355, 2565092788123, 1530672803453, 1768950801185, 1731455008866, 1486292795575
network.shmem-1.mesh.link-out.total-time-used = 3203244150510, 4945636029096, 5048894050344, 4847630975928, 5122671043266, 5152792995472, 5650127604230, 4870619621864, 5073289941420, 5019414444852, 5038454091652, 4769825325432, 4806299706292, 5022841699854, 5034343494744, 4778327263224
network.shmem-1.mesh.link-right.num-requests = 1457331, 2457515, 1909728, 0, 2340295, 3152218, 2354762, 0, 2323471, 3065124, 2184723, 0, 2179280, 3038306, 2198553, 0
network.shmem-1.mesh.link-right.num-requests-analytical = 72, 0, 0, 0, 0, 0, 0, 0, 0, 0, 0, 0, 0, 0, 0, 0
network.shmem-1.mesh.link-right.total-queue-delay = 223866703752, 831058846131, 581554630975, 0, 258796059285, 1633882946109, 922293197930, 0, 258131299953, 1412088743990, 764418725162, 0, 163626521278, 1282886371249, 666562603808, 0
network.shmem-1.mesh.link-right.total-time-used = 3572954928282, 4955399627266, 3651759551880, 0, 4192798833458, 5763008746388, 4306271608180, 0, 4119509741474, 5434456534584, 3853466407458, 0, 3819081609424, 5445786961564, 3947946846870, 0
network.shmem-1.mesh.link-up.num-requests = 2064213, 2120290, 2136039, 1933658, 2951372, 3016984, 2999591, 2779983, 2155145, 2296691, 2248745, 2087691, 0, 0, 0, 0
network.shmem-1.mesh.link-up.num-requests-analytical = 0, 0, 0, 0, 0, 0, 0, 0, 0, 0, 0, 0, 0, 0, 0, 0
network.shmem-1.mesh.link-up.total-queue-delay = 410352888183, 769446897807, 898977424258, 554730530544, 1926744594858, 2338316547797, 2448467973124, 1976898160732, 1405506001009, 1553767410358, 1592925435056, 1445391144682, 0, 0, 0, 0
network.shmem-1.mesh.link-up.total-time-used = 3833904836358, 3843115646660, 3954449146026, 3622523691532, 5349529431496, 5471104174040, 5415201435658, 5104111338810, 3853592513710, 4068970683034, 4065767666494, 3803522162466, 0, 0, 0, 0
network.shmem-1.mesh.packets-in = 2374685, 2873640, 2945756, 2875472, 3076262, 3227115, 3365880, 2877250, 3060519, 2996913, 3080978, 2818780, 2871465, 3058940, 2994446, 2792456
network.shmem-1.mesh.packets-out = 1933334, 2978515, 3010757, 2846637, 3069545, 3234206, 3515948, 2893836, 3056561, 3011053, 3078014, 2816089, 2857863, 3138597, 3032229, 2817373
network.shmem-1.mesh.total-delay = 13687231140163, 17256366511480, 18892601268669, 18441733402549, 17768091211646, 17075586212602, 19676396674646, 17567295815670, 18335934258185, 16878034814608, 17173483873841, 17347243077188, 18391006411145, 17999867430354, 17868856822478, 18083612411817
nuca-cache-queue.num-requests = 867845, 825398, 885774, 923545, 955910, 939421, 946019, 887489, 938052, 914359, 925013, 878797, 887617, 847175, 900586, 862454
nuca-cache-queue.num-requests-analytical = 0, 0, 0, 0, 0, 0, 0, 0, 0, 0, 0, 0, 0, 0, 0, 0
nuca-cache-queue.total-queue-delay = 19339906994, 22891011577, 26149309397, 28387786566, 32968070735, 30233509982, 30327814624, 24226243807, 30530545638, 26933231211, 30392164791, 24288946323, 25263855200, 21041360920, 26428810524, 24319320880
nuca-cache-queue.total-time-used = 868692016720, 826203588448, 886638515424, 924446379920, 956842968160, 940337874896, 946942314544, 888355189264, 938967538752, 915251414384, 925915812688, 879654705872, 888483314192, 848001842800, 901464971936, 863295755104
nuca-cache.access-mru-0 = 756075, 731031, 794263, 813928, 841707, 821521, 830856, 785537, 827107, 794098, 799558, 757338, 769774, 737211, 783463, 739201
nuca-cache.access-mru-1 = 63108, 64750, 63070, 65840, 68847, 72854, 69777, 65618, 67385, 67538, 70812, 65484, 67505, 62889, 70153, 76369
nuca-cache.access-mru-10 = 4729, 1503, 1393, 2357, 2383, 2105, 2590, 1801, 2986, 3285, 3522, 3733, 3658, 3626, 4088, 4702
nuca-cache.access-mru-11 = 6290, 2019, 1821, 3064, 2930, 3019, 3519, 2326, 4143, 4526, 4655, 4813, 5266, 5054, 6075, 5821
nuca-cache.access-mru-12 = 7938, 2749, 2751, 3417, 3185, 4521, 4874, 3314, 5459, 6463, 6232, 5698, 6819, 6764, 7733, 7136
nuca-cache.access-mru-13 = 5825, 4175, 4816, 6203, 6073, 7737, 6855, 5036, 7894, 9728, 8451, 7145, 7415, 7743, 3762, 4411
nuca-cache.access-mru-14 = 192, 4885, 4890, 8914, 9676, 8815, 7493, 4332, 4103, 4746, 7835, 7790, 3827, 3877, 3317, 4721
nuca-cache.access-mru-15 = 30, 69, 60, 117, 121, 170, 137, 72, 84, 70, 121, 139, 55, 48, 49, 56
nuca-cache.access-mru-2 = 10381, 9390, 7701, 10708, 9800, 9975, 10449, 12486, 8930, 12006, 10538, 12476, 11147, 9652, 8998, 8065
nuca-cache.access-mru-3 = 1222, 550, 648, 1151, 1581, 1115, 1068, 959, 1027, 1952, 1324, 1419, 1862, 953, 1502, 1003
nuca-cache.access-mru-4 = 1054, 454, 473, 1075, 1351, 994, 862, 671, 910, 965, 1193, 1373, 1048, 888, 1287, 833
nuca-cache.access-mru-5 = 1287, 451, 513, 1030, 1320, 959, 980, 739, 1027, 1115, 1450, 1517, 1158, 909, 1423, 1049
nuca-cache.access-mru-6 = 1522, 531, 599, 1126, 1405, 1078, 1233, 866, 1211, 1320, 1704, 1792, 1389, 1218, 1566, 1381
nuca-cache.access-mru-7 = 1966, 684, 712, 1285, 1691, 1245, 1459, 1029, 1474, 1723, 2040, 2151, 1679, 1550, 1805, 1755
nuca-cache.access-mru-8 = 2717, 938, 912, 1506, 1745, 1461, 1725, 1207, 1942, 2181, 2475, 2613, 2179, 2095, 2403, 2596
nuca-cache.access-mru-9 = 3509, 1219, 1152, 1824, 2095, 1852, 2142, 1496, 2370, 2643, 3103, 3316, 2836, 2698, 2962, 3355
nuca-cache.read-misses = 8323, 8283, 8294, 8277, 8275, 8302, 8316, 8319, 8296, 8301, 8283, 8294, 8359, 8303, 8329, 8284
nuca-cache.reads = 808549, 771583, 831602, 846346, 870698, 864136, 878939, 827078, 871894, 852919, 869420, 818009, 827951, 793799, 834376, 802363
nuca-cache.write-misses = 8325, 8283, 8295, 8277, 8275, 8307, 8317, 8319, 8296, 8301, 8283, 8304, 8359, 8303, 8329, 8284
nuca-cache.writes = 75944, 70381, 70761, 93753, 101762, 91894, 83713, 77049, 82750, 78042, 72159, 77386, 76384, 69982, 82868, 76659
performance_model.cpiDTLBMiss = 0, 0, 0, 0, 0, 0, 0, 0, 0, 0, 0, 0, 0, 0, 0, 0
performance_model.cpiFastforwardTime = 0, 0, 0, 0, 0, 0, 0, 0, 0, 0, 0, 0, 0, 0, 0, 0
performance_model.cpiITLBMiss = 0, 0, 0, 0, 0, 0, 0, 0, 0, 0, 0, 0, 0, 0, 0, 0
performance_model.cpiRecv = 0, 0, 0, 0, 0, 0, 0, 0, 0, 0, 0, 0, 0, 0, 0, 0
performance_model.cpiStartTime = 0, 807012120049, 808886551903, 809518881301, 810174894856, 810736923661, 811294065259, 811613237470, 812063236453, 812399701858, 812697069607, 812948196859, 813364737271, 813669623800, 814021878643, 814335035830
performance_model.cpiSyncDvfsTransition = 0, 0, 0, 0, 0, 0, 0, 0, 0, 0, 0, 0, 0, 0, 0, 0
performance_model.cpiSyncFutex = 33464793074767, 26216905088036, 26486305982948, 27474526679635, 26590127550562, 26692380707448, 21629442117667, 27142270287679, 26327303332516, 26277643670311, 26367035197609, 27601112107837, 27587073417760, 26532072418609, 26305315036345, 27430665124627
performance_model.cpiSyncJoin = 0, 0, 0, 0, 0, 0, 0, 0, 0, 0, 0, 0, 0, 0, 0, 0
performance_model.cpiSyncMemAccess = 0, 0, 0, 0, 0, 0, 0, 0, 0, 0, 0, 0, 0, 0, 0, 0
performance_model.cpiSyncPause = 0, 0, 0, 0, 0, 0, 0, 0, 0, 0, 0, 0, 0, 0, 0, 0
performance_model.cpiSyncPthreadBarrier = 0, 0, 0, 0, 0, 0, 0, 0, 0, 0, 0, 0, 0, 0, 0, 0
performance_model.cpiSyncPthreadCond = 0, 0, 0, 0, 0, 0, 0, 0, 0, 0, 0, 0, 0, 0, 0, 0
performance_model.cpiSyncPthreadMutex = 0, 0, 0, 0, 0, 0, 0, 0, 0, 0, 0, 0, 0, 0, 0, 0
performance_model.cpiSyncSleep = 0, 0, 0, 0, 0, 0, 0, 0, 0, 0, 0, 0, 0, 0, 0, 0
performance_model.cpiSyncSyscall = 15233978567, 0, 0, 0, 0, 0, 30782828153, 0, 0, 0, 0, 0, 0, 0, 0, 0
performance_model.cpiSyncUnscheduled = 0, 0, 0, 0, 0, 1429693757, 409278986788, 0, 0, 0, 0, 0, 0, 0, 0, 0
performance_model.cpiUnknown = 130596697332, 0, 0, 0, 0, 0, 0, 0, 0, 0, 0, 0, 0, 0, 0, 0
performance_model.cycle_count = 146766910.537, 146073078.105, 146073212.105, 146072975.099, 146073405.098, 146075063.1, 146074922.095, 146073071.099, 146072505.1, 146072044.101, 146073351.098, 146074395.096, 146074023.097, 146071729.102, 146074401.096, 146072905.099
performance_model.dyninsn_cost = 0, 0, 0, 0, 0, 0, 0, 0, 0, 0, 0, 0, 0, 0, 0, 0
performance_model.dyninsn_count = 0, 0, 0, 0, 0, 0, 0, 0, 0, 0, 0, 0, 0, 0, 0, 0
performance_model.dyninsn_zero_count = 0, 0, 0, 0, 0, 0, 0, 0, 0, 0, 0, 0, 0, 0, 0, 0
performance_model.elapsed_time = 55175530277025, 54914691016899, 54914741392725, 54914652292922, 54914813946692, 54915437255814, 54915384246155, 54914688383066, 54914475601592, 54914302293713, 54914793645986, 54915186126302, 54915046276994, 54914183872928, 54915188381936, 54914625977192
performance_model.elapsed_time_begin = 0, 0, 0, 0, 0, 0, 0, 0, 0, 0, 0, 0, 0, 0, 0, 0
performance_model.elapsed_time_end = 55175530277025, 54914691016899, 54914741392725, 54914652292922, 54914813946692, 54915437255814, 54915384246155, 54914688383066, 54914475601592, 54914302293713, 54914793645986, 54915186126302, 54915046276994, 54914183872928, 54915188381936, 54914625977192
performance_model.idle_elapsed_time = 33480027053334, 27023917208085, 27295192534851, 28284045560936, 27400302445418, 27504547324866, 22880797997867, 27953883525149, 27139366568969, 27090043372169, 27179732267216, 28414060304696, 28400438155031, 27345742042409, 27119336914988, 28245000160457
performance_model.instruction_count = 96415261, 78854668, 78413141, 75722279, 77983499, 78691666, 106291957, 76275259, 78440352, 78680323, 78169846, 75437028, 75185566, 78233775, 78627802, 75759506
pthread.pthread_barrier_wait_count = 0, 0, 0, 0, 0, 0, 0, 0, 0, 0, 0, 0, 0, 0, 0, 0
pthread.pthread_barrier_wait_delay_mem = 0, 0, 0, 0, 0, 0, 0, 0, 0, 0, 0, 0, 0, 0, 0, 0
pthread.pthread_barrier_wait_delay_sync = 0, 0, 0, 0, 0, 0, 0, 0, 0, 0, 0, 0, 0, 0, 0, 0
pthread.pthread_cond_broadcast_count = 0, 0, 0, 0, 0, 0, 0, 0, 0, 0, 0, 0, 0, 0, 0, 0
pthread.pthread_cond_broadcast_delay_mem = 0, 0, 0, 0, 0, 0, 0, 0, 0, 0, 0, 0, 0, 0, 0, 0
pthread.pthread_cond_broadcast_delay_sync = 0, 0, 0, 0, 0, 0, 0, 0, 0, 0, 0, 0, 0, 0, 0, 0
pthread.pthread_cond_signal_count = 0, 0, 0, 0, 0, 0, 0, 0, 0, 0, 0, 0, 0, 0, 0, 0
pthread.pthread_cond_signal_delay_mem = 0, 0, 0, 0, 0, 0, 0, 0, 0, 0, 0, 0, 0, 0, 0, 0
pthread.pthread_cond_signal_delay_sync = 0, 0, 0, 0, 0, 0, 0, 0, 0, 0, 0, 0, 0, 0, 0, 0
pthread.pthread_cond_wait_count = 0, 0, 0, 0, 0, 0, 0, 0, 0, 0, 0, 0, 0, 0, 0, 0
pthread.pthread_cond_wait_delay_mem = 0, 0, 0, 0, 0, 0, 0, 0, 0, 0, 0, 0, 0, 0, 0, 0
pthread.pthread_cond_wait_delay_sync = 0, 0, 0, 0, 0, 0, 0, 0, 0, 0, 0, 0, 0, 0, 0, 0
pthread.pthread_mutex_lock_contended = 0, 0, 0, 0, 0, 0, 0, 0, 0, 0, 0, 0, 0, 0, 0, 0
pthread.pthread_mutex_lock_count = 0, 0, 0, 0, 0, 0, 0, 0, 0, 0, 0, 0, 0, 0, 0, 0
pthread.pthread_mutex_lock_delay_mem = 0, 0, 0, 0, 0, 0, 0, 0, 0, 0, 0, 0, 0, 0, 0, 0
pthread.pthread_mutex_lock_delay_sync = 0, 0, 0, 0, 0, 0, 0, 0, 0, 0, 0, 0, 0, 0, 0, 0
pthread.pthread_mutex_trylock_count = 0, 0, 0, 0, 0, 0, 0, 0, 0, 0, 0, 0, 0, 0, 0, 0
pthread.pthread_mutex_trylock_delay_mem = 0, 0, 0, 0, 0, 0, 0, 0, 0, 0, 0, 0, 0, 0, 0, 0
pthread.pthread_mutex_trylock_delay_sync = 0, 0, 0, 0, 0, 0, 0, 0, 0, 0, 0, 0, 0, 0, 0, 0
pthread.pthread_mutex_unlock_contended = 0, 0, 0, 0, 0, 0, 0, 0, 0, 0, 0, 0, 0, 0, 0, 0
pthread.pthread_mutex_unlock_count = 0, 0, 0, 0, 0, 0, 0, 0, 0, 0, 0, 0, 0, 0, 0, 0
pthread.pthread_mutex_unlock_delay_mem = 0, 0, 0, 0, 0, 0, 0, 0, 0, 0, 0, 0, 0, 0, 0, 0
pthread.pthread_mutex_unlock_delay_sync = 0, 0, 0, 0, 0, 0, 0, 0, 0, 0, 0, 0, 0, 0, 0, 0
pthread_locks_contended = 0.0
roi.instrs = 1287530781
roi.ipscore = 47077.6097474
roi.ipstotal = 753241.755959
roi.walltime = 1709.319446
stlb.access = 17582, 73710, 72105, 71436, 72469, 74808, 75510, 71668, 74261, 73288, 73323, 69713, 69248, 75033, 73588, 70132
stlb.miss = 3221, 3903, 3419, 3131, 4142, 3391, 4107, 3487, 2988, 3468, 3130, 3148, 3584, 3172, 3722, 2975
stlb_cache.access-mru-0 = 2826, 219, 312, 278, 227, 496, 607, 279, 275, 234, 240, 278, 253, 299, 258, 247
stlb_cache.access-mru-1 = 5100, 16796, 16680, 16870, 16217, 18463, 17475, 17070, 17649, 16013, 16011, 16184, 16428, 18034, 17362, 16458
stlb_cache.access-mru-2 = 1306, 8287, 8607, 8650, 8505, 9996, 8820, 8148, 8829, 8646, 8962, 8993, 8892, 9154, 8640, 9333
stlb_cache.access-mru-3 = 5129, 44505, 43087, 42507, 43378, 42462, 44501, 42684, 44520, 44927, 44980, 41110, 40091, 44374, 43606, 41119
syscall.stderr-bytes = 0, 0, 0, 0, 0, 0, 0, 0, 0, 0, 0, 0, 0, 0, 0, 0
syscall.stdout-bytes = 289, 0, 0, 0, 0, 0, 0, 0, 0, 0, 0, 0, 0, 0, 0, 0
thread.bottle_contrib_time = 21604095654343, 1920437696676, 2068086580021, 1798225961647, 1802268810333, 1766170656065, 1876981981283, 1827118774245, 1835103987040, 1841030497688, 1823276057867, 1691767494146, 1699791438093, 1810183578591, 1825949838738, 1712446208248, 1751046446639, 4475531804828
thread.bottle_runtime_time = 21719584424255, 27951601640052, 27698449992697, 26689469518771, 27589825045700, 27348193215762, 27624593361056, 27030892841203, 27850494007719, 27892989758260, 27798344872936, 26561246149206, 26578935206973, 27636042977320, 27860247715694, 26734166047858, 27231920158969, 4477364695423
thread.elapsed_time = 55175500000000, 54107587879951, 54105813448097, 54105081118699, 54104625105144, 54104663076339, 54104005934741, 54102986762530, 54102336763547, 54101900298142, 54102002930393, 54102151803141, 54101635262729, 54100430376200, 54101078121357, 54100264964170, 54100494288316, 4508072065153
thread.instruction_count = 96415230, 78854663, 78413136, 75722270, 77983495, 37423872, 78912134, 76275250, 78440343, 78680323, 78169837, 75437019, 75185562, 78233765, 78627793, 75759502, 41267786, 27379704
thread.instructions_by_core[0] = 96415230, 0, 0, 0, 0, 0, 0, 0, 0, 0, 0, 0, 0, 0, 0, 0
thread.instructions_by_core[10] = 0, 0, 0, 0, 0, 0, 0, 0, 0, 0, 78169837, 0, 0, 0, 0, 0
thread.instructions_by_core[11] = 0, 0, 0, 0, 0, 0, 0, 0, 0, 0, 0, 75437019, 0, 0, 0, 0
thread.instructions_by_core[12] = 0, 0, 0, 0, 0, 0, 0, 0, 0, 0, 0, 0, 75185562, 0, 0, 0
thread.instructions_by_core[13] = 0, 0, 0, 0, 0, 0, 0, 0, 0, 0, 0, 0, 0, 78233765, 0, 0
thread.instructions_by_core[14] = 0, 0, 0, 0, 0, 0, 0, 0, 0, 0, 0, 0, 0, 0, 78627793, 0
thread.instructions_by_core[15] = 0, 0, 0, 0, 0, 0, 0, 0, 0, 0, 0, 0, 0, 0, 0, 75759502
thread.instructions_by_core[1] = 0, 78854663, 0, 0, 0, 0, 0, 0, 0, 0, 0, 0, 0, 0, 0, 0
thread.instructions_by_core[2] = 0, 0, 78413136, 0, 0, 0, 0, 0, 0, 0, 0, 0, 0, 0, 0, 0
thread.instructions_by_core[3] = 0, 0, 0, 75722270, 0, 0, 0, 0, 0, 0, 0, 0, 0, 0, 0, 0
thread.instructions_by_core[4] = 0, 0, 0, 0, 77983495, 0, 0, 0, 0, 0, 0, 0, 0, 0, 0, 0
thread.instructions_by_core[5] = 0, 0, 0, 0, 0, 37423872, 0, 0, 0, 0, 0, 0, 0, 0, 0, 0, 41267786
thread.instructions_by_core[6] = 0, 0, 0, 0, 0, 0, 78912134, 0, 0, 0, 0, 0, 0, 0, 0, 0, 0, 27379704
thread.instructions_by_core[7] = 0, 0, 0, 0, 0, 0, 0, 76275250, 0, 0, 0, 0, 0, 0, 0, 0
thread.instructions_by_core[8] = 0, 0, 0, 0, 0, 0, 0, 0, 78440343, 0, 0, 0, 0, 0, 0, 0
thread.instructions_by_core[9] = 0, 0, 0, 0, 0, 0, 0, 0, 0, 78680323, 0, 0, 0, 0, 0, 0
thread.nonidle_cycle_count = 57709958, 74189224, 73467918, 70837339, 73188599, 36878108, 73304868, 71715598, 73881691, 74012528, 73775174, 70492899, 70528856, 73331832, 73936922, 70941203, 36034699, 11906949
thread.nonidle_elapsed_time = 21695473148571, 27890685839088, 27619518406815, 26630578912500, 27514511125335, 13863950622288, 27558221176926, 26960751474579, 27775071814662, 27824258921544, 27735027920199, 26501090107401, 26514607746024, 27568357996122, 27795835677510, 26669625440796, 13546879534359, 4476296650464
thread.time_by_core[0] = 21695473148571, 0, 0, 0, 0, 0, 0, 0, 0, 0, 0, 0, 0, 0, 0, 0
thread.time_by_core[10] = 0, 0, 0, 0, 0, 0, 0, 0, 0, 0, 27735027920199, 0, 0, 0, 0, 0
thread.time_by_core[11] = 0, 0, 0, 0, 0, 0, 0, 0, 0, 0, 0, 26501090107401, 0, 0, 0, 0
thread.time_by_core[12] = 0, 0, 0, 0, 0, 0, 0, 0, 0, 0, 0, 0, 26514607746024, 0, 0, 0
thread.time_by_core[13] = 0, 0, 0, 0, 0, 0, 0, 0, 0, 0, 0, 0, 0, 27568357996122, 0, 0
thread.time_by_core[14] = 0, 0, 0, 0, 0, 0, 0, 0, 0, 0, 0, 0, 0, 0, 27795835677510, 0
thread.time_by_core[15] = 0, 0, 0, 0, 0, 0, 0, 0, 0, 0, 0, 0, 0, 0, 0, 26669625440796
thread.time_by_core[1] = 0, 27890685839088, 0, 0, 0, 0, 0, 0, 0, 0, 0, 0, 0, 0, 0, 0
thread.time_by_core[2] = 0, 0, 27619518406815, 0, 0, 0, 0, 0, 0, 0, 0, 0, 0, 0, 0, 0
thread.time_by_core[3] = 0, 0, 0, 26630578912500, 0, 0, 0, 0, 0, 0, 0, 0, 0, 0, 0, 0
thread.time_by_core[4] = 0, 0, 0, 0, 27514511125335, 0, 0, 0, 0, 0, 0, 0, 0, 0, 0, 0
thread.time_by_core[5] = 0, 0, 0, 0, 0, 13863950622288, 0, 0, 0, 0, 0, 0, 0, 0, 0, 0, 13546879534359
thread.time_by_core[6] = 0, 0, 0, 0, 0, 0, 27558221176926, 0, 0, 0, 0, 0, 0, 0, 0, 0, 0, 4476296650464
thread.time_by_core[7] = 0, 0, 0, 0, 0, 0, 0, 26960751474579, 0, 0, 0, 0, 0, 0, 0, 0
thread.time_by_core[8] = 0, 0, 0, 0, 0, 0, 0, 0, 27775071814662, 0, 0, 0, 0, 0, 0, 0
thread.time_by_core[9] = 0, 0, 0, 0, 0, 0, 0, 0, 0, 27824258921544, 0, 0, 0, 0, 0, 0
thread.unscheduled_time = 33466027053334, 26175905088036, 26428305982948, 27434526679635, 26537127550562, 40194867649783, 26498868628031, 27093270287679, 26275303332516, 26229643670311, 26328035197609, 27561112107837, 27543073417760, 26490072418609, 26259315036345, 27383665124627, 40513107003601, 30782828153
time.walltime = 1709319446, 0, 0, 0, 0, 0, 0, 0, 0, 0, 0, 0, 0, 0, 0, 0
vmem = 2841784320
walltime = 1710.23979783
