barrier.global_time = 430471500000000, 0, 0, 0, 0, 0, 0, 0, 0, 0, 0, 0, 0, 0, 0, 0
barrier.global_time_begin = 0, 0, 0, 0, 0, 0, 0, 0, 0, 0, 0, 0, 0, 0, 0, 0
barrier.global_time_end = 430471500000000, 0, 0, 0, 0, 0, 0, 0, 0, 0, 0, 0, 0, 0, 0, 0
branch_predictor.num-correct = 11012506, 8849993, 8321758, 8084345, 20889485, 5357349, 2708393, 20465003, 22925799, 15366188, 15719072, 22598042, 2817421, 13221617, 2695037, 70756
branch_predictor.num-incorrect = 18137, 779215, 705835, 702818, 2584568, 26253, 14825, 2715562, 2436663, 1350841, 1363073, 2221637, 16843, 1181280, 14089, 5967
core.instructions = 132635708, 96534859, 104194701, 102784091, 207391488, 75277791, 41806332, 200373378, 214393045, 150450383, 149473820, 212717366, 45596042, 129053332, 35943928, 16617601
core.spin_elapsed_time = 0, 0, 0, 0, 0, 0, 0, 0, 0, 0, 0, 0, 0, 0, 0, 0
core.spin_instructions = 0, 0, 0, 0, 0, 0, 0, 0, 0, 0, 0, 0, 0, 0, 0, 0
core.spin_loops = 0, 0, 0, 0, 0, 0, 0, 0, 0, 0, 0, 0, 0, 0, 0, 0
corefreq = 2660000000.0, 2660000000.0, 2660000000.0, 2660000000.0, 2660000000.0, 2660000000.0, 2660000000.0, 2660000000.0, 2660000000.0, 2660000000.0, 2660000000.0, 2660000000.0, 2660000000.0, 2660000000.0, 2660000000.0, 2660000000.0
directory.entries-allocated = 65536, 65536, 65536, 65536, 65536, 65536, 65536, 65536, 65536, 65536, 65536, 65536, 65536, 65536, 65536, 65536
directory.evict-E = 3, 12, 190, 0, 2, 1, 0, 0, 0, 0, 1, 0, 0, 0, 1, 0
directory.evict-M = 21, 13, 24, 5, 10, 10, 10, 10, 9, 8, 10, 5, 5, 5, 8, 1
directory.evict-O = 0, 0, 0, 0, 0, 0, 0, 0, 0, 0, 0, 0, 0, 0, 0, 0
directory.evict-S = 0, 1, 1, 0, 0, 0, 0, 0, 0, 0, 0, 0, 0, 0, 0, 0
directory.forward = 0, 0, 0, 0, 0, 0, 0, 0, 0, 0, 0, 0, 0, 0, 0, 0
directory.forward-failed = 0, 0, 0, 0, 0, 0, 0, 0, 0, 0, 0, 0, 0, 0, 0, 0
dram-queue.num-requests = 10461881, 0, 0, 0, 10461317, 0, 0, 0, 10462136, 0, 0, 0, 10459953, 0, 0, 0
dram-queue.num-requests-analytical = 0, 0, 0, 0, 0, 0, 0, 0, 0, 0, 0, 0, 0, 0, 0, 0
dram-queue.total-queue-delay = -4513639702259932283, 0, 0, 0, 7798990214727020178, 0, 0, 0, -4553808563450271300, 0, 0, 0, -4532099097454665835, 0, 0, 0
dram-queue.total-time-used = 88186082428156, 0, 0, 0, 88181328316492, 0, 0, 0, 88188231893536, 0, 0, 0, 88169830784028, 0, 0, 0
dram.reads = 5319332, 0, 0, 0, 5319179, 0, 0, 0, 5319780, 0, 0, 0, 5318348, 0, 0, 0
dram.total-access-latency = -4513080731532504127, 0, 0, 0, 7799549155320336670, 0, 0, 0, -4553249579098377764, 0, 0, 0, -4531540229738881807, 0, 0, 0
dram.total-queueing-delay = -4513639702259932283, 0, 0, 0, 7798990214727020178, 0, 0, 0, -4553808563450271300, 0, 0, 0, -4532099097454665835, 0, 0, 0
dram.writes = 5142549, 0, 0, 0, 5142138, 0, 0, 0, 5142356, 0, 0, 0, 5141605, 0, 0, 0
dtlb.access = 88031581, 44879001, 46402743, 45454917, 92036936, 30018997, 16279934, 87299748, 101385403, 72661596, 73277618, 101219287, 17539616, 62366991, 14526757, 5004306
dtlb.miss = 335954, 7395, 8498, 8600, 21262, 3728, 2444, 12465, 15241, 12658, 11385, 16641, 2669, 9386, 1444, 1831
dtlb_cache.access-mru-0 = 87487513, 42128436, 43733059, 42673995, 85035621, 29282757, 15887373, 80763129, 93770678, 67652933, 68481015, 93870567, 17106079, 58138140, 14140484, 4953713
dtlb_cache.access-mru-1 = 180569, 2535440, 2446458, 2551494, 6326811, 722249, 385229, 6000950, 7037187, 4616289, 4414610, 6717699, 423370, 3900863, 380415, 43928
dtlb_cache.access-mru-2 = 22069, 185983, 191062, 197467, 582478, 8177, 3850, 475699, 508416, 340238, 335338, 552060, 6193, 286206, 3384, 3652
dtlb_cache.access-mru-3 = 5476, 21747, 23666, 23361, 70764, 2086, 1038, 47505, 53881, 39478, 35270, 62320, 1305, 32396, 1030, 1182
fastforward_performance_model.fastforwarded_time = 0, 0, 0, 0, 0, 0, 0, 0, 0, 0, 0, 0, 0, 0, 0, 0
fastforward_timer.cpiBase = 0, 0, 0, 0, 0, 0, 0, 0, 0, 0, 0, 0, 0, 0, 0, 0
fastforward_timer.cpiBranchPredictor = 0, 0, 0, 0, 0, 0, 0, 0, 0, 0, 0, 0, 0, 0, 0, 0
fastforward_timer.cpiDataCachecache-remote = 0, 0, 0, 0, 0, 0, 0, 0, 0, 0, 0, 0, 0, 0, 0, 0
fastforward_timer.cpiDataCachedram = 0, 0, 0, 0, 0, 0, 0, 0, 0, 0, 0, 0, 0, 0, 0, 0
fastforward_timer.cpiDataCachedram-cache = 0, 0, 0, 0, 0, 0, 0, 0, 0, 0, 0, 0, 0, 0, 0, 0
fastforward_timer.cpiDataCachedram-local = 0, 0, 0, 0, 0, 0, 0, 0, 0, 0, 0, 0, 0, 0, 0, 0
fastforward_timer.cpiDataCachedram-remote = 0, 0, 0, 0, 0, 0, 0, 0, 0, 0, 0, 0, 0, 0, 0, 0
fastforward_timer.cpiDataCacheL1 = 0, 0, 0, 0, 0, 0, 0, 0, 0, 0, 0, 0, 0, 0, 0, 0
fastforward_timer.cpiDataCacheL1_S = 0, 0, 0, 0, 0, 0, 0, 0, 0, 0, 0, 0, 0, 0, 0, 0
fastforward_timer.cpiDataCacheL1I = 0, 0, 0, 0, 0, 0, 0, 0, 0, 0, 0, 0, 0, 0, 0, 0
fastforward_timer.cpiDataCacheL2 = 0, 0, 0, 0, 0, 0, 0, 0, 0, 0, 0, 0, 0, 0, 0, 0
fastforward_timer.cpiDataCacheL2_S = 0, 0, 0, 0, 0, 0, 0, 0, 0, 0, 0, 0, 0, 0, 0, 0
fastforward_timer.cpiDataCacheL3 = 0, 0, 0, 0, 0, 0, 0, 0, 0, 0, 0, 0, 0, 0, 0, 0
fastforward_timer.cpiDataCacheL3_S = 0, 0, 0, 0, 0, 0, 0, 0, 0, 0, 0, 0, 0, 0, 0, 0
fastforward_timer.cpiDataCacheL4 = 0, 0, 0, 0, 0, 0, 0, 0, 0, 0, 0, 0, 0, 0, 0, 0
fastforward_timer.cpiDataCacheL4_S = 0, 0, 0, 0, 0, 0, 0, 0, 0, 0, 0, 0, 0, 0, 0, 0
fastforward_timer.cpiDataCachemiss = 0, 0, 0, 0, 0, 0, 0, 0, 0, 0, 0, 0, 0, 0, 0, 0
fastforward_timer.cpiDataCachenuca-cache = 0, 0, 0, 0, 0, 0, 0, 0, 0, 0, 0, 0, 0, 0, 0, 0
fastforward_timer.cpiDataCachenuca-local = 0, 0, 0, 0, 0, 0, 0, 0, 0, 0, 0, 0, 0, 0, 0, 0
fastforward_timer.cpiDataCachenuca-remote = 0, 0, 0, 0, 0, 0, 0, 0, 0, 0, 0, 0, 0, 0, 0, 0
fastforward_timer.cpiDataCachepredicate-false = 0, 0, 0, 0, 0, 0, 0, 0, 0, 0, 0, 0, 0, 0, 0, 0
fastforward_timer.cpiDataCacheprefetch-no-mapping = 0, 0, 0, 0, 0, 0, 0, 0, 0, 0, 0, 0, 0, 0, 0, 0
fastforward_timer.cpiDataCacheunknown = 0, 0, 0, 0, 0, 0, 0, 0, 0, 0, 0, 0, 0, 0, 0, 0
fs_to_cycles = 2.66e-06
fs_to_cycles_cores = 2.66e-06, 2.66e-06, 2.66e-06, 2.66e-06, 2.66e-06, 2.66e-06, 2.66e-06, 2.66e-06, 2.66e-06, 2.66e-06, 2.66e-06, 2.66e-06, 2.66e-06, 2.66e-06, 2.66e-06, 2.66e-06
futex.futex_cmp_requeue_count = 0, 0, 0, 0, 0, 0, 0, 0, 0, 0, 0, 0, 0, 0, 0, 0, 0, 0, 0, 1, 1, 0, 1, 1, 1, 0, 0, 1, 1, 0, 1
futex.futex_cmp_requeue_delay = 0, 0, 0, 0, 0, 0, 0, 0, 0, 0, 0, 0, 0, 0, 0, 0
futex.futex_cmp_requeue_pi_count = 0, 0, 0, 0, 0, 0, 0, 0, 0, 0, 0, 0, 0, 0, 0, 0
futex.futex_cmp_requeue_pi_delay = 0, 0, 0, 0, 0, 0, 0, 0, 0, 0, 0, 0, 0, 0, 0, 0
futex.futex_fd_count = 0, 0, 0, 0, 0, 0, 0, 0, 0, 0, 0, 0, 0, 0, 0, 0
futex.futex_fd_delay = 0, 0, 0, 0, 0, 0, 0, 0, 0, 0, 0, 0, 0, 0, 0, 0
futex.futex_lock_pi_count = 0, 0, 0, 0, 0, 0, 0, 0, 0, 0, 0, 0, 0, 0, 0, 0
futex.futex_lock_pi_delay = 0, 0, 0, 0, 0, 0, 0, 0, 0, 0, 0, 0, 0, 0, 0, 0
futex.futex_requeue_count = 0, 0, 0, 0, 0, 0, 0, 0, 0, 0, 0, 0, 0, 0, 0, 0
futex.futex_requeue_delay = 0, 0, 0, 0, 0, 0, 0, 0, 0, 0, 0, 0, 0, 0, 0, 0
futex.futex_trylock_pi_count = 0, 0, 0, 0, 0, 0, 0, 0, 0, 0, 0, 0, 0, 0, 0, 0
futex.futex_trylock_pi_delay = 0, 0, 0, 0, 0, 0, 0, 0, 0, 0, 0, 0, 0, 0, 0, 0
futex.futex_unlock_pi_count = 0, 0, 0, 0, 0, 0, 0, 0, 0, 0, 0, 0, 0, 0, 0, 0
futex.futex_unlock_pi_delay = 0, 0, 0, 0, 0, 0, 0, 0, 0, 0, 0, 0, 0, 0, 0, 0
futex.futex_wait_bitset_count = 1, 0, 0, 0, 0, 0, 0, 0, 0, 0, 0, 0, 0, 0, 0, 0
futex.futex_wait_bitset_delay = 0, 0, 0, 0, 0, 0, 0, 0, 0, 0, 0, 0, 0, 0, 0, 0
futex.futex_wait_count = 7, 20, 20, 22, 12, 8, 17, 15, 14, 4, 10, 8, 9, 16, 9, 18, 12, 0, 0, 1, 3, 0, 0, 1, 1, 1, 1, 0, 1, 2, 0, 1, 1, 2, 2, 1, 2, 2, 3, 2, 2, 3, 2, 2, 1, 3, 2, 2, 2
futex.futex_wait_delay = 81527178167736, 19068384496641, 16813857985393, 19205996879816, 19541725395830, 11000719218627, 10985390494639, 10397979369731, 13501732616475, 5733054000234, 10835149097278, 12320020826711, 9002157622497, 8886710124979, 9975202007098, 7801837309266, 9624243777448, 0, 0, 0, 1489848517, 0, 0, 1000359026419, 5148489125, 0, 200999921679, 0, 0, 1142834220, 0, 0, 2630447443, 491863183141, 702254065560, 2039028859471, 2492942915580, 2725073743934, 2054562841929, 1489352691802, 2241179159010, 418706626758, 803145936027, 2355589057599, 2699847807533, 490657168569, 723664914907, 1053326578145, 2487164727048
futex.futex_wait_requeue_pi_count = 0, 0, 0, 0, 0, 0, 0, 0, 0, 0, 0, 0, 0, 0, 0, 0
futex.futex_wait_requeue_pi_delay = 0, 0, 0, 0, 0, 0, 0, 0, 0, 0, 0, 0, 0, 0, 0, 0
futex.futex_wake_bitset_count = 0, 0, 0, 0, 0, 0, 0, 0, 0, 0, 0, 0, 0, 0, 0, 0
futex.futex_wake_bitset_delay = 0, 0, 0, 0, 0, 0, 0, 0, 0, 0, 0, 0, 0, 0, 0, 0
futex.futex_wake_count = 1, 22, 21, 25, 13, 10, 20, 17, 17, 6, 11, 9, 11, 14, 9, 18, 12, 3, 12, 3, 3, 12, 2, 2, 2, 2, 7, 2, 2, 18, 2, 2, 2, 2, 2, 2, 3, 2, 3, 2, 3, 3, 2, 2, 2, 2, 2, 3, 3
futex.futex_wake_delay = 0, 2000000000, 1000000000, 3000000000, 1000000000, 1000000000, 2000000000, 3000000000, 3000000000, 1000000000, 2000000000, 1000000000, 1000000000, 2000000000, 0, 0, 0, 1000000000, 7000000000, 0, 1000000000, 7000000000, 1000000000, 0, 1000000000, 0, 2000000000, 1000000000, 0, 6000000000, 1000000000, 1000000000, 1000000000, 1000000000, 1000000000, 0, 1000000000
futex.futex_wake_op_count = 0, 0, 2, 1, 1, 1, 1, 2, 0, 2, 1, 1, 0, 2, 0, 1, 1, 0, 54, 0, 0, 25, 0, 0, 0, 0, 19, 0, 0, 30
futex.futex_wake_op_delay = 0, 0, 2000000000, 1000000000, 1000000000, 1000000000, 1000000000, 2000000000, 0, 2000000000, 1000000000, 1000000000, 0, 2000000000, 0, 1000000000, 1000000000, 0, 54000000000, 0, 0, 25000000000, 0, 0, 0, 0, 19000000000, 0, 0, 30000000000
global.time = 430471500000000
global.time_begin = 0
global.time_end = 430471500000000
interval_timer.cpContr_branch = 10193056008487, 5048783402662, 4749574746955, 4580121012739, 14373174838496, 4173677157343, 2100597544487, 14703977981984, 14502222367432, 8756703544018, 8936609237471, 13849937072610, 2183738120712, 7535387095228, 2101803051936, 37325716850
interval_timer.cpContr_fp_addsub = 20949096, 0, 0, 0, 0, 0, 0, 0, 0, 0, 0, 0, 0, 0, 0, 0
interval_timer.cpContr_fp_muldiv = 22679013, 0, 0, 0, 0, 0, 0, 0, 0, 0, 0, 0, 0, 0, 0, 0
interval_timer.cpContr_generic = 698006540766, 8910953831192, 11792062860933, 12006062709813, 17858399893513, 20127721846487, 11143480080441, 17458889732487, 14776105612247, 10928254145036, 9843598614660, 14508734226065, 12154851581023, 9412485434440, 9631558496138, 4334719372041
interval_timer.cpContr_load_l1 = 803957115204, 8108184369022, 7463670316817, 7467822849811, 24762895652132, 12330080023940, 6187910782180, 26141678482384, 24578553644929, 14038725565033, 14220021495328, 22519452315213, 6446412693658, 12175586302041, 6163179843887, 161980382894
interval_timer.cpContr_load_l2 = 2020628, 10122318, 21081692, 0, 0, 0, 0, 22492741, 0, 0, 1636362, 0, 0, 0, 0, 0
interval_timer.cpContr_load_l3 = 0, 0, 0, 0, 0, 0, 0, 0, 0, 0, 0, 0, 0, 0, 0, 0
interval_timer.cpContr_load_other = 0, 6048207062, 6242257672, 5614941659, 107667945227, 0, 0, 132404357545, 76356041722, 10353398330, 10795653489, 50946504124, 0, 8094923313, 0, 0
interval_timer.cpContr_port0 = 0, 0, 0, 0, 0, 0, 0, 0, 0, 0, 0, 0, 0, 0, 0, 0
interval_timer.cpContr_port015 = 479216235137, 1067535009751, 1470141092303, 1522331549750, 2293662187834, 496408366738, 406408240187, 2194314113052, 1652269546878, 1196244734614, 1017734751433, 1628143086987, 505709500934, 1047796421449, 176623671725, 620424849235
interval_timer.cpContr_port05 = 0, 0, 0, 0, 0, 0, 0, 0, 0, 0, 0, 0, 0, 0, 0, 0
interval_timer.cpContr_port1 = 52666631, 2717723054, 2180788997, 2270102851, 13416434396, 465602347, 204139117, 16651937563, 10886791167, 4562305817, 4496845680, 9278081623, 222535968, 4259850040, 229325084, 22759522
interval_timer.cpContr_port2 = 2973340816292, 13827019903315, 13287566655264, 12677171089365, 25998349539003, 76410960932, 49638938077, 23376246147686, 32094328552488, 23906148892888, 24721434396229, 32889593482982, 54280668605, 20472372103137, 39591480684, 15882177277
interval_timer.cpContr_port34 = 69281112166700, 1257203486532, 1061631515931, 1138695798458, 2543323716863, 24741011020, 21135918962, 2372845525045, 2909667151656, 2154493337883, 2163033003075, 2810753527614, 21438750861, 1938592764389, 11031378970, 17601504427
interval_timer.cpContr_port5 = 63718657643, 169997715311, 149085328444, 154903734781, 314416312797, 4628653063, 2755483293, 289619320069, 376043266085, 295120453765, 294494117629, 377031122582, 2784417352, 264104813382, 2187031245, 1511541562
interval_timer.cpContr_store = 194247421847, 2204115660458, 2198104771211, 2173831036737, 4587759633690, 630839862769, 357638073474, 4389384316297, 5172436345353, 3666873344794, 3722495198220, 5079134353022, 389619819185, 3135053912289, 303749261504, 169971813909
interval_timer.cpiBase = 31838019775236, 15271276765032, 15863583321153, 15694191974655, 34922325586644, 14235443767674, 7620591799980, 34253592135579, 36162887820561, 24432347414349, 24423612471684, 35250227477163, 8180489406789, 21061181724930, 6928773814620, 2015165370528
interval_timer.cpiBranchPredictor = 57378679722387, 7678451443653, 7448702338827, 7017558576372, 23848497981972, 187183035612, 100499772870, 24620169922200, 22868675384346, 13149133440786, 13413642993369, 22056802031214, 118596348513, 11265673411701, 104193373545, 25066108764
interval_timer.cpiDataCachecache-remote = 8318778192, 64621658466, 83950186212, 77722756677, 97439629410, 39798406296, 30766095882, 101293380099, 105792618051, 98530228449, 92738888154, 78733280709, 36427361283, 73741186728, 19348076574, 56479195665
interval_timer.cpiDataCachedram = 0, 0, 0, 0, 0, 0, 0, 0, 0, 0, 0, 0, 0, 0, 0, 0
interval_timer.cpiDataCachedram-cache = 0, 0, 0, 0, 0, 0, 0, 0, 0, 0, 0, 0, 0, 0, 0, 0
interval_timer.cpiDataCachedram-local = 29022959595933, 0, 0, 0, 484383115818, 0, 0, 0, 529969854897, 0, 0, 0, 838334195586, 0, 0, 0
interval_timer.cpiDataCachedram-remote = 162383009705298, 874821707109, 902145705507, 954488068416, 1455723025848, 5982527832840, 3091422336678, 1653714683649, 1573553210679, 1713781841130, 1616793338520, 2287474905483, 2372538623013, 1347377030109, 3101009533056, 35474731857
interval_timer.cpiDataCacheL1 = 115037334, 0, 0, 0, 51127704, 0, 0, 0, 0, 0, 0, 0, 0, 0, 0, 0
interval_timer.cpiDataCacheL1_S = 0, 0, 0, 0, 0, 0, 0, 0, 0, 0, 0, 0, 0, 0, 0, 0
interval_timer.cpiDataCacheL1I = 0, 0, 0, 0, 0, 0, 0, 0, 0, 0, 0, 0, 0, 0, 0, 0
interval_timer.cpiDataCacheL2 = 3203752158, 7371411912, 8947348200, 10765765143, 10520652915, 13563879120, 9370279575, 9945466245, 10096593723, 7681937526, 7866899514, 10136443257, 9668399202, 7537201011, 7286073759, 6297354189
interval_timer.cpiDataCacheL2_S = 0, 0, 0, 0, 0, 0, 0, 0, 0, 0, 0, 0, 0, 0, 0, 0
interval_timer.cpiDataCacheL3 = 0, 0, 0, 0, 0, 0, 0, 0, 0, 0, 0, 0, 0, 0, 0, 0
interval_timer.cpiDataCacheL3_S = 0, 0, 0, 0, 0, 0, 0, 0, 0, 0, 0, 0, 0, 0, 0, 0
interval_timer.cpiDataCacheL4 = 0, 0, 0, 0, 0, 0, 0, 0, 0, 0, 0, 0, 0, 0, 0, 0
interval_timer.cpiDataCacheL4_S = 0, 0, 0, 0, 0, 0, 0, 0, 0, 0, 0, 0, 0, 0, 0, 0
interval_timer.cpiDataCachemiss = 0, 0, 0, 0, 0, 0, 0, 0, 0, 0, 0, 0, 0, 0, 0, 0
interval_timer.cpiDataCachenuca-cache = 0, 0, 0, 0, 0, 0, 0, 0, 0, 0, 0, 0, 0, 0, 0, 0
interval_timer.cpiDataCachenuca-local = 33520600935, 410132155806, 412950194550, 409557345075, 1033266461805, 38865325698, 21634537572, 931999397436, 972575997462, 662320683603, 680506732728, 1020142807254, 23994306675, 543024336672, 18883415970, 18311612751
interval_timer.cpiDataCachenuca-remote = 513639064737, 6475101155712, 6840159353235, 6507919502595, 14563820093211, 623788063920, 416412592740, 13355822823291, 14895609192990, 10204978816395, 10430444096316, 15392621603574, 549382592979, 8978179709268, 287663259654, 366849922797
interval_timer.cpiDataCachepredicate-false = 0, 0, 0, 0, 0, 0, 0, 0, 0, 0, 0, 0, 0, 0, 0, 0
interval_timer.cpiDataCacheprefetch-no-mapping = 0, 0, 0, 0, 0, 0, 0, 0, 0, 0, 0, 0, 0, 0, 0, 0
interval_timer.cpiDataCacheunknown = 0, 0, 0, 0, 0, 0, 0, 0, 0, 0, 0, 0, 0, 0, 0, 0
interval_timer.cpiInstructionCachecache-remote = 0, 156086489349, 148572972495, 150199284609, 221262281901, 5069537415, 5125552326, 254392282215, 257653928979, 239729157459, 227242719513, 226388210166, 8270282061, 199364587029, 2404129905, 9803361303
interval_timer.cpiInstructionCachedram = 0, 0, 0, 0, 0, 0, 0, 0, 0, 0, 0, 0, 0, 0, 0, 0
interval_timer.cpiInstructionCachedram-cache = 0, 0, 0, 0, 0, 0, 0, 0, 0, 0, 0, 0, 0, 0, 0, 0
interval_timer.cpiInstructionCachedram-local = 5229311490, 0, 0, 0, 433457667, 0, 0, 0, 335337588, 0, 0, 0, 0, 0, 0, 0
interval_timer.cpiInstructionCachedram-remote = 67456177247943, 9080806545, 0, 165413160, 1085711832, 2782324539, 560149110, 81202824, 560149110, 0, 0, 33552931689, 1461274893, 168796611, 162781587, 0
interval_timer.cpiInstructionCacheL1 = 0, 0, 0, 0, 0, 0, 0, 0, 0, 0, 0, 0, 0, 0, 0, 0
interval_timer.cpiInstructionCacheL1_S = 0, 0, 0, 0, 0, 0, 0, 0, 0, 0, 0, 0, 0, 0, 0, 0
interval_timer.cpiInstructionCacheL1I = 0, 0, 0, 0, 0, 0, 0, 0, 0, 0, 0, 0, 0, 0, 0, 0
interval_timer.cpiInstructionCacheL2 = 0, 0, 0, 0, 0, 0, 0, 0, 0, 0, 0, 0, 0, 0, 0, 0
interval_timer.cpiInstructionCacheL2_S = 0, 0, 0, 0, 0, 0, 0, 0, 0, 0, 0, 0, 0, 0, 0, 0
interval_timer.cpiInstructionCacheL3 = 0, 0, 0, 0, 0, 0, 0, 0, 0, 0, 0, 0, 0, 0, 0, 0
interval_timer.cpiInstructionCacheL3_S = 0, 0, 0, 0, 0, 0, 0, 0, 0, 0, 0, 0, 0, 0, 0, 0
interval_timer.cpiInstructionCacheL4 = 0, 0, 0, 0, 0, 0, 0, 0, 0, 0, 0, 0, 0, 0, 0, 0
interval_timer.cpiInstructionCacheL4_S = 0, 0, 0, 0, 0, 0, 0, 0, 0, 0, 0, 0, 0, 0, 0, 0
interval_timer.cpiInstructionCachemiss = 0, 0, 0, 0, 0, 0, 0, 0, 0, 0, 0, 0, 0, 0, 0, 0
interval_timer.cpiInstructionCachenuca-cache = 0, 0, 0, 0, 0, 0, 0, 0, 0, 0, 0, 0, 0, 0, 0, 0
interval_timer.cpiInstructionCachenuca-local = 4319539110, 55166416677, 71774273880, 74845695510, 144790274277, 11466515439, 12059371242, 124656109254, 130244818428, 108415920393, 69392324376, 109601256060, 9671782653, 62970534378, 9424038852, 6812390619
interval_timer.cpiInstructionCachenuca-remote = 108203514858, 1543338993249, 1212442372656, 1359840159837, 3470340653253, 279019294227, 181094327568, 3510129285135, 3551250996711, 2445045977943, 2437511032566, 3364790139918, 248171619582, 2280301237485, 127194449382, 180962748918
interval_timer.cpiInstructionCachepredicate-false = 0, 0, 0, 0, 0, 0, 0, 0, 0, 0, 0, 0, 0, 0, 0, 0
interval_timer.cpiInstructionCacheprefetch-no-mapping = 0, 0, 0, 0, 0, 0, 0, 0, 0, 0, 0, 0, 0, 0, 0, 0
interval_timer.cpiInstructionCacheunknown = 0, 0, 0, 0, 0, 0, 0, 0, 0, 0, 0, 0, 0, 0, 0, 0
interval_timer.cpiLongLatency = 3383451, 0, 0, 0, 0, 0, 0, 0, 0, 0, 0, 0, 0, 0, 0, 0
interval_timer.cpiSerialization = 76691556, 0, 0, 0, 0, 0, 0, 0, 0, 0, 0, 0, 0, 0, 0, 0
interval_timer.detailed-cpiBase-BranchMispredict = 0, 0, 0, 0, 0, 0, 0, 0, 0, 0, 0, 0, 0, 0, 0, 0
interval_timer.detailed-cpiBase-DispatchRate = 83663215, 36945518, 37516164, 37043071, 86443544, 36645581, 19274685, 85096541, 90287659, 60170711, 60490097, 87596722, 20539804, 51933791, 18000790, 3850192
interval_timer.detailed-cpiBase-DispatchRate+BranchMispredict = 0, 0, 0, 0, 0, 0, 0, 0, 0, 0, 0, 0, 0, 0, 0, 0
interval_timer.detailed-cpiBase-DispatchRate+ICacheMiss = 0, 0, 0, 0, 0, 0, 0, 0, 0, 0, 0, 0, 0, 0, 0, 0
interval_timer.detailed-cpiBase-DispatchRate+ICacheMiss+BranchMispredict = 0, 0, 0, 0, 0, 0, 0, 0, 0, 0, 0, 0, 0, 0, 0, 0
interval_timer.detailed-cpiBase-DispatchWidth = 2485, 19074, 16901, 17776, 40432, 1363, 1035, 38632, 44523, 32638, 32167, 42709, 1076, 29073, 612, 908
interval_timer.detailed-cpiBase-DispatchWidth+BranchMispredict = 0, 0, 0, 0, 0, 0, 0, 0, 0, 0, 0, 0, 0, 0, 0, 0
interval_timer.detailed-cpiBase-DispatchWidth+DispatchRate = 1023624, 3657096, 4664162, 4685798, 6409620, 1219422, 995100, 5979588, 5861317, 4786842, 4444692, 6126386, 1219271, 4060006, 429178, 1509252
interval_timer.detailed-cpiBase-DispatchWidth+DispatchRate+BranchMispredict = 0, 0, 0, 0, 0, 0, 0, 0, 0, 0, 0, 0, 0, 0, 0, 0
interval_timer.detailed-cpiBase-DispatchWidth+DispatchRate+ICacheMiss = 0, 0, 0, 0, 0, 0, 0, 0, 0, 0, 0, 0, 0, 0, 0, 0
interval_timer.detailed-cpiBase-DispatchWidth+DispatchRate+ICacheMiss+BranchMispredict = 0, 0, 0, 0, 0, 0, 0, 0, 0, 0, 0, 0, 0, 0, 0, 0
interval_timer.detailed-cpiBase-DispatchWidth+ICacheMiss = 0, 0, 0, 0, 0, 0, 0, 0, 0, 0, 0, 0, 0, 0, 0, 0
interval_timer.detailed-cpiBase-DispatchWidth+ICacheMiss+BranchMispredict = 0, 0, 0, 0, 0, 0, 0, 0, 0, 0, 0, 0, 0, 0, 0, 0
interval_timer.detailed-cpiBase-ICacheMiss = 0, 0, 0, 0, 0, 0, 0, 0, 0, 0, 0, 0, 0, 0, 0, 0
interval_timer.detailed-cpiBase-ICacheMiss+BranchMispredict = 0, 0, 0, 0, 0, 0, 0, 0, 0, 0, 0, 0, 0, 0, 0, 0
interval_timer.detailed-cpiBase-NoReason = 0, 0, 0, 0, 0, 0, 0, 0, 0, 0, 0, 0, 0, 0, 0, 0
interval_timer.detailed-cpiBase-WindowEmpty = 0, 0, 0, 0, 0, 0, 0, 0, 0, 0, 0, 0, 0, 0, 0, 0
interval_timer.detailed-cpiBase-WindowEmpty+BranchMispredict = 0, 0, 0, 0, 0, 0, 0, 0, 0, 0, 0, 0, 0, 0, 0, 0
interval_timer.detailed-cpiBase-WindowEmpty+DispatchRate = 0, 0, 0, 0, 0, 0, 0, 0, 0, 0, 0, 0, 0, 0, 0, 0
interval_timer.detailed-cpiBase-WindowEmpty+DispatchRate+BranchMispredict = 0, 0, 0, 0, 0, 0, 0, 0, 0, 0, 0, 0, 0, 0, 0, 0
interval_timer.detailed-cpiBase-WindowEmpty+DispatchRate+ICacheMiss = 0, 0, 0, 0, 0, 0, 0, 0, 0, 0, 0, 0, 0, 0, 0, 0
interval_timer.detailed-cpiBase-WindowEmpty+DispatchRate+ICacheMiss+BranchMispredict = 0, 0, 0, 0, 0, 0, 0, 0, 0, 0, 0, 0, 0, 0, 0, 0
interval_timer.detailed-cpiBase-WindowEmpty+DispatchWidth = 0, 0, 0, 0, 0, 0, 0, 0, 0, 0, 0, 0, 0, 0, 0, 0
interval_timer.detailed-cpiBase-WindowEmpty+DispatchWidth+BranchMispredict = 0, 0, 0, 0, 0, 0, 0, 0, 0, 0, 0, 0, 0, 0, 0, 0
interval_timer.detailed-cpiBase-WindowEmpty+DispatchWidth+DispatchRate = 0, 0, 0, 0, 0, 0, 0, 0, 0, 0, 0, 0, 0, 0, 0, 0
interval_timer.detailed-cpiBase-WindowEmpty+DispatchWidth+DispatchRate+BranchMispredict = 0, 0, 0, 0, 0, 0, 0, 0, 0, 0, 0, 0, 0, 0, 0, 0
interval_timer.detailed-cpiBase-WindowEmpty+DispatchWidth+DispatchRate+ICacheMiss = 0, 0, 0, 0, 0, 0, 0, 0, 0, 0, 0, 0, 0, 0, 0, 0
interval_timer.detailed-cpiBase-WindowEmpty+DispatchWidth+DispatchRate+ICacheMiss+BranchMispredict = 0, 0, 0, 0, 0, 0, 0, 0, 0, 0, 0, 0, 0, 0, 0, 0
interval_timer.detailed-cpiBase-WindowEmpty+DispatchWidth+ICacheMiss = 0, 0, 0, 0, 0, 0, 0, 0, 0, 0, 0, 0, 0, 0, 0, 0
interval_timer.detailed-cpiBase-WindowEmpty+DispatchWidth+ICacheMiss+BranchMispredict = 0, 0, 0, 0, 0, 0, 0, 0, 0, 0, 0, 0, 0, 0, 0, 0
interval_timer.detailed-cpiBase-WindowEmpty+ICacheMiss = 0, 0, 0, 0, 0, 0, 0, 0, 0, 0, 0, 0, 0, 0, 0, 0
interval_timer.detailed-cpiBase-WindowEmpty+ICacheMiss+BranchMispredict = 0, 0, 0, 0, 0, 0, 0, 0, 0, 0, 0, 0, 0, 0, 0, 0
interval_timer.loadstore_contention.no-free-slots = 0, 0, 0, 0, 0, 0, 0, 0, 0, 0, 0, 0, 0, 0, 0, 0
interval_timer.loadstore_contention.num-barriers = 0, 0, 0, 0, 0, 0, 0, 0, 0, 0, 0, 0, 0, 0, 0, 0
interval_timer.loadstore_contention.num-requests = 1989150, 18352360, 20053390, 20077012, 39312914, 22953992, 12387337, 38606112, 40435798, 28152128, 27779005, 39364041, 13335576, 24199036, 11112715, 3679458
interval_timer.loadstore_contention.requests-out-of-order = 918419, 9488628, 10646118, 10495103, 19424460, 16869683, 8930654, 19197774, 20445757, 14532365, 14447094, 20192556, 9518607, 12241956, 8234840, 1985143
interval_timer.loadstore_contention.requests-simultaneous = 708114, 3347482, 3517915, 3595093, 7720867, 632778, 469959, 7542177, 7766537, 5155533, 5069908, 7371199, 562020, 4537011, 250560, 593618
interval_timer.loadstore_contention.total-barrier-delay = 0, 0, 0, 0, 0, 0, 0, 0, 0, 0, 0, 0, 0, 0, 0, 0
interval_timer.loadstore_contention.total-delay = 324974829465, 1843976283732, 1393202114514, 1664508644217, 3106139972589, 50767178499, 36095031207, 2210479590771, 3796674502203, 2911844171097, 2830079318292, 3690278126118, 32895414378, 3011535299178, 26419865103, 15828535656
interval_timer.numBPredOverlapped = 299145, 3049148, 3087539, 2791167, 7270780, 280962, 154667, 6734492, 7634740, 5205720, 5399907, 7983036, 164786, 4376713, 142442, 38498
interval_timer.numDCacheOverlapped = 2740067, 12412915, 12224329, 11398754, 24748463, 1356563, 712777, 22498160, 29270518, 21338689, 22094810, 30248235, 748003, 18117923, 682982, 79596
interval_timer.numHiddenLongerDCacheLatency = 299850, 172548, 175515, 156930, 345969, 9208, 6076, 300230, 387805, 291829, 300618, 426875, 6380, 243632, 4259, 2171
interval_timer.numICacheOverlapped = 8539997, 39076121, 40597927, 37273872, 94192105, 11593396, 6381951, 86919396, 95873393, 65124571, 67033676, 99772133, 6898875, 54798041, 5614630, 2093495
interval_timer.numLongLatencyLoads = 67970, 309992, 322000, 295630, 746928, 91758, 50489, 689204, 760555, 516743, 531897, 791537, 54575, 434807, 44439, 16525
interval_timer.numMfenceInsns = 9, 0, 0, 0, 0, 0, 0, 0, 0, 0, 0, 0, 0, 0, 0, 0
interval_timer.numSerializationInsns = 98, 0, 0, 0, 0, 0, 0, 0, 0, 0, 0, 0, 0, 0, 0, 0
interval_timer.numTotalLongLatencyLoadLatency = 510627433, 20833295, 21940136, 21174854, 46936349, 17818166, 9495173, 42700480, 48113118, 33748277, 34123488, 49979143, 10188742, 29126692, 9134967, 1285881
interval_timer.outstandingLongLatencyCycles = 649935310, 24439656, 25785421, 24444686, 54998645, 17687313, 9382749, 49884769, 56554630, 39853690, 40408254, 59634571, 10079225, 33994364, 9013333, 1289663
interval_timer.outstandingLongLatencyInsns = 2643206814, 41244024, 42726158, 40967278, 86449821, 19320015, 10487002, 77050722, 92661772, 67617655, 68469307, 98093578, 11438445, 58035564, 9857397, 1661570
interval_timer.totalHiddenDCacheLatency = 2142245417, 68756093, 68320865, 64201495, 135766998, 6990618, 3871078, 121910469, 158580398, 116988125, 120398179, 165756497, 4269078, 99534155, 3497024, 681174
interval_timer.totalHiddenLongerDCacheLatency = 29529310, 4214964, 4385679, 4175775, 7126365, 474352, 310960, 5831405, 7793596, 6763118, 6575526, 8767547, 366458, 5653157, 237978, 88827
interval_timer.totalMfenceLatency = 0, 0, 0, 0, 0, 0, 0, 0, 0, 0, 0, 0, 0, 0, 0, 0
interval_timer.totalSerializationLatency = 204, 0, 0, 0, 0, 0, 0, 0, 0, 0, 0, 0, 0, 0, 0, 0
interval_timer.uop_branch = 11559694, 10478457, 9832332, 9573322, 25683665, 5431157, 2761134, 25471858, 27617367, 18184245, 18576557, 26970934, 2873480, 15656929, 2732211, 105280
interval_timer.uop_fp_addsub = 3, 0, 0, 0, 0, 0, 0, 0, 0, 0, 0, 0, 0, 0, 0, 0
interval_timer.uop_fp_muldiv = 2, 0, 0, 0, 0, 0, 0, 0, 0, 0, 0, 0, 0, 0, 0, 0
interval_timer.uop_generic = 34468175, 49947172, 58354404, 58241961, 105841406, 59595731, 33342021, 102768556, 101332313, 71928021, 69392625, 100588280, 36513269, 61657180, 28307550, 14278656
interval_timer.uop_load = 4729249, 30765291, 32277734, 31475782, 64061392, 24310570, 13100133, 61104288, 69706331, 49490832, 49873831, 69612292, 14083595, 42316974, 11795712, 3759070
interval_timer.uop_store = 82773694, 13856636, 13921908, 13748671, 27530319, 1555424, 1101282, 25774285, 31117616, 22717802, 22955625, 31058618, 1299821, 19637594, 639610, 1244956
interval_timer.uops_pause = 0, 0, 0, 0, 0, 0, 0, 0, 0, 0, 0, 0, 0, 0, 0, 0
interval_timer.uops_total = 133530817, 105047556, 114386378, 113039736, 223116782, 90892882, 50304570, 215118987, 229773627, 162320900, 160798638, 228230124, 54770165, 139268677, 43475083, 19387962
interval_timer.uops_x87 = 0, 0, 0, 0, 0, 0, 0, 0, 0, 0, 0, 0, 0, 0, 0, 0
ipc = 0.114491396912
itlb.access = 1779122, 10972579, 10978230, 10784473, 22544678, 4945748, 2707017, 21569179, 25156801, 18163120, 18353445, 25074372, 2927434, 15618390, 2387982, 900795
itlb.miss = 69, 47, 48, 42, 47, 38, 34, 43, 47, 45, 46, 47, 34, 48, 33, 32
itlb_cache.access-mru-0 = 1766847, 10969265, 10975150, 10781164, 22538101, 4945227, 2706547, 21562845, 25150137, 18158204, 18348625, 25068006, 2926899, 15613888, 2387699, 900202
itlb_cache.access-mru-1 = 12201, 3198, 2956, 3185, 6485, 469, 426, 6262, 6595, 4856, 4745, 6293, 495, 4424, 242, 540
itlb_cache.access-mru-2 = 4, 69, 76, 82, 45, 14, 10, 29, 22, 15, 29, 26, 6, 30, 8, 21
itlb_cache.access-mru-3 = 1, 0, 0, 0, 0, 0, 0, 0, 0, 0, 0, 0, 0, 0, 0, 0
L1-D.access-mru-0 = 66921493, 41353395, 43046347, 42179085, 84021588, 29434262, 15963172, 80050493, 92675283, 66528125, 67106636, 92644745, 17210237, 57196393, 14230096, 4947452
L1-D.access-mru-1 = 543054, 1886693, 1761978, 1746867, 4140798, 350706, 186633, 3665591, 4610299, 3344978, 3309738, 4457123, 187879, 2783160, 182949, 14668
L1-D.access-mru-2 = 7784, 229156, 216928, 218118, 784314, 27567, 14896, 759784, 721491, 388838, 403790, 662750, 16260, 337199, 14073, 3793
L1-D.access-mru-3 = 1411, 73500, 72179, 67806, 276142, 10643, 5851, 264756, 236032, 127019, 128670, 225015, 6395, 107741, 5149, 1157
L1-D.backinval-D = 0, 0, 0, 0, 0, 0, 0, 0, 0, 0, 0, 0, 0, 0, 0, 0
L1-D.backinval-E = 359649, 161464, 193175, 153163, 492589, 89658, 49153, 453074, 413094, 260549, 270381, 481803, 53152, 203756, 43454, 11854
L1-D.backinval-I = 0, 0, 0, 0, 0, 0, 0, 0, 0, 0, 0, 0, 0, 0, 0, 0
L1-D.backinval-M = 20139545, 714614, 668133, 662216, 1427890, 86592, 47156, 1311055, 1660700, 1222617, 1245807, 1661496, 51710, 1059985, 40170, 16136
L1-D.backinval-O = 0, 0, 0, 0, 0, 0, 0, 0, 0, 0, 0, 0, 0, 0, 0, 0
L1-D.backinval-S = 2059, 12006, 12440, 12877, 27935, 6228, 4139, 27112, 26940, 18621, 18585, 25649, 4425, 16284, 3689, 3181
L1-D.backinval-u = 0, 0, 0, 0, 0, 0, 0, 0, 0, 0, 0, 0, 0, 0, 0, 0
L1-D.coherency-downgrades = 439, 1894, 2160, 2172, 2542, 3486, 2359, 2780, 2095, 1614, 1771, 2331, 2270, 1990, 3250, 1140
L1-D.coherency-invalidates = 224, 1372, 2311, 2941, 1885, 2853, 2117, 1487, 910, 993, 883, 976, 2137, 1706, 1529, 2664
L1-D.coherency-upgrades = 0, 0, 0, 0, 0, 0, 0, 0, 0, 0, 0, 0, 0, 0, 0, 0
L1-D.coherency-writebacks = 158, 231, 415, 548, 338, 597, 531, 277, 191, 227, 147, 167, 549, 261, 462, 388
L1-D.evict-D = 0, 0, 0, 0, 0, 0, 0, 0, 0, 0, 0, 0, 0, 0, 0, 0
L1-D.evict-E = 0, 0, 0, 0, 0, 0, 0, 0, 0, 0, 0, 0, 0, 0, 0, 0
L1-D.evict-I = 0, 0, 0, 0, 0, 0, 0, 0, 0, 0, 0, 0, 0, 0, 0, 0
L1-D.evict-M = 0, 0, 0, 0, 0, 0, 0, 0, 0, 0, 0, 0, 0, 0, 0, 0
L1-D.evict-O = 0, 0, 0, 0, 0, 0, 0, 0, 0, 0, 0, 0, 0, 0, 0, 0
L1-D.evict-prefetch = 0, 0, 0, 0, 0, 0, 0, 0, 0, 0, 0, 0, 0, 0, 0, 0
L1-D.evict-S = 0, 0, 0, 0, 0, 0, 0, 0, 0, 0, 0, 0, 0, 0, 0, 0
L1-D.evict-u = 0, 0, 0, 0, 0, 0, 0, 0, 0, 0, 0, 0, 0, 0, 0, 0
L1-D.evict-warmup = 0, 0, 0, 0, 0, 0, 0, 0, 0, 0, 0, 0, 0, 0, 0, 0
L1-D.hits-prefetch = 0, 0, 0, 0, 0, 0, 0, 0, 0, 0, 0, 0, 0, 0, 0, 0
L1-D.hits-warmup = 0, 0, 0, 0, 0, 0, 0, 0, 0, 0, 0, 0, 0, 0, 0, 0
L1-D.invalidate-prefetch = 0, 0, 0, 0, 0, 0, 0, 0, 0, 0, 0, 0, 0, 0, 0, 0
L1-D.invalidate-warmup = 0, 0, 0, 0, 0, 0, 0, 0, 0, 0, 0, 0, 0, 0, 0, 0
L1-D.load-misses = 420898, 621686, 636882, 580430, 1386989, 106341, 60078, 1248860, 1482532, 1050522, 1083416, 1569072, 65253, 882772, 51167, 20295
L1-D.load-misses-D = 0, 0, 0, 0, 0, 0, 0, 0, 0, 0, 0, 0, 0, 0, 0, 0
L1-D.load-misses-E = 2364, 673, 728, 760, 1273, 187, 170, 1191, 1171, 937, 885, 1143, 199, 850, 67, 201
L1-D.load-misses-I = 418506, 620875, 635929, 579436, 1385571, 106039, 59778, 1247544, 1481238, 1049502, 1082460, 1567848, 64963, 881822, 51075, 19958
L1-D.load-misses-M = 0, 0, 0, 0, 0, 0, 0, 0, 0, 0, 0, 0, 0, 0, 0, 0
L1-D.load-misses-O = 0, 0, 0, 0, 0, 0, 0, 0, 0, 0, 0, 0, 0, 0, 0, 0
L1-D.load-misses-S = 28, 138, 225, 234, 145, 115, 130, 125, 123, 83, 71, 81, 91, 100, 25, 136
L1-D.load-misses-u = 0, 0, 0, 0, 0, 0, 0, 0, 0, 0, 0, 0, 0, 0, 0, 0
L1-D.load-overlapping-misses = 0, 0, 0, 0, 0, 0, 0, 0, 0, 0, 0, 0, 0, 0, 0, 0
L1-D.loads = 5125227, 31012604, 32471464, 31697100, 64489182, 28407637, 15150013, 61510234, 70245833, 49927267, 50304957, 70138586, 16210865, 42715095, 13858371, 3759132
L1-D.loads-D = 0, 0, 0, 0, 0, 0, 0, 0, 0, 0, 0, 0, 0, 0, 0, 0
L1-D.loads-E = 3886417, 7125346, 6896548, 6677113, 16399542, 25609573, 12864804, 15696916, 18128585, 11932694, 12170638, 17801502, 13349425, 9952599, 12850281, 273332
L1-D.loads-I = 418506, 620875, 635929, 579436, 1385571, 106039, 59778, 1247544, 1481238, 1049502, 1082460, 1567848, 64963, 881822, 51075, 19958
L1-D.loads-M = 735076, 23187574, 24849796, 24355092, 46106536, 2662640, 2195540, 43859732, 50204870, 36814224, 36919359, 50479853, 2764220, 31782158, 940028, 3420483
L1-D.loads-O = 0, 0, 0, 0, 0, 0, 0, 0, 0, 0, 0, 0, 0, 0, 0, 0
L1-D.loads-prefetch = 0, 0, 0, 0, 0, 0, 0, 0, 0, 0, 0, 0, 0, 0, 0, 0
L1-D.loads-S = 85228, 78809, 89191, 85459, 597533, 29385, 29891, 706042, 431140, 130847, 132500, 289383, 32257, 98516, 16987, 45359
L1-D.loads-u = 0, 0, 0, 0, 0, 0, 0, 0, 0, 0, 0, 0, 0, 0, 0, 0
L1-D.loads-where-cache-remote = 420, 2388, 2667, 2886, 2652, 1956, 1533, 2902, 2935, 2532, 2382, 2139, 1500, 2169, 1090, 2141
L1-D.loads-where-dram = 0, 0, 0, 0, 0, 0, 0, 0, 0, 0, 0, 0, 0, 0, 0, 0
L1-D.loads-where-dram-cache = 0, 0, 0, 0, 0, 0, 0, 0, 0, 0, 0, 0, 0, 0, 0, 0
L1-D.loads-where-dram-local = 95074, 0, 0, 0, 6855, 0, 0, 0, 6958, 0, 0, 0, 8693, 0, 0, 0
L1-D.loads-where-dram-remote = 285116, 10957, 11236, 12113, 20365, 67397, 33671, 20824, 20469, 23341, 21972, 32783, 26093, 17151, 33403, 496
L1-D.loads-where-L1 = 4704329, 30390918, 31834582, 31116670, 63102193, 28301296, 15089935, 60261374, 68763301, 48876745, 49221541, 68569514, 16145612, 41832323, 13807204, 3738837
L1-D.loads-where-L1_S = 0, 0, 0, 0, 0, 0, 0, 0, 0, 0, 0, 0, 0, 0, 0, 0
L1-D.loads-where-L1I = 0, 0, 0, 0, 0, 0, 0, 0, 0, 0, 0, 0, 0, 0, 0, 0
L1-D.loads-where-L2 = 3245, 1208, 1406, 1496, 2060, 973, 694, 1961, 1915, 1523, 1423, 1836, 729, 1418, 502, 515
L1-D.loads-where-L2_S = 0, 0, 0, 0, 0, 0, 0, 0, 0, 0, 0, 0, 0, 0, 0, 0
L1-D.loads-where-L3 = 0, 0, 0, 0, 0, 0, 0, 0, 0, 0, 0, 0, 0, 0, 0, 0
L1-D.loads-where-L3_S = 0, 0, 0, 0, 0, 0, 0, 0, 0, 0, 0, 0, 0, 0, 0, 0
L1-D.loads-where-L4 = 0, 0, 0, 0, 0, 0, 0, 0, 0, 0, 0, 0, 0, 0, 0, 0
L1-D.loads-where-L4_S = 0, 0, 0, 0, 0, 0, 0, 0, 0, 0, 0, 0, 0, 0, 0, 0
L1-D.loads-where-miss = 0, 0, 0, 0, 0, 0, 0, 0, 0, 0, 0, 0, 0, 0, 0, 0
L1-D.loads-where-nuca-cache = 0, 0, 0, 0, 0, 0, 0, 0, 0, 0, 0, 0, 0, 0, 0, 0
L1-D.loads-where-nuca-local = 2275, 37824, 38609, 38780, 90668, 2308, 1278, 79744, 89218, 63196, 64299, 94762, 1546, 52541, 1114, 873
L1-D.loads-where-nuca-remote = 34768, 569309, 582964, 525155, 1264389, 33707, 22902, 1143429, 1361037, 959930, 993340, 1437552, 26692, 809493, 15058, 16270
L1-D.loads-where-predicate-false = 0, 0, 0, 0, 0, 0, 0, 0, 0, 0, 0, 0, 0, 0, 0, 0
L1-D.loads-where-prefetch-no-mapping = 0, 0, 0, 0, 0, 0, 0, 0, 0, 0, 0, 0, 0, 0, 0, 0
L1-D.loads-where-unknown = 0, 0, 0, 0, 0, 0, 0, 0, 0, 0, 0, 0, 0, 0, 0, 0
L1-D.mshr-latency = 0, 0, 0, 0, 0, 0, 0, 0, 0, 0, 0, 0, 0, 0, 0, 0
L1-D.next_read.no-free-slots = 0, 0, 0, 0, 0, 0, 0, 0, 0, 0, 0, 0, 0, 0, 0, 0
L1-D.next_read.num-barriers = 0, 0, 0, 0, 0, 0, 0, 0, 0, 0, 0, 0, 0, 0, 0, 0
L1-D.next_read.num-requests = 0, 0, 0, 0, 0, 0, 0, 0, 0, 0, 0, 0, 0, 0, 0, 0
L1-D.next_read.requests-out-of-order = 0, 0, 0, 0, 0, 0, 0, 0, 0, 0, 0, 0, 0, 0, 0, 0
L1-D.next_read.requests-simultaneous = 0, 0, 0, 0, 0, 0, 0, 0, 0, 0, 0, 0, 0, 0, 0, 0
L1-D.next_read.total-barrier-delay = 0, 0, 0, 0, 0, 0, 0, 0, 0, 0, 0, 0, 0, 0, 0, 0
L1-D.next_read.total-delay = 0, 0, 0, 0, 0, 0, 0, 0, 0, 0, 0, 0, 0, 0, 0, 0
L1-D.prefetches = 0, 0, 0, 0, 0, 0, 0, 0, 0, 0, 0, 0, 0, 0, 0, 0
L1-D.qbs-query-latency = 0, 0, 0, 0, 0, 0, 0, 0, 0, 0, 0, 0, 0, 0, 0, 0
L1-D.snoop-latency = 0, 0, 0, 0, 0, 0, 0, 0, 0, 0, 0, 0, 0, 0, 0, 0
L1-D.store-misses = 20136941, 714571, 668429, 662611, 1427105, 89478, 49304, 1310264, 1659766, 1222114, 1245368, 1660582, 53592, 1059726, 43323, 16941
L1-D.store-misses-D = 0, 0, 0, 0, 0, 0, 0, 0, 0, 0, 0, 0, 0, 0, 0, 0
L1-D.store-misses-E = 53306, 444765, 426755, 409042, 861064, 7600, 4652, 763841, 1038273, 767715, 791152, 1057487, 5461, 658544, 3393, 1858
L1-D.store-misses-I = 20083365, 269096, 240806, 252568, 565327, 80264, 43550, 545742, 620873, 453790, 453656, 602587, 47206, 400477, 38529, 14532
L1-D.store-misses-M = 0, 0, 0, 0, 0, 0, 0, 0, 0, 0, 0, 0, 0, 0, 0, 0
L1-D.store-misses-O = 0, 0, 0, 0, 0, 0, 0, 0, 0, 0, 0, 0, 0, 0, 0, 0
L1-D.store-misses-S = 270, 710, 868, 1001, 714, 1614, 1102, 681, 620, 609, 560, 508, 925, 705, 1401, 551
L1-D.store-misses-u = 0, 0, 0, 0, 0, 0, 0, 0, 0, 0, 0, 0, 0, 0, 0, 0
L1-D.store-overlapping-misses = 0, 0, 0, 0, 0, 0, 0, 0, 0, 0, 0, 0, 0, 0, 0, 0
L1-D.stores = 82906354, 13866397, 13931279, 13757817, 27547754, 1611360, 1129921, 25789514, 31139570, 22734329, 22972661, 31080701, 1328751, 19651896, 668386, 1245174
L1-D.stores-D = 0, 0, 0, 0, 0, 0, 0, 0, 0, 0, 0, 0, 0, 0, 0, 0
L1-D.stores-E = 53306, 444765, 426755, 409042, 861064, 7600, 4652, 763841, 1038273, 767715, 791152, 1057487, 5461, 658544, 3393, 1858
L1-D.stores-I = 20083365, 269096, 240806, 252568, 565327, 80264, 43550, 545742, 620873, 453790, 453656, 602587, 47206, 400477, 38529, 14532
L1-D.stores-M = 62769413, 13151826, 13262850, 13095206, 26120649, 1521882, 1080617, 24479250, 29479804, 21512215, 21727293, 29420119, 1275159, 18592170, 625063, 1228233
L1-D.stores-O = 0, 0, 0, 0, 0, 0, 0, 0, 0, 0, 0, 0, 0, 0, 0, 0
L1-D.stores-prefetch = 0, 0, 0, 0, 0, 0, 0, 0, 0, 0, 0, 0, 0, 0, 0, 0
L1-D.stores-S = 270, 710, 868, 1001, 714, 1614, 1102, 681, 620, 609, 560, 508, 925, 705, 1401, 551
L1-D.stores-u = 0, 0, 0, 0, 0, 0, 0, 0, 0, 0, 0, 0, 0, 0, 0, 0
L1-D.stores-where-cache-remote = 0, 0, 0, 0, 0, 0, 0, 0, 0, 0, 0, 0, 0, 0, 0, 0
L1-D.stores-where-dram = 0, 0, 0, 0, 0, 0, 0, 0, 0, 0, 0, 0, 0, 0, 0, 0
L1-D.stores-where-dram-cache = 0, 0, 0, 0, 0, 0, 0, 0, 0, 0, 0, 0, 0, 0, 0, 0
L1-D.stores-where-dram-local = 0, 0, 0, 0, 0, 0, 0, 0, 0, 0, 0, 0, 0, 0, 0, 0
L1-D.stores-where-dram-remote = 0, 0, 0, 0, 0, 0, 0, 0, 0, 0, 0, 0, 0, 0, 0, 0
L1-D.stores-where-L1 = 62769413, 13151826, 13262850, 13095206, 26120649, 1521882, 1080617, 24479250, 29479804, 21512215, 21727293, 29420119, 1275159, 18592170, 625063, 1228233
L1-D.stores-where-L1_S = 0, 0, 0, 0, 0, 0, 0, 0, 0, 0, 0, 0, 0, 0, 0, 0
L1-D.stores-where-L1I = 0, 0, 0, 0, 0, 0, 0, 0, 0, 0, 0, 0, 0, 0, 0, 0
L1-D.stores-where-L2 = 20136941, 714571, 668429, 662611, 1427105, 89478, 49304, 1310264, 1659766, 1222114, 1245368, 1660582, 53592, 1059726, 43323, 16941
L1-D.stores-where-L2_S = 0, 0, 0, 0, 0, 0, 0, 0, 0, 0, 0, 0, 0, 0, 0, 0
L1-D.stores-where-L3 = 0, 0, 0, 0, 0, 0, 0, 0, 0, 0, 0, 0, 0, 0, 0, 0
L1-D.stores-where-L3_S = 0, 0, 0, 0, 0, 0, 0, 0, 0, 0, 0, 0, 0, 0, 0, 0
L1-D.stores-where-L4 = 0, 0, 0, 0, 0, 0, 0, 0, 0, 0, 0, 0, 0, 0, 0, 0
L1-D.stores-where-L4_S = 0, 0, 0, 0, 0, 0, 0, 0, 0, 0, 0, 0, 0, 0, 0, 0
L1-D.stores-where-miss = 0, 0, 0, 0, 0, 0, 0, 0, 0, 0, 0, 0, 0, 0, 0, 0
L1-D.stores-where-nuca-cache = 0, 0, 0, 0, 0, 0, 0, 0, 0, 0, 0, 0, 0, 0, 0, 0
L1-D.stores-where-nuca-local = 0, 0, 0, 0, 0, 0, 0, 0, 0, 0, 0, 0, 0, 0, 0, 0
L1-D.stores-where-nuca-remote = 0, 0, 0, 0, 0, 0, 0, 0, 0, 0, 0, 0, 0, 0, 0, 0
L1-D.stores-where-predicate-false = 0, 0, 0, 0, 0, 0, 0, 0, 0, 0, 0, 0, 0, 0, 0, 0
L1-D.stores-where-prefetch-no-mapping = 0, 0, 0, 0, 0, 0, 0, 0, 0, 0, 0, 0, 0, 0, 0, 0
L1-D.stores-where-unknown = 0, 0, 0, 0, 0, 0, 0, 0, 0, 0, 0, 0, 0, 0, 0, 0
L1-D.total-latency = -5797014461311602823, 92854825280355, 84532264431769, 89683840548198, 204776912639761, 12917942565338, 7495570344898, 198890448329796, 222605456182858, 159674253968794, 160922696322716, 216064918765573, 8659766444646, 139433112387594, 6372507543859, 2981365728905
L1-I.access-mru-0 = 1706615, 10684612, 10707374, 10500271, 21971140, 4901054, 2666857, 21022521, 24542129, 17696188, 17890176, 24477724, 2889417, 15201378, 2367956, 867566
L1-I.access-mru-1 = 38367, 180484, 160744, 174372, 335306, 13101, 18399, 313813, 377475, 298933, 298121, 366489, 14192, 271490, 5641, 16202
L1-I.access-mru-2 = 20749, 2704, 4578, 4828, 3103, 1563, 2670, 2381, 1552, 1596, 1184, 1284, 1970, 2044, 582, 2869
L1-I.access-mru-3 = 10, 8, 8, 13, 20, 3, 3, 24, 14, 4, 2, 17, 5, 8, 0, 9
L1-I.backinval-D = 0, 0, 0, 0, 0, 0, 0, 0, 0, 0, 0, 0, 0, 0, 0, 0
L1-I.backinval-E = 9837, 17285, 13813, 15187, 32912, 2015, 408, 34463, 34480, 24630, 23677, 31135, 874, 19820, 450, 1359
L1-I.backinval-I = 0, 0, 0, 0, 0, 0, 0, 0, 0, 0, 0, 0, 0, 0, 0, 0
L1-I.backinval-M = 0, 0, 0, 0, 0, 0, 0, 0, 0, 0, 0, 0, 0, 0, 0, 0
L1-I.backinval-O = 0, 0, 0, 0, 0, 0, 0, 0, 0, 0, 0, 0, 0, 0, 0, 0
L1-I.backinval-S = 3268, 87278, 91486, 89573, 201967, 27900, 18494, 195768, 200933, 141568, 140108, 197573, 20861, 123466, 13179, 12599
L1-I.backinval-u = 0, 0, 0, 0, 0, 0, 0, 0, 0, 0, 0, 0, 0, 0, 0, 0
L1-I.coherency-downgrades = 73, 5922, 4674, 5107, 10975, 513, 370, 12648, 10287, 6256, 6793, 11417, 802, 7166, 272, 979
L1-I.coherency-invalidates = 0, 0, 0, 0, 0, 0, 0, 0, 0, 0, 0, 0, 0, 0, 0, 0
L1-I.coherency-upgrades = 0, 0, 0, 0, 0, 0, 0, 0, 0, 0, 0, 0, 0, 0, 0, 0
L1-I.coherency-writebacks = 0, 0, 0, 0, 0, 0, 0, 0, 0, 0, 0, 0, 0, 0, 0, 0
L1-I.evict-D = 0, 0, 0, 0, 0, 0, 0, 0, 0, 0, 0, 0, 0, 0, 0, 0
L1-I.evict-E = 0, 0, 0, 0, 0, 0, 0, 0, 0, 0, 0, 0, 0, 0, 0, 0
L1-I.evict-I = 0, 0, 0, 0, 0, 0, 0, 0, 0, 0, 0, 0, 0, 0, 0, 0
L1-I.evict-M = 0, 0, 0, 0, 0, 0, 0, 0, 0, 0, 0, 0, 0, 0, 0, 0
L1-I.evict-O = 0, 0, 0, 0, 0, 0, 0, 0, 0, 0, 0, 0, 0, 0, 0, 0
L1-I.evict-prefetch = 0, 0, 0, 0, 0, 0, 0, 0, 0, 0, 0, 0, 0, 0, 0, 0
L1-I.evict-S = 0, 0, 0, 0, 0, 0, 0, 0, 0, 0, 0, 0, 0, 0, 0, 0
L1-I.evict-u = 0, 0, 0, 0, 0, 0, 0, 0, 0, 0, 0, 0, 0, 0, 0, 0
L1-I.evict-warmup = 0, 0, 0, 0, 0, 0, 0, 0, 0, 0, 0, 0, 0, 0, 0, 0
L1-I.hits-prefetch = 0, 0, 0, 0, 0, 0, 0, 0, 0, 0, 0, 0, 0, 0, 0, 0
L1-I.hits-warmup = 0, 0, 0, 0, 0, 0, 0, 0, 0, 0, 0, 0, 0, 0, 0, 0
L1-I.invalidate-prefetch = 0, 0, 0, 0, 0, 0, 0, 0, 0, 0, 0, 0, 0, 0, 0, 0
L1-I.invalidate-warmup = 0, 0, 0, 0, 0, 0, 0, 0, 0, 0, 0, 0, 0, 0, 0, 0
L1-I.load-misses = 13381, 104771, 105526, 104989, 235109, 30027, 19088, 230440, 235631, 166399, 163962, 228858, 21850, 143470, 13803, 14149
L1-I.load-misses-D = 0, 0, 0, 0, 0, 0, 0, 0, 0, 0, 0, 0, 0, 0, 0, 0
L1-I.load-misses-E = 0, 0, 0, 0, 0, 0, 0, 0, 0, 0, 0, 0, 0, 0, 0, 0
L1-I.load-misses-I = 13381, 104771, 105526, 104989, 235109, 30027, 19088, 230440, 235631, 166399, 163962, 228858, 21850, 143470, 13803, 14149
L1-I.load-misses-M = 0, 0, 0, 0, 0, 0, 0, 0, 0, 0, 0, 0, 0, 0, 0, 0
L1-I.load-misses-O = 0, 0, 0, 0, 0, 0, 0, 0, 0, 0, 0, 0, 0, 0, 0, 0
L1-I.load-misses-S = 0, 0, 0, 0, 0, 0, 0, 0, 0, 0, 0, 0, 0, 0, 0, 0
L1-I.load-misses-u = 0, 0, 0, 0, 0, 0, 0, 0, 0, 0, 0, 0, 0, 0, 0, 0
L1-I.load-overlapping-misses = 0, 0, 0, 0, 0, 0, 0, 0, 0, 0, 0, 0, 0, 0, 0, 0
L1-I.loads = 1779122, 10972579, 10978230, 10784473, 22544678, 4945748, 2707017, 21569179, 25156801, 18163120, 18353445, 25074372, 2927434, 15618390, 2387982, 900795
L1-I.loads-D = 0, 0, 0, 0, 0, 0, 0, 0, 0, 0, 0, 0, 0, 0, 0, 0
L1-I.loads-E = 1598194, 997264, 918422, 916417, 1886411, 1475629, 8774, 1911617, 2020953, 1465155, 1463314, 1892783, 39369, 1076861, 22900, 119613
L1-I.loads-I = 13381, 104771, 105526, 104989, 235109, 30027, 19088, 230440, 235631, 166399, 163962, 228858, 21850, 143470, 13803, 14149
L1-I.loads-M = 0, 0, 0, 0, 0, 0, 0, 0, 0, 0, 0, 0, 0, 0, 0, 0
L1-I.loads-O = 0, 0, 0, 0, 0, 0, 0, 0, 0, 0, 0, 0, 0, 0, 0, 0
L1-I.loads-prefetch = 0, 0, 0, 0, 0, 0, 0, 0, 0, 0, 0, 0, 0, 0, 0, 0
L1-I.loads-S = 167547, 9870544, 9954282, 9763067, 20423158, 3440092, 2679155, 19427122, 22900217, 16531566, 16726169, 22952731, 2866215, 14398059, 2351279, 767033
L1-I.loads-u = 0, 0, 0, 0, 0, 0, 0, 0, 0, 0, 0, 0, 0, 0, 0, 0
L1-I.loads-where-cache-remote = 2, 5956, 5749, 5120, 9206, 516, 463, 10628, 10975, 8798, 8450, 9195, 578, 7678, 314, 625
L1-I.loads-where-dram = 0, 0, 0, 0, 0, 0, 0, 0, 0, 0, 0, 0, 0, 0, 0, 0
L1-I.loads-where-dram-cache = 0, 0, 0, 0, 0, 0, 0, 0, 0, 0, 0, 0, 0, 0, 0, 0
L1-I.loads-where-dram-local = 255, 0, 0, 0, 11, 0, 0, 0, 8, 0, 0, 0, 3, 0, 0, 0
L1-I.loads-where-dram-remote = 732, 132, 19, 9, 34, 55, 17, 7, 23, 2, 1, 359, 8, 18, 23, 3
L1-I.loads-where-L1 = 0, 0, 0, 0, 0, 0, 0, 0, 0, 0, 0, 0, 0, 0, 0, 0
L1-I.loads-where-L1_S = 0, 0, 0, 0, 0, 0, 0, 0, 0, 0, 0, 0, 0, 0, 0, 0
L1-I.loads-where-L1I = 1765741, 10867808, 10872704, 10679484, 22309569, 4915721, 2687929, 21338739, 24921170, 17996721, 18189483, 24845514, 2905584, 15474920, 2374179, 886646
L1-I.loads-where-L2 = 0, 0, 0, 0, 0, 0, 0, 0, 0, 0, 0, 0, 0, 0, 0, 0
L1-I.loads-where-L2_S = 0, 0, 0, 0, 0, 0, 0, 0, 0, 0, 0, 0, 0, 0, 0, 0
L1-I.loads-where-L3 = 0, 0, 0, 0, 0, 0, 0, 0, 0, 0, 0, 0, 0, 0, 0, 0
L1-I.loads-where-L3_S = 0, 0, 0, 0, 0, 0, 0, 0, 0, 0, 0, 0, 0, 0, 0, 0
L1-I.loads-where-L4 = 0, 0, 0, 0, 0, 0, 0, 0, 0, 0, 0, 0, 0, 0, 0, 0
L1-I.loads-where-L4_S = 0, 0, 0, 0, 0, 0, 0, 0, 0, 0, 0, 0, 0, 0, 0, 0
L1-I.loads-where-miss = 0, 0, 0, 0, 0, 0, 0, 0, 0, 0, 0, 0, 0, 0, 0, 0
L1-I.loads-where-nuca-cache = 0, 0, 0, 0, 0, 0, 0, 0, 0, 0, 0, 0, 0, 0, 0, 0
L1-I.loads-where-nuca-local = 1587, 6578, 6586, 7402, 13822, 1640, 1294, 13738, 12380, 9314, 8512, 12393, 1390, 9056, 960, 807
L1-I.loads-where-nuca-remote = 10805, 92105, 93172, 92458, 212036, 27816, 17314, 206067, 212245, 148285, 146999, 206911, 19871, 126718, 12506, 12714
L1-I.loads-where-predicate-false = 0, 0, 0, 0, 0, 0, 0, 0, 0, 0, 0, 0, 0, 0, 0, 0
L1-I.loads-where-prefetch-no-mapping = 0, 0, 0, 0, 0, 0, 0, 0, 0, 0, 0, 0, 0, 0, 0, 0
L1-I.loads-where-unknown = 0, 0, 0, 0, 0, 0, 0, 0, 0, 0, 0, 0, 0, 0, 0, 0
L1-I.mshr-latency = 0, 0, 0, 0, 0, 0, 0, 0, 0, 0, 0, 0, 0, 0, 0, 0
L1-I.next_read.no-free-slots = 0, 0, 0, 0, 0, 0, 0, 0, 0, 0, 0, 0, 0, 0, 0, 0
L1-I.next_read.num-barriers = 0, 0, 0, 0, 0, 0, 0, 0, 0, 0, 0, 0, 0, 0, 0, 0
L1-I.next_read.num-requests = 0, 0, 0, 0, 0, 0, 0, 0, 0, 0, 0, 0, 0, 0, 0, 0
L1-I.next_read.requests-out-of-order = 0, 0, 0, 0, 0, 0, 0, 0, 0, 0, 0, 0, 0, 0, 0, 0
L1-I.next_read.requests-simultaneous = 0, 0, 0, 0, 0, 0, 0, 0, 0, 0, 0, 0, 0, 0, 0, 0
L1-I.next_read.total-barrier-delay = 0, 0, 0, 0, 0, 0, 0, 0, 0, 0, 0, 0, 0, 0, 0, 0
L1-I.next_read.total-delay = 0, 0, 0, 0, 0, 0, 0, 0, 0, 0, 0, 0, 0, 0, 0, 0
L1-I.prefetches = 0, 0, 0, 0, 0, 0, 0, 0, 0, 0, 0, 0, 0, 0, 0, 0
L1-I.qbs-query-latency = 0, 0, 0, 0, 0, 0, 0, 0, 0, 0, 0, 0, 0, 0, 0, 0
L1-I.snoop-latency = 0, 0, 0, 0, 0, 0, 0, 0, 0, 0, 0, 0, 0, 0, 0, 0
L1-I.store-misses = 0, 0, 0, 0, 0, 0, 0, 0, 0, 0, 0, 0, 0, 0, 0, 0
L1-I.store-misses-D = 0, 0, 0, 0, 0, 0, 0, 0, 0, 0, 0, 0, 0, 0, 0, 0
L1-I.store-misses-E = 0, 0, 0, 0, 0, 0, 0, 0, 0, 0, 0, 0, 0, 0, 0, 0
L1-I.store-misses-I = 0, 0, 0, 0, 0, 0, 0, 0, 0, 0, 0, 0, 0, 0, 0, 0
L1-I.store-misses-M = 0, 0, 0, 0, 0, 0, 0, 0, 0, 0, 0, 0, 0, 0, 0, 0
L1-I.store-misses-O = 0, 0, 0, 0, 0, 0, 0, 0, 0, 0, 0, 0, 0, 0, 0, 0
L1-I.store-misses-S = 0, 0, 0, 0, 0, 0, 0, 0, 0, 0, 0, 0, 0, 0, 0, 0
L1-I.store-misses-u = 0, 0, 0, 0, 0, 0, 0, 0, 0, 0, 0, 0, 0, 0, 0, 0
L1-I.store-overlapping-misses = 0, 0, 0, 0, 0, 0, 0, 0, 0, 0, 0, 0, 0, 0, 0, 0
L1-I.stores = 0, 0, 0, 0, 0, 0, 0, 0, 0, 0, 0, 0, 0, 0, 0, 0
L1-I.stores-D = 0, 0, 0, 0, 0, 0, 0, 0, 0, 0, 0, 0, 0, 0, 0, 0
L1-I.stores-E = 0, 0, 0, 0, 0, 0, 0, 0, 0, 0, 0, 0, 0, 0, 0, 0
L1-I.stores-I = 0, 0, 0, 0, 0, 0, 0, 0, 0, 0, 0, 0, 0, 0, 0, 0
L1-I.stores-M = 0, 0, 0, 0, 0, 0, 0, 0, 0, 0, 0, 0, 0, 0, 0, 0
L1-I.stores-O = 0, 0, 0, 0, 0, 0, 0, 0, 0, 0, 0, 0, 0, 0, 0, 0
L1-I.stores-prefetch = 0, 0, 0, 0, 0, 0, 0, 0, 0, 0, 0, 0, 0, 0, 0, 0
L1-I.stores-S = 0, 0, 0, 0, 0, 0, 0, 0, 0, 0, 0, 0, 0, 0, 0, 0
L1-I.stores-u = 0, 0, 0, 0, 0, 0, 0, 0, 0, 0, 0, 0, 0, 0, 0, 0
L1-I.stores-where-cache-remote = 0, 0, 0, 0, 0, 0, 0, 0, 0, 0, 0, 0, 0, 0, 0, 0
L1-I.stores-where-dram = 0, 0, 0, 0, 0, 0, 0, 0, 0, 0, 0, 0, 0, 0, 0, 0
L1-I.stores-where-dram-cache = 0, 0, 0, 0, 0, 0, 0, 0, 0, 0, 0, 0, 0, 0, 0, 0
L1-I.stores-where-dram-local = 0, 0, 0, 0, 0, 0, 0, 0, 0, 0, 0, 0, 0, 0, 0, 0
L1-I.stores-where-dram-remote = 0, 0, 0, 0, 0, 0, 0, 0, 0, 0, 0, 0, 0, 0, 0, 0
L1-I.stores-where-L1 = 0, 0, 0, 0, 0, 0, 0, 0, 0, 0, 0, 0, 0, 0, 0, 0
L1-I.stores-where-L1_S = 0, 0, 0, 0, 0, 0, 0, 0, 0, 0, 0, 0, 0, 0, 0, 0
L1-I.stores-where-L1I = 0, 0, 0, 0, 0, 0, 0, 0, 0, 0, 0, 0, 0, 0, 0, 0
L1-I.stores-where-L2 = 0, 0, 0, 0, 0, 0, 0, 0, 0, 0, 0, 0, 0, 0, 0, 0
L1-I.stores-where-L2_S = 0, 0, 0, 0, 0, 0, 0, 0, 0, 0, 0, 0, 0, 0, 0, 0
L1-I.stores-where-L3 = 0, 0, 0, 0, 0, 0, 0, 0, 0, 0, 0, 0, 0, 0, 0, 0
L1-I.stores-where-L3_S = 0, 0, 0, 0, 0, 0, 0, 0, 0, 0, 0, 0, 0, 0, 0, 0
L1-I.stores-where-L4 = 0, 0, 0, 0, 0, 0, 0, 0, 0, 0, 0, 0, 0, 0, 0, 0
L1-I.stores-where-L4_S = 0, 0, 0, 0, 0, 0, 0, 0, 0, 0, 0, 0, 0, 0, 0, 0
L1-I.stores-where-miss = 0, 0, 0, 0, 0, 0, 0, 0, 0, 0, 0, 0, 0, 0, 0, 0
L1-I.stores-where-nuca-cache = 0, 0, 0, 0, 0, 0, 0, 0, 0, 0, 0, 0, 0, 0, 0, 0
L1-I.stores-where-nuca-local = 0, 0, 0, 0, 0, 0, 0, 0, 0, 0, 0, 0, 0, 0, 0, 0
L1-I.stores-where-nuca-remote = 0, 0, 0, 0, 0, 0, 0, 0, 0, 0, 0, 0, 0, 0, 0, 0
L1-I.stores-where-predicate-false = 0, 0, 0, 0, 0, 0, 0, 0, 0, 0, 0, 0, 0, 0, 0, 0
L1-I.stores-where-prefetch-no-mapping = 0, 0, 0, 0, 0, 0, 0, 0, 0, 0, 0, 0, 0, 0, 0, 0
L1-I.stores-where-unknown = 0, 0, 0, 0, 0, 0, 0, 0, 0, 0, 0, 0, 0, 0, 0, 0
L1-I.total-latency = 699363340429347, 4455156633822, 4148205544097, 4414067389488, 9354071505542, 932099079951, 573178590980, 9362316330104, 9786571830688, 7148335550146, 7116675318474, 9391775813409, 729928919611, 6286549864244, 437306994935, 425533178587
l1misslat = -133882351738.0
L2.access-mru-0 = 1, 0, 0, 0, 0, 0, 0, 0, 0, 0, 0, 0, 0, 0, 0, 0
L2.access-mru-1 = 0, 0, 0, 0, 0, 0, 0, 0, 0, 0, 0, 0, 0, 0, 0, 0
L2.access-mru-2 = 0, 0, 0, 0, 0, 0, 0, 0, 0, 0, 0, 0, 0, 0, 0, 0
L2.access-mru-3 = 0, 0, 0, 0, 0, 0, 0, 0, 0, 0, 0, 0, 0, 0, 0, 0
L2.backinval-D = 0, 0, 0, 0, 0, 0, 0, 0, 0, 0, 0, 0, 0, 0, 0, 0
L2.backinval-E = 0, 0, 0, 0, 0, 0, 0, 0, 0, 0, 0, 0, 0, 0, 0, 0
L2.backinval-I = 0, 0, 0, 0, 0, 0, 0, 0, 0, 0, 0, 0, 0, 0, 0, 0
L2.backinval-M = 0, 0, 0, 0, 0, 0, 0, 0, 0, 0, 0, 0, 0, 0, 0, 0
L2.backinval-O = 0, 0, 0, 0, 0, 0, 0, 0, 0, 0, 0, 0, 0, 0, 0, 0
L2.backinval-S = 0, 0, 0, 0, 0, 0, 0, 0, 0, 0, 0, 0, 0, 0, 0, 0
L2.backinval-u = 0, 0, 0, 0, 0, 0, 0, 0, 0, 0, 0, 0, 0, 0, 0, 0
L2.coherency-downgrades = 510, 7816, 6834, 7279, 13517, 3999, 2729, 15428, 12382, 7870, 8564, 13748, 3072, 9156, 3522, 2119
L2.coherency-invalidates = 224, 1373, 2312, 2944, 1887, 2853, 2117, 1488, 912, 995, 885, 978, 2139, 1709, 1531, 2667
L2.coherency-upgrades = 298, 847, 1092, 1232, 857, 1729, 1232, 805, 741, 690, 629, 587, 1014, 802, 1424, 684
L2.coherency-writebacks = 158, 231, 415, 548, 338, 597, 531, 277, 191, 227, 147, 167, 549, 261, 462, 388
L2.evict-D = 0, 0, 0, 0, 0, 0, 0, 0, 0, 0, 0, 0, 0, 0, 0, 0
L2.evict-E = 369486, 178749, 206988, 168350, 525501, 91673, 49561, 487537, 447574, 285179, 294058, 512938, 54026, 223576, 43904, 13213
L2.evict-I = 0, 0, 0, 0, 0, 0, 0, 0, 0, 0, 0, 0, 0, 0, 0, 0
L2.evict-M = 20139545, 714614, 668133, 662216, 1427890, 86592, 47156, 1311055, 1660700, 1222617, 1245807, 1661496, 51710, 1059985, 40170, 16136
L2.evict-O = 0, 0, 0, 0, 0, 0, 0, 0, 0, 0, 0, 0, 0, 0, 0, 0
L2.evict-prefetch = 0, 0, 0, 0, 0, 0, 0, 0, 0, 0, 0, 0, 0, 0, 0, 0
L2.evict-S = 5326, 99284, 103926, 102450, 229902, 34128, 22633, 222880, 227873, 160189, 158693, 223222, 25286, 139750, 16868, 15780
L2.evict-u = 0, 0, 0, 0, 0, 0, 0, 0, 0, 0, 0, 0, 0, 0, 0, 0
L2.evict-warmup = 0, 0, 0, 0, 0, 0, 0, 0, 0, 0, 0, 0, 0, 0, 0, 0
L2.hits-prefetch = 0, 0, 0, 0, 0, 0, 0, 0, 0, 0, 0, 0, 0, 0, 0, 0
L2.hits-warmup = 0, 0, 0, 0, 0, 0, 0, 0, 0, 0, 0, 0, 0, 0, 0, 0
L2.invalidate-prefetch = 0, 0, 0, 0, 0, 0, 0, 0, 0, 0, 0, 0, 0, 0, 0, 0
L2.invalidate-warmup = 0, 0, 0, 0, 0, 0, 0, 0, 0, 0, 0, 0, 0, 0, 0, 0
L2.load-misses = 434278, 726457, 742408, 685419, 1622098, 136368, 79166, 1479300, 1718163, 1216921, 1247378, 1797930, 87103, 1026242, 64970, 34444
L2.load-misses-D = 0, 0, 0, 0, 0, 0, 0, 0, 0, 0, 0, 0, 0, 0, 0, 0
L2.load-misses-E = 2364, 673, 728, 760, 1273, 187, 170, 1191, 1171, 937, 885, 1143, 199, 850, 67, 201
L2.load-misses-I = 431886, 725646, 741455, 684425, 1620680, 136066, 78866, 1477984, 1716869, 1215901, 1246422, 1796706, 86813, 1025292, 64878, 34107
L2.load-misses-M = 0, 0, 0, 0, 0, 0, 0, 0, 0, 0, 0, 0, 0, 0, 0, 0
L2.load-misses-O = 0, 0, 0, 0, 0, 0, 0, 0, 0, 0, 0, 0, 0, 0, 0, 0
L2.load-misses-S = 28, 138, 225, 234, 145, 115, 130, 125, 123, 83, 71, 81, 91, 100, 25, 136
L2.load-misses-u = 0, 0, 0, 0, 0, 0, 0, 0, 0, 0, 0, 0, 0, 0, 0, 0
L2.load-overlapping-misses = 647, 410, 386, 430, 633, 109, 164, 675, 662, 497, 431, 603, 122, 375, 40, 147
L2.loads = 434279, 726457, 742408, 685419, 1622098, 136368, 79166, 1479300, 1718163, 1216921, 1247378, 1797930, 87103, 1026242, 64970, 34444
L2.loads-D = 0, 0, 0, 0, 0, 0, 0, 0, 0, 0, 0, 0, 0, 0, 0, 0
L2.loads-E = 2365, 673, 728, 760, 1273, 187, 170, 1191, 1171, 937, 885, 1143, 199, 850, 67, 201
L2.loads-I = 431886, 725646, 741455, 684425, 1620680, 136066, 78866, 1477984, 1716869, 1215901, 1246422, 1796706, 86813, 1025292, 64878, 34107
L2.loads-M = 0, 0, 0, 0, 0, 0, 0, 0, 0, 0, 0, 0, 0, 0, 0, 0
L2.loads-O = 0, 0, 0, 0, 0, 0, 0, 0, 0, 0, 0, 0, 0, 0, 0, 0
L2.loads-prefetch = 0, 0, 0, 0, 0, 0, 0, 0, 0, 0, 0, 0, 0, 0, 0, 0
L2.loads-S = 28, 138, 225, 234, 145, 115, 130, 125, 123, 83, 71, 81, 91, 100, 25, 136
L2.loads-u = 0, 0, 0, 0, 0, 0, 0, 0, 0, 0, 0, 0, 0, 0, 0, 0
L2.mshr-latency = 0, 0, 0, 0, 0, 0, 0, 0, 0, 0, 0, 0, 0, 0, 0, 0
L2.next_read.no-free-slots = 0, 0, 0, 0, 0, 0, 0, 0, 0, 0, 0, 0, 0, 0, 0, 0
L2.next_read.num-barriers = 0, 0, 0, 0, 0, 0, 0, 0, 0, 0, 0, 0, 0, 0, 0, 0
L2.next_read.num-requests = 0, 0, 0, 0, 0, 0, 0, 0, 0, 0, 0, 0, 0, 0, 0, 0
L2.next_read.requests-out-of-order = 0, 0, 0, 0, 0, 0, 0, 0, 0, 0, 0, 0, 0, 0, 0, 0
L2.next_read.requests-simultaneous = 0, 0, 0, 0, 0, 0, 0, 0, 0, 0, 0, 0, 0, 0, 0, 0
L2.next_read.total-barrier-delay = 0, 0, 0, 0, 0, 0, 0, 0, 0, 0, 0, 0, 0, 0, 0, 0
L2.next_read.total-delay = 0, 0, 0, 0, 0, 0, 0, 0, 0, 0, 0, 0, 0, 0, 0, 0
L2.prefetches = 0, 0, 0, 0, 0, 0, 0, 0, 0, 0, 0, 0, 0, 0, 0, 0
L2.qbs-query-latency = 0, 0, 0, 0, 0, 0, 0, 0, 0, 0, 0, 0, 0, 0, 0, 0
L2.snoop-latency = 0, 0, 0, 0, 0, 0, 0, 0, 0, 0, 0, 0, 0, 0, 0, 0
L2.store-misses = 20136941, 714571, 668429, 662611, 1427105, 89478, 49304, 1310264, 1659766, 1222114, 1245368, 1660582, 53592, 1059726, 43323, 16941
L2.store-misses-D = 0, 0, 0, 0, 0, 0, 0, 0, 0, 0, 0, 0, 0, 0, 0, 0
L2.store-misses-E = 53306, 444765, 426755, 409042, 861064, 7600, 4652, 763841, 1038273, 767715, 791152, 1057487, 5461, 658544, 3393, 1858
L2.store-misses-I = 20083365, 269096, 240806, 252568, 565327, 80264, 43550, 545742, 620873, 453790, 453656, 602587, 47206, 400477, 38529, 14532
L2.store-misses-M = 0, 0, 0, 0, 0, 0, 0, 0, 0, 0, 0, 0, 0, 0, 0, 0
L2.store-misses-O = 0, 0, 0, 0, 0, 0, 0, 0, 0, 0, 0, 0, 0, 0, 0, 0
L2.store-misses-S = 270, 710, 868, 1001, 714, 1614, 1102, 681, 620, 609, 560, 508, 925, 705, 1401, 551
L2.store-misses-u = 0, 0, 0, 0, 0, 0, 0, 0, 0, 0, 0, 0, 0, 0, 0, 0
L2.store-overlapping-misses = 1589, 394711, 378442, 359928, 771444, 4494, 2433, 684614, 931519, 688074, 708682, 948008, 2950, 587417, 2181, 900
L2.stores = 20136941, 714571, 668429, 662611, 1427105, 89478, 49304, 1310264, 1659766, 1222114, 1245368, 1660582, 53592, 1059726, 43323, 16941
L2.stores-D = 0, 0, 0, 0, 0, 0, 0, 0, 0, 0, 0, 0, 0, 0, 0, 0
L2.stores-E = 53306, 444765, 426755, 409042, 861064, 7600, 4652, 763841, 1038273, 767715, 791152, 1057487, 5461, 658544, 3393, 1858
L2.stores-I = 20083365, 269096, 240806, 252568, 565327, 80264, 43550, 545742, 620873, 453790, 453656, 602587, 47206, 400477, 38529, 14532
L2.stores-M = 0, 0, 0, 0, 0, 0, 0, 0, 0, 0, 0, 0, 0, 0, 0, 0
L2.stores-O = 0, 0, 0, 0, 0, 0, 0, 0, 0, 0, 0, 0, 0, 0, 0, 0
L2.stores-prefetch = 0, 0, 0, 0, 0, 0, 0, 0, 0, 0, 0, 0, 0, 0, 0, 0
L2.stores-S = 270, 710, 868, 1001, 714, 1614, 1102, 681, 620, 609, 560, 508, 925, 705, 1401, 551
L2.stores-u = 0, 0, 0, 0, 0, 0, 0, 0, 0, 0, 0, 0, 0, 0, 0, 0
L2.total-latency = 0, 0, 0, 0, 0, 0, 0, 0, 0, 0, 0, 0, 0, 0, 0, 0
L2.uncore-requests = 20515548, 995581, 983351, 938217, 2186859, 218056, 123642, 2024526, 2338477, 1670378, 1700707, 2399877, 135031, 1426568, 104831, 49317
L2.uncore-time-dram = 0, 0, 0, 0, 0, 0, 0, 0, 0, 0, 0, 0, 0, 0, 0, 0
L2.uncore-time-dram-bus = 171661320666020, 371301178524, 430348256904, 457330369380, 734130934668, 723779783740, 411770132600, 519218113772, 699596190896, 591600306784, 599018069664, 822022995520, 447383823700, 422391020360, 342827084196, 112623556636
L2.uncore-time-dram-cache = 0, 0, 0, 0, 0, 0, 0, 0, 0, 0, 0, 0, 0, 0, 0, 0
L2.uncore-time-dram-cache-bus = 0, 0, 0, 0, 0, 0, 0, 0, 0, 0, 0, 0, 0, 0, 0, 0
L2.uncore-time-dram-cache-data = 0, 0, 0, 0, 0, 0, 0, 0, 0, 0, 0, 0, 0, 0, 0, 0
L2.uncore-time-dram-cache-queue = 0, 0, 0, 0, 0, 0, 0, 0, 0, 0, 0, 0, 0, 0, 0, 0
L2.uncore-time-dram-cache-tags = 0, 0, 0, 0, 0, 0, 0, 0, 0, 0, 0, 0, 0, 0, 0, 0
L2.uncore-time-dram-device = 916420275000000, 1982205000000, 2297430000000, 2441475000000, 3919185000000, 3863925000000, 2198250000000, 2771865000000, 3734820000000, 3158280000000, 3197880000000, 4388400000000, 2388375000000, 2254950000000, 1830195000000, 601245000000
L2.uncore-time-dram-queue = -5800688735478649157, 2825606887135, 3128735485345, 3374770787889, 7096498514802, 1733412224730, 1351123370458, 2651095709365, 8532358835545, 6224534012361, 8545629938133, 11437285077117, 1496649654936, 3046802002499, 814739206152, 963980948733
L2.uncore-time-inv-imbalance = 3173862429, 15993686351, 15260503427, 16266365919, 11631244064, 6133999197, 15578270437, 12347955478, 5454426717, 2131419095, 3753074593, 1509004199, 1126254711, 6876018556, 8747042936, 214169711
L2.uncore-time-noc-base = 511049765749108, 33249797090366, 30035427770880, 29028578082041, 28744374618632, 2871535035148, 1621210271097, 26683410819957, 31339706212695, 26143708220732, 25079526529725, 30041010059405, 2297299962400, 50950854501268, 1633421584334, 762787002960
L2.uncore-time-noc-queue = 2605188124324461, 48580654674877, 42581715594304, 49043980098552, 151353487744062, 2514708695411, 1341409609172, 155303961737391, 164181368563745, 113339934225185, 112900817450520, 154468320240018, 1451142550741, 74535679579077, 1156346543347, 481197630967
L2.uncore-time-nuca-bus = 975625054, 36381633067, 33135735326, 31791641687, 51260931539, 5621751265, 3094623625, 43890045388, 57759276253, 51831251177, 52788760748, 56297953599, 3485800880, 43357652088, 2312133976, 1360230550
L2.uncore-time-nuca-data = 450811011240, 2833974539944, 2775098479472, 2630564473336, 6276709621072, 369485880224, 207532360000, 5860279069260, 6739192025338, 4776351873471, 4866574177229, 6888376410656, 229155370304, 4107547592344, 171477305168, 97584741864
L2.uncore-time-nuca-ecc = 0, 0, 0, 0, 0, 0, 0, 0, 0, 0, 0, 0, 0, 0, 0, 0
L2.uncore-time-nuca-queue = 150041297520, 943216681872, 923620574720, 875516671088, 2089046921760, 122973905504, 69071347904, 1950446779920, 2242971005184, 1589687021712, 1619718303664, 2292625420640, 76268365344, 1367091980784, 57071647616, 32478668272
L2.uncore-time-nuca-tags = 15424619275620, 741611857788, 732159247572, 698433008004, 1634660215434, 156931224282, 88611829812, 1511381546676, 1747199058840, 1246855076838, 1270074573234, 1795416994980, 97194517182, 1064560751982, 73448706186, 34442027424
L2.uncore-time-remote-cache-inv = 0, 0, 0, 0, 0, 0, 0, 0, 0, 0, 0, 0, 0, 0, 0, 0
L2.uncore-time-remote-cache-wb = 0, 0, 0, 0, 0, 0, 0, 0, 0, 0, 0, 0, 0, 0, 0, 0
L2.uncore-time-td-access = 145433584853190, 4465992732256, 4506752972610, 4282373780460, 9443091440520, 1307602307970, 662840607240, 8402849430570, 10205176184370, 7610918889510, 7795726742520, 10282371498630, 792983170260, 6119606470410, 633325636350, 277803883440
L2.uncore-time-unknown = 121260000000, 721212000000, 690324000000, 709644000000, 1630404000000, 88920000000, 49800000000, 1493131738294, 1636296000000, 1169640000000, 1170696000000, 1683252000000, 55620000000, 1015608000000, 45144000000, 21468000000
L2.uncore-totaltime = -5796322831526984515, 96767947962180, 88150008620560, 93590724278356, 212984481186553, 13765029807471, 8020292422345, 207203877946071, 231121897779583, 165905472296865, 167102203620030, 224156360457502, 9336684470458, 144935325569368, 6769055890261, 3387185860557
ncores = 16
network.shmem-1.mesh.bytes-in = 2378738128, 379043558, 375728914, 375563428, 944832868, 313385792, 306690114, 457103440, 954548978, 427924506, 429186684, 483747038, 783682422, 409948016, 306312130, 303467166
network.shmem-1.mesh.bytes-out = 2585908406, 380072444, 374509630, 380533096, 872111080, 311816386, 307548782, 446282410, 888113738, 427550904, 427861932, 474789942, 724915642, 412219924, 307893896, 307774970
network.shmem-1.mesh.contention-delay = 1335027310049719, 238424567881763, 233634959531419, 228862475140795, 195859084487444, 182838926272040, 183006717433306, 291722981832709, 214905178153494, 276768241477787, 276245265536986, 284659173201593, 98450506576410, 273826114899601, 183023094863218, 180483146880748
network.shmem-1.mesh.link-down.num-requests = 0, 0, 0, 0, 25124223, 3931297, 3871176, 4008818, 24305179, 3058927, 5633026, 6717568, 14761115, 1366787, 1343227, 6016721
network.shmem-1.mesh.link-down.num-requests-analytical = 0, 0, 0, 0, 18250849, 1153, 1203, 1310, 14619958, 119, 5983, 6365, 9730663, 258, 333, 6757
network.shmem-1.mesh.link-down.total-queue-delay = 0, 0, 0, 0, 164824136974374, 21548803463325, 18753147185255, 18376614660258, 12797079503619, 7688817582693, 6668647640427, 15508368824137, 1693443153564, 1659770760903, 1257188321366, 1073724964523
network.shmem-1.mesh.link-down.total-time-used = 0, 0, 0, 0, 76444831357674, 10758126118310, 10619789061936, 10640247936004, 68278703502818, 6476605623098, 15977070440036, 19493671776536, 40851401557018, 3733959335410, 3660673017818, 20713005446614
network.shmem-1.mesh.link-in.num-requests = 43600585, 6826291, 6784982, 6779388, 14266260, 5339752, 5179776, 8675067, 14528244, 8006794, 8042805, 9316174, 10543581, 7586059, 5172610, 5100612
network.shmem-1.mesh.link-in.num-requests-analytical = 35542816, 1250738, 1249555, 1250243, 3713531, 1231703, 1231493, 1286901, 3707916, 1267610, 1269207, 1282350, 1254594, 1261851, 1231504, 1231785
network.shmem-1.mesh.link-in.total-queue-delay = 365508764158292, 22669732772708, 21572504005096, 22507163713053, 38710765985126, 7691365803701, 7451682237794, 44343726028859, 53713941376843, 36113516211179, 35055393275832, 46867009932918, 8830748080665, 32393571022077, 7447617591091, 7332044621790
network.shmem-1.mesh.link-in.total-time-used = 101001124221014, 17424375163442, 17183739073252, 17459984614704, 40038222212568, 14586778661120, 14421702456696, 20103160168698, 40757227564848, 19375212134636, 19386970213230, 21294917412212, 34045685014374, 18754131983330, 14440960879652, 14460359733552
network.shmem-1.mesh.link-left.num-requests = 0, 14086808, 10914892, 6121267, 0, 13749382, 11067510, 7674708, 0, 15433951, 12981718, 8200052, 0, 13372919, 9087091, 4733588
network.shmem-1.mesh.link-left.num-requests-analytical = 0, 8510818, 2474084, 1244805, 0, 8509107, 2475912, 1269389, 0, 8514788, 2486248, 1266699, 0, 8508249, 2465871, 1231623
network.shmem-1.mesh.link-left.total-queue-delay = 0, 1614182960813, 3871024084179, 5273115979110, 0, 1454928020976, 3151087411793, 14683345760145, 0, 1759683227667, 4985102217566, 14690512130254, 0, 1824839675944, 4480018368297, 29690017287
network.shmem-1.mesh.link-left.total-time-used = 0, 36797894634136, 28233378919808, 15731307002114, 0, 35941591533596, 28182552612540, 18054556216944, 0, 39032881998410, 31677267029396, 19069877180920, 0, 35500639487530, 24924326956226, 13165009612912
network.shmem-1.mesh.link-out.num-requests = 29353908, 6940150, 6878652, 7023662, 18303110, 6158769, 6104710, 7744112, 18373408, 7396945, 7373805, 7953946, 16622927, 7243053, 6123773, 6154050
network.shmem-1.mesh.link-out.num-requests-analytical = 20694466, 1245507, 1245557, 1245849, 8560137, 1245622, 1245442, 1245625, 10970466, 1245962, 1246236, 1246723, 8553734, 1245622, 1245457, 1245678
network.shmem-1.mesh.link-out.total-queue-delay = 1126352675689477, 28630023597047, 23626809287772, 24989939053747, 101702844949117, 1293708016178, 712455825232, 101894973343974, 108368842231304, 81144603879403, 81754612819922, 97091794013323, 819846333156, 42028156389071, 450861212175, 197870780736
network.shmem-1.mesh.link-out.total-time-used = 91223861899704, 17376359742116, 17241311209584, 17227165484092, 43467446964172, 14662934024574, 14384067907964, 20608932086248, 43890469561520, 19390977605870, 19447258770246, 21711832103276, 36825129097042, 18646362307758, 14369423266558, 14261019476604
network.shmem-1.mesh.link-right.num-requests = 31608485, 22604896, 12320403, 0, 9396976, 3438560, 2288159, 0, 9604493, 10367814, 3924846, 0, 6318423, 7945237, 7200736, 0
network.shmem-1.mesh.link-right.num-requests-analytical = 24488549, 14730950, 4957309, 0, 43236, 8074, 932, 0, 46718, 27276, 4406, 0, 8316, 13522, 8958, 0
network.shmem-1.mesh.link-right.total-queue-delay = 1597243820994246, 5229575924285, 888588627001, 0, 14242701849556, 1378041965941, 720098753818, 0, 14691334219523, 3338068644443, 1175606099027, 0, 91330314529, 1683302618215, 759576821971, 0
network.shmem-1.mesh.link-right.total-time-used = 68801829112318, 49552901659976, 27464382079698, 0, 27824308184648, 7618366710640, 5664637133194, 0, 28411693257766, 30258909624444, 8690228670060, 0, 22670528589306, 26086563275486, 24692029350992, 0
network.shmem-1.mesh.link-up.num-requests = 21849223, 9649111, 9268374, 9963680, 21345735, 11234268, 7862889, 8216836, 13785965, 6936423, 5903392, 4603011, 0, 0, 0, 0
network.shmem-1.mesh.link-up.num-requests-analytical = 17043836, 3716457, 3716565, 3717160, 12230356, 2496768, 2477095, 2477662, 6726733, 1245596, 1245451, 1237158, 0, 0, 0, 0
network.shmem-1.mesh.link-up.total-queue-delay = 1901886859280, 2346997001994, 1089371881670, 1086291411268, 30456208365003, 33899055728846, 12638676691736, 10073342521986, 592066155896, 32741095454270, 362969657843, 170898529552, 0, 0, 0, 0
network.shmem-1.mesh.link-up.total-time-used = 54218159200802, 21490553277650, 20148664588188, 22606142144200, 50740089943290, 29579779971936, 17369313696870, 18563874983432, 30800734741462, 17618536877322, 13953918823544, 8986645451586, 0, 0, 0, 0
network.shmem-1.mesh.packets-in = 37150552, 7131157, 7065391, 7213502, 18730686, 6198688, 6127223, 8132984, 18802527, 7705803, 7682418, 8396217, 16647725, 7509384, 6145463, 6162745
network.shmem-1.mesh.packets-out = 51397229, 7017298, 6971721, 6969228, 14693836, 5379671, 5202289, 9063939, 14957363, 8315652, 8351418, 9758445, 10568379, 7852390, 5194300, 5109307
network.shmem-1.mesh.total-delay = 1489498848558223, 265905699523885, 264844025639971, 265307260350863, 265967366731914, 205664914780400, 209420259658356, 332716009956059, 296207460908486, 309325479553405, 310807530748744, 327962506883905, 184710301394464, 310134299697565, 214429527746348, 214381922727802
nuca-cache-queue.num-requests = 3116042, 3085366, 3021909, 3143527, 3028205, 2968578, 2987404, 3043034, 2973107, 3001853, 2967441, 2971489, 3009756, 3028882, 2999411, 3055105
nuca-cache-queue.num-requests-analytical = 9970, 12031, 12023, 12101, 12300, 12024, 12012, 12070, 12306, 12027, 11996, 12079, 12299, 12027, 11994, 12074
nuca-cache-queue.total-queue-delay = 30509389386, 41428512102, 32723372724, 43009453370, 39863246082, 25012476868, 25612552387, 39117884116, 35432918757, 36277915896, 34387340540, 35706980283, 26683655967, 35657914220, 27060382886, 29057519178
nuca-cache-queue.total-time-used = 3119083256992, 3088377317216, 3024858383184, 3146595082352, 3031160528080, 2971475332128, 2990319706304, 3046004001184, 2976008752432, 3004782808528, 2970337222416, 2974389173264, 3012693521856, 3031838188832, 3002338425136, 3058086782480
nuca-cache.access-mru-0 = 2393290, 2373841, 2309546, 2428959, 2325983, 2272872, 2290437, 2342474, 2280664, 2302347, 2273918, 2272953, 2311537, 2326926, 2304659, 2352655
nuca-cache.access-mru-1 = 385462, 377227, 372981, 386464, 376079, 369377, 370009, 375484, 368207, 373757, 368363, 369910, 371807, 373832, 369481, 375265
nuca-cache.access-mru-10 = 5436, 5475, 5636, 4951, 4960, 4981, 5004, 4888, 4882, 4899, 4989, 5090, 4952, 4986, 4973, 4938
nuca-cache.access-mru-11 = 4540, 4644, 4893, 4228, 4204, 4215, 4188, 4264, 4206, 4196, 4172, 4279, 4203, 4202, 4167, 4225
nuca-cache.access-mru-12 = 3878, 3917, 4150, 3544, 3574, 3568, 3616, 3555, 3609, 3538, 3590, 3643, 3589, 3580, 3595, 3577
nuca-cache.access-mru-13 = 3399, 3485, 3632, 3253, 3193, 3148, 3095, 3156, 3180, 3179, 3241, 3284, 3212, 3239, 3149, 3182
nuca-cache.access-mru-14 = 3182, 3175, 3427, 2925, 2973, 2990, 2984, 3019, 2936, 2928, 2990, 3038, 2923, 2906, 2968, 2948
nuca-cache.access-mru-15 = 3131, 3073, 3269, 2887, 2915, 2896, 2898, 2884, 2831, 2856, 2892, 2928, 2917, 2908, 2857, 2848
nuca-cache.access-mru-2 = 150461, 147863, 148761, 149901, 148332, 147644, 148212, 148097, 147834, 148356, 147589, 148640, 148859, 149092, 147058, 148522
nuca-cache.access-mru-3 = 66025, 64908, 65455, 64123, 64472, 64842, 64588, 64203, 63891, 64313, 64146, 64691, 64288, 64706, 64588, 64577
nuca-cache.access-mru-4 = 35111, 34698, 35340, 33626, 33290, 33672, 33677, 33101, 33429, 33413, 33201, 33877, 33487, 33915, 33551, 33929
nuca-cache.access-mru-5 = 22544, 22632, 23208, 21621, 21599, 21653, 21574, 21212, 20914, 21451, 21596, 21781, 21199, 21658, 21554, 21359
nuca-cache.access-mru-6 = 15371, 15814, 16078, 14723, 14491, 14510, 14537, 14414, 14341, 14485, 14443, 14837, 14475, 14550, 14483, 14494
nuca-cache.access-mru-7 = 10674, 10875, 11268, 9906, 9881, 9982, 10066, 9807, 9769, 9890, 9890, 10008, 10025, 9961, 9880, 10082
nuca-cache.access-mru-8 = 7684, 7770, 7969, 7006, 6909, 6915, 7059, 7052, 6965, 6895, 7077, 7122, 6926, 7042, 7008, 7040
nuca-cache.access-mru-9 = 5854, 5969, 6296, 5410, 5350, 5313, 5460, 5424, 5449, 5350, 5344, 5408, 5357, 5379, 5440, 5464
nuca-cache.read-misses = 1330566, 1330654, 1331255, 1329586, 1329648, 1329509, 1329475, 1329535, 1329597, 1329369, 1329508, 1329679, 1329521, 1329647, 1329542, 1329548
nuca-cache.reads = 2404829, 2386558, 2352704, 2456856, 2357604, 2310893, 2324196, 2370182, 2318392, 2337389, 2309658, 2315525, 2348341, 2359313, 2332607, 2377508
nuca-cache.write-misses = 1330700, 1330725, 1331348, 1329647, 1329694, 1329562, 1329530, 1329589, 1329653, 1329428, 1329563, 1329737, 1329568, 1329695, 1329599, 1329594
nuca-cache.writes = 3372479, 3360187, 3331808, 3345904, 3329943, 3316756, 3322213, 3331976, 3313965, 3323261, 3316854, 3315380, 3320504, 3328911, 3325945, 3336739
performance_model.cpiDTLBMiss = 0, 0, 0, 0, 0, 0, 0, 0, 0, 0, 0, 0, 0, 0, 0, 0
performance_model.cpiFastforwardTime = 0, 0, 0, 0, 0, 0, 0, 0, 0, 0, 0, 0, 0, 0, 0, 0
performance_model.cpiITLBMiss = 0, 0, 0, 0, 0, 0, 0, 0, 0, 0, 0, 0, 0, 0, 0, 0
performance_model.cpiRecv = 0, 0, 0, 0, 0, 0, 0, 0, 0, 0, 0, 0, 0, 0, 0, 0
performance_model.cpiStartTime = 0, 347341366133172, 347341814628399, 347342079665394, 347342193950850, 347342492822355, 347342707107585, 347342802972030, 347342946204789, 347343184174176, 347343340188861, 347343649962597, 347343777405918, 347344079284935, 347344342066296, 347344454472057
performance_model.cpiSyncDvfsTransition = 0, 0, 0, 0, 0, 0, 0, 0, 0, 0, 0, 0, 0, 0, 0, 0
performance_model.cpiSyncFutex = 81527178167736, 420706626758, 810522246446, 1316838780381, 531851073993, 63000000000, 1193149201256, 1399463396639, 494393259391, 727664914907, 829451902913, 313330510699, 33000000000, 1884146138100, 37142834220, 7798576792579
performance_model.cpiSyncJoin = 0, 0, 0, 0, 0, 0, 0, 0, 0, 0, 0, 0, 0, 0, 0, 0
performance_model.cpiSyncMemAccess = 0, 0, 0, 0, 0, 0, 0, 0, 0, 0, 0, 0, 0, 0, 0, 0
performance_model.cpiSyncPause = 0, 0, 0, 0, 0, 0, 0, 0, 0, 0, 0, 0, 0, 0, 0, 0
performance_model.cpiSyncPthreadBarrier = 0, 0, 0, 0, 0, 0, 0, 0, 0, 0, 0, 0, 0, 0, 0, 0
performance_model.cpiSyncPthreadCond = 0, 0, 0, 0, 0, 0, 0, 0, 0, 0, 0, 0, 0, 0, 0, 0
performance_model.cpiSyncPthreadMutex = 0, 0, 0, 0, 0, 0, 0, 0, 0, 0, 0, 0, 0, 0, 0, 0
performance_model.cpiSyncSleep = 0, 0, 0, 0, 0, 0, 0, 0, 0, 0, 0, 0, 0, 0, 0, 0
performance_model.cpiSyncSyscall = 345486555, 0, 0, 0, 0, 0, 0, 0, 0, 0, 0, 0, 0, 0, 0, 0
performance_model.cpiSyncUnscheduled = 0, 1310897033, 1647733857, 4025926231, 4619912111, 0, 129694435, 643598528, 3893973902, 3091717816, 2949988813, 4452241057, 1680447330, 2241343798, 1345485681, 1833830442
performance_model.cpiUnknown = 188593934679, 0, 0, 0, 0, 0, 0, 0, 0, 0, 0, 0, 0, 0, 0, 0
performance_model.cycle_count = 1145054438.2, 1011621494.88, 1013851585.72, 1013247729.11, 1138832729.28, 981074502.142, 957667890.698, 1137306159.7, 1140875168.65, 1067021510.56, 1068190812.92, 1137128464.11, 957002734.364, 1050832964.15, 952251201.066, 951923793.794
performance_model.dyninsn_cost = 0, 0, 0, 0, 0, 0, 0, 0, 0, 0, 0, 0, 0, 0, 0, 0
performance_model.dyninsn_count = 0, 0, 0, 0, 0, 0, 0, 0, 0, 0, 0, 0, 0, 0, 0, 0
performance_model.dyninsn_zero_count = 0, 0, 0, 0, 0, 0, 0, 0, 0, 0, 0, 0, 0, 0, 0, 0
performance_model.elapsed_time = 430471593309588, 380308832660473, 381147212675417, 380920198914055, 428132604991211, 368825000805135, 360025522818819, 427558706655124, 428900439341607, 401135906224932, 401575493577327, 427491903800840, 359775464046477, 395049986522755, 357989173333101, 357866087892469
performance_model.elapsed_time_begin = 0, 0, 0, 0, 0, 0, 0, 0, 0, 0, 0, 0, 0, 0, 0, 0
performance_model.elapsed_time_end = 430471593309588, 380308832660473, 381147212675417, 380920198914055, 428132604991211, 368825000805135, 360025522818819, 427558706655124, 428900439341607, 401135906224932, 401575493577327, 427491903800840, 359775464046477, 395049986522755, 357989173333101, 357866087892469
performance_model.idle_elapsed_time = 81527523654291, 347763383656963, 348153984608702, 348662944372006, 347878664936954, 347405492822355, 348535986003276, 348742909967197, 347841233438082, 348073940806899, 348175742080587, 347661432714353, 347378457853248, 349230466766833, 347382830386197, 355144865095078
performance_model.instruction_count = 132134036, 96534762, 104194604, 102783994, 207391393, 75277692, 41806233, 200373281, 214392953, 150450288, 149473725, 212717273, 45595943, 129053235, 35943831, 16617504
pthread.pthread_barrier_wait_count = 0, 0, 0, 0, 0, 0, 0, 0, 0, 0, 0, 0, 0, 0, 0, 0
pthread.pthread_barrier_wait_delay_mem = 0, 0, 0, 0, 0, 0, 0, 0, 0, 0, 0, 0, 0, 0, 0, 0
pthread.pthread_barrier_wait_delay_sync = 0, 0, 0, 0, 0, 0, 0, 0, 0, 0, 0, 0, 0, 0, 0, 0
pthread.pthread_cond_broadcast_count = 0, 0, 0, 0, 0, 0, 0, 0, 0, 0, 0, 0, 0, 0, 0, 0
pthread.pthread_cond_broadcast_delay_mem = 0, 0, 0, 0, 0, 0, 0, 0, 0, 0, 0, 0, 0, 0, 0, 0
pthread.pthread_cond_broadcast_delay_sync = 0, 0, 0, 0, 0, 0, 0, 0, 0, 0, 0, 0, 0, 0, 0, 0
pthread.pthread_cond_signal_count = 0, 0, 0, 0, 0, 0, 0, 0, 0, 0, 0, 0, 0, 0, 0, 0
pthread.pthread_cond_signal_delay_mem = 0, 0, 0, 0, 0, 0, 0, 0, 0, 0, 0, 0, 0, 0, 0, 0
pthread.pthread_cond_signal_delay_sync = 0, 0, 0, 0, 0, 0, 0, 0, 0, 0, 0, 0, 0, 0, 0, 0
pthread.pthread_cond_wait_count = 0, 0, 0, 0, 0, 0, 0, 0, 0, 0, 0, 0, 0, 0, 0, 0
pthread.pthread_cond_wait_delay_mem = 0, 0, 0, 0, 0, 0, 0, 0, 0, 0, 0, 0, 0, 0, 0, 0
pthread.pthread_cond_wait_delay_sync = 0, 0, 0, 0, 0, 0, 0, 0, 0, 0, 0, 0, 0, 0, 0, 0
pthread.pthread_mutex_lock_contended = 0, 0, 0, 0, 0, 0, 0, 0, 0, 0, 0, 0, 0, 0, 0, 0
pthread.pthread_mutex_lock_count = 0, 0, 0, 0, 0, 0, 0, 0, 0, 0, 0, 0, 0, 0, 0, 0
pthread.pthread_mutex_lock_delay_mem = 0, 0, 0, 0, 0, 0, 0, 0, 0, 0, 0, 0, 0, 0, 0, 0
pthread.pthread_mutex_lock_delay_sync = 0, 0, 0, 0, 0, 0, 0, 0, 0, 0, 0, 0, 0, 0, 0, 0
pthread.pthread_mutex_trylock_count = 0, 0, 0, 0, 0, 0, 0, 0, 0, 0, 0, 0, 0, 0, 0, 0
pthread.pthread_mutex_trylock_delay_mem = 0, 0, 0, 0, 0, 0, 0, 0, 0, 0, 0, 0, 0, 0, 0, 0
pthread.pthread_mutex_trylock_delay_sync = 0, 0, 0, 0, 0, 0, 0, 0, 0, 0, 0, 0, 0, 0, 0, 0
pthread.pthread_mutex_unlock_contended = 0, 0, 0, 0, 0, 0, 0, 0, 0, 0, 0, 0, 0, 0, 0, 0
pthread.pthread_mutex_unlock_count = 0, 0, 0, 0, 0, 0, 0, 0, 0, 0, 0, 0, 0, 0, 0, 0
pthread.pthread_mutex_unlock_delay_mem = 0, 0, 0, 0, 0, 0, 0, 0, 0, 0, 0, 0, 0, 0, 0, 0
pthread.pthread_mutex_unlock_delay_sync = 0, 0, 0, 0, 0, 0, 0, 0, 0, 0, 0, 0, 0, 0, 0, 0
pthread_locks_contended = 0.0
roi.instrs = 1915243865
roi.ipscore = 20693.7411184
roi.ipstotal = 331099.857894
roi.walltime = 5784.490145
stlb.access = 336023, 7442, 8546, 8642, 21309, 3766, 2478, 12508, 15288, 12703, 11431, 16688, 2703, 9434, 1477, 1863
stlb.miss = 330646, 2321, 2823, 3037, 3923, 1990, 1445, 2853, 3546, 3251, 3144, 4430, 1597, 2116, 860, 884
stlb_cache.access-mru-0 = 1411, 1069, 1073, 1185, 2331, 395, 283, 1640, 2444, 2210, 2144, 2774, 417, 1116, 165, 217
stlb_cache.access-mru-1 = 1741, 3020, 3264, 3252, 11713, 729, 350, 5980, 6816, 5044, 3962, 6814, 323, 4971, 258, 442
stlb_cache.access-mru-2 = 1170, 589, 828, 655, 1537, 433, 253, 1264, 1484, 1245, 1181, 1477, 232, 769, 133, 168
stlb_cache.access-mru-3 = 1055, 443, 558, 513, 1805, 219, 147, 771, 998, 953, 1000, 1193, 134, 462, 61, 152
syscall.stderr-bytes = 0, 0, 0, 0, 0, 0, 0, 0, 0, 0, 0, 0, 0, 0, 0, 0
syscall.stdout-bytes = 149, 0, 0, 0, 0, 0, 0, 0, 0, 0, 0, 0, 0, 0, 0, 0
thread.bottle_contrib_time = 348915390886983, 463844819330, 575068100568, 554220759527, 707472900680, 345466909301, 297875621482, 299867943345, 417341505980, 361884911736, 317223754541, 434383268651, 349437017651, 145277828572, 210603783357, 93136800929, 211011296763, 406465169, 936028101592, 284872820, 219589412, 489564571571, 245699978, 79372194022, 298222022, 311695873, 430091257047, 220374934, 198946677, 414083861885, 220609400, 146311663, 60099608, 9987340641522, 10282384813192, 9926683021714, 10971440157632, 2800227967910, 2916973566686, 3056404361884, 2693712358763, 1602014362967, 1632344325801, 1554735241420, 1884762614081, 3429209655112, 3465368507333, 3519908837882, 3696476398911
thread.bottle_runtime_time = 348944069655297, 10940578803893, 13693793659884, 12545044772643, 16608679942150, 8431208477175, 6963844760871, 8171332022467, 10776259312945, 10066088474544, 9019194962307, 11715877956494, 9113955419104, 3972075122876, 4974505708785, 2719652502448, 6021811483725, 6910512958, 21479489566289, 5377429196, 4563143062, 12428851304101, 4985700758, 1000549620712, 4599242246, 6346226259, 10947477561744, 4936076810, 4571796439, 10474860616388, 4938710643, 3577061845, 1437595256, 79647886914922, 80078004737586, 78167256043849, 79252913002315, 47140713393339, 48304652859053, 49416974405351, 45455839755293, 32536838501174, 32989590109532, 31551831711518, 35674946446628, 52928456703987, 53056504908578, 53166322327303, 53948090091296
thread.elapsed_time = 430471500000000, 21929933866828, 21659285371601, 22450620334606, 22614506049150, 13046807177645, 12682792892415, 12929297027970, 14684053795211, 11935115825824, 12138559811139, 13793050037403, 11168022594082, 10735520715065, 10644757933704, 10521545527943, 11512867708570, 6410942685, 21478837634806, 5959815433, 5860191824, 12429758688520, 5277485922, 1001736884962, 7709441867, 6740269317, 10950516585386, 5422224923, 4746285697, 10476566210916, 5222602444, 3825610860, 4379746754, 80139465092591, 80779801559578, 80206549304735, 81546879380759, 48338405697393, 49510024118856, 50891100811090, 47696380134897, 32955086902251, 33793243293779, 33565951940828, 38050266602901, 53419062844189, 53780902694627, 54220166228996, 55141697056446
thread.instruction_count = 132134033, 17559628, 29657678, 19666951, 18725646, 12221231, 10299100, 15128560, 7001006, 12838346, 8033794, 9089900, 12751662, 11194214, 4149000, 16614212, 11340522, 2408, 63056457, 3533, 3606, 32844268, 3466, 1642, 1658, 3585, 31507125, 3470, 2377, 31793176, 2347, 1572, 1508, 113514543, 144667456, 185243076, 135545694, 60367400, 62751708, 41010914, 117855443, 78971545, 74534471, 71776508, 43995708, 71842610, 77240958, 78685740, 49098255
thread.instructions_by_core[0] = 132134033, 0, 0, 0, 0, 0, 0, 0, 0, 0, 0, 0, 0, 0, 0, 0
thread.instructions_by_core[10] = 0, 0, 0, 0, 0, 0, 0, 0, 0, 0, 8033794, 0, 0, 0, 0, 0, 0, 0, 0, 0, 0, 0, 0, 0, 0, 0, 0, 0, 2377, 0, 0, 0, 0, 0, 0, 0, 0, 0, 62751708, 0, 0, 0, 0, 0, 0, 0, 0, 78685740
thread.instructions_by_core[11] = 0, 0, 0, 0, 0, 0, 0, 0, 0, 0, 0, 9089900, 0, 0, 0, 0, 0, 0, 0, 0, 3606, 0, 0, 0, 0, 0, 0, 0, 0, 0, 0, 0, 0, 113514543, 0, 0, 0, 0, 0, 41010914, 0, 0, 0, 0, 0, 0, 0, 0, 49098255
thread.instructions_by_core[12] = 0, 0, 0, 0, 0, 0, 0, 0, 0, 0, 0, 0, 12751662, 0, 0, 0, 0, 0, 0, 0, 0, 32844268
thread.instructions_by_core[13] = 0, 0, 0, 0, 0, 0, 0, 0, 0, 0, 0, 0, 0, 11194214, 0, 0, 0, 0, 0, 0, 0, 0, 3466, 0, 0, 0, 0, 0, 0, 0, 0, 0, 0, 0, 0, 0, 0, 0, 0, 0, 117855443
thread.instructions_by_core[14] = 0, 0, 0, 0, 0, 0, 0, 0, 0, 0, 0, 0, 0, 0, 4149000, 0, 0, 0, 0, 0, 0, 0, 0, 1642, 0, 0, 0, 0, 0, 31793176
thread.instructions_by_core[15] = 0, 0, 0, 0, 0, 0, 0, 0, 0, 0, 0, 0, 0, 0, 0, 16614212, 0, 0, 0, 0, 0, 0, 0, 0, 1658, 0, 0, 0, 0, 0, 0, 0, 1508
thread.instructions_by_core[1] = 0, 17559628, 0, 0, 0, 0, 0, 0, 0, 0, 0, 0, 0, 0, 0, 0, 0, 0, 0, 0, 0, 0, 0, 0, 0, 3585, 0, 0, 0, 0, 0, 0, 0, 0, 0, 0, 0, 0, 0, 0, 0, 78971545
thread.instructions_by_core[2] = 0, 0, 29657678, 0, 0, 0, 0, 0, 0, 0, 0, 0, 0, 0, 0, 0, 0, 0, 0, 0, 0, 0, 0, 0, 0, 0, 0, 0, 0, 0, 2347, 0, 0, 0, 0, 0, 0, 0, 0, 0, 0, 0, 74534471
thread.instructions_by_core[3] = 0, 0, 0, 19666951, 0, 0, 0, 0, 0, 0, 0, 0, 0, 0, 0, 0, 11340522, 0, 0, 0, 0, 0, 0, 0, 0, 0, 0, 0, 0, 0, 0, 0, 0, 0, 0, 0, 0, 0, 0, 0, 0, 0, 0, 71776508
thread.instructions_by_core[4] = 0, 0, 0, 0, 18725646, 0, 0, 0, 0, 0, 0, 0, 0, 0, 0, 0, 0, 2408, 0, 0, 0, 0, 0, 0, 0, 0, 0, 0, 0, 0, 0, 0, 0, 0, 144667456, 0, 0, 0, 0, 0, 0, 0, 0, 0, 43995708
thread.instructions_by_core[5] = 0, 0, 0, 0, 0, 12221231, 0, 0, 0, 0, 0, 0, 0, 0, 0, 0, 0, 0, 63056457
thread.instructions_by_core[6] = 0, 0, 0, 0, 0, 0, 10299100, 0, 0, 0, 0, 0, 0, 0, 0, 0, 0, 0, 0, 0, 0, 0, 0, 0, 0, 0, 31507125
thread.instructions_by_core[7] = 0, 0, 0, 0, 0, 0, 0, 15128560, 0, 0, 0, 0, 0, 0, 0, 0, 0, 0, 0, 0, 0, 0, 0, 0, 0, 0, 0, 0, 0, 0, 0, 1572, 0, 0, 0, 185243076
thread.instructions_by_core[8] = 0, 0, 0, 0, 0, 0, 0, 0, 7001006, 0, 0, 0, 0, 0, 0, 0, 0, 0, 0, 3533, 0, 0, 0, 0, 0, 0, 0, 0, 0, 0, 0, 0, 0, 0, 0, 0, 135545694, 0, 0, 0, 0, 0, 0, 0, 0, 71842610
thread.instructions_by_core[9] = 0, 0, 0, 0, 0, 0, 0, 0, 0, 12838346, 0, 0, 0, 0, 0, 0, 0, 0, 0, 0, 0, 0, 0, 0, 0, 0, 0, 3470, 0, 0, 0, 0, 0, 0, 0, 0, 0, 60367400, 0, 0, 0, 0, 0, 0, 0, 0, 77240958
thread.nonidle_cycle_count = 928191220, 7608929, 12880362, 8622528, 8170736, 5436109, 4506975, 6717630, 3136989, 5846789, 3459031, 3912962, 5757023, 4907141, 1778430, 7231855, 5021079, 14429, 51539780, 15937, 8965, 27218748, 11431, 3701, 4197, 17929, 26055093, 11779, 12712, 26430420, 11299, 7516, 2015, 117026978, 161537237, 202924675, 141322314, 59616178, 62189009, 42844406, 116960901, 78944032, 74870154, 72160344, 43752573, 71142170, 75669843, 76382219, 48555557
thread.nonidle_elapsed_time = 348944067775602, 2860499926233, 4842241688088, 3241552072572, 3071705463945, 2043650268558, 1694351809854, 2525425119594, 1179319515183, 2198041273017, 1300387662621, 1471038404769, 2164294732743, 1844790191667, 668583075465, 2718742727808, 1887623929449, 5424799770, 19375857338283, 5991715782, 3370669074, 10232612212590, 4297734648, 1391726178, 1578191922, 6740586270, 9795147787728, 4428561420, 4779312507, 9936248220720, 4248110700, 2825933463, 757893024, 43995104706177, 60728284934217, 76287471950826, 53128689703326, 22412097092907, 23379326861850, 16106919613317, 43970263784874, 29678207739129, 28146674734236, 27127949217012, 16448335759008, 26745176773809, 28447309769085, 28715120066088, 18253968896313
thread.time_by_core[0] = 348944067775602, 0, 0, 0, 0, 0, 0, 0, 0, 0, 0, 0, 0, 0, 0, 0
thread.time_by_core[10] = 0, 0, 0, 0, 0, 0, 0, 0, 0, 0, 1300387662621, 0, 0, 0, 0, 0, 0, 0, 0, 0, 0, 0, 0, 0, 0, 0, 0, 0, 4779312507, 0, 0, 0, 0, 0, 0, 0, 0, 0, 23379326861850, 0, 0, 0, 0, 0, 0, 0, 0, 28715120066088
thread.time_by_core[11] = 0, 0, 0, 0, 0, 0, 0, 0, 0, 0, 0, 1471038404769, 0, 0, 0, 0, 0, 0, 0, 0, 3370669074, 0, 0, 0, 0, 0, 0, 0, 0, 0, 0, 0, 0, 43995104706177, 0, 0, 0, 0, 0, 16106919613317, 0, 0, 0, 0, 0, 0, 0, 0, 18253968896313
thread.time_by_core[12] = 0, 0, 0, 0, 0, 0, 0, 0, 0, 0, 0, 0, 2164294732743, 0, 0, 0, 0, 0, 0, 0, 0, 10232612212590
thread.time_by_core[13] = 0, 0, 0, 0, 0, 0, 0, 0, 0, 0, 0, 0, 0, 1844790191667, 0, 0, 0, 0, 0, 0, 0, 0, 4297734648, 0, 0, 0, 0, 0, 0, 0, 0, 0, 0, 0, 0, 0, 0, 0, 0, 0, 43970263784874
thread.time_by_core[14] = 0, 0, 0, 0, 0, 0, 0, 0, 0, 0, 0, 0, 0, 0, 668583075465, 0, 0, 0, 0, 0, 0, 0, 0, 1391726178, 0, 0, 0, 0, 0, 9936248220720
thread.time_by_core[15] = 0, 0, 0, 0, 0, 0, 0, 0, 0, 0, 0, 0, 0, 0, 0, 2718742727808, 0, 0, 0, 0, 0, 0, 0, 0, 1578191922, 0, 0, 0, 0, 0, 0, 0, 757893024
thread.time_by_core[1] = 0, 2860499926233, 0, 0, 0, 0, 0, 0, 0, 0, 0, 0, 0, 0, 0, 0, 0, 0, 0, 0, 0, 0, 0, 0, 0, 6740586270, 0, 0, 0, 0, 0, 0, 0, 0, 0, 0, 0, 0, 0, 0, 0, 29678207739129
thread.time_by_core[2] = 0, 0, 4842241688088, 0, 0, 0, 0, 0, 0, 0, 0, 0, 0, 0, 0, 0, 0, 0, 0, 0, 0, 0, 0, 0, 0, 0, 0, 0, 0, 0, 4248110700, 0, 0, 0, 0, 0, 0, 0, 0, 0, 0, 0, 28146674734236
thread.time_by_core[3] = 0, 0, 0, 3241552072572, 0, 0, 0, 0, 0, 0, 0, 0, 0, 0, 0, 0, 1887623929449, 0, 0, 0, 0, 0, 0, 0, 0, 0, 0, 0, 0, 0, 0, 0, 0, 0, 0, 0, 0, 0, 0, 0, 0, 0, 0, 27127949217012
thread.time_by_core[4] = 0, 0, 0, 0, 3071705463945, 0, 0, 0, 0, 0, 0, 0, 0, 0, 0, 0, 0, 5424799770, 0, 0, 0, 0, 0, 0, 0, 0, 0, 0, 0, 0, 0, 0, 0, 0, 60728284934217, 0, 0, 0, 0, 0, 0, 0, 0, 0, 16448335759008
thread.time_by_core[5] = 0, 0, 0, 0, 0, 2043650268558, 0, 0, 0, 0, 0, 0, 0, 0, 0, 0, 0, 0, 19375857338283
thread.time_by_core[6] = 0, 0, 0, 0, 0, 0, 1694351809854, 0, 0, 0, 0, 0, 0, 0, 0, 0, 0, 0, 0, 0, 0, 0, 0, 0, 0, 0, 9795147787728
thread.time_by_core[7] = 0, 0, 0, 0, 0, 0, 0, 2525425119594, 0, 0, 0, 0, 0, 0, 0, 0, 0, 0, 0, 0, 0, 0, 0, 0, 0, 0, 0, 0, 0, 0, 0, 2825933463, 0, 0, 0, 76287471950826
thread.time_by_core[8] = 0, 0, 0, 0, 0, 0, 0, 0, 1179319515183, 0, 0, 0, 0, 0, 0, 0, 0, 0, 0, 5991715782, 0, 0, 0, 0, 0, 0, 0, 0, 0, 0, 0, 0, 0, 0, 0, 0, 53128689703326, 0, 0, 0, 0, 0, 0, 0, 0, 26745176773809
thread.time_by_core[9] = 0, 0, 0, 0, 0, 0, 0, 0, 0, 2198041273017, 0, 0, 0, 0, 0, 0, 0, 0, 0, 0, 0, 0, 0, 0, 0, 0, 0, 4428561420, 0, 0, 0, 0, 0, 0, 0, 0, 0, 22412097092907, 0, 0, 0, 0, 0, 0, 0, 0, 28447309769085
thread.unscheduled_time = 81527523654291, 19068384496641, 16813857985393, 19205996879816, 19541725395830, 11000719218627, 10985390494639, 10397979369731, 13501996161014, 9733454000234, 10835149097278, 12320020826711, 9002157622497, 8887127041330, 9975202007098, 7801837309266, 9624243777448, 0, 2043422809217, 0, 1921057330, 2165727349422, 0, 1000359026419, 5148489125, 0, 1134458815209, 0, 0, 505352542964, 0, 0, 2630447443, 36144280905612, 20051989289851, 3919997300905, 28418304467979, 25926335268431, 26129662841929, 34785052691802, 3726164399979, 3276989923209, 5646827735328, 6438145103778, 21601547807533, 26673912431268, 25334297730317, 25506188263297, 36886983873213
time.walltime = 5784490145, 0, 0, 0, 0, 0, 0, 0, 0, 0, 0, 0, 0, 0, 0, 0
vmem = 4508147712
walltime = 5785.11861205
