barrier.global_time = 1796055700000000, 0, 0, 0, 0, 0, 0, 0, 0, 0, 0, 0, 0, 0, 0, 0
barrier.global_time_begin = 0, 0, 0, 0, 0, 0, 0, 0, 0, 0, 0, 0, 0, 0, 0, 0
barrier.global_time_end = 1796055700000000, 0, 0, 0, 0, 0, 0, 0, 0, 0, 0, 0, 0, 0, 0, 0
branch_predictor.num-correct = 667753, 1363004554, 1370186442, 1369697098, 1370140023, 1491644758, 1366523776, 1370206495, 1367475651, 1369122660, 1366459269, 1372605480, 1370540714, 1372220961, 1370905456, 1374421368
branch_predictor.num-incorrect = 13928, 157323, 155047, 166048, 161463, 222165, 156047, 154650, 158755, 157044, 156730, 153912, 155060, 155251, 152207, 158752
core.instructions = 12353748, 6196763730, 6226351110, 6224351992, 6226186741, 6825384496, 6209933413, 6226494977, 6213903382, 6221752115, 6209717656, 6237504141, 6228138915, 6235773208, 6230885548, 6246186562
core.spin_elapsed_time = 0, 0, 0, 0, 0, 0, 0, 0, 0, 0, 0, 0, 0, 0, 0, 0
core.spin_instructions = 0, 0, 0, 0, 0, 0, 0, 0, 0, 0, 0, 0, 0, 0, 0, 0
core.spin_loops = 0, 0, 0, 0, 0, 0, 0, 0, 0, 0, 0, 0, 0, 0, 0, 0
corefreq = 2660000000.0, 2660000000.0, 2660000000.0, 2660000000.0, 2660000000.0, 2660000000.0, 2660000000.0, 2660000000.0, 2660000000.0, 2660000000.0, 2660000000.0, 2660000000.0, 2660000000.0, 2660000000.0, 2660000000.0, 2660000000.0
directory.entries-allocated = 16976, 16560, 16512, 16592, 16800, 17056, 17216, 17296, 16832, 16928, 16960, 16896, 17392, 17072, 16896, 16816
directory.evict-E = 0, 0, 0, 0, 0, 0, 0, 0, 0, 0, 0, 0, 0, 0, 0, 0
directory.evict-M = 0, 0, 0, 0, 0, 0, 0, 0, 0, 0, 0, 0, 0, 0, 0, 0
directory.evict-O = 0, 0, 0, 0, 0, 0, 0, 0, 0, 0, 0, 0, 0, 0, 0, 0
directory.evict-S = 0, 0, 0, 0, 0, 0, 0, 0, 0, 0, 0, 0, 0, 0, 0, 0
directory.forward = 0, 0, 0, 0, 0, 0, 0, 0, 0, 0, 0, 0, 0, 0, 0, 0
directory.forward-failed = 0, 0, 0, 0, 0, 0, 0, 0, 0, 0, 0, 0, 0, 0, 0, 0
dram-queue.num-requests = 4942, 0, 0, 0, 4913, 0, 0, 0, 4913, 0, 0, 0, 4913, 0, 0, 0
dram-queue.num-requests-analytical = 0, 0, 0, 0, 0, 0, 0, 0, 0, 0, 0, 0, 0, 0, 0, 0
dram-queue.total-queue-delay = 29897818675, 0, 0, 0, 77997519771, 0, 0, 0, 78819656128, 0, 0, 0, 79164768913, 0, 0, 0
dram-queue.total-time-used = 41657481992, 0, 0, 0, 41413032988, 0, 0, 0, 41413032988, 0, 0, 0, 41413032988, 0, 0, 0
dram.reads = 4942, 0, 0, 0, 4913, 0, 0, 0, 4913, 0, 0, 0, 4913, 0, 0, 0
dram.total-access-latency = 293945300667, 0, 0, 0, 340495552759, 0, 0, 0, 341317689116, 0, 0, 0, 341662801901, 0, 0, 0
dram.total-queueing-delay = 29897818675, 0, 0, 0, 77997519771, 0, 0, 0, 78819656128, 0, 0, 0, 79164768913, 0, 0, 0
dram.writes = 0, 0, 0, 0, 0, 0, 0, 0, 0, 0, 0, 0, 0, 0, 0, 0
dtlb.access = 5057256, 2750587162, 2763750884, 2762857311, 2763669222, 3026318864, 2756456793, 2763813769, 2758216441, 2761708867, 2756354973, 2768710095, 2764542748, 2767941638, 2765793714, 2772579938
dtlb.miss = 4689, 229709, 210768, 215458, 210208, 430073, 213261, 204270, 225084, 212630, 218380, 232234, 204403, 215072, 203602, 206101
dtlb_cache.access-mru-0 = 4896237, 2748536535, 2761581695, 2759741572, 2761393850, 3021098076, 2754446023, 2760652922, 2755531363, 2758237610, 2753617172, 2766583648, 2762480149, 2765634196, 2763855323, 2770684589
dtlb_cache.access-mru-1 = 140987, 1693924, 1813181, 2741809, 1901543, 4372303, 1673088, 2775675, 2336046, 3063101, 2399607, 1777838, 1705266, 1925452, 1627743, 1580561
dtlb_cache.access-mru-2 = 10861, 81696, 101187, 103593, 114740, 310881, 72958, 134336, 83512, 155670, 81833, 80975, 101136, 119664, 69495, 64829
dtlb_cache.access-mru-3 = 4482, 45298, 44053, 54879, 48881, 107531, 51463, 46566, 40436, 39856, 37981, 35400, 51794, 47254, 37551, 43858
fastforward_performance_model.fastforwarded_time = 0, 0, 0, 0, 0, 0, 0, 0, 0, 0, 0, 0, 0, 0, 0, 0
fastforward_timer.cpiBase = 0, 0, 0, 0, 0, 0, 0, 0, 0, 0, 0, 0, 0, 0, 0, 0
fastforward_timer.cpiBranchPredictor = 0, 0, 0, 0, 0, 0, 0, 0, 0, 0, 0, 0, 0, 0, 0, 0
fastforward_timer.cpiDataCachecache-remote = 0, 0, 0, 0, 0, 0, 0, 0, 0, 0, 0, 0, 0, 0, 0, 0
fastforward_timer.cpiDataCachedram = 0, 0, 0, 0, 0, 0, 0, 0, 0, 0, 0, 0, 0, 0, 0, 0
fastforward_timer.cpiDataCachedram-cache = 0, 0, 0, 0, 0, 0, 0, 0, 0, 0, 0, 0, 0, 0, 0, 0
fastforward_timer.cpiDataCachedram-local = 0, 0, 0, 0, 0, 0, 0, 0, 0, 0, 0, 0, 0, 0, 0, 0
fastforward_timer.cpiDataCachedram-remote = 0, 0, 0, 0, 0, 0, 0, 0, 0, 0, 0, 0, 0, 0, 0, 0
fastforward_timer.cpiDataCacheL1 = 0, 0, 0, 0, 0, 0, 0, 0, 0, 0, 0, 0, 0, 0, 0, 0
fastforward_timer.cpiDataCacheL1_S = 0, 0, 0, 0, 0, 0, 0, 0, 0, 0, 0, 0, 0, 0, 0, 0
fastforward_timer.cpiDataCacheL1I = 0, 0, 0, 0, 0, 0, 0, 0, 0, 0, 0, 0, 0, 0, 0, 0
fastforward_timer.cpiDataCacheL2 = 0, 0, 0, 0, 0, 0, 0, 0, 0, 0, 0, 0, 0, 0, 0, 0
fastforward_timer.cpiDataCacheL2_S = 0, 0, 0, 0, 0, 0, 0, 0, 0, 0, 0, 0, 0, 0, 0, 0
fastforward_timer.cpiDataCacheL3 = 0, 0, 0, 0, 0, 0, 0, 0, 0, 0, 0, 0, 0, 0, 0, 0
fastforward_timer.cpiDataCacheL3_S = 0, 0, 0, 0, 0, 0, 0, 0, 0, 0, 0, 0, 0, 0, 0, 0
fastforward_timer.cpiDataCacheL4 = 0, 0, 0, 0, 0, 0, 0, 0, 0, 0, 0, 0, 0, 0, 0, 0
fastforward_timer.cpiDataCacheL4_S = 0, 0, 0, 0, 0, 0, 0, 0, 0, 0, 0, 0, 0, 0, 0, 0
fastforward_timer.cpiDataCachemiss = 0, 0, 0, 0, 0, 0, 0, 0, 0, 0, 0, 0, 0, 0, 0, 0
fastforward_timer.cpiDataCachenuca-cache = 0, 0, 0, 0, 0, 0, 0, 0, 0, 0, 0, 0, 0, 0, 0, 0
fastforward_timer.cpiDataCachenuca-local = 0, 0, 0, 0, 0, 0, 0, 0, 0, 0, 0, 0, 0, 0, 0, 0
fastforward_timer.cpiDataCachenuca-remote = 0, 0, 0, 0, 0, 0, 0, 0, 0, 0, 0, 0, 0, 0, 0, 0
fastforward_timer.cpiDataCachepredicate-false = 0, 0, 0, 0, 0, 0, 0, 0, 0, 0, 0, 0, 0, 0, 0, 0
fastforward_timer.cpiDataCacheprefetch-no-mapping = 0, 0, 0, 0, 0, 0, 0, 0, 0, 0, 0, 0, 0, 0, 0, 0
fastforward_timer.cpiDataCacheunknown = 0, 0, 0, 0, 0, 0, 0, 0, 0, 0, 0, 0, 0, 0, 0, 0
fs_to_cycles = 2.66e-06
fs_to_cycles_cores = 2.66e-06, 2.66e-06, 2.66e-06, 2.66e-06, 2.66e-06, 2.66e-06, 2.66e-06, 2.66e-06, 2.66e-06, 2.66e-06, 2.66e-06, 2.66e-06, 2.66e-06, 2.66e-06, 2.66e-06, 2.66e-06
futex.futex_cmp_requeue_count = 0, 397, 326, 330, 348, 8251, 341, 321, 346, 351, 361, 293, 343, 302, 301, 324, 8092, 1, 0, 0, 0, 0, 0, 0, 0, 0, 0, 0, 0, 0, 0, 0, 2
futex.futex_cmp_requeue_delay = 0, 0, 0, 0, 0, 0, 0, 0, 0, 0, 0, 0, 0, 0, 0, 0
futex.futex_cmp_requeue_pi_count = 0, 0, 0, 0, 0, 0, 0, 0, 0, 0, 0, 0, 0, 0, 0, 0
futex.futex_cmp_requeue_pi_delay = 0, 0, 0, 0, 0, 0, 0, 0, 0, 0, 0, 0, 0, 0, 0, 0
futex.futex_fd_count = 0, 0, 0, 0, 0, 0, 0, 0, 0, 0, 0, 0, 0, 0, 0, 0
futex.futex_fd_delay = 0, 0, 0, 0, 0, 0, 0, 0, 0, 0, 0, 0, 0, 0, 0, 0
futex.futex_lock_pi_count = 0, 0, 0, 0, 0, 0, 0, 0, 0, 0, 0, 0, 0, 0, 0, 0
futex.futex_lock_pi_delay = 0, 0, 0, 0, 0, 0, 0, 0, 0, 0, 0, 0, 0, 0, 0, 0
futex.futex_requeue_count = 0, 0, 0, 0, 0, 0, 0, 0, 0, 0, 0, 0, 0, 0, 0, 0
futex.futex_requeue_delay = 0, 0, 0, 0, 0, 0, 0, 0, 0, 0, 0, 0, 0, 0, 0, 0
futex.futex_trylock_pi_count = 0, 0, 0, 0, 0, 0, 0, 0, 0, 0, 0, 0, 0, 0, 0, 0
futex.futex_trylock_pi_delay = 0, 0, 0, 0, 0, 0, 0, 0, 0, 0, 0, 0, 0, 0, 0, 0
futex.futex_unlock_pi_count = 0, 0, 0, 0, 0, 0, 0, 0, 0, 0, 0, 0, 0, 0, 0, 0
futex.futex_unlock_pi_delay = 0, 0, 0, 0, 0, 0, 0, 0, 0, 0, 0, 0, 0, 0, 0, 0
futex.futex_wait_bitset_count = 1, 0, 0, 0, 0, 0, 0, 0, 0, 0, 0, 0, 0, 0, 0, 0
futex.futex_wait_bitset_delay = 0, 0, 0, 0, 0, 0, 0, 0, 0, 0, 0, 0, 0, 0, 0, 0
futex.futex_wait_count = 5, 24696, 25702, 25181, 25696, 20978, 25421, 24311, 25846, 24974, 24224, 23606, 25230, 25040, 24551, 23634, 21047, 4, 6, 7, 3, 2, 2, 3, 4, 6, 5, 4, 4, 4, 4, 4, 2
futex.futex_wait_delay = 1793106839607494, 205296315593863, 197678351599934, 197746652418155, 197752816208558, 915836751168991, 201389590145458, 196641382971438, 201493448298233, 198766802320790, 201259022313290, 193728889520490, 196674330813876, 194628764461075, 196934773573617, 191712201565372, 910866779869184, 84696431907, 5183082293, 3443981699, 2349623270, 5591725726, 1454514771, 2423687773, 3781581701, 5214654389, 4600379103, 5096990002, 0, 5577070885, 3882697992, 3993606777, 80496436879
futex.futex_wait_requeue_pi_count = 0, 0, 0, 0, 0, 0, 0, 0, 0, 0, 0, 0, 0, 0, 0, 0
futex.futex_wait_requeue_pi_delay = 0, 0, 0, 0, 0, 0, 0, 0, 0, 0, 0, 0, 0, 0, 0, 0
futex.futex_wake_bitset_count = 0, 0, 0, 0, 0, 0, 0, 0, 0, 0, 0, 0, 0, 0, 0, 0
futex.futex_wake_bitset_delay = 0, 0, 0, 0, 0, 0, 0, 0, 0, 0, 0, 0, 0, 0, 0, 0
futex.futex_wake_count = 2, 14594, 14370, 14169, 14432, 14650, 14175, 13970, 14525, 14159, 13898, 13703, 14197, 14178, 14004, 13661, 14561, 3, 3, 5, 3, 4, 2, 2, 2, 4, 3, 2, 3, 2, 3, 2, 4
futex.futex_wake_delay = 0, 11666000000000, 11510000000000, 11239000000000, 11454000000000, 11977000000000, 11366000000000, 11303000000000, 11643000000000, 11262000000000, 11233000000000, 10984000000000, 11391000000000, 11363000000000, 11344000000000, 10999000000000, 12065000000000, 3000000000, 1000000000, 2000000000, 1000000000, 2000000000, 1000000000, 1000000000, 1000000000, 1000000000, 1000000000, 0, 1000000000, 0, 2000000000, 1000000000, 2000000000
futex.futex_wake_op_count = 0, 0, 0, 0, 0, 0, 0, 0, 0, 0, 0, 0, 0, 0, 0, 0
futex.futex_wake_op_delay = 0, 0, 0, 0, 0, 0, 0, 0, 0, 0, 0, 0, 0, 0, 0, 0
global.time = 1796055700000000
global.time_begin = 0
global.time_end = 1796055700000000
interval_timer.cpContr_branch = 144026864293, 674989385742910, 678453763272610, 678199568800066, 678745436829487, 735679091791238, 676649727173613, 678465830781313, 677106888061942, 677967751276433, 676649778165695, 679696120876720, 678611940632788, 679521181646946, 678900806807671, 680620061208790
interval_timer.cpContr_fp_addsub = 241013158011, 28396858436829, 28154531872687, 28229416826795, 28363663061047, 56508331213667, 28183406836860, 28085793131560, 28153932271897, 28065023207345, 28092515500182, 28102905518995, 28200268035764, 28199808741910, 28094921865239, 28148665900378
interval_timer.cpContr_fp_muldiv = 847894969630, 2872589862300, 2161381482579, 2175797716350, 2289252207725, 4949336594659, 2298800224423, 2128170019291, 2099967759361, 2212770498776, 2114363498002, 2228132393642, 2176991317791, 2264825999464, 2139255649372, 2234551112886
interval_timer.cpContr_generic = 1330572703212, 684647002004398, 687349997529643, 687109840517788, 687929296861863, 746957350060613, 685564549016798, 687335048054765, 685951829090480, 686841131488098, 685496362316125, 688565635046043, 687536853126781, 688430669237715, 687828064320915, 689571023691786
interval_timer.cpContr_load_l1 = 1042238451474, 2699466930451181, 2712759481443142, 2711854588653805, 2715105237803089, 2941357241385652, 2705508044910031, 2712901050872278, 2707563358504550, 2710902496033535, 2705560419752279, 2717836159135834, 2713642867215993, 2716977352633784, 2714072357480817, 2721348494680129
interval_timer.cpContr_load_l2 = 18806291, 0, 0, 0, 0, 0, 0, 0, 0, 0, 78968680181, 1070738909, 0, 79986148978, 79544795997, 93856524263
interval_timer.cpContr_load_l3 = 0, 0, 0, 0, 0, 0, 0, 0, 0, 0, 0, 0, 0, 0, 0, 0
interval_timer.cpContr_load_other = 2610354, 75846202280, 0, 0, 111374755462, 0, 146688457, 15714782, 0, 37571574, 1453083100, 28466703240, 33310326, 1041788945, 21929737558, 3409087232
interval_timer.cpContr_port0 = 0, 0, 0, 0, 0, 0, 0, 0, 0, 0, 0, 0, 0, 0, 0, 0
interval_timer.cpContr_port015 = 62062214890, 891688425346, 859321343734, 820382417075, 818686967115, 1787419129595, 882864041238, 885848668469, 869637247429, 886846586119, 887860318860, 900503977588, 831803213927, 875388757420, 879917640064, 880015055019
interval_timer.cpContr_port05 = 0, 0, 0, 0, 0, 0, 0, 0, 0, 0, 0, 0, 0, 0, 0, 0
interval_timer.cpContr_port1 = 961249545, 3678109057, 2668974318, 2512202680, 2503616081, 5196769002, 2490347437, 2519558712, 2574862795, 2558148770, 2523645474, 2534794998, 2711334109, 2510895967, 2515268541, 2617019433
interval_timer.cpContr_port2 = 401559461764, 12179622218775, 12469306082535, 12487549684264, 11469710910512, 20649148012780, 12429832548452, 12448996731035, 12341314485554, 12378447968449, 12367093950519, 12384972313684, 12461525140162, 12389577935039, 12506258527149, 12494542812554
interval_timer.cpContr_port34 = 34545718534, 133742984654, 69049950516, 68698519296, 73611921924, 101638905217, 67408910437, 68874722606, 73085421299, 74000677641, 74933186950, 73958979124, 73104870966, 72748262599, 67367486097, 74173392837
interval_timer.cpContr_port5 = 18829582593, 110682485256, 101165965024, 105113652088, 102723284045, 220248200851, 100832447745, 99931002854, 98430633474, 101440130341, 100299724978, 97418749227, 103887112930, 98888958304, 100564844220, 100640728455
interval_timer.cpContr_store = 571334180009, 1394469489247, 1814696539348, 1820449165260, 1584015852180, 1837259459918, 1782245779488, 1807134071516, 1813543689162, 1874326389224, 1843898620291, 1870215343706, 1839814957407, 1862425460752, 1956322202422, 1860644325949
interval_timer.cpiBase = 1769874195564, 1543298520784077, 1550452289578929, 1549955665137393, 1551354582652524, 1695513270386988, 1546420238165070, 1550465192181348, 1547399434072383, 1549366421356305, 1546345225552644, 1553306801172831, 1550935949388111, 1552926378724317, 1551374918320851, 1555428802768074
interval_timer.cpiBranchPredictor = 143627870889, 3259361806758, 3268679078934, 3364595779455, 3354756328008, 4448045586492, 3205630349244, 3254162570388, 3257556171741, 3302253439146, 3258900529605, 3222943843950, 3255609183660, 3276098235099, 3023105573781, 3219161145732
interval_timer.cpiDataCachecache-remote = 53526570759, 7987510143675, 8490060135729, 7848432262503, 7344227762910, 8861114184363, 7279038436554, 7425435850056, 6696516820725, 6584906170710, 6747335878806, 6776896338315, 7127128629495, 7106686194492, 7199436360816, 6948824897124
interval_timer.cpiDataCachedram = 0, 0, 0, 0, 0, 0, 0, 0, 0, 0, 0, 0, 0, 0, 0, 0
interval_timer.cpiDataCachedram-cache = 0, 0, 0, 0, 0, 0, 0, 0, 0, 0, 0, 0, 0, 0, 0, 0
interval_timer.cpiDataCachedram-local = 52266799170, 0, 0, 0, 74435922, 0, 0, 0, 92480994, 0, 0, 0, 0, 0, 0, 0
interval_timer.cpiDataCachedram-remote = 488409798447, 1158268059, 528570234, 156766563, 0, 377442756, 86465970, 298871505, 147744027, 150375600, 1039095396, 0, 225563400, 72932166, 75939678, 0
interval_timer.cpiDataCacheL1 = 25563852, 51127704, 178946964, 140601186, 127819260, 0, 38345778, 0, 102255408, 140601186, 0, 12457114704, 89473482, 3081947922, 0, 12781926
interval_timer.cpiDataCacheL1_S = 0, 0, 0, 0, 0, 0, 0, 0, 0, 0, 0, 0, 0, 0, 0, 0
interval_timer.cpiDataCacheL1I = 0, 0, 0, 0, 0, 0, 0, 0, 0, 0, 0, 0, 0, 0, 0, 0
interval_timer.cpiDataCacheL2 = 1574808471, 11041311512745, 11164449956256, 11240425724400, 11228384398230, 8156489461029, 10998902961972, 11076883612803, 10928928308085, 11154228174846, 10728101694285, 11111227144209, 10767150102276, 10812836089251, 9174196935441, 10516732999047
interval_timer.cpiDataCacheL2_S = 0, 0, 0, 0, 0, 0, 0, 0, 0, 0, 0, 0, 0, 0, 0, 0
interval_timer.cpiDataCacheL3 = 0, 0, 0, 0, 0, 0, 0, 0, 0, 0, 0, 0, 0, 0, 0, 0
interval_timer.cpiDataCacheL3_S = 0, 0, 0, 0, 0, 0, 0, 0, 0, 0, 0, 0, 0, 0, 0, 0
interval_timer.cpiDataCacheL4 = 0, 0, 0, 0, 0, 0, 0, 0, 0, 0, 0, 0, 0, 0, 0, 0
interval_timer.cpiDataCacheL4_S = 0, 0, 0, 0, 0, 0, 0, 0, 0, 0, 0, 0, 0, 0, 0, 0
interval_timer.cpiDataCachemiss = 0, 0, 0, 0, 0, 0, 0, 0, 0, 0, 0, 0, 0, 0, 0, 0
interval_timer.cpiDataCachenuca-cache = 0, 0, 0, 0, 0, 0, 0, 0, 0, 0, 0, 0, 0, 0, 0, 0
interval_timer.cpiDataCachenuca-local = 24670996875, 260118961002, 338856001101, 174426673464, 458966255967, 540476974008, 451676422818, 175617272277, 533086013268, 72441189666, 432795638421, 185157852219, 456370397172, 225785204010, 532090150857, 879599891799
interval_timer.cpiDataCachenuca-remote = 193213097172, 9591764036850, 9505660847985, 10761458009877, 9395206210395, 16206214501692, 11232018600543, 12040248352887, 10555115995008, 11818200358476, 12369433699152, 12898654307622, 11625194027754, 11922450874749, 12693747251916, 12434771145474
interval_timer.cpiDataCachepredicate-false = 0, 0, 0, 0, 0, 0, 0, 0, 0, 0, 0, 0, 0, 0, 0, 0
interval_timer.cpiDataCacheprefetch-no-mapping = 0, 0, 0, 0, 0, 0, 0, 0, 0, 0, 0, 0, 0, 0, 0, 0
interval_timer.cpiDataCacheunknown = 0, 0, 0, 0, 0, 0, 0, 0, 0, 0, 0, 0, 0, 0, 0, 0
interval_timer.cpiInstructionCachecache-remote = 111653883, 11600725662, 11155237947, 9462760569, 11643582708, 43990502085, 10701479574, 9951857208, 11279673756, 10680051051, 9217272402, 9872158140, 12128544018, 9001107477, 13849968699, 11351478105
interval_timer.cpiInstructionCachedram = 0, 0, 0, 0, 0, 0, 0, 0, 0, 0, 0, 0, 0, 0, 0, 0
interval_timer.cpiInstructionCachedram-cache = 0, 0, 0, 0, 0, 0, 0, 0, 0, 0, 0, 0, 0, 0, 0, 0
interval_timer.cpiInstructionCachedram-local = 8577800163, 0, 0, 0, 0, 0, 0, 0, 164661282, 0, 0, 0, 0, 0, 0, 0
interval_timer.cpiInstructionCachedram-remote = 29463843186, 1254508443, 0, 0, 0, 2721046482, 74435922, 0, 324435357, 723306636, 837968031, 79323129, 0, 0, 0, 0
interval_timer.cpiInstructionCacheL1 = 0, 0, 0, 0, 0, 0, 0, 0, 0, 0, 0, 0, 0, 0, 0, 0
interval_timer.cpiInstructionCacheL1_S = 0, 0, 0, 0, 0, 0, 0, 0, 0, 0, 0, 0, 0, 0, 0, 0
interval_timer.cpiInstructionCacheL1I = 0, 0, 0, 0, 0, 0, 0, 0, 0, 0, 0, 0, 0, 0, 0, 0
interval_timer.cpiInstructionCacheL2 = 0, 0, 0, 0, 0, 0, 0, 0, 0, 0, 0, 0, 0, 0, 0, 0
interval_timer.cpiInstructionCacheL2_S = 0, 0, 0, 0, 0, 0, 0, 0, 0, 0, 0, 0, 0, 0, 0, 0
interval_timer.cpiInstructionCacheL3 = 0, 0, 0, 0, 0, 0, 0, 0, 0, 0, 0, 0, 0, 0, 0, 0
interval_timer.cpiInstructionCacheL3_S = 0, 0, 0, 0, 0, 0, 0, 0, 0, 0, 0, 0, 0, 0, 0, 0
interval_timer.cpiInstructionCacheL4 = 0, 0, 0, 0, 0, 0, 0, 0, 0, 0, 0, 0, 0, 0, 0, 0
interval_timer.cpiInstructionCacheL4_S = 0, 0, 0, 0, 0, 0, 0, 0, 0, 0, 0, 0, 0, 0, 0, 0
interval_timer.cpiInstructionCachemiss = 0, 0, 0, 0, 0, 0, 0, 0, 0, 0, 0, 0, 0, 0, 0, 0
interval_timer.cpiInstructionCachenuca-cache = 0, 0, 0, 0, 0, 0, 0, 0, 0, 0, 0, 0, 0, 0, 0, 0
interval_timer.cpiInstructionCachenuca-local = 35368341120, 30286021779, 39167956593, 26630766882, 85102439247, 116506503612, 110034337788, 97609553838, 40946524002, 2210897259, 97528351014, 1538342388, 99954285381, 41268703725, 3434578704, 1730823156
interval_timer.cpiInstructionCachenuca-remote = 45048018492, 660648130992, 645911322192, 738981036666, 664204513932, 1328441358618, 636989913783, 618798601512, 539151413094, 757637385480, 613350869463, 859886778456, 752531381982, 786391831773, 804086152686, 953307619956
interval_timer.cpiInstructionCachepredicate-false = 0, 0, 0, 0, 0, 0, 0, 0, 0, 0, 0, 0, 0, 0, 0, 0
interval_timer.cpiInstructionCacheprefetch-no-mapping = 0, 0, 0, 0, 0, 0, 0, 0, 0, 0, 0, 0, 0, 0, 0, 0
interval_timer.cpiInstructionCacheunknown = 0, 0, 0, 0, 0, 0, 0, 0, 0, 0, 0, 0, 0, 0, 0, 0
interval_timer.cpiLongLatency = 0, 1127817, 0, 0, 375939, 375939, 0, 0, 0, 375939, 2631573, 751878, 0, 2631573, 375939, 5639085
interval_timer.cpiSerialization = 116917029, 0, 0, 0, 0, 0, 0, 0, 0, 0, 0, 0, 0, 0, 0, 0
interval_timer.detailed-cpiBase-BranchMispredict = 0, 0, 0, 0, 0, 0, 0, 0, 0, 0, 0, 0, 0, 0, 0, 0
interval_timer.detailed-cpiBase-DispatchRate = 3403531, 4101839098, 4121177926, 4119794674, 4123732169, 4505087185, 4110449308, 4121184361, 4113090069, 4118295432, 4110305199, 4128763517, 4122405796, 4127778874, 4123506283, 4134322645
interval_timer.detailed-cpiBase-DispatchRate+BranchMispredict = 0, 0, 0, 0, 0, 0, 0, 0, 0, 0, 0, 0, 0, 0, 0, 0
interval_timer.detailed-cpiBase-DispatchRate+ICacheMiss = 0, 0, 0, 0, 0, 0, 0, 0, 0, 0, 0, 0, 0, 0, 0, 0
interval_timer.detailed-cpiBase-DispatchRate+ICacheMiss+BranchMispredict = 0, 0, 0, 0, 0, 0, 0, 0, 0, 0, 0, 0, 0, 0, 0, 0
interval_timer.detailed-cpiBase-DispatchWidth = 12809, 13371, 9537, 9962, 9486, 15050, 9291, 10009, 9740, 9661, 9636, 9811, 9637, 9575, 9269, 9737
interval_timer.detailed-cpiBase-DispatchWidth+BranchMispredict = 0, 0, 0, 0, 0, 0, 0, 0, 0, 0, 0, 0, 0, 0, 0, 0
interval_timer.detailed-cpiBase-DispatchWidth+DispatchRate = 1291536, 3330874, 3024948, 3086751, 2870861, 4973257, 3028531, 3052362, 2991988, 3018902, 2972761, 3032101, 3083516, 3005054, 3151057, 3117584
interval_timer.detailed-cpiBase-DispatchWidth+DispatchRate+BranchMispredict = 0, 0, 0, 0, 0, 0, 0, 0, 0, 0, 0, 0, 0, 0, 0, 0
interval_timer.detailed-cpiBase-DispatchWidth+DispatchRate+ICacheMiss = 0, 0, 0, 0, 0, 0, 0, 0, 0, 0, 0, 0, 0, 0, 0, 0
interval_timer.detailed-cpiBase-DispatchWidth+DispatchRate+ICacheMiss+BranchMispredict = 0, 0, 0, 0, 0, 0, 0, 0, 0, 0, 0, 0, 0, 0, 0, 0
interval_timer.detailed-cpiBase-DispatchWidth+ICacheMiss = 0, 0, 0, 0, 0, 0, 0, 0, 0, 0, 0, 0, 0, 0, 0, 0
interval_timer.detailed-cpiBase-DispatchWidth+ICacheMiss+BranchMispredict = 0, 0, 0, 0, 0, 0, 0, 0, 0, 0, 0, 0, 0, 0, 0, 0
interval_timer.detailed-cpiBase-ICacheMiss = 0, 0, 0, 0, 0, 0, 0, 0, 0, 0, 0, 0, 0, 0, 0, 0
interval_timer.detailed-cpiBase-ICacheMiss+BranchMispredict = 0, 0, 0, 0, 0, 0, 0, 0, 0, 0, 0, 0, 0, 0, 0, 0
interval_timer.detailed-cpiBase-NoReason = 0, 0, 0, 0, 0, 0, 0, 0, 0, 0, 0, 0, 0, 0, 0, 0
interval_timer.detailed-cpiBase-WindowEmpty = 0, 0, 0, 0, 0, 0, 0, 0, 0, 0, 0, 0, 0, 0, 0, 0
interval_timer.detailed-cpiBase-WindowEmpty+BranchMispredict = 0, 0, 0, 0, 0, 0, 0, 0, 0, 0, 0, 0, 0, 0, 0, 0
interval_timer.detailed-cpiBase-WindowEmpty+DispatchRate = 0, 0, 0, 0, 0, 0, 0, 0, 0, 0, 0, 0, 0, 0, 0, 0
interval_timer.detailed-cpiBase-WindowEmpty+DispatchRate+BranchMispredict = 0, 0, 0, 0, 0, 0, 0, 0, 0, 0, 0, 0, 0, 0, 0, 0
interval_timer.detailed-cpiBase-WindowEmpty+DispatchRate+ICacheMiss = 0, 0, 0, 0, 0, 0, 0, 0, 0, 0, 0, 0, 0, 0, 0, 0
interval_timer.detailed-cpiBase-WindowEmpty+DispatchRate+ICacheMiss+BranchMispredict = 0, 0, 0, 0, 0, 0, 0, 0, 0, 0, 0, 0, 0, 0, 0, 0
interval_timer.detailed-cpiBase-WindowEmpty+DispatchWidth = 0, 0, 0, 0, 0, 0, 0, 0, 0, 0, 0, 0, 0, 0, 0, 0
interval_timer.detailed-cpiBase-WindowEmpty+DispatchWidth+BranchMispredict = 0, 0, 0, 0, 0, 0, 0, 0, 0, 0, 0, 0, 0, 0, 0, 0
interval_timer.detailed-cpiBase-WindowEmpty+DispatchWidth+DispatchRate = 0, 0, 0, 0, 0, 0, 0, 0, 0, 0, 0, 0, 0, 0, 0, 0
interval_timer.detailed-cpiBase-WindowEmpty+DispatchWidth+DispatchRate+BranchMispredict = 0, 0, 0, 0, 0, 0, 0, 0, 0, 0, 0, 0, 0, 0, 0, 0
interval_timer.detailed-cpiBase-WindowEmpty+DispatchWidth+DispatchRate+ICacheMiss = 0, 0, 0, 0, 0, 0, 0, 0, 0, 0, 0, 0, 0, 0, 0, 0
interval_timer.detailed-cpiBase-WindowEmpty+DispatchWidth+DispatchRate+ICacheMiss+BranchMispredict = 0, 0, 0, 0, 0, 0, 0, 0, 0, 0, 0, 0, 0, 0, 0, 0
interval_timer.detailed-cpiBase-WindowEmpty+DispatchWidth+ICacheMiss = 0, 0, 0, 0, 0, 0, 0, 0, 0, 0, 0, 0, 0, 0, 0, 0
interval_timer.detailed-cpiBase-WindowEmpty+DispatchWidth+ICacheMiss+BranchMispredict = 0, 0, 0, 0, 0, 0, 0, 0, 0, 0, 0, 0, 0, 0, 0, 0
interval_timer.detailed-cpiBase-WindowEmpty+ICacheMiss = 0, 0, 0, 0, 0, 0, 0, 0, 0, 0, 0, 0, 0, 0, 0, 0
interval_timer.detailed-cpiBase-WindowEmpty+ICacheMiss+BranchMispredict = 0, 0, 0, 0, 0, 0, 0, 0, 0, 0, 0, 0, 0, 0, 0, 0
interval_timer.loadstore_contention.no-free-slots = 0, 0, 0, 0, 0, 0, 0, 0, 0, 0, 0, 0, 0, 0, 0, 0
interval_timer.loadstore_contention.num-barriers = 0, 0, 0, 0, 0, 0, 0, 0, 0, 0, 0, 0, 0, 0, 0, 0
interval_timer.loadstore_contention.num-requests = 2835738, 2049654388, 2059542820, 2058874047, 2060490049, 2248655878, 2054138580, 2059627700, 2055546777, 2058048885, 2054051021, 2063318351, 2060148349, 2062738349, 2060968833, 2066156778
interval_timer.loadstore_contention.requests-out-of-order = 2087152, 679436833, 682655461, 682514072, 683143999, 742806943, 680884424, 682696919, 681370293, 682241450, 680871521, 683965527, 682945418, 683828612, 683307825, 685006562
interval_timer.loadstore_contention.requests-simultaneous = 247079, 685898562, 689191163, 688910508, 689279604, 753668661, 687412712, 689219611, 687777006, 688628169, 687285054, 690463344, 689324857, 690158594, 689549355, 691314670
interval_timer.loadstore_contention.total-barrier-delay = 0, 0, 0, 0, 0, 0, 0, 0, 0, 0, 0, 0, 0, 0, 0, 0
interval_timer.loadstore_contention.total-delay = 25280769933, 2867150287143, 2861189022420, 2779058005029, 2554718286474, 4897571638230, 2984715434979, 2937889600956, 2815164314406, 2881532961405, 2838472908345, 2976751543203, 2746082515644, 2906689671468, 2930464053828, 2942585079066
interval_timer.numBPredOverlapped = 115336, 8088953, 8211384, 8140926, 7681448, 10668044, 8173162, 8133535, 8019874, 8114106, 8126409, 8145377, 8156878, 8169939, 8262883, 8192783
interval_timer.numDCacheOverlapped = 361618, 18020868, 18183644, 18173726, 17181525, 31633020, 18112525, 18142174, 18049518, 18126268, 18117321, 18104571, 18159911, 18104979, 18168206, 18119351
interval_timer.numHiddenLongerDCacheLatency = 9660, 622996, 599448, 616030, 592292, 1130274, 564457, 576455, 605588, 633260, 597914, 600848, 603979, 587799, 556424, 556874
interval_timer.numICacheOverlapped = 2432686, 121724250, 123351903, 122249282, 117317296, 165881321, 123014693, 122352874, 120710057, 122875872, 122609344, 123184212, 122550706, 123408230, 126089903, 123996180
interval_timer.numLongLatencyLoads = 19316, 963450, 976266, 967467, 928585, 1313283, 973561, 968286, 955307, 972422, 970342, 974858, 969839, 976652, 997845, 981238
interval_timer.numMfenceInsns = 0, 0, 0, 0, 0, 0, 0, 0, 0, 0, 0, 0, 0, 0, 0, 0
interval_timer.numSerializationInsns = 130, 0, 0, 0, 0, 0, 0, 0, 0, 0, 0, 0, 0, 0, 0, 0
interval_timer.numTotalLongLatencyLoadLatency = 2164414, 76826065, 78469471, 79866787, 75615956, 89814232, 79698465, 81711352, 76379385, 78816156, 80541540, 82418671, 79736761, 79988810, 78734972, 81874830
interval_timer.outstandingLongLatencyCycles = 2511141, 95580494, 96326479, 98036210, 94288288, 127280788, 96842108, 99128764, 95484885, 97180325, 98278019, 100341375, 98906778, 97224682, 95816150, 99493212
interval_timer.outstandingLongLatencyInsns = 3937009, 147450904, 152595366, 156253300, 148031054, 207362121, 151249587, 154885623, 149679539, 151215385, 153206621, 155434358, 157258247, 152127855, 152432457, 155359923
interval_timer.totalHiddenDCacheLatency = 3326750, 159850573, 164634146, 166849225, 158584800, 279261557, 161762234, 163523834, 163291527, 162744989, 162969846, 163205349, 167927800, 162434281, 164223565, 163769834
interval_timer.totalHiddenLongerDCacheLatency = 420778, 28906478, 27716298, 28514698, 28743913, 47739586, 26085980, 26586072, 29079912, 28433069, 27478471, 27316358, 29438961, 26364177, 24882612, 26127757
interval_timer.totalMfenceLatency = 0, 0, 0, 0, 0, 0, 0, 0, 0, 0, 0, 0, 0, 0, 0, 0
interval_timer.totalSerializationLatency = 311, 0, 0, 0, 0, 0, 0, 0, 0, 0, 0, 0, 0, 0, 0, 0
interval_timer.uop_branch = 1677301, 1365567842, 1372459557, 1372003164, 1372416979, 1494639015, 1368807873, 1372483756, 1369706192, 1371428553, 1368750156, 1374920208, 1372843504, 1374540755, 1373417019, 1376834517
interval_timer.uop_fp_addsub = 142907, 21937374, 21914033, 21926425, 21934611, 43820084, 21907813, 21909576, 21907341, 21911469, 21914972, 21907942, 21928066, 21912010, 21905736, 21903462
interval_timer.uop_fp_muldiv = 396469, 11002937, 10962711, 10963767, 10962117, 21924927, 10963965, 10964889, 10960830, 10963074, 10965054, 10964064, 10964460, 10963239, 10962909, 10961754
interval_timer.uop_generic = 6451128, 2068096697, 2077287163, 2076658496, 2077251439, 2276823823, 2071813571, 2077323183, 2073074721, 2075792081, 2071755345, 2081039707, 2077931152, 2080485816, 2079102990, 2084062465
interval_timer.uop_load = 3197394, 2067675271, 2077726479, 2077047789, 2077671588, 2280288913, 2072251120, 2077769889, 2073596309, 2076175168, 2072168356, 2081422936, 2078308275, 2080843343, 2079137053, 2084276143
interval_timer.uop_store = 1849586, 681885533, 684998708, 684783381, 684970890, 743980076, 683181401, 685018859, 683594827, 684506886, 683159933, 686262383, 685207650, 686072177, 685632525, 687278580
interval_timer.uops_pause = 0, 0, 0, 0, 0, 0, 0, 0, 0, 0, 0, 0, 0, 0, 0, 0
interval_timer.uops_total = 13714785, 6216165654, 6245348651, 6243383022, 6245207624, 6861476838, 6228925743, 6245470152, 6232840220, 6240777231, 6228713816, 6256517240, 6247183107, 6254817340, 6250158232, 6265316921
interval_timer.uops_x87 = 0, 0, 0, 0, 0, 0, 0, 0, 0, 0, 0, 0, 0, 0, 0, 0
ipc = 1.22948555946
itlb.access = 1666375, 1365679549, 1372520733, 1372056930, 1372467835, 1495210535, 1368876848, 1372559206, 1369779584, 1371485730, 1368817610, 1374991078, 1372894458, 1374594843, 1373431882, 1376878489
itlb.miss = 128, 42, 35, 35, 35, 35, 39, 35, 35, 35, 35, 35, 35, 35, 35, 35
itlb_cache.access-mru-0 = 1661631, 1365651735, 1372495292, 1372031797, 1372442300, 1495122766, 1368851647, 1372534325, 1369753737, 1371460366, 1368792833, 1374966587, 1372869120, 1374569720, 1373406890, 1376853879
itlb_cache.access-mru-1 = 3241, 27762, 25402, 25094, 25496, 87728, 25155, 24842, 25806, 25320, 24734, 24448, 25297, 25084, 24953, 24569
itlb_cache.access-mru-2 = 1361, 9, 4, 4, 4, 6, 7, 4, 6, 9, 8, 8, 6, 4, 4, 6
itlb_cache.access-mru-3 = 14, 1, 0, 0, 0, 0, 0, 0, 0, 0, 0, 0, 0, 0, 0, 0
L1-D.access-mru-0 = 4952665, 2747594448, 2760665442, 2759799005, 2760673121, 3021160953, 2753260565, 2760707024, 2755192888, 2758667939, 2753334639, 2765699366, 2761517264, 2764862188, 2762617250, 2769539971
L1-D.access-mru-1 = 47568, 714932, 743674, 722458, 720644, 1478344, 863688, 775344, 708933, 698406, 686531, 659127, 684970, 717573, 735509, 687339
L1-D.access-mru-2 = 4521, 40265, 44509, 35633, 39071, 79041, 45996, 62560, 36286, 38755, 31557, 54872, 35535, 44949, 43792, 40678
L1-D.access-mru-3 = 904, 23459, 28093, 41500, 29967, 29603, 25591, 12762, 43557, 21345, 32589, 40918, 38957, 41893, 36551, 42514
L1-D.backinval-D = 0, 0, 0, 0, 0, 0, 0, 0, 0, 0, 0, 0, 0, 0, 0, 0
L1-D.backinval-E = 18832, 729855, 675349, 664718, 687619, 1632745, 685769, 663129, 658594, 689271, 679558, 648129, 658352, 656102, 663532, 659907
L1-D.backinval-I = 0, 0, 0, 0, 0, 0, 0, 0, 0, 0, 0, 0, 0, 0, 0, 0
L1-D.backinval-M = 17478, 50741, 24186, 20007, 25874, 77338, 26787, 21813, 20393, 22526, 20911, 24222, 22435, 25165, 26924, 24727
L1-D.backinval-O = 0, 0, 0, 0, 0, 0, 0, 0, 0, 0, 0, 0, 0, 0, 0, 0
L1-D.backinval-S = 7293, 458448, 455747, 464470, 464928, 740749, 451831, 473255, 465049, 453378, 450936, 478804, 471718, 466603, 475515, 471361
L1-D.backinval-u = 0, 0, 0, 0, 0, 0, 0, 0, 0, 0, 0, 0, 0, 0, 0, 0
L1-D.coherency-downgrades = 399, 302596, 393646, 386091, 363666, 450479, 386232, 402100, 397951, 395735, 394329, 406843, 399867, 393991, 390962, 394527
L1-D.coherency-invalidates = 123, 396102, 463011, 469282, 434401, 472183, 447438, 455896, 458279, 459279, 459145, 455331, 463618, 453832, 448893, 448083
L1-D.coherency-upgrades = 0, 0, 0, 0, 0, 0, 0, 0, 0, 0, 0, 0, 0, 0, 0, 0
L1-D.coherency-writebacks = 133, 408462, 431758, 420739, 411760, 356217, 435020, 424291, 411675, 437146, 440333, 432757, 427835, 451793, 525672, 453124
L1-D.evict-D = 0, 0, 0, 0, 0, 0, 0, 0, 0, 0, 0, 0, 0, 0, 0, 0
L1-D.evict-E = 0, 0, 0, 0, 0, 0, 0, 0, 0, 0, 0, 0, 0, 0, 0, 0
L1-D.evict-I = 0, 0, 0, 0, 0, 0, 0, 0, 0, 0, 0, 0, 0, 0, 0, 0
L1-D.evict-M = 0, 0, 0, 0, 0, 0, 0, 0, 0, 0, 0, 0, 0, 0, 0, 0
L1-D.evict-O = 0, 0, 0, 0, 0, 0, 0, 0, 0, 0, 0, 0, 0, 0, 0, 0
L1-D.evict-prefetch = 0, 0, 0, 0, 0, 0, 0, 0, 0, 0, 0, 0, 0, 0, 0, 0
L1-D.evict-S = 0, 0, 0, 0, 0, 0, 0, 0, 0, 0, 0, 0, 0, 0, 0, 0
L1-D.evict-u = 0, 0, 0, 0, 0, 0, 0, 0, 0, 0, 0, 0, 0, 0, 0, 0
L1-D.evict-warmup = 0, 0, 0, 0, 0, 0, 0, 0, 0, 0, 0, 0, 0, 0, 0, 0
L1-D.hits-prefetch = 0, 0, 0, 0, 0, 0, 0, 0, 0, 0, 0, 0, 0, 0, 0, 0
L1-D.hits-warmup = 0, 0, 0, 0, 0, 0, 0, 0, 0, 0, 0, 0, 0, 0, 0, 0
L1-D.invalidate-prefetch = 0, 0, 0, 0, 0, 0, 0, 0, 0, 0, 0, 0, 0, 0, 0, 0
L1-D.invalidate-warmup = 0, 0, 0, 0, 0, 0, 0, 0, 0, 0, 0, 0, 0, 0, 0, 0
L1-D.load-misses = 33669, 1986905, 1987166, 1978008, 1964203, 3206638, 1981032, 1976614, 1956893, 1994249, 1986414, 1975513, 1983099, 1985154, 2015503, 1987322
L1-D.load-misses-D = 0, 0, 0, 0, 0, 0, 0, 0, 0, 0, 0, 0, 0, 0, 0, 0
L1-D.load-misses-E = 11, 2572, 1303, 1295, 1304, 5220, 1298, 1302, 1309, 308, 1303, 1303, 1301, 1303, 1296, 1300
L1-D.load-misses-I = 33630, 1963170, 1962895, 1954184, 1940031, 3159982, 1956764, 1953213, 1932506, 1971794, 1963088, 1952981, 1958729, 1961009, 1992547, 1964838
L1-D.load-misses-M = 0, 0, 0, 0, 0, 0, 0, 0, 0, 0, 0, 0, 0, 0, 0, 0
L1-D.load-misses-O = 0, 0, 0, 0, 0, 0, 0, 0, 0, 0, 0, 0, 0, 0, 0, 0
L1-D.load-misses-S = 28, 21163, 22968, 22529, 22868, 41436, 22970, 22099, 23078, 22147, 22023, 21229, 23069, 22842, 21660, 21184
L1-D.load-misses-u = 0, 0, 0, 0, 0, 0, 0, 0, 0, 0, 0, 0, 0, 0, 0, 0
L1-D.load-overlapping-misses = 0, 0, 0, 0, 0, 0, 0, 0, 0, 0, 0, 0, 0, 0, 0, 0
L1-D.loads = 3207670, 2068701629, 2078752176, 2078073930, 2078698332, 2282338788, 2073275392, 2078794910, 2074621614, 2077201981, 2073195040, 2082447712, 2079335098, 2081869461, 2080161189, 2085301358
L1-D.loads-D = 0, 0, 0, 0, 0, 0, 0, 0, 0, 0, 0, 0, 0, 0, 0, 0
L1-D.loads-E = 519817, 11634089, 12527414, 11679587, 12342489, 23581577, 12109462, 12224756, 11453841, 12270205, 12170880, 12039605, 12152104, 11782401, 12463294, 12164806
L1-D.loads-I = 33630, 1963170, 1962895, 1954184, 1940031, 3159982, 1956764, 1953213, 1932506, 1971794, 1963088, 1952981, 1958729, 1961009, 1992547, 1964838
L1-D.loads-M = 2584346, 1362672858, 1368673979, 1368836303, 1368704878, 1488630616, 1364858872, 1368724755, 1366605326, 1367618230, 1365285731, 1371223186, 1369027144, 1371034487, 1369457685, 1372741818
L1-D.loads-O = 0, 0, 0, 0, 0, 0, 0, 0, 0, 0, 0, 0, 0, 0, 0, 0
L1-D.loads-prefetch = 0, 0, 0, 0, 0, 0, 0, 0, 0, 0, 0, 0, 0, 0, 0, 0
L1-D.loads-S = 69877, 692431512, 695587888, 695603856, 695710934, 766966613, 694350294, 695892186, 694629941, 695341752, 693775341, 697231940, 696197121, 697091564, 696247663, 698429896
L1-D.loads-u = 0, 0, 0, 0, 0, 0, 0, 0, 0, 0, 0, 0, 0, 0, 0, 0
L1-D.loads-where-cache-remote = 3415, 427424, 414942, 403119, 373742, 600646, 356193, 375341, 371985, 356429, 352807, 357859, 374382, 369034, 364900, 357196
L1-D.loads-where-dram = 0, 0, 0, 0, 0, 0, 0, 0, 0, 0, 0, 0, 0, 0, 0, 0
L1-D.loads-where-dram-cache = 0, 0, 0, 0, 0, 0, 0, 0, 0, 0, 0, 0, 0, 0, 0, 0
L1-D.loads-where-dram-local = 1352, 0, 0, 0, 1, 0, 0, 0, 1, 0, 0, 0, 3, 0, 0, 0
L1-D.loads-where-dram-remote = 8163, 41, 15, 4, 3, 17, 3, 5, 5, 5, 26, 1, 3, 3, 4, 2
L1-D.loads-where-L1 = 3174001, 2066714724, 2076765010, 2076095922, 2076734129, 2279132150, 2071294360, 2076818296, 2072664721, 2075207732, 2071208626, 2080472199, 2077351999, 2079884307, 2078145686, 2083314036
L1-D.loads-where-L1_S = 0, 0, 0, 0, 0, 0, 0, 0, 0, 0, 0, 0, 0, 0, 0, 0
L1-D.loads-where-L1I = 0, 0, 0, 0, 0, 0, 0, 0, 0, 0, 0, 0, 0, 0, 0, 0
L1-D.loads-where-L2 = 84, 348757, 365225, 356021, 352990, 306525, 365538, 357659, 351722, 366692, 370901, 368674, 362980, 379088, 398071, 381773
L1-D.loads-where-L2_S = 0, 0, 0, 0, 0, 0, 0, 0, 0, 0, 0, 0, 0, 0, 0, 0
L1-D.loads-where-L3 = 0, 0, 0, 0, 0, 0, 0, 0, 0, 0, 0, 0, 0, 0, 0, 0
L1-D.loads-where-L3_S = 0, 0, 0, 0, 0, 0, 0, 0, 0, 0, 0, 0, 0, 0, 0, 0
L1-D.loads-where-L4 = 0, 0, 0, 0, 0, 0, 0, 0, 0, 0, 0, 0, 0, 0, 0, 0
L1-D.loads-where-L4_S = 0, 0, 0, 0, 0, 0, 0, 0, 0, 0, 0, 0, 0, 0, 0, 0
L1-D.loads-where-miss = 0, 0, 0, 0, 0, 0, 0, 0, 0, 0, 0, 0, 0, 0, 0, 0
L1-D.loads-where-nuca-cache = 0, 0, 0, 0, 0, 0, 0, 0, 0, 0, 0, 0, 0, 0, 0, 0
L1-D.loads-where-nuca-local = 2194, 72990, 75948, 51137, 70342, 111300, 65540, 52489, 76961, 12690, 69170, 43168, 78655, 59693, 77592, 102673
L1-D.loads-where-nuca-remote = 18461, 1137693, 1131036, 1167727, 1167125, 2188150, 1193758, 1191120, 1156219, 1258433, 1193510, 1205811, 1167076, 1177336, 1174936, 1145678
L1-D.loads-where-predicate-false = 0, 0, 0, 0, 0, 0, 0, 0, 0, 0, 0, 0, 0, 0, 0, 0
L1-D.loads-where-prefetch-no-mapping = 0, 0, 0, 0, 0, 0, 0, 0, 0, 0, 0, 0, 0, 0, 0, 0
L1-D.loads-where-unknown = 0, 0, 0, 0, 0, 0, 0, 0, 0, 0, 0, 0, 0, 0, 0, 0
L1-D.mshr-latency = 0, 0, 0, 0, 0, 0, 0, 0, 0, 0, 0, 0, 0, 0, 0, 0
L1-D.next_read.no-free-slots = 0, 0, 0, 0, 0, 0, 0, 0, 0, 0, 0, 0, 0, 0, 0, 0
L1-D.next_read.num-barriers = 0, 0, 0, 0, 0, 0, 0, 0, 0, 0, 0, 0, 0, 0, 0, 0
L1-D.next_read.num-requests = 0, 0, 0, 0, 0, 0, 0, 0, 0, 0, 0, 0, 0, 0, 0, 0
L1-D.next_read.requests-out-of-order = 0, 0, 0, 0, 0, 0, 0, 0, 0, 0, 0, 0, 0, 0, 0, 0
L1-D.next_read.requests-simultaneous = 0, 0, 0, 0, 0, 0, 0, 0, 0, 0, 0, 0, 0, 0, 0, 0
L1-D.next_read.total-barrier-delay = 0, 0, 0, 0, 0, 0, 0, 0, 0, 0, 0, 0, 0, 0, 0, 0
L1-D.next_read.total-delay = 0, 0, 0, 0, 0, 0, 0, 0, 0, 0, 0, 0, 0, 0, 0, 0
L1-D.prefetches = 0, 0, 0, 0, 0, 0, 0, 0, 0, 0, 0, 0, 0, 0, 0, 0
L1-D.qbs-query-latency = 0, 0, 0, 0, 0, 0, 0, 0, 0, 0, 0, 0, 0, 0, 0, 0
L1-D.snoop-latency = 0, 0, 0, 0, 0, 0, 0, 0, 0, 0, 0, 0, 0, 0, 0, 0
L1-D.store-misses = 17929, 227153, 282000, 280707, 242216, 364285, 279921, 279465, 277884, 288173, 283243, 280299, 282923, 289881, 345109, 282114
L1-D.store-misses-D = 0, 0, 0, 0, 0, 0, 0, 0, 0, 0, 0, 0, 0, 0, 0, 0
L1-D.store-misses-E = 7368, 26388, 9467, 8515, 10709, 32654, 10767, 9219, 8090, 9247, 8822, 9548, 8988, 9596, 10155, 9676
L1-D.store-misses-I = 10465, 80341, 86847, 84807, 84410, 119026, 89789, 84948, 81391, 89508, 87537, 86055, 85017, 92260, 147550, 92140
L1-D.store-misses-M = 0, 0, 0, 0, 0, 0, 0, 0, 0, 0, 0, 0, 0, 0, 0, 0
L1-D.store-misses-O = 0, 0, 0, 0, 0, 0, 0, 0, 0, 0, 0, 0, 0, 0, 0, 0
L1-D.store-misses-S = 96, 120424, 185686, 187385, 147097, 212605, 179365, 185298, 188403, 189418, 186884, 184696, 188918, 188025, 187404, 180298
L1-D.store-misses-u = 0, 0, 0, 0, 0, 0, 0, 0, 0, 0, 0, 0, 0, 0, 0, 0
L1-D.store-overlapping-misses = 0, 0, 0, 0, 0, 0, 0, 0, 0, 0, 0, 0, 0, 0, 0, 0
L1-D.stores = 1849586, 681885533, 684998708, 684783381, 684970890, 743980076, 683181401, 685018859, 683594827, 684506886, 683159933, 686262383, 685207650, 686072177, 685632525, 687278580
L1-D.stores-D = 0, 0, 0, 0, 0, 0, 0, 0, 0, 0, 0, 0, 0, 0, 0, 0
L1-D.stores-E = 7368, 26388, 9467, 8515, 10709, 32654, 10767, 9219, 8090, 9247, 8822, 9548, 8988, 9596, 10155, 9676
L1-D.stores-I = 10465, 80341, 86847, 84807, 84410, 119026, 89789, 84948, 81391, 89508, 87537, 86055, 85017, 92260, 147550, 92140
L1-D.stores-M = 1831657, 681658380, 684716708, 684502674, 684728674, 743615791, 682901480, 684739394, 683316943, 684218713, 682876690, 685982084, 684924727, 685782296, 685287416, 686996466
L1-D.stores-O = 0, 0, 0, 0, 0, 0, 0, 0, 0, 0, 0, 0, 0, 0, 0, 0
L1-D.stores-prefetch = 0, 0, 0, 0, 0, 0, 0, 0, 0, 0, 0, 0, 0, 0, 0, 0
L1-D.stores-S = 96, 120424, 185686, 187385, 147097, 212605, 179365, 185298, 188403, 189418, 186884, 184696, 188918, 188025, 187404, 180298
L1-D.stores-u = 0, 0, 0, 0, 0, 0, 0, 0, 0, 0, 0, 0, 0, 0, 0, 0
L1-D.stores-where-cache-remote = 0, 0, 0, 0, 0, 0, 0, 0, 0, 0, 0, 0, 0, 0, 0, 0
L1-D.stores-where-dram = 0, 0, 0, 0, 0, 0, 0, 0, 0, 0, 0, 0, 0, 0, 0, 0
L1-D.stores-where-dram-cache = 0, 0, 0, 0, 0, 0, 0, 0, 0, 0, 0, 0, 0, 0, 0, 0
L1-D.stores-where-dram-local = 0, 0, 0, 0, 0, 0, 0, 0, 0, 0, 0, 0, 0, 0, 0, 0
L1-D.stores-where-dram-remote = 0, 0, 0, 0, 0, 0, 0, 0, 0, 0, 0, 0, 0, 0, 0, 0
L1-D.stores-where-L1 = 1831657, 681658380, 684716708, 684502674, 684728674, 743615791, 682901480, 684739394, 683316943, 684218713, 682876690, 685982084, 684924727, 685782296, 685287416, 686996466
L1-D.stores-where-L1_S = 0, 0, 0, 0, 0, 0, 0, 0, 0, 0, 0, 0, 0, 0, 0, 0
L1-D.stores-where-L1I = 0, 0, 0, 0, 0, 0, 0, 0, 0, 0, 0, 0, 0, 0, 0, 0
L1-D.stores-where-L2 = 17929, 227153, 282000, 280707, 242216, 364285, 279921, 279465, 277884, 288173, 283243, 280299, 282923, 289881, 345109, 282114
L1-D.stores-where-L2_S = 0, 0, 0, 0, 0, 0, 0, 0, 0, 0, 0, 0, 0, 0, 0, 0
L1-D.stores-where-L3 = 0, 0, 0, 0, 0, 0, 0, 0, 0, 0, 0, 0, 0, 0, 0, 0
L1-D.stores-where-L3_S = 0, 0, 0, 0, 0, 0, 0, 0, 0, 0, 0, 0, 0, 0, 0, 0
L1-D.stores-where-L4 = 0, 0, 0, 0, 0, 0, 0, 0, 0, 0, 0, 0, 0, 0, 0, 0
L1-D.stores-where-L4_S = 0, 0, 0, 0, 0, 0, 0, 0, 0, 0, 0, 0, 0, 0, 0, 0
L1-D.stores-where-miss = 0, 0, 0, 0, 0, 0, 0, 0, 0, 0, 0, 0, 0, 0, 0, 0
L1-D.stores-where-nuca-cache = 0, 0, 0, 0, 0, 0, 0, 0, 0, 0, 0, 0, 0, 0, 0, 0
L1-D.stores-where-nuca-local = 0, 0, 0, 0, 0, 0, 0, 0, 0, 0, 0, 0, 0, 0, 0, 0
L1-D.stores-where-nuca-remote = 0, 0, 0, 0, 0, 0, 0, 0, 0, 0, 0, 0, 0, 0, 0, 0
L1-D.stores-where-predicate-false = 0, 0, 0, 0, 0, 0, 0, 0, 0, 0, 0, 0, 0, 0, 0, 0
L1-D.stores-where-prefetch-no-mapping = 0, 0, 0, 0, 0, 0, 0, 0, 0, 0, 0, 0, 0, 0, 0, 0
L1-D.stores-where-unknown = 0, 0, 0, 0, 0, 0, 0, 0, 0, 0, 0, 0, 0, 0, 0, 0
L1-D.total-latency = 7490827392350, 64484241877183, 68194441740771, 69920942734339, 65956187796532, 90300790205691, 68120217000317, 69599160569552, 66695117000758, 67689694100933, 68420897799295, 69172331458702, 70316078314577, 68613002439599, 70244502620861, 69929252773093
L1-I.access-mru-0 = 1616770, 1365278838, 1372215804, 1371749353, 1372148473, 1494557481, 1368561316, 1372254634, 1369473115, 1371169571, 1368508089, 1374682657, 1372574449, 1374287893, 1373129648, 1376558333
L1-I.access-mru-1 = 35088, 136940, 132135, 133474, 129781, 300586, 127621, 127560, 136001, 132985, 129593, 125323, 130865, 128831, 130509, 129972
L1-I.access-mru-2 = 7935, 34663, 28868, 27945, 27939, 77801, 28106, 27751, 28180, 28875, 27986, 26416, 28511, 27625, 28114, 28905
L1-I.access-mru-3 = 105, 3752, 34, 35, 35, 120, 31, 35, 29, 41, 33, 36, 31, 31, 37, 38
L1-I.backinval-D = 0, 0, 0, 0, 0, 0, 0, 0, 0, 0, 0, 0, 0, 0, 0, 0
L1-I.backinval-E = 5836, 48236, 92, 122, 174, 6441, 108, 106, 92, 114, 115, 107, 139, 91, 102, 107
L1-I.backinval-I = 0, 0, 0, 0, 0, 0, 0, 0, 0, 0, 0, 0, 0, 0, 0, 0
L1-I.backinval-M = 0, 0, 0, 0, 0, 0, 0, 0, 0, 0, 0, 0, 0, 0, 0, 0
L1-I.backinval-O = 0, 0, 0, 0, 0, 0, 0, 0, 0, 0, 0, 0, 0, 0, 0, 0
L1-I.backinval-S = 365, 176969, 143667, 145875, 161307, 267979, 159483, 148994, 142045, 153990, 151638, 156381, 160304, 150251, 143352, 161010
L1-I.backinval-u = 0, 0, 0, 0, 0, 0, 0, 0, 0, 0, 0, 0, 0, 0, 0, 0
L1-I.coherency-downgrades = 95, 4375, 2274, 2010, 3076, 24865, 2208, 2052, 3534, 3185, 1939, 1768, 2866, 1876, 2237, 1627
L1-I.coherency-invalidates = 0, 0, 0, 0, 0, 0, 0, 0, 0, 0, 0, 0, 0, 0, 0, 0
L1-I.coherency-upgrades = 0, 0, 0, 0, 0, 0, 0, 0, 0, 0, 0, 0, 0, 0, 0, 0
L1-I.coherency-writebacks = 0, 0, 0, 0, 0, 0, 0, 0, 0, 0, 0, 0, 0, 0, 0, 0
L1-I.evict-D = 0, 0, 0, 0, 0, 0, 0, 0, 0, 0, 0, 0, 0, 0, 0, 0
L1-I.evict-E = 0, 0, 0, 0, 0, 0, 0, 0, 0, 0, 0, 0, 0, 0, 0, 0
L1-I.evict-I = 0, 0, 0, 0, 0, 0, 0, 0, 0, 0, 0, 0, 0, 0, 0, 0
L1-I.evict-M = 0, 0, 0, 0, 0, 0, 0, 0, 0, 0, 0, 0, 0, 0, 0, 0
L1-I.evict-O = 0, 0, 0, 0, 0, 0, 0, 0, 0, 0, 0, 0, 0, 0, 0, 0
L1-I.evict-prefetch = 0, 0, 0, 0, 0, 0, 0, 0, 0, 0, 0, 0, 0, 0, 0, 0
L1-I.evict-S = 0, 0, 0, 0, 0, 0, 0, 0, 0, 0, 0, 0, 0, 0, 0, 0
L1-I.evict-u = 0, 0, 0, 0, 0, 0, 0, 0, 0, 0, 0, 0, 0, 0, 0, 0
L1-I.evict-warmup = 0, 0, 0, 0, 0, 0, 0, 0, 0, 0, 0, 0, 0, 0, 0, 0
L1-I.hits-prefetch = 0, 0, 0, 0, 0, 0, 0, 0, 0, 0, 0, 0, 0, 0, 0, 0
L1-I.hits-warmup = 0, 0, 0, 0, 0, 0, 0, 0, 0, 0, 0, 0, 0, 0, 0, 0
L1-I.invalidate-prefetch = 0, 0, 0, 0, 0, 0, 0, 0, 0, 0, 0, 0, 0, 0, 0, 0
L1-I.invalidate-warmup = 0, 0, 0, 0, 0, 0, 0, 0, 0, 0, 0, 0, 0, 0, 0, 0
L1-I.load-misses = 6477, 225356, 143892, 146123, 161607, 274547, 159774, 149226, 142259, 154258, 151909, 156646, 160602, 150463, 143574, 161241
L1-I.load-misses-D = 0, 0, 0, 0, 0, 0, 0, 0, 0, 0, 0, 0, 0, 0, 0, 0
L1-I.load-misses-E = 0, 0, 0, 0, 0, 0, 0, 0, 0, 0, 0, 0, 0, 0, 0, 0
L1-I.load-misses-I = 6477, 225356, 143892, 146123, 161607, 274547, 159774, 149226, 142259, 154258, 151909, 156646, 160602, 150463, 143574, 161241
L1-I.load-misses-M = 0, 0, 0, 0, 0, 0, 0, 0, 0, 0, 0, 0, 0, 0, 0, 0
L1-I.load-misses-O = 0, 0, 0, 0, 0, 0, 0, 0, 0, 0, 0, 0, 0, 0, 0, 0
L1-I.load-misses-S = 0, 0, 0, 0, 0, 0, 0, 0, 0, 0, 0, 0, 0, 0, 0, 0
L1-I.load-misses-u = 0, 0, 0, 0, 0, 0, 0, 0, 0, 0, 0, 0, 0, 0, 0, 0
L1-I.load-overlapping-misses = 0, 0, 0, 0, 0, 0, 0, 0, 0, 0, 0, 0, 0, 0, 0, 0
L1-I.loads = 1666375, 1365679549, 1372520733, 1372056930, 1372467835, 1495210535, 1368876848, 1372559206, 1369779584, 1371485730, 1368817610, 1374991078, 1372894458, 1374594843, 1373431882, 1376878489
L1-I.loads-D = 0, 0, 0, 0, 0, 0, 0, 0, 0, 0, 0, 0, 0, 0, 0, 0
L1-I.loads-E = 1653608, 591257, 6169, 6016, 12394, 317381, 11100, 7709, 20520, 19607, 8839, 13355, 8782, 6927, 10692, 7596
L1-I.loads-I = 6477, 225356, 143892, 146123, 161607, 274547, 159774, 149226, 142259, 154258, 151909, 156646, 160602, 150463, 143574, 161241
L1-I.loads-M = 0, 0, 0, 0, 0, 0, 0, 0, 0, 0, 0, 0, 0, 0, 0, 0
L1-I.loads-O = 0, 0, 0, 0, 0, 0, 0, 0, 0, 0, 0, 0, 0, 0, 0, 0
L1-I.loads-prefetch = 0, 0, 0, 0, 0, 0, 0, 0, 0, 0, 0, 0, 0, 0, 0, 0
L1-I.loads-S = 6290, 1364862936, 1372370672, 1371904791, 1372293834, 1494618607, 1368705974, 1372402271, 1369616805, 1371311865, 1368656862, 1374821077, 1372725074, 1374437453, 1373277616, 1376709652
L1-I.loads-u = 0, 0, 0, 0, 0, 0, 0, 0, 0, 0, 0, 0, 0, 0, 0, 0
L1-I.loads-where-cache-remote = 17, 4391, 3993, 3269, 4581, 9028, 3483, 3089, 4765, 4242, 3163, 2708, 4277, 3005, 3097, 2877
L1-I.loads-where-dram = 0, 0, 0, 0, 0, 0, 0, 0, 0, 0, 0, 0, 0, 0, 0, 0
L1-I.loads-where-dram-cache = 0, 0, 0, 0, 0, 0, 0, 0, 0, 0, 0, 0, 0, 0, 0, 0
L1-I.loads-where-dram-local = 353, 0, 0, 0, 0, 0, 0, 0, 6, 0, 0, 0, 1, 0, 0, 0
L1-I.loads-where-dram-remote = 1033, 152, 11, 4, 0, 109, 14, 0, 17, 19, 30, 11, 0, 3, 5, 3
L1-I.loads-where-L1 = 0, 0, 0, 0, 0, 0, 0, 0, 0, 0, 0, 0, 0, 0, 0, 0
L1-I.loads-where-L1_S = 0, 0, 0, 0, 0, 0, 0, 0, 0, 0, 0, 0, 0, 0, 0, 0
L1-I.loads-where-L1I = 1659898, 1365454193, 1372376841, 1371910807, 1372306228, 1494935988, 1368717074, 1372409980, 1369637325, 1371331472, 1368665701, 1374834432, 1372733856, 1374444380, 1373288308, 1376717248
L1-I.loads-where-L2 = 2, 0, 0, 0, 0, 0, 0, 0, 0, 0, 0, 0, 0, 0, 0, 0
L1-I.loads-where-L2_S = 0, 0, 0, 0, 0, 0, 0, 0, 0, 0, 0, 0, 0, 0, 0, 0
L1-I.loads-where-L3 = 0, 0, 0, 0, 0, 0, 0, 0, 0, 0, 0, 0, 0, 0, 0, 0
L1-I.loads-where-L3_S = 0, 0, 0, 0, 0, 0, 0, 0, 0, 0, 0, 0, 0, 0, 0, 0
L1-I.loads-where-L4 = 0, 0, 0, 0, 0, 0, 0, 0, 0, 0, 0, 0, 0, 0, 0, 0
L1-I.loads-where-L4_S = 0, 0, 0, 0, 0, 0, 0, 0, 0, 0, 0, 0, 0, 0, 0, 0
L1-I.loads-where-miss = 0, 0, 0, 0, 0, 0, 0, 0, 0, 0, 0, 0, 0, 0, 0, 0
L1-I.loads-where-nuca-cache = 0, 0, 0, 0, 0, 0, 0, 0, 0, 0, 0, 0, 0, 0, 0, 0
L1-I.loads-where-nuca-local = 1866, 13270, 11238, 8039, 7030, 13147, 9193, 8711, 7852, 3992, 8312, 8612, 13582, 8088, 11828, 9883
L1-I.loads-where-nuca-remote = 3206, 207543, 128650, 134811, 149996, 252263, 147084, 137426, 129619, 146005, 140404, 145315, 142742, 139367, 128644, 148478
L1-I.loads-where-predicate-false = 0, 0, 0, 0, 0, 0, 0, 0, 0, 0, 0, 0, 0, 0, 0, 0
L1-I.loads-where-prefetch-no-mapping = 0, 0, 0, 0, 0, 0, 0, 0, 0, 0, 0, 0, 0, 0, 0, 0
L1-I.loads-where-unknown = 0, 0, 0, 0, 0, 0, 0, 0, 0, 0, 0, 0, 0, 0, 0, 0
L1-I.mshr-latency = 0, 0, 0, 0, 0, 0, 0, 0, 0, 0, 0, 0, 0, 0, 0, 0
L1-I.next_read.no-free-slots = 0, 0, 0, 0, 0, 0, 0, 0, 0, 0, 0, 0, 0, 0, 0, 0
L1-I.next_read.num-barriers = 0, 0, 0, 0, 0, 0, 0, 0, 0, 0, 0, 0, 0, 0, 0, 0
L1-I.next_read.num-requests = 0, 0, 0, 0, 0, 0, 0, 0, 0, 0, 0, 0, 0, 0, 0, 0
L1-I.next_read.requests-out-of-order = 0, 0, 0, 0, 0, 0, 0, 0, 0, 0, 0, 0, 0, 0, 0, 0
L1-I.next_read.requests-simultaneous = 0, 0, 0, 0, 0, 0, 0, 0, 0, 0, 0, 0, 0, 0, 0, 0
L1-I.next_read.total-barrier-delay = 0, 0, 0, 0, 0, 0, 0, 0, 0, 0, 0, 0, 0, 0, 0, 0
L1-I.next_read.total-delay = 0, 0, 0, 0, 0, 0, 0, 0, 0, 0, 0, 0, 0, 0, 0, 0
L1-I.prefetches = 0, 0, 0, 0, 0, 0, 0, 0, 0, 0, 0, 0, 0, 0, 0, 0
L1-I.qbs-query-latency = 0, 0, 0, 0, 0, 0, 0, 0, 0, 0, 0, 0, 0, 0, 0, 0
L1-I.snoop-latency = 0, 0, 0, 0, 0, 0, 0, 0, 0, 0, 0, 0, 0, 0, 0, 0
L1-I.store-misses = 0, 0, 0, 0, 0, 0, 0, 0, 0, 0, 0, 0, 0, 0, 0, 0
L1-I.store-misses-D = 0, 0, 0, 0, 0, 0, 0, 0, 0, 0, 0, 0, 0, 0, 0, 0
L1-I.store-misses-E = 0, 0, 0, 0, 0, 0, 0, 0, 0, 0, 0, 0, 0, 0, 0, 0
L1-I.store-misses-I = 0, 0, 0, 0, 0, 0, 0, 0, 0, 0, 0, 0, 0, 0, 0, 0
L1-I.store-misses-M = 0, 0, 0, 0, 0, 0, 0, 0, 0, 0, 0, 0, 0, 0, 0, 0
L1-I.store-misses-O = 0, 0, 0, 0, 0, 0, 0, 0, 0, 0, 0, 0, 0, 0, 0, 0
L1-I.store-misses-S = 0, 0, 0, 0, 0, 0, 0, 0, 0, 0, 0, 0, 0, 0, 0, 0
L1-I.store-misses-u = 0, 0, 0, 0, 0, 0, 0, 0, 0, 0, 0, 0, 0, 0, 0, 0
L1-I.store-overlapping-misses = 0, 0, 0, 0, 0, 0, 0, 0, 0, 0, 0, 0, 0, 0, 0, 0
L1-I.stores = 0, 0, 0, 0, 0, 0, 0, 0, 0, 0, 0, 0, 0, 0, 0, 0
L1-I.stores-D = 0, 0, 0, 0, 0, 0, 0, 0, 0, 0, 0, 0, 0, 0, 0, 0
L1-I.stores-E = 0, 0, 0, 0, 0, 0, 0, 0, 0, 0, 0, 0, 0, 0, 0, 0
L1-I.stores-I = 0, 0, 0, 0, 0, 0, 0, 0, 0, 0, 0, 0, 0, 0, 0, 0
L1-I.stores-M = 0, 0, 0, 0, 0, 0, 0, 0, 0, 0, 0, 0, 0, 0, 0, 0
L1-I.stores-O = 0, 0, 0, 0, 0, 0, 0, 0, 0, 0, 0, 0, 0, 0, 0, 0
L1-I.stores-prefetch = 0, 0, 0, 0, 0, 0, 0, 0, 0, 0, 0, 0, 0, 0, 0, 0
L1-I.stores-S = 0, 0, 0, 0, 0, 0, 0, 0, 0, 0, 0, 0, 0, 0, 0, 0
L1-I.stores-u = 0, 0, 0, 0, 0, 0, 0, 0, 0, 0, 0, 0, 0, 0, 0, 0
L1-I.stores-where-cache-remote = 0, 0, 0, 0, 0, 0, 0, 0, 0, 0, 0, 0, 0, 0, 0, 0
L1-I.stores-where-dram = 0, 0, 0, 0, 0, 0, 0, 0, 0, 0, 0, 0, 0, 0, 0, 0
L1-I.stores-where-dram-cache = 0, 0, 0, 0, 0, 0, 0, 0, 0, 0, 0, 0, 0, 0, 0, 0
L1-I.stores-where-dram-local = 0, 0, 0, 0, 0, 0, 0, 0, 0, 0, 0, 0, 0, 0, 0, 0
L1-I.stores-where-dram-remote = 0, 0, 0, 0, 0, 0, 0, 0, 0, 0, 0, 0, 0, 0, 0, 0
L1-I.stores-where-L1 = 0, 0, 0, 0, 0, 0, 0, 0, 0, 0, 0, 0, 0, 0, 0, 0
L1-I.stores-where-L1_S = 0, 0, 0, 0, 0, 0, 0, 0, 0, 0, 0, 0, 0, 0, 0, 0
L1-I.stores-where-L1I = 0, 0, 0, 0, 0, 0, 0, 0, 0, 0, 0, 0, 0, 0, 0, 0
L1-I.stores-where-L2 = 0, 0, 0, 0, 0, 0, 0, 0, 0, 0, 0, 0, 0, 0, 0, 0
L1-I.stores-where-L2_S = 0, 0, 0, 0, 0, 0, 0, 0, 0, 0, 0, 0, 0, 0, 0, 0
L1-I.stores-where-L3 = 0, 0, 0, 0, 0, 0, 0, 0, 0, 0, 0, 0, 0, 0, 0, 0
L1-I.stores-where-L3_S = 0, 0, 0, 0, 0, 0, 0, 0, 0, 0, 0, 0, 0, 0, 0, 0
L1-I.stores-where-L4 = 0, 0, 0, 0, 0, 0, 0, 0, 0, 0, 0, 0, 0, 0, 0, 0
L1-I.stores-where-L4_S = 0, 0, 0, 0, 0, 0, 0, 0, 0, 0, 0, 0, 0, 0, 0, 0
L1-I.stores-where-miss = 0, 0, 0, 0, 0, 0, 0, 0, 0, 0, 0, 0, 0, 0, 0, 0
L1-I.stores-where-nuca-cache = 0, 0, 0, 0, 0, 0, 0, 0, 0, 0, 0, 0, 0, 0, 0, 0
L1-I.stores-where-nuca-local = 0, 0, 0, 0, 0, 0, 0, 0, 0, 0, 0, 0, 0, 0, 0, 0
L1-I.stores-where-nuca-remote = 0, 0, 0, 0, 0, 0, 0, 0, 0, 0, 0, 0, 0, 0, 0, 0
L1-I.stores-where-predicate-false = 0, 0, 0, 0, 0, 0, 0, 0, 0, 0, 0, 0, 0, 0, 0, 0
L1-I.stores-where-prefetch-no-mapping = 0, 0, 0, 0, 0, 0, 0, 0, 0, 0, 0, 0, 0, 0, 0, 0
L1-I.stores-where-unknown = 0, 0, 0, 0, 0, 0, 0, 0, 0, 0, 0, 0, 0, 0, 0, 0
L1-I.total-latency = 307846767033, 6309692133795, 3962277671773, 4146996683461, 4632232570283, 7083227222302, 4375706256485, 4039404626920, 3981728602423, 4187628567158, 4298764950167, 4303639658310, 4757488466066, 4180114019697, 4436530442383, 4626464811448
l1misslat = 29889443.3995
L2.access-mru-0 = 2, 0, 0, 0, 0, 0, 0, 0, 0, 0, 0, 0, 0, 0, 0, 0
L2.access-mru-1 = 1, 0, 0, 0, 0, 0, 0, 0, 0, 0, 0, 0, 0, 0, 0, 0
L2.access-mru-2 = 0, 0, 0, 0, 0, 0, 0, 0, 0, 0, 0, 0, 0, 0, 0, 0
L2.access-mru-3 = 1, 0, 0, 0, 0, 0, 0, 0, 0, 0, 0, 0, 0, 0, 0, 0
L2.backinval-D = 0, 0, 0, 0, 0, 0, 0, 0, 0, 0, 0, 0, 0, 0, 0, 0
L2.backinval-E = 0, 0, 0, 0, 0, 0, 0, 0, 0, 0, 0, 0, 0, 0, 0, 0
L2.backinval-I = 0, 0, 0, 0, 0, 0, 0, 0, 0, 0, 0, 0, 0, 0, 0, 0
L2.backinval-M = 0, 0, 0, 0, 0, 0, 0, 0, 0, 0, 0, 0, 0, 0, 0, 0
L2.backinval-O = 0, 0, 0, 0, 0, 0, 0, 0, 0, 0, 0, 0, 0, 0, 0, 0
L2.backinval-S = 0, 0, 0, 0, 0, 0, 0, 0, 0, 0, 0, 0, 0, 0, 0, 0
L2.backinval-u = 0, 0, 0, 0, 0, 0, 0, 0, 0, 0, 0, 0, 0, 0, 0, 0
L2.coherency-downgrades = 489, 306971, 395920, 388101, 366742, 475344, 388440, 404152, 401485, 398920, 396268, 408611, 402733, 395867, 393199, 396154
L2.coherency-invalidates = 123, 420873, 499078, 507160, 468126, 505215, 486490, 495687, 497225, 495107, 496231, 493056, 504271, 492548, 486998, 486815
L2.coherency-upgrades = 124, 116376, 171922, 171442, 135725, 220415, 162675, 167012, 172068, 175095, 171221, 167655, 170790, 171554, 170140, 162161
L2.coherency-writebacks = 133, 408462, 431758, 420739, 411760, 356217, 435020, 424291, 411675, 437146, 440333, 432757, 427835, 451793, 525672, 453124
L2.evict-D = 0, 0, 0, 0, 0, 0, 0, 0, 0, 0, 0, 0, 0, 0, 0, 0
L2.evict-E = 24668, 778091, 675441, 664840, 687793, 1639186, 685877, 663235, 658686, 689385, 679673, 648236, 658491, 656193, 663634, 660014
L2.evict-I = 0, 0, 0, 0, 0, 0, 0, 0, 0, 0, 0, 0, 0, 0, 0, 0
L2.evict-M = 17478, 50741, 24186, 20007, 25874, 77338, 26787, 21813, 20393, 22526, 20911, 24222, 22435, 25165, 26924, 24727
L2.evict-O = 0, 0, 0, 0, 0, 0, 0, 0, 0, 0, 0, 0, 0, 0, 0, 0
L2.evict-prefetch = 0, 0, 0, 0, 0, 0, 0, 0, 0, 0, 0, 0, 0, 0, 0, 0
L2.evict-S = 7654, 635417, 599414, 610345, 626235, 1008728, 611314, 622249, 607094, 607368, 602574, 635185, 632022, 616854, 618867, 632371
L2.evict-u = 0, 0, 0, 0, 0, 0, 0, 0, 0, 0, 0, 0, 0, 0, 0, 0
L2.evict-warmup = 0, 0, 0, 0, 0, 0, 0, 0, 0, 0, 0, 0, 0, 0, 0, 0
L2.hits-prefetch = 0, 0, 0, 0, 0, 0, 0, 0, 0, 0, 0, 0, 0, 0, 0, 0
L2.hits-warmup = 0, 0, 0, 0, 0, 0, 0, 0, 0, 0, 0, 0, 0, 0, 0, 0
L2.invalidate-prefetch = 0, 0, 0, 0, 0, 0, 0, 0, 0, 0, 0, 0, 0, 0, 0, 0
L2.invalidate-warmup = 0, 0, 0, 0, 0, 0, 0, 0, 0, 0, 0, 0, 0, 0, 0, 0
L2.load-misses = 40142, 2212261, 2131058, 2124131, 2125810, 3481185, 2140806, 2125840, 2099152, 2148507, 2138323, 2132159, 2143701, 2135617, 2159077, 2148563
L2.load-misses-D = 0, 0, 0, 0, 0, 0, 0, 0, 0, 0, 0, 0, 0, 0, 0, 0
L2.load-misses-E = 11, 2572, 1303, 1295, 1304, 5220, 1298, 1302, 1309, 308, 1303, 1303, 1301, 1303, 1296, 1300
L2.load-misses-I = 40103, 2188563, 2106833, 2100350, 2101682, 3434580, 2116566, 2102477, 2074784, 2126087, 2115026, 2109667, 2119363, 2111499, 2136143, 2126110
L2.load-misses-M = 0, 0, 0, 0, 0, 0, 0, 0, 0, 0, 0, 0, 0, 0, 0, 0
L2.load-misses-O = 0, 0, 0, 0, 0, 0, 0, 0, 0, 0, 0, 0, 0, 0, 0, 0
L2.load-misses-S = 28, 21126, 22922, 22486, 22824, 41385, 22942, 22061, 23059, 22112, 21994, 21189, 23037, 22815, 21638, 21153
L2.load-misses-u = 0, 0, 0, 0, 0, 0, 0, 0, 0, 0, 0, 0, 0, 0, 0, 0
L2.load-overlapping-misses = 28, 223118, 236646, 234629, 226131, 206790, 240238, 237947, 226154, 237707, 244375, 240163, 233056, 245659, 249481, 245509
L2.loads = 40146, 2212261, 2131058, 2124131, 2125810, 3481185, 2140806, 2125840, 2099152, 2148507, 2138323, 2132159, 2143701, 2135617, 2159077, 2148563
L2.loads-D = 0, 0, 0, 0, 0, 0, 0, 0, 0, 0, 0, 0, 0, 0, 0, 0
L2.loads-E = 15, 2572, 1303, 1295, 1304, 5220, 1298, 1302, 1309, 308, 1303, 1303, 1301, 1303, 1296, 1300
L2.loads-I = 40103, 2188563, 2106833, 2100350, 2101682, 3434580, 2116566, 2102477, 2074784, 2126087, 2115026, 2109667, 2119363, 2111499, 2136143, 2126110
L2.loads-M = 0, 0, 0, 0, 0, 0, 0, 0, 0, 0, 0, 0, 0, 0, 0, 0
L2.loads-O = 0, 0, 0, 0, 0, 0, 0, 0, 0, 0, 0, 0, 0, 0, 0, 0
L2.loads-prefetch = 0, 0, 0, 0, 0, 0, 0, 0, 0, 0, 0, 0, 0, 0, 0, 0
L2.loads-S = 28, 21126, 22922, 22486, 22824, 41385, 22942, 22061, 23059, 22112, 21994, 21189, 23037, 22815, 21638, 21153
L2.loads-u = 0, 0, 0, 0, 0, 0, 0, 0, 0, 0, 0, 0, 0, 0, 0, 0
L2.mshr-latency = 0, 0, 0, 0, 0, 0, 0, 0, 0, 0, 0, 0, 0, 0, 0, 0
L2.next_read.no-free-slots = 0, 0, 0, 0, 0, 0, 0, 0, 0, 0, 0, 0, 0, 0, 0, 0
L2.next_read.num-barriers = 0, 0, 0, 0, 0, 0, 0, 0, 0, 0, 0, 0, 0, 0, 0, 0
L2.next_read.num-requests = 0, 0, 0, 0, 0, 0, 0, 0, 0, 0, 0, 0, 0, 0, 0, 0
L2.next_read.requests-out-of-order = 0, 0, 0, 0, 0, 0, 0, 0, 0, 0, 0, 0, 0, 0, 0, 0
L2.next_read.requests-simultaneous = 0, 0, 0, 0, 0, 0, 0, 0, 0, 0, 0, 0, 0, 0, 0, 0
L2.next_read.total-barrier-delay = 0, 0, 0, 0, 0, 0, 0, 0, 0, 0, 0, 0, 0, 0, 0, 0
L2.next_read.total-delay = 0, 0, 0, 0, 0, 0, 0, 0, 0, 0, 0, 0, 0, 0, 0, 0
L2.prefetches = 0, 0, 0, 0, 0, 0, 0, 0, 0, 0, 0, 0, 0, 0, 0, 0
L2.qbs-query-latency = 0, 0, 0, 0, 0, 0, 0, 0, 0, 0, 0, 0, 0, 0, 0, 0
L2.snoop-latency = 0, 0, 0, 0, 0, 0, 0, 0, 0, 0, 0, 0, 0, 0, 0, 0
L2.store-misses = 17929, 227153, 282000, 280707, 242216, 364285, 279921, 279465, 277884, 288173, 283243, 280299, 282923, 289881, 345109, 282114
L2.store-misses-D = 0, 0, 0, 0, 0, 0, 0, 0, 0, 0, 0, 0, 0, 0, 0, 0
L2.store-misses-E = 7368, 26388, 9467, 8515, 10709, 32654, 10767, 9219, 8090, 9247, 8822, 9548, 8988, 9596, 10155, 9676
L2.store-misses-I = 10465, 80744, 87466, 85358, 84881, 119569, 90369, 85504, 81839, 90115, 88108, 86560, 85529, 92830, 148347, 92698
L2.store-misses-M = 0, 0, 0, 0, 0, 0, 0, 0, 0, 0, 0, 0, 0, 0, 0, 0
L2.store-misses-O = 0, 0, 0, 0, 0, 0, 0, 0, 0, 0, 0, 0, 0, 0, 0, 0
L2.store-misses-S = 96, 120021, 185067, 186834, 146626, 212062, 178785, 184742, 187955, 188811, 186313, 184191, 188406, 187455, 186607, 179740
L2.store-misses-u = 0, 0, 0, 0, 0, 0, 0, 0, 0, 0, 0, 0, 0, 0, 0, 0
L2.store-overlapping-misses = 2411, 165508, 207557, 208547, 173336, 219232, 205368, 208201, 207633, 216786, 211379, 207636, 207893, 214687, 265157, 207319
L2.stores = 17929, 227153, 282000, 280707, 242216, 364285, 279921, 279465, 277884, 288173, 283243, 280299, 282923, 289881, 345109, 282114
L2.stores-D = 0, 0, 0, 0, 0, 0, 0, 0, 0, 0, 0, 0, 0, 0, 0, 0
L2.stores-E = 7368, 26388, 9467, 8515, 10709, 32654, 10767, 9219, 8090, 9247, 8822, 9548, 8988, 9596, 10155, 9676
L2.stores-I = 10465, 80744, 87466, 85358, 84881, 119569, 90369, 85504, 81839, 90115, 88108, 86560, 85529, 92830, 148347, 92698
L2.stores-M = 0, 0, 0, 0, 0, 0, 0, 0, 0, 0, 0, 0, 0, 0, 0, 0
L2.stores-O = 0, 0, 0, 0, 0, 0, 0, 0, 0, 0, 0, 0, 0, 0, 0, 0
L2.stores-prefetch = 0, 0, 0, 0, 0, 0, 0, 0, 0, 0, 0, 0, 0, 0, 0, 0
L2.stores-S = 96, 120021, 185067, 186834, 146626, 212062, 178785, 184742, 187955, 188811, 186313, 184191, 188406, 187455, 186607, 179740
L2.stores-u = 0, 0, 0, 0, 0, 0, 0, 0, 0, 0, 0, 0, 0, 0, 0, 0
L2.total-latency = 0, 0, 0, 0, 0, 0, 0, 0, 0, 0, 0, 0, 0, 0, 0, 0
L2.uncore-requests = 50692, 2403939, 2386761, 2381488, 2345330, 3796605, 2394115, 2381581, 2352368, 2414602, 2395855, 2387726, 2400560, 2400041, 2476645, 2404981
L2.uncore-time-dram = 0, 0, 0, 0, 0, 0, 0, 0, 0, 0, 0, 0, 0, 0, 0, 0
L2.uncore-time-dram-bus = 154424336320, 4416940624, 514185836, 311883212, 278166108, 1542557508, 472039456, 236019728, 505756560, 547902940, 800781220, 345600316, 354029592, 354029592, 404605248, 387746696
L2.uncore-time-dram-cache = 0, 0, 0, 0, 0, 0, 0, 0, 0, 0, 0, 0, 0, 0, 0, 0
L2.uncore-time-dram-cache-bus = 0, 0, 0, 0, 0, 0, 0, 0, 0, 0, 0, 0, 0, 0, 0, 0
L2.uncore-time-dram-cache-data = 0, 0, 0, 0, 0, 0, 0, 0, 0, 0, 0, 0, 0, 0, 0, 0
L2.uncore-time-dram-cache-queue = 0, 0, 0, 0, 0, 0, 0, 0, 0, 0, 0, 0, 0, 0, 0, 0
L2.uncore-time-dram-cache-tags = 0, 0, 0, 0, 0, 0, 0, 0, 0, 0, 0, 0, 0, 0, 0, 0
L2.uncore-time-dram-device = 824400000000, 23580000000, 2745000000, 1665000000, 1485000000, 8235000000, 2520000000, 1260000000, 2700000000, 2925000000, 4275000000, 1845000000, 1890000000, 1890000000, 2160000000, 2070000000
L2.uncore-time-dram-queue = 262787832482, 1437556162, 258674973, 144750989, 29557815, 77854394, 159633238, 126229023, 58135664, 268038941, 166011961, 34308020, 43377213, 164581680, 93200390, 30020542
L2.uncore-time-inv-imbalance = 1504469158, 2590190682097, 2756137124554, 1640615871455, 1869817906744, 2412072101228, 2312119804933, 1199074924740, 1735439438486, 1056891257851, 1835647437568, 905318419893, 1735388374901, 873300851459, 1822771516309, 463616277117
L2.uncore-time-noc-base = 1675663565837, 30830952563206, 30959914437885, 33849505871743, 30963032073162, 41694985430960, 29385867351041, 32506632820115, 29675726655896, 29901756813318, 27263703862011, 30682380629991, 31363753577598, 29451779790908, 29077917063968, 32190507095630
L2.uncore-time-noc-queue = 4452446962809, 16083607984321, 17358592681847, 17758423561155, 16954004158883, 19351915220920, 19707414431927, 18954698097243, 18446978527743, 20202285797783, 22445365164025, 20902407412567, 20501816760724, 21171982396252, 21572993948719, 19759010800937
L2.uncore-time-nuca-bus = 227490526, 43892306741, 51942242186, 58363500353, 56529714872, 76659798858, 82902698741, 89747817377, 90672583602, 99024645363, 108282800429, 109502002837, 98740308020, 84624741568, 66022902198, 69313615429
L2.uncore-time-nuca-data = 86333639472, 4282234744037, 3909535724821, 3907809126427, 4063009731062, 7598122009500, 4072221562100, 3988199029420, 3935642572470, 4099285751382, 4069953411865, 4051399574668, 4048996756150, 3998114304181, 4025544190778, 4068757904370
L2.uncore-time-nuca-ecc = 0, 0, 0, 0, 0, 0, 0, 0, 0, 0, 0, 0, 0, 0, 0, 0
L2.uncore-time-nuca-queue = 28734017056, 1400533085188, 1252448197552, 1239372515711, 1304952187798, 2465561041232, 1286782675328, 1257230419357, 1243682428206, 1296381657904, 1287230047241, 1283214565430, 1284322525418, 1268541889680, 1279245342593, 1294738377221
L2.uncore-time-nuca-tags = 35357814828, 1052396869698, 940815166986, 930975622231, 980232371136, 1852128896886, 966601574874, 944382828096, 934230219462, 973820355552, 966966585337, 963910603512, 964742935327, 952889765111, 960933893912, 972569982438
L2.uncore-time-remote-cache-inv = 0, 0, 0, 0, 0, 0, 0, 0, 0, 0, 0, 0, 0, 0, 0, 0
L2.uncore-time-remote-cache-wb = 0, 0, 0, 0, 0, 0, 0, 0, 0, 0, 0, 0, 0, 0, 0, 0
L2.uncore-time-td-access = 204033373470, 12128991095889, 12274604887813, 12447202117876, 11992032000333, 18429806340834, 12179013237830, 12421206178157, 12083111740130, 12570905864698, 12240456672985, 12451268053267, 12352181961378, 12610827262779, 13044595386713, 12630719281985
L2.uncore-time-unknown = 50928000000, 1051668000000, 1061834834292, 710475599042, 988800000000, 1531548000000, 896985672780, 736056000000, 1018618084512, 206916000000, 939360000000, 621453267566, 1106848411894, 815282327677, 1178468169024, 1489276572268
L2.uncore-totaltime = 7776841501958, 69493901827963, 70569333002059, 72544809400932, 69174198572210, 95422642773527, 70893060682248, 72098850359671, 69167330150862, 70410970965111, 71162204397971, 71973074807475, 73459079018215, 71229750025399, 73031150219852, 72940997674633
ncores = 16
network.shmem-1.mesh.bytes-in = 280087064, 234119834, 280836940, 229896258, 277302238, 337224114, 279583520, 228120700, 274776722, 225223304, 293238318, 239958508, 295402632, 247984012, 866709004, 383161468
network.shmem-1.mesh.bytes-out = 547995598, 203611888, 268945972, 205036642, 261277254, 246863320, 265868238, 205937462, 267061806, 196985296, 282280852, 219052428, 288645278, 228255160, 867261152, 418546290
network.shmem-1.mesh.contention-delay = 23095756341820, 19131355756186, 21567004257082, 19513827066084, 22011085974845, 22429070975346, 23361431834045, 20524214683424, 24077392758816, 22137426403618, 26978258075293, 23162831917406, 26875626434263, 23832517870999, 104493956364402, 46399170971305
network.shmem-1.mesh.link-down.num-requests = 0, 0, 0, 0, 11209137, 4195385, 5900718, 4489003, 11588541, 7092367, 8568133, 6654053, 9326936, 6907273, 8281525, 6941754
network.shmem-1.mesh.link-down.num-requests-analytical = 0, 0, 0, 0, 0, 0, 0, 0, 0, 0, 0, 0, 0, 0, 0, 0
network.shmem-1.mesh.link-down.total-queue-delay = 0, 0, 0, 0, 3320655358058, 1539029739654, 2050677765557, 1249799990985, 4103119539580, 3507643365530, 4721292561115, 2725171227296, 2036153805504, 2808651553938, 4350096873150, 2574573422710
network.shmem-1.mesh.link-down.total-time-used = 0, 0, 0, 0, 10762057249086, 7941212558014, 9941060077332, 8081572081802, 14607784203510, 14577716756762, 14984277811046, 12488069784142, 13806355979368, 13949684938430, 14997371421854, 13159660824540
network.shmem-1.mesh.link-in.num-requests = 12012204, 5938697, 6895710, 5983926, 6756013, 8639487, 6888410, 5948870, 6807622, 5929605, 7409727, 6423739, 7439865, 6623896, 18102255, 10930693
network.shmem-1.mesh.link-in.num-requests-analytical = 845, 0, 0, 0, 0, 0, 0, 0, 0, 0, 0, 0, 0, 0, 0, 0
network.shmem-1.mesh.link-in.total-queue-delay = 57984391763819, 2715968164501, 4673475360014, 3086311604308, 4242106287523, 3780675830451, 4631238708542, 3063246610535, 4722196406092, 2993363106407, 5952697748314, 3901566751830, 5748707491241, 4238177882875, 49204453892968, 31311407816169
network.shmem-1.mesh.link-in.total-time-used = 25749178500984, 9097840905310, 11985016605084, 9349554647964, 11656929740846, 10949169224106, 11905275422164, 9314148017644, 11910964846340, 9093396545190, 12692037989898, 10052195341634, 12879719118822, 10397129272976, 35705190340146, 18367021963622
network.shmem-1.mesh.link-left.num-requests = 0, 5666955, 5848097, 4998706, 0, 7204480, 6274560, 4972765, 0, 5743906, 6137499, 5405181, 0, 10136892, 14912451, 9259213
network.shmem-1.mesh.link-left.num-requests-analytical = 0, 0, 0, 0, 0, 0, 0, 0, 0, 0, 0, 0, 0, 0, 0, 0
network.shmem-1.mesh.link-left.total-queue-delay = 0, 856313263572, 1929880066718, 286870433761, 0, 1165811233947, 2417892193521, 303353925860, 0, 888538424460, 2257131988465, 401546912282, 0, 3397405951760, 16837815392538, 6540011244236
network.shmem-1.mesh.link-left.total-time-used = 0, 7267442302650, 9010357739638, 7838183885228, 0, 8914133147192, 9821258794968, 7831182624662, 0, 7378943318972, 9454189158618, 8493091630806, 0, 16036380335040, 27082399668426, 15487102449038
network.shmem-1.mesh.link-out.num-requests = 13801215, 5453132, 7304978, 5656358, 7096481, 6807050, 7249481, 5591851, 7236868, 5470377, 7771786, 6057611, 7874780, 6275294, 18521481, 10561976
network.shmem-1.mesh.link-out.num-requests-analytical = 0, 0, 0, 0, 0, 0, 0, 0, 0, 0, 0, 0, 0, 0, 0, 0
network.shmem-1.mesh.link-out.total-queue-delay = 4435139621723, 2563571632262, 2528728649031, 2143293586152, 3871652113644, 4730860014590, 3769123274169, 2588014095886, 3913495242413, 3188853689136, 4951103412049, 3295201786339, 3465386279263, 2895382773941, 44785622346722, 13077403220318
network.shmem-1.mesh.link-out.total-time-used = 13164774083610, 10530055761208, 12545003350252, 10516805060068, 12410981667742, 15190056131692, 12550849472398, 10355542580906, 12274767660296, 10419018968550, 13208018617988, 11033546466370, 13198540468624, 11323211127556, 35680474756230, 16703122309240
network.shmem-1.mesh.link-right.num-requests = 9743035, 9788263, 5779491, 0, 5065987, 8538112, 4939156, 0, 5163392, 6848138, 4126870, 0, 5786179, 8130286, 8370916, 0
network.shmem-1.mesh.link-right.num-requests-analytical = 893, 519, 221, 0, 0, 0, 0, 0, 0, 0, 0, 0, 0, 0, 0, 0
network.shmem-1.mesh.link-right.total-queue-delay = 7093862934939, 5079445098186, 1467477616388, 0, 502166199280, 3159036728427, 1209611517184, 0, 561116275852, 3006927037821, 1207220553518, 0, 767341336612, 4053021402919, 3433238991162, 0
network.shmem-1.mesh.link-right.total-time-used = 20840102384114, 19261191031730, 11105737803138, 0, 9469519797602, 13309095406280, 7636949117816, 0, 9725493525760, 11942274362716, 6912328990964, 0, 10709511723098, 14078566846220, 15520641123536, 0
network.shmem-1.mesh.link-up.num-requests = 5344046, 4816864, 8650831, 5597356, 7521475, 5144238, 13254336, 8085816, 5411138, 4127219, 14594619, 7461334, 0, 0, 0, 0
network.shmem-1.mesh.link-up.num-requests-analytical = 159, 101, 102, 101, 13, 13, 13, 14, 0, 0, 0, 0, 0, 0, 0, 0
network.shmem-1.mesh.link-up.total-queue-delay = 1415639508070, 1555157620023, 4308217422953, 1377716626674, 3673279266160, 2302573040441, 12352836483989, 4754156761077, 1847994888853, 1601735321648, 25353183984334, 6785717671000, 0, 0, 0, 0
network.shmem-1.mesh.link-up.total-time-used = 9773801584996, 9830824491488, 16364352706346, 10181875587608, 12310089962114, 9293991821748, 24444066507984, 13352745219840, 8798308717228, 7198802582746, 28010027334642, 11462222495660, 0, 0, 0, 0
network.shmem-1.mesh.packets-in = 13820212, 5741035, 7692042, 5836215, 7457817, 7202175, 7596816, 5828146, 7614159, 5585724, 8116209, 6214970, 8285628, 6487050, 21006762, 11414034
network.shmem-1.mesh.packets-out = 12031201, 6226600, 7282774, 6163783, 7117349, 9034612, 7235745, 6185165, 7184913, 6044952, 7754150, 6581098, 7850713, 6835652, 20587536, 11782751
network.shmem-1.mesh.total-delay = 69965182824172, 41108657827010, 48824968340930, 44065310934022, 49383202251399, 49540307683906, 48176480656959, 43119503286652, 50818134492854, 41343686415214, 52430439998853, 46558279017246, 58532394360131, 46254574591799, 175859048969454, 87876303456569
nuca-cache-queue.num-requests = 4691126, 999987, 1349491, 1012880, 1376262, 921409, 1322288, 970770, 1404038, 876572, 1318773, 982763, 1404299, 998832, 1505107, 1924118
nuca-cache-queue.num-requests-analytical = 0, 0, 0, 0, 0, 0, 0, 0, 0, 0, 0, 0, 0, 0, 0, 0
nuca-cache-queue.total-queue-delay = 1224922028823, 17639989439, 37734681989, 20237403972, 40203584167, 16235762222, 34801044900, 16822683213, 41765848052, 14902103178, 39307197305, 23354697711, 39046513221, 18557290256, 41770216346, 97863655599
nuca-cache-queue.total-time-used = 4695704538976, 1000962987312, 1350808103216, 1013868570880, 1377605231712, 922308295184, 1323578553088, 971717471520, 1405408341088, 877427534272, 1320060122448, 983722176688, 1405669595824, 999806860032, 1506575984432, 1925995939168
nuca-cache.access-mru-0 = 4601557, 933041, 1268037, 940303, 1291492, 857630, 1241086, 902864, 1317025, 845199, 1274197, 945473, 1346365, 936234, 1449215, 1856907
nuca-cache.access-mru-1 = 89545, 66921, 81432, 68889, 81296, 60815, 78525, 66888, 86985, 30625, 44559, 36611, 57902, 62577, 55869, 67183
nuca-cache.access-mru-10 = 0, 0, 0, 0, 0, 0, 0, 0, 0, 0, 0, 0, 0, 0, 0, 0
nuca-cache.access-mru-11 = 0, 0, 0, 0, 0, 0, 0, 0, 0, 0, 0, 0, 0, 0, 0, 0
nuca-cache.access-mru-12 = 0, 0, 0, 0, 0, 0, 0, 0, 0, 0, 0, 0, 0, 0, 0, 0
nuca-cache.access-mru-13 = 0, 0, 0, 0, 0, 0, 0, 0, 0, 0, 0, 0, 0, 0, 0, 0
nuca-cache.access-mru-14 = 0, 0, 0, 0, 0, 0, 0, 0, 0, 0, 0, 0, 0, 0, 0, 0
nuca-cache.access-mru-15 = 0, 0, 0, 0, 0, 0, 0, 0, 0, 0, 0, 0, 0, 0, 0, 0
nuca-cache.access-mru-2 = 22, 23, 19, 3685, 3472, 2960, 2674, 1017, 26, 742, 17, 676, 26, 18, 16, 26
nuca-cache.access-mru-3 = 1, 1, 2, 3, 2, 4, 1, 1, 2, 5, 0, 3, 6, 3, 4, 2
nuca-cache.access-mru-4 = 1, 1, 1, 0, 0, 0, 2, 0, 0, 1, 0, 0, 0, 0, 3, 0
nuca-cache.access-mru-5 = 0, 0, 0, 0, 0, 0, 0, 0, 0, 0, 0, 0, 0, 0, 0, 0
nuca-cache.access-mru-6 = 0, 0, 0, 0, 0, 0, 0, 0, 0, 0, 0, 0, 0, 0, 0, 0
nuca-cache.access-mru-7 = 0, 0, 0, 0, 0, 0, 0, 0, 0, 0, 0, 0, 0, 0, 0, 0
nuca-cache.access-mru-8 = 0, 0, 0, 0, 0, 0, 0, 0, 0, 0, 0, 0, 0, 0, 0, 0
nuca-cache.access-mru-9 = 0, 0, 0, 0, 0, 0, 0, 0, 0, 0, 0, 0, 0, 0, 0, 0
nuca-cache.read-misses = 1222, 1192, 1192, 1200, 1220, 1236, 1253, 1263, 1229, 1236, 1240, 1230, 1271, 1249, 1228, 1220
nuca-cache.reads = 4649256, 969293, 1313681, 971817, 1304343, 892620, 1290466, 961021, 1366831, 864113, 1304623, 972367, 1391088, 992735, 1491769, 1890846
nuca-cache.write-misses = 1222, 1192, 1192, 1200, 1220, 1236, 1253, 1263, 1229, 1236, 1240, 1230, 1271, 1249, 1228, 1220
nuca-cache.writes = 44314, 33078, 38194, 43463, 74359, 31261, 34328, 12275, 39665, 14931, 16630, 12856, 15753, 8595, 15794, 35712
performance_model.cpiDTLBMiss = 0, 0, 0, 0, 0, 0, 0, 0, 0, 0, 0, 0, 0, 0, 0, 0
performance_model.cpiFastforwardTime = 0, 0, 0, 0, 0, 0, 0, 0, 0, 0, 0, 0, 0, 0, 0, 0
performance_model.cpiITLBMiss = 0, 0, 0, 0, 0, 0, 0, 0, 0, 0, 0, 0, 0, 0, 0, 0
performance_model.cpiRecv = 0, 0, 0, 0, 0, 0, 0, 0, 0, 0, 0, 0, 0, 0, 0, 0
performance_model.cpiStartTime = 0, 1978421125212, 1979110597338, 1979458340913, 1979653453254, 1979863603155, 1980109091322, 1980460970226, 1980679014846, 1980904202307, 1981179765594, 1981548937692, 1981796681493, 1982062094427, 1982384650089, 1982660965254
performance_model.cpiSyncDvfsTransition = 0, 0, 0, 0, 0, 0, 0, 0, 0, 0, 0, 0, 0, 0, 0, 0
performance_model.cpiSyncFutex = 1793106839607494, 216967412583865, 209189351599934, 208991229489040, 209212698906550, 57889425855806, 212761626987480, 207950566053731, 213141912967877, 210032151944060, 212499614039016, 204715344035261, 208068754501649, 205996546042776, 208285007027216, 202716801944475
performance_model.cpiSyncJoin = 0, 0, 0, 0, 0, 0, 0, 0, 0, 0, 0, 0, 0, 0, 0, 0
performance_model.cpiSyncMemAccess = 0, 0, 0, 0, 0, 0, 0, 0, 0, 0, 0, 0, 0, 0, 0, 0
performance_model.cpiSyncPause = 0, 0, 0, 0, 0, 0, 0, 0, 0, 0, 0, 0, 0, 0, 0, 0
performance_model.cpiSyncPthreadBarrier = 0, 0, 0, 0, 0, 0, 0, 0, 0, 0, 0, 0, 0, 0, 0, 0
performance_model.cpiSyncPthreadCond = 0, 0, 0, 0, 0, 0, 0, 0, 0, 0, 0, 0, 0, 0, 0, 0
performance_model.cpiSyncPthreadMutex = 0, 0, 0, 0, 0, 0, 0, 0, 0, 0, 0, 0, 0, 0, 0, 0
performance_model.cpiSyncSleep = 0, 0, 0, 0, 0, 0, 0, 0, 0, 0, 0, 0, 0, 0, 0, 0
performance_model.cpiSyncSyscall = 383490324, 0, 0, 0, 0, 0, 0, 0, 0, 0, 0, 0, 0, 0, 0, 0
performance_model.cpiSyncUnscheduled = 0, 751088532620, 750950171248, 750009587690, 748172745216, 753417479245, 752668973396, 744866737650, 751734762721, 753112583676, 755321981699, 755122731769, 755773484438, 751245661562, 752627239647, 747206957925
performance_model.cpiUnknown = 102657286791, 0, 0, 0, 0, 0, 0, 0, 0, 0, 0, 0, 0, 0, 0, 0
performance_model.cycle_count = 4777508312.71, 4776935755.0, 4776924691.0, 4776937254.01, 4776928553.0, 4776935345.0, 4776933961.01, 4776934646.01, 4776926881.02, 4776924192.02, 4776934094.01, 4776927832.01, 4776930824.01, 4776934156.01, 4776931635.0, 4776936983.01
performance_model.dyninsn_cost = 0, 0, 0, 0, 0, 0, 0, 0, 0, 0, 0, 0, 0, 0, 0, 0
performance_model.dyninsn_count = 0, 0, 0, 0, 0, 0, 0, 0, 0, 0, 0, 0, 0, 0, 0, 0
performance_model.dyninsn_zero_count = 0, 0, 0, 0, 0, 0, 0, 0, 0, 0, 0, 0, 0, 0, 0, 0
performance_model.elapsed_time = 1796055756659681, 1795840509397260, 1795836350001384, 1795841072936601, 1795837801880062, 1795840355262270, 1795839834967214, 1795840092485429, 1795837173314574, 1795836162412343, 1795839884967101, 1795837530832563, 1795838655644311, 1795839908275319, 1795838960526320, 1795840971057132
performance_model.elapsed_time_begin = 0, 0, 0, 0, 0, 0, 0, 0, 0, 0, 0, 0, 0, 0, 0, 0
performance_model.elapsed_time_end = 1796055756659681, 1795840509397260, 1795836350001384, 1795841072936601, 1795837801880062, 1795840355262270, 1795839834967214, 1795840092485429, 1795837173314574, 1795836162412343, 1795839884967101, 1795837530832563, 1795838655644311, 1795839908275319, 1795838960526320, 1795840971057132
performance_model.idle_elapsed_time = 1793107223097818, 219696922241697, 211919412368520, 211720697417643, 211940525105020, 60622706938206, 215494405052198, 210675893761607, 215874326745444, 212766168730043, 215236115786309, 207452015704722, 210806324667580, 208729853798765, 211020018916952, 205446669867654
performance_model.instruction_count = 12080703, 6196763633, 6226351013, 6224351894, 6226186644, 6825384401, 6209933317, 6226494880, 6213903285, 6221752018, 6209717559, 6237504044, 6228138819, 6235773111, 6230885451, 6246186465
pthread.pthread_barrier_wait_count = 0, 0, 0, 0, 0, 0, 0, 0, 0, 0, 0, 0, 0, 0, 0, 0
pthread.pthread_barrier_wait_delay_mem = 0, 0, 0, 0, 0, 0, 0, 0, 0, 0, 0, 0, 0, 0, 0, 0
pthread.pthread_barrier_wait_delay_sync = 0, 0, 0, 0, 0, 0, 0, 0, 0, 0, 0, 0, 0, 0, 0, 0
pthread.pthread_cond_broadcast_count = 0, 0, 0, 0, 0, 0, 0, 0, 0, 0, 0, 0, 0, 0, 0, 0
pthread.pthread_cond_broadcast_delay_mem = 0, 0, 0, 0, 0, 0, 0, 0, 0, 0, 0, 0, 0, 0, 0, 0
pthread.pthread_cond_broadcast_delay_sync = 0, 0, 0, 0, 0, 0, 0, 0, 0, 0, 0, 0, 0, 0, 0, 0
pthread.pthread_cond_signal_count = 0, 0, 0, 0, 0, 0, 0, 0, 0, 0, 0, 0, 0, 0, 0, 0
pthread.pthread_cond_signal_delay_mem = 0, 0, 0, 0, 0, 0, 0, 0, 0, 0, 0, 0, 0, 0, 0, 0
pthread.pthread_cond_signal_delay_sync = 0, 0, 0, 0, 0, 0, 0, 0, 0, 0, 0, 0, 0, 0, 0, 0
pthread.pthread_cond_wait_count = 0, 0, 0, 0, 0, 0, 0, 0, 0, 0, 0, 0, 0, 0, 0, 0
pthread.pthread_cond_wait_delay_mem = 0, 0, 0, 0, 0, 0, 0, 0, 0, 0, 0, 0, 0, 0, 0, 0
pthread.pthread_cond_wait_delay_sync = 0, 0, 0, 0, 0, 0, 0, 0, 0, 0, 0, 0, 0, 0, 0, 0
pthread.pthread_mutex_lock_contended = 0, 0, 0, 0, 0, 0, 0, 0, 0, 0, 0, 0, 0, 0, 0, 0
pthread.pthread_mutex_lock_count = 0, 0, 0, 0, 0, 0, 0, 0, 0, 0, 0, 0, 0, 0, 0, 0
pthread.pthread_mutex_lock_delay_mem = 0, 0, 0, 0, 0, 0, 0, 0, 0, 0, 0, 0, 0, 0, 0, 0
pthread.pthread_mutex_lock_delay_sync = 0, 0, 0, 0, 0, 0, 0, 0, 0, 0, 0, 0, 0, 0, 0, 0
pthread.pthread_mutex_trylock_count = 0, 0, 0, 0, 0, 0, 0, 0, 0, 0, 0, 0, 0, 0, 0, 0
pthread.pthread_mutex_trylock_delay_mem = 0, 0, 0, 0, 0, 0, 0, 0, 0, 0, 0, 0, 0, 0, 0, 0
pthread.pthread_mutex_trylock_delay_sync = 0, 0, 0, 0, 0, 0, 0, 0, 0, 0, 0, 0, 0, 0, 0, 0
pthread.pthread_mutex_unlock_contended = 0, 0, 0, 0, 0, 0, 0, 0, 0, 0, 0, 0, 0, 0, 0, 0
pthread.pthread_mutex_unlock_count = 0, 0, 0, 0, 0, 0, 0, 0, 0, 0, 0, 0, 0, 0, 0, 0
pthread.pthread_mutex_unlock_delay_mem = 0, 0, 0, 0, 0, 0, 0, 0, 0, 0, 0, 0, 0, 0, 0, 0
pthread.pthread_mutex_unlock_delay_sync = 0, 0, 0, 0, 0, 0, 0, 0, 0, 0, 0, 0, 0, 0, 0, 0
pthread_locks_contended = 0.0
roi.instrs = 93971681734
roi.ipscore = 195212.405789
roi.ipstotal = 3123398.49263
roi.walltime = 30086.356882
stlb.access = 4817, 229751, 210803, 215493, 210243, 430108, 213300, 204305, 225119, 212665, 218415, 232269, 204438, 215107, 203637, 206136
stlb.miss = 699, 1780, 3270, 2623, 1539, 5615, 1495, 1615, 2154, 2991, 1137, 3417, 2528, 1841, 1392, 1982
stlb_cache.access-mru-0 = 669, 826, 1861, 724, 2359, 4607, 2011, 2275, 3610, 833, 1050, 1701, 3138, 2726, 2442, 1043
stlb_cache.access-mru-1 = 2789, 185980, 178956, 187032, 180296, 366273, 185339, 175044, 188815, 183264, 195366, 208478, 178891, 189119, 176884, 183272
stlb_cache.access-mru-2 = 287, 13567, 12463, 9483, 5573, 28106, 10592, 8984, 12058, 12840, 5317, 7810, 5989, 8003, 5438, 2463
stlb_cache.access-mru-3 = 373, 27598, 14253, 15631, 20476, 25507, 13863, 16387, 18482, 12737, 15545, 10863, 13892, 13418, 17481, 17376
syscall.stderr-bytes = 52, 0, 0, 0, 0, 0, 0, 0, 0, 0, 0, 0, 0, 0, 0, 0
syscall.stdout-bytes = 114, 0, 0, 0, 0, 0, 0, 0, 0, 0, 0, 0, 0, 0, 0, 0
thread.bottle_contrib_time = 2939719456108, 109341368672180, 109425887881122, 109360110961323, 109402175617020, 131101926592623, 108871692934743, 109397077446442, 108962417248791, 109223259235214, 108841530903735, 109606291570387, 109688422648575, 109520931996372, 109209253878512, 109841042827683, 131074109428959, 16016379703, 15658124484, 15570273654, 15509047899, 15482949762, 15645531996, 15650372197, 15503202913, 15331379024, 15558924275, 15389555559, 15501658045, 15404542232, 15302364789, 15328661364, 15299532188
thread.bottle_runtime_time = 2950162886009, 1589763012925027, 1597298764353663, 1597283590361783, 1597272167094370, 1715581126082387, 1593642649712848, 1598312855136772, 1593480333323630, 1596270228770812, 1593773652456719, 1601238507372617, 1598321652795710, 1600361487365480, 1598051349161923, 1603242386337791, 1715705837419995, 243732162711, 243284414842, 241682536503, 241669007219, 241814873811, 243368251499, 243394571749, 242883666128, 240303225352, 242807726450, 241916003662, 242337807220, 241275772765, 239199839867, 241078035631, 240061872514
thread.elapsed_time = 1796055700000000, 1792864178874788, 1792864889402662, 1792865641659087, 1792866646546746, 1792863936396845, 1792859090908678, 1792866939029774, 1792860020985154, 1792858895797693, 1792856820234406, 1792856851062308, 1792856203318507, 1792860737905573, 1792859315349911, 1792864639034746, 1792859422493882, 246840050057, 247696817750, 244639299309, 243142683890, 246475767426, 243882159067, 244749828765, 245834415718, 244534792335, 246339304055, 245728402276, 241329530545, 245840433228, 242308103152, 244640810297, 240181788552
thread.instruction_count = 12080703, 6195821080, 6225411425, 6223413320, 6225251371, 3401225624, 6208982805, 6225547492, 6212956870, 6220804700, 6208773251, 6236558707, 6227193431, 6234830725, 6229944844, 6245246073, 3423220280, 631611, 947254, 946260, 947091, 944202, 945187, 945225, 942339, 940534, 940243, 942517, 939479, 938444, 935244, 938307, 318677
thread.instructions_by_core[0] = 12080703, 0, 0, 0, 0, 0, 0, 0, 0, 0, 0, 0, 0, 0, 0, 0
thread.instructions_by_core[10] = 0, 0, 0, 0, 0, 0, 0, 0, 0, 0, 6208773251, 0, 0, 0, 0, 0, 0, 0, 0, 0, 0, 944202
thread.instructions_by_core[11] = 0, 0, 0, 0, 0, 0, 0, 0, 0, 0, 0, 6236558707, 0, 0, 0, 0, 0, 0, 0, 0, 0, 0, 945187
thread.instructions_by_core[12] = 0, 0, 0, 0, 0, 0, 0, 0, 0, 0, 0, 0, 6227193431, 0, 0, 0, 0, 0, 0, 0, 0, 0, 0, 945225
thread.instructions_by_core[13] = 0, 0, 0, 0, 0, 0, 0, 0, 0, 0, 0, 0, 0, 6234830725, 0, 0, 0, 0, 0, 0, 0, 0, 0, 0, 942339
thread.instructions_by_core[14] = 0, 0, 0, 0, 0, 0, 0, 0, 0, 0, 0, 0, 0, 0, 6229944844, 0, 0, 0, 0, 0, 0, 0, 0, 0, 0, 940534
thread.instructions_by_core[15] = 0, 0, 0, 0, 0, 0, 0, 0, 0, 0, 0, 0, 0, 0, 0, 6245246073, 0, 0, 0, 0, 0, 0, 0, 0, 0, 0, 940243
thread.instructions_by_core[1] = 0, 6195821080, 0, 0, 0, 0, 0, 0, 0, 0, 0, 0, 0, 0, 0, 0, 0, 0, 0, 0, 0, 0, 0, 0, 0, 0, 0, 942517
thread.instructions_by_core[2] = 0, 0, 6225411425, 0, 0, 0, 0, 0, 0, 0, 0, 0, 0, 0, 0, 0, 0, 0, 0, 0, 0, 0, 0, 0, 0, 0, 0, 0, 939479
thread.instructions_by_core[3] = 0, 0, 0, 6223413320, 0, 0, 0, 0, 0, 0, 0, 0, 0, 0, 0, 0, 0, 0, 0, 0, 0, 0, 0, 0, 0, 0, 0, 0, 0, 938444
thread.instructions_by_core[4] = 0, 0, 0, 0, 6225251371, 0, 0, 0, 0, 0, 0, 0, 0, 0, 0, 0, 0, 0, 0, 0, 0, 0, 0, 0, 0, 0, 0, 0, 0, 0, 935244
thread.instructions_by_core[5] = 0, 0, 0, 0, 0, 3401225624, 0, 0, 0, 0, 0, 0, 0, 0, 0, 0, 3423220280, 0, 0, 0, 0, 0, 0, 0, 0, 0, 0, 0, 0, 0, 0, 938307
thread.instructions_by_core[6] = 0, 0, 0, 0, 0, 0, 6208982805, 0, 0, 0, 0, 0, 0, 0, 0, 0, 0, 631611, 0, 0, 0, 0, 0, 0, 0, 0, 0, 0, 0, 0, 0, 0, 318677
thread.instructions_by_core[7] = 0, 0, 0, 0, 0, 0, 0, 6225547492, 0, 0, 0, 0, 0, 0, 0, 0, 0, 0, 947254
thread.instructions_by_core[8] = 0, 0, 0, 0, 0, 0, 0, 0, 6212956870, 0, 0, 0, 0, 0, 0, 0, 0, 0, 0, 946260
thread.instructions_by_core[9] = 0, 0, 0, 0, 0, 0, 0, 0, 0, 6220804700, 0, 0, 0, 0, 0, 0, 0, 0, 0, 0, 947091
thread.nonidle_cycle_count = 7843099, 4191901630, 4212579634, 4213120822, 4212537849, 2301033517, 4203075345, 4215894089, 4202064709, 4210328087, 4203770363, 4224462938, 4215543766, 4221071512, 4214984282, 4229808276, 2314007590, 426001, 642427, 636278, 637849, 635431, 642197, 641927, 641211, 634005, 640365, 640093, 639276, 639101, 628891, 637522, 217078
thread.nonidle_elapsed_time = 2948533561863, 1575902868526656, 1583676554341545, 1583880008393016, 1583660845730430, 865050194606202, 1580103513168516, 1584922589871363, 1579723574929434, 1582830108134217, 1580364798292296, 1588143961914354, 1584790889793066, 1586868989607828, 1584580557185712, 1590153487448004, 869927665537980, 160150765878, 241514115831, 239202466920, 239793067089, 238884046587, 241427649861, 241326146331, 241056974007, 238347957573, 240738929613, 240636674205, 240329532042, 240263742717, 236425405527, 239670135036, 81608462181
thread.time_by_core[0] = 2948533561863, 0, 0, 0, 0, 0, 0, 0, 0, 0, 0, 0, 0, 0, 0, 0
thread.time_by_core[10] = 0, 0, 0, 0, 0, 0, 0, 0, 0, 0, 1580364798292296, 0, 0, 0, 0, 0, 0, 0, 0, 0, 0, 238884046587
thread.time_by_core[11] = 0, 0, 0, 0, 0, 0, 0, 0, 0, 0, 0, 1588143961914354, 0, 0, 0, 0, 0, 0, 0, 0, 0, 0, 241427649861
thread.time_by_core[12] = 0, 0, 0, 0, 0, 0, 0, 0, 0, 0, 0, 0, 1584790889793066, 0, 0, 0, 0, 0, 0, 0, 0, 0, 0, 241326146331
thread.time_by_core[13] = 0, 0, 0, 0, 0, 0, 0, 0, 0, 0, 0, 0, 0, 1586868989607828, 0, 0, 0, 0, 0, 0, 0, 0, 0, 0, 241056974007
thread.time_by_core[14] = 0, 0, 0, 0, 0, 0, 0, 0, 0, 0, 0, 0, 0, 0, 1584580557185712, 0, 0, 0, 0, 0, 0, 0, 0, 0, 0, 238347957573
thread.time_by_core[15] = 0, 0, 0, 0, 0, 0, 0, 0, 0, 0, 0, 0, 0, 0, 0, 1590153487448004, 0, 0, 0, 0, 0, 0, 0, 0, 0, 0, 240738929613
thread.time_by_core[1] = 0, 1575902868526656, 0, 0, 0, 0, 0, 0, 0, 0, 0, 0, 0, 0, 0, 0, 0, 0, 0, 0, 0, 0, 0, 0, 0, 0, 0, 240636674205
thread.time_by_core[2] = 0, 0, 1583676554341545, 0, 0, 0, 0, 0, 0, 0, 0, 0, 0, 0, 0, 0, 0, 0, 0, 0, 0, 0, 0, 0, 0, 0, 0, 0, 240329532042
thread.time_by_core[3] = 0, 0, 0, 1583880008393016, 0, 0, 0, 0, 0, 0, 0, 0, 0, 0, 0, 0, 0, 0, 0, 0, 0, 0, 0, 0, 0, 0, 0, 0, 0, 240263742717
thread.time_by_core[4] = 0, 0, 0, 0, 1583660845730430, 0, 0, 0, 0, 0, 0, 0, 0, 0, 0, 0, 0, 0, 0, 0, 0, 0, 0, 0, 0, 0, 0, 0, 0, 0, 236425405527
thread.time_by_core[5] = 0, 0, 0, 0, 0, 865050194606202, 0, 0, 0, 0, 0, 0, 0, 0, 0, 0, 869927665537980, 0, 0, 0, 0, 0, 0, 0, 0, 0, 0, 0, 0, 0, 0, 239670135036
thread.time_by_core[6] = 0, 0, 0, 0, 0, 0, 1580103513168516, 0, 0, 0, 0, 0, 0, 0, 0, 0, 0, 160150765878, 0, 0, 0, 0, 0, 0, 0, 0, 0, 0, 0, 0, 0, 0, 81608462181
thread.time_by_core[7] = 0, 0, 0, 0, 0, 0, 0, 1584922589871363, 0, 0, 0, 0, 0, 0, 0, 0, 0, 0, 241514115831
thread.time_by_core[8] = 0, 0, 0, 0, 0, 0, 0, 0, 1579723574929434, 0, 0, 0, 0, 0, 0, 0, 0, 0, 0, 239202466920
thread.time_by_core[9] = 0, 0, 0, 0, 0, 0, 0, 0, 0, 1582830108134217, 0, 0, 0, 0, 0, 0, 0, 0, 0, 0, 239793067089
thread.unscheduled_time = 1793107223097818, 205296315593863, 197678351599934, 197746652418155, 197752816208558, 915862710975158, 201389590145458, 196641382971438, 201493468986178, 198766802320790, 201259022313290, 193728889520490, 196674330813876, 194628764461075, 196934792372827, 191712201565372, 910890167507493, 84696431907, 5183082293, 3443981699, 2349623270, 5591725726, 1454514771, 2423687773, 3781581701, 5214654389, 4600379103, 5096990002, 0, 5577070885, 3882697992, 3993606777, 156593633320
time.walltime = 30086356882, 0, 0, 0, 0, 0, 0, 0, 0, 0, 0, 0, 0, 0, 0, 0
vmem = 2878574592
walltime = 30086.857965
