barrier.global_time = 19545100000000, 0, 0, 0, 0, 0, 0, 0, 0, 0, 0, 0, 0, 0, 0, 0
barrier.global_time_begin = 0, 0, 0, 0, 0, 0, 0, 0, 0, 0, 0, 0, 0, 0, 0, 0
barrier.global_time_end = 19545100000000, 0, 0, 0, 0, 0, 0, 0, 0, 0, 0, 0, 0, 0, 0, 0
branch_predictor.num-correct = 8364284, 1007843, 1008478, 1021677, 1015397, 1005280, 1005878, 1022256, 1014504, 1006099, 1008590, 1022889, 1012401, 1007007, 1009287, 1022079
branch_predictor.num-incorrect = 467089, 38141, 37344, 24516, 30330, 40547, 39849, 23671, 31023, 39528, 37337, 22738, 33226, 38820, 36340, 23648
core.instructions = 65859486, 18988801, 18990952, 19009582, 19006644, 18993244, 18988444, 18998144, 19011844, 18999944, 18980344, 19011044, 19006344, 18998044, 18987044, 19009344
core.spin_elapsed_time = 0, 0, 0, 0, 0, 0, 0, 0, 0, 0, 0, 0, 0, 0, 0, 0
core.spin_instructions = 0, 0, 0, 0, 0, 0, 0, 0, 0, 0, 0, 0, 0, 0, 0, 0
core.spin_loops = 0, 0, 0, 0, 0, 0, 0, 0, 0, 0, 0, 0, 0, 0, 0, 0
corefreq = 2660000000.0, 2660000000.0, 2660000000.0, 2660000000.0, 2660000000.0, 2660000000.0, 2660000000.0, 2660000000.0, 2660000000.0, 2660000000.0, 2660000000.0, 2660000000.0, 2660000000.0, 2660000000.0, 2660000000.0, 2660000000.0
directory.entries-allocated = 6096, 5696, 5792, 5920, 6304, 6272, 6368, 6576, 6304, 6096, 6304, 6368, 6352, 6448, 6224, 6144
directory.evict-E = 0, 0, 0, 0, 0, 0, 0, 0, 0, 0, 0, 0, 0, 0, 0, 0
directory.evict-M = 0, 0, 0, 0, 0, 0, 0, 0, 0, 0, 0, 0, 0, 0, 0, 0
directory.evict-O = 0, 0, 0, 0, 0, 0, 0, 0, 0, 0, 0, 0, 0, 0, 0, 0
directory.evict-S = 0, 0, 0, 0, 0, 0, 0, 0, 0, 0, 0, 0, 0, 0, 0, 0
directory.forward = 0, 0, 0, 0, 0, 0, 0, 0, 0, 0, 0, 0, 0, 0, 0, 0
directory.forward-failed = 0, 0, 0, 0, 0, 0, 0, 0, 0, 0, 0, 0, 0, 0, 0, 0
dram-queue.num-requests = 1580, 0, 0, 0, 1544, 0, 0, 0, 1555, 0, 0, 0, 1578, 0, 0, 0
dram-queue.num-requests-analytical = 0, 0, 0, 0, 0, 0, 0, 0, 0, 0, 0, 0, 0, 0, 0, 0
dram-queue.total-queue-delay = 8160969529, 0, 0, 0, 7505264824, 0, 0, 0, 7009115941, 0, 0, 0, 7514728864, 0, 0, 0
dram-queue.total-time-used = 13318256080, 0, 0, 0, 13014802144, 0, 0, 0, 13107524180, 0, 0, 0, 13301397528, 0, 0, 0
dram.reads = 1580, 0, 0, 0, 1544, 0, 0, 0, 1555, 0, 0, 0, 1578, 0, 0, 0
dram.total-access-latency = 92579225609, 0, 0, 0, 90000066968, 0, 0, 0, 90091640121, 0, 0, 0, 91826126392, 0, 0, 0
dram.total-queueing-delay = 8160969529, 0, 0, 0, 7505264824, 0, 0, 0, 7009115941, 0, 0, 0, 7514728864, 0, 0, 0
dram.writes = 0, 0, 0, 0, 0, 0, 0, 0, 0, 0, 0, 0, 0, 0, 0, 0
dtlb.access = 22175875, 6248962, 6249555, 6253056, 6252330, 6248930, 6248530, 6250430, 6253130, 6251230, 6246230, 6253930, 6251430, 6249930, 6249130, 6252430
dtlb.miss = 8549, 49, 41, 59, 37, 31, 31, 32, 37, 31, 31, 32, 37, 31, 31, 32
dtlb_cache.access-mru-0 = 21119802, 5694002, 5950505, 5338025, 5886111, 5795197, 5310793, 5926301, 5779200, 5992606, 5986406, 5740706, 5815607, 5959706, 5702508, 5825996
dtlb_cache.access-mru-1 = 679510, 324816, 93815, 714869, 201590, 279003, 797008, 183402, 364397, 156197, 157396, 412396, 317391, 213395, 469793, 318204
dtlb_cache.access-mru-2 = 198878, 153297, 205193, 200099, 164592, 174698, 140698, 140695, 26298, 0, 1, 4800, 118395, 76798, 76798, 104399
dtlb_cache.access-mru-3 = 169136, 76798, 1, 4, 0, 1, 0, 0, 83198, 102396, 102396, 95996, 0, 0, 0, 3799
fastforward_performance_model.fastforwarded_time = 0, 0, 0, 0, 0, 0, 0, 0, 0, 0, 0, 0, 0, 0, 0, 0
fastforward_timer.cpiBase = 0, 0, 0, 0, 0, 0, 0, 0, 0, 0, 0, 0, 0, 0, 0, 0
fastforward_timer.cpiBranchPredictor = 0, 0, 0, 0, 0, 0, 0, 0, 0, 0, 0, 0, 0, 0, 0, 0
fastforward_timer.cpiDataCachecache-remote = 0, 0, 0, 0, 0, 0, 0, 0, 0, 0, 0, 0, 0, 0, 0, 0
fastforward_timer.cpiDataCachedram = 0, 0, 0, 0, 0, 0, 0, 0, 0, 0, 0, 0, 0, 0, 0, 0
fastforward_timer.cpiDataCachedram-cache = 0, 0, 0, 0, 0, 0, 0, 0, 0, 0, 0, 0, 0, 0, 0, 0
fastforward_timer.cpiDataCachedram-local = 0, 0, 0, 0, 0, 0, 0, 0, 0, 0, 0, 0, 0, 0, 0, 0
fastforward_timer.cpiDataCachedram-remote = 0, 0, 0, 0, 0, 0, 0, 0, 0, 0, 0, 0, 0, 0, 0, 0
fastforward_timer.cpiDataCacheL1 = 0, 0, 0, 0, 0, 0, 0, 0, 0, 0, 0, 0, 0, 0, 0, 0
fastforward_timer.cpiDataCacheL1_S = 0, 0, 0, 0, 0, 0, 0, 0, 0, 0, 0, 0, 0, 0, 0, 0
fastforward_timer.cpiDataCacheL1I = 0, 0, 0, 0, 0, 0, 0, 0, 0, 0, 0, 0, 0, 0, 0, 0
fastforward_timer.cpiDataCacheL2 = 0, 0, 0, 0, 0, 0, 0, 0, 0, 0, 0, 0, 0, 0, 0, 0
fastforward_timer.cpiDataCacheL2_S = 0, 0, 0, 0, 0, 0, 0, 0, 0, 0, 0, 0, 0, 0, 0, 0
fastforward_timer.cpiDataCacheL3 = 0, 0, 0, 0, 0, 0, 0, 0, 0, 0, 0, 0, 0, 0, 0, 0
fastforward_timer.cpiDataCacheL3_S = 0, 0, 0, 0, 0, 0, 0, 0, 0, 0, 0, 0, 0, 0, 0, 0
fastforward_timer.cpiDataCacheL4 = 0, 0, 0, 0, 0, 0, 0, 0, 0, 0, 0, 0, 0, 0, 0, 0
fastforward_timer.cpiDataCacheL4_S = 0, 0, 0, 0, 0, 0, 0, 0, 0, 0, 0, 0, 0, 0, 0, 0
fastforward_timer.cpiDataCachemiss = 0, 0, 0, 0, 0, 0, 0, 0, 0, 0, 0, 0, 0, 0, 0, 0
fastforward_timer.cpiDataCachenuca-cache = 0, 0, 0, 0, 0, 0, 0, 0, 0, 0, 0, 0, 0, 0, 0, 0
fastforward_timer.cpiDataCachenuca-local = 0, 0, 0, 0, 0, 0, 0, 0, 0, 0, 0, 0, 0, 0, 0, 0
fastforward_timer.cpiDataCachenuca-remote = 0, 0, 0, 0, 0, 0, 0, 0, 0, 0, 0, 0, 0, 0, 0, 0
fastforward_timer.cpiDataCachepredicate-false = 0, 0, 0, 0, 0, 0, 0, 0, 0, 0, 0, 0, 0, 0, 0, 0
fastforward_timer.cpiDataCacheprefetch-no-mapping = 0, 0, 0, 0, 0, 0, 0, 0, 0, 0, 0, 0, 0, 0, 0, 0
fastforward_timer.cpiDataCacheunknown = 0, 0, 0, 0, 0, 0, 0, 0, 0, 0, 0, 0, 0, 0, 0, 0
fs_to_cycles = 2.66e-06
fs_to_cycles_cores = 2.66e-06, 2.66e-06, 2.66e-06, 2.66e-06, 2.66e-06, 2.66e-06, 2.66e-06, 2.66e-06, 2.66e-06, 2.66e-06, 2.66e-06, 2.66e-06, 2.66e-06, 2.66e-06, 2.66e-06, 2.66e-06
futex.futex_cmp_requeue_count = 0, 0, 0, 0, 0, 0, 0, 0, 0, 0, 0, 0, 0, 0, 0, 0
futex.futex_cmp_requeue_delay = 0, 0, 0, 0, 0, 0, 0, 0, 0, 0, 0, 0, 0, 0, 0, 0
futex.futex_cmp_requeue_pi_count = 0, 0, 0, 0, 0, 0, 0, 0, 0, 0, 0, 0, 0, 0, 0, 0
futex.futex_cmp_requeue_pi_delay = 0, 0, 0, 0, 0, 0, 0, 0, 0, 0, 0, 0, 0, 0, 0, 0
futex.futex_fd_count = 0, 0, 0, 0, 0, 0, 0, 0, 0, 0, 0, 0, 0, 0, 0, 0
futex.futex_fd_delay = 0, 0, 0, 0, 0, 0, 0, 0, 0, 0, 0, 0, 0, 0, 0, 0
futex.futex_lock_pi_count = 0, 0, 0, 0, 0, 0, 0, 0, 0, 0, 0, 0, 0, 0, 0, 0
futex.futex_lock_pi_delay = 0, 0, 0, 0, 0, 0, 0, 0, 0, 0, 0, 0, 0, 0, 0, 0
futex.futex_requeue_count = 0, 0, 0, 0, 0, 0, 0, 0, 0, 0, 0, 0, 0, 0, 0, 0
futex.futex_requeue_delay = 0, 0, 0, 0, 0, 0, 0, 0, 0, 0, 0, 0, 0, 0, 0, 0
futex.futex_trylock_pi_count = 0, 0, 0, 0, 0, 0, 0, 0, 0, 0, 0, 0, 0, 0, 0, 0
futex.futex_trylock_pi_delay = 0, 0, 0, 0, 0, 0, 0, 0, 0, 0, 0, 0, 0, 0, 0, 0
futex.futex_unlock_pi_count = 0, 0, 0, 0, 0, 0, 0, 0, 0, 0, 0, 0, 0, 0, 0, 0
futex.futex_unlock_pi_delay = 0, 0, 0, 0, 0, 0, 0, 0, 0, 0, 0, 0, 0, 0, 0, 0
futex.futex_wait_bitset_count = 1, 0, 0, 0, 0, 0, 0, 0, 0, 0, 0, 0, 0, 0, 0, 0
futex.futex_wait_bitset_delay = 0, 0, 0, 0, 0, 0, 0, 0, 0, 0, 0, 0, 0, 0, 0, 0
futex.futex_wait_count = 3, 0, 0, 0, 0, 0, 0, 0, 0, 0, 0, 0, 0, 0, 0, 0
futex.futex_wait_delay = 6757777586791, 0, 0, 0, 0, 0, 0, 0, 0, 0, 0, 0, 0, 0, 0, 0
futex.futex_wait_requeue_pi_count = 0, 0, 0, 0, 0, 0, 0, 0, 0, 0, 0, 0, 0, 0, 0, 0
futex.futex_wait_requeue_pi_delay = 0, 0, 0, 0, 0, 0, 0, 0, 0, 0, 0, 0, 0, 0, 0, 0
futex.futex_wake_bitset_count = 0, 0, 0, 0, 0, 0, 0, 0, 0, 0, 0, 0, 0, 0, 0, 0
futex.futex_wake_bitset_delay = 0, 0, 0, 0, 0, 0, 0, 0, 0, 0, 0, 0, 0, 0, 0, 0
futex.futex_wake_count = 1, 1, 1, 1, 1, 1, 1, 1, 1, 1, 1, 1, 1, 1, 1, 1, 1
futex.futex_wake_delay = 0, 1000000000, 1000000000, 0, 0, 0, 1000000000, 0, 0, 0, 0, 0, 0, 0, 0, 0
futex.futex_wake_op_count = 0, 0, 0, 0, 0, 0, 0, 0, 0, 0, 0, 0, 0, 0, 0, 0
futex.futex_wake_op_delay = 0, 0, 0, 0, 0, 0, 0, 0, 0, 0, 0, 0, 0, 0, 0, 0
global.time = 19545100000000
global.time_begin = 0
global.time_end = 19545100000000
interval_timer.cpContr_branch = 4239655346912, 436934296087, 435847387216, 388367394731, 425008412305, 453127489502, 450075905946, 386795420415, 417661560404, 441626650516, 436888270569, 387009515947, 432832223831, 444150524546, 440304993944, 386260492628
interval_timer.cpContr_fp_addsub = 3122424386270, 3161188437786, 3191675724150, 3099189765729, 3092361457466, 3071259688072, 3153310175934, 3278279785483, 3140936713045, 3186950184673, 3193260208981, 3105590566327, 3101728399260, 3072394309203, 3147820160364, 3260606845229
interval_timer.cpContr_fp_muldiv = 3375283883515, 3509656448995, 3415715584190, 3350642260059, 3282938633428, 3348004917580, 3523028235534, 3456831017669, 3391954573968, 3517150434195, 3408979059982, 3383275409230, 3343625247460, 3300057904187, 3542942382360, 3466150753121
interval_timer.cpContr_generic = 7944264294240, 2969546699637, 2921983981748, 3007955338544, 3073329505000, 3041687731294, 3070842117549, 3023293557257, 3034848747518, 2970636174732, 2926589068584, 3024887711525, 3055948400848, 3021428420340, 3073090631925, 3046587452299
interval_timer.cpContr_load_l1 = 7947672170371, 1217605559662, 1430153292724, 1116200885287, 1199353552882, 1326692085160, 1449522332000, 1240144741964, 1198108930681, 1239283307820, 1425826423433, 1092912918384, 1222006631763, 1302780385972, 1414923284137, 1267790948628
interval_timer.cpContr_load_l2 = 16554435, 0, 0, 0, 0, 0, 0, 0, 0, 0, 0, 0, 0, 0, 0, 0
interval_timer.cpContr_load_l3 = 0, 0, 0, 0, 0, 0, 0, 0, 0, 0, 0, 0, 0, 0, 0, 0
interval_timer.cpContr_load_other = 4261842037, 0, 0, 0, 0, 0, 0, 0, 0, 0, 0, 0, 0, 0, 0, 0
interval_timer.cpContr_port0 = 0, 0, 0, 0, 0, 0, 0, 0, 0, 0, 0, 0, 0, 0, 0, 0
interval_timer.cpContr_port015 = 1013410233792, 3962684055, 3844834834, 7008867407, 1157114977, 1086409035, 3761505752, 191612520, 932670377, 4244612448, 2711551678, 10659442848, 671037345, 654448769, 4796752000, 952563843
interval_timer.cpContr_port05 = 0, 0, 0, 0, 0, 0, 0, 0, 0, 0, 0, 0, 0, 0, 0, 0
interval_timer.cpContr_port1 = 1666738181, 500000, 0, 0, 500000, 0, 500000, 0, 500000, 500000, 500000, 0, 500000, 0, 500000, 500000
interval_timer.cpContr_port2 = 977534637059, 35937013087, 41388726423, 33851578221, 33265370402, 35027075265, 37317356218, 45919627546, 36087498772, 37970475959, 41296098633, 37694222520, 32982481110, 35148797888, 36577656567, 37954214859
interval_timer.cpContr_port34 = 253810611315, 5787260102, 5152568587, 5786576518, 6717994279, 6014827411, 5988203141, 4757479107, 5634594311, 5751544435, 5090178425, 5337301109, 6889710113, 6060311178, 5818729045, 5492662174
interval_timer.cpContr_port5 = 809503675886, 218886103819, 206909875061, 219373254804, 215679127656, 219219617946, 195073971129, 205944106761, 218374687230, 211278421424, 205631811702, 206333529091, 216508014209, 228031033998, 195529570684, 201179587199
interval_timer.cpContr_store = 1209352274232, 650454852338, 639085359510, 609931735758, 634009300591, 662784095766, 681030400485, 613956311537, 621508621124, 659339468859, 637345202804, 606958038589, 637376223463, 664550021250, 671060193339, 617177481458
interval_timer.cpiBase = 11625131621880, 4590303159726, 4621122638946, 4450753475109, 4497676677333, 4573271619270, 4725544583403, 4607560639521, 4536108169425, 4614428293173, 4618013247477, 4459304959542, 4530288633705, 4539569439798, 4711602509649, 4620357603081
interval_timer.cpiBranchPredictor = 4672093952322, 1151050030200, 1132153832304, 716827327335, 833515033545, 1145706433254, 1108554261579, 701201798739, 882878831757, 1127675646936, 1113426806958, 690714228456, 966162102183, 1119568146462, 1072488177675, 675765765999
interval_timer.cpiDataCachecache-remote = 7181186778, 1074433662, 635336910, 665036091, 203382999, 425938887, 234961875, 474059079, 134962101, 448119288, 457517763, 371803671, 331954137, 290224908, 468044055, 379698390
interval_timer.cpiDataCachedram = 0, 0, 0, 0, 0, 0, 0, 0, 0, 0, 0, 0, 0, 0, 0, 0
interval_timer.cpiDataCachedram-cache = 0, 0, 0, 0, 0, 0, 0, 0, 0, 0, 0, 0, 0, 0, 0, 0
interval_timer.cpiDataCachedram-local = 4044351762, 0, 0, 0, 303006834, 0, 0, 0, 158270319, 0, 0, 0, 0, 0, 0, 0
interval_timer.cpiDataCachedram-remote = 14727034386, 1343605986, 1153380852, 1696236768, 674058627, 791727534, 985712058, 455262129, 264661056, 286841457, 74435922, 725562270, 161277831, 586088901, 243608472, 839095848
interval_timer.cpiDataCacheL1 = 0, 0, 0, 0, 0, 0, 0, 0, 0, 0, 0, 0, 0, 0, 0, 0
interval_timer.cpiDataCacheL1_S = 0, 0, 0, 0, 0, 0, 0, 0, 0, 0, 0, 0, 0, 0, 0, 0
interval_timer.cpiDataCacheL1I = 0, 0, 0, 0, 0, 0, 0, 0, 0, 0, 0, 0, 0, 0, 0, 0
interval_timer.cpiDataCacheL2 = 666915786, 0, 0, 0, 0, 0, 0, 0, 0, 0, 0, 0, 0, 0, 0, 0
interval_timer.cpiDataCacheL2_S = 0, 0, 0, 0, 0, 0, 0, 0, 0, 0, 0, 0, 0, 0, 0, 0
interval_timer.cpiDataCacheL3 = 0, 0, 0, 0, 0, 0, 0, 0, 0, 0, 0, 0, 0, 0, 0, 0
interval_timer.cpiDataCacheL3_S = 0, 0, 0, 0, 0, 0, 0, 0, 0, 0, 0, 0, 0, 0, 0, 0
interval_timer.cpiDataCacheL4 = 0, 0, 0, 0, 0, 0, 0, 0, 0, 0, 0, 0, 0, 0, 0, 0
interval_timer.cpiDataCacheL4_S = 0, 0, 0, 0, 0, 0, 0, 0, 0, 0, 0, 0, 0, 0, 0, 0
interval_timer.cpiDataCachemiss = 0, 0, 0, 0, 0, 0, 0, 0, 0, 0, 0, 0, 0, 0, 0, 0
interval_timer.cpiDataCachenuca-cache = 1327930833456, 816025975326, 698290903062, 769461418908, 690772499001, 700781498937, 720597243627, 804373370082, 716306651820, 782990711640, 703840138641, 779497110513, 725905126368, 730926543591, 739091186793, 790767385794
interval_timer.cpiDataCachenuca-local = 0, 0, 0, 0, 0, 0, 0, 0, 0, 0, 0, 0, 0, 0, 0, 0
interval_timer.cpiDataCachenuca-remote = 0, 0, 0, 0, 0, 0, 0, 0, 0, 0, 0, 0, 0, 0, 0, 0
interval_timer.cpiDataCachepredicate-false = 0, 0, 0, 0, 0, 0, 0, 0, 0, 0, 0, 0, 0, 0, 0, 0
interval_timer.cpiDataCacheprefetch-no-mapping = 0, 0, 0, 0, 0, 0, 0, 0, 0, 0, 0, 0, 0, 0, 0, 0
interval_timer.cpiDataCacheunknown = 0, 0, 0, 0, 0, 0, 0, 0, 0, 0, 0, 0, 0, 0, 0, 0
interval_timer.cpiInstructionCachecache-remote = 30075120, 202255182, 53007399, 23308218, 0, 241352838, 0, 0, 0, 0, 0, 0, 0, 0, 0, 0
interval_timer.cpiInstructionCachedram = 0, 0, 0, 0, 0, 0, 0, 0, 0, 0, 0, 0, 0, 0, 0, 0
interval_timer.cpiInstructionCachedram-cache = 0, 0, 0, 0, 0, 0, 0, 0, 0, 0, 0, 0, 0, 0, 0, 0
interval_timer.cpiInstructionCachedram-local = 3751119342, 0, 0, 0, 167668794, 0, 0, 0, 0, 0, 0, 0, 0, 0, 0, 0
interval_timer.cpiInstructionCachedram-remote = 12195461160, 69924654, 0, 0, 458645580, 0, 0, 0, 0, 0, 0, 0, 0, 0, 0, 0
interval_timer.cpiInstructionCacheL1 = 0, 0, 0, 0, 0, 0, 0, 0, 0, 0, 0, 0, 0, 0, 0, 0
interval_timer.cpiInstructionCacheL1_S = 0, 0, 0, 0, 0, 0, 0, 0, 0, 0, 0, 0, 0, 0, 0, 0
interval_timer.cpiInstructionCacheL1I = 0, 0, 0, 0, 0, 0, 0, 0, 0, 0, 0, 0, 0, 0, 0, 0
interval_timer.cpiInstructionCacheL2 = 0, 0, 0, 0, 0, 0, 0, 0, 0, 0, 0, 0, 0, 0, 0, 0
interval_timer.cpiInstructionCacheL2_S = 0, 0, 0, 0, 0, 0, 0, 0, 0, 0, 0, 0, 0, 0, 0, 0
interval_timer.cpiInstructionCacheL3 = 0, 0, 0, 0, 0, 0, 0, 0, 0, 0, 0, 0, 0, 0, 0, 0
interval_timer.cpiInstructionCacheL3_S = 0, 0, 0, 0, 0, 0, 0, 0, 0, 0, 0, 0, 0, 0, 0, 0
interval_timer.cpiInstructionCacheL4 = 0, 0, 0, 0, 0, 0, 0, 0, 0, 0, 0, 0, 0, 0, 0, 0
interval_timer.cpiInstructionCacheL4_S = 0, 0, 0, 0, 0, 0, 0, 0, 0, 0, 0, 0, 0, 0, 0, 0
interval_timer.cpiInstructionCachemiss = 0, 0, 0, 0, 0, 0, 0, 0, 0, 0, 0, 0, 0, 0, 0, 0
interval_timer.cpiInstructionCachenuca-cache = 1212141621456, 18334169091, 275072310666, 14206734810, 183458232, 49248009, 208198025712, 293381667783, 1498868793, 23452954515, 284559507270, 22516866405, 423683253, 272931714, 217334847168, 293984673939
interval_timer.cpiInstructionCachenuca-local = 0, 0, 0, 0, 0, 0, 0, 0, 0, 0, 0, 0, 0, 0, 0, 0
interval_timer.cpiInstructionCachenuca-remote = 0, 0, 0, 0, 0, 0, 0, 0, 0, 0, 0, 0, 0, 0, 0, 0
interval_timer.cpiInstructionCachepredicate-false = 0, 0, 0, 0, 0, 0, 0, 0, 0, 0, 0, 0, 0, 0, 0, 0
interval_timer.cpiInstructionCacheprefetch-no-mapping = 0, 0, 0, 0, 0, 0, 0, 0, 0, 0, 0, 0, 0, 0, 0, 0
interval_timer.cpiInstructionCacheunknown = 0, 0, 0, 0, 0, 0, 0, 0, 0, 0, 0, 0, 0, 0, 0, 0
interval_timer.cpiLongLatency = 0, 0, 0, 0, 0, 0, 0, 0, 0, 0, 0, 0, 0, 0, 0, 0
interval_timer.cpiSerialization = 93232872, 0, 0, 0, 0, 0, 0, 0, 0, 0, 0, 0, 0, 0, 0, 0
interval_timer.detailed-cpiBase-BranchMispredict = 0, 0, 0, 0, 0, 0, 0, 0, 0, 0, 0, 0, 0, 0, 0, 0
interval_timer.detailed-cpiBase-DispatchRate = 26615932, 11881952, 11962475, 11487475, 11648771, 11846602, 12279023, 11927430, 11750111, 11948471, 11962229, 11510482, 11738231, 11745104, 12244287, 11967196
interval_timer.detailed-cpiBase-DispatchRate+BranchMispredict = 0, 0, 0, 0, 0, 0, 0, 0, 0, 0, 0, 0, 0, 0, 0, 0
interval_timer.detailed-cpiBase-DispatchRate+ICacheMiss = 0, 0, 0, 0, 0, 0, 0, 0, 0, 0, 0, 0, 0, 0, 0, 0
interval_timer.detailed-cpiBase-DispatchRate+ICacheMiss+BranchMispredict = 0, 0, 0, 0, 0, 0, 0, 0, 0, 0, 0, 0, 0, 0, 0, 0
interval_timer.detailed-cpiBase-DispatchWidth = 24018, 249, 432, 698, 0, 0, 0, 0, 0, 150, 300, 1094, 0, 0, 0, 0
interval_timer.detailed-cpiBase-DispatchWidth+BranchMispredict = 0, 0, 0, 0, 0, 0, 0, 0, 0, 0, 0, 0, 0, 0, 0, 0
interval_timer.detailed-cpiBase-DispatchWidth+DispatchRate = 4282970, 328033, 329307, 350858, 315076, 318328, 290954, 328709, 315964, 325786, 321414, 350202, 312364, 330178, 288604, 322983
interval_timer.detailed-cpiBase-DispatchWidth+DispatchRate+BranchMispredict = 0, 0, 0, 0, 0, 0, 0, 0, 0, 0, 0, 0, 0, 0, 0, 0
interval_timer.detailed-cpiBase-DispatchWidth+DispatchRate+ICacheMiss = 0, 0, 0, 0, 0, 0, 0, 0, 0, 0, 0, 0, 0, 0, 0, 0
interval_timer.detailed-cpiBase-DispatchWidth+DispatchRate+ICacheMiss+BranchMispredict = 0, 0, 0, 0, 0, 0, 0, 0, 0, 0, 0, 0, 0, 0, 0, 0
interval_timer.detailed-cpiBase-DispatchWidth+ICacheMiss = 0, 0, 0, 0, 0, 0, 0, 0, 0, 0, 0, 0, 0, 0, 0, 0
interval_timer.detailed-cpiBase-DispatchWidth+ICacheMiss+BranchMispredict = 0, 0, 0, 0, 0, 0, 0, 0, 0, 0, 0, 0, 0, 0, 0, 0
interval_timer.detailed-cpiBase-ICacheMiss = 0, 0, 0, 0, 0, 0, 0, 0, 0, 0, 0, 0, 0, 0, 0, 0
interval_timer.detailed-cpiBase-ICacheMiss+BranchMispredict = 0, 0, 0, 0, 0, 0, 0, 0, 0, 0, 0, 0, 0, 0, 0, 0
interval_timer.detailed-cpiBase-NoReason = 0, 0, 0, 0, 0, 0, 0, 0, 0, 0, 0, 0, 0, 0, 0, 0
interval_timer.detailed-cpiBase-WindowEmpty = 0, 0, 0, 0, 0, 0, 0, 0, 0, 0, 0, 0, 0, 0, 0, 0
interval_timer.detailed-cpiBase-WindowEmpty+BranchMispredict = 0, 0, 0, 0, 0, 0, 0, 0, 0, 0, 0, 0, 0, 0, 0, 0
interval_timer.detailed-cpiBase-WindowEmpty+DispatchRate = 0, 0, 0, 0, 0, 0, 0, 0, 0, 0, 0, 0, 0, 0, 0, 0
interval_timer.detailed-cpiBase-WindowEmpty+DispatchRate+BranchMispredict = 0, 0, 0, 0, 0, 0, 0, 0, 0, 0, 0, 0, 0, 0, 0, 0
interval_timer.detailed-cpiBase-WindowEmpty+DispatchRate+ICacheMiss = 0, 0, 0, 0, 0, 0, 0, 0, 0, 0, 0, 0, 0, 0, 0, 0
interval_timer.detailed-cpiBase-WindowEmpty+DispatchRate+ICacheMiss+BranchMispredict = 0, 0, 0, 0, 0, 0, 0, 0, 0, 0, 0, 0, 0, 0, 0, 0
interval_timer.detailed-cpiBase-WindowEmpty+DispatchWidth = 0, 0, 0, 0, 0, 0, 0, 0, 0, 0, 0, 0, 0, 0, 0, 0
interval_timer.detailed-cpiBase-WindowEmpty+DispatchWidth+BranchMispredict = 0, 0, 0, 0, 0, 0, 0, 0, 0, 0, 0, 0, 0, 0, 0, 0
interval_timer.detailed-cpiBase-WindowEmpty+DispatchWidth+DispatchRate = 0, 0, 0, 0, 0, 0, 0, 0, 0, 0, 0, 0, 0, 0, 0, 0
interval_timer.detailed-cpiBase-WindowEmpty+DispatchWidth+DispatchRate+BranchMispredict = 0, 0, 0, 0, 0, 0, 0, 0, 0, 0, 0, 0, 0, 0, 0, 0
interval_timer.detailed-cpiBase-WindowEmpty+DispatchWidth+DispatchRate+ICacheMiss = 0, 0, 0, 0, 0, 0, 0, 0, 0, 0, 0, 0, 0, 0, 0, 0
interval_timer.detailed-cpiBase-WindowEmpty+DispatchWidth+DispatchRate+ICacheMiss+BranchMispredict = 0, 0, 0, 0, 0, 0, 0, 0, 0, 0, 0, 0, 0, 0, 0, 0
interval_timer.detailed-cpiBase-WindowEmpty+DispatchWidth+ICacheMiss = 0, 0, 0, 0, 0, 0, 0, 0, 0, 0, 0, 0, 0, 0, 0, 0
interval_timer.detailed-cpiBase-WindowEmpty+DispatchWidth+ICacheMiss+BranchMispredict = 0, 0, 0, 0, 0, 0, 0, 0, 0, 0, 0, 0, 0, 0, 0, 0
interval_timer.detailed-cpiBase-WindowEmpty+ICacheMiss = 0, 0, 0, 0, 0, 0, 0, 0, 0, 0, 0, 0, 0, 0, 0, 0
interval_timer.detailed-cpiBase-WindowEmpty+ICacheMiss+BranchMispredict = 0, 0, 0, 0, 0, 0, 0, 0, 0, 0, 0, 0, 0, 0, 0, 0
interval_timer.loadstore_contention.no-free-slots = 0, 0, 0, 0, 0, 0, 0, 0, 0, 0, 0, 0, 0, 0, 0, 0
interval_timer.loadstore_contention.num-barriers = 0, 0, 0, 0, 0, 0, 0, 0, 0, 0, 0, 0, 0, 0, 0, 0
interval_timer.loadstore_contention.num-requests = 13378413, 3636197, 3747267, 3729500, 3779151, 3783487, 3771227, 3685127, 3749147, 3640751, 3734566, 3720783, 3777775, 3781991, 3759121, 3700650
interval_timer.loadstore_contention.requests-out-of-order = 8913354, 2754524, 2826702, 2867629, 2933407, 2896111, 2829435, 2779823, 2890333, 2754070, 2817001, 2855845, 2926956, 2892942, 2826275, 2791048
interval_timer.loadstore_contention.requests-simultaneous = 1400857, 192613, 205268, 180957, 178831, 202961, 241953, 218643, 185297, 198637, 204181, 179178, 182926, 204919, 234139, 222971
interval_timer.loadstore_contention.total-barrier-delay = 0, 0, 0, 0, 0, 0, 0, 0, 0, 0, 0, 0, 0, 0, 0, 0
interval_timer.loadstore_contention.total-delay = 8615394063, 1164659022, 768043377, 903381417, 3759390, 0, 10943208351, 187593561, 837216153, 1768792995, 979697034, 609397119, 46992375, 40977351, 11148471045, 226691217
interval_timer.numBPredOverlapped = 405227, 89816, 71380, 72874, 66687, 68674, 71108, 77334, 75441, 88079, 73160, 72749, 66994, 69250, 74154, 78121
interval_timer.numDCacheOverlapped = 933933, 659776, 549331, 569414, 519613, 512477, 524337, 611736, 550617, 657013, 559098, 579180, 520689, 514173, 537343, 598214
interval_timer.numHiddenLongerDCacheLatency = 44440, 45719, 48954, 45635, 43499, 45887, 48418, 53927, 42831, 45963, 49540, 48830, 43304, 45033, 48564, 48056
interval_timer.numICacheOverlapped = 6578945, 4284410, 3669113, 3881919, 3608903, 3702057, 3811292, 4036190, 3694652, 4218304, 3702167, 3935892, 3607900, 3713186, 3877634, 3962345
interval_timer.numLongLatencyLoads = 52140, 33840, 29008, 30667, 28496, 29237, 30118, 31907, 29189, 33330, 29269, 31108, 28500, 29330, 30631, 31301
interval_timer.numMfenceInsns = 0, 0, 0, 0, 0, 0, 0, 0, 0, 0, 0, 0, 0, 0, 0, 0
interval_timer.numSerializationInsns = 117, 0, 0, 0, 0, 0, 0, 0, 0, 0, 0, 0, 0, 0, 0, 0
interval_timer.numTotalLongLatencyLoadLatency = 3603112, 2177066, 1862216, 2053053, 1840599, 1867322, 1920040, 2142110, 1906864, 2084715, 1873634, 2076386, 1932224, 1946600, 1967880, 2106688
interval_timer.outstandingLongLatencyCycles = 4118334, 2797631, 2411063, 2611521, 2420594, 2351240, 2415005, 2824687, 2397724, 2717808, 2447230, 2708443, 2499283, 2440073, 2469649, 2737529
interval_timer.outstandingLongLatencyInsns = 8462149, 6198781, 6012032, 6164286, 5633164, 5639483, 5886837, 7018257, 5644548, 5988142, 6074362, 6404738, 5843104, 5826875, 5990889, 6438058
interval_timer.totalHiddenDCacheLatency = 9029954, 7197081, 6743966, 6836005, 6273815, 6204192, 6435399, 7749703, 6377834, 7061075, 6840527, 7092965, 6400205, 6320795, 6555693, 7168395
interval_timer.totalHiddenLongerDCacheLatency = 1159828, 888571, 934835, 978440, 861306, 866190, 876390, 1038201, 878894, 873401, 975717, 1017958, 862125, 864661, 863592, 916406
interval_timer.totalMfenceLatency = 0, 0, 0, 0, 0, 0, 0, 0, 0, 0, 0, 0, 0, 0, 0, 0
interval_timer.totalSerializationLatency = 248, 0, 0, 0, 0, 0, 0, 0, 0, 0, 0, 0, 0, 0, 0, 0
interval_timer.uop_branch = 11793011, 1821153, 1820905, 1822326, 1821558, 1821058, 1820958, 1821758, 1821158, 1821358, 1820758, 1821858, 1820858, 1821858, 1820558, 1821558
interval_timer.uop_fp_addsub = 1942503, 1936800, 1939200, 1943600, 1941500, 1940600, 1938500, 1938400, 1945700, 1940300, 1937400, 1940600, 1945900, 1941400, 1935800, 1943800
interval_timer.uop_fp_muldiv = 2287302, 2286200, 2288400, 2287300, 2287300, 2286200, 2287300, 2285100, 2289500, 2288400, 2285100, 2288400, 2288400, 2286200, 2288400, 2287300
interval_timer.uop_generic = 32622400, 8673735, 8671773, 8685329, 8685106, 8676406, 8671506, 8681806, 8685506, 8678406, 8668606, 8687006, 8682906, 8678706, 8670406, 8686606
interval_timer.uop_load = 14312378, 4295988, 4296614, 4298964, 4298779, 4295979, 4295579, 4296879, 4299779, 4297779, 4293679, 4299979, 4298479, 4296179, 4296479, 4298879
interval_timer.uop_store = 7863401, 1952974, 1952941, 1954092, 1953551, 1952951, 1952951, 1953551, 1953351, 1953451, 1952551, 1953951, 1952951, 1953751, 1952651, 1953551
interval_timer.uops_pause = 0, 0, 0, 0, 0, 0, 0, 0, 0, 0, 0, 0, 0, 0, 0, 0
interval_timer.uops_total = 70820995, 20966850, 20969833, 20991611, 20987794, 20973194, 20966794, 20977494, 20994994, 20979694, 20958094, 20991794, 20989494, 20978094, 20964294, 20991694
interval_timer.uops_x87 = 0, 0, 0, 0, 0, 0, 0, 0, 0, 0, 0, 0, 0, 0, 0, 0
ipc = 0.521420561341
itlb.access = 9776435, 2183551, 2182386, 2182521, 2184449, 2180249, 2182449, 2184649, 2181649, 2184849, 2179449, 2188249, 2178449, 2182049, 2185649, 2182249
itlb.miss = 82, 23, 23, 23, 18, 18, 18, 18, 18, 18, 18, 18, 18, 18, 18, 18
itlb_cache.access-mru-0 = 9308729, 2029927, 2028762, 2028893, 2030831, 2026631, 2028831, 2031031, 2028031, 2031231, 2025831, 2034631, 2024831, 2028431, 2032031, 2028631
itlb_cache.access-mru-1 = 459428, 153601, 153601, 153605, 153600, 153600, 153600, 153600, 153600, 153600, 153600, 153600, 153600, 153600, 153600, 153600
itlb_cache.access-mru-2 = 8193, 0, 0, 0, 0, 0, 0, 0, 0, 0, 0, 0, 0, 0, 0, 0
itlb_cache.access-mru-3 = 3, 0, 0, 0, 0, 0, 0, 0, 0, 0, 0, 0, 0, 0, 0, 0
L1-D.access-mru-0 = 21030288, 5675559, 5845621, 5818082, 5811777, 5697589, 5842170, 5773380, 5700702, 5817399, 5843794, 5644282, 5814494, 5700300, 5690778, 5684776
L1-D.access-mru-1 = 870690, 380173, 279338, 291982, 303836, 378989, 278413, 318967, 372124, 289363, 278202, 402716, 303232, 376888, 379855, 373140
L1-D.access-mru-2 = 106907, 72726, 23075, 27906, 21033, 66029, 29137, 36686, 69440, 25075, 22075, 68998, 17837, 64584, 78583, 84030
L1-D.access-mru-3 = 36418, 36054, 20940, 35959, 40144, 28948, 18147, 23099, 35951, 35894, 20953, 48449, 40738, 30794, 18350, 26104
L1-D.backinval-D = 0, 0, 0, 0, 0, 0, 0, 0, 0, 0, 0, 0, 0, 0, 0, 0
L1-D.backinval-E = 93329, 71389, 74945, 69831, 67978, 71777, 74382, 80087, 68878, 70789, 75134, 72525, 67681, 71478, 74583, 73526
L1-D.backinval-I = 0, 0, 0, 0, 0, 0, 0, 0, 0, 0, 0, 0, 0, 0, 0, 0
L1-D.backinval-M = 30788, 1430, 1226, 1224, 1215, 1435, 1216, 9083, 1318, 1212, 1211, 8214, 1209, 1435, 1314, 1711
L1-D.backinval-O = 0, 0, 0, 0, 0, 0, 0, 0, 0, 0, 0, 0, 0, 0, 0, 0
L1-D.backinval-S = 5508, 11242, 3912, 7533, 5896, 3698, 4598, 8693, 4289, 11033, 4394, 8191, 5794, 3997, 5199, 8693
L1-D.backinval-u = 0, 0, 0, 0, 0, 0, 0, 0, 0, 0, 0, 0, 0, 0, 0, 0
L1-D.coherency-downgrades = 139, 50, 52, 67, 42, 41, 45, 31, 28, 27, 23, 33, 20, 34, 31, 30
L1-D.coherency-invalidates = 23, 10, 9, 15, 8, 7, 7, 8, 7, 4, 5, 4, 5, 4, 5, 4
L1-D.coherency-upgrades = 0, 0, 0, 0, 0, 0, 0, 0, 0, 0, 0, 0, 0, 0, 0, 0
L1-D.coherency-writebacks = 157, 73, 198, 198, 209, 183, 207, 184, 189, 197, 209, 195, 198, 177, 204, 201
L1-D.evict-D = 0, 0, 0, 0, 0, 0, 0, 0, 0, 0, 0, 0, 0, 0, 0, 0
L1-D.evict-E = 0, 0, 0, 0, 0, 0, 0, 0, 0, 0, 0, 0, 0, 0, 0, 0
L1-D.evict-I = 0, 0, 0, 0, 0, 0, 0, 0, 0, 0, 0, 0, 0, 0, 0, 0
L1-D.evict-M = 0, 0, 0, 0, 0, 0, 0, 0, 0, 0, 0, 0, 0, 0, 0, 0
L1-D.evict-O = 0, 0, 0, 0, 0, 0, 0, 0, 0, 0, 0, 0, 0, 0, 0, 0
L1-D.evict-prefetch = 0, 0, 0, 0, 0, 0, 0, 0, 0, 0, 0, 0, 0, 0, 0, 0
L1-D.evict-S = 0, 0, 0, 0, 0, 0, 0, 0, 0, 0, 0, 0, 0, 0, 0, 0
L1-D.evict-u = 0, 0, 0, 0, 0, 0, 0, 0, 0, 0, 0, 0, 0, 0, 0, 0
L1-D.evict-warmup = 0, 0, 0, 0, 0, 0, 0, 0, 0, 0, 0, 0, 0, 0, 0, 0
L1-D.hits-prefetch = 0, 0, 0, 0, 0, 0, 0, 0, 0, 0, 0, 0, 0, 0, 0, 0
L1-D.hits-warmup = 0, 0, 0, 0, 0, 0, 0, 0, 0, 0, 0, 0, 0, 0, 0, 0
L1-D.invalidate-prefetch = 0, 0, 0, 0, 0, 0, 0, 0, 0, 0, 0, 0, 0, 0, 0, 0
L1-D.invalidate-warmup = 0, 0, 0, 0, 0, 0, 0, 0, 0, 0, 0, 0, 0, 0, 0, 0
L1-D.load-misses = 100542, 82909, 79121, 77667, 74088, 75729, 79210, 89008, 73379, 82064, 79758, 81053, 73694, 75725, 80018, 82441
L1-D.load-misses-D = 0, 0, 0, 0, 0, 0, 0, 0, 0, 0, 0, 0, 0, 0, 0, 0
L1-D.load-misses-E = 35, 0, 0, 0, 0, 0, 0, 0, 0, 0, 0, 0, 0, 0, 0, 0
L1-D.load-misses-I = 100494, 82909, 79121, 77667, 74088, 75729, 79210, 89008, 73379, 82064, 79758, 81053, 73694, 75725, 80018, 82441
L1-D.load-misses-M = 0, 0, 0, 0, 0, 0, 0, 0, 0, 0, 0, 0, 0, 0, 0, 0
L1-D.load-misses-O = 0, 0, 0, 0, 0, 0, 0, 0, 0, 0, 0, 0, 0, 0, 0, 0
L1-D.load-misses-S = 13, 0, 0, 0, 0, 0, 0, 0, 0, 0, 0, 0, 0, 0, 0, 0
L1-D.load-misses-u = 0, 0, 0, 0, 0, 0, 0, 0, 0, 0, 0, 0, 0, 0, 0, 0
L1-D.load-overlapping-misses = 0, 0, 0, 0, 0, 0, 0, 0, 0, 0, 0, 0, 0, 0, 0, 0
L1-D.loads = 14312180, 4295988, 4296614, 4298964, 4298779, 4295979, 4295579, 4296879, 4299779, 4297779, 4293679, 4299979, 4298479, 4296179, 4296479, 4298879
L1-D.loads-D = 0, 0, 0, 0, 0, 0, 0, 0, 0, 0, 0, 0, 0, 0, 0, 0
L1-D.loads-E = 2137867, 82267, 78696, 83973, 85625, 81818, 79226, 73522, 84705, 82800, 78451, 81676, 85891, 82108, 79010, 80066
L1-D.loads-I = 100494, 82909, 79121, 77667, 74088, 75729, 79210, 89008, 73379, 82064, 79758, 81053, 73694, 75725, 80018, 82441
L1-D.loads-M = 10002152, 2111759, 2110718, 2113566, 2113941, 2111940, 2110740, 2113631, 2113339, 2112139, 2110439, 2113629, 2112841, 2112140, 2110838, 2114041
L1-D.loads-O = 0, 0, 0, 0, 0, 0, 0, 0, 0, 0, 0, 0, 0, 0, 0, 0
L1-D.loads-prefetch = 0, 0, 0, 0, 0, 0, 0, 0, 0, 0, 0, 0, 0, 0, 0, 0
L1-D.loads-S = 2071667, 2019053, 2028079, 2023758, 2025125, 2026492, 2026403, 2020718, 2028356, 2020776, 2025031, 2023621, 2026053, 2026206, 2026613, 2022331
L1-D.loads-u = 0, 0, 0, 0, 0, 0, 0, 0, 0, 0, 0, 0, 0, 0, 0, 0
L1-D.loads-where-cache-remote = 295, 64, 38, 38, 19, 24, 19, 26, 16, 28, 27, 26, 19, 14, 22, 17
L1-D.loads-where-dram = 0, 0, 0, 0, 0, 0, 0, 0, 0, 0, 0, 0, 0, 0, 0, 0
L1-D.loads-where-dram-cache = 0, 0, 0, 0, 0, 0, 0, 0, 0, 0, 0, 0, 0, 0, 0, 0
L1-D.loads-where-dram-local = 132, 0, 0, 0, 8, 0, 0, 0, 2, 0, 0, 0, 2, 0, 0, 0
L1-D.loads-where-dram-remote = 352, 31, 29, 50, 16, 22, 25, 17, 10, 9, 5, 18, 2, 15, 12, 15
L1-D.loads-where-L1 = 14211638, 4213079, 4217493, 4221297, 4224691, 4220250, 4216369, 4207871, 4226400, 4215715, 4213921, 4218926, 4224785, 4220454, 4216461, 4216438
L1-D.loads-where-L1_S = 0, 0, 0, 0, 0, 0, 0, 0, 0, 0, 0, 0, 0, 0, 0, 0
L1-D.loads-where-L1I = 0, 0, 0, 0, 0, 0, 0, 0, 0, 0, 0, 0, 0, 0, 0, 0
L1-D.loads-where-L2 = 72, 1, 2, 1, 1, 1, 1, 1, 1, 1, 2, 1, 1, 1, 2, 1
L1-D.loads-where-L2_S = 0, 0, 0, 0, 0, 0, 0, 0, 0, 0, 0, 0, 0, 0, 0, 0
L1-D.loads-where-L3 = 0, 0, 0, 0, 0, 0, 0, 0, 0, 0, 0, 0, 0, 0, 0, 0
L1-D.loads-where-L3_S = 0, 0, 0, 0, 0, 0, 0, 0, 0, 0, 0, 0, 0, 0, 0, 0
L1-D.loads-where-L4 = 0, 0, 0, 0, 0, 0, 0, 0, 0, 0, 0, 0, 0, 0, 0, 0
L1-D.loads-where-L4_S = 0, 0, 0, 0, 0, 0, 0, 0, 0, 0, 0, 0, 0, 0, 0, 0
L1-D.loads-where-miss = 0, 0, 0, 0, 0, 0, 0, 0, 0, 0, 0, 0, 0, 0, 0, 0
L1-D.loads-where-nuca-cache = 99691, 82813, 79052, 77578, 74044, 75682, 79165, 88964, 73350, 82026, 79724, 81008, 73670, 75695, 79982, 82408
L1-D.loads-where-nuca-local = 0, 0, 0, 0, 0, 0, 0, 0, 0, 0, 0, 0, 0, 0, 0, 0
L1-D.loads-where-nuca-remote = 0, 0, 0, 0, 0, 0, 0, 0, 0, 0, 0, 0, 0, 0, 0, 0
L1-D.loads-where-predicate-false = 0, 0, 0, 0, 0, 0, 0, 0, 0, 0, 0, 0, 0, 0, 0, 0
L1-D.loads-where-prefetch-no-mapping = 0, 0, 0, 0, 0, 0, 0, 0, 0, 0, 0, 0, 0, 0, 0, 0
L1-D.loads-where-unknown = 0, 0, 0, 0, 0, 0, 0, 0, 0, 0, 0, 0, 0, 0, 0, 0
L1-D.mshr-latency = 0, 0, 0, 0, 0, 0, 0, 0, 0, 0, 0, 0, 0, 0, 0, 0
L1-D.next_read.no-free-slots = 0, 0, 0, 0, 0, 0, 0, 0, 0, 0, 0, 0, 0, 0, 0, 0
L1-D.next_read.num-barriers = 0, 0, 0, 0, 0, 0, 0, 0, 0, 0, 0, 0, 0, 0, 0, 0
L1-D.next_read.num-requests = 0, 0, 0, 0, 0, 0, 0, 0, 0, 0, 0, 0, 0, 0, 0, 0
L1-D.next_read.requests-out-of-order = 0, 0, 0, 0, 0, 0, 0, 0, 0, 0, 0, 0, 0, 0, 0, 0
L1-D.next_read.requests-simultaneous = 0, 0, 0, 0, 0, 0, 0, 0, 0, 0, 0, 0, 0, 0, 0, 0
L1-D.next_read.total-barrier-delay = 0, 0, 0, 0, 0, 0, 0, 0, 0, 0, 0, 0, 0, 0, 0, 0
L1-D.next_read.total-delay = 0, 0, 0, 0, 0, 0, 0, 0, 0, 0, 0, 0, 0, 0, 0, 0
L1-D.prefetches = 0, 0, 0, 0, 0, 0, 0, 0, 0, 0, 0, 0, 0, 0, 0, 0
L1-D.qbs-query-latency = 0, 0, 0, 0, 0, 0, 0, 0, 0, 0, 0, 0, 0, 0, 0, 0
L1-D.snoop-latency = 0, 0, 0, 0, 0, 0, 0, 0, 0, 0, 0, 0, 0, 0, 0, 0
L1-D.store-misses = 31030, 1541, 1460, 1460, 1452, 1646, 1453, 9290, 1534, 1435, 1448, 8432, 1435, 1639, 1546, 1939
L1-D.store-misses-D = 0, 0, 0, 0, 0, 0, 0, 0, 0, 0, 0, 0, 0, 0, 0, 0
L1-D.store-misses-E = 1442, 2, 2, 5, 1, 1, 2, 2, 1, 2, 2, 102, 1, 1, 1, 1
L1-D.store-misses-I = 29561, 1534, 1451, 1450, 1450, 1644, 1450, 9287, 1532, 1432, 1445, 8329, 1433, 1637, 1544, 1937
L1-D.store-misses-M = 0, 0, 0, 0, 0, 0, 0, 0, 0, 0, 0, 0, 0, 0, 0, 0
L1-D.store-misses-O = 0, 0, 0, 0, 0, 0, 0, 0, 0, 0, 0, 0, 0, 0, 0, 0
L1-D.store-misses-S = 27, 5, 7, 5, 1, 1, 1, 1, 1, 1, 1, 1, 1, 1, 1, 1
L1-D.store-misses-u = 0, 0, 0, 0, 0, 0, 0, 0, 0, 0, 0, 0, 0, 0, 0, 0
L1-D.store-overlapping-misses = 0, 0, 0, 0, 0, 0, 0, 0, 0, 0, 0, 0, 0, 0, 0, 0
L1-D.stores = 7863695, 1952974, 1952941, 1954092, 1953551, 1952951, 1952951, 1953551, 1953351, 1953451, 1952551, 1953951, 1952951, 1953751, 1952651, 1953551
L1-D.stores-D = 0, 0, 0, 0, 0, 0, 0, 0, 0, 0, 0, 0, 0, 0, 0, 0
L1-D.stores-E = 1442, 2, 2, 5, 1, 1, 2, 2, 1, 2, 2, 102, 1, 1, 1, 1
L1-D.stores-I = 29561, 1534, 1451, 1450, 1450, 1644, 1450, 9287, 1532, 1432, 1445, 8329, 1433, 1637, 1544, 1937
L1-D.stores-M = 7832665, 1951433, 1951481, 1952632, 1952099, 1951305, 1951498, 1944261, 1951817, 1952016, 1951103, 1945519, 1951516, 1952112, 1951105, 1951612
L1-D.stores-O = 0, 0, 0, 0, 0, 0, 0, 0, 0, 0, 0, 0, 0, 0, 0, 0
L1-D.stores-prefetch = 0, 0, 0, 0, 0, 0, 0, 0, 0, 0, 0, 0, 0, 0, 0, 0
L1-D.stores-S = 27, 5, 7, 5, 1, 1, 1, 1, 1, 1, 1, 1, 1, 1, 1, 1
L1-D.stores-u = 0, 0, 0, 0, 0, 0, 0, 0, 0, 0, 0, 0, 0, 0, 0, 0
L1-D.stores-where-cache-remote = 0, 0, 0, 0, 0, 0, 0, 0, 0, 0, 0, 0, 0, 0, 0, 0
L1-D.stores-where-dram = 0, 0, 0, 0, 0, 0, 0, 0, 0, 0, 0, 0, 0, 0, 0, 0
L1-D.stores-where-dram-cache = 0, 0, 0, 0, 0, 0, 0, 0, 0, 0, 0, 0, 0, 0, 0, 0
L1-D.stores-where-dram-local = 0, 0, 0, 0, 0, 0, 0, 0, 0, 0, 0, 0, 0, 0, 0, 0
L1-D.stores-where-dram-remote = 0, 0, 0, 0, 0, 0, 0, 0, 0, 0, 0, 0, 0, 0, 0, 0
L1-D.stores-where-L1 = 7832665, 1951433, 1951481, 1952632, 1952099, 1951305, 1951498, 1944261, 1951817, 1952016, 1951103, 1945519, 1951516, 1952112, 1951105, 1951612
L1-D.stores-where-L1_S = 0, 0, 0, 0, 0, 0, 0, 0, 0, 0, 0, 0, 0, 0, 0, 0
L1-D.stores-where-L1I = 0, 0, 0, 0, 0, 0, 0, 0, 0, 0, 0, 0, 0, 0, 0, 0
L1-D.stores-where-L2 = 31030, 1541, 1460, 1460, 1452, 1646, 1453, 9290, 1534, 1435, 1448, 8432, 1435, 1639, 1546, 1939
L1-D.stores-where-L2_S = 0, 0, 0, 0, 0, 0, 0, 0, 0, 0, 0, 0, 0, 0, 0, 0
L1-D.stores-where-L3 = 0, 0, 0, 0, 0, 0, 0, 0, 0, 0, 0, 0, 0, 0, 0, 0
L1-D.stores-where-L3_S = 0, 0, 0, 0, 0, 0, 0, 0, 0, 0, 0, 0, 0, 0, 0, 0
L1-D.stores-where-L4 = 0, 0, 0, 0, 0, 0, 0, 0, 0, 0, 0, 0, 0, 0, 0, 0
L1-D.stores-where-L4_S = 0, 0, 0, 0, 0, 0, 0, 0, 0, 0, 0, 0, 0, 0, 0, 0
L1-D.stores-where-miss = 0, 0, 0, 0, 0, 0, 0, 0, 0, 0, 0, 0, 0, 0, 0, 0
L1-D.stores-where-nuca-cache = 0, 0, 0, 0, 0, 0, 0, 0, 0, 0, 0, 0, 0, 0, 0, 0
L1-D.stores-where-nuca-local = 0, 0, 0, 0, 0, 0, 0, 0, 0, 0, 0, 0, 0, 0, 0, 0
L1-D.stores-where-nuca-remote = 0, 0, 0, 0, 0, 0, 0, 0, 0, 0, 0, 0, 0, 0, 0, 0
L1-D.stores-where-predicate-false = 0, 0, 0, 0, 0, 0, 0, 0, 0, 0, 0, 0, 0, 0, 0, 0
L1-D.stores-where-prefetch-no-mapping = 0, 0, 0, 0, 0, 0, 0, 0, 0, 0, 0, 0, 0, 0, 0, 0
L1-D.stores-where-unknown = 0, 0, 0, 0, 0, 0, 0, 0, 0, 0, 0, 0, 0, 0, 0, 0
L1-D.total-latency = 7335290141530, 2307544553619, 2238788440061, 2297714083373, 2101938690871, 2104031222806, 2189751342704, 2846543789071, 2105475555045, 2224377344165, 2260164847437, 2590360997485, 2183083589845, 2177337192611, 2232231293469, 2409025169979
L1-I.access-mru-0 = 7529552, 1943617, 1935145, 1942434, 1945362, 1935463, 1929862, 1933226, 1940016, 1944464, 1932967, 1948064, 1939163, 1937364, 1932663, 1930472
L1-I.access-mru-1 = 1849073, 238802, 232610, 239036, 238997, 236503, 238997, 238596, 239396, 239196, 231995, 239196, 239196, 236405, 239196, 238996
L1-I.access-mru-2 = 294102, 0, 0, 0, 0, 0, 0, 0, 0, 0, 0, 0, 0, 0, 0, 0
L1-I.access-mru-3 = 49358, 0, 0, 0, 0, 0, 0, 0, 0, 0, 0, 0, 0, 0, 0, 0
L1-I.backinval-D = 0, 0, 0, 0, 0, 0, 0, 0, 0, 0, 0, 0, 0, 0, 0, 0
L1-I.backinval-E = 51976, 0, 0, 3, 0, 0, 0, 0, 0, 0, 0, 0, 0, 0, 0, 0
L1-I.backinval-I = 0, 0, 0, 0, 0, 0, 0, 0, 0, 0, 0, 0, 0, 0, 0, 0
L1-I.backinval-M = 0, 0, 0, 0, 0, 0, 0, 0, 0, 0, 0, 0, 0, 0, 0, 0
L1-I.backinval-O = 0, 0, 0, 0, 0, 0, 0, 0, 0, 0, 0, 0, 0, 0, 0, 0
L1-I.backinval-S = 2112, 1022, 14519, 936, 3, 8200, 13511, 12744, 2153, 1107, 14405, 903, 3, 8198, 13712, 12699
L1-I.backinval-u = 0, 0, 0, 0, 0, 0, 0, 0, 0, 0, 0, 0, 0, 0, 0, 0
L1-I.coherency-downgrades = 46, 6, 14, 31, 25, 12, 0, 0, 0, 0, 0, 2, 0, 0, 0, 0
L1-I.coherency-invalidates = 0, 0, 0, 0, 0, 0, 0, 0, 0, 0, 0, 0, 0, 0, 0, 0
L1-I.coherency-upgrades = 0, 0, 0, 0, 0, 0, 0, 0, 0, 0, 0, 0, 0, 0, 0, 0
L1-I.coherency-writebacks = 0, 0, 0, 0, 0, 0, 0, 0, 0, 0, 0, 0, 0, 0, 0, 0
L1-I.evict-D = 0, 0, 0, 0, 0, 0, 0, 0, 0, 0, 0, 0, 0, 0, 0, 0
L1-I.evict-E = 0, 0, 0, 0, 0, 0, 0, 0, 0, 0, 0, 0, 0, 0, 0, 0
L1-I.evict-I = 0, 0, 0, 0, 0, 0, 0, 0, 0, 0, 0, 0, 0, 0, 0, 0
L1-I.evict-M = 0, 0, 0, 0, 0, 0, 0, 0, 0, 0, 0, 0, 0, 0, 0, 0
L1-I.evict-O = 0, 0, 0, 0, 0, 0, 0, 0, 0, 0, 0, 0, 0, 0, 0, 0
L1-I.evict-prefetch = 0, 0, 0, 0, 0, 0, 0, 0, 0, 0, 0, 0, 0, 0, 0, 0
L1-I.evict-S = 0, 0, 0, 0, 0, 0, 0, 0, 0, 0, 0, 0, 0, 0, 0, 0
L1-I.evict-u = 0, 0, 0, 0, 0, 0, 0, 0, 0, 0, 0, 0, 0, 0, 0, 0
L1-I.evict-warmup = 0, 0, 0, 0, 0, 0, 0, 0, 0, 0, 0, 0, 0, 0, 0, 0
L1-I.hits-prefetch = 0, 0, 0, 0, 0, 0, 0, 0, 0, 0, 0, 0, 0, 0, 0, 0
L1-I.hits-warmup = 0, 0, 0, 0, 0, 0, 0, 0, 0, 0, 0, 0, 0, 0, 0, 0
L1-I.invalidate-prefetch = 0, 0, 0, 0, 0, 0, 0, 0, 0, 0, 0, 0, 0, 0, 0, 0
L1-I.invalidate-warmup = 0, 0, 0, 0, 0, 0, 0, 0, 0, 0, 0, 0, 0, 0, 0, 0
L1-I.load-misses = 54350, 1132, 14631, 1051, 90, 8283, 13590, 12827, 2237, 1189, 14487, 989, 90, 8280, 13790, 12781
L1-I.load-misses-D = 0, 0, 0, 0, 0, 0, 0, 0, 0, 0, 0, 0, 0, 0, 0, 0
L1-I.load-misses-E = 0, 0, 0, 0, 0, 0, 0, 0, 0, 0, 0, 0, 0, 0, 0, 0
L1-I.load-misses-I = 54350, 1132, 14631, 1051, 90, 8283, 13590, 12827, 2237, 1189, 14487, 989, 90, 8280, 13790, 12781
L1-I.load-misses-M = 0, 0, 0, 0, 0, 0, 0, 0, 0, 0, 0, 0, 0, 0, 0, 0
L1-I.load-misses-O = 0, 0, 0, 0, 0, 0, 0, 0, 0, 0, 0, 0, 0, 0, 0, 0
L1-I.load-misses-S = 0, 0, 0, 0, 0, 0, 0, 0, 0, 0, 0, 0, 0, 0, 0, 0
L1-I.load-misses-u = 0, 0, 0, 0, 0, 0, 0, 0, 0, 0, 0, 0, 0, 0, 0, 0
L1-I.load-overlapping-misses = 0, 0, 0, 0, 0, 0, 0, 0, 0, 0, 0, 0, 0, 0, 0, 0
L1-I.loads = 9776435, 2183551, 2182386, 2182521, 2184449, 2180249, 2182449, 2184649, 2181649, 2184849, 2179449, 2188249, 2178449, 2182049, 2185649, 2182249
L1-I.loads-D = 0, 0, 0, 0, 0, 0, 0, 0, 0, 0, 0, 0, 0, 0, 0, 0
L1-I.loads-E = 7517314, 0, 0, 14, 15, 0, 0, 0, 0, 0, 0, 0, 0, 0, 0, 0
L1-I.loads-I = 54350, 1132, 14631, 1051, 90, 8283, 13590, 12827, 2237, 1189, 14487, 989, 90, 8280, 13790, 12781
L1-I.loads-M = 0, 0, 0, 0, 0, 0, 0, 0, 0, 0, 0, 0, 0, 0, 0, 0
L1-I.loads-O = 0, 0, 0, 0, 0, 0, 0, 0, 0, 0, 0, 0, 0, 0, 0, 0
L1-I.loads-prefetch = 0, 0, 0, 0, 0, 0, 0, 0, 0, 0, 0, 0, 0, 0, 0, 0
L1-I.loads-S = 2204771, 2182419, 2167755, 2181456, 2184344, 2171966, 2168859, 2171822, 2179412, 2183660, 2164962, 2187260, 2178359, 2173769, 2171859, 2169468
L1-I.loads-u = 0, 0, 0, 0, 0, 0, 0, 0, 0, 0, 0, 0, 0, 0, 0, 0
L1-I.loads-where-cache-remote = 2, 29, 21, 14, 13, 26, 5, 5, 0, 0, 0, 20, 0, 0, 0, 0
L1-I.loads-where-dram = 0, 0, 0, 0, 0, 0, 0, 0, 0, 0, 0, 0, 0, 0, 0, 0
L1-I.loads-where-dram-cache = 0, 0, 0, 0, 0, 0, 0, 0, 0, 0, 0, 0, 0, 0, 0, 0
L1-I.loads-where-dram-local = 195, 0, 0, 0, 7, 0, 0, 0, 0, 0, 0, 0, 0, 0, 0, 0
L1-I.loads-where-dram-remote = 585, 6, 12, 26, 18, 12, 0, 0, 0, 0, 0, 0, 0, 0, 0, 0
L1-I.loads-where-L1 = 0, 0, 0, 0, 0, 0, 0, 0, 0, 0, 0, 0, 0, 0, 0, 0
L1-I.loads-where-L1_S = 0, 0, 0, 0, 0, 0, 0, 0, 0, 0, 0, 0, 0, 0, 0, 0
L1-I.loads-where-L1I = 9722085, 2182419, 2167755, 2181470, 2184359, 2171966, 2168859, 2171822, 2179412, 2183660, 2164962, 2187260, 2178359, 2173769, 2171859, 2169468
L1-I.loads-where-L2 = 0, 0, 0, 0, 0, 0, 0, 0, 0, 0, 0, 0, 0, 0, 0, 0
L1-I.loads-where-L2_S = 0, 0, 0, 0, 0, 0, 0, 0, 0, 0, 0, 0, 0, 0, 0, 0
L1-I.loads-where-L3 = 0, 0, 0, 0, 0, 0, 0, 0, 0, 0, 0, 0, 0, 0, 0, 0
L1-I.loads-where-L3_S = 0, 0, 0, 0, 0, 0, 0, 0, 0, 0, 0, 0, 0, 0, 0, 0
L1-I.loads-where-L4 = 0, 0, 0, 0, 0, 0, 0, 0, 0, 0, 0, 0, 0, 0, 0, 0
L1-I.loads-where-L4_S = 0, 0, 0, 0, 0, 0, 0, 0, 0, 0, 0, 0, 0, 0, 0, 0
L1-I.loads-where-miss = 0, 0, 0, 0, 0, 0, 0, 0, 0, 0, 0, 0, 0, 0, 0, 0
L1-I.loads-where-nuca-cache = 53568, 1097, 14598, 1011, 52, 8245, 13585, 12822, 2237, 1189, 14487, 969, 90, 8280, 13790, 12781
L1-I.loads-where-nuca-local = 0, 0, 0, 0, 0, 0, 0, 0, 0, 0, 0, 0, 0, 0, 0, 0
L1-I.loads-where-nuca-remote = 0, 0, 0, 0, 0, 0, 0, 0, 0, 0, 0, 0, 0, 0, 0, 0
L1-I.loads-where-predicate-false = 0, 0, 0, 0, 0, 0, 0, 0, 0, 0, 0, 0, 0, 0, 0, 0
L1-I.loads-where-prefetch-no-mapping = 0, 0, 0, 0, 0, 0, 0, 0, 0, 0, 0, 0, 0, 0, 0, 0
L1-I.loads-where-unknown = 0, 0, 0, 0, 0, 0, 0, 0, 0, 0, 0, 0, 0, 0, 0, 0
L1-I.mshr-latency = 0, 0, 0, 0, 0, 0, 0, 0, 0, 0, 0, 0, 0, 0, 0, 0
L1-I.next_read.no-free-slots = 0, 0, 0, 0, 0, 0, 0, 0, 0, 0, 0, 0, 0, 0, 0, 0
L1-I.next_read.num-barriers = 0, 0, 0, 0, 0, 0, 0, 0, 0, 0, 0, 0, 0, 0, 0, 0
L1-I.next_read.num-requests = 0, 0, 0, 0, 0, 0, 0, 0, 0, 0, 0, 0, 0, 0, 0, 0
L1-I.next_read.requests-out-of-order = 0, 0, 0, 0, 0, 0, 0, 0, 0, 0, 0, 0, 0, 0, 0, 0
L1-I.next_read.requests-simultaneous = 0, 0, 0, 0, 0, 0, 0, 0, 0, 0, 0, 0, 0, 0, 0, 0
L1-I.next_read.total-barrier-delay = 0, 0, 0, 0, 0, 0, 0, 0, 0, 0, 0, 0, 0, 0, 0, 0
L1-I.next_read.total-delay = 0, 0, 0, 0, 0, 0, 0, 0, 0, 0, 0, 0, 0, 0, 0, 0
L1-I.prefetches = 0, 0, 0, 0, 0, 0, 0, 0, 0, 0, 0, 0, 0, 0, 0, 0
L1-I.qbs-query-latency = 0, 0, 0, 0, 0, 0, 0, 0, 0, 0, 0, 0, 0, 0, 0, 0
L1-I.snoop-latency = 0, 0, 0, 0, 0, 0, 0, 0, 0, 0, 0, 0, 0, 0, 0, 0
L1-I.store-misses = 0, 0, 0, 0, 0, 0, 0, 0, 0, 0, 0, 0, 0, 0, 0, 0
L1-I.store-misses-D = 0, 0, 0, 0, 0, 0, 0, 0, 0, 0, 0, 0, 0, 0, 0, 0
L1-I.store-misses-E = 0, 0, 0, 0, 0, 0, 0, 0, 0, 0, 0, 0, 0, 0, 0, 0
L1-I.store-misses-I = 0, 0, 0, 0, 0, 0, 0, 0, 0, 0, 0, 0, 0, 0, 0, 0
L1-I.store-misses-M = 0, 0, 0, 0, 0, 0, 0, 0, 0, 0, 0, 0, 0, 0, 0, 0
L1-I.store-misses-O = 0, 0, 0, 0, 0, 0, 0, 0, 0, 0, 0, 0, 0, 0, 0, 0
L1-I.store-misses-S = 0, 0, 0, 0, 0, 0, 0, 0, 0, 0, 0, 0, 0, 0, 0, 0
L1-I.store-misses-u = 0, 0, 0, 0, 0, 0, 0, 0, 0, 0, 0, 0, 0, 0, 0, 0
L1-I.store-overlapping-misses = 0, 0, 0, 0, 0, 0, 0, 0, 0, 0, 0, 0, 0, 0, 0, 0
L1-I.stores = 0, 0, 0, 0, 0, 0, 0, 0, 0, 0, 0, 0, 0, 0, 0, 0
L1-I.stores-D = 0, 0, 0, 0, 0, 0, 0, 0, 0, 0, 0, 0, 0, 0, 0, 0
L1-I.stores-E = 0, 0, 0, 0, 0, 0, 0, 0, 0, 0, 0, 0, 0, 0, 0, 0
L1-I.stores-I = 0, 0, 0, 0, 0, 0, 0, 0, 0, 0, 0, 0, 0, 0, 0, 0
L1-I.stores-M = 0, 0, 0, 0, 0, 0, 0, 0, 0, 0, 0, 0, 0, 0, 0, 0
L1-I.stores-O = 0, 0, 0, 0, 0, 0, 0, 0, 0, 0, 0, 0, 0, 0, 0, 0
L1-I.stores-prefetch = 0, 0, 0, 0, 0, 0, 0, 0, 0, 0, 0, 0, 0, 0, 0, 0
L1-I.stores-S = 0, 0, 0, 0, 0, 0, 0, 0, 0, 0, 0, 0, 0, 0, 0, 0
L1-I.stores-u = 0, 0, 0, 0, 0, 0, 0, 0, 0, 0, 0, 0, 0, 0, 0, 0
L1-I.stores-where-cache-remote = 0, 0, 0, 0, 0, 0, 0, 0, 0, 0, 0, 0, 0, 0, 0, 0
L1-I.stores-where-dram = 0, 0, 0, 0, 0, 0, 0, 0, 0, 0, 0, 0, 0, 0, 0, 0
L1-I.stores-where-dram-cache = 0, 0, 0, 0, 0, 0, 0, 0, 0, 0, 0, 0, 0, 0, 0, 0
L1-I.stores-where-dram-local = 0, 0, 0, 0, 0, 0, 0, 0, 0, 0, 0, 0, 0, 0, 0, 0
L1-I.stores-where-dram-remote = 0, 0, 0, 0, 0, 0, 0, 0, 0, 0, 0, 0, 0, 0, 0, 0
L1-I.stores-where-L1 = 0, 0, 0, 0, 0, 0, 0, 0, 0, 0, 0, 0, 0, 0, 0, 0
L1-I.stores-where-L1_S = 0, 0, 0, 0, 0, 0, 0, 0, 0, 0, 0, 0, 0, 0, 0, 0
L1-I.stores-where-L1I = 0, 0, 0, 0, 0, 0, 0, 0, 0, 0, 0, 0, 0, 0, 0, 0
L1-I.stores-where-L2 = 0, 0, 0, 0, 0, 0, 0, 0, 0, 0, 0, 0, 0, 0, 0, 0
L1-I.stores-where-L2_S = 0, 0, 0, 0, 0, 0, 0, 0, 0, 0, 0, 0, 0, 0, 0, 0
L1-I.stores-where-L3 = 0, 0, 0, 0, 0, 0, 0, 0, 0, 0, 0, 0, 0, 0, 0, 0
L1-I.stores-where-L3_S = 0, 0, 0, 0, 0, 0, 0, 0, 0, 0, 0, 0, 0, 0, 0, 0
L1-I.stores-where-L4 = 0, 0, 0, 0, 0, 0, 0, 0, 0, 0, 0, 0, 0, 0, 0, 0
L1-I.stores-where-L4_S = 0, 0, 0, 0, 0, 0, 0, 0, 0, 0, 0, 0, 0, 0, 0, 0
L1-I.stores-where-miss = 0, 0, 0, 0, 0, 0, 0, 0, 0, 0, 0, 0, 0, 0, 0, 0
L1-I.stores-where-nuca-cache = 0, 0, 0, 0, 0, 0, 0, 0, 0, 0, 0, 0, 0, 0, 0, 0
L1-I.stores-where-nuca-local = 0, 0, 0, 0, 0, 0, 0, 0, 0, 0, 0, 0, 0, 0, 0, 0
L1-I.stores-where-nuca-remote = 0, 0, 0, 0, 0, 0, 0, 0, 0, 0, 0, 0, 0, 0, 0, 0
L1-I.stores-where-predicate-false = 0, 0, 0, 0, 0, 0, 0, 0, 0, 0, 0, 0, 0, 0, 0, 0
L1-I.stores-where-prefetch-no-mapping = 0, 0, 0, 0, 0, 0, 0, 0, 0, 0, 0, 0, 0, 0, 0, 0
L1-I.stores-where-unknown = 0, 0, 0, 0, 0, 0, 0, 0, 0, 0, 0, 0, 0, 0, 0, 0
L1-I.total-latency = 1459556964735, 28842687095, 370186026114, 31806628282, 5063917362, 203838055685, 337539102378, 318445290066, 63250639338, 28829542536, 379587526952, 26176231594, 3552630782, 219758622012, 352537377807, 304707795156
l1misslat = 30700498.8791
L2.access-mru-0 = 0, 0, 0, 0, 0, 0, 0, 0, 0, 0, 0, 0, 0, 0, 0, 0
L2.access-mru-1 = 1, 0, 0, 0, 0, 0, 0, 0, 0, 0, 0, 0, 0, 0, 0, 0
L2.access-mru-2 = 0, 0, 0, 0, 0, 0, 0, 0, 0, 0, 0, 0, 0, 0, 0, 0
L2.access-mru-3 = 0, 0, 0, 0, 0, 0, 0, 0, 0, 0, 0, 0, 0, 0, 0, 0
L2.backinval-D = 0, 0, 0, 0, 0, 0, 0, 0, 0, 0, 0, 0, 0, 0, 0, 0
L2.backinval-E = 0, 0, 0, 0, 0, 0, 0, 0, 0, 0, 0, 0, 0, 0, 0, 0
L2.backinval-I = 0, 0, 0, 0, 0, 0, 0, 0, 0, 0, 0, 0, 0, 0, 0, 0
L2.backinval-M = 0, 0, 0, 0, 0, 0, 0, 0, 0, 0, 0, 0, 0, 0, 0, 0
L2.backinval-O = 0, 0, 0, 0, 0, 0, 0, 0, 0, 0, 0, 0, 0, 0, 0, 0
L2.backinval-S = 0, 0, 0, 0, 0, 0, 0, 0, 0, 0, 0, 0, 0, 0, 0, 0
L2.backinval-u = 0, 0, 0, 0, 0, 0, 0, 0, 0, 0, 0, 0, 0, 0, 0, 0
L2.coherency-downgrades = 183, 56, 66, 98, 67, 53, 45, 31, 28, 27, 23, 35, 20, 34, 31, 30
L2.coherency-invalidates = 23, 10, 9, 15, 8, 7, 7, 8, 7, 4, 5, 4, 5, 4, 5, 4
L2.coherency-upgrades = 40, 5, 7, 5, 1, 1, 1, 1, 1, 1, 1, 1, 1, 1, 1, 1
L2.coherency-writebacks = 157, 73, 198, 198, 209, 183, 207, 184, 189, 197, 209, 195, 198, 177, 204, 201
L2.evict-D = 0, 0, 0, 0, 0, 0, 0, 0, 0, 0, 0, 0, 0, 0, 0, 0
L2.evict-E = 145305, 71389, 74945, 69834, 67978, 71777, 74382, 80087, 68878, 70789, 75134, 72525, 67681, 71478, 74583, 73526
L2.evict-I = 0, 0, 0, 0, 0, 0, 0, 0, 0, 0, 0, 0, 0, 0, 0, 0
L2.evict-M = 30788, 1430, 1226, 1224, 1215, 1435, 1216, 9083, 1318, 1212, 1211, 8214, 1209, 1435, 1314, 1711
L2.evict-O = 0, 0, 0, 0, 0, 0, 0, 0, 0, 0, 0, 0, 0, 0, 0, 0
L2.evict-prefetch = 0, 0, 0, 0, 0, 0, 0, 0, 0, 0, 0, 0, 0, 0, 0, 0
L2.evict-S = 7619, 12264, 18431, 8469, 5899, 11898, 18109, 21437, 6442, 12140, 18799, 9094, 5797, 12195, 18911, 21392
L2.evict-u = 0, 0, 0, 0, 0, 0, 0, 0, 0, 0, 0, 0, 0, 0, 0, 0
L2.evict-warmup = 0, 0, 0, 0, 0, 0, 0, 0, 0, 0, 0, 0, 0, 0, 0, 0
L2.hits-prefetch = 0, 0, 0, 0, 0, 0, 0, 0, 0, 0, 0, 0, 0, 0, 0, 0
L2.hits-warmup = 0, 0, 0, 0, 0, 0, 0, 0, 0, 0, 0, 0, 0, 0, 0, 0
L2.invalidate-prefetch = 0, 0, 0, 0, 0, 0, 0, 0, 0, 0, 0, 0, 0, 0, 0, 0
L2.invalidate-warmup = 0, 0, 0, 0, 0, 0, 0, 0, 0, 0, 0, 0, 0, 0, 0, 0
L2.load-misses = 154891, 84041, 93752, 78718, 74178, 84012, 92800, 101835, 75616, 83253, 94245, 82042, 73784, 84005, 93808, 95222
L2.load-misses-D = 0, 0, 0, 0, 0, 0, 0, 0, 0, 0, 0, 0, 0, 0, 0, 0
L2.load-misses-E = 35, 0, 0, 0, 0, 0, 0, 0, 0, 0, 0, 0, 0, 0, 0, 0
L2.load-misses-I = 154843, 84041, 93752, 78718, 74178, 84012, 92800, 101835, 75616, 83253, 94245, 82042, 73784, 84005, 93808, 95222
L2.load-misses-M = 0, 0, 0, 0, 0, 0, 0, 0, 0, 0, 0, 0, 0, 0, 0, 0
L2.load-misses-O = 0, 0, 0, 0, 0, 0, 0, 0, 0, 0, 0, 0, 0, 0, 0, 0
L2.load-misses-S = 13, 0, 0, 0, 0, 0, 0, 0, 0, 0, 0, 0, 0, 0, 0, 0
L2.load-misses-u = 0, 0, 0, 0, 0, 0, 0, 0, 0, 0, 0, 0, 0, 0, 0, 0
L2.load-overlapping-misses = 100, 0, 0, 0, 0, 0, 0, 0, 0, 0, 0, 0, 0, 0, 0, 0
L2.loads = 154892, 84041, 93752, 78718, 74178, 84012, 92800, 101835, 75616, 83253, 94245, 82042, 73784, 84005, 93808, 95222
L2.loads-D = 0, 0, 0, 0, 0, 0, 0, 0, 0, 0, 0, 0, 0, 0, 0, 0
L2.loads-E = 36, 0, 0, 0, 0, 0, 0, 0, 0, 0, 0, 0, 0, 0, 0, 0
L2.loads-I = 154843, 84041, 93752, 78718, 74178, 84012, 92800, 101835, 75616, 83253, 94245, 82042, 73784, 84005, 93808, 95222
L2.loads-M = 0, 0, 0, 0, 0, 0, 0, 0, 0, 0, 0, 0, 0, 0, 0, 0
L2.loads-O = 0, 0, 0, 0, 0, 0, 0, 0, 0, 0, 0, 0, 0, 0, 0, 0
L2.loads-prefetch = 0, 0, 0, 0, 0, 0, 0, 0, 0, 0, 0, 0, 0, 0, 0, 0
L2.loads-S = 13, 0, 0, 0, 0, 0, 0, 0, 0, 0, 0, 0, 0, 0, 0, 0
L2.loads-u = 0, 0, 0, 0, 0, 0, 0, 0, 0, 0, 0, 0, 0, 0, 0, 0
L2.mshr-latency = 0, 0, 0, 0, 0, 0, 0, 0, 0, 0, 0, 0, 0, 0, 0, 0
L2.next_read.no-free-slots = 0, 0, 0, 0, 0, 0, 0, 0, 0, 0, 0, 0, 0, 0, 0, 0
L2.next_read.num-barriers = 0, 0, 0, 0, 0, 0, 0, 0, 0, 0, 0, 0, 0, 0, 0, 0
L2.next_read.num-requests = 0, 0, 0, 0, 0, 0, 0, 0, 0, 0, 0, 0, 0, 0, 0, 0
L2.next_read.requests-out-of-order = 0, 0, 0, 0, 0, 0, 0, 0, 0, 0, 0, 0, 0, 0, 0, 0
L2.next_read.requests-simultaneous = 0, 0, 0, 0, 0, 0, 0, 0, 0, 0, 0, 0, 0, 0, 0, 0
L2.next_read.total-barrier-delay = 0, 0, 0, 0, 0, 0, 0, 0, 0, 0, 0, 0, 0, 0, 0, 0
L2.next_read.total-delay = 0, 0, 0, 0, 0, 0, 0, 0, 0, 0, 0, 0, 0, 0, 0, 0
L2.prefetches = 0, 0, 0, 0, 0, 0, 0, 0, 0, 0, 0, 0, 0, 0, 0, 0
L2.qbs-query-latency = 0, 0, 0, 0, 0, 0, 0, 0, 0, 0, 0, 0, 0, 0, 0, 0
L2.snoop-latency = 0, 0, 0, 0, 0, 0, 0, 0, 0, 0, 0, 0, 0, 0, 0, 0
L2.store-misses = 31030, 1541, 1460, 1460, 1452, 1646, 1453, 9290, 1534, 1435, 1448, 8432, 1435, 1639, 1546, 1939
L2.store-misses-D = 0, 0, 0, 0, 0, 0, 0, 0, 0, 0, 0, 0, 0, 0, 0, 0
L2.store-misses-E = 1442, 2, 2, 5, 1, 1, 2, 2, 1, 2, 2, 102, 1, 1, 1, 1
L2.store-misses-I = 29561, 1534, 1451, 1450, 1450, 1644, 1450, 9287, 1532, 1432, 1445, 8329, 1433, 1637, 1544, 1937
L2.store-misses-M = 0, 0, 0, 0, 0, 0, 0, 0, 0, 0, 0, 0, 0, 0, 0, 0
L2.store-misses-O = 0, 0, 0, 0, 0, 0, 0, 0, 0, 0, 0, 0, 0, 0, 0, 0
L2.store-misses-S = 27, 5, 7, 5, 1, 1, 1, 1, 1, 1, 1, 1, 1, 1, 1, 1
L2.store-misses-u = 0, 0, 0, 0, 0, 0, 0, 0, 0, 0, 0, 0, 0, 0, 0, 0
L2.store-overlapping-misses = 19260, 3, 4, 5, 1, 1, 1, 1, 1, 1, 1, 116, 1, 1, 1, 1
L2.stores = 31030, 1541, 1460, 1460, 1452, 1646, 1453, 9290, 1534, 1435, 1448, 8432, 1435, 1639, 1546, 1939
L2.stores-D = 0, 0, 0, 0, 0, 0, 0, 0, 0, 0, 0, 0, 0, 0, 0, 0
L2.stores-E = 1442, 2, 2, 5, 1, 1, 2, 2, 1, 2, 2, 102, 1, 1, 1, 1
L2.stores-I = 29561, 1534, 1451, 1450, 1450, 1644, 1450, 9287, 1532, 1432, 1445, 8329, 1433, 1637, 1544, 1937
L2.stores-M = 0, 0, 0, 0, 0, 0, 0, 0, 0, 0, 0, 0, 0, 0, 0, 0
L2.stores-O = 0, 0, 0, 0, 0, 0, 0, 0, 0, 0, 0, 0, 0, 0, 0, 0
L2.stores-prefetch = 0, 0, 0, 0, 0, 0, 0, 0, 0, 0, 0, 0, 0, 0, 0, 0
L2.stores-S = 27, 5, 7, 5, 1, 1, 1, 1, 1, 1, 1, 1, 1, 1, 1, 1
L2.stores-u = 0, 0, 0, 0, 0, 0, 0, 0, 0, 0, 0, 0, 0, 0, 0, 0
L2.total-latency = 0, 0, 0, 0, 0, 0, 0, 0, 0, 0, 0, 0, 0, 0, 0, 0
L2.uncore-requests = 184443, 85579, 95209, 80172, 75629, 85657, 94251, 111123, 77149, 84686, 95691, 90372, 75218, 85643, 95353, 97160
L2.uncore-time-dram = 0, 0, 0, 0, 0, 0, 0, 0, 0, 0, 0, 0, 0, 0, 0, 0
L2.uncore-time-dram-bus = 46124998272, 573190768, 649054252, 952508188, 632195700, 505756560, 429893076, 362458868, 320312488, 295024660, 261307556, 370888144, 252878280, 345600316, 320312488, 345600316
L2.uncore-time-dram-cache = 0, 0, 0, 0, 0, 0, 0, 0, 0, 0, 0, 0, 0, 0, 0, 0
L2.uncore-time-dram-cache-bus = 0, 0, 0, 0, 0, 0, 0, 0, 0, 0, 0, 0, 0, 0, 0, 0
L2.uncore-time-dram-cache-data = 0, 0, 0, 0, 0, 0, 0, 0, 0, 0, 0, 0, 0, 0, 0, 0
L2.uncore-time-dram-cache-queue = 0, 0, 0, 0, 0, 0, 0, 0, 0, 0, 0, 0, 0, 0, 0, 0
L2.uncore-time-dram-cache-tags = 0, 0, 0, 0, 0, 0, 0, 0, 0, 0, 0, 0, 0, 0, 0, 0
L2.uncore-time-dram-device = 246240000000, 3060000000, 3465000000, 5085000000, 3375000000, 2700000000, 2295000000, 1935000000, 1710000000, 1575000000, 1395000000, 1980000000, 1350000000, 1845000000, 1710000000, 1845000000
L2.uncore-time-dram-queue = 28463530671, 188342664, 255708612, 226955320, 226751646, 169496026, 87921805, 35741777, 55253914, 132901397, 51191518, 112008433, 42824822, 85202465, 45039350, 11208738
L2.uncore-time-inv-imbalance = 574714874, 67863333, 62149937, 15676806, 0, 0, 0, 0, 0, 0, 0, 0, 0, 0, 0, 0
L2.uncore-time-noc-base = 2563768625783, 709543472775, 789862451963, 749685774752, 626113764528, 626804283574, 721720580185, 956943285414, 645956680872, 615747495520, 746301377787, 807843308447, 706406679767, 704948408586, 788833016627, 865619208615
L2.uncore-time-noc-queue = 3058679456980, 320128560541, 366315746469, 350884466808, 323343497264, 374075991229, 369359101581, 511909850021, 342921564435, 344898507047, 434694610251, 427592766246, 331105194534, 386178567205, 344052288519, 368485118438
L2.uncore-time-nuca-bus = 160996122199, 30216111139, 32595734122, 31362955894, 29265386601, 30092588660, 31461446302, 40644272966, 30298543116, 31011894157, 33570670810, 34682546209, 28887349159, 29917214003, 31273955642, 32118290593
L2.uncore-time-nuca-data = 536931117360, 256537766088, 285391836216, 239993442576, 226477683648, 256661074080, 282668031320, 333358645104, 231334815528, 253918223136, 287012885184, 270890614328, 225470167128, 256793404608, 286044466320, 291421897776
L2.uncore-time-nuca-ecc = 0, 0, 0, 0, 0, 0, 0, 0, 0, 0, 0, 0, 0, 0, 0, 0
L2.uncore-time-nuca-queue = 178704245280, 85382251824, 94985615568, 79875882848, 75377496704, 85423291840, 94078731312, 110950181792, 76994072944, 84510401728, 95525141632, 90158909296, 75042169744, 85467334784, 95202827360, 96992572448
L2.uncore-time-nuca-tags = 138347055756, 64185569226, 71405853660, 60083322858, 56675811762, 64210381200, 70705103364, 83371992030, 57862275246, 63505871514, 71776529514, 67755485970, 56390098122, 64229178150, 71539687944, 72886301442
L2.uncore-time-remote-cache-inv = 0, 0, 0, 0, 0, 0, 0, 0, 0, 0, 0, 0, 0, 0, 0, 0
L2.uncore-time-remote-cache-wb = 0, 0, 0, 0, 0, 0, 0, 0, 0, 0, 0, 0, 0, 0, 0, 0
L2.uncore-time-td-access = 694915722720, 322521827490, 358818737940, 302379015870, 285258753810, 322984232460, 355123257570, 418649429790, 290754981990, 319206045510, 360596929410, 340705996920, 283597103430, 322784984790, 359239789620, 366093157590
L2.uncore-time-unknown = 1071180000000, 511794000000, 569358000000, 478788000000, 451824000000, 512040000000, 563928000000, 665052000000, 461514000000, 506568000000, 572592000000, 540432000000, 449814000000, 512304000000, 570660000000, 581388000000
L2.uncore-totaltime = 8724925589895, 2304198955848, 2573165888739, 2299333001920, 2078570341663, 2275667095629, 2491857066515, 3123212857762, 2139722500533, 2221369364669, 2603777643662, 2582524523993, 2158358464986, 2364898894907, 2548921383870, 2677206355956
ncores = 16
network.shmem-1.mesh.bytes-in = 16861666, 9276586, 10020792, 8760708, 9613000, 9458862, 10246040, 11763464, 8964016, 11490552, 10060132, 9551920, 9207622, 9950654, 10093570, 10069964
network.shmem-1.mesh.bytes-out = 13424260, 9114530, 9342794, 8689430, 11114004, 9252990, 9712388, 11271734, 9514536, 13955218, 9630978, 9674300, 11185454, 10842370, 9523172, 9141390
network.shmem-1.mesh.contention-delay = 1831087833191, 447808370253, 555002910646, 596331736266, 508625424273, 571078912253, 622644153606, 738609210885, 589798689825, 567457622454, 619062002319, 693606927910, 596249442082, 595265004567, 670897707716, 547218697211
network.shmem-1.mesh.link-down.num-requests = 0, 0, 0, 0, 275189, 193084, 195594, 182093, 356362, 253716, 261310, 271540, 218139, 194129, 200745, 193073
network.shmem-1.mesh.link-down.num-requests-analytical = 0, 0, 0, 0, 0, 0, 0, 0, 0, 0, 0, 0, 0, 0, 0, 0
network.shmem-1.mesh.link-down.total-queue-delay = 0, 0, 0, 0, 151359078752, 26272151932, 27777079369, 23813155895, 186512794924, 52476056775, 52192292846, 54149392635, 59651182793, 26007148160, 28268855110, 16683727059
network.shmem-1.mesh.link-down.total-time-used = 0, 0, 0, 0, 660140787742, 333138092336, 348805766532, 312945615718, 754092024668, 437671556616, 459534974348, 482027560520, 413857448994, 310219690486, 359093896830, 343590949942
network.shmem-1.mesh.link-in.num-requests = 428516, 241308, 254424, 228228, 251746, 241114, 261272, 300435, 233952, 294479, 264393, 253185, 253159, 265683, 260871, 256559
network.shmem-1.mesh.link-in.num-requests-analytical = 0, 0, 0, 0, 0, 0, 0, 0, 0, 0, 0, 0, 0, 0, 0, 0
network.shmem-1.mesh.link-in.total-queue-delay = 1705475372339, 346834026074, 342402393785, 316767663793, 403778597945, 363063027618, 346324228486, 385466110562, 349473241403, 430004925608, 339297132572, 334922740528, 483155468381, 372073762443, 303988309054, 320446099330
network.shmem-1.mesh.link-in.total-time-used = 591476283400, 404187824592, 405522956616, 386160730752, 499674841604, 407232548732, 428863315528, 495495188418, 424980836472, 615162013114, 428333290614, 434854496046, 505342418282, 488972092362, 420511122930, 399057154738
network.shmem-1.mesh.link-left.num-requests = 0, 212377, 258604, 183949, 0, 219304, 313680, 252007, 0, 275628, 285845, 207259, 0, 227085, 293713, 208322
network.shmem-1.mesh.link-left.num-requests-analytical = 0, 0, 0, 0, 0, 0, 0, 0, 0, 0, 0, 0, 0, 0, 0, 0
network.shmem-1.mesh.link-left.total-queue-delay = 0, 126574654210, 55852685238, 13917558435, 0, 45773703839, 94932304121, 20901958720, 0, 54874207255, 61232107986, 11551044195, 0, 40483546880, 49342727391, 15886235620
network.shmem-1.mesh.link-left.total-time-used = 0, 332561199854, 410366424320, 307110478022, 0, 342705673976, 488425361136, 416653521290, 0, 545823632328, 472897317022, 354673751138, 0, 391736214822, 460514812310, 320314638532
network.shmem-1.mesh.link-out.num-requests = 323229, 240728, 243881, 229749, 288760, 242082, 256606, 286402, 248348, 353860, 256752, 247639, 291675, 287077, 252288, 240248
network.shmem-1.mesh.link-out.num-requests-analytical = 0, 0, 0, 0, 0, 0, 0, 0, 0, 0, 0, 0, 0, 0, 0, 0
network.shmem-1.mesh.link-out.total-queue-delay = 234702523038, 42896762412, 59405557432, 22940031334, 63443664174, 54878136444, 53846959110, 64141559477, 45560383159, 48788873979, 41704806143, 86864041702, 26786645837, 34035869471, 30216305983, 32722751705
network.shmem-1.mesh.link-out.total-time-used = 752698953582, 411801517600, 437352730726, 389514720054, 429247799624, 416909805732, 453927187556, 518561537564, 399152871640, 499515891344, 448477816608, 429087281978, 412512507114, 447131068526, 447290273520, 442645151032
network.shmem-1.mesh.link-right.num-requests = 357036, 305536, 221816, 0, 204718, 258926, 199005, 0, 186912, 248433, 199695, 0, 201089, 273145, 196652, 0
network.shmem-1.mesh.link-right.num-requests-analytical = 0, 0, 0, 0, 0, 0, 0, 0, 0, 0, 0, 0, 0, 0, 0, 0
network.shmem-1.mesh.link-right.total-queue-delay = 238473948011, 158624800015, 34421615480, 0, 25808773615, 61024063336, 27672064294, 0, 14926665615, 56212317015, 32024099834, 0, 27103819583, 76600396647, 25592333387, 0
network.shmem-1.mesh.link-right.total-time-used = 488411709744, 505013436776, 353499492880, 0, 414753841028, 498822621172, 385447749870, 0, 337200784560, 444210444246, 346619600826, 0, 400322633446, 552215855990, 377426666080, 0
network.shmem-1.mesh.link-up.num-requests = 235817, 291391, 215202, 218439, 294562, 391223, 283832, 268917, 230659, 220951, 201060, 188432, 0, 0, 0, 0
network.shmem-1.mesh.link-up.num-requests-analytical = 0, 0, 0, 0, 0, 0, 0, 0, 0, 0, 0, 0, 0, 0, 0, 0
network.shmem-1.mesh.link-up.total-queue-delay = 38066211138, 25341572381, 117867087327, 32869070582, 57245078012, 56825200294, 68038667608, 100768265867, 26304289007, 23421876935, 19191018283, 23427789730, 0, 0, 0, 0
network.shmem-1.mesh.link-up.total-time-used = 343067607670, 386727896762, 365233990020, 355980641274, 435397719524, 543235011058, 492502357264, 470790465510, 329613956450, 351493291706, 351284031288, 330066918688, 0, 0, 0, 0
network.shmem-1.mesh.packets-in = 344007, 255491, 264324, 243310, 302620, 258929, 273460, 305340, 261896, 378564, 271806, 259976, 304325, 299721, 268823, 258890
network.shmem-1.mesh.packets-out = 449294, 256071, 274867, 241789, 265606, 257961, 278126, 319373, 247500, 319183, 279447, 265522, 265809, 278327, 277406, 275201
network.shmem-1.mesh.total-delay = 3387070685633, 1341022333693, 1482447766844, 1532983565652, 1536610216613, 1367817182879, 1485016282736, 1831179225623, 1477776020629, 1679301453242, 1491996754389, 1642033637682, 1706467139296, 1639464648527, 1651496550392, 1575368540037
nuca-cache-queue.num-requests = 81715, 87517, 87097, 84022, 119925, 91058, 94555, 101929, 96083, 152171, 89044, 85744, 114759, 110235, 89249, 83344
nuca-cache-queue.num-requests-analytical = 0, 0, 0, 0, 0, 0, 0, 0, 0, 0, 0, 0, 0, 0, 0, 0
nuca-cache-queue.total-queue-delay = 54592205857, 47144323759, 40462610985, 34289787864, 47685204643, 37009371164, 35086768693, 39542536842, 40144430805, 46047251264, 33898086925, 32922305381, 48452487163, 36016992902, 31916187393, 33482875585
nuca-cache-queue.total-time-used = 81794753840, 87602416592, 87182006672, 84104005472, 120042046800, 91146872608, 94647285680, 102028482704, 96176777008, 152319518896, 89130906944, 85827686144, 114871004784, 110342589360, 89336107024, 83425343744
nuca-cache.access-mru-0 = 81709, 87510, 87091, 84018, 119914, 90973, 94551, 101909, 96056, 144162, 89038, 85737, 114720, 110076, 89243, 83337
nuca-cache.access-mru-1 = 6, 7, 6, 4, 11, 85, 4, 20, 27, 8009, 6, 7, 39, 159, 6, 7
nuca-cache.access-mru-10 = 0, 0, 0, 0, 0, 0, 0, 0, 0, 0, 0, 0, 0, 0, 0, 0
nuca-cache.access-mru-11 = 0, 0, 0, 0, 0, 0, 0, 0, 0, 0, 0, 0, 0, 0, 0, 0
nuca-cache.access-mru-12 = 0, 0, 0, 0, 0, 0, 0, 0, 0, 0, 0, 0, 0, 0, 0, 0
nuca-cache.access-mru-13 = 0, 0, 0, 0, 0, 0, 0, 0, 0, 0, 0, 0, 0, 0, 0, 0
nuca-cache.access-mru-14 = 0, 0, 0, 0, 0, 0, 0, 0, 0, 0, 0, 0, 0, 0, 0, 0
nuca-cache.access-mru-15 = 0, 0, 0, 0, 0, 0, 0, 0, 0, 0, 0, 0, 0, 0, 0, 0
nuca-cache.access-mru-2 = 0, 0, 0, 0, 0, 0, 0, 0, 0, 0, 0, 0, 0, 0, 0, 0
nuca-cache.access-mru-3 = 0, 0, 0, 0, 0, 0, 0, 0, 0, 0, 0, 0, 0, 0, 0, 0
nuca-cache.access-mru-4 = 0, 0, 0, 0, 0, 0, 0, 0, 0, 0, 0, 0, 0, 0, 0, 0
nuca-cache.access-mru-5 = 0, 0, 0, 0, 0, 0, 0, 0, 0, 0, 0, 0, 0, 0, 0, 0
nuca-cache.access-mru-6 = 0, 0, 0, 0, 0, 0, 0, 0, 0, 0, 0, 0, 0, 0, 0, 0
nuca-cache.access-mru-7 = 0, 0, 0, 0, 0, 0, 0, 0, 0, 0, 0, 0, 0, 0, 0, 0
nuca-cache.access-mru-8 = 0, 0, 0, 0, 0, 0, 0, 0, 0, 0, 0, 0, 0, 0, 0, 0
nuca-cache.access-mru-9 = 0, 0, 0, 0, 0, 0, 0, 0, 0, 0, 0, 0, 0, 0, 0, 0
nuca-cache.read-misses = 383, 358, 364, 372, 398, 395, 400, 416, 398, 384, 397, 403, 401, 407, 394, 387
nuca-cache.reads = 78718, 84795, 84319, 81316, 112432, 86414, 89389, 96916, 91344, 143844, 87854, 84588, 113551, 106829, 86525, 80629
nuca-cache.write-misses = 383, 358, 364, 372, 398, 395, 400, 416, 398, 384, 397, 403, 401, 407, 394, 387
nuca-cache.writes = 3763, 3438, 3506, 3450, 8289, 5434, 5966, 5845, 5535, 9095, 1984, 1962, 2010, 4220, 3512, 3489
performance_model.cpiDTLBMiss = 0, 0, 0, 0, 0, 0, 0, 0, 0, 0, 0, 0, 0, 0, 0, 0
performance_model.cpiFastforwardTime = 0, 0, 0, 0, 0, 0, 0, 0, 0, 0, 0, 0, 0, 0, 0, 0
performance_model.cpiITLBMiss = 0, 0, 0, 0, 0, 0, 0, 0, 0, 0, 0, 0, 0, 0, 0, 0
performance_model.cpiRecv = 0, 0, 0, 0, 0, 0, 0, 0, 0, 0, 0, 0, 0, 0, 0, 0
performance_model.cpiStartTime = 0, 9139289905118, 9139836520424, 9140444037848, 9140662834346, 9140932382609, 9141178622654, 9141386516921, 9141633508844, 9142072605596, 9142280499863, 9142528243664, 9142748167979, 9143014708730, 9143216212034, 9143441023556
performance_model.cpiSyncDvfsTransition = 0, 0, 0, 0, 0, 0, 0, 0, 0, 0, 0, 0, 0, 0, 0, 0
performance_model.cpiSyncFutex = 504345854917, 1000000000, 1000000000, 0, 0, 0, 1000000000, 0, 0, 0, 0, 0, 0, 0, 0, 0
performance_model.cpiSyncJoin = 0, 0, 0, 0, 0, 0, 0, 0, 0, 0, 0, 0, 0, 0, 0, 0
performance_model.cpiSyncMemAccess = 0, 0, 0, 0, 0, 0, 0, 0, 0, 0, 0, 0, 0, 0, 0, 0
performance_model.cpiSyncPause = 0, 0, 0, 0, 0, 0, 0, 0, 0, 0, 0, 0, 0, 0, 0, 0
performance_model.cpiSyncPthreadBarrier = 0, 0, 0, 0, 0, 0, 0, 0, 0, 0, 0, 0, 0, 0, 0, 0
performance_model.cpiSyncPthreadCond = 0, 0, 0, 0, 0, 0, 0, 0, 0, 0, 0, 0, 0, 0, 0, 0
performance_model.cpiSyncPthreadMutex = 0, 0, 0, 0, 0, 0, 0, 0, 0, 0, 0, 0, 0, 0, 0, 0
performance_model.cpiSyncSleep = 0, 0, 0, 0, 0, 0, 0, 0, 0, 0, 0, 0, 0, 0, 0, 0
performance_model.cpiSyncSyscall = 2851530959, 0, 0, 0, 0, 0, 0, 0, 0, 0, 0, 0, 0, 0, 0, 0
performance_model.cpiSyncUnscheduled = 0, 0, 0, 0, 0, 0, 0, 0, 0, 0, 0, 0, 0, 0, 0, 0
performance_model.cpiUnknown = 157987612872, 0, 0, 0, 0, 0, 0, 0, 0, 0, 0, 0, 0, 0, 0, 0
performance_model.cycle_count = 51990158.5975, 41811724.6008, 42212385.6953, 40150246.3497, 40337881.9257, 41395452.5356, 42310740.473, 41359896.6159, 40642097.2381, 41739004.7591, 42194654.7294, 40154452.3402, 40873615.7149, 41321046.7037, 42252622.5984, 41297923.756
performance_model.dyninsn_cost = 0, 0, 0, 0, 0, 0, 0, 0, 0, 0, 0, 0, 0, 0, 0, 0
performance_model.dyninsn_count = 0, 0, 0, 0, 0, 0, 0, 0, 0, 0, 0, 0, 0, 0, 0, 0
performance_model.dyninsn_zero_count = 0, 0, 0, 0, 0, 0, 0, 0, 0, 0, 0, 0, 0, 0, 0, 0
performance_model.elapsed_time = 19545172405068, 15718693458945, 15869317930563, 15094077575087, 15164617265291, 15562200201338, 15906293410908, 15548833314254, 15278983924115, 15691355172605, 15862652153894, 15095658774521, 15366020945456, 15534228084104, 15884444585846, 15525535246607
performance_model.elapsed_time_begin = 0, 0, 0, 0, 0, 0, 0, 0, 0, 0, 0, 0, 0, 0, 0, 0
performance_model.elapsed_time_end = 19545172405068, 15718693458945, 15869317930563, 15094077575087, 15164617265291, 15562200201338, 15906293410908, 15548833314254, 15278983924115, 15691355172605, 15862652153894, 15095658774521, 15366020945456, 15534228084104, 15884444585846, 15525535246607
performance_model.idle_elapsed_time = 507197385876, 9140289905118, 9140836520424, 9140444037848, 9140662834346, 9140932382609, 9142178622654, 9141386516921, 9141633508844, 9142072605596, 9142280499863, 9142528243664, 9142748167979, 9143014708730, 9143216212034, 9143441023556
performance_model.instruction_count = 65439248, 18988702, 18990853, 19009467, 19006545, 18993145, 18988345, 18998045, 19011745, 18999845, 18980245, 19010945, 19006245, 18997945, 18986945, 19009245
pthread.pthread_barrier_wait_count = 0, 0, 0, 0, 0, 0, 0, 0, 0, 0, 0, 0, 0, 0, 0, 0
pthread.pthread_barrier_wait_delay_mem = 0, 0, 0, 0, 0, 0, 0, 0, 0, 0, 0, 0, 0, 0, 0, 0
pthread.pthread_barrier_wait_delay_sync = 0, 0, 0, 0, 0, 0, 0, 0, 0, 0, 0, 0, 0, 0, 0, 0
pthread.pthread_cond_broadcast_count = 0, 0, 0, 0, 0, 0, 0, 0, 0, 0, 0, 0, 0, 0, 0, 0
pthread.pthread_cond_broadcast_delay_mem = 0, 0, 0, 0, 0, 0, 0, 0, 0, 0, 0, 0, 0, 0, 0, 0
pthread.pthread_cond_broadcast_delay_sync = 0, 0, 0, 0, 0, 0, 0, 0, 0, 0, 0, 0, 0, 0, 0, 0
pthread.pthread_cond_signal_count = 0, 0, 0, 0, 0, 0, 0, 0, 0, 0, 0, 0, 0, 0, 0, 0
pthread.pthread_cond_signal_delay_mem = 0, 0, 0, 0, 0, 0, 0, 0, 0, 0, 0, 0, 0, 0, 0, 0
pthread.pthread_cond_signal_delay_sync = 0, 0, 0, 0, 0, 0, 0, 0, 0, 0, 0, 0, 0, 0, 0, 0
pthread.pthread_cond_wait_count = 0, 0, 0, 0, 0, 0, 0, 0, 0, 0, 0, 0, 0, 0, 0, 0
pthread.pthread_cond_wait_delay_mem = 0, 0, 0, 0, 0, 0, 0, 0, 0, 0, 0, 0, 0, 0, 0, 0
pthread.pthread_cond_wait_delay_sync = 0, 0, 0, 0, 0, 0, 0, 0, 0, 0, 0, 0, 0, 0, 0, 0
pthread.pthread_mutex_lock_contended = 0, 0, 0, 0, 0, 0, 0, 0, 0, 0, 0, 0, 0, 0, 0, 0
pthread.pthread_mutex_lock_count = 0, 0, 0, 0, 0, 0, 0, 0, 0, 0, 0, 0, 0, 0, 0, 0
pthread.pthread_mutex_lock_delay_mem = 0, 0, 0, 0, 0, 0, 0, 0, 0, 0, 0, 0, 0, 0, 0, 0
pthread.pthread_mutex_lock_delay_sync = 0, 0, 0, 0, 0, 0, 0, 0, 0, 0, 0, 0, 0, 0, 0, 0
pthread.pthread_mutex_trylock_count = 0, 0, 0, 0, 0, 0, 0, 0, 0, 0, 0, 0, 0, 0, 0, 0
pthread.pthread_mutex_trylock_delay_mem = 0, 0, 0, 0, 0, 0, 0, 0, 0, 0, 0, 0, 0, 0, 0, 0
pthread.pthread_mutex_trylock_delay_sync = 0, 0, 0, 0, 0, 0, 0, 0, 0, 0, 0, 0, 0, 0, 0, 0
pthread.pthread_mutex_unlock_contended = 0, 0, 0, 0, 0, 0, 0, 0, 0, 0, 0, 0, 0, 0, 0, 0
pthread.pthread_mutex_unlock_count = 0, 0, 0, 0, 0, 0, 0, 0, 0, 0, 0, 0, 0, 0, 0, 0
pthread.pthread_mutex_unlock_delay_mem = 0, 0, 0, 0, 0, 0, 0, 0, 0, 0, 0, 0, 0, 0, 0, 0
pthread.pthread_mutex_unlock_delay_sync = 0, 0, 0, 0, 0, 0, 0, 0, 0, 0, 0, 0, 0, 0, 0, 0
pthread_locks_contended = 0.0
roi.instrs = 350839249
roi.ipscore = 59179.1347607
roi.ipstotal = 946866.156172
roi.walltime = 370.52676
stlb.access = 8631, 72, 64, 82, 55, 49, 49, 50, 55, 49, 49, 50, 55, 49, 49, 50
stlb.miss = 254, 71, 62, 78, 55, 49, 49, 50, 55, 49, 49, 50, 55, 49, 49, 50
stlb_cache.access-mru-0 = 584, 1, 2, 3, 0, 0, 0, 0, 0, 0, 0, 0, 0, 0, 0, 0
stlb_cache.access-mru-1 = 7309, 0, 0, 1, 0, 0, 0, 0, 0, 0, 0, 0, 0, 0, 0, 0
stlb_cache.access-mru-2 = 473, 0, 0, 0, 0, 0, 0, 0, 0, 0, 0, 0, 0, 0, 0, 0
stlb_cache.access-mru-3 = 11, 0, 0, 0, 0, 0, 0, 0, 0, 0, 0, 0, 0, 0, 0, 0
syscall.stderr-bytes = 0, 0, 0, 0, 0, 0, 0, 0, 0, 0, 0, 0, 0, 0, 0, 0
syscall.stdout-bytes = 208, 0, 0, 0, 0, 0, 0, 0, 0, 0, 0, 0, 0, 0, 0, 0
thread.bottle_contrib_time = 12777526053526, 441194898411, 479123114885, 372282060932, 377258381586, 413616990362, 507554981585, 411636695877, 385900294050, 434992417200, 476418883613, 372085152156, 393042952018, 409649237842, 485500259982, 408653986482, 395884513462
thread.bottle_runtime_time = 12784543287318, 6579403553827, 6729481410139, 5953633537239, 6023954430945, 6421267818729, 6765114788254, 6407446797333, 6137350415271, 6549282567009, 6720371654031, 5953130530857, 6223272777477, 6391213375374, 6741228373812, 6382094223051, 6254317444158
thread.elapsed_time = 19545100000000, 6578310094882, 6728463479576, 5953555962152, 6023937165654, 6421267617391, 6764021377346, 6407413483079, 6137266491156, 6549227394404, 6720319500137, 5953071756336, 6223251832021, 6391185291270, 6741183787966, 6382058976444, 6254240179946
thread.instruction_count = 46437102, 18988686, 18990837, 19009357, 19006529, 18993145, 18988329, 18998029, 19011729, 18999829, 18980229, 19010902, 19006229, 18997929, 18986929, 19009229, 19002041
thread.instructions_by_core[0] = 46437102, 0, 0, 0, 0, 0, 0, 0, 0, 0, 0, 0, 0, 0, 0, 0, 19002041
thread.instructions_by_core[10] = 0, 0, 0, 0, 0, 0, 0, 0, 0, 0, 18980229, 0, 0, 0, 0, 0
thread.instructions_by_core[11] = 0, 0, 0, 0, 0, 0, 0, 0, 0, 0, 0, 19010902, 0, 0, 0, 0
thread.instructions_by_core[12] = 0, 0, 0, 0, 0, 0, 0, 0, 0, 0, 0, 0, 19006229, 0, 0, 0
thread.instructions_by_core[13] = 0, 0, 0, 0, 0, 0, 0, 0, 0, 0, 0, 0, 0, 18997929, 0, 0
thread.instructions_by_core[14] = 0, 0, 0, 0, 0, 0, 0, 0, 0, 0, 0, 0, 0, 0, 18986929, 0
thread.instructions_by_core[15] = 0, 0, 0, 0, 0, 0, 0, 0, 0, 0, 0, 0, 0, 0, 0, 19009229
thread.instructions_by_core[1] = 0, 18988686, 0, 0, 0, 0, 0, 0, 0, 0, 0, 0, 0, 0, 0, 0
thread.instructions_by_core[2] = 0, 0, 18990837, 0, 0, 0, 0, 0, 0, 0, 0, 0, 0, 0, 0, 0
thread.instructions_by_core[3] = 0, 0, 0, 19009357, 0, 0, 0, 0, 0, 0, 0, 0, 0, 0, 0, 0
thread.instructions_by_core[4] = 0, 0, 0, 0, 19006529, 0, 0, 0, 0, 0, 0, 0, 0, 0, 0, 0
thread.instructions_by_core[5] = 0, 0, 0, 0, 0, 18993145, 0, 0, 0, 0, 0, 0, 0, 0, 0, 0
thread.instructions_by_core[6] = 0, 0, 0, 0, 0, 0, 18988329, 0, 0, 0, 0, 0, 0, 0, 0, 0
thread.instructions_by_core[7] = 0, 0, 0, 0, 0, 0, 0, 18998029, 0, 0, 0, 0, 0, 0, 0, 0
thread.instructions_by_core[8] = 0, 0, 0, 0, 0, 0, 0, 0, 19011729, 0, 0, 0, 0, 0, 0, 0
thread.instructions_by_core[9] = 0, 0, 0, 0, 0, 0, 0, 0, 0, 18999829, 0, 0, 0, 0, 0, 0
thread.nonidle_cycle_count = 34006761, 17498543, 17897750, 15836512, 16023708, 17080572, 17992535, 17043798, 16325342, 17421081, 17876178, 15835213, 16553895, 17000617, 17931657, 16976360, 16634118
thread.nonidle_elapsed_time = 12784496670882, 6578399794437, 6728477650749, 5953576018572, 6023950671555, 6421267818729, 6764111028864, 6407443037943, 6137346655881, 6549278807619, 6720367894641, 5953087673811, 6223269018087, 6391209615984, 6741224614422, 6382090463661, 6253427972484
thread.time_by_core[0] = 12784496670882, 0, 0, 0, 0, 0, 0, 0, 0, 0, 0, 0, 0, 0, 0, 0, 6253427972484
thread.time_by_core[10] = 0, 0, 0, 0, 0, 0, 0, 0, 0, 0, 6720367894641, 0, 0, 0, 0, 0
thread.time_by_core[11] = 0, 0, 0, 0, 0, 0, 0, 0, 0, 0, 0, 5953087673811, 0, 0, 0, 0
thread.time_by_core[12] = 0, 0, 0, 0, 0, 0, 0, 0, 0, 0, 0, 0, 6223269018087, 0, 0, 0
thread.time_by_core[13] = 0, 0, 0, 0, 0, 0, 0, 0, 0, 0, 0, 0, 0, 6391209615984, 0, 0
thread.time_by_core[14] = 0, 0, 0, 0, 0, 0, 0, 0, 0, 0, 0, 0, 0, 0, 6741224614422, 0
thread.time_by_core[15] = 0, 0, 0, 0, 0, 0, 0, 0, 0, 0, 0, 0, 0, 0, 0, 6382090463661
thread.time_by_core[1] = 0, 6578399794437, 0, 0, 0, 0, 0, 0, 0, 0, 0, 0, 0, 0, 0, 0
thread.time_by_core[2] = 0, 0, 6728477650749, 0, 0, 0, 0, 0, 0, 0, 0, 0, 0, 0, 0, 0
thread.time_by_core[3] = 0, 0, 0, 5953576018572, 0, 0, 0, 0, 0, 0, 0, 0, 0, 0, 0, 0
thread.time_by_core[4] = 0, 0, 0, 0, 6023950671555, 0, 0, 0, 0, 0, 0, 0, 0, 0, 0, 0
thread.time_by_core[5] = 0, 0, 0, 0, 0, 6421267818729, 0, 0, 0, 0, 0, 0, 0, 0, 0, 0
thread.time_by_core[6] = 0, 0, 0, 0, 0, 0, 6764111028864, 0, 0, 0, 0, 0, 0, 0, 0, 0
thread.time_by_core[7] = 0, 0, 0, 0, 0, 0, 0, 6407443037943, 0, 0, 0, 0, 0, 0, 0, 0
thread.time_by_core[8] = 0, 0, 0, 0, 0, 0, 0, 0, 6137346655881, 0, 0, 0, 0, 0, 0, 0
thread.time_by_core[9] = 0, 0, 0, 0, 0, 0, 0, 0, 0, 6549278807619, 0, 0, 0, 0, 0, 0
thread.unscheduled_time = 6760629117750, 0, 0, 0, 0, 0, 0, 0, 0, 0, 0, 0, 0, 0, 0, 0, 885712284
time.walltime = 370526760, 0, 0, 0, 0, 0, 0, 0, 0, 0, 0, 0, 0, 0, 0, 0
vmem = 2763186176
walltime = 371.013174057
