barrier.global_time = 21001700000000, 0, 0, 0, 0, 0, 0, 0, 0, 0, 0, 0, 0, 0, 0, 0
barrier.global_time_begin = 0, 0, 0, 0, 0, 0, 0, 0, 0, 0, 0, 0, 0, 0, 0, 0
barrier.global_time_end = 21001700000000, 0, 0, 0, 0, 0, 0, 0, 0, 0, 0, 0, 0, 0, 0, 0
branch_predictor.num-correct = 6053767, 5891868, 5891834, 5892221, 5892042, 5892042, 5891324, 5892742, 5891670, 5891678, 5891168, 5891680, 5891170, 5891169, 5892062, 5891171
branch_predictor.num-incorrect = 239311, 229765, 229501, 229060, 229119, 229119, 229837, 228709, 229483, 229472, 229812, 229472, 229811, 229810, 229038, 229806
core.instructions = 64495676, 62949737, 62948066, 62947782, 62947022, 62947022, 62946989, 62948787, 62946982, 62946954, 62945933, 62946956, 62945922, 62945928, 62946710, 62945893
core.spin_elapsed_time = 0, 0, 0, 0, 0, 0, 0, 0, 0, 0, 0, 0, 0, 0, 0, 0
core.spin_instructions = 0, 0, 0, 0, 0, 0, 0, 0, 0, 0, 0, 0, 0, 0, 0, 0
core.spin_loops = 0, 0, 0, 0, 0, 0, 0, 0, 0, 0, 0, 0, 0, 0, 0, 0
corefreq = 2660000000.0, 2660000000.0, 2660000000.0, 2660000000.0, 2660000000.0, 2660000000.0, 2660000000.0, 2660000000.0, 2660000000.0, 2660000000.0, 2660000000.0, 2660000000.0, 2660000000.0, 2660000000.0, 2660000000.0, 2660000000.0
directory.entries-allocated = 7600, 7376, 7248, 7232, 7408, 7648, 7792, 7904, 7536, 7440, 7552, 7616, 8000, 7760, 7536, 7760
directory.evict-E = 0, 1, 61, 199, 54, 6, 25, 0, 113, 90, 398, 392, 55, 107, 75, 122
directory.evict-M = 2, 30, 717, 1341, 775, 4, 34, 4, 66, 73, 590, 702, 207, 1391, 1194, 739
directory.evict-O = 0, 0, 0, 0, 0, 0, 0, 0, 0, 0, 0, 0, 0, 0, 0, 0
directory.evict-S = 0, 0, 3, 20, 7, 0, 0, 0, 4, 5, 21, 23, 2, 6, 2, 32
directory.forward = 0, 0, 0, 0, 0, 0, 0, 0, 0, 0, 0, 0, 0, 0, 0, 0
directory.forward-failed = 0, 0, 0, 0, 0, 0, 0, 0, 0, 0, 0, 0, 0, 0, 0, 0
dram-queue.num-requests = 22214, 0, 0, 0, 24905, 0, 0, 0, 33790, 0, 0, 0, 33606, 0, 0, 0
dram-queue.num-requests-analytical = 0, 0, 0, 0, 0, 0, 0, 0, 0, 0, 0, 0, 0, 0, 0, 0
dram-queue.total-queue-delay = 4557976379844, 0, 0, 0, 5221164640786, 0, 0, 0, 4268001121150, 0, 0, 0, 5005662992858, 0, 0, 0
dram-queue.total-time-used = 187247937064, 0, 0, 0, 209931118780, 0, 0, 0, 284825236040, 0, 0, 0, 283274249256, 0, 0, 0
dram.reads = 10359, 0, 0, 0, 12839, 0, 0, 0, 15967, 0, 0, 0, 15295, 0, 0, 0
dram.total-access-latency = 5744854316908, 0, 0, 0, 6551820759566, 0, 0, 0, 6073376357190, 0, 0, 0, 6801207242114, 0, 0, 0
dram.total-queueing-delay = 4557976379844, 0, 0, 0, 5221164640786, 0, 0, 0, 4268001121150, 0, 0, 0, 5005662992858, 0, 0, 0
dram.writes = 11855, 0, 0, 0, 12066, 0, 0, 0, 17823, 0, 0, 0, 18311, 0, 0, 0
dtlb.access = 24397488, 24021267, 24020610, 24020493, 24020129, 24020127, 24020116, 24020953, 24020121, 24020109, 24019642, 24020113, 24019631, 24019637, 24020007, 24019620
dtlb.miss = 1225, 103, 93, 75, 87, 80, 73, 94, 1012, 77, 58, 77, 58, 58, 66, 59
dtlb_cache.access-mru-0 = 22589983, 22812764, 22724278, 22827642, 22331961, 22190306, 21745564, 21980822, 22042724, 22127178, 22806900, 22712748, 22395804, 21979609, 22609164, 22601814
dtlb_cache.access-mru-1 = 1273244, 1199898, 1015008, 1188366, 1683374, 1822535, 2269768, 2035303, 1650199, 1369496, 1207984, 1302579, 1617192, 2035265, 1129239, 1412419
dtlb_cache.access-mru-2 = 526764, 7854, 281215, 4389, 3770, 4697, 3766, 3787, 324931, 520538, 3762, 3769, 4076, 3767, 280596, 3452
dtlb_cache.access-mru-3 = 6272, 648, 16, 21, 937, 2509, 945, 947, 1255, 2820, 938, 940, 2501, 938, 942, 1876
fastforward_performance_model.fastforwarded_time = 0, 0, 0, 0, 0, 0, 0, 0, 0, 0, 0, 0, 0, 0, 0, 0
fastforward_timer.cpiBase = 0, 0, 0, 0, 0, 0, 0, 0, 0, 0, 0, 0, 0, 0, 0, 0
fastforward_timer.cpiBranchPredictor = 0, 0, 0, 0, 0, 0, 0, 0, 0, 0, 0, 0, 0, 0, 0, 0
fastforward_timer.cpiDataCachecache-remote = 0, 0, 0, 0, 0, 0, 0, 0, 0, 0, 0, 0, 0, 0, 0, 0
fastforward_timer.cpiDataCachedram = 0, 0, 0, 0, 0, 0, 0, 0, 0, 0, 0, 0, 0, 0, 0, 0
fastforward_timer.cpiDataCachedram-cache = 0, 0, 0, 0, 0, 0, 0, 0, 0, 0, 0, 0, 0, 0, 0, 0
fastforward_timer.cpiDataCachedram-local = 0, 0, 0, 0, 0, 0, 0, 0, 0, 0, 0, 0, 0, 0, 0, 0
fastforward_timer.cpiDataCachedram-remote = 0, 0, 0, 0, 0, 0, 0, 0, 0, 0, 0, 0, 0, 0, 0, 0
fastforward_timer.cpiDataCacheL1 = 0, 0, 0, 0, 0, 0, 0, 0, 0, 0, 0, 0, 0, 0, 0, 0
fastforward_timer.cpiDataCacheL1_S = 0, 0, 0, 0, 0, 0, 0, 0, 0, 0, 0, 0, 0, 0, 0, 0
fastforward_timer.cpiDataCacheL1I = 0, 0, 0, 0, 0, 0, 0, 0, 0, 0, 0, 0, 0, 0, 0, 0
fastforward_timer.cpiDataCacheL2 = 0, 0, 0, 0, 0, 0, 0, 0, 0, 0, 0, 0, 0, 0, 0, 0
fastforward_timer.cpiDataCacheL2_S = 0, 0, 0, 0, 0, 0, 0, 0, 0, 0, 0, 0, 0, 0, 0, 0
fastforward_timer.cpiDataCacheL3 = 0, 0, 0, 0, 0, 0, 0, 0, 0, 0, 0, 0, 0, 0, 0, 0
fastforward_timer.cpiDataCacheL3_S = 0, 0, 0, 0, 0, 0, 0, 0, 0, 0, 0, 0, 0, 0, 0, 0
fastforward_timer.cpiDataCacheL4 = 0, 0, 0, 0, 0, 0, 0, 0, 0, 0, 0, 0, 0, 0, 0, 0
fastforward_timer.cpiDataCacheL4_S = 0, 0, 0, 0, 0, 0, 0, 0, 0, 0, 0, 0, 0, 0, 0, 0
fastforward_timer.cpiDataCachemiss = 0, 0, 0, 0, 0, 0, 0, 0, 0, 0, 0, 0, 0, 0, 0, 0
fastforward_timer.cpiDataCachenuca-cache = 0, 0, 0, 0, 0, 0, 0, 0, 0, 0, 0, 0, 0, 0, 0, 0
fastforward_timer.cpiDataCachenuca-local = 0, 0, 0, 0, 0, 0, 0, 0, 0, 0, 0, 0, 0, 0, 0, 0
fastforward_timer.cpiDataCachenuca-remote = 0, 0, 0, 0, 0, 0, 0, 0, 0, 0, 0, 0, 0, 0, 0, 0
fastforward_timer.cpiDataCachepredicate-false = 0, 0, 0, 0, 0, 0, 0, 0, 0, 0, 0, 0, 0, 0, 0, 0
fastforward_timer.cpiDataCacheprefetch-no-mapping = 0, 0, 0, 0, 0, 0, 0, 0, 0, 0, 0, 0, 0, 0, 0, 0
fastforward_timer.cpiDataCacheunknown = 0, 0, 0, 0, 0, 0, 0, 0, 0, 0, 0, 0, 0, 0, 0, 0
fs_to_cycles = 2.66e-06
fs_to_cycles_cores = 2.66e-06, 2.66e-06, 2.66e-06, 2.66e-06, 2.66e-06, 2.66e-06, 2.66e-06, 2.66e-06, 2.66e-06, 2.66e-06, 2.66e-06, 2.66e-06, 2.66e-06, 2.66e-06, 2.66e-06, 2.66e-06
futex.futex_cmp_requeue_count = 0, 0, 0, 0, 0, 0, 0, 0, 0, 0, 0, 0, 0, 0, 0, 0
futex.futex_cmp_requeue_delay = 0, 0, 0, 0, 0, 0, 0, 0, 0, 0, 0, 0, 0, 0, 0, 0
futex.futex_cmp_requeue_pi_count = 0, 0, 0, 0, 0, 0, 0, 0, 0, 0, 0, 0, 0, 0, 0, 0
futex.futex_cmp_requeue_pi_delay = 0, 0, 0, 0, 0, 0, 0, 0, 0, 0, 0, 0, 0, 0, 0, 0
futex.futex_fd_count = 0, 0, 0, 0, 0, 0, 0, 0, 0, 0, 0, 0, 0, 0, 0, 0
futex.futex_fd_delay = 0, 0, 0, 0, 0, 0, 0, 0, 0, 0, 0, 0, 0, 0, 0, 0
futex.futex_lock_pi_count = 0, 0, 0, 0, 0, 0, 0, 0, 0, 0, 0, 0, 0, 0, 0, 0
futex.futex_lock_pi_delay = 0, 0, 0, 0, 0, 0, 0, 0, 0, 0, 0, 0, 0, 0, 0, 0
futex.futex_requeue_count = 0, 0, 0, 0, 0, 0, 0, 0, 0, 0, 0, 0, 0, 0, 0, 0
futex.futex_requeue_delay = 0, 0, 0, 0, 0, 0, 0, 0, 0, 0, 0, 0, 0, 0, 0, 0
futex.futex_trylock_pi_count = 0, 0, 0, 0, 0, 0, 0, 0, 0, 0, 0, 0, 0, 0, 0, 0
futex.futex_trylock_pi_delay = 0, 0, 0, 0, 0, 0, 0, 0, 0, 0, 0, 0, 0, 0, 0, 0
futex.futex_unlock_pi_count = 0, 0, 0, 0, 0, 0, 0, 0, 0, 0, 0, 0, 0, 0, 0, 0
futex.futex_unlock_pi_delay = 0, 0, 0, 0, 0, 0, 0, 0, 0, 0, 0, 0, 0, 0, 0, 0
futex.futex_wait_bitset_count = 1, 0, 0, 0, 0, 0, 0, 0, 0, 0, 0, 0, 0, 0, 0, 0
futex.futex_wait_bitset_delay = 0, 0, 0, 0, 0, 0, 0, 0, 0, 0, 0, 0, 0, 0, 0, 0
futex.futex_wait_count = 3, 2, 1, 1, 1, 1, 0, 0, 1, 0, 1, 0, 0, 1, 1, 0
futex.futex_wait_delay = 20232530405104, 1072556227, 0, 1457893702, 1416166733, 1389096865, 0, 0, 1082330641, 0, 1677068399, 0, 0, 0, 0, 0
futex.futex_wait_requeue_pi_count = 0, 0, 0, 0, 0, 0, 0, 0, 0, 0, 0, 0, 0, 0, 0, 0
futex.futex_wait_requeue_pi_delay = 0, 0, 0, 0, 0, 0, 0, 0, 0, 0, 0, 0, 0, 0, 0, 0
futex.futex_wake_bitset_count = 0, 0, 0, 0, 0, 0, 0, 0, 0, 0, 0, 0, 0, 0, 0, 0
futex.futex_wake_bitset_delay = 0, 0, 0, 0, 0, 0, 0, 0, 0, 0, 0, 0, 0, 0, 0, 0
futex.futex_wake_count = 2, 2, 2, 2, 2, 2, 1, 1, 2, 2, 2, 2, 1, 2, 2, 1, 1
futex.futex_wake_delay = 0, 2000000000, 1000000000, 1000000000, 0, 0, 0, 0, 1000000000, 1000000000, 0, 1000000000, 1000000000, 1000000000, 0, 0
futex.futex_wake_op_count = 0, 0, 0, 0, 0, 0, 0, 0, 0, 0, 0, 0, 0, 0, 0, 0
futex.futex_wake_op_delay = 0, 0, 0, 0, 0, 0, 0, 0, 0, 0, 0, 0, 0, 0, 0, 0
global.time = 21001700000000
global.time_begin = 0
global.time_end = 21001700000000
interval_timer.cpContr_branch = 1711731147193, 1638904037913, 1630590889080, 1630275243953, 1635660810902, 1636018974152, 1639103356523, 1635243194149, 1637818755803, 1638638710112, 1638482124166, 1638074927057, 1638839756532, 1638173611334, 1634653187396, 1637643854143
interval_timer.cpContr_fp_addsub = 8976826289083, 8966837498055, 8986657763159, 8998834448937, 8970585909515, 8971677322514, 8969743041649, 8966228644071, 8970719950244, 8966214831545, 8970224016252, 8971493296542, 8972415507452, 8970963107099, 8969197604163, 8979926459707
interval_timer.cpContr_fp_muldiv = 10509484471720, 10505518136164, 10513792065676, 10540682438877, 10503039408678, 10519921194548, 10502278078583, 10506797589718, 10506484867634, 10504620156328, 10501790704175, 10517471509641, 10524767329540, 10502242963766, 10496206861289, 10525854518880
interval_timer.cpContr_generic = 5025633595308, 4787413009995, 4784462024669, 4814480200523, 4785333233646, 4821379836075, 4788261244941, 4783944986411, 4788018698974, 4787073946657, 4787785851398, 4823230309813, 4824248479097, 4786392929415, 4782262850470, 4822633526786
interval_timer.cpContr_load_l1 = 5724075779793, 5662685946594, 5638990398801, 5606459496712, 5658291946783, 5650400700267, 5666929484186, 5654760897169, 5660671800658, 5658455180004, 5665102011495, 5651235327433, 5659128296260, 5660192273777, 5644817507552, 5650299122426
interval_timer.cpContr_load_l2 = 209522, 0, 0, 0, 0, 0, 0, 0, 0, 0, 0, 0, 0, 0, 0, 0
interval_timer.cpContr_load_l3 = 0, 0, 0, 0, 0, 0, 0, 0, 0, 0, 0, 0, 0, 0, 0, 0
interval_timer.cpContr_load_other = 0, 0, 0, 0, 0, 0, 0, 0, 0, 78142131, 0, 0, 0, 0, 0, 0
interval_timer.cpContr_port0 = 0, 0, 0, 0, 0, 0, 0, 0, 0, 0, 0, 0, 0, 0, 0, 0
interval_timer.cpContr_port015 = 351922448222, 331719468926, 331899124618, 328690042647, 331902880142, 328539949362, 331916777328, 331913226335, 331846682073, 332483967079, 331830296951, 329148005436, 328655394333, 330186132828, 331023460682, 328476776496
interval_timer.cpContr_port05 = 0, 0, 0, 0, 0, 0, 0, 0, 0, 0, 0, 0, 0, 0, 0, 0
interval_timer.cpContr_port1 = 2322052735, 2284393691, 2263702285, 2240605228, 2274447571, 2253519735, 2271179985, 2276077964, 2280615828, 2264592644, 2265851205, 2245561957, 2258962089, 2272582642, 2066120480, 2260754986
interval_timer.cpContr_port2 = 2156495509409, 2098631641512, 2100855997232, 2111575711427, 2099488171353, 2094808589072, 2099219467135, 2099822079346, 2099841902713, 2099301245225, 2099512942539, 2094189792288, 2093730024027, 2101348252662, 2102362295736, 2092676690459
interval_timer.cpContr_port34 = 84339757092, 72869488284, 72916774193, 72507595488, 72862563710, 72594954524, 72864534739, 72883591556, 72847721522, 72932023951, 72881041186, 72584589575, 72476137221, 72890599209, 72820975026, 72552941922
interval_timer.cpContr_port5 = 204110863194, 201733875188, 198740601229, 201571299201, 201428554062, 200763933027, 201520497306, 201585665870, 201403612351, 201601157268, 201327201767, 200834030563, 200658112928, 201346804399, 201869392734, 200810710014
interval_timer.cpContr_store = 1994013023033, 1983451022118, 1990620283597, 1992238481410, 1985067587549, 1989773491304, 1984160844531, 1983728562021, 1983711920086, 1982495563894, 1984448471127, 1989563131584, 1989902471300, 1982822263559, 1983828276790, 1991912136087
interval_timer.cpiBase = 13821567259428, 13637619554850, 13637537976087, 13655367259101, 13635316552536, 13651067268819, 13639960902942, 13632785355249, 13639056017769, 13635392116275, 13638981205908, 13651759372518, 13658205598551, 13636420309440, 13626100032012, 13657455976185
interval_timer.cpiBranchPredictor = 2770910655021, 2655584599869, 2649762056637, 2615997095352, 2635730509401, 2626935792435, 2657605271994, 2638292533686, 2657177077473, 2647772211510, 2641919969097, 2642352298947, 2666494725588, 2667933068202, 2646474094143, 2650884234552
interval_timer.cpiDataCachecache-remote = 13636811286, 114436959417, 48071695869, 108915919263, 60322044123, 80026134930, 117234321516, 48588236055, 15685678836, 67581426213, 16614624105, 45967565286, 50961914901, 54497621196, 28596551913, 27992417940
interval_timer.cpiDataCachedram = 0, 0, 0, 0, 0, 0, 0, 0, 0, 0, 0, 0, 0, 0, 0, 0
interval_timer.cpiDataCachedram-cache = 0, 0, 0, 0, 0, 0, 0, 0, 0, 0, 0, 0, 0, 0, 0, 0
interval_timer.cpiDataCachedram-local = 53180330940, 0, 0, 0, 4754124594, 0, 0, 0, 1676312001, 0, 0, 0, 23105962818, 0, 0, 0
interval_timer.cpiDataCachedram-remote = 186310857132, 22697693064, 23474383038, 35513829513, 19416121533, 25883400150, 19733038110, 20092059855, 29078505711, 20296194732, 22490174736, 23703705828, 5381190846, 31369102038, 21936792528, 19775895156
interval_timer.cpiDataCacheL1 = 0, 0, 0, 0, 0, 0, 0, 0, 0, 0, 0, 0, 0, 0, 0, 0
interval_timer.cpiDataCacheL1_S = 0, 0, 0, 0, 0, 0, 0, 0, 0, 0, 0, 0, 0, 0, 0, 0
interval_timer.cpiDataCacheL1I = 0, 0, 0, 0, 0, 0, 0, 0, 0, 0, 0, 0, 0, 0, 0, 0
interval_timer.cpiDataCacheL2 = 691351821, 85714092, 80450946, 18421011, 142856820, 22556340, 90225360, 0, 0, 58270545, 33834510, 21804462, 70300593, 0, 0, 0
interval_timer.cpiDataCacheL2_S = 0, 0, 0, 0, 0, 0, 0, 0, 0, 0, 0, 0, 0, 0, 0, 0
interval_timer.cpiDataCacheL3 = 0, 0, 0, 0, 0, 0, 0, 0, 0, 0, 0, 0, 0, 0, 0, 0
interval_timer.cpiDataCacheL3_S = 0, 0, 0, 0, 0, 0, 0, 0, 0, 0, 0, 0, 0, 0, 0, 0
interval_timer.cpiDataCacheL4 = 0, 0, 0, 0, 0, 0, 0, 0, 0, 0, 0, 0, 0, 0, 0, 0
interval_timer.cpiDataCacheL4_S = 0, 0, 0, 0, 0, 0, 0, 0, 0, 0, 0, 0, 0, 0, 0, 0
interval_timer.cpiDataCachemiss = 0, 0, 0, 0, 0, 0, 0, 0, 0, 0, 0, 0, 0, 0, 0, 0
interval_timer.cpiDataCachenuca-cache = 2774453128218, 2452947087906, 2623097079306, 2644399662741, 2596333605957, 2501787954969, 2477386882296, 2602215547551, 2673492830073, 2514939053067, 2602490734899, 2657953015569, 2717990473869, 2612426802669, 2645780110749, 2699805552561
interval_timer.cpiDataCachenuca-local = 0, 0, 0, 0, 0, 0, 0, 0, 0, 0, 0, 0, 0, 0, 0, 0
interval_timer.cpiDataCachenuca-remote = 0, 0, 0, 0, 0, 0, 0, 0, 0, 0, 0, 0, 0, 0, 0, 0
interval_timer.cpiDataCachepredicate-false = 0, 0, 0, 0, 0, 0, 0, 0, 0, 0, 0, 0, 0, 0, 0, 0
interval_timer.cpiDataCacheprefetch-no-mapping = 0, 0, 0, 0, 0, 0, 0, 0, 0, 0, 0, 0, 0, 0, 0, 0
interval_timer.cpiDataCacheunknown = 0, 0, 0, 0, 0, 0, 0, 0, 0, 0, 0, 0, 0, 0, 0, 0
interval_timer.cpiInstructionCachecache-remote = 4482696636, 34800297291, 24700696056, 33396165126, 31751432001, 38517958062, 48796506261, 11051478783, 6920285112, 27502193484, 8149981581, 17578155762, 14086810269, 16868382930, 10261630944, 10129300416
interval_timer.cpiInstructionCachedram = 0, 0, 0, 0, 0, 0, 0, 0, 0, 0, 0, 0, 0, 0, 0, 0
interval_timer.cpiInstructionCachedram-cache = 0, 0, 0, 0, 0, 0, 0, 0, 0, 0, 0, 0, 0, 0, 0, 0
interval_timer.cpiInstructionCachedram-local = 6568406208, 0, 0, 0, 383833719, 0, 0, 0, 75939678, 0, 0, 0, 13854855906, 0, 0, 0
interval_timer.cpiInstructionCachedram-remote = 22913482050, 5847355206, 7515020610, 3924051282, 1778567409, 75939678, 2003754870, 5015026260, 217668681, 8111635803, 680825529, 257894154, 20385668214, 0, 9390580281, 14542448337
interval_timer.cpiInstructionCacheL1 = 0, 0, 0, 0, 0, 0, 0, 0, 0, 0, 0, 0, 0, 0, 0, 0
interval_timer.cpiInstructionCacheL1_S = 0, 0, 0, 0, 0, 0, 0, 0, 0, 0, 0, 0, 0, 0, 0, 0
interval_timer.cpiInstructionCacheL1I = 0, 0, 0, 0, 0, 0, 0, 0, 0, 0, 0, 0, 0, 0, 0, 0
interval_timer.cpiInstructionCacheL2 = 0, 0, 0, 0, 0, 0, 0, 0, 0, 0, 0, 0, 0, 0, 0, 0
interval_timer.cpiInstructionCacheL2_S = 0, 0, 0, 0, 0, 0, 0, 0, 0, 0, 0, 0, 0, 0, 0, 0
interval_timer.cpiInstructionCacheL3 = 0, 0, 0, 0, 0, 0, 0, 0, 0, 0, 0, 0, 0, 0, 0, 0
interval_timer.cpiInstructionCacheL3_S = 0, 0, 0, 0, 0, 0, 0, 0, 0, 0, 0, 0, 0, 0, 0, 0
interval_timer.cpiInstructionCacheL4 = 0, 0, 0, 0, 0, 0, 0, 0, 0, 0, 0, 0, 0, 0, 0, 0
interval_timer.cpiInstructionCacheL4_S = 0, 0, 0, 0, 0, 0, 0, 0, 0, 0, 0, 0, 0, 0, 0, 0
interval_timer.cpiInstructionCachemiss = 0, 0, 0, 0, 0, 0, 0, 0, 0, 0, 0, 0, 0, 0, 0, 0
interval_timer.cpiInstructionCachenuca-cache = 1012144705029, 952994838708, 979833123918, 1060216776837, 961912863666, 1022856710895, 921858818850, 989321824278, 1001329691877, 960027529581, 978134255577, 1063944963900, 1070629911198, 984354542271, 913422747690, 1090243776645
interval_timer.cpiInstructionCachenuca-local = 0, 0, 0, 0, 0, 0, 0, 0, 0, 0, 0, 0, 0, 0, 0, 0
interval_timer.cpiInstructionCachenuca-remote = 0, 0, 0, 0, 0, 0, 0, 0, 0, 0, 0, 0, 0, 0, 0, 0
interval_timer.cpiInstructionCachepredicate-false = 0, 0, 0, 0, 0, 0, 0, 0, 0, 0, 0, 0, 0, 0, 0, 0
interval_timer.cpiInstructionCacheprefetch-no-mapping = 0, 0, 0, 0, 0, 0, 0, 0, 0, 0, 0, 0, 0, 0, 0, 0
interval_timer.cpiInstructionCacheunknown = 0, 0, 0, 0, 0, 0, 0, 0, 0, 0, 0, 0, 0, 0, 0, 0
interval_timer.cpiLongLatency = 118420785, 118420785, 118420785, 118420785, 118420785, 118420785, 118420785, 118420785, 118420785, 118420785, 118420785, 118420785, 118420785, 118420785, 118420785, 118420785
interval_timer.cpiSerialization = 116917029, 0, 0, 0, 0, 0, 0, 0, 0, 0, 0, 0, 0, 0, 0, 0
interval_timer.detailed-cpiBase-BranchMispredict = 0, 0, 0, 0, 0, 0, 0, 0, 0, 0, 0, 0, 0, 0, 0, 0
interval_timer.detailed-cpiBase-DispatchRate = 33839235, 33401995, 33395151, 33462580, 33395901, 33447573, 33408565, 33389305, 33406961, 33395236, 33405363, 33449048, 33468820, 33397775, 33369067, 33466196
interval_timer.detailed-cpiBase-DispatchRate+BranchMispredict = 0, 0, 0, 0, 0, 0, 0, 0, 0, 0, 0, 0, 0, 0, 0, 0
interval_timer.detailed-cpiBase-DispatchRate+ICacheMiss = 0, 0, 0, 0, 0, 0, 0, 0, 0, 0, 0, 0, 0, 0, 0, 0
interval_timer.detailed-cpiBase-DispatchRate+ICacheMiss+BranchMispredict = 0, 0, 0, 0, 0, 0, 0, 0, 0, 0, 0, 0, 0, 0, 0, 0
interval_timer.detailed-cpiBase-DispatchWidth = 24440, 24045, 24087, 23747, 24032, 23732, 24053, 24050, 24268, 24009, 24065, 23635, 23772, 24072, 24343, 23811
interval_timer.detailed-cpiBase-DispatchWidth+BranchMispredict = 0, 0, 0, 0, 0, 0, 0, 0, 0, 0, 0, 0, 0, 0, 0, 0
interval_timer.detailed-cpiBase-DispatchWidth+DispatchRate = 2901777, 2850110, 2856695, 2837032, 2850091, 2840616, 2849760, 2849936, 2848742, 2850980, 2850344, 2841079, 2838317, 2851113, 2852098, 2838908
interval_timer.detailed-cpiBase-DispatchWidth+DispatchRate+BranchMispredict = 0, 0, 0, 0, 0, 0, 0, 0, 0, 0, 0, 0, 0, 0, 0, 0
interval_timer.detailed-cpiBase-DispatchWidth+DispatchRate+ICacheMiss = 0, 0, 0, 0, 0, 0, 0, 0, 0, 0, 0, 0, 0, 0, 0, 0
interval_timer.detailed-cpiBase-DispatchWidth+DispatchRate+ICacheMiss+BranchMispredict = 0, 0, 0, 0, 0, 0, 0, 0, 0, 0, 0, 0, 0, 0, 0, 0
interval_timer.detailed-cpiBase-DispatchWidth+ICacheMiss = 0, 0, 0, 0, 0, 0, 0, 0, 0, 0, 0, 0, 0, 0, 0, 0
interval_timer.detailed-cpiBase-DispatchWidth+ICacheMiss+BranchMispredict = 0, 0, 0, 0, 0, 0, 0, 0, 0, 0, 0, 0, 0, 0, 0, 0
interval_timer.detailed-cpiBase-ICacheMiss = 0, 0, 0, 0, 0, 0, 0, 0, 0, 0, 0, 0, 0, 0, 0, 0
interval_timer.detailed-cpiBase-ICacheMiss+BranchMispredict = 0, 0, 0, 0, 0, 0, 0, 0, 0, 0, 0, 0, 0, 0, 0, 0
interval_timer.detailed-cpiBase-NoReason = 0, 0, 0, 0, 0, 0, 0, 0, 0, 0, 0, 0, 0, 0, 0, 0
interval_timer.detailed-cpiBase-WindowEmpty = 0, 0, 0, 0, 0, 0, 0, 0, 0, 0, 0, 0, 0, 0, 0, 0
interval_timer.detailed-cpiBase-WindowEmpty+BranchMispredict = 0, 0, 0, 0, 0, 0, 0, 0, 0, 0, 0, 0, 0, 0, 0, 0
interval_timer.detailed-cpiBase-WindowEmpty+DispatchRate = 0, 0, 0, 0, 0, 0, 0, 0, 0, 0, 0, 0, 0, 0, 0, 0
interval_timer.detailed-cpiBase-WindowEmpty+DispatchRate+BranchMispredict = 0, 0, 0, 0, 0, 0, 0, 0, 0, 0, 0, 0, 0, 0, 0, 0
interval_timer.detailed-cpiBase-WindowEmpty+DispatchRate+ICacheMiss = 0, 0, 0, 0, 0, 0, 0, 0, 0, 0, 0, 0, 0, 0, 0, 0
interval_timer.detailed-cpiBase-WindowEmpty+DispatchRate+ICacheMiss+BranchMispredict = 0, 0, 0, 0, 0, 0, 0, 0, 0, 0, 0, 0, 0, 0, 0, 0
interval_timer.detailed-cpiBase-WindowEmpty+DispatchWidth = 0, 0, 0, 0, 0, 0, 0, 0, 0, 0, 0, 0, 0, 0, 0, 0
interval_timer.detailed-cpiBase-WindowEmpty+DispatchWidth+BranchMispredict = 0, 0, 0, 0, 0, 0, 0, 0, 0, 0, 0, 0, 0, 0, 0, 0
interval_timer.detailed-cpiBase-WindowEmpty+DispatchWidth+DispatchRate = 0, 0, 0, 0, 0, 0, 0, 0, 0, 0, 0, 0, 0, 0, 0, 0
interval_timer.detailed-cpiBase-WindowEmpty+DispatchWidth+DispatchRate+BranchMispredict = 0, 0, 0, 0, 0, 0, 0, 0, 0, 0, 0, 0, 0, 0, 0, 0
interval_timer.detailed-cpiBase-WindowEmpty+DispatchWidth+DispatchRate+ICacheMiss = 0, 0, 0, 0, 0, 0, 0, 0, 0, 0, 0, 0, 0, 0, 0, 0
interval_timer.detailed-cpiBase-WindowEmpty+DispatchWidth+DispatchRate+ICacheMiss+BranchMispredict = 0, 0, 0, 0, 0, 0, 0, 0, 0, 0, 0, 0, 0, 0, 0, 0
interval_timer.detailed-cpiBase-WindowEmpty+DispatchWidth+ICacheMiss = 0, 0, 0, 0, 0, 0, 0, 0, 0, 0, 0, 0, 0, 0, 0, 0
interval_timer.detailed-cpiBase-WindowEmpty+DispatchWidth+ICacheMiss+BranchMispredict = 0, 0, 0, 0, 0, 0, 0, 0, 0, 0, 0, 0, 0, 0, 0, 0
interval_timer.detailed-cpiBase-WindowEmpty+ICacheMiss = 0, 0, 0, 0, 0, 0, 0, 0, 0, 0, 0, 0, 0, 0, 0, 0
interval_timer.detailed-cpiBase-WindowEmpty+ICacheMiss+BranchMispredict = 0, 0, 0, 0, 0, 0, 0, 0, 0, 0, 0, 0, 0, 0, 0, 0
interval_timer.loadstore_contention.no-free-slots = 0, 0, 0, 0, 0, 0, 0, 0, 0, 0, 0, 0, 0, 0, 0, 0
interval_timer.loadstore_contention.num-barriers = 0, 0, 0, 0, 0, 0, 0, 0, 0, 0, 0, 0, 0, 0, 0, 0
interval_timer.loadstore_contention.num-requests = 16072887, 15895823, 15838891, 15775984, 15888616, 15875002, 15892469, 15895604, 15889078, 15897049, 15890873, 15872910, 15867598, 15879884, 15886876, 15858029
interval_timer.loadstore_contention.requests-out-of-order = 8362450, 8314626, 8282268, 8257664, 8315765, 8304637, 8315267, 8316686, 8312437, 8315548, 8314132, 8302970, 8302569, 8304146, 8317816, 8287328
interval_timer.loadstore_contention.requests-simultaneous = 4047718, 4004931, 3991677, 3962646, 4000206, 4005531, 4003138, 4004346, 4002849, 4005728, 4002590, 4005607, 4001274, 4000657, 3999395, 4006168
interval_timer.loadstore_contention.total-barrier-delay = 0, 0, 0, 0, 0, 0, 0, 0, 0, 0, 0, 0, 0, 0, 0, 0
interval_timer.loadstore_contention.total-delay = 1279402371702, 1268241870609, 1265373456039, 1262294891568, 1267195256433, 1280384700309, 1268558035308, 1269423446886, 1268508411360, 1269911415708, 1268229464622, 1279911769047, 1277980570404, 1276585084836, 1266882851124, 1302583146381
interval_timer.numBPredOverlapped = 689705, 635443, 657865, 674746, 638023, 636362, 636398, 634528, 637262, 636355, 636828, 637659, 639391, 636545, 642188, 644550
interval_timer.numDCacheOverlapped = 2392905, 2291227, 2347700, 2410517, 2297631, 2311242, 2293772, 2291231, 2297161, 2289185, 2295025, 2313322, 2318290, 2306012, 2299278, 2327854
interval_timer.numHiddenLongerDCacheLatency = 42433, 40943, 41262, 41643, 39779, 41161, 40879, 40564, 39309, 39107, 39256, 39639, 37582, 37718, 38982, 39746
interval_timer.numICacheOverlapped = 12507822, 11708510, 11911762, 12075394, 11723139, 11712942, 11707767, 11698493, 11723400, 11712546, 11714329, 11724216, 11742687, 11748828, 11752088, 11768789
interval_timer.numLongLatencyLoads = 99125, 92789, 94416, 95710, 92907, 92833, 92784, 92712, 92907, 92825, 92836, 92920, 93063, 93114, 93140, 93275
interval_timer.numMfenceInsns = 0, 0, 0, 0, 0, 0, 0, 0, 0, 0, 0, 0, 0, 0, 0, 0
interval_timer.numSerializationInsns = 130, 0, 0, 0, 0, 0, 0, 0, 0, 0, 0, 0, 0, 0, 0, 0
interval_timer.numTotalLongLatencyLoadLatency = 8055223, 6889861, 7167981, 7418352, 7131393, 6936551, 6954438, 7104599, 7235039, 6923663, 7026750, 7255555, 7441393, 7177477, 7172210, 7308563
interval_timer.outstandingLongLatencyCycles = 9003062, 7761540, 8042636, 8289087, 7977783, 7741853, 7805233, 7940025, 8054168, 7727094, 7843014, 8024215, 8227237, 7996482, 7984366, 8120693
interval_timer.outstandingLongLatencyInsns = 14454414, 12633587, 12952421, 13339999, 12913945, 12662725, 12578805, 12858366, 12954473, 12415984, 12637682, 12978703, 13100566, 12797432, 12883453, 13104408
interval_timer.totalHiddenDCacheLatency = 17869399, 16804432, 17114651, 17552507, 16873739, 16888005, 16697594, 16815211, 16807316, 16544784, 16690232, 16895502, 16863237, 16758995, 16811997, 17037276
interval_timer.totalHiddenLongerDCacheLatency = 1521025, 1567710, 1408924, 1586388, 1351129, 1444929, 1412745, 1407597, 1356068, 1270715, 1387025, 1378705, 1234608, 1276179, 1274939, 1376997
interval_timer.totalMfenceLatency = 0, 0, 0, 0, 0, 0, 0, 0, 0, 0, 0, 0, 0, 0, 0, 0
interval_timer.totalSerializationLatency = 311, 0, 0, 0, 0, 0, 0, 0, 0, 0, 0, 0, 0, 0, 0, 0
interval_timer.uop_branch = 8488864, 8291913, 8291559, 8291487, 8291338, 8291338, 8291333, 8291700, 8291333, 8291325, 8291110, 8291326, 8291112, 8291109, 8291265, 8291103
interval_timer.uop_fp_addsub = 5311456, 5311294, 5311294, 5311294, 5311294, 5311294, 5311294, 5311294, 5311294, 5311294, 5311294, 5311294, 5311294, 5311294, 5311294, 5311294
interval_timer.uop_fp_muldiv = 5397702, 5397700, 5397700, 5397700, 5397700, 5397700, 5397700, 5397700, 5397700, 5397700, 5397700, 5397700, 5397700, 5397700, 5397700, 5397700
interval_timer.uop_generic = 31189860, 30498244, 30497422, 30497290, 30496966, 30496966, 30496945, 30497729, 30496938, 30496923, 30496477, 30496919, 30496472, 30496475, 30496815, 30496458
interval_timer.uop_load = 18465819, 18187100, 18186606, 18186520, 18186263, 18186263, 18186256, 18186851, 18186255, 18186249, 18185913, 18186251, 18185907, 18185911, 18186169, 18185902
interval_timer.uop_store = 5408135, 5310791, 5310626, 5310597, 5310488, 5310488, 5310482, 5310726, 5310488, 5310484, 5310351, 5310486, 5310346, 5310350, 5310460, 5310342
interval_timer.uops_pause = 0, 0, 0, 0, 0, 0, 0, 0, 0, 0, 0, 0, 0, 0, 0, 0
interval_timer.uops_total = 74261836, 72997042, 72995207, 72994888, 72994049, 72994049, 72994010, 72996000, 72994008, 72993975, 72992845, 72993976, 72992831, 72992839, 72993703, 72992799
interval_timer.uops_x87 = 0, 0, 0, 0, 0, 0, 0, 0, 0, 0, 0, 0, 0, 0, 0, 0
ipc = 1.14248658364
itlb.access = 9006572, 8923147, 8922996, 8922958, 8922877, 8922877, 8922869, 8923071, 8922878, 8922872, 8922755, 8922871, 8922755, 8922754, 8922843, 8922747
itlb.miss = 131, 42, 42, 42, 42, 42, 40, 40, 42, 42, 42, 42, 40, 42, 42, 40
itlb_cache.access-mru-0 = 8950595, 8868251, 8868101, 8868063, 8867984, 8867984, 8867983, 8868182, 8867985, 8867981, 8867865, 8867980, 8867871, 8867864, 8867950, 8867863
itlb_cache.access-mru-1 = 55708, 54850, 54849, 54849, 54847, 54847, 54842, 54845, 54848, 54846, 54845, 54846, 54841, 54845, 54848, 54841
itlb_cache.access-mru-2 = 95, 4, 4, 4, 4, 4, 4, 4, 3, 3, 3, 3, 3, 3, 3, 3
itlb_cache.access-mru-3 = 43, 0, 0, 0, 0, 0, 0, 0, 0, 0, 0, 0, 0, 0, 0, 0
L1-D.access-mru-0 = 22173919, 21544222, 21766632, 22152804, 21878394, 22167631, 21828495, 21860892, 21865538, 21837870, 21849834, 22212459, 22157903, 20169855, 21714205, 22089034
L1-D.access-mru-1 = 1516032, 1771168, 1540300, 1356831, 1458247, 1340328, 1492429, 1476419, 1465905, 1482063, 1485439, 1309505, 1346894, 3138968, 1618942, 1419889
L1-D.access-mru-2 = 339307, 351428, 338554, 138089, 328786, 149796, 345086, 328827, 333240, 344964, 328811, 135240, 151960, 350705, 329525, 139483
L1-D.access-mru-3 = 25325, 24266, 40640, 37674, 24071, 32612, 23009, 24512, 23995, 24927, 24810, 32988, 32955, 28919, 25044, 40325
L1-D.backinval-D = 0, 0, 0, 0, 0, 0, 0, 0, 0, 0, 0, 0, 0, 0, 0, 0
L1-D.backinval-E = 23835, 14983, 18745, 21846, 14952, 16939, 14910, 14677, 15025, 14590, 15078, 17942, 20969, 15149, 15322, 17272
L1-D.backinval-I = 0, 0, 0, 0, 0, 0, 0, 0, 0, 0, 0, 0, 0, 0, 0, 0
L1-D.backinval-M = 174353, 172036, 172915, 171938, 171966, 171087, 172777, 172255, 172962, 172255, 172046, 171139, 171710, 172546, 172880, 172237
L1-D.backinval-O = 0, 0, 0, 0, 0, 0, 0, 0, 0, 0, 0, 0, 0, 0, 0, 0
L1-D.backinval-S = 108405, 108272, 107746, 107923, 108385, 108356, 108336, 108370, 108374, 108537, 108151, 107138, 104126, 108131, 108160, 107927
L1-D.backinval-u = 0, 0, 0, 0, 0, 0, 0, 0, 0, 0, 0, 0, 0, 0, 0, 0
L1-D.coherency-downgrades = 544, 7109, 3997, 2271, 207, 814, 884, 5082, 847, 3054, 468, 3183, 4058, 945, 1149, 3225
L1-D.coherency-invalidates = 155, 61, 126, 168, 155, 120, 68, 68, 54, 64, 117, 211, 143, 119, 92, 115
L1-D.coherency-upgrades = 0, 0, 0, 0, 0, 0, 0, 0, 0, 0, 0, 0, 0, 0, 0, 0
L1-D.coherency-writebacks = 620, 192, 439, 752, 526, 736, 384, 231, 254, 291, 550, 914, 694, 421, 510, 518
L1-D.evict-D = 0, 0, 0, 0, 0, 0, 0, 0, 0, 0, 0, 0, 0, 0, 0, 0
L1-D.evict-E = 0, 0, 0, 0, 0, 0, 0, 0, 0, 0, 0, 0, 0, 0, 0, 0
L1-D.evict-I = 0, 0, 0, 0, 0, 0, 0, 0, 0, 0, 0, 0, 0, 0, 0, 0
L1-D.evict-M = 0, 0, 0, 0, 0, 0, 0, 0, 0, 0, 0, 0, 0, 0, 0, 0
L1-D.evict-O = 0, 0, 0, 0, 0, 0, 0, 0, 0, 0, 0, 0, 0, 0, 0, 0
L1-D.evict-prefetch = 0, 0, 0, 0, 0, 0, 0, 0, 0, 0, 0, 0, 0, 0, 0, 0
L1-D.evict-S = 0, 0, 0, 0, 0, 0, 0, 0, 0, 0, 0, 0, 0, 0, 0, 0
L1-D.evict-u = 0, 0, 0, 0, 0, 0, 0, 0, 0, 0, 0, 0, 0, 0, 0, 0
L1-D.evict-warmup = 0, 0, 0, 0, 0, 0, 0, 0, 0, 0, 0, 0, 0, 0, 0, 0
L1-D.hits-prefetch = 0, 0, 0, 0, 0, 0, 0, 0, 0, 0, 0, 0, 0, 0, 0, 0
L1-D.hits-warmup = 0, 0, 0, 0, 0, 0, 0, 0, 0, 0, 0, 0, 0, 0, 0, 0
L1-D.invalidate-prefetch = 0, 0, 0, 0, 0, 0, 0, 0, 0, 0, 0, 0, 0, 0, 0, 0
L1-D.invalidate-warmup = 0, 0, 0, 0, 0, 0, 0, 0, 0, 0, 0, 0, 0, 0, 0, 0
L1-D.load-misses = 168073, 158146, 161280, 162554, 158289, 158083, 158085, 157966, 158381, 157887, 158303, 158018, 157660, 158372, 159048, 158287
L1-D.load-misses-D = 0, 0, 0, 0, 0, 0, 0, 0, 0, 0, 0, 0, 0, 0, 0, 0
L1-D.load-misses-E = 322, 313, 313, 313, 313, 313, 313, 314, 313, 313, 313, 313, 313, 313, 313, 313
L1-D.load-misses-I = 167736, 157832, 160965, 162238, 157974, 157767, 157771, 157650, 158066, 157571, 157988, 157703, 157345, 158057, 158734, 157972
L1-D.load-misses-M = 0, 0, 0, 0, 0, 0, 0, 0, 0, 0, 0, 0, 0, 0, 0, 0
L1-D.load-misses-O = 0, 0, 0, 0, 0, 0, 0, 0, 0, 0, 0, 0, 0, 0, 0, 0
L1-D.load-misses-S = 15, 1, 2, 3, 2, 3, 1, 2, 2, 3, 2, 2, 2, 2, 1, 2
L1-D.load-misses-u = 0, 0, 0, 0, 0, 0, 0, 0, 0, 0, 0, 0, 0, 0, 0, 0
L1-D.load-overlapping-misses = 0, 0, 0, 0, 0, 0, 0, 0, 0, 0, 0, 0, 0, 0, 0, 0
L1-D.loads = 18989352, 18710476, 18709984, 18709896, 18709641, 18709639, 18709634, 18710227, 18709633, 18709625, 18709291, 18709627, 18709285, 18709287, 18709547, 18709278
L1-D.loads-D = 0, 0, 0, 0, 0, 0, 0, 0, 0, 0, 0, 0, 0, 0, 0, 0
L1-D.loads-E = 4664769, 4495520, 4519034, 4446874, 4485726, 4418942, 4486324, 4504280, 4485573, 4492012, 4487229, 4429295, 4490549, 4475515, 4499276, 4446411
L1-D.loads-I = 167736, 157832, 160965, 162238, 157974, 157767, 157771, 157650, 158066, 157571, 157988, 157703, 157345, 158057, 158734, 157972
L1-D.loads-M = 9554348, 9471340, 9441404, 9506318, 9465593, 9533245, 9466073, 9466259, 9467525, 9467011, 9465527, 9532944, 9532402, 9477730, 9454195, 9513966
L1-D.loads-O = 0, 0, 0, 0, 0, 0, 0, 0, 0, 0, 0, 0, 0, 0, 0, 0
L1-D.loads-prefetch = 0, 0, 0, 0, 0, 0, 0, 0, 0, 0, 0, 0, 0, 0, 0, 0
L1-D.loads-S = 4602499, 4585784, 4588581, 4594466, 4600348, 4599685, 4599466, 4582038, 4598469, 4593031, 4598547, 4589685, 4528989, 4597985, 4597342, 4590929
L1-D.loads-u = 0, 0, 0, 0, 0, 0, 0, 0, 0, 0, 0, 0, 0, 0, 0, 0
L1-D.loads-where-cache-remote = 593, 4968, 1921, 4123, 2451, 3359, 5053, 2086, 654, 3128, 709, 1988, 2086, 2137, 1285, 1295
L1-D.loads-where-dram = 0, 0, 0, 0, 0, 0, 0, 0, 0, 0, 0, 0, 0, 0, 0, 0
L1-D.loads-where-dram-cache = 0, 0, 0, 0, 0, 0, 0, 0, 0, 0, 0, 0, 0, 0, 0, 0
L1-D.loads-where-dram-local = 1290, 0, 0, 0, 86, 0, 0, 0, 61, 0, 0, 0, 217, 0, 0, 0
L1-D.loads-where-dram-remote = 4059, 414, 488, 388, 322, 379, 411, 463, 456, 422, 453, 402, 151, 489, 420, 355
L1-D.loads-where-L1 = 18821279, 18552330, 18548704, 18547342, 18551352, 18551556, 18551549, 18552261, 18551252, 18551738, 18550988, 18551609, 18551625, 18550915, 18550499, 18550991
L1-D.loads-where-L1_S = 0, 0, 0, 0, 0, 0, 0, 0, 0, 0, 0, 0, 0, 0, 0, 0
L1-D.loads-where-L1I = 0, 0, 0, 0, 0, 0, 0, 0, 0, 0, 0, 0, 0, 0, 0, 0
L1-D.loads-where-L2 = 367, 320, 319, 319, 320, 319, 317, 318, 320, 320, 319, 318, 317, 317, 317, 318
L1-D.loads-where-L2_S = 0, 0, 0, 0, 0, 0, 0, 0, 0, 0, 0, 0, 0, 0, 0, 0
L1-D.loads-where-L3 = 0, 0, 0, 0, 0, 0, 0, 0, 0, 0, 0, 0, 0, 0, 0, 0
L1-D.loads-where-L3_S = 0, 0, 0, 0, 0, 0, 0, 0, 0, 0, 0, 0, 0, 0, 0, 0
L1-D.loads-where-L4 = 0, 0, 0, 0, 0, 0, 0, 0, 0, 0, 0, 0, 0, 0, 0, 0
L1-D.loads-where-L4_S = 0, 0, 0, 0, 0, 0, 0, 0, 0, 0, 0, 0, 0, 0, 0, 0
L1-D.loads-where-miss = 0, 0, 0, 0, 0, 0, 0, 0, 0, 0, 0, 0, 0, 0, 0, 0
L1-D.loads-where-nuca-cache = 161764, 152444, 158552, 157724, 155110, 154026, 152304, 155099, 156890, 154017, 156822, 155310, 154889, 155429, 157026, 156319
L1-D.loads-where-nuca-local = 0, 0, 0, 0, 0, 0, 0, 0, 0, 0, 0, 0, 0, 0, 0, 0
L1-D.loads-where-nuca-remote = 0, 0, 0, 0, 0, 0, 0, 0, 0, 0, 0, 0, 0, 0, 0, 0
L1-D.loads-where-predicate-false = 0, 0, 0, 0, 0, 0, 0, 0, 0, 0, 0, 0, 0, 0, 0, 0
L1-D.loads-where-prefetch-no-mapping = 0, 0, 0, 0, 0, 0, 0, 0, 0, 0, 0, 0, 0, 0, 0, 0
L1-D.loads-where-unknown = 0, 0, 0, 0, 0, 0, 0, 0, 0, 0, 0, 0, 0, 0, 0, 0
L1-D.mshr-latency = 0, 0, 0, 0, 0, 0, 0, 0, 0, 0, 0, 0, 0, 0, 0, 0
L1-D.next_read.no-free-slots = 0, 0, 0, 0, 0, 0, 0, 0, 0, 0, 0, 0, 0, 0, 0, 0
L1-D.next_read.num-barriers = 0, 0, 0, 0, 0, 0, 0, 0, 0, 0, 0, 0, 0, 0, 0, 0
L1-D.next_read.num-requests = 0, 0, 0, 0, 0, 0, 0, 0, 0, 0, 0, 0, 0, 0, 0, 0
L1-D.next_read.requests-out-of-order = 0, 0, 0, 0, 0, 0, 0, 0, 0, 0, 0, 0, 0, 0, 0, 0
L1-D.next_read.requests-simultaneous = 0, 0, 0, 0, 0, 0, 0, 0, 0, 0, 0, 0, 0, 0, 0, 0
L1-D.next_read.total-barrier-delay = 0, 0, 0, 0, 0, 0, 0, 0, 0, 0, 0, 0, 0, 0, 0, 0
L1-D.next_read.total-delay = 0, 0, 0, 0, 0, 0, 0, 0, 0, 0, 0, 0, 0, 0, 0, 0
L1-D.prefetches = 0, 0, 0, 0, 0, 0, 0, 0, 0, 0, 0, 0, 0, 0, 0, 0
L1-D.qbs-query-latency = 0, 0, 0, 0, 0, 0, 0, 0, 0, 0, 0, 0, 0, 0, 0, 0
L1-D.snoop-latency = 0, 0, 0, 0, 0, 0, 0, 0, 0, 0, 0, 0, 0, 0, 0, 0
L1-D.store-misses = 174832, 172037, 173204, 172541, 172342, 171677, 173012, 172337, 173062, 172398, 172445, 171903, 172259, 172818, 173243, 172602
L1-D.store-misses-D = 0, 0, 0, 0, 0, 0, 0, 0, 0, 0, 0, 0, 0, 0, 0, 0
L1-D.store-misses-E = 34807, 33975, 33839, 31792, 33974, 31847, 33946, 34022, 34102, 33874, 34135, 31902, 31602, 34153, 34654, 32147
L1-D.store-misses-I = 139999, 138055, 139357, 140740, 138361, 139821, 139056, 138303, 138955, 138517, 138305, 139992, 140650, 138659, 138583, 140448
L1-D.store-misses-M = 0, 0, 0, 0, 0, 0, 0, 0, 0, 0, 0, 0, 0, 0, 0, 0
L1-D.store-misses-O = 0, 0, 0, 0, 0, 0, 0, 0, 0, 0, 0, 0, 0, 0, 0, 0
L1-D.store-misses-S = 26, 7, 8, 9, 7, 9, 10, 12, 5, 7, 5, 9, 7, 6, 6, 7
L1-D.store-misses-u = 0, 0, 0, 0, 0, 0, 0, 0, 0, 0, 0, 0, 0, 0, 0, 0
L1-D.store-overlapping-misses = 0, 0, 0, 0, 0, 0, 0, 0, 0, 0, 0, 0, 0, 0, 0, 0
L1-D.stores = 5408136, 5310791, 5310626, 5310597, 5310488, 5310488, 5310482, 5310726, 5310488, 5310484, 5310351, 5310486, 5310346, 5310350, 5310460, 5310342
L1-D.stores-D = 0, 0, 0, 0, 0, 0, 0, 0, 0, 0, 0, 0, 0, 0, 0, 0
L1-D.stores-E = 34807, 33975, 33839, 31792, 33974, 31847, 33946, 34022, 34102, 33874, 34135, 31902, 31602, 34153, 34654, 32147
L1-D.stores-I = 139999, 138055, 139357, 140740, 138361, 139821, 139056, 138303, 138955, 138517, 138305, 139992, 140650, 138659, 138583, 140448
L1-D.stores-M = 5233304, 5138754, 5137422, 5138056, 5138146, 5138811, 5137470, 5138389, 5137426, 5138086, 5137906, 5138583, 5138087, 5137532, 5137217, 5137740
L1-D.stores-O = 0, 0, 0, 0, 0, 0, 0, 0, 0, 0, 0, 0, 0, 0, 0, 0
L1-D.stores-prefetch = 0, 0, 0, 0, 0, 0, 0, 0, 0, 0, 0, 0, 0, 0, 0, 0
L1-D.stores-S = 26, 7, 8, 9, 7, 9, 10, 12, 5, 7, 5, 9, 7, 6, 6, 7
L1-D.stores-u = 0, 0, 0, 0, 0, 0, 0, 0, 0, 0, 0, 0, 0, 0, 0, 0
L1-D.stores-where-cache-remote = 0, 0, 0, 0, 0, 0, 0, 0, 0, 0, 0, 0, 0, 0, 0, 0
L1-D.stores-where-dram = 0, 0, 0, 0, 0, 0, 0, 0, 0, 0, 0, 0, 0, 0, 0, 0
L1-D.stores-where-dram-cache = 0, 0, 0, 0, 0, 0, 0, 0, 0, 0, 0, 0, 0, 0, 0, 0
L1-D.stores-where-dram-local = 0, 0, 0, 0, 0, 0, 0, 0, 0, 0, 0, 0, 0, 0, 0, 0
L1-D.stores-where-dram-remote = 0, 0, 0, 0, 0, 0, 0, 0, 0, 0, 0, 0, 0, 0, 0, 0
L1-D.stores-where-L1 = 5233304, 5138754, 5137422, 5138056, 5138146, 5138811, 5137470, 5138389, 5137426, 5138086, 5137906, 5138583, 5138087, 5137532, 5137217, 5137740
L1-D.stores-where-L1_S = 0, 0, 0, 0, 0, 0, 0, 0, 0, 0, 0, 0, 0, 0, 0, 0
L1-D.stores-where-L1I = 0, 0, 0, 0, 0, 0, 0, 0, 0, 0, 0, 0, 0, 0, 0, 0
L1-D.stores-where-L2 = 174832, 172037, 173204, 172541, 172342, 171677, 173012, 172337, 173062, 172398, 172445, 171903, 172259, 172818, 173243, 172602
L1-D.stores-where-L2_S = 0, 0, 0, 0, 0, 0, 0, 0, 0, 0, 0, 0, 0, 0, 0, 0
L1-D.stores-where-L3 = 0, 0, 0, 0, 0, 0, 0, 0, 0, 0, 0, 0, 0, 0, 0, 0
L1-D.stores-where-L3_S = 0, 0, 0, 0, 0, 0, 0, 0, 0, 0, 0, 0, 0, 0, 0, 0
L1-D.stores-where-L4 = 0, 0, 0, 0, 0, 0, 0, 0, 0, 0, 0, 0, 0, 0, 0, 0
L1-D.stores-where-L4_S = 0, 0, 0, 0, 0, 0, 0, 0, 0, 0, 0, 0, 0, 0, 0, 0
L1-D.stores-where-miss = 0, 0, 0, 0, 0, 0, 0, 0, 0, 0, 0, 0, 0, 0, 0, 0
L1-D.stores-where-nuca-cache = 0, 0, 0, 0, 0, 0, 0, 0, 0, 0, 0, 0, 0, 0, 0, 0
L1-D.stores-where-nuca-local = 0, 0, 0, 0, 0, 0, 0, 0, 0, 0, 0, 0, 0, 0, 0, 0
L1-D.stores-where-nuca-remote = 0, 0, 0, 0, 0, 0, 0, 0, 0, 0, 0, 0, 0, 0, 0, 0
L1-D.stores-where-predicate-false = 0, 0, 0, 0, 0, 0, 0, 0, 0, 0, 0, 0, 0, 0, 0, 0
L1-D.stores-where-prefetch-no-mapping = 0, 0, 0, 0, 0, 0, 0, 0, 0, 0, 0, 0, 0, 0, 0, 0
L1-D.stores-where-unknown = 0, 0, 0, 0, 0, 0, 0, 0, 0, 0, 0, 0, 0, 0, 0, 0
L1-D.total-latency = 17092852086935, 15047865131561, 15052151171899, 15436317152963, 15715299705093, 15263007250637, 15787687834415, 15430248719675, 15993487327588, 15264196881801, 15627838311739, 16226634076035, 15130208899061, 15923735572818, 19079002103170, 16434565785577
L1-I.access-mru-0 = 8371471, 8299367, 8298361, 8299238, 8299194, 8299196, 8299213, 8299282, 8299197, 8299201, 8299119, 8299180, 8299296, 8299126, 8299166, 8299103
L1-I.access-mru-1 = 446038, 437059, 437192, 435656, 437100, 435655, 437108, 437114, 437094, 437085, 437090, 435836, 435592, 437088, 437088, 435617
L1-I.access-mru-2 = 97036, 96761, 96762, 97079, 96761, 97076, 96762, 96764, 96763, 96763, 96763, 97078, 97078, 96763, 96763, 97078
L1-I.access-mru-3 = 322, 315, 315, 0, 315, 0, 315, 315, 315, 315, 315, 0, 0, 315, 315, 0
L1-I.backinval-D = 0, 0, 0, 0, 0, 0, 0, 0, 0, 0, 0, 0, 0, 0, 0, 0
L1-I.backinval-E = 2396, 248, 1341, 299, 19, 6, 48, 114, 276, 37, 529, 692, 2733, 315, 644, 203
L1-I.backinval-I = 0, 0, 0, 0, 0, 0, 0, 0, 0, 0, 0, 0, 0, 0, 0, 0
L1-I.backinval-M = 0, 0, 0, 0, 0, 0, 0, 0, 0, 0, 0, 0, 0, 0, 0, 0
L1-I.backinval-O = 0, 0, 0, 0, 0, 0, 0, 0, 0, 0, 0, 0, 0, 0, 0, 0
L1-I.backinval-S = 89154, 89199, 88851, 90503, 89327, 90786, 89263, 89284, 89074, 89298, 88780, 89909, 87782, 88988, 88689, 90566
L1-I.backinval-u = 0, 0, 0, 0, 0, 0, 0, 0, 0, 0, 0, 0, 0, 0, 0, 0
L1-I.coherency-downgrades = 671, 5500, 3329, 1358, 193, 424, 458, 6147, 1036, 2746, 835, 2380, 3713, 1829, 1105, 3070
L1-I.coherency-invalidates = 10, 35, 18, 25, 4, 1, 5, 42, 3, 17, 3, 19, 116, 2, 24, 23
L1-I.coherency-upgrades = 0, 0, 0, 0, 0, 0, 0, 0, 0, 0, 0, 0, 0, 0, 0, 0
L1-I.coherency-writebacks = 0, 0, 0, 0, 0, 0, 0, 0, 0, 0, 0, 0, 0, 0, 0, 0
L1-I.evict-D = 0, 0, 0, 0, 0, 0, 0, 0, 0, 0, 0, 0, 0, 0, 0, 0
L1-I.evict-E = 0, 0, 0, 0, 0, 0, 0, 0, 0, 0, 0, 0, 0, 0, 0, 0
L1-I.evict-I = 0, 0, 0, 0, 0, 0, 0, 0, 0, 0, 0, 0, 0, 0, 0, 0
L1-I.evict-M = 0, 0, 0, 0, 0, 0, 0, 0, 0, 0, 0, 0, 0, 0, 0, 0
L1-I.evict-O = 0, 0, 0, 0, 0, 0, 0, 0, 0, 0, 0, 0, 0, 0, 0, 0
L1-I.evict-prefetch = 0, 0, 0, 0, 0, 0, 0, 0, 0, 0, 0, 0, 0, 0, 0, 0
L1-I.evict-S = 0, 0, 0, 0, 0, 0, 0, 0, 0, 0, 0, 0, 0, 0, 0, 0
L1-I.evict-u = 0, 0, 0, 0, 0, 0, 0, 0, 0, 0, 0, 0, 0, 0, 0, 0
L1-I.evict-warmup = 0, 0, 0, 0, 0, 0, 0, 0, 0, 0, 0, 0, 0, 0, 0, 0
L1-I.hits-prefetch = 0, 0, 0, 0, 0, 0, 0, 0, 0, 0, 0, 0, 0, 0, 0, 0
L1-I.hits-warmup = 0, 0, 0, 0, 0, 0, 0, 0, 0, 0, 0, 0, 0, 0, 0, 0
L1-I.invalidate-prefetch = 0, 0, 0, 0, 0, 0, 0, 0, 0, 0, 0, 0, 0, 0, 0, 0
L1-I.invalidate-warmup = 0, 0, 0, 0, 0, 0, 0, 0, 0, 0, 0, 0, 0, 0, 0, 0
L1-I.load-misses = 91705, 89645, 90366, 90985, 89507, 90950, 89471, 89596, 89509, 89508, 89468, 90777, 90789, 89462, 89511, 90949
L1-I.load-misses-D = 0, 0, 0, 0, 0, 0, 0, 0, 0, 0, 0, 0, 0, 0, 0, 0
L1-I.load-misses-E = 0, 0, 0, 0, 0, 0, 0, 0, 0, 0, 0, 0, 0, 0, 0, 0
L1-I.load-misses-I = 91705, 89645, 90366, 90985, 89507, 90950, 89471, 89596, 89509, 89508, 89468, 90777, 90789, 89462, 89511, 90949
L1-I.load-misses-M = 0, 0, 0, 0, 0, 0, 0, 0, 0, 0, 0, 0, 0, 0, 0, 0
L1-I.load-misses-O = 0, 0, 0, 0, 0, 0, 0, 0, 0, 0, 0, 0, 0, 0, 0, 0
L1-I.load-misses-S = 0, 0, 0, 0, 0, 0, 0, 0, 0, 0, 0, 0, 0, 0, 0, 0
L1-I.load-misses-u = 0, 0, 0, 0, 0, 0, 0, 0, 0, 0, 0, 0, 0, 0, 0, 0
L1-I.load-overlapping-misses = 0, 0, 0, 0, 0, 0, 0, 0, 0, 0, 0, 0, 0, 0, 0, 0
L1-I.loads = 9006572, 8923147, 8922996, 8922958, 8922877, 8922877, 8922869, 8923071, 8922878, 8922872, 8922755, 8922871, 8922755, 8922754, 8922843, 8922747
L1-I.loads-D = 0, 0, 0, 0, 0, 0, 0, 0, 0, 0, 0, 0, 0, 0, 0, 0
L1-I.loads-E = 91042, 134815, 124010, 48511, 778, 1058, 1390, 135083, 20058, 45836, 17643, 72887, 356463, 49721, 64981, 124346
L1-I.loads-I = 91705, 89645, 90366, 90985, 89507, 90950, 89471, 89596, 89509, 89508, 89468, 90777, 90789, 89462, 89511, 90949
L1-I.loads-M = 0, 0, 0, 0, 0, 0, 0, 0, 0, 0, 0, 0, 0, 0, 0, 0
L1-I.loads-O = 0, 0, 0, 0, 0, 0, 0, 0, 0, 0, 0, 0, 0, 0, 0, 0
L1-I.loads-prefetch = 0, 0, 0, 0, 0, 0, 0, 0, 0, 0, 0, 0, 0, 0, 0, 0
L1-I.loads-S = 8823825, 8698687, 8708620, 8783462, 8832592, 8830869, 8832008, 8698392, 8813311, 8787528, 8815644, 8759207, 8475503, 8783571, 8768351, 8707452
L1-I.loads-u = 0, 0, 0, 0, 0, 0, 0, 0, 0, 0, 0, 0, 0, 0, 0, 0
L1-I.loads-where-cache-remote = 454, 3388, 2554, 3486, 3014, 3152, 4941, 1542, 956, 2584, 719, 1488, 1746, 2505, 1186, 1077
L1-I.loads-where-dram = 0, 0, 0, 0, 0, 0, 0, 0, 0, 0, 0, 0, 0, 0, 0, 0
L1-I.loads-where-dram-cache = 0, 0, 0, 0, 0, 0, 0, 0, 0, 0, 0, 0, 0, 0, 0, 0
L1-I.loads-where-dram-local = 271, 0, 0, 0, 5, 0, 0, 0, 11, 0, 0, 0, 36, 0, 0, 0
L1-I.loads-where-dram-remote = 793, 111, 32, 4, 11, 18, 53, 65, 26, 89, 31, 11, 122, 1, 16, 11
L1-I.loads-where-L1 = 0, 0, 0, 0, 0, 0, 0, 0, 0, 0, 0, 0, 0, 0, 0, 0
L1-I.loads-where-L1_S = 0, 0, 0, 0, 0, 0, 0, 0, 0, 0, 0, 0, 0, 0, 0, 0
L1-I.loads-where-L1I = 8914867, 8833502, 8832630, 8831973, 8833370, 8831927, 8833398, 8833475, 8833369, 8833364, 8833287, 8832094, 8831966, 8833292, 8833332, 8831798
L1-I.loads-where-L2 = 0, 0, 0, 0, 0, 0, 0, 0, 0, 0, 0, 0, 0, 0, 0, 0
L1-I.loads-where-L2_S = 0, 0, 0, 0, 0, 0, 0, 0, 0, 0, 0, 0, 0, 0, 0, 0
L1-I.loads-where-L3 = 0, 0, 0, 0, 0, 0, 0, 0, 0, 0, 0, 0, 0, 0, 0, 0
L1-I.loads-where-L3_S = 0, 0, 0, 0, 0, 0, 0, 0, 0, 0, 0, 0, 0, 0, 0, 0
L1-I.loads-where-L4 = 0, 0, 0, 0, 0, 0, 0, 0, 0, 0, 0, 0, 0, 0, 0, 0
L1-I.loads-where-L4_S = 0, 0, 0, 0, 0, 0, 0, 0, 0, 0, 0, 0, 0, 0, 0, 0
L1-I.loads-where-miss = 0, 0, 0, 0, 0, 0, 0, 0, 0, 0, 0, 0, 0, 0, 0, 0
L1-I.loads-where-nuca-cache = 90187, 86146, 87780, 87495, 86477, 87780, 84477, 87989, 88516, 86835, 88718, 89278, 88885, 86956, 88309, 89861
L1-I.loads-where-nuca-local = 0, 0, 0, 0, 0, 0, 0, 0, 0, 0, 0, 0, 0, 0, 0, 0
L1-I.loads-where-nuca-remote = 0, 0, 0, 0, 0, 0, 0, 0, 0, 0, 0, 0, 0, 0, 0, 0
L1-I.loads-where-predicate-false = 0, 0, 0, 0, 0, 0, 0, 0, 0, 0, 0, 0, 0, 0, 0, 0
L1-I.loads-where-prefetch-no-mapping = 0, 0, 0, 0, 0, 0, 0, 0, 0, 0, 0, 0, 0, 0, 0, 0
L1-I.loads-where-unknown = 0, 0, 0, 0, 0, 0, 0, 0, 0, 0, 0, 0, 0, 0, 0, 0
L1-I.mshr-latency = 0, 0, 0, 0, 0, 0, 0, 0, 0, 0, 0, 0, 0, 0, 0, 0
L1-I.next_read.no-free-slots = 0, 0, 0, 0, 0, 0, 0, 0, 0, 0, 0, 0, 0, 0, 0, 0
L1-I.next_read.num-barriers = 0, 0, 0, 0, 0, 0, 0, 0, 0, 0, 0, 0, 0, 0, 0, 0
L1-I.next_read.num-requests = 0, 0, 0, 0, 0, 0, 0, 0, 0, 0, 0, 0, 0, 0, 0, 0
L1-I.next_read.requests-out-of-order = 0, 0, 0, 0, 0, 0, 0, 0, 0, 0, 0, 0, 0, 0, 0, 0
L1-I.next_read.requests-simultaneous = 0, 0, 0, 0, 0, 0, 0, 0, 0, 0, 0, 0, 0, 0, 0, 0
L1-I.next_read.total-barrier-delay = 0, 0, 0, 0, 0, 0, 0, 0, 0, 0, 0, 0, 0, 0, 0, 0
L1-I.next_read.total-delay = 0, 0, 0, 0, 0, 0, 0, 0, 0, 0, 0, 0, 0, 0, 0, 0
L1-I.prefetches = 0, 0, 0, 0, 0, 0, 0, 0, 0, 0, 0, 0, 0, 0, 0, 0
L1-I.qbs-query-latency = 0, 0, 0, 0, 0, 0, 0, 0, 0, 0, 0, 0, 0, 0, 0, 0
L1-I.snoop-latency = 0, 0, 0, 0, 0, 0, 0, 0, 0, 0, 0, 0, 0, 0, 0, 0
L1-I.store-misses = 0, 0, 0, 0, 0, 0, 0, 0, 0, 0, 0, 0, 0, 0, 0, 0
L1-I.store-misses-D = 0, 0, 0, 0, 0, 0, 0, 0, 0, 0, 0, 0, 0, 0, 0, 0
L1-I.store-misses-E = 0, 0, 0, 0, 0, 0, 0, 0, 0, 0, 0, 0, 0, 0, 0, 0
L1-I.store-misses-I = 0, 0, 0, 0, 0, 0, 0, 0, 0, 0, 0, 0, 0, 0, 0, 0
L1-I.store-misses-M = 0, 0, 0, 0, 0, 0, 0, 0, 0, 0, 0, 0, 0, 0, 0, 0
L1-I.store-misses-O = 0, 0, 0, 0, 0, 0, 0, 0, 0, 0, 0, 0, 0, 0, 0, 0
L1-I.store-misses-S = 0, 0, 0, 0, 0, 0, 0, 0, 0, 0, 0, 0, 0, 0, 0, 0
L1-I.store-misses-u = 0, 0, 0, 0, 0, 0, 0, 0, 0, 0, 0, 0, 0, 0, 0, 0
L1-I.store-overlapping-misses = 0, 0, 0, 0, 0, 0, 0, 0, 0, 0, 0, 0, 0, 0, 0, 0
L1-I.stores = 0, 0, 0, 0, 0, 0, 0, 0, 0, 0, 0, 0, 0, 0, 0, 0
L1-I.stores-D = 0, 0, 0, 0, 0, 0, 0, 0, 0, 0, 0, 0, 0, 0, 0, 0
L1-I.stores-E = 0, 0, 0, 0, 0, 0, 0, 0, 0, 0, 0, 0, 0, 0, 0, 0
L1-I.stores-I = 0, 0, 0, 0, 0, 0, 0, 0, 0, 0, 0, 0, 0, 0, 0, 0
L1-I.stores-M = 0, 0, 0, 0, 0, 0, 0, 0, 0, 0, 0, 0, 0, 0, 0, 0
L1-I.stores-O = 0, 0, 0, 0, 0, 0, 0, 0, 0, 0, 0, 0, 0, 0, 0, 0
L1-I.stores-prefetch = 0, 0, 0, 0, 0, 0, 0, 0, 0, 0, 0, 0, 0, 0, 0, 0
L1-I.stores-S = 0, 0, 0, 0, 0, 0, 0, 0, 0, 0, 0, 0, 0, 0, 0, 0
L1-I.stores-u = 0, 0, 0, 0, 0, 0, 0, 0, 0, 0, 0, 0, 0, 0, 0, 0
L1-I.stores-where-cache-remote = 0, 0, 0, 0, 0, 0, 0, 0, 0, 0, 0, 0, 0, 0, 0, 0
L1-I.stores-where-dram = 0, 0, 0, 0, 0, 0, 0, 0, 0, 0, 0, 0, 0, 0, 0, 0
L1-I.stores-where-dram-cache = 0, 0, 0, 0, 0, 0, 0, 0, 0, 0, 0, 0, 0, 0, 0, 0
L1-I.stores-where-dram-local = 0, 0, 0, 0, 0, 0, 0, 0, 0, 0, 0, 0, 0, 0, 0, 0
L1-I.stores-where-dram-remote = 0, 0, 0, 0, 0, 0, 0, 0, 0, 0, 0, 0, 0, 0, 0, 0
L1-I.stores-where-L1 = 0, 0, 0, 0, 0, 0, 0, 0, 0, 0, 0, 0, 0, 0, 0, 0
L1-I.stores-where-L1_S = 0, 0, 0, 0, 0, 0, 0, 0, 0, 0, 0, 0, 0, 0, 0, 0
L1-I.stores-where-L1I = 0, 0, 0, 0, 0, 0, 0, 0, 0, 0, 0, 0, 0, 0, 0, 0
L1-I.stores-where-L2 = 0, 0, 0, 0, 0, 0, 0, 0, 0, 0, 0, 0, 0, 0, 0, 0
L1-I.stores-where-L2_S = 0, 0, 0, 0, 0, 0, 0, 0, 0, 0, 0, 0, 0, 0, 0, 0
L1-I.stores-where-L3 = 0, 0, 0, 0, 0, 0, 0, 0, 0, 0, 0, 0, 0, 0, 0, 0
L1-I.stores-where-L3_S = 0, 0, 0, 0, 0, 0, 0, 0, 0, 0, 0, 0, 0, 0, 0, 0
L1-I.stores-where-L4 = 0, 0, 0, 0, 0, 0, 0, 0, 0, 0, 0, 0, 0, 0, 0, 0
L1-I.stores-where-L4_S = 0, 0, 0, 0, 0, 0, 0, 0, 0, 0, 0, 0, 0, 0, 0, 0
L1-I.stores-where-miss = 0, 0, 0, 0, 0, 0, 0, 0, 0, 0, 0, 0, 0, 0, 0, 0
L1-I.stores-where-nuca-cache = 0, 0, 0, 0, 0, 0, 0, 0, 0, 0, 0, 0, 0, 0, 0, 0
L1-I.stores-where-nuca-local = 0, 0, 0, 0, 0, 0, 0, 0, 0, 0, 0, 0, 0, 0, 0, 0
L1-I.stores-where-nuca-remote = 0, 0, 0, 0, 0, 0, 0, 0, 0, 0, 0, 0, 0, 0, 0, 0
L1-I.stores-where-predicate-false = 0, 0, 0, 0, 0, 0, 0, 0, 0, 0, 0, 0, 0, 0, 0, 0
L1-I.stores-where-prefetch-no-mapping = 0, 0, 0, 0, 0, 0, 0, 0, 0, 0, 0, 0, 0, 0, 0, 0
L1-I.stores-where-unknown = 0, 0, 0, 0, 0, 0, 0, 0, 0, 0, 0, 0, 0, 0, 0, 0
L1-I.total-latency = 3427541997373, 3240140746094, 3317559226946, 3412832629298, 3202157907980, 3245726023370, 3140282414287, 3212516046309, 3208759824128, 3197169597312, 3255754310334, 3325289396302, 3365048827630, 3224847887015, 3201445536678, 3359138948875
l1misslat = 47919073.181
L2.access-mru-0 = 0, 0, 0, 0, 0, 0, 0, 0, 0, 0, 0, 0, 0, 0, 0, 0
L2.access-mru-1 = 0, 0, 0, 0, 0, 0, 0, 0, 0, 0, 0, 0, 0, 0, 0, 0
L2.access-mru-2 = 1, 0, 0, 0, 0, 0, 0, 0, 0, 0, 0, 0, 0, 0, 0, 0
L2.access-mru-3 = 1, 0, 0, 0, 0, 0, 0, 0, 0, 0, 0, 0, 0, 0, 0, 0
L2.backinval-D = 0, 0, 0, 0, 0, 0, 0, 0, 0, 0, 0, 0, 0, 0, 0, 0
L2.backinval-E = 0, 0, 0, 0, 0, 0, 0, 0, 0, 0, 0, 0, 0, 0, 0, 0
L2.backinval-I = 0, 0, 0, 0, 0, 0, 0, 0, 0, 0, 0, 0, 0, 0, 0, 0
L2.backinval-M = 0, 0, 0, 0, 0, 0, 0, 0, 0, 0, 0, 0, 0, 0, 0, 0
L2.backinval-O = 0, 0, 0, 0, 0, 0, 0, 0, 0, 0, 0, 0, 0, 0, 0, 0
L2.backinval-S = 0, 0, 0, 0, 0, 0, 0, 0, 0, 0, 0, 0, 0, 0, 0, 0
L2.backinval-u = 0, 0, 0, 0, 0, 0, 0, 0, 0, 0, 0, 0, 0, 0, 0, 0
L2.coherency-downgrades = 1212, 12609, 7326, 3629, 400, 1238, 1342, 11229, 1883, 5800, 1303, 5563, 7771, 2774, 2254, 6295
L2.coherency-invalidates = 166, 96, 145, 194, 160, 121, 73, 111, 57, 81, 120, 232, 260, 121, 116, 139
L2.coherency-upgrades = 40, 8, 9, 11, 8, 12, 11, 13, 7, 10, 7, 9, 8, 8, 7, 8
L2.coherency-writebacks = 620, 192, 439, 752, 526, 736, 384, 231, 254, 291, 550, 914, 694, 421, 510, 518
L2.evict-D = 0, 0, 0, 0, 0, 0, 0, 0, 0, 0, 0, 0, 0, 0, 0, 0
L2.evict-E = 26231, 15231, 20086, 22145, 14971, 16945, 14958, 14791, 15301, 14627, 15607, 18634, 23702, 15464, 15966, 17475
L2.evict-I = 0, 0, 0, 0, 0, 0, 0, 0, 0, 0, 0, 0, 0, 0, 0, 0
L2.evict-M = 174353, 172036, 172915, 171938, 171966, 171087, 172777, 172255, 172962, 172255, 172046, 171139, 171710, 172546, 172880, 172237
L2.evict-O = 0, 0, 0, 0, 0, 0, 0, 0, 0, 0, 0, 0, 0, 0, 0, 0
L2.evict-prefetch = 0, 0, 0, 0, 0, 0, 0, 0, 0, 0, 0, 0, 0, 0, 0, 0
L2.evict-S = 197557, 197471, 196597, 198426, 197712, 199142, 197599, 197654, 197448, 197835, 196931, 197047, 191908, 197119, 196849, 198493
L2.evict-u = 0, 0, 0, 0, 0, 0, 0, 0, 0, 0, 0, 0, 0, 0, 0, 0
L2.evict-warmup = 0, 0, 0, 0, 0, 0, 0, 0, 0, 0, 0, 0, 0, 0, 0, 0
L2.hits-prefetch = 0, 0, 0, 0, 0, 0, 0, 0, 0, 0, 0, 0, 0, 0, 0, 0
L2.hits-warmup = 0, 0, 0, 0, 0, 0, 0, 0, 0, 0, 0, 0, 0, 0, 0, 0
L2.invalidate-prefetch = 0, 0, 0, 0, 0, 0, 0, 0, 0, 0, 0, 0, 0, 0, 0, 0
L2.invalidate-warmup = 0, 0, 0, 0, 0, 0, 0, 0, 0, 0, 0, 0, 0, 0, 0, 0
L2.load-misses = 259776, 247791, 251646, 253539, 247796, 249033, 247556, 247562, 247890, 247395, 247771, 248795, 248449, 247834, 248559, 249236
L2.load-misses-D = 0, 0, 0, 0, 0, 0, 0, 0, 0, 0, 0, 0, 0, 0, 0, 0
L2.load-misses-E = 322, 313, 313, 313, 313, 313, 313, 314, 313, 313, 313, 313, 313, 313, 313, 313
L2.load-misses-I = 259439, 247477, 251331, 253223, 247481, 248717, 247242, 247246, 247575, 247079, 247456, 248480, 248134, 247519, 248245, 248921
L2.load-misses-M = 0, 0, 0, 0, 0, 0, 0, 0, 0, 0, 0, 0, 0, 0, 0, 0
L2.load-misses-O = 0, 0, 0, 0, 0, 0, 0, 0, 0, 0, 0, 0, 0, 0, 0, 0
L2.load-misses-S = 15, 1, 2, 3, 2, 3, 1, 2, 2, 3, 2, 2, 2, 2, 1, 2
L2.load-misses-u = 0, 0, 0, 0, 0, 0, 0, 0, 0, 0, 0, 0, 0, 0, 0, 0
L2.load-overlapping-misses = 7, 167, 150, 37, 164, 29, 230, 199, 262, 275, 241, 243, 49, 281, 305, 56
L2.loads = 259778, 247791, 251646, 253539, 247796, 249033, 247556, 247562, 247890, 247395, 247771, 248795, 248449, 247834, 248559, 249236
L2.loads-D = 0, 0, 0, 0, 0, 0, 0, 0, 0, 0, 0, 0, 0, 0, 0, 0
L2.loads-E = 324, 313, 313, 313, 313, 313, 313, 314, 313, 313, 313, 313, 313, 313, 313, 313
L2.loads-I = 259439, 247477, 251331, 253223, 247481, 248717, 247242, 247246, 247575, 247079, 247456, 248480, 248134, 247519, 248245, 248921
L2.loads-M = 0, 0, 0, 0, 0, 0, 0, 0, 0, 0, 0, 0, 0, 0, 0, 0
L2.loads-O = 0, 0, 0, 0, 0, 0, 0, 0, 0, 0, 0, 0, 0, 0, 0, 0
L2.loads-prefetch = 0, 0, 0, 0, 0, 0, 0, 0, 0, 0, 0, 0, 0, 0, 0, 0
L2.loads-S = 15, 1, 2, 3, 2, 3, 1, 2, 2, 3, 2, 2, 2, 2, 1, 2
L2.loads-u = 0, 0, 0, 0, 0, 0, 0, 0, 0, 0, 0, 0, 0, 0, 0, 0
L2.mshr-latency = 0, 0, 0, 0, 0, 0, 0, 0, 0, 0, 0, 0, 0, 0, 0, 0
L2.next_read.no-free-slots = 0, 0, 0, 0, 0, 0, 0, 0, 0, 0, 0, 0, 0, 0, 0, 0
L2.next_read.num-barriers = 0, 0, 0, 0, 0, 0, 0, 0, 0, 0, 0, 0, 0, 0, 0, 0
L2.next_read.num-requests = 0, 0, 0, 0, 0, 0, 0, 0, 0, 0, 0, 0, 0, 0, 0, 0
L2.next_read.requests-out-of-order = 0, 0, 0, 0, 0, 0, 0, 0, 0, 0, 0, 0, 0, 0, 0, 0
L2.next_read.requests-simultaneous = 0, 0, 0, 0, 0, 0, 0, 0, 0, 0, 0, 0, 0, 0, 0, 0
L2.next_read.total-barrier-delay = 0, 0, 0, 0, 0, 0, 0, 0, 0, 0, 0, 0, 0, 0, 0, 0
L2.next_read.total-delay = 0, 0, 0, 0, 0, 0, 0, 0, 0, 0, 0, 0, 0, 0, 0, 0
L2.prefetches = 0, 0, 0, 0, 0, 0, 0, 0, 0, 0, 0, 0, 0, 0, 0, 0
L2.qbs-query-latency = 0, 0, 0, 0, 0, 0, 0, 0, 0, 0, 0, 0, 0, 0, 0, 0
L2.snoop-latency = 0, 0, 0, 0, 0, 0, 0, 0, 0, 0, 0, 0, 0, 0, 0, 0
L2.store-misses = 174832, 172037, 173204, 172541, 172342, 171677, 173012, 172337, 173062, 172398, 172445, 171903, 172259, 172818, 173243, 172602
L2.store-misses-D = 0, 0, 0, 0, 0, 0, 0, 0, 0, 0, 0, 0, 0, 0, 0, 0
L2.store-misses-E = 34807, 33975, 33839, 31792, 33974, 31847, 33946, 34022, 34102, 33874, 34135, 31902, 31602, 34153, 34654, 32147
L2.store-misses-I = 139999, 138055, 139357, 140740, 138361, 139821, 139056, 138303, 138955, 138517, 138305, 139992, 140650, 138659, 138583, 140448
L2.store-misses-M = 0, 0, 0, 0, 0, 0, 0, 0, 0, 0, 0, 0, 0, 0, 0, 0
L2.store-misses-O = 0, 0, 0, 0, 0, 0, 0, 0, 0, 0, 0, 0, 0, 0, 0, 0
L2.store-misses-S = 26, 7, 8, 9, 7, 9, 10, 12, 5, 7, 5, 9, 7, 6, 6, 7
L2.store-misses-u = 0, 0, 0, 0, 0, 0, 0, 0, 0, 0, 0, 0, 0, 0, 0, 0
L2.store-overlapping-misses = 6859, 6752, 6329, 6161, 6570, 6761, 7182, 6161, 5983, 5759, 5991, 5162, 4737, 5824, 5936, 5591
L2.stores = 174832, 172037, 173204, 172541, 172342, 171677, 173012, 172337, 173062, 172398, 172445, 171903, 172259, 172818, 173243, 172602
L2.stores-D = 0, 0, 0, 0, 0, 0, 0, 0, 0, 0, 0, 0, 0, 0, 0, 0
L2.stores-E = 34807, 33975, 33839, 31792, 33974, 31847, 33946, 34022, 34102, 33874, 34135, 31902, 31602, 34153, 34654, 32147
L2.stores-I = 139999, 138055, 139357, 140740, 138361, 139821, 139056, 138303, 138955, 138517, 138305, 139992, 140650, 138659, 138583, 140448
L2.stores-M = 0, 0, 0, 0, 0, 0, 0, 0, 0, 0, 0, 0, 0, 0, 0, 0
L2.stores-O = 0, 0, 0, 0, 0, 0, 0, 0, 0, 0, 0, 0, 0, 0, 0, 0
L2.stores-prefetch = 0, 0, 0, 0, 0, 0, 0, 0, 0, 0, 0, 0, 0, 0, 0, 0
L2.stores-S = 26, 7, 8, 9, 7, 9, 10, 12, 5, 7, 5, 9, 7, 6, 6, 7
L2.stores-u = 0, 0, 0, 0, 0, 0, 0, 0, 0, 0, 0, 0, 0, 0, 0, 0
L2.total-latency = 0, 0, 0, 0, 0, 0, 0, 0, 0, 0, 0, 0, 0, 0, 0, 0
L2.uncore-requests = 399477, 385539, 390696, 393974, 385850, 388549, 386306, 385562, 386535, 385605, 385768, 388482, 388793, 386186, 386834, 389377
L2.uncore-time-dram = 0, 0, 0, 0, 0, 0, 0, 0, 0, 0, 0, 0, 0, 0, 0, 0
L2.uncore-time-dram-bus = 82101148240, 23045640584, 27631166728, 27116980892, 23121504068, 25675574696, 22750615924, 23610402076, 26400492432, 23433387280, 24116158636, 25827301664, 27487869036, 25684003972, 24251027052, 26805097680
L2.uncore-time-dram-cache = 0, 0, 0, 0, 0, 0, 0, 0, 0, 0, 0, 0, 0, 0, 0, 0
L2.uncore-time-dram-cache-bus = 0, 0, 0, 0, 0, 0, 0, 0, 0, 0, 0, 0, 0, 0, 0, 0
L2.uncore-time-dram-cache-data = 0, 0, 0, 0, 0, 0, 0, 0, 0, 0, 0, 0, 0, 0, 0, 0
L2.uncore-time-dram-cache-queue = 0, 0, 0, 0, 0, 0, 0, 0, 0, 0, 0, 0, 0, 0, 0, 0
L2.uncore-time-dram-cache-tags = 0, 0, 0, 0, 0, 0, 0, 0, 0, 0, 0, 0, 0, 0, 0, 0
L2.uncore-time-dram-device = 438300000000, 123030000000, 147510000000, 144765000000, 123435000000, 137070000000, 121455000000, 126045000000, 140940000000, 125100000000, 128745000000, 137880000000, 146745000000, 137115000000, 129465000000, 143100000000
L2.uncore-time-dram-queue = 1994763088162, 1132817199633, 688226528512, 777316054019, 898613429428, 1117383069485, 1524621760789, 1144741436970, 1410345589734, 356347708619, 1416744189650, 1643226465670, 331098795038, 1840872218224, 1050539403770, 1706407757954
L2.uncore-time-inv-imbalance = 554675137, 15425246, 112147492, 76000751, 82083663, 23609735, 317232340, 218203660, 35529616, 88203058, 101175153, 46053786, 101799995, 15207225, 20967934, 19571246
L2.uncore-time-noc-base = 6495049411205, 5907935169719, 6125058839444, 6250396986183, 4392374799657, 4132939767319, 4023488170099, 4219341775571, 4243851569077, 4067226902308, 3984829555820, 4201889477169, 6410868329989, 5769769406067, 7646445360244, 6068574263514
L2.uncore-time-noc-queue = 5623823057472, 5406852479470, 5585973128940, 5823602435558, 7763670948624, 7342292126713, 7544025838834, 7401051863481, 7630942178999, 8175241286403, 7584364607671, 7767125265447, 5804126224125, 5649596810991, 7675478623012, 6058707134957
L2.uncore-time-nuca-bus = 14212750112, 15531901079, 13322643841, 14753385815, 15791217554, 18560851970, 16233359319, 16811881677, 15279402282, 18027616921, 15553097040, 15815575265, 14639087708, 14481601190, 14422499040, 14030096235
L2.uncore-time-nuca-data = 1168696646860, 1125570559624, 1151594886746, 1152248966782, 1135462560499, 1139201779347, 1122914157573, 1139998277888, 1148127795991, 1133554217807, 1147218569543, 1148570775160, 1147902152360, 1138276107424, 1147225458957, 1154299340412
L2.uncore-time-nuca-ecc = 0, 0, 0, 0, 0, 0, 0, 0, 0, 0, 0, 0, 0, 0, 0, 0
L2.uncore-time-nuca-queue = 388950245296, 374518173328, 383266703568, 383492924144, 377865437072, 379051593632, 373607285168, 379387921568, 382109575312, 377171760704, 381814287392, 382259721712, 382047514800, 378843390624, 381813286416, 384176590752
L2.uncore-time-nuca-tags = 299481278058, 283373043786, 290353479138, 290477539008, 285894090720, 287012885184, 282662519076, 287081306082, 289374533982, 285400858752, 288948971034, 289436187978, 289424909808, 286857246438, 288960249204, 290963252196
L2.uncore-time-remote-cache-inv = 0, 0, 0, 0, 0, 0, 0, 0, 0, 0, 0, 0, 0, 0, 0, 0
L2.uncore-time-remote-cache-wb = 0, 0, 0, 0, 0, 0, 0, 0, 0, 0, 0, 0, 0, 0, 0, 0
L2.uncore-time-td-access = 1519233408630, 1490797382670, 1499304882240, 1525861213200, 1477323728910, 1497500375040, 1495989100260, 1471898929140, 1465793679780, 1479353799510, 1464391427310, 1490086857960, 1492545499020, 1478022975450, 1474361329590, 1485128222550
L2.uncore-time-unknown = 2331804000000, 2246628000000, 2297580000000, 2298786000000, 2265762000000, 2273850000000, 2241606000000, 2274690000000, 2290686000000, 2262588000000, 2288790000000, 2291568000000, 2290110000000, 2270910000000, 2288844000000, 2302872000000
L2.uncore-totaltime = 20356969709172, 18130114975139, 18209934406649, 18688893486352, 18759396800195, 18350561633121, 18769671039382, 18484876998113, 19043886347205, 18303533741362, 18725617039249, 19393731681811, 18337097181879, 18990443967605, 22121827205219, 19635083327496
ncores = 16
network.shmem-1.mesh.bytes-in = 54001456, 54566976, 52876998, 54654710, 54534720, 50096514, 52663782, 52721638, 53370968, 51555588, 52243468, 51913968, 56187738, 54741702, 53399762, 52572372
network.shmem-1.mesh.bytes-out = 51538262, 55844968, 52222972, 56696408, 55354798, 47767162, 53426682, 53109972, 52626272, 51805000, 50755202, 51053252, 57987142, 56499056, 53212706, 52202506
network.shmem-1.mesh.contention-delay = 8411440360731, 9189475515735, 8621028274398, 9349246486298, 8977303720988, 9444926282527, 8578905577928, 9037761271826, 8591617574513, 9976688431833, 8674998992982, 9534487095166, 9038234352792, 9304325934324, 12755111122665, 9319846262885
network.shmem-1.mesh.link-down.num-requests = 0, 0, 0, 0, 862624, 923693, 864201, 948314, 1200451, 1141822, 1176390, 1224843, 907619, 871199, 878218, 918041
network.shmem-1.mesh.link-down.num-requests-analytical = 0, 0, 0, 0, 420, 427, 338, 350, 1307, 505, 475, 564, 753, 328, 218, 404
network.shmem-1.mesh.link-down.total-queue-delay = 0, 0, 0, 0, 2147242423219, 2303647091772, 2266997119219, 2222072234111, 2056417459126, 2247593512854, 2075933279533, 2035025823958, 348474763268, 572055597538, 519750441948, 349395990979
network.shmem-1.mesh.link-down.total-time-used = 0, 0, 0, 0, 1905217732760, 1913110875502, 1862915598726, 1906100020540, 2562327630290, 2445881748188, 2497934276172, 2530007607378, 1963309609258, 1882198700554, 1896136293428, 1963959199630
network.shmem-1.mesh.link-in.num-requests = 1103868, 1135413, 1101495, 1153579, 1129862, 1050352, 1108414, 1108069, 1105340, 1092682, 1080617, 1091996, 1164953, 1141631, 1112154, 1092771
network.shmem-1.mesh.link-in.num-requests-analytical = 648, 666, 477, 561, 835, 833, 635, 848, 837, 355, 645, 740, 614, 756, 616, 736
network.shmem-1.mesh.link-in.total-queue-delay = 1461627709056, 1487025299931, 1543200313665, 1436196131328, 1639242984939, 1380659391499, 1752589225763, 1718364237863, 1639971309754, 1894150153215, 1544376506554, 1391005306446, 1615545906546, 1687696417607, 1503495647918, 1407963168260
network.shmem-1.mesh.link-in.total-time-used = 2271237034608, 2460389303502, 2306462786826, 2496026970578, 2444254898932, 2115003156560, 2356713161852, 2345940838430, 2330750997448, 2290169742764, 2242461580270, 2259632270848, 2556568695070, 2485929874954, 2349530552532, 2287804501962
network.shmem-1.mesh.link-left.num-requests = 0, 924830, 1221560, 927511, 0, 896534, 1201391, 889702, 0, 895601, 1166075, 868729, 0, 924690, 1190184, 871371
network.shmem-1.mesh.link-left.num-requests-analytical = 0, 986, 847, 465, 0, 1110, 1025, 684, 0, 862, 952, 537, 0, 975, 964, 539
network.shmem-1.mesh.link-left.total-queue-delay = 0, 347412745489, 423894141210, 337354697156, 0, 356801363236, 489318686726, 247741361369, 0, 376310213429, 399547524885, 337072603632, 0, 370847984061, 395823240761, 317312356750
network.shmem-1.mesh.link-left.total-time-used = 0, 1977113224084, 2586030452176, 2003426207234, 0, 1860426629932, 2534744362954, 1885066660700, 0, 1859554437022, 2417442793258, 1806999699422, 0, 1964130511452, 2499073843368, 1822342574034
network.shmem-1.mesh.link-out.num-requests = 1078535, 1163401, 1083658, 1191236, 1165653, 992524, 1116248, 1101972, 1104320, 1076924, 1052860, 1058806, 1220863, 1185148, 1108258, 1072790
network.shmem-1.mesh.link-out.num-requests-analytical = 473, 537, 435, 469, 1819, 539, 451, 574, 1334, 409, 439, 503, 1806, 483, 452, 452
network.shmem-1.mesh.link-out.total-queue-delay = 3335782834985, 3232915937260, 3510101352420, 3455200473178, 5805226600790, 5529229684789, 5585389397441, 5248489407580, 5613705869915, 6053478031281, 5707945154438, 5727131232218, 3600139976050, 3319474469111, 5849663300128, 3608359117093
network.shmem-1.mesh.link-out.total-time-used = 2386913974066, 2400415617950, 2337144639068, 2400193321720, 2405822595246, 2224295112872, 2320885685464, 2327674196112, 2365743035656, 2278403003224, 2312317218872, 2299981889156, 2472174621218, 2403475435328, 2358309316652, 2305126704532
network.shmem-1.mesh.link-right.num-requests = 868901, 1177755, 884235, 0, 901926, 1145833, 872384, 0, 874175, 1161091, 858703, 0, 931305, 1231264, 920380, 0
network.shmem-1.mesh.link-right.num-requests-analytical = 484, 563, 376, 0, 467, 491, 392, 0, 456, 587, 310, 0, 241, 431, 379, 0
network.shmem-1.mesh.link-right.total-queue-delay = 337170328844, 425870288620, 335296634828, 0, 348083748271, 471428706074, 302837478999, 0, 331377964664, 495916986364, 316079513028, 0, 315929395945, 555380830412, 361077169377, 0
network.shmem-1.mesh.link-right.total-time-used = 1785612658894, 2496770148378, 1864130633970, 0, 1953382104468, 2391549007454, 1823048084968, 0, 1854409006906, 2469460369730, 1785700566794, 0, 2039978432094, 2696572234472, 1988527385360, 0
network.shmem-1.mesh.link-up.num-requests = 943886, 883581, 881509, 867381, 1240530, 1220488, 1147624, 1132689, 970144, 949181, 882251, 849051, 0, 0, 0, 0
network.shmem-1.mesh.link-up.num-requests-analytical = 1321, 333, 217, 348, 1744, 577, 357, 479, 1347, 390, 347, 323, 0, 0, 0, 0
network.shmem-1.mesh.link-up.total-queue-delay = 302774179167, 474847490641, 516242198614, 319911278767, 1807589019600, 2145428511816, 2321934089726, 1827086874755, 2371241675416, 2284522753146, 3747133012723, 2260851922544, 0, 0, 0, 0
network.shmem-1.mesh.link-up.total-time-used = 1981041358492, 1870844299662, 1882269015950, 1862638096134, 2583628085172, 2530474046072, 2471938390016, 2442793749558, 1954763456048, 1921394731390, 1873601477770, 1815096590874, 0, 0, 0, 0
network.shmem-1.mesh.packets-in = 1150344, 1242336, 1154181, 1274733, 1242304, 1054231, 1191445, 1174485, 1173460, 1147694, 1120394, 1126216, 1304011, 1267813, 1180975, 1152198
network.shmem-1.mesh.packets-out = 1175677, 1214348, 1172018, 1237076, 1206513, 1112059, 1183611, 1180582, 1174480, 1163452, 1148151, 1159406, 1248101, 1224296, 1184871, 1172179
network.shmem-1.mesh.total-delay = 13371222956191, 13920995639813, 13138082272574, 14624592708654, 13713346613834, 13264143354777, 12703872900444, 13598855232428, 13174061615451, 13993475476225, 12683358243452, 13964657403168, 14482866917894, 14092506506522, 17338009396697, 14198686699683
nuca-cache-queue.num-requests = 533855, 592466, 546679, 597356, 578743, 485061, 555208, 542522, 523518, 520524, 527440, 505809, 588659, 600992, 552564, 530828
nuca-cache-queue.num-requests-analytical = 0, 0, 0, 0, 0, 0, 0, 0, 0, 0, 0, 0, 0, 0, 0, 0
nuca-cache-queue.total-queue-delay = 13614654167, 19109787638, 14760604021, 19518876468, 17898826288, 16311179737, 15083599579, 16813180174, 13349698587, 17898918942, 12946192070, 13138125575, 18290425698, 21157303776, 17465511940, 14577895989
nuca-cache-queue.total-time-used = 534376042480, 593044246816, 547212558704, 597939019456, 579307853168, 485534419536, 555749883008, 543051501472, 524028953568, 521032031424, 527954781440, 506302669584, 589233531184, 601578568192, 553103302464, 531346088128
nuca-cache.access-mru-0 = 194303, 229191, 202626, 259003, 246751, 183520, 225665, 220393, 201958, 216972, 196408, 209773, 271869, 274151, 218722, 227839
nuca-cache.access-mru-1 = 10748, 11538, 12998, 14998, 13350, 8043, 11027, 9679, 13285, 13213, 12502, 10449, 15633, 15085, 14583, 12612
nuca-cache.access-mru-10 = 13683, 15148, 15881, 15361, 12456, 13685, 15273, 14407, 12320, 11910, 14332, 13299, 13788, 15351, 15082, 11476
nuca-cache.access-mru-11 = 15231, 17555, 16721, 16092, 13823, 13875, 16245, 15217, 12421, 11950, 14998, 14905, 15290, 16236, 16894, 12685
nuca-cache.access-mru-12 = 18630, 22204, 20630, 19528, 17699, 15575, 18853, 17289, 15103, 14174, 18841, 19488, 19094, 18850, 20309, 15845
nuca-cache.access-mru-13 = 23877, 27515, 25759, 22826, 20323, 18447, 22911, 21045, 20004, 17450, 24019, 24353, 23898, 22864, 23841, 20229
nuca-cache.access-mru-14 = 40189, 42608, 42387, 36358, 33921, 32253, 35608, 33709, 36485, 31481, 37111, 32863, 36296, 33213, 32598, 34766
nuca-cache.access-mru-15 = 124166, 130609, 121242, 111630, 108112, 114179, 115602, 118561, 125795, 116180, 106451, 98188, 104104, 102123, 101226, 100638
nuca-cache.access-mru-2 = 10262, 10357, 9521, 11533, 12718, 8410, 10613, 9661, 9603, 9743, 11236, 8955, 11297, 12427, 13483, 11553
nuca-cache.access-mru-3 = 10222, 10465, 8234, 10958, 13885, 9431, 10871, 10618, 8803, 9012, 11666, 9269, 10208, 11736, 13368, 12368
nuca-cache.access-mru-4 = 11276, 11871, 8790, 11304, 15311, 9967, 11068, 11417, 9719, 10250, 12660, 10033, 10162, 12385, 14449, 13244
nuca-cache.access-mru-5 = 11872, 12204, 10267, 12301, 15898, 10148, 10791, 11086, 10638, 10802, 13369, 9701, 10505, 12262, 14319, 12455
nuca-cache.access-mru-6 = 11557, 11695, 11069, 12677, 14510, 10042, 10732, 11008, 10821, 10771, 12946, 9848, 10340, 12331, 13178, 11157
nuca-cache.access-mru-7 = 11841, 12053, 12500, 13384, 13545, 10923, 11887, 11277, 11137, 11006, 12751, 10341, 10805, 12457, 12943, 10824
nuca-cache.access-mru-8 = 13081, 13535, 13652, 14674, 13658, 13223, 13561, 13406, 12671, 12969, 14273, 11837, 12273, 14705, 13665, 11858
nuca-cache.access-mru-9 = 12917, 13918, 14402, 14729, 12783, 13340, 14501, 13749, 12755, 12641, 13877, 12507, 13097, 14816, 13904, 11279
nuca-cache.read-misses = 1017, 4358, 1126, 1165, 1085, 1041, 5452, 7382, 4974, 5305, 2975, 3980, 3283, 2135, 6414, 2768
nuca-cache.reads = 358259, 412940, 372844, 431027, 407434, 326733, 394202, 379898, 366340, 368195, 359212, 354856, 424490, 428056, 385109, 371044
nuca-cache.write-misses = 1018, 6709, 4987, 9183, 5045, 1047, 6156, 7740, 6118, 6360, 10327, 15446, 11092, 9903, 10307, 13646
nuca-cache.writes = 177631, 190593, 179948, 176677, 177439, 160416, 172614, 177746, 168270, 163994, 181530, 170379, 178544, 184974, 184176, 176198
performance_model.cpiDTLBMiss = 0, 0, 0, 0, 0, 0, 0, 0, 0, 0, 0, 0, 0, 0, 0, 0
performance_model.cpiFastforwardTime = 0, 0, 0, 0, 0, 0, 0, 0, 0, 0, 0, 0, 0, 0, 0, 0
performance_model.cpiITLBMiss = 0, 0, 0, 0, 0, 0, 0, 0, 0, 0, 0, 0, 0, 0, 0, 0
performance_model.cpiRecv = 0, 0, 0, 0, 0, 0, 0, 0, 0, 0, 0, 0, 0, 0, 0, 0
performance_model.cpiStartTime = 0, 716985630198, 717570591282, 717876229689, 718075101420, 718334499330, 718539010146, 718791641154, 719019836127, 719286376878, 719628105429, 719836751574, 720144645615, 720362690235, 720649531692, 720979982073
performance_model.cpiSyncDvfsTransition = 0, 0, 0, 0, 0, 0, 0, 0, 0, 0, 0, 0, 0, 0, 0, 0
performance_model.cpiSyncFutex = 200245790305, 3072556227, 1000000000, 2457893702, 1416166733, 1389096865, 0, 0, 2082330641, 1000000000, 1677068399, 1000000000, 1000000000, 1000000000, 0, 0
performance_model.cpiSyncJoin = 0, 0, 0, 0, 0, 0, 0, 0, 0, 0, 0, 0, 0, 0, 0, 0
performance_model.cpiSyncMemAccess = 0, 0, 0, 0, 0, 0, 0, 0, 0, 0, 0, 0, 0, 0, 0, 0
performance_model.cpiSyncPause = 0, 0, 0, 0, 0, 0, 0, 0, 0, 0, 0, 0, 0, 0, 0, 0
performance_model.cpiSyncPthreadBarrier = 0, 0, 0, 0, 0, 0, 0, 0, 0, 0, 0, 0, 0, 0, 0, 0
performance_model.cpiSyncPthreadCond = 0, 0, 0, 0, 0, 0, 0, 0, 0, 0, 0, 0, 0, 0, 0, 0
performance_model.cpiSyncPthreadMutex = 0, 0, 0, 0, 0, 0, 0, 0, 0, 0, 0, 0, 0, 0, 0, 0
performance_model.cpiSyncSleep = 0, 0, 0, 0, 0, 0, 0, 0, 0, 0, 0, 0, 0, 0, 0, 0
performance_model.cpiSyncSyscall = 427475187, 0, 0, 0, 0, 0, 0, 0, 0, 0, 0, 0, 0, 0, 0, 0
performance_model.cpiSyncUnscheduled = 0, 0, 0, 0, 0, 0, 0, 0, 0, 0, 0, 0, 0, 0, 0, 0
performance_model.cpiUnknown = 133983907722, 0, 0, 0, 0, 0, 0, 0, 0, 0, 0, 0, 0, 0, 0, 0
performance_model.cycle_count = 55864660.8382, 54788527.2823, 55095945.5755, 55536016.5869, 54975422.8539, 54974261.8505, 54804850.2273, 54972283.8489, 55184175.3821, 54801547.2408, 54878245.0735, 55393153.9038, 55760065.0745, 55129433.4998, 54856463.1107, 55572528.4924
performance_model.dyninsn_cost = 0, 0, 0, 0, 0, 0, 0, 0, 0, 0, 0, 0, 0, 0, 0, 0
performance_model.dyninsn_count = 0, 0, 0, 0, 0, 0, 0, 0, 0, 0, 0, 0, 0, 0, 0, 0
performance_model.dyninsn_zero_count = 0, 0, 0, 0, 0, 0, 0, 0, 0, 0, 0, 0, 0, 0, 0, 0
performance_model.elapsed_time = 21001752194797, 20597190707613, 20712761494534, 20878201724402, 20667452200697, 20667015733258, 20603327153130, 20666272123656, 20745930594764, 20602085428873, 20630919200555, 20824493948785, 20962430479153, 20725350939766, 20622730492737, 20891928004650
performance_model.elapsed_time_begin = 0, 0, 0, 0, 0, 0, 0, 0, 0, 0, 0, 0, 0, 0, 0, 0
performance_model.elapsed_time_end = 21001752194797, 20597190707613, 20712761494534, 20878201724402, 20667452200697, 20667015733258, 20603327153130, 20666272123656, 20745930594764, 20602085428873, 20630919200555, 20824493948785, 20962430479153, 20725350939766, 20622730492737, 20891928004650
performance_model.idle_elapsed_time = 200673265492, 720058186425, 718570591282, 720334123391, 719491268153, 719723596195, 718539010146, 718791641154, 721102166768, 720286376878, 721305173828, 720836751574, 721144645615, 721362690235, 720649531692, 720979982073
performance_model.instruction_count = 64139316, 62949622, 62947965, 62947681, 62946921, 62946921, 62946888, 62948686, 62946881, 62946853, 62945832, 62946855, 62945821, 62945827, 62946609, 62945792
pthread.pthread_barrier_wait_count = 0, 0, 0, 0, 0, 0, 0, 0, 0, 0, 0, 0, 0, 0, 0, 0
pthread.pthread_barrier_wait_delay_mem = 0, 0, 0, 0, 0, 0, 0, 0, 0, 0, 0, 0, 0, 0, 0, 0
pthread.pthread_barrier_wait_delay_sync = 0, 0, 0, 0, 0, 0, 0, 0, 0, 0, 0, 0, 0, 0, 0, 0
pthread.pthread_cond_broadcast_count = 0, 0, 0, 0, 0, 0, 0, 0, 0, 0, 0, 0, 0, 0, 0, 0
pthread.pthread_cond_broadcast_delay_mem = 0, 0, 0, 0, 0, 0, 0, 0, 0, 0, 0, 0, 0, 0, 0, 0
pthread.pthread_cond_broadcast_delay_sync = 0, 0, 0, 0, 0, 0, 0, 0, 0, 0, 0, 0, 0, 0, 0, 0
pthread.pthread_cond_signal_count = 0, 0, 0, 0, 0, 0, 0, 0, 0, 0, 0, 0, 0, 0, 0, 0
pthread.pthread_cond_signal_delay_mem = 0, 0, 0, 0, 0, 0, 0, 0, 0, 0, 0, 0, 0, 0, 0, 0
pthread.pthread_cond_signal_delay_sync = 0, 0, 0, 0, 0, 0, 0, 0, 0, 0, 0, 0, 0, 0, 0, 0
pthread.pthread_cond_wait_count = 0, 0, 0, 0, 0, 0, 0, 0, 0, 0, 0, 0, 0, 0, 0, 0
pthread.pthread_cond_wait_delay_mem = 0, 0, 0, 0, 0, 0, 0, 0, 0, 0, 0, 0, 0, 0, 0, 0
pthread.pthread_cond_wait_delay_sync = 0, 0, 0, 0, 0, 0, 0, 0, 0, 0, 0, 0, 0, 0, 0, 0
pthread.pthread_mutex_lock_contended = 0, 0, 0, 0, 0, 0, 0, 0, 0, 0, 0, 0, 0, 0, 0, 0
pthread.pthread_mutex_lock_count = 0, 0, 0, 0, 0, 0, 0, 0, 0, 0, 0, 0, 0, 0, 0, 0
pthread.pthread_mutex_lock_delay_mem = 0, 0, 0, 0, 0, 0, 0, 0, 0, 0, 0, 0, 0, 0, 0, 0
pthread.pthread_mutex_lock_delay_sync = 0, 0, 0, 0, 0, 0, 0, 0, 0, 0, 0, 0, 0, 0, 0, 0
pthread.pthread_mutex_trylock_count = 0, 0, 0, 0, 0, 0, 0, 0, 0, 0, 0, 0, 0, 0, 0, 0
pthread.pthread_mutex_trylock_delay_mem = 0, 0, 0, 0, 0, 0, 0, 0, 0, 0, 0, 0, 0, 0, 0, 0
pthread.pthread_mutex_trylock_delay_sync = 0, 0, 0, 0, 0, 0, 0, 0, 0, 0, 0, 0, 0, 0, 0, 0
pthread.pthread_mutex_unlock_contended = 0, 0, 0, 0, 0, 0, 0, 0, 0, 0, 0, 0, 0, 0, 0, 0
pthread.pthread_mutex_unlock_count = 0, 0, 0, 0, 0, 0, 0, 0, 0, 0, 0, 0, 0, 0, 0, 0
pthread.pthread_mutex_unlock_delay_mem = 0, 0, 0, 0, 0, 0, 0, 0, 0, 0, 0, 0, 0, 0, 0, 0
pthread.pthread_mutex_unlock_delay_sync = 0, 0, 0, 0, 0, 0, 0, 0, 0, 0, 0, 0, 0, 0, 0, 0
pthread_locks_contended = 0.0
roi.instrs = 1008702359
roi.ipscore = 57985.5027099
roi.ipstotal = 927768.043359
roi.walltime = 1087.235507
stlb.access = 1356, 145, 135, 117, 129, 122, 113, 134, 1054, 119, 100, 119, 98, 100, 108, 99
stlb.miss = 371, 110, 110, 108, 106, 108, 107, 109, 104, 104, 96, 104, 94, 96, 97, 95
stlb_cache.access-mru-0 = 264, 28, 23, 9, 18, 14, 6, 24, 21, 15, 4, 15, 4, 4, 11, 4
stlb_cache.access-mru-1 = 421, 4, 2, 0, 4, 0, 0, 1, 929, 0, 0, 0, 0, 0, 0, 0
stlb_cache.access-mru-2 = 77, 1, 0, 0, 0, 0, 0, 0, 0, 0, 0, 0, 0, 0, 0, 0
stlb_cache.access-mru-3 = 223, 2, 0, 0, 1, 0, 0, 0, 0, 0, 0, 0, 0, 0, 0, 0
syscall.stderr-bytes = 1046, 0, 0, 0, 0, 0, 0, 0, 0, 0, 0, 0, 0, 0, 0, 0
syscall.stdout-bytes = 225, 0, 0, 0, 0, 0, 0, 0, 0, 0, 0, 0, 0, 0, 0, 0
thread.bottle_contrib_time = 771105121968, 1242971689742, 1253282471234, 1295195599600, 1248009142610, 1247909130231, 1242937365164, 1247863205375, 1257880994013, 1242760353393, 1244737450343, 1277075196742, 1371086429324, 1254355627184, 1244055374177, 1300518712317, 1259580856075
thread.bottle_runtime_time = 896203606893, 19879132521188, 19995190903252, 20159607827162, 19948371836131, 19947608679961, 19884788142984, 19947480482502, 20025828427996, 19882799051995, 19910285831980, 20104657197211, 20241361773216, 20004282233829, 19901661786800, 20170141631162, 20033225023301
thread.elapsed_time = 21001700000000, 19879114369802, 19995129408718, 20159323770311, 19949324898580, 19948665500670, 19884760989854, 19947408358846, 20026880163873, 19882713623122, 19911271894571, 20104563248426, 20241255354385, 20004937309765, 19902050468308, 20170920017927, 20033894454979
thread.instruction_count = 1193145, 62949507, 62947965, 62947678, 62946921, 62946918, 62946888, 62948686, 62946881, 62946853, 62945832, 62946828, 62945818, 62945827, 62946609, 62945789, 62946171
thread.instructions_by_core[0] = 1193145, 0, 0, 0, 0, 0, 0, 0, 0, 0, 0, 0, 0, 0, 0, 0, 62946171
thread.instructions_by_core[10] = 0, 0, 0, 0, 0, 0, 0, 0, 0, 0, 62945832, 0, 0, 0, 0, 0
thread.instructions_by_core[11] = 0, 0, 0, 0, 0, 0, 0, 0, 0, 0, 0, 62946828, 0, 0, 0, 0
thread.instructions_by_core[12] = 0, 0, 0, 0, 0, 0, 0, 0, 0, 0, 0, 0, 62945818, 0, 0, 0
thread.instructions_by_core[13] = 0, 0, 0, 0, 0, 0, 0, 0, 0, 0, 0, 0, 0, 62945827, 0, 0
thread.instructions_by_core[14] = 0, 0, 0, 0, 0, 0, 0, 0, 0, 0, 0, 0, 0, 0, 62946609, 0
thread.instructions_by_core[15] = 0, 0, 0, 0, 0, 0, 0, 0, 0, 0, 0, 0, 0, 0, 0, 62945789
thread.instructions_by_core[1] = 0, 62949507, 0, 0, 0, 0, 0, 0, 0, 0, 0, 0, 0, 0, 0, 0
thread.instructions_by_core[2] = 0, 0, 62947965, 0, 0, 0, 0, 0, 0, 0, 0, 0, 0, 0, 0, 0
thread.instructions_by_core[3] = 0, 0, 0, 62947678, 0, 0, 0, 0, 0, 0, 0, 0, 0, 0, 0, 0
thread.instructions_by_core[4] = 0, 0, 0, 0, 62946921, 0, 0, 0, 0, 0, 0, 0, 0, 0, 0, 0
thread.instructions_by_core[5] = 0, 0, 0, 0, 0, 62946918, 0, 0, 0, 0, 0, 0, 0, 0, 0, 0
thread.instructions_by_core[6] = 0, 0, 0, 0, 0, 0, 62946888, 0, 0, 0, 0, 0, 0, 0, 0, 0
thread.instructions_by_core[7] = 0, 0, 0, 0, 0, 0, 0, 62948686, 0, 0, 0, 0, 0, 0, 0, 0
thread.instructions_by_core[8] = 0, 0, 0, 0, 0, 0, 0, 0, 62946881, 0, 0, 0, 0, 0, 0, 0
thread.instructions_by_core[9] = 0, 0, 0, 0, 0, 0, 0, 0, 0, 62946853, 0, 0, 0, 0, 0, 0
thread.nonidle_cycle_count = 2044939, 52872983, 53184547, 53619926, 53061576, 53059796, 52893536, 53060298, 53266043, 52885585, 52959573, 53475479, 53841819, 53210608, 52939535, 53654720, 53285930
thread.nonidle_elapsed_time = 768774202416, 19877061468717, 19994190903252, 20157867225072, 19947960932544, 19947291761124, 19884788142984, 19947480482502, 20024828427996, 19881799051995, 19909614026727, 20103563588400, 20241285457599, 20003988249531, 19902080961045, 20170947646638, 20032304726889
thread.time_by_core[0] = 768774202416, 0, 0, 0, 0, 0, 0, 0, 0, 0, 0, 0, 0, 0, 0, 0, 20032304726889
thread.time_by_core[10] = 0, 0, 0, 0, 0, 0, 0, 0, 0, 0, 19909614026727, 0, 0, 0, 0, 0
thread.time_by_core[11] = 0, 0, 0, 0, 0, 0, 0, 0, 0, 0, 0, 20103563588400, 0, 0, 0, 0
thread.time_by_core[12] = 0, 0, 0, 0, 0, 0, 0, 0, 0, 0, 0, 0, 20241285457599, 0, 0, 0
thread.time_by_core[13] = 0, 0, 0, 0, 0, 0, 0, 0, 0, 0, 0, 0, 0, 20003988249531, 0, 0
thread.time_by_core[14] = 0, 0, 0, 0, 0, 0, 0, 0, 0, 0, 0, 0, 0, 0, 19902080961045, 0
thread.time_by_core[15] = 0, 0, 0, 0, 0, 0, 0, 0, 0, 0, 0, 0, 0, 0, 0, 20170947646638
thread.time_by_core[1] = 0, 19877061468717, 0, 0, 0, 0, 0, 0, 0, 0, 0, 0, 0, 0, 0, 0
thread.time_by_core[2] = 0, 0, 19994190903252, 0, 0, 0, 0, 0, 0, 0, 0, 0, 0, 0, 0, 0
thread.time_by_core[3] = 0, 0, 0, 20157867225072, 0, 0, 0, 0, 0, 0, 0, 0, 0, 0, 0, 0
thread.time_by_core[4] = 0, 0, 0, 0, 19947960932544, 0, 0, 0, 0, 0, 0, 0, 0, 0, 0, 0
thread.time_by_core[5] = 0, 0, 0, 0, 0, 19947291761124, 0, 0, 0, 0, 0, 0, 0, 0, 0, 0
thread.time_by_core[6] = 0, 0, 0, 0, 0, 0, 19884788142984, 0, 0, 0, 0, 0, 0, 0, 0, 0
thread.time_by_core[7] = 0, 0, 0, 0, 0, 0, 0, 19947480482502, 0, 0, 0, 0, 0, 0, 0, 0
thread.time_by_core[8] = 0, 0, 0, 0, 0, 0, 0, 0, 20024828427996, 0, 0, 0, 0, 0, 0, 0
thread.time_by_core[9] = 0, 0, 0, 0, 0, 0, 0, 0, 0, 19881799051995, 0, 0, 0, 0, 0, 0
thread.unscheduled_time = 20232957880291, 1072556227, 0, 1457893702, 1416166733, 1389096865, 0, 0, 1082330641, 0, 1677068399, 0, 0, 0, 0, 0, 1676123385
time.walltime = 1087235507, 0, 0, 0, 0, 0, 0, 0, 0, 0, 0, 0, 0, 0, 0, 0
vmem = 2763186176
walltime = 1087.79457617
