barrier.global_time = 1806249800000000, 0, 0, 0, 0, 0, 0, 0, 0, 0, 0, 0, 0, 0, 0, 0
barrier.global_time_begin = 0, 0, 0, 0, 0, 0, 0, 0, 0, 0, 0, 0, 0, 0, 0, 0
barrier.global_time_end = 1806249800000000, 0, 0, 0, 0, 0, 0, 0, 0, 0, 0, 0, 0, 0, 0, 0
branch_predictor.num-correct = 667749, 1395016128, 1398021119, 1399983157, 1501656962, 1398803272, 1401365689, 1397931812, 1396970124, 1399035258, 1399528671, 1404840277, 1395611280, 1398945381, 1397002493, 1392845700
branch_predictor.num-incorrect = 13929, 159562, 157013, 162171, 216146, 156680, 153331, 149207, 154976, 155819, 156547, 154435, 158736, 158072, 154603, 157338
core.instructions = 12353754, 6339655621, 6350446163, 6359233905, 6868077427, 6353746490, 6365250913, 6350313989, 6345484054, 6354787357, 6357010348, 6380818459, 6339444131, 6354617207, 6345695380, 6326938635
core.spin_elapsed_time = 0, 0, 0, 0, 0, 0, 0, 0, 0, 0, 0, 0, 0, 0, 0, 0
core.spin_instructions = 0, 0, 0, 0, 0, 0, 0, 0, 0, 0, 0, 0, 0, 0, 0, 0
core.spin_loops = 0, 0, 0, 0, 0, 0, 0, 0, 0, 0, 0, 0, 0, 0, 0, 0
corefreq = 2660000000.0, 2660000000.0, 2660000000.0, 2660000000.0, 2660000000.0, 2660000000.0, 2660000000.0, 2660000000.0, 2660000000.0, 2660000000.0, 2660000000.0, 2660000000.0, 2660000000.0, 2660000000.0, 2660000000.0, 2660000000.0
directory.entries-allocated = 17056, 16592, 16576, 16608, 16864, 17120, 17376, 17424, 16928, 17088, 17136, 17008, 17648, 17328, 17088, 16944
directory.evict-E = 0, 0, 0, 0, 0, 0, 0, 0, 0, 0, 0, 0, 0, 0, 0, 0
directory.evict-M = 0, 0, 0, 0, 0, 0, 0, 0, 0, 0, 0, 0, 0, 0, 0, 0
directory.evict-O = 0, 0, 0, 0, 0, 0, 0, 0, 0, 0, 0, 0, 0, 0, 0, 0
directory.evict-S = 0, 0, 0, 0, 0, 0, 0, 0, 0, 0, 0, 0, 0, 0, 0, 0
directory.forward = 0, 0, 0, 0, 0, 0, 0, 0, 0, 0, 0, 0, 0, 0, 0, 0
directory.forward-failed = 0, 0, 0, 0, 0, 0, 0, 0, 0, 0, 0, 0, 0, 0, 0, 0
dram-queue.num-requests = 4953, 0, 0, 0, 4918, 0, 0, 0, 4921, 0, 0, 0, 4917, 0, 0, 0
dram-queue.num-requests-analytical = 0, 0, 0, 0, 0, 0, 0, 0, 0, 0, 0, 0, 0, 0, 0, 0
dram-queue.total-queue-delay = 29640893217, 0, 0, 0, 78060269686, 0, 0, 0, 79114566625, 0, 0, 0, 79356819415, 0, 0, 0
dram-queue.total-time-used = 41750204028, 0, 0, 0, 41455179368, 0, 0, 0, 41480467196, 0, 0, 0, 41446750092, 0, 0, 0
dram.reads = 4953, 0, 0, 0, 4918, 0, 0, 0, 4921, 0, 0, 0, 4917, 0, 0, 0
dram.total-access-latency = 294276097245, 0, 0, 0, 340825449054, 0, 0, 0, 342040033821, 0, 0, 0, 342068569507, 0, 0, 0
dram.total-queueing-delay = 29640893217, 0, 0, 0, 78060269686, 0, 0, 0, 79114566625, 0, 0, 0, 79356819415, 0, 0, 0
dram.writes = 0, 0, 0, 0, 0, 0, 0, 0, 0, 0, 0, 0, 0, 0, 0, 0
dtlb.access = 5057253, 2814063362, 2818870766, 2822766621, 3045238610, 2820335465, 2825449928, 2818824573, 2816671618, 2820800585, 2821785420, 2832367209, 2813974763, 2820726347, 2816761286, 2808421757
dtlb.miss = 4672, 228875, 213817, 218014, 425549, 214095, 211110, 201297, 226210, 213178, 219272, 232757, 207405, 218288, 199627, 201810
dtlb_cache.access-mru-0 = 4790365, 2812014682, 2816869180, 2820554231, 3041263980, 2817546148, 2823112270, 2816629822, 2814129472, 2817474124, 2819808783, 2830167812, 2812004212, 2817975198, 1424119001, 2805819996
dtlb_cache.access-mru-1 = 236977, 1704997, 1676955, 1864510, 3306686, 2366037, 1958370, 1873929, 2208439, 2918292, 1639724, 1850617, 1635194, 2409945, 1392327949, 2287156
dtlb_cache.access-mru-2 = 20675, 75304, 67372, 83276, 147722, 155026, 117205, 81440, 68428, 154250, 79587, 85750, 79788, 75952, 71162, 65503
dtlb_cache.access-mru-3 = 4564, 39504, 43442, 46590, 94673, 54159, 50973, 38085, 39069, 40741, 38054, 30273, 48164, 46964, 43547, 47292
fastforward_performance_model.fastforwarded_time = 0, 0, 0, 0, 0, 0, 0, 0, 0, 0, 0, 0, 0, 0, 0, 0
fastforward_timer.cpiBase = 0, 0, 0, 0, 0, 0, 0, 0, 0, 0, 0, 0, 0, 0, 0, 0
fastforward_timer.cpiBranchPredictor = 0, 0, 0, 0, 0, 0, 0, 0, 0, 0, 0, 0, 0, 0, 0, 0
fastforward_timer.cpiDataCachecache-remote = 0, 0, 0, 0, 0, 0, 0, 0, 0, 0, 0, 0, 0, 0, 0, 0
fastforward_timer.cpiDataCachedram = 0, 0, 0, 0, 0, 0, 0, 0, 0, 0, 0, 0, 0, 0, 0, 0
fastforward_timer.cpiDataCachedram-cache = 0, 0, 0, 0, 0, 0, 0, 0, 0, 0, 0, 0, 0, 0, 0, 0
fastforward_timer.cpiDataCachedram-local = 0, 0, 0, 0, 0, 0, 0, 0, 0, 0, 0, 0, 0, 0, 0, 0
fastforward_timer.cpiDataCachedram-remote = 0, 0, 0, 0, 0, 0, 0, 0, 0, 0, 0, 0, 0, 0, 0, 0
fastforward_timer.cpiDataCacheL1 = 0, 0, 0, 0, 0, 0, 0, 0, 0, 0, 0, 0, 0, 0, 0, 0
fastforward_timer.cpiDataCacheL1_S = 0, 0, 0, 0, 0, 0, 0, 0, 0, 0, 0, 0, 0, 0, 0, 0
fastforward_timer.cpiDataCacheL1I = 0, 0, 0, 0, 0, 0, 0, 0, 0, 0, 0, 0, 0, 0, 0, 0
fastforward_timer.cpiDataCacheL2 = 0, 0, 0, 0, 0, 0, 0, 0, 0, 0, 0, 0, 0, 0, 0, 0
fastforward_timer.cpiDataCacheL2_S = 0, 0, 0, 0, 0, 0, 0, 0, 0, 0, 0, 0, 0, 0, 0, 0
fastforward_timer.cpiDataCacheL3 = 0, 0, 0, 0, 0, 0, 0, 0, 0, 0, 0, 0, 0, 0, 0, 0
fastforward_timer.cpiDataCacheL3_S = 0, 0, 0, 0, 0, 0, 0, 0, 0, 0, 0, 0, 0, 0, 0, 0
fastforward_timer.cpiDataCacheL4 = 0, 0, 0, 0, 0, 0, 0, 0, 0, 0, 0, 0, 0, 0, 0, 0
fastforward_timer.cpiDataCacheL4_S = 0, 0, 0, 0, 0, 0, 0, 0, 0, 0, 0, 0, 0, 0, 0, 0
fastforward_timer.cpiDataCachemiss = 0, 0, 0, 0, 0, 0, 0, 0, 0, 0, 0, 0, 0, 0, 0, 0
fastforward_timer.cpiDataCachenuca-cache = 0, 0, 0, 0, 0, 0, 0, 0, 0, 0, 0, 0, 0, 0, 0, 0
fastforward_timer.cpiDataCachenuca-local = 0, 0, 0, 0, 0, 0, 0, 0, 0, 0, 0, 0, 0, 0, 0, 0
fastforward_timer.cpiDataCachenuca-remote = 0, 0, 0, 0, 0, 0, 0, 0, 0, 0, 0, 0, 0, 0, 0, 0
fastforward_timer.cpiDataCachepredicate-false = 0, 0, 0, 0, 0, 0, 0, 0, 0, 0, 0, 0, 0, 0, 0, 0
fastforward_timer.cpiDataCacheprefetch-no-mapping = 0, 0, 0, 0, 0, 0, 0, 0, 0, 0, 0, 0, 0, 0, 0, 0
fastforward_timer.cpiDataCacheunknown = 0, 0, 0, 0, 0, 0, 0, 0, 0, 0, 0, 0, 0, 0, 0, 0
fs_to_cycles = 2.66e-06
fs_to_cycles_cores = 2.66e-06, 2.66e-06, 2.66e-06, 2.66e-06, 2.66e-06, 2.66e-06, 2.66e-06, 2.66e-06, 2.66e-06, 2.66e-06, 2.66e-06, 2.66e-06, 2.66e-06, 2.66e-06, 2.66e-06, 2.66e-06
futex.futex_cmp_requeue_count = 0, 352, 272, 267, 8645, 258, 297, 260, 281, 267, 298, 247, 288, 287, 271, 316, 8595, 1, 0, 0, 0, 0, 0, 0, 0, 0, 0, 0, 0, 0, 0, 0, 2
futex.futex_cmp_requeue_delay = 0, 0, 0, 0, 0, 0, 0, 0, 0, 0, 0, 0, 0, 0, 0, 0
futex.futex_cmp_requeue_pi_count = 0, 0, 0, 0, 0, 0, 0, 0, 0, 0, 0, 0, 0, 0, 0, 0
futex.futex_cmp_requeue_pi_delay = 0, 0, 0, 0, 0, 0, 0, 0, 0, 0, 0, 0, 0, 0, 0, 0
futex.futex_fd_count = 0, 0, 0, 0, 0, 0, 0, 0, 0, 0, 0, 0, 0, 0, 0, 0
futex.futex_fd_delay = 0, 0, 0, 0, 0, 0, 0, 0, 0, 0, 0, 0, 0, 0, 0, 0
futex.futex_lock_pi_count = 0, 0, 0, 0, 0, 0, 0, 0, 0, 0, 0, 0, 0, 0, 0, 0
futex.futex_lock_pi_delay = 0, 0, 0, 0, 0, 0, 0, 0, 0, 0, 0, 0, 0, 0, 0, 0
futex.futex_requeue_count = 0, 0, 0, 0, 0, 0, 0, 0, 0, 0, 0, 0, 0, 0, 0, 0
futex.futex_requeue_delay = 0, 0, 0, 0, 0, 0, 0, 0, 0, 0, 0, 0, 0, 0, 0, 0
futex.futex_trylock_pi_count = 0, 0, 0, 0, 0, 0, 0, 0, 0, 0, 0, 0, 0, 0, 0, 0
futex.futex_trylock_pi_delay = 0, 0, 0, 0, 0, 0, 0, 0, 0, 0, 0, 0, 0, 0, 0, 0
futex.futex_unlock_pi_count = 0, 0, 0, 0, 0, 0, 0, 0, 0, 0, 0, 0, 0, 0, 0, 0
futex.futex_unlock_pi_delay = 0, 0, 0, 0, 0, 0, 0, 0, 0, 0, 0, 0, 0, 0, 0, 0
futex.futex_wait_bitset_count = 1, 0, 0, 0, 0, 0, 0, 0, 0, 0, 0, 0, 0, 0, 0, 0
futex.futex_wait_bitset_delay = 0, 0, 0, 0, 0, 0, 0, 0, 0, 0, 0, 0, 0, 0, 0, 0
futex.futex_wait_count = 2, 23143, 23248, 22411, 20644, 24028, 23426, 23104, 25295, 24632, 23867, 23370, 24204, 23864, 24055, 23581, 20251, 4, 2, 5, 4, 3, 4, 4, 3, 4, 2, 3, 1, 4, 3, 6, 1
futex.futex_wait_delay = 1803218847988548, 169243745651380, 166377835474700, 163559621931846, 915436287109067, 166123913168994, 163149265397736, 170970706395832, 171424113966544, 166659155686665, 165261224465191, 158898126980729, 169154111812927, 165004313905475, 167397613501344, 171895920498781, 912318461197742, 87208460825, 4555633322, 5375182602, 5611272294, 5065406606, 6642475231, 2766917820, 4444362158, 2693607455, 3853005591, 3841729681, 3552632590, 7326686471, 3650000791, 6539850664, 81858466136
futex.futex_wait_requeue_pi_count = 0, 0, 0, 0, 0, 0, 0, 0, 0, 0, 0, 0, 0, 0, 0, 0
futex.futex_wait_requeue_pi_delay = 0, 0, 0, 0, 0, 0, 0, 0, 0, 0, 0, 0, 0, 0, 0, 0
futex.futex_wake_bitset_count = 0, 0, 0, 0, 0, 0, 0, 0, 0, 0, 0, 0, 0, 0, 0, 0
futex.futex_wake_bitset_delay = 0, 0, 0, 0, 0, 0, 0, 0, 0, 0, 0, 0, 0, 0, 0, 0
futex.futex_wake_count = 2, 13420, 12977, 12698, 14369, 13230, 12998, 13651, 14075, 13477, 13315, 13077, 13306, 13168, 13097, 12912, 14356, 4, 3, 3, 4, 3, 3, 2, 2, 2, 2, 2, 2, 3, 2, 3, 3
futex.futex_wake_delay = 0, 10478000000000, 10193000000000, 10018000000000, 11621000000000, 10341000000000, 10161000000000, 10821000000000, 11001000000000, 10453000000000, 10367000000000, 10288000000000, 10408000000000, 10307000000000, 10250000000000, 10142000000000, 11732000000000, 4000000000, 2000000000, 1000000000, 2000000000, 2000000000, 2000000000, 1000000000, 0, 1000000000, 0, 0, 1000000000, 2000000000, 1000000000, 1000000000, 2000000000
futex.futex_wake_op_count = 0, 0, 0, 0, 0, 0, 0, 0, 0, 0, 0, 0, 0, 0, 0, 0
futex.futex_wake_op_delay = 0, 0, 0, 0, 0, 0, 0, 0, 0, 0, 0, 0, 0, 0, 0, 0
global.time = 1806249800000000
global.time_begin = 0
global.time_end = 1806249800000000
interval_timer.cpContr_branch = 139515374913, 690645191456832, 692128799822782, 693140014189193, 740268537397889, 692527875873422, 693786845265432, 691967838493341, 692608904049406, 692608715348643, 692884095652144, 695537041652828, 690933848831592, 692625423051443, 691677287654563, 689595891009867
interval_timer.cpContr_fp_addsub = 241011113812, 28437453812981, 28098538930491, 28244045154642, 56577950116863, 28226093373050, 28125242741524, 28059750263021, 28162395916060, 28099187566276, 28051261787862, 28130038211680, 28137510500967, 28200928039281, 28125634973566, 28189694091772
interval_timer.cpContr_fp_muldiv = 847963917585, 2893957430481, 2151791523874, 2203411942868, 4882888966770, 2346416783771, 2255747967975, 2118410683175, 2089904959373, 2243626894447, 2091141549126, 2234890447802, 2174406254906, 2263094494414, 2168218714809, 2254883503735
interval_timer.cpContr_generic = 1356016388099, 700592818668714, 701295846970596, 702377593783906, 751729560008510, 701947809396284, 703009225663720, 701039513819922, 701763316022341, 701766454978085, 702061114619262, 704735706738166, 700110849882941, 701795005149207, 700852606281176, 698770031927674
interval_timer.cpContr_load_l1 = 1016022395602, 2761378835346326, 2767032020320633, 2771151928368203, 2959781185572123, 2769085212647659, 2773763494888828, 2766493106553321, 2771504095752333, 2769312421994631, 2770336880130496, 2780976090016600, 2762729812623821, 2769274428970584, 2765538800904545, 2757206546022279
interval_timer.cpContr_load_l2 = 50427556, 0, 0, 90249001670, 0, 0, 80685508671, 130246782843, 0, 0, 16215086, 88691516364, 0, 17009376, 36562500, 18900000
interval_timer.cpContr_load_l3 = 0, 0, 0, 0, 0, 0, 0, 0, 0, 0, 0, 0, 0, 0, 0, 0
interval_timer.cpContr_load_other = 2610354, 0, 0, 17305858663, 10375598882, 0, 15556275544, 468188379645, 654476695546, 3563716214, 0, 15747796102, 2394703973, 17600000, 185811456, 0
interval_timer.cpContr_port0 = 0, 0, 0, 0, 0, 0, 0, 0, 0, 0, 0, 0, 0, 0, 0, 0
interval_timer.cpContr_port015 = 64040571887, 893547659323, 861186773553, 824148258790, 1745448498303, 860416670120, 899478841513, 885035307202, 887591080546, 872570860539, 888755437082, 886148527455, 848822789796, 876400879348, 883499645237, 897791370973
interval_timer.cpContr_port05 = 0, 0, 0, 0, 0, 0, 0, 0, 0, 0, 0, 0, 0, 0, 0, 0
interval_timer.cpContr_port1 = 974982868, 3726830491, 2683451029, 2514376212, 4994335388, 2464508583, 2488357718, 2506307736, 2573651633, 2545116826, 2532991925, 2544044095, 2698535875, 2511866737, 2529483661, 2584807956
interval_timer.cpContr_port2 = 405287775030, 13014765447793, 13011854851147, 12901485993190, 21156790208460, 12881139107194, 12916360407871, 13105619120218, 9774427444045, 12903875818089, 12862257104826, 12809702639442, 12815762161609, 12815242391627, 12746110030573, 12775483619487
interval_timer.cpContr_port34 = 33491064855, 125766024625, 73029339156, 68117921972, 93595383521, 67493422166, 67057055327, 74048089995, 63472199537, 73428049712, 73953552625, 73341087716, 69561103801, 72338520432, 65689505529, 73982647543
interval_timer.cpContr_port5 = 13132163715, 108945962963, 103042749640, 104700379823, 212356249496, 105053848971, 100178613545, 99687215353, 95939757878, 100588863055, 99047844040, 95631828731, 105861585120, 97429042792, 100769861827, 99858268486
interval_timer.cpContr_store = 571876209788, 1252122296785, 1674975992716, 1624864836804, 1689030727773, 1454692545097, 1664847039236, 1693537692038, 1693613510746, 1685141175608, 1692082225581, 1674024563336, 1675746780708, 1688870359414, 1658906520705, 1626054510309
interval_timer.cpiBase = 1767961041993, 1578705603169905, 1581368006927295, 1583742731635593, 1706075396140590, 1582522463340774, 1585222577539254, 1581256715073552, 1582445443590027, 1582585409063178, 1583100828199080, 1589197246751970, 1578801566110923, 1582600180834305, 1580385323057940, 1575750797441766
interval_timer.cpiBranchPredictor = 141327876087, 3304433509407, 3384278441739, 3429596384433, 4457298573099, 3373755157251, 3278011012731, 3048575441031, 3569201332083, 3410052819579, 3389819406660, 3313625969835, 3492307520901, 3486928585689, 3355110462546, 3380988599550
interval_timer.cpiDataCachecache-remote = 40065322986, 11882701340523, 12077886237750, 10904394153006, 12842204435199, 10573554299202, 11023523958960, 9887000963598, 10759139594064, 10382964128433, 10421214417927, 10414758793419, 10730841161778, 10908743767236, 11226668612634, 10978051505337
interval_timer.cpiDataCachedram = 0, 0, 0, 0, 0, 0, 0, 0, 0, 0, 0, 0, 0, 0, 0, 0
interval_timer.cpiDataCachedram-cache = 0, 0, 0, 0, 0, 0, 0, 0, 0, 0, 0, 0, 0, 0, 0, 0
interval_timer.cpiDataCachedram-local = 52653640401, 0, 0, 0, 378946512, 0, 0, 0, 0, 0, 0, 0, 0, 0, 0, 0
interval_timer.cpiDataCachedram-remote = 488463933663, 1071802089, 612028692, 0, 663532335, 72932166, 78947190, 278194860, 147744027, 151127478, 717291612, 75939678, 225563400, 0, 155638746, 0
interval_timer.cpiDataCacheL1 = 12781926, 51127704, 178946964, 153383112, 0, 204510816, 38345778, 12781926, 115789212, 140601186, 0, 600750522, 89473482, 0, 0, 12781926
interval_timer.cpiDataCacheL1_S = 0, 0, 0, 0, 0, 0, 0, 0, 0, 0, 0, 0, 0, 0, 0, 0
interval_timer.cpiDataCacheL1I = 0, 0, 0, 0, 0, 0, 0, 0, 0, 0, 0, 0, 0, 0, 0, 0
interval_timer.cpiDataCacheL2 = 1484583111, 11176769101347, 10744764062643, 10264336576983, 7965923350356, 11118900811077, 10524187493478, 7745704675119, 11933184309138, 11440360234953, 11047281424065, 10531840483701, 12109440677715, 11773361738007, 11366753258448, 10871149115358
interval_timer.cpiDataCacheL2_S = 0, 0, 0, 0, 0, 0, 0, 0, 0, 0, 0, 0, 0, 0, 0, 0
interval_timer.cpiDataCacheL3 = 0, 0, 0, 0, 0, 0, 0, 0, 0, 0, 0, 0, 0, 0, 0, 0
interval_timer.cpiDataCacheL3_S = 0, 0, 0, 0, 0, 0, 0, 0, 0, 0, 0, 0, 0, 0, 0, 0
interval_timer.cpiDataCacheL4 = 0, 0, 0, 0, 0, 0, 0, 0, 0, 0, 0, 0, 0, 0, 0, 0
interval_timer.cpiDataCacheL4_S = 0, 0, 0, 0, 0, 0, 0, 0, 0, 0, 0, 0, 0, 0, 0, 0
interval_timer.cpiDataCachemiss = 0, 0, 0, 0, 0, 0, 0, 0, 0, 0, 0, 0, 0, 0, 0, 0
interval_timer.cpiDataCachenuca-cache = 317403418005, 17521409649645, 18189800996220, 20314373262345, 21974190563781, 18118749653037, 18920071902195, 18521429194107, 11323024785846, 17243756141805, 18717386645979, 19446312818151, 17470352622177, 18066700522548, 18205242314706, 18971744717745
interval_timer.cpiDataCachenuca-local = 0, 0, 0, 0, 0, 0, 0, 0, 0, 0, 0, 0, 0, 0, 0, 0
interval_timer.cpiDataCachenuca-remote = 0, 0, 0, 0, 0, 0, 0, 0, 0, 0, 0, 0, 0, 0, 0, 0
interval_timer.cpiDataCachepredicate-false = 0, 0, 0, 0, 0, 0, 0, 0, 0, 0, 0, 0, 0, 0, 0, 0
interval_timer.cpiDataCacheprefetch-no-mapping = 0, 0, 0, 0, 0, 0, 0, 0, 0, 0, 0, 0, 0, 0, 0, 0
interval_timer.cpiDataCacheunknown = 0, 0, 0, 0, 0, 0, 0, 0, 0, 0, 0, 0, 0, 0, 0, 0
interval_timer.cpiInstructionCachecache-remote = 60902118, 11764259127, 8325921033, 5312018070, 38919836853, 7770283191, 6788706462, 16475526675, 14496959718, 10412382483, 7770659130, 7247727981, 9542835576, 9277046703, 9456369606, 9958248171
interval_timer.cpiInstructionCachedram = 0, 0, 0, 0, 0, 0, 0, 0, 0, 0, 0, 0, 0, 0, 0, 0
interval_timer.cpiInstructionCachedram-cache = 0, 0, 0, 0, 0, 0, 0, 0, 0, 0, 0, 0, 0, 0, 0, 0
interval_timer.cpiInstructionCachedram-local = 8672536791, 0, 0, 0, 248871618, 0, 0, 0, 0, 0, 0, 0, 0, 0, 0, 0
interval_timer.cpiInstructionCachedram-remote = 30369856176, 1265410674, 71428410, 0, 654885738, 572179158, 0, 1178192826, 84586275, 0, 233458119, 92105055, 0, 68796837, 736464501, 0
interval_timer.cpiInstructionCacheL1 = 0, 0, 0, 0, 0, 0, 0, 0, 0, 0, 0, 0, 0, 0, 0, 0
interval_timer.cpiInstructionCacheL1_S = 0, 0, 0, 0, 0, 0, 0, 0, 0, 0, 0, 0, 0, 0, 0, 0
interval_timer.cpiInstructionCacheL1I = 0, 0, 0, 0, 0, 0, 0, 0, 0, 0, 0, 0, 0, 0, 0, 0
interval_timer.cpiInstructionCacheL2 = 0, 0, 0, 0, 0, 0, 0, 0, 0, 0, 0, 0, 0, 0, 0, 0
interval_timer.cpiInstructionCacheL2_S = 0, 0, 0, 0, 0, 0, 0, 0, 0, 0, 0, 0, 0, 0, 0, 0
interval_timer.cpiInstructionCacheL3 = 0, 0, 0, 0, 0, 0, 0, 0, 0, 0, 0, 0, 0, 0, 0, 0
interval_timer.cpiInstructionCacheL3_S = 0, 0, 0, 0, 0, 0, 0, 0, 0, 0, 0, 0, 0, 0, 0, 0
interval_timer.cpiInstructionCacheL4 = 0, 0, 0, 0, 0, 0, 0, 0, 0, 0, 0, 0, 0, 0, 0, 0
interval_timer.cpiInstructionCacheL4_S = 0, 0, 0, 0, 0, 0, 0, 0, 0, 0, 0, 0, 0, 0, 0, 0
interval_timer.cpiInstructionCachemiss = 0, 0, 0, 0, 0, 0, 0, 0, 0, 0, 0, 0, 0, 0, 0, 0
interval_timer.cpiInstructionCachenuca-cache = 79399444617, 889611899247, 867294656451, 976112831574, 1721497613166, 1036379988603, 929072336382, 944494106040, 742726140984, 1025976628656, 898063007967, 1116572288571, 1037470587642, 1057897609146, 1016362740609, 1212410793780
interval_timer.cpiInstructionCachenuca-local = 0, 0, 0, 0, 0, 0, 0, 0, 0, 0, 0, 0, 0, 0, 0, 0
interval_timer.cpiInstructionCachenuca-remote = 0, 0, 0, 0, 0, 0, 0, 0, 0, 0, 0, 0, 0, 0, 0, 0
interval_timer.cpiInstructionCachepredicate-false = 0, 0, 0, 0, 0, 0, 0, 0, 0, 0, 0, 0, 0, 0, 0, 0
interval_timer.cpiInstructionCacheprefetch-no-mapping = 0, 0, 0, 0, 0, 0, 0, 0, 0, 0, 0, 0, 0, 0, 0, 0
interval_timer.cpiInstructionCacheunknown = 0, 0, 0, 0, 0, 0, 0, 0, 0, 0, 0, 0, 0, 0, 0, 0
interval_timer.cpiLongLatency = 0, 0, 751878, 1503756, 0, 375939, 2255634, 512404857, 106766676, 0, 0, 3007512, 0, 0, 0, 0
interval_timer.cpiSerialization = 116917029, 0, 0, 0, 0, 0, 0, 0, 0, 0, 0, 0, 0, 0, 0, 0
interval_timer.detailed-cpiBase-BranchMispredict = 0, 0, 0, 0, 0, 0, 0, 0, 0, 0, 0, 0, 0, 0, 0, 0
interval_timer.detailed-cpiBase-DispatchRate = 3389882, 4196152494, 4203572162, 4209932466, 4533546748, 4206677921, 4213870963, 4203179425, 4207031661, 4206836279, 4208232068, 4224476674, 4196778587, 4206846831, 4200988021, 4188667133
interval_timer.detailed-cpiBase-DispatchRate+BranchMispredict = 0, 0, 0, 0, 0, 0, 0, 0, 0, 0, 0, 0, 0, 0, 0, 0
interval_timer.detailed-cpiBase-DispatchRate+ICacheMiss = 0, 0, 0, 0, 0, 0, 0, 0, 0, 0, 0, 0, 0, 0, 0, 0
interval_timer.detailed-cpiBase-DispatchRate+ICacheMiss+BranchMispredict = 0, 0, 0, 0, 0, 0, 0, 0, 0, 0, 0, 0, 0, 0, 0, 0
interval_timer.detailed-cpiBase-DispatchWidth = 13395, 11618, 6976, 7137, 9866, 6933, 6700, 7221, 6014, 6917, 6914, 6934, 6735, 6623, 6530, 6142
interval_timer.detailed-cpiBase-DispatchWidth+BranchMispredict = 0, 0, 0, 0, 0, 0, 0, 0, 0, 0, 0, 0, 0, 0, 0, 0
interval_timer.detailed-cpiBase-DispatchWidth+DispatchRate = 1299510, 3202283, 2869267, 2825584, 4614196, 2834412, 2823923, 2965722, 2276718, 2843506, 2818738, 2790622, 2836335, 2872541, 2839909, 2833319
interval_timer.detailed-cpiBase-DispatchWidth+DispatchRate+BranchMispredict = 0, 0, 0, 0, 0, 0, 0, 0, 0, 0, 0, 0, 0, 0, 0, 0
interval_timer.detailed-cpiBase-DispatchWidth+DispatchRate+ICacheMiss = 0, 0, 0, 0, 0, 0, 0, 0, 0, 0, 0, 0, 0, 0, 0, 0
interval_timer.detailed-cpiBase-DispatchWidth+DispatchRate+ICacheMiss+BranchMispredict = 0, 0, 0, 0, 0, 0, 0, 0, 0, 0, 0, 0, 0, 0, 0, 0
interval_timer.detailed-cpiBase-DispatchWidth+ICacheMiss = 0, 0, 0, 0, 0, 0, 0, 0, 0, 0, 0, 0, 0, 0, 0, 0
interval_timer.detailed-cpiBase-DispatchWidth+ICacheMiss+BranchMispredict = 0, 0, 0, 0, 0, 0, 0, 0, 0, 0, 0, 0, 0, 0, 0, 0
interval_timer.detailed-cpiBase-ICacheMiss = 0, 0, 0, 0, 0, 0, 0, 0, 0, 0, 0, 0, 0, 0, 0, 0
interval_timer.detailed-cpiBase-ICacheMiss+BranchMispredict = 0, 0, 0, 0, 0, 0, 0, 0, 0, 0, 0, 0, 0, 0, 0, 0
interval_timer.detailed-cpiBase-NoReason = 0, 0, 0, 0, 0, 0, 0, 0, 0, 0, 0, 0, 0, 0, 0, 0
interval_timer.detailed-cpiBase-WindowEmpty = 0, 0, 0, 0, 0, 0, 0, 0, 0, 0, 0, 0, 0, 0, 0, 0
interval_timer.detailed-cpiBase-WindowEmpty+BranchMispredict = 0, 0, 0, 0, 0, 0, 0, 0, 0, 0, 0, 0, 0, 0, 0, 0
interval_timer.detailed-cpiBase-WindowEmpty+DispatchRate = 0, 0, 0, 0, 0, 0, 0, 0, 0, 0, 0, 0, 0, 0, 0, 0
interval_timer.detailed-cpiBase-WindowEmpty+DispatchRate+BranchMispredict = 0, 0, 0, 0, 0, 0, 0, 0, 0, 0, 0, 0, 0, 0, 0, 0
interval_timer.detailed-cpiBase-WindowEmpty+DispatchRate+ICacheMiss = 0, 0, 0, 0, 0, 0, 0, 0, 0, 0, 0, 0, 0, 0, 0, 0
interval_timer.detailed-cpiBase-WindowEmpty+DispatchRate+ICacheMiss+BranchMispredict = 0, 0, 0, 0, 0, 0, 0, 0, 0, 0, 0, 0, 0, 0, 0, 0
interval_timer.detailed-cpiBase-WindowEmpty+DispatchWidth = 0, 0, 0, 0, 0, 0, 0, 0, 0, 0, 0, 0, 0, 0, 0, 0
interval_timer.detailed-cpiBase-WindowEmpty+DispatchWidth+BranchMispredict = 0, 0, 0, 0, 0, 0, 0, 0, 0, 0, 0, 0, 0, 0, 0, 0
interval_timer.detailed-cpiBase-WindowEmpty+DispatchWidth+DispatchRate = 0, 0, 0, 0, 0, 0, 0, 0, 0, 0, 0, 0, 0, 0, 0, 0
interval_timer.detailed-cpiBase-WindowEmpty+DispatchWidth+DispatchRate+BranchMispredict = 0, 0, 0, 0, 0, 0, 0, 0, 0, 0, 0, 0, 0, 0, 0, 0
interval_timer.detailed-cpiBase-WindowEmpty+DispatchWidth+DispatchRate+ICacheMiss = 0, 0, 0, 0, 0, 0, 0, 0, 0, 0, 0, 0, 0, 0, 0, 0
interval_timer.detailed-cpiBase-WindowEmpty+DispatchWidth+DispatchRate+ICacheMiss+BranchMispredict = 0, 0, 0, 0, 0, 0, 0, 0, 0, 0, 0, 0, 0, 0, 0, 0
interval_timer.detailed-cpiBase-WindowEmpty+DispatchWidth+ICacheMiss = 0, 0, 0, 0, 0, 0, 0, 0, 0, 0, 0, 0, 0, 0, 0, 0
interval_timer.detailed-cpiBase-WindowEmpty+DispatchWidth+ICacheMiss+BranchMispredict = 0, 0, 0, 0, 0, 0, 0, 0, 0, 0, 0, 0, 0, 0, 0, 0
interval_timer.detailed-cpiBase-WindowEmpty+ICacheMiss = 0, 0, 0, 0, 0, 0, 0, 0, 0, 0, 0, 0, 0, 0, 0, 0
interval_timer.detailed-cpiBase-WindowEmpty+ICacheMiss+BranchMispredict = 0, 0, 0, 0, 0, 0, 0, 0, 0, 0, 0, 0, 0, 0, 0, 0
interval_timer.loadstore_contention.no-free-slots = 0, 0, 0, 0, 0, 0, 0, 0, 0, 0, 0, 0, 0, 0, 0, 0
interval_timer.loadstore_contention.num-barriers = 0, 0, 0, 0, 0, 0, 0, 0, 0, 0, 0, 0, 0, 0, 0, 0
interval_timer.loadstore_contention.num-requests = 2825641, 2096314630, 2100218030, 2103234694, 2262187879, 2101580410, 2105259534, 2100115542, 2101638377, 2101822162, 2102556400, 2110548065, 2096768781, 2101879747, 2098992496, 2092735489
interval_timer.loadstore_contention.requests-out-of-order = 2079643, 694519619, 695947232, 696889292, 746706435, 696278835, 697616298, 696012680, 696952999, 696474243, 696728168, 699329920, 694840840, 696581610, 695518941, 693391861
interval_timer.loadstore_contention.requests-simultaneous = 248051, 701981460, 703061853, 704128502, 758692987, 703681196, 704782234, 703020113, 702619408, 703611902, 703783415, 706591685, 701848206, 703529599, 702622634, 700596694
interval_timer.loadstore_contention.total-barrier-delay = 0, 0, 0, 0, 0, 0, 0, 0, 0, 0, 0, 0, 0, 0, 0, 0
interval_timer.loadstore_contention.total-delay = 25498438614, 3007643202711, 2924832111669, 2849833784925, 4900727646135, 2945766274884, 3056089709763, 3065842319301, 2283611756319, 2989871438364, 2905932154383, 3057288955173, 2791833164127, 2954006105886, 2958604591734, 3001325547816
interval_timer.numBPredOverlapped = 129054, 9300795, 9133062, 9145860, 11757106, 9090574, 9004523, 8524759, 7022259, 8853849, 8935330, 8985099, 8740364, 8816569, 8835434, 8865393
interval_timer.numDCacheOverlapped = 371712, 19082293, 18963968, 18880940, 32514402, 18719528, 18877320, 18997888, 15906356, 18820730, 18828296, 18783015, 18760501, 18689768, 18620370, 18626204
interval_timer.numHiddenLongerDCacheLatency = 9682, 598076, 584629, 595955, 1088755, 586925, 558778, 541931, 580432, 630054, 598167, 604387, 606145, 593359, 564521, 566136
interval_timer.numICacheOverlapped = 2630278, 152396437, 150839510, 150868648, 183003478, 150402956, 149062636, 136795165, 128797243, 146551436, 147956284, 148859991, 144916622, 146994678, 148088651, 148764442
interval_timer.numLongLatencyLoads = 20887, 1204708, 1192207, 1192356, 1447802, 1188771, 1178137, 1081406, 1018415, 1158505, 1169508, 1176558, 1145625, 1161995, 1170496, 1175787
interval_timer.numMfenceInsns = 0, 0, 0, 0, 0, 0, 0, 0, 0, 0, 0, 0, 0, 0, 0, 0
interval_timer.numSerializationInsns = 130, 0, 0, 0, 0, 0, 0, 0, 0, 0, 0, 0, 0, 0, 0, 0
interval_timer.numTotalLongLatencyLoadLatency = 2394228, 107948372, 109095471, 110345714, 113803997, 105898782, 107644859, 96170990, 90481733, 103919445, 106896597, 107447189, 107227368, 108392069, 108525106, 108583994
interval_timer.outstandingLongLatencyCycles = 2736301, 125204662, 126620257, 127314239, 158876838, 122563104, 125013700, 114687206, 110799761, 122811919, 124802230, 124790052, 126607614, 125288527, 126235878, 125736615
interval_timer.outstandingLongLatencyInsns = 4274743, 185704671, 191149024, 193384621, 253888560, 183132827, 188343408, 174947752, 169887022, 185677377, 188362418, 188865614, 193229504, 188779749, 191331224, 191033630
interval_timer.totalHiddenDCacheLatency = 3474554, 171387110, 175930929, 176457761, 305559045, 169774096, 174223848, 172955568, 160979236, 175038603, 174821485, 174433838, 179053614, 173175713, 175240735, 174868576
interval_timer.totalHiddenLongerDCacheLatency = 412583, 30213986, 31085162, 30267630, 57393461, 29691402, 29937703, 27417437, 34487215, 33060419, 32146568, 30942625, 34781584, 30272627, 30721371, 29773280
interval_timer.totalMfenceLatency = 0, 0, 0, 0, 0, 0, 0, 0, 0, 0, 0, 0, 0, 0, 0, 0
interval_timer.totalSerializationLatency = 311, 0, 0, 0, 0, 0, 0, 0, 0, 0, 0, 0, 0, 0, 0, 0
interval_timer.uop_branch = 1677295, 1397356797, 1400067870, 1402016056, 1504205527, 1400812393, 1403368157, 1400030209, 1398985744, 1401047002, 1401536129, 1406829916, 1397628168, 1400997180, 1399022273, 1394855187
interval_timer.uop_fp_addsub = 142907, 21937374, 21914033, 21926425, 43840105, 21915451, 21906952, 21909576, 21907341, 21911469, 21914972, 21907942, 21928066, 21912010, 21905736, 21903462
interval_timer.uop_fp_muldiv = 396469, 11002937, 10962711, 10963767, 21924927, 10962546, 10963536, 10964889, 10960830, 10963074, 10965054, 10964064, 10964460, 10963239, 10962909, 10961754
interval_timer.uop_generic = 6451110, 2115419737, 2118335892, 2121247354, 2290489525, 2119391887, 2123204739, 2118361654, 2116651701, 2119745529, 2120474164, 2128376640, 2114641245, 2119733662, 2116711135, 2110442362
interval_timer.uop_load = 3197391, 2115396938, 2119182012, 2122115650, 2294702296, 2120299953, 2124136869, 2119113444, 2117544748, 2120642906, 2121384710, 2129331095, 2115529297, 2120569529, 2117612880, 2111361708
interval_timer.uop_store = 1849586, 697640066, 698663057, 699624830, 748485324, 699009837, 700288833, 698686108, 698101565, 699130866, 699374026, 702011338, 697418643, 699130700, 698124270, 696034834
interval_timer.uops_pause = 0, 0, 0, 0, 0, 0, 0, 0, 0, 0, 0, 0, 0, 0, 0, 0
interval_timer.uops_total = 13714758, 6358753849, 6369125575, 6377894082, 6903647704, 6372392067, 6383869086, 6369065880, 6364151929, 6373440846, 6375649055, 6399420995, 6358109879, 6373306320, 6364339203, 6345559307
interval_timer.uops_x87 = 0, 0, 0, 0, 0, 0, 0, 0, 0, 0, 0, 0, 0, 0, 0, 0
ipc = 1.24640072176
itlb.access = 1666372, 1397532530, 1400198976, 1402150851, 1504873365, 1400946757, 1403516240, 1400151467, 1399112078, 1401176491, 1401672973, 1406980231, 1397756682, 1401123696, 1399162309, 1394999415
itlb.miss = 128, 42, 35, 35, 35, 39, 35, 35, 35, 35, 35, 35, 35, 35, 35, 35
itlb_cache.access-mru-0 = 1661628, 1397506462, 1400175589, 1402127828, 1504784442, 1400922886, 1403492659, 1400126608, 1399087025, 1401152358, 1401649033, 1406956718, 1397732872, 1401100018, 1399138832, 1394976109
itlb_cache.access-mru-1 = 3241, 26012, 23342, 22980, 88878, 23819, 23538, 24814, 25008, 24088, 23894, 23468, 23769, 23637, 23434, 23263
itlb_cache.access-mru-2 = 1361, 13, 10, 8, 10, 13, 8, 10, 10, 10, 11, 10, 6, 6, 8, 8
itlb_cache.access-mru-3 = 14, 1, 0, 0, 0, 0, 0, 0, 0, 0, 0, 0, 0, 0, 0, 0
L1-D.access-mru-0 = 4940310, 2810912427, 2815640554, 2819521010, 3040044573, 2817208626, 2822041486, 2815669299, 2813546490, 2817643748, 2818626743, 2829221619, 2810710944, 2817553251, 2813513195, 2805264833
L1-D.access-mru-1 = 56298, 674676, 690957, 719865, 1414728, 664635, 877940, 632277, 658237, 663209, 656263, 613763, 774606, 672121, 742247, 645481
L1-D.access-mru-2 = 5886, 40792, 38978, 29914, 45603, 29045, 43261, 57945, 43568, 34177, 24222, 57040, 36666, 39501, 33903, 41122
L1-D.access-mru-3 = 1058, 17036, 35144, 45910, 24643, 27599, 25278, 17024, 42163, 21419, 30900, 39207, 38195, 47456, 34778, 42554
L1-D.backinval-D = 0, 0, 0, 0, 0, 0, 0, 0, 0, 0, 0, 0, 0, 0, 0, 0
L1-D.backinval-E = 21661, 724291, 677478, 668793, 1617228, 674618, 685400, 661083, 653112, 694643, 680619, 646847, 657454, 651519, 663240, 657136
L1-D.backinval-I = 0, 0, 0, 0, 0, 0, 0, 0, 0, 0, 0, 0, 0, 0, 0, 0
L1-D.backinval-M = 17924, 50487, 24284, 21518, 72255, 23386, 26888, 24958, 20958, 23059, 24021, 21040, 23682, 23612, 23919, 26698
L1-D.backinval-O = 0, 0, 0, 0, 0, 0, 0, 0, 0, 0, 0, 0, 0, 0, 0, 0
L1-D.backinval-S = 6114, 469216, 457528, 458307, 757916, 480676, 456548, 473194, 467770, 446689, 457868, 476879, 475451, 468349, 477338, 469862
L1-D.backinval-u = 0, 0, 0, 0, 0, 0, 0, 0, 0, 0, 0, 0, 0, 0, 0, 0
L1-D.coherency-downgrades = 401, 414832, 494569, 468835, 565187, 475788, 501385, 527645, 521381, 511847, 506238, 511140, 519096, 510442, 497177, 495771
L1-D.coherency-invalidates = 141, 594574, 664028, 662136, 614728, 621759, 643467, 632743, 634246, 632748, 636198, 635032, 620945, 614976, 602318, 599031
L1-D.coherency-upgrades = 0, 0, 0, 0, 0, 0, 0, 0, 0, 0, 0, 0, 0, 0, 0, 0
L1-D.coherency-writebacks = 102, 276871, 288333, 292450, 230589, 282525, 287956, 283421, 244687, 267348, 275202, 283518, 254051, 271527, 287413, 295634
L1-D.evict-D = 0, 0, 0, 0, 0, 0, 0, 0, 0, 0, 0, 0, 0, 0, 0, 0
L1-D.evict-E = 0, 0, 0, 0, 0, 0, 0, 0, 0, 0, 0, 0, 0, 0, 0, 0
L1-D.evict-I = 0, 0, 0, 0, 0, 0, 0, 0, 0, 0, 0, 0, 0, 0, 0, 0
L1-D.evict-M = 0, 0, 0, 0, 0, 0, 0, 0, 0, 0, 0, 0, 0, 0, 0, 0
L1-D.evict-O = 0, 0, 0, 0, 0, 0, 0, 0, 0, 0, 0, 0, 0, 0, 0, 0
L1-D.evict-prefetch = 0, 0, 0, 0, 0, 0, 0, 0, 0, 0, 0, 0, 0, 0, 0, 0
L1-D.evict-S = 0, 0, 0, 0, 0, 0, 0, 0, 0, 0, 0, 0, 0, 0, 0, 0
L1-D.evict-u = 0, 0, 0, 0, 0, 0, 0, 0, 0, 0, 0, 0, 0, 0, 0, 0
L1-D.evict-warmup = 0, 0, 0, 0, 0, 0, 0, 0, 0, 0, 0, 0, 0, 0, 0, 0
L1-D.hits-prefetch = 0, 0, 0, 0, 0, 0, 0, 0, 0, 0, 0, 0, 0, 0, 0, 0
L1-D.hits-warmup = 0, 0, 0, 0, 0, 0, 0, 0, 0, 0, 0, 0, 0, 0, 0, 0
L1-D.invalidate-prefetch = 0, 0, 0, 0, 0, 0, 0, 0, 0, 0, 0, 0, 0, 0, 0, 0
L1-D.invalidate-warmup = 0, 0, 0, 0, 0, 0, 0, 0, 0, 0, 0, 0, 0, 0, 0, 0
L1-D.load-misses = 35352, 2180941, 2170385, 2164519, 3314020, 2151065, 2165883, 2119172, 2101759, 2144070, 2152186, 2145554, 2129575, 2125455, 2145956, 2137852
L1-D.load-misses-D = 0, 0, 0, 0, 0, 0, 0, 0, 0, 0, 0, 0, 0, 0, 0, 0
L1-D.load-misses-E = 8, 2627, 1319, 1305, 5343, 1316, 1319, 1319, 1420, 361, 1328, 1320, 1309, 1317, 1320, 1298
L1-D.load-misses-I = 35313, 2051668, 2041378, 2034495, 3192199, 2014544, 2030542, 1982950, 1962570, 1999923, 2008167, 1999184, 1974682, 1968117, 1988279, 1978797
L1-D.load-misses-M = 0, 0, 0, 0, 0, 0, 0, 0, 0, 0, 0, 0, 0, 0, 0, 0
L1-D.load-misses-O = 0, 0, 0, 0, 0, 0, 0, 0, 0, 0, 0, 0, 0, 0, 0, 0
L1-D.load-misses-S = 31, 126646, 127688, 128719, 116478, 135205, 134022, 134903, 137769, 143786, 142691, 145050, 153584, 156021, 156357, 157757
L1-D.load-misses-u = 0, 0, 0, 0, 0, 0, 0, 0, 0, 0, 0, 0, 0, 0, 0, 0
L1-D.load-overlapping-misses = 0, 0, 0, 0, 0, 0, 0, 0, 0, 0, 0, 0, 0, 0, 0, 0
L1-D.loads = 3207667, 2116423296, 2120207709, 2123141791, 2296753286, 2121325628, 2125161095, 2120138465, 2118570053, 2121669719, 2122411394, 2130355871, 2116556120, 2121595647, 2118637016, 2112386923
L1-D.loads-D = 0, 0, 0, 0, 0, 0, 0, 0, 0, 0, 0, 0, 0, 0, 0, 0
L1-D.loads-E = 522054, 11565216, 12612910, 11842940, 23193399, 11638607, 12495134, 12299701, 11110917, 12731878, 11921825, 11739917, 11964948, 11578771, 11780821, 11751042
L1-D.loads-I = 35313, 2051668, 2041378, 2034495, 3192199, 2014544, 2030542, 1982950, 1962570, 1999923, 2008167, 1999184, 1974682, 1968117, 1988279, 1978797
L1-D.loads-M = 2595529, 1394678726, 1396423786, 1399025433, 1498350526, 1397408608, 1399570684, 1396285346, 1396385065, 1397376965, 1398403626, 1403302253, 1393957780, 1397646272, 1395490882, 1390938450
L1-D.loads-O = 0, 0, 0, 0, 0, 0, 0, 0, 0, 0, 0, 0, 0, 0, 0, 0
L1-D.loads-prefetch = 0, 0, 0, 0, 0, 0, 0, 0, 0, 0, 0, 0, 0, 0, 0, 0
L1-D.loads-S = 54771, 708127686, 709129635, 710238923, 772017162, 710263869, 711064735, 709570468, 709111501, 709560953, 710077776, 713314517, 708658710, 710402487, 709377034, 707718634
L1-D.loads-u = 0, 0, 0, 0, 0, 0, 0, 0, 0, 0, 0, 0, 0, 0, 0, 0
L1-D.loads-where-cache-remote = 2546, 522030, 516348, 496497, 758229, 464726, 473638, 484033, 485783, 471836, 465104, 471782, 481395, 477533, 479741, 470521
L1-D.loads-where-dram = 0, 0, 0, 0, 0, 0, 0, 0, 0, 0, 0, 0, 0, 0, 0, 0
L1-D.loads-where-dram-cache = 0, 0, 0, 0, 0, 0, 0, 0, 0, 0, 0, 0, 0, 0, 0, 0
L1-D.loads-where-dram-local = 1353, 0, 0, 0, 6, 0, 0, 0, 1, 0, 0, 0, 2, 0, 0, 0
L1-D.loads-where-dram-remote = 8162, 41, 14, 4, 16, 4, 3, 6, 6, 5, 17, 3, 4, 5, 4, 2
L1-D.loads-where-L1 = 3172315, 2114242355, 2118037324, 2120977272, 2293439266, 2119174563, 2122995212, 2118019293, 2116468294, 2119525649, 2120259208, 2128210317, 2114426545, 2119470192, 2116491060, 2110249071
L1-D.loads-where-L1_S = 0, 0, 0, 0, 0, 0, 0, 0, 0, 0, 0, 0, 0, 0, 0, 0
L1-D.loads-where-L1I = 0, 0, 0, 0, 0, 0, 0, 0, 0, 0, 0, 0, 0, 0, 0, 0
L1-D.loads-where-L2 = 84, 311827, 311826, 312220, 251106, 316869, 310611, 297166, 300316, 307552, 308835, 311614, 306908, 312344, 316118, 316905
L1-D.loads-where-L2_S = 0, 0, 0, 0, 0, 0, 0, 0, 0, 0, 0, 0, 0, 0, 0, 0
L1-D.loads-where-L3 = 0, 0, 0, 0, 0, 0, 0, 0, 0, 0, 0, 0, 0, 0, 0, 0
L1-D.loads-where-L3_S = 0, 0, 0, 0, 0, 0, 0, 0, 0, 0, 0, 0, 0, 0, 0, 0
L1-D.loads-where-L4 = 0, 0, 0, 0, 0, 0, 0, 0, 0, 0, 0, 0, 0, 0, 0, 0
L1-D.loads-where-L4_S = 0, 0, 0, 0, 0, 0, 0, 0, 0, 0, 0, 0, 0, 0, 0, 0
L1-D.loads-where-miss = 0, 0, 0, 0, 0, 0, 0, 0, 0, 0, 0, 0, 0, 0, 0, 0
L1-D.loads-where-nuca-cache = 23207, 1347043, 1342197, 1355798, 2304663, 1369466, 1381631, 1337967, 1315653, 1364677, 1378230, 1362155, 1341266, 1335573, 1350093, 1350424
L1-D.loads-where-nuca-local = 0, 0, 0, 0, 0, 0, 0, 0, 0, 0, 0, 0, 0, 0, 0, 0
L1-D.loads-where-nuca-remote = 0, 0, 0, 0, 0, 0, 0, 0, 0, 0, 0, 0, 0, 0, 0, 0
L1-D.loads-where-predicate-false = 0, 0, 0, 0, 0, 0, 0, 0, 0, 0, 0, 0, 0, 0, 0, 0
L1-D.loads-where-prefetch-no-mapping = 0, 0, 0, 0, 0, 0, 0, 0, 0, 0, 0, 0, 0, 0, 0, 0
L1-D.loads-where-unknown = 0, 0, 0, 0, 0, 0, 0, 0, 0, 0, 0, 0, 0, 0, 0, 0
L1-D.mshr-latency = 0, 0, 0, 0, 0, 0, 0, 0, 0, 0, 0, 0, 0, 0, 0, 0
L1-D.next_read.no-free-slots = 0, 0, 0, 0, 0, 0, 0, 0, 0, 0, 0, 0, 0, 0, 0, 0
L1-D.next_read.num-barriers = 0, 0, 0, 0, 0, 0, 0, 0, 0, 0, 0, 0, 0, 0, 0, 0
L1-D.next_read.num-requests = 0, 0, 0, 0, 0, 0, 0, 0, 0, 0, 0, 0, 0, 0, 0, 0
L1-D.next_read.requests-out-of-order = 0, 0, 0, 0, 0, 0, 0, 0, 0, 0, 0, 0, 0, 0, 0, 0
L1-D.next_read.requests-simultaneous = 0, 0, 0, 0, 0, 0, 0, 0, 0, 0, 0, 0, 0, 0, 0, 0
L1-D.next_read.total-barrier-delay = 0, 0, 0, 0, 0, 0, 0, 0, 0, 0, 0, 0, 0, 0, 0, 0
L1-D.next_read.total-delay = 0, 0, 0, 0, 0, 0, 0, 0, 0, 0, 0, 0, 0, 0, 0, 0
L1-D.prefetches = 0, 0, 0, 0, 0, 0, 0, 0, 0, 0, 0, 0, 0, 0, 0, 0
L1-D.qbs-query-latency = 0, 0, 0, 0, 0, 0, 0, 0, 0, 0, 0, 0, 0, 0, 0, 0
L1-D.snoop-latency = 0, 0, 0, 0, 0, 0, 0, 0, 0, 0, 0, 0, 0, 0, 0, 0
L1-D.store-misses = 18349, 237490, 294748, 285403, 395043, 254495, 296080, 328856, 279401, 293962, 295106, 290026, 284777, 288563, 291207, 289915
L1-D.store-misses-D = 0, 0, 0, 0, 0, 0, 0, 0, 0, 0, 0, 0, 0, 0, 0, 0
L1-D.store-misses-E = 7421, 24597, 9293, 7440, 30401, 8152, 10099, 9866, 7251, 8785, 9785, 9970, 9798, 9846, 8718, 10510
L1-D.store-misses-I = 10852, 63330, 69684, 68189, 100204, 67904, 69281, 92019, 57829, 64169, 65309, 63692, 56546, 61534, 65610, 69168
L1-D.store-misses-M = 0, 0, 0, 0, 0, 0, 0, 0, 0, 0, 0, 0, 0, 0, 0, 0
L1-D.store-misses-O = 0, 0, 0, 0, 0, 0, 0, 0, 0, 0, 0, 0, 0, 0, 0, 0
L1-D.store-misses-S = 76, 149563, 215771, 209774, 264438, 178439, 216700, 226971, 214321, 221008, 220012, 216364, 218433, 217183, 216879, 210237
L1-D.store-misses-u = 0, 0, 0, 0, 0, 0, 0, 0, 0, 0, 0, 0, 0, 0, 0, 0
L1-D.store-overlapping-misses = 0, 0, 0, 0, 0, 0, 0, 0, 0, 0, 0, 0, 0, 0, 0, 0
L1-D.stores = 1849586, 697640066, 698663057, 699624830, 748485324, 699009837, 700288833, 698686108, 698101565, 699130866, 699374026, 702011338, 697418643, 699130700, 698124270, 696034834
L1-D.stores-D = 0, 0, 0, 0, 0, 0, 0, 0, 0, 0, 0, 0, 0, 0, 0, 0
L1-D.stores-E = 7421, 24597, 9293, 7440, 30401, 8152, 10099, 9866, 7251, 8785, 9785, 9970, 9798, 9846, 8718, 10510
L1-D.stores-I = 10852, 63330, 69684, 68189, 100204, 67904, 69281, 92019, 57829, 64169, 65309, 63692, 56546, 61534, 65610, 69168
L1-D.stores-M = 1831237, 697402576, 698368309, 699339427, 748090281, 698755342, 699992753, 698357252, 697822164, 698836904, 699078920, 701721312, 697133866, 698842137, 697833063, 695744919
L1-D.stores-O = 0, 0, 0, 0, 0, 0, 0, 0, 0, 0, 0, 0, 0, 0, 0, 0
L1-D.stores-prefetch = 0, 0, 0, 0, 0, 0, 0, 0, 0, 0, 0, 0, 0, 0, 0, 0
L1-D.stores-S = 76, 149563, 215771, 209774, 264438, 178439, 216700, 226971, 214321, 221008, 220012, 216364, 218433, 217183, 216879, 210237
L1-D.stores-u = 0, 0, 0, 0, 0, 0, 0, 0, 0, 0, 0, 0, 0, 0, 0, 0
L1-D.stores-where-cache-remote = 0, 0, 0, 0, 0, 0, 0, 0, 0, 0, 0, 0, 0, 0, 0, 0
L1-D.stores-where-dram = 0, 0, 0, 0, 0, 0, 0, 0, 0, 0, 0, 0, 0, 0, 0, 0
L1-D.stores-where-dram-cache = 0, 0, 0, 0, 0, 0, 0, 0, 0, 0, 0, 0, 0, 0, 0, 0
L1-D.stores-where-dram-local = 0, 0, 0, 0, 0, 0, 0, 0, 0, 0, 0, 0, 0, 0, 0, 0
L1-D.stores-where-dram-remote = 0, 0, 0, 0, 0, 0, 0, 0, 0, 0, 0, 0, 0, 0, 0, 0
L1-D.stores-where-L1 = 1831237, 697402576, 698368309, 699339427, 748090281, 698755342, 699992753, 698357252, 697822164, 698836904, 699078920, 701721312, 697133866, 698842137, 697833063, 695744919
L1-D.stores-where-L1_S = 0, 0, 0, 0, 0, 0, 0, 0, 0, 0, 0, 0, 0, 0, 0, 0
L1-D.stores-where-L1I = 0, 0, 0, 0, 0, 0, 0, 0, 0, 0, 0, 0, 0, 0, 0, 0
L1-D.stores-where-L2 = 18349, 237490, 294748, 285403, 395043, 254495, 296080, 328856, 279401, 293962, 295106, 290026, 284777, 288563, 291207, 289915
L1-D.stores-where-L2_S = 0, 0, 0, 0, 0, 0, 0, 0, 0, 0, 0, 0, 0, 0, 0, 0
L1-D.stores-where-L3 = 0, 0, 0, 0, 0, 0, 0, 0, 0, 0, 0, 0, 0, 0, 0, 0
L1-D.stores-where-L3_S = 0, 0, 0, 0, 0, 0, 0, 0, 0, 0, 0, 0, 0, 0, 0, 0
L1-D.stores-where-L4 = 0, 0, 0, 0, 0, 0, 0, 0, 0, 0, 0, 0, 0, 0, 0, 0
L1-D.stores-where-L4_S = 0, 0, 0, 0, 0, 0, 0, 0, 0, 0, 0, 0, 0, 0, 0, 0
L1-D.stores-where-miss = 0, 0, 0, 0, 0, 0, 0, 0, 0, 0, 0, 0, 0, 0, 0, 0
L1-D.stores-where-nuca-cache = 0, 0, 0, 0, 0, 0, 0, 0, 0, 0, 0, 0, 0, 0, 0, 0
L1-D.stores-where-nuca-local = 0, 0, 0, 0, 0, 0, 0, 0, 0, 0, 0, 0, 0, 0, 0, 0
L1-D.stores-where-nuca-remote = 0, 0, 0, 0, 0, 0, 0, 0, 0, 0, 0, 0, 0, 0, 0, 0
L1-D.stores-where-predicate-false = 0, 0, 0, 0, 0, 0, 0, 0, 0, 0, 0, 0, 0, 0, 0, 0
L1-D.stores-where-prefetch-no-mapping = 0, 0, 0, 0, 0, 0, 0, 0, 0, 0, 0, 0, 0, 0, 0, 0
L1-D.stores-where-unknown = 0, 0, 0, 0, 0, 0, 0, 0, 0, 0, 0, 0, 0, 0, 0, 0
L1-D.total-latency = 7688918450770, 79653189236114, 84047981562624, 84518797526208, 110361708542263, 79729655680030, 83303574723503, 79147413345314, 76211289437034, 81333030739901, 82537909763389, 82347550306821, 84577171611747, 82974001789698, 84568846982169, 84154831477468
L1-I.access-mru-0 = 1616852, 1397142945, 1399904792, 1401854965, 1504224700, 1400636809, 1403207989, 1399844898, 1398810503, 1400865191, 1401366883, 1406679413, 1397444035, 1400825576, 1398866173, 1394686692
L1-I.access-mru-1 = 33482, 129111, 121440, 125233, 304281, 123759, 121638, 128346, 133302, 128209, 125781, 120712, 124662, 121750, 123300, 124105
L1-I.access-mru-2 = 7972, 32436, 26237, 25365, 76464, 25561, 25784, 26936, 27037, 27320, 27045, 24823, 26971, 26079, 26256, 27181
L1-I.access-mru-3 = 1745, 3594, 40, 34, 135, 41, 38, 32, 41, 42, 35, 24, 35, 41, 37, 37
L1-I.backinval-D = 0, 0, 0, 0, 0, 0, 0, 0, 0, 0, 0, 0, 0, 0, 0, 0
L1-I.backinval-E = 5707, 49535, 87, 119, 6606, 88, 135, 72, 75, 80, 118, 95, 119, 116, 116, 124
L1-I.backinval-I = 0, 0, 0, 0, 0, 0, 0, 0, 0, 0, 0, 0, 0, 0, 0, 0
L1-I.backinval-M = 0, 0, 0, 0, 0, 0, 0, 0, 0, 0, 0, 0, 0, 0, 0, 0
L1-I.backinval-O = 0, 0, 0, 0, 0, 0, 0, 0, 0, 0, 0, 0, 0, 0, 0, 0
L1-I.backinval-S = 325, 174740, 146228, 144984, 261025, 160298, 160503, 151026, 140965, 155499, 152960, 155010, 160706, 149980, 146272, 161118
L1-I.backinval-u = 0, 0, 0, 0, 0, 0, 0, 0, 0, 0, 0, 0, 0, 0, 0, 0
L1-I.coherency-downgrades = 101, 3134, 2185, 1697, 23491, 2090, 2238, 2482, 4813, 2642, 2316, 1571, 2485, 1842, 2039, 1524
L1-I.coherency-invalidates = 0, 0, 0, 0, 0, 0, 0, 0, 0, 0, 0, 0, 0, 0, 0, 0
L1-I.coherency-upgrades = 0, 0, 0, 0, 0, 0, 0, 0, 0, 0, 0, 0, 0, 0, 0, 0
L1-I.coherency-writebacks = 0, 0, 0, 0, 0, 0, 0, 0, 0, 0, 0, 0, 0, 0, 0, 0
L1-I.evict-D = 0, 0, 0, 0, 0, 0, 0, 0, 0, 0, 0, 0, 0, 0, 0, 0
L1-I.evict-E = 0, 0, 0, 0, 0, 0, 0, 0, 0, 0, 0, 0, 0, 0, 0, 0
L1-I.evict-I = 0, 0, 0, 0, 0, 0, 0, 0, 0, 0, 0, 0, 0, 0, 0, 0
L1-I.evict-M = 0, 0, 0, 0, 0, 0, 0, 0, 0, 0, 0, 0, 0, 0, 0, 0
L1-I.evict-O = 0, 0, 0, 0, 0, 0, 0, 0, 0, 0, 0, 0, 0, 0, 0, 0
L1-I.evict-prefetch = 0, 0, 0, 0, 0, 0, 0, 0, 0, 0, 0, 0, 0, 0, 0, 0
L1-I.evict-S = 0, 0, 0, 0, 0, 0, 0, 0, 0, 0, 0, 0, 0, 0, 0, 0
L1-I.evict-u = 0, 0, 0, 0, 0, 0, 0, 0, 0, 0, 0, 0, 0, 0, 0, 0
L1-I.evict-warmup = 0, 0, 0, 0, 0, 0, 0, 0, 0, 0, 0, 0, 0, 0, 0, 0
L1-I.hits-prefetch = 0, 0, 0, 0, 0, 0, 0, 0, 0, 0, 0, 0, 0, 0, 0, 0
L1-I.hits-warmup = 0, 0, 0, 0, 0, 0, 0, 0, 0, 0, 0, 0, 0, 0, 0, 0
L1-I.invalidate-prefetch = 0, 0, 0, 0, 0, 0, 0, 0, 0, 0, 0, 0, 0, 0, 0, 0
L1-I.invalidate-warmup = 0, 0, 0, 0, 0, 0, 0, 0, 0, 0, 0, 0, 0, 0, 0, 0
L1-I.load-misses = 6321, 224444, 146467, 145254, 267785, 160587, 160791, 151255, 141195, 155729, 153229, 155259, 160979, 150250, 146543, 161400
L1-I.load-misses-D = 0, 0, 0, 0, 0, 0, 0, 0, 0, 0, 0, 0, 0, 0, 0, 0
L1-I.load-misses-E = 0, 0, 0, 0, 0, 0, 0, 0, 0, 0, 0, 0, 0, 0, 0, 0
L1-I.load-misses-I = 6321, 224444, 146467, 145254, 267785, 160587, 160791, 151255, 141195, 155729, 153229, 155259, 160979, 150250, 146543, 161400
L1-I.load-misses-M = 0, 0, 0, 0, 0, 0, 0, 0, 0, 0, 0, 0, 0, 0, 0, 0
L1-I.load-misses-O = 0, 0, 0, 0, 0, 0, 0, 0, 0, 0, 0, 0, 0, 0, 0, 0
L1-I.load-misses-S = 0, 0, 0, 0, 0, 0, 0, 0, 0, 0, 0, 0, 0, 0, 0, 0
L1-I.load-misses-u = 0, 0, 0, 0, 0, 0, 0, 0, 0, 0, 0, 0, 0, 0, 0, 0
L1-I.load-overlapping-misses = 0, 0, 0, 0, 0, 0, 0, 0, 0, 0, 0, 0, 0, 0, 0, 0
L1-I.loads = 1666372, 1397532530, 1400198976, 1402150851, 1504873365, 1400946757, 1403516240, 1400151467, 1399112078, 1401176491, 1401672973, 1406980231, 1397756682, 1401123696, 1399162309, 1394999415
L1-I.loads-D = 0, 0, 0, 0, 0, 0, 0, 0, 0, 0, 0, 0, 0, 0, 0, 0
L1-I.loads-E = 1653812, 572301, 11573, 8979, 209138, 9208, 15405, 13014, 48292, 19021, 13799, 9405, 7326, 9835, 11083, 10104
L1-I.loads-I = 6321, 224444, 146467, 145254, 267785, 160587, 160791, 151255, 141195, 155729, 153229, 155259, 160979, 150250, 146543, 161400
L1-I.loads-M = 0, 0, 0, 0, 0, 0, 0, 0, 0, 0, 0, 0, 0, 0, 0, 0
L1-I.loads-O = 0, 0, 0, 0, 0, 0, 0, 0, 0, 0, 0, 0, 0, 0, 0, 0
L1-I.loads-prefetch = 0, 0, 0, 0, 0, 0, 0, 0, 0, 0, 0, 0, 0, 0, 0, 0
L1-I.loads-S = 6239, 1396735785, 1400040936, 1401996618, 1504396442, 1400776962, 1403340044, 1399987198, 1398922591, 1401001741, 1401505945, 1406815567, 1397588377, 1400963611, 1399004683, 1394827911
L1-I.loads-u = 0, 0, 0, 0, 0, 0, 0, 0, 0, 0, 0, 0, 0, 0, 0, 0
L1-I.loads-where-cache-remote = 18, 3998, 3130, 2688, 10659, 2993, 2851, 3652, 4765, 3766, 3340, 2532, 3964, 2711, 2927, 2654
L1-I.loads-where-dram = 0, 0, 0, 0, 0, 0, 0, 0, 0, 0, 0, 0, 0, 0, 0, 0
L1-I.loads-where-dram-cache = 0, 0, 0, 0, 0, 0, 0, 0, 0, 0, 0, 0, 0, 0, 0, 0
L1-I.loads-where-dram-local = 353, 0, 0, 0, 15, 0, 0, 0, 4, 0, 0, 0, 0, 0, 0, 0
L1-I.loads-where-dram-remote = 1033, 152, 9, 0, 39, 24, 4, 36, 12, 3, 31, 1, 4, 23, 27, 1
L1-I.loads-where-L1 = 0, 0, 0, 0, 0, 0, 0, 0, 0, 0, 0, 0, 0, 0, 0, 0
L1-I.loads-where-L1_S = 0, 0, 0, 0, 0, 0, 0, 0, 0, 0, 0, 0, 0, 0, 0, 0
L1-I.loads-where-L1I = 1660051, 1397308086, 1400052509, 1402005597, 1504605580, 1400786170, 1403355449, 1400000212, 1398970883, 1401020762, 1401519744, 1406824972, 1397595703, 1400973446, 1399015766, 1394838015
L1-I.loads-where-L2 = 2, 0, 0, 0, 0, 0, 0, 0, 0, 0, 0, 0, 0, 0, 0, 0
L1-I.loads-where-L2_S = 0, 0, 0, 0, 0, 0, 0, 0, 0, 0, 0, 0, 0, 0, 0, 0
L1-I.loads-where-L3 = 0, 0, 0, 0, 0, 0, 0, 0, 0, 0, 0, 0, 0, 0, 0, 0
L1-I.loads-where-L3_S = 0, 0, 0, 0, 0, 0, 0, 0, 0, 0, 0, 0, 0, 0, 0, 0
L1-I.loads-where-L4 = 0, 0, 0, 0, 0, 0, 0, 0, 0, 0, 0, 0, 0, 0, 0, 0
L1-I.loads-where-L4_S = 0, 0, 0, 0, 0, 0, 0, 0, 0, 0, 0, 0, 0, 0, 0, 0
L1-I.loads-where-miss = 0, 0, 0, 0, 0, 0, 0, 0, 0, 0, 0, 0, 0, 0, 0, 0
L1-I.loads-where-nuca-cache = 4915, 220294, 143328, 142566, 257072, 157570, 157936, 147567, 136414, 151960, 149858, 152726, 157011, 147516, 143589, 158745
L1-I.loads-where-nuca-local = 0, 0, 0, 0, 0, 0, 0, 0, 0, 0, 0, 0, 0, 0, 0, 0
L1-I.loads-where-nuca-remote = 0, 0, 0, 0, 0, 0, 0, 0, 0, 0, 0, 0, 0, 0, 0, 0
L1-I.loads-where-predicate-false = 0, 0, 0, 0, 0, 0, 0, 0, 0, 0, 0, 0, 0, 0, 0, 0
L1-I.loads-where-prefetch-no-mapping = 0, 0, 0, 0, 0, 0, 0, 0, 0, 0, 0, 0, 0, 0, 0, 0
L1-I.loads-where-unknown = 0, 0, 0, 0, 0, 0, 0, 0, 0, 0, 0, 0, 0, 0, 0, 0
L1-I.mshr-latency = 0, 0, 0, 0, 0, 0, 0, 0, 0, 0, 0, 0, 0, 0, 0, 0
L1-I.next_read.no-free-slots = 0, 0, 0, 0, 0, 0, 0, 0, 0, 0, 0, 0, 0, 0, 0, 0
L1-I.next_read.num-barriers = 0, 0, 0, 0, 0, 0, 0, 0, 0, 0, 0, 0, 0, 0, 0, 0
L1-I.next_read.num-requests = 0, 0, 0, 0, 0, 0, 0, 0, 0, 0, 0, 0, 0, 0, 0, 0
L1-I.next_read.requests-out-of-order = 0, 0, 0, 0, 0, 0, 0, 0, 0, 0, 0, 0, 0, 0, 0, 0
L1-I.next_read.requests-simultaneous = 0, 0, 0, 0, 0, 0, 0, 0, 0, 0, 0, 0, 0, 0, 0, 0
L1-I.next_read.total-barrier-delay = 0, 0, 0, 0, 0, 0, 0, 0, 0, 0, 0, 0, 0, 0, 0, 0
L1-I.next_read.total-delay = 0, 0, 0, 0, 0, 0, 0, 0, 0, 0, 0, 0, 0, 0, 0, 0
L1-I.prefetches = 0, 0, 0, 0, 0, 0, 0, 0, 0, 0, 0, 0, 0, 0, 0, 0
L1-I.qbs-query-latency = 0, 0, 0, 0, 0, 0, 0, 0, 0, 0, 0, 0, 0, 0, 0, 0
L1-I.snoop-latency = 0, 0, 0, 0, 0, 0, 0, 0, 0, 0, 0, 0, 0, 0, 0, 0
L1-I.store-misses = 0, 0, 0, 0, 0, 0, 0, 0, 0, 0, 0, 0, 0, 0, 0, 0
L1-I.store-misses-D = 0, 0, 0, 0, 0, 0, 0, 0, 0, 0, 0, 0, 0, 0, 0, 0
L1-I.store-misses-E = 0, 0, 0, 0, 0, 0, 0, 0, 0, 0, 0, 0, 0, 0, 0, 0
L1-I.store-misses-I = 0, 0, 0, 0, 0, 0, 0, 0, 0, 0, 0, 0, 0, 0, 0, 0
L1-I.store-misses-M = 0, 0, 0, 0, 0, 0, 0, 0, 0, 0, 0, 0, 0, 0, 0, 0
L1-I.store-misses-O = 0, 0, 0, 0, 0, 0, 0, 0, 0, 0, 0, 0, 0, 0, 0, 0
L1-I.store-misses-S = 0, 0, 0, 0, 0, 0, 0, 0, 0, 0, 0, 0, 0, 0, 0, 0
L1-I.store-misses-u = 0, 0, 0, 0, 0, 0, 0, 0, 0, 0, 0, 0, 0, 0, 0, 0
L1-I.store-overlapping-misses = 0, 0, 0, 0, 0, 0, 0, 0, 0, 0, 0, 0, 0, 0, 0, 0
L1-I.stores = 0, 0, 0, 0, 0, 0, 0, 0, 0, 0, 0, 0, 0, 0, 0, 0
L1-I.stores-D = 0, 0, 0, 0, 0, 0, 0, 0, 0, 0, 0, 0, 0, 0, 0, 0
L1-I.stores-E = 0, 0, 0, 0, 0, 0, 0, 0, 0, 0, 0, 0, 0, 0, 0, 0
L1-I.stores-I = 0, 0, 0, 0, 0, 0, 0, 0, 0, 0, 0, 0, 0, 0, 0, 0
L1-I.stores-M = 0, 0, 0, 0, 0, 0, 0, 0, 0, 0, 0, 0, 0, 0, 0, 0
L1-I.stores-O = 0, 0, 0, 0, 0, 0, 0, 0, 0, 0, 0, 0, 0, 0, 0, 0
L1-I.stores-prefetch = 0, 0, 0, 0, 0, 0, 0, 0, 0, 0, 0, 0, 0, 0, 0, 0
L1-I.stores-S = 0, 0, 0, 0, 0, 0, 0, 0, 0, 0, 0, 0, 0, 0, 0, 0
L1-I.stores-u = 0, 0, 0, 0, 0, 0, 0, 0, 0, 0, 0, 0, 0, 0, 0, 0
L1-I.stores-where-cache-remote = 0, 0, 0, 0, 0, 0, 0, 0, 0, 0, 0, 0, 0, 0, 0, 0
L1-I.stores-where-dram = 0, 0, 0, 0, 0, 0, 0, 0, 0, 0, 0, 0, 0, 0, 0, 0
L1-I.stores-where-dram-cache = 0, 0, 0, 0, 0, 0, 0, 0, 0, 0, 0, 0, 0, 0, 0, 0
L1-I.stores-where-dram-local = 0, 0, 0, 0, 0, 0, 0, 0, 0, 0, 0, 0, 0, 0, 0, 0
L1-I.stores-where-dram-remote = 0, 0, 0, 0, 0, 0, 0, 0, 0, 0, 0, 0, 0, 0, 0, 0
L1-I.stores-where-L1 = 0, 0, 0, 0, 0, 0, 0, 0, 0, 0, 0, 0, 0, 0, 0, 0
L1-I.stores-where-L1_S = 0, 0, 0, 0, 0, 0, 0, 0, 0, 0, 0, 0, 0, 0, 0, 0
L1-I.stores-where-L1I = 0, 0, 0, 0, 0, 0, 0, 0, 0, 0, 0, 0, 0, 0, 0, 0
L1-I.stores-where-L2 = 0, 0, 0, 0, 0, 0, 0, 0, 0, 0, 0, 0, 0, 0, 0, 0
L1-I.stores-where-L2_S = 0, 0, 0, 0, 0, 0, 0, 0, 0, 0, 0, 0, 0, 0, 0, 0
L1-I.stores-where-L3 = 0, 0, 0, 0, 0, 0, 0, 0, 0, 0, 0, 0, 0, 0, 0, 0
L1-I.stores-where-L3_S = 0, 0, 0, 0, 0, 0, 0, 0, 0, 0, 0, 0, 0, 0, 0, 0
L1-I.stores-where-L4 = 0, 0, 0, 0, 0, 0, 0, 0, 0, 0, 0, 0, 0, 0, 0, 0
L1-I.stores-where-L4_S = 0, 0, 0, 0, 0, 0, 0, 0, 0, 0, 0, 0, 0, 0, 0, 0
L1-I.stores-where-miss = 0, 0, 0, 0, 0, 0, 0, 0, 0, 0, 0, 0, 0, 0, 0, 0
L1-I.stores-where-nuca-cache = 0, 0, 0, 0, 0, 0, 0, 0, 0, 0, 0, 0, 0, 0, 0, 0
L1-I.stores-where-nuca-local = 0, 0, 0, 0, 0, 0, 0, 0, 0, 0, 0, 0, 0, 0, 0, 0
L1-I.stores-where-nuca-remote = 0, 0, 0, 0, 0, 0, 0, 0, 0, 0, 0, 0, 0, 0, 0, 0
L1-I.stores-where-predicate-false = 0, 0, 0, 0, 0, 0, 0, 0, 0, 0, 0, 0, 0, 0, 0, 0
L1-I.stores-where-prefetch-no-mapping = 0, 0, 0, 0, 0, 0, 0, 0, 0, 0, 0, 0, 0, 0, 0, 0
L1-I.stores-where-unknown = 0, 0, 0, 0, 0, 0, 0, 0, 0, 0, 0, 0, 0, 0, 0, 0
L1-I.total-latency = 324978445595, 7315412786513, 4658245964708, 4872243406969, 8627855990810, 5087828413568, 5147651053260, 5293366457999, 4727226290879, 5023859753918, 4979875448940, 4924498171492, 5345396387636, 4801080627937, 4701353550950, 5217494303576
l1misslat = 33516289.0731
L2.access-mru-0 = 1, 0, 0, 0, 0, 0, 0, 0, 0, 0, 0, 0, 0, 0, 0, 0
L2.access-mru-1 = 2, 0, 0, 0, 0, 0, 0, 0, 0, 0, 0, 0, 0, 0, 0, 0
L2.access-mru-2 = 1, 0, 0, 0, 0, 0, 0, 0, 0, 0, 0, 0, 0, 0, 0, 0
L2.access-mru-3 = 0, 0, 0, 0, 0, 0, 0, 0, 0, 0, 0, 0, 0, 0, 0, 0
L2.backinval-D = 0, 0, 0, 0, 0, 0, 0, 0, 0, 0, 0, 0, 0, 0, 0, 0
L2.backinval-E = 0, 0, 0, 0, 0, 0, 0, 0, 0, 0, 0, 0, 0, 0, 0, 0
L2.backinval-I = 0, 0, 0, 0, 0, 0, 0, 0, 0, 0, 0, 0, 0, 0, 0, 0
L2.backinval-M = 0, 0, 0, 0, 0, 0, 0, 0, 0, 0, 0, 0, 0, 0, 0, 0
L2.backinval-O = 0, 0, 0, 0, 0, 0, 0, 0, 0, 0, 0, 0, 0, 0, 0, 0
L2.backinval-S = 0, 0, 0, 0, 0, 0, 0, 0, 0, 0, 0, 0, 0, 0, 0, 0
L2.backinval-u = 0, 0, 0, 0, 0, 0, 0, 0, 0, 0, 0, 0, 0, 0, 0, 0
L2.coherency-downgrades = 497, 417966, 496754, 470532, 588678, 477878, 503623, 530127, 526194, 514489, 508554, 512711, 521581, 512284, 499216, 497295
L2.coherency-invalidates = 141, 691824, 771519, 767857, 701264, 733820, 756703, 730344, 759182, 761137, 761511, 758179, 769762, 760898, 748628, 742708
L2.coherency-upgrades = 107, 178187, 235032, 231904, 293721, 200766, 236704, 263505, 226436, 235658, 236613, 237486, 222502, 226609, 226241, 223583
L2.coherency-writebacks = 102, 276871, 288333, 292450, 230589, 282525, 287956, 283421, 244687, 267348, 275202, 283518, 254051, 271527, 287413, 295634
L2.evict-D = 0, 0, 0, 0, 0, 0, 0, 0, 0, 0, 0, 0, 0, 0, 0, 0
L2.evict-E = 27368, 773826, 677565, 668912, 1623834, 674706, 685535, 661155, 653187, 694723, 680737, 646942, 657573, 651635, 663356, 657260
L2.evict-I = 0, 0, 0, 0, 0, 0, 0, 0, 0, 0, 0, 0, 0, 0, 0, 0
L2.evict-M = 17924, 50487, 24284, 21518, 72255, 23386, 26888, 24958, 20958, 23059, 24021, 21040, 23682, 23612, 23919, 26698
L2.evict-O = 0, 0, 0, 0, 0, 0, 0, 0, 0, 0, 0, 0, 0, 0, 0, 0
L2.evict-prefetch = 0, 0, 0, 0, 0, 0, 0, 0, 0, 0, 0, 0, 0, 0, 0, 0
L2.evict-S = 6435, 643956, 603756, 603291, 1018941, 640974, 617051, 624220, 608735, 602188, 610828, 631889, 636157, 618329, 623610, 630980
L2.evict-u = 0, 0, 0, 0, 0, 0, 0, 0, 0, 0, 0, 0, 0, 0, 0, 0
L2.evict-warmup = 0, 0, 0, 0, 0, 0, 0, 0, 0, 0, 0, 0, 0, 0, 0, 0
L2.hits-prefetch = 0, 0, 0, 0, 0, 0, 0, 0, 0, 0, 0, 0, 0, 0, 0, 0
L2.hits-warmup = 0, 0, 0, 0, 0, 0, 0, 0, 0, 0, 0, 0, 0, 0, 0, 0
L2.invalidate-prefetch = 0, 0, 0, 0, 0, 0, 0, 0, 0, 0, 0, 0, 0, 0, 0, 0
L2.invalidate-warmup = 0, 0, 0, 0, 0, 0, 0, 0, 0, 0, 0, 0, 0, 0, 0, 0
L2.load-misses = 41669, 2405385, 2316852, 2309773, 3581805, 2311652, 2326674, 2270427, 2242954, 2299799, 2305415, 2300813, 2290554, 2275705, 2292499, 2299252
L2.load-misses-D = 0, 0, 0, 0, 0, 0, 0, 0, 0, 0, 0, 0, 0, 0, 0, 0
L2.load-misses-E = 8, 2627, 1319, 1305, 5343, 1316, 1319, 1319, 1420, 361, 1328, 1320, 1309, 1317, 1320, 1298
L2.load-misses-I = 41630, 2276493, 2188202, 2180149, 3460211, 2175499, 2191692, 2134473, 2104082, 2155999, 2161773, 2154774, 2135994, 2118698, 2135182, 2140528
L2.load-misses-M = 0, 0, 0, 0, 0, 0, 0, 0, 0, 0, 0, 0, 0, 0, 0, 0
L2.load-misses-O = 0, 0, 0, 0, 0, 0, 0, 0, 0, 0, 0, 0, 0, 0, 0, 0
L2.load-misses-S = 31, 126265, 127331, 128319, 116251, 134837, 133663, 134635, 137452, 143439, 142314, 144719, 153251, 155690, 155997, 157426
L2.load-misses-u = 0, 0, 0, 0, 0, 0, 0, 0, 0, 0, 0, 0, 0, 0, 0, 0
L2.load-overlapping-misses = 27, 384079, 395294, 399422, 334711, 390319, 392930, 388570, 361958, 370681, 383762, 389510, 360525, 376122, 383725, 385405
L2.loads = 41673, 2405385, 2316852, 2309773, 3581805, 2311652, 2326674, 2270427, 2242954, 2299799, 2305415, 2300813, 2290554, 2275705, 2292499, 2299252
L2.loads-D = 0, 0, 0, 0, 0, 0, 0, 0, 0, 0, 0, 0, 0, 0, 0, 0
L2.loads-E = 12, 2627, 1319, 1305, 5343, 1316, 1319, 1319, 1420, 361, 1328, 1320, 1309, 1317, 1320, 1298
L2.loads-I = 41630, 2276493, 2188202, 2180149, 3460211, 2175499, 2191692, 2134473, 2104082, 2155999, 2161773, 2154774, 2135994, 2118698, 2135182, 2140528
L2.loads-M = 0, 0, 0, 0, 0, 0, 0, 0, 0, 0, 0, 0, 0, 0, 0, 0
L2.loads-O = 0, 0, 0, 0, 0, 0, 0, 0, 0, 0, 0, 0, 0, 0, 0, 0
L2.loads-prefetch = 0, 0, 0, 0, 0, 0, 0, 0, 0, 0, 0, 0, 0, 0, 0, 0
L2.loads-S = 31, 126265, 127331, 128319, 116251, 134837, 133663, 134635, 137452, 143439, 142314, 144719, 153251, 155690, 155997, 157426
L2.loads-u = 0, 0, 0, 0, 0, 0, 0, 0, 0, 0, 0, 0, 0, 0, 0, 0
L2.mshr-latency = 0, 0, 0, 0, 0, 0, 0, 0, 0, 0, 0, 0, 0, 0, 0, 0
L2.next_read.no-free-slots = 0, 0, 0, 0, 0, 0, 0, 0, 0, 0, 0, 0, 0, 0, 0, 0
L2.next_read.num-barriers = 0, 0, 0, 0, 0, 0, 0, 0, 0, 0, 0, 0, 0, 0, 0, 0
L2.next_read.num-requests = 0, 0, 0, 0, 0, 0, 0, 0, 0, 0, 0, 0, 0, 0, 0, 0
L2.next_read.requests-out-of-order = 0, 0, 0, 0, 0, 0, 0, 0, 0, 0, 0, 0, 0, 0, 0, 0
L2.next_read.requests-simultaneous = 0, 0, 0, 0, 0, 0, 0, 0, 0, 0, 0, 0, 0, 0, 0, 0
L2.next_read.total-barrier-delay = 0, 0, 0, 0, 0, 0, 0, 0, 0, 0, 0, 0, 0, 0, 0, 0
L2.next_read.total-delay = 0, 0, 0, 0, 0, 0, 0, 0, 0, 0, 0, 0, 0, 0, 0, 0
L2.prefetches = 0, 0, 0, 0, 0, 0, 0, 0, 0, 0, 0, 0, 0, 0, 0, 0
L2.qbs-query-latency = 0, 0, 0, 0, 0, 0, 0, 0, 0, 0, 0, 0, 0, 0, 0, 0
L2.snoop-latency = 0, 0, 0, 0, 0, 0, 0, 0, 0, 0, 0, 0, 0, 0, 0, 0
L2.store-misses = 18349, 237490, 294748, 285403, 395043, 254495, 296080, 328856, 279401, 293962, 295106, 290026, 284777, 288563, 291207, 289915
L2.store-misses-D = 0, 0, 0, 0, 0, 0, 0, 0, 0, 0, 0, 0, 0, 0, 0, 0
L2.store-misses-E = 7421, 24597, 9293, 7440, 30401, 8152, 10099, 9866, 7251, 8785, 9785, 9970, 9798, 9846, 8718, 10510
L2.store-misses-I = 10852, 63721, 70263, 68657, 100636, 68353, 69704, 92519, 58230, 64569, 65709, 64142, 56911, 61876, 65935, 69571
L2.store-misses-M = 0, 0, 0, 0, 0, 0, 0, 0, 0, 0, 0, 0, 0, 0, 0, 0
L2.store-misses-O = 0, 0, 0, 0, 0, 0, 0, 0, 0, 0, 0, 0, 0, 0, 0, 0
L2.store-misses-S = 76, 149172, 215192, 209306, 264006, 177990, 216277, 226471, 213920, 220608, 219612, 215914, 218068, 216841, 216554, 209834
L2.store-misses-u = 0, 0, 0, 0, 0, 0, 0, 0, 0, 0, 0, 0, 0, 0, 0, 0
L2.store-overlapping-misses = 2422, 179770, 223812, 217783, 259668, 194652, 224036, 257996, 211075, 226113, 223925, 223678, 213119, 219393, 219659, 219189
L2.stores = 18349, 237490, 294748, 285403, 395043, 254495, 296080, 328856, 279401, 293962, 295106, 290026, 284777, 288563, 291207, 289915
L2.stores-D = 0, 0, 0, 0, 0, 0, 0, 0, 0, 0, 0, 0, 0, 0, 0, 0
L2.stores-E = 7421, 24597, 9293, 7440, 30401, 8152, 10099, 9866, 7251, 8785, 9785, 9970, 9798, 9846, 8718, 10510
L2.stores-I = 10852, 63721, 70263, 68657, 100636, 68353, 69704, 92519, 58230, 64569, 65709, 64142, 56911, 61876, 65935, 69571
L2.stores-M = 0, 0, 0, 0, 0, 0, 0, 0, 0, 0, 0, 0, 0, 0, 0, 0
L2.stores-O = 0, 0, 0, 0, 0, 0, 0, 0, 0, 0, 0, 0, 0, 0, 0, 0
L2.stores-prefetch = 0, 0, 0, 0, 0, 0, 0, 0, 0, 0, 0, 0, 0, 0, 0, 0
L2.stores-S = 76, 149172, 215192, 209306, 264006, 177990, 216277, 226471, 213920, 220608, 219612, 215914, 218068, 216841, 216554, 209834
L2.stores-u = 0, 0, 0, 0, 0, 0, 0, 0, 0, 0, 0, 0, 0, 0, 0, 0
L2.total-latency = 0, 0, 0, 0, 0, 0, 0, 0, 0, 0, 0, 0, 0, 0, 0, 0
L2.uncore-requests = 52588, 2607702, 2583461, 2571660, 3926590, 2544723, 2594083, 2571748, 2495624, 2570084, 2571445, 2563423, 2546477, 2536438, 2555751, 2560951
L2.uncore-time-dram = 0, 0, 0, 0, 0, 0, 0, 0, 0, 0, 0, 0, 0, 0, 0, 0
L2.uncore-time-dram-bus = 154517058356, 4408511348, 438322352, 354029592, 1137952260, 581620044, 252878280, 632195700, 539473664, 429893076, 750205564, 370888144, 362458868, 438322352, 573190768, 345600316
L2.uncore-time-dram-cache = 0, 0, 0, 0, 0, 0, 0, 0, 0, 0, 0, 0, 0, 0, 0, 0
L2.uncore-time-dram-cache-bus = 0, 0, 0, 0, 0, 0, 0, 0, 0, 0, 0, 0, 0, 0, 0, 0
L2.uncore-time-dram-cache-data = 0, 0, 0, 0, 0, 0, 0, 0, 0, 0, 0, 0, 0, 0, 0, 0
L2.uncore-time-dram-cache-queue = 0, 0, 0, 0, 0, 0, 0, 0, 0, 0, 0, 0, 0, 0, 0, 0
L2.uncore-time-dram-cache-tags = 0, 0, 0, 0, 0, 0, 0, 0, 0, 0, 0, 0, 0, 0, 0, 0
L2.uncore-time-dram-device = 824895000000, 23535000000, 2340000000, 1890000000, 6075000000, 3105000000, 1350000000, 3375000000, 2880000000, 2295000000, 4005000000, 1980000000, 1935000000, 2340000000, 3060000000, 1845000000
L2.uncore-time-dram-queue = 262487412290, 1572738414, 125306047, 68563182, 161046988, 99454500, 120095012, 213258475, 334105721, 396758114, 183907630, 133872629, 46688321, 73643202, 88629452, 67068966
L2.uncore-time-inv-imbalance = 1157831224, 3916278458774, 3937574161893, 2564328527482, 3912017084892, 2242739641722, 3104182986981, 2269559654734, 2237772244299, 1635520651497, 2390321521906, 1438095314075, 2067180544229, 1167669409965, 2204914078217, 801718405100
L2.uncore-time-noc-base = 1747790721934, 30220706579793, 30433839550210, 31960650523740, 41838761501593, 27381578279741, 27613053813959, 27327747540671, 27344417108655, 28958564896393, 27466966767716, 28112890826703, 34047347394971, 32303406295083, 32856705235475, 34301314870192
L2.uncore-time-noc-queue = 4439743195351, 21581650137483, 23715380248295, 24103750198436, 24169392695035, 24410073118225, 26461553514394, 23893074809477, 21428691854847, 24645964720507, 26559256710218, 26606364820137, 22974717868931, 23518915852572, 23330106260644, 23007583466508
L2.uncore-time-nuca-bus = 158262166, 68492311332, 84537933134, 100882228030, 74323586967, 91634133356, 108889283588, 109406292804, 115813376902, 106598631844, 133560123335, 142890051884, 116498778919, 96743333934, 74748484050, 80639955352
L2.uncore-time-nuca-data = 94754673072, 4545083284797, 4201331805309, 4203110565688, 7610483338699, 4311104928913, 4333273380974, 4213439953956, 4099382030998, 4285028712621, 4307428008157, 4261640426209, 4238932113448, 4176048801617, 4205069719561, 4259776087901
L2.uncore-time-nuca-ecc = 0, 0, 0, 0, 0, 0, 0, 0, 0, 0, 0, 0, 0, 0, 0, 0
L2.uncore-time-nuca-queue = 31536749856, 1433114641700, 1292945520909, 1280383893869, 2464364171509, 1326122538019, 1324811755520, 1292009772000, 1255291970368, 1318404887360, 1315991404106, 1299653224736, 1306297314169, 1283373351072, 1293225957840, 1310024337072
L2.uncore-time-nuca-tags = 37471343886, 1076869655672, 971227880208, 961785044406, 1851195816288, 996161255834, 995148126900, 970542919350, 942954259896, 990349673794, 988566938766, 976260208702, 981250234112, 964037205045, 971451187974, 984049655742
L2.uncore-time-remote-cache-inv = 0, 0, 0, 0, 0, 0, 0, 0, 0, 0, 0, 0, 0, 0, 0, 0
L2.uncore-time-remote-cache-wb = 0, 0, 0, 0, 0, 0, 0, 0, 0, 0, 0, 0, 0, 0, 0, 0
L2.uncore-time-td-access = 207762688350, 12891331023854, 13025857738147, 13192862431797, 19083696505070, 12954317691797, 13101006096429, 13411264651491, 12777074419875, 13310182457238, 13083237199678, 13319456802147, 13070738270039, 13281317498664, 13179623382407, 13436660438773
L2.uncore-time-unknown = 189036000000, 9788972288264, 9305397276442, 9383938397248, 15829259057878, 9559593752182, 9634492591584, 9324576508433, 9089571480171, 9501777856461, 9564135668705, 9468831583299, 9379481201679, 9276277109974, 9344840972547, 9443977408711
L2.uncore-totaltime = 7991310936485, 85552014631431, 86970995742946, 87754004403470, 116840867757179, 83277089557893, 86678134523621, 82815841222115, 79294722325396, 84755514138905, 85814360361749, 85628540990127, 88184787867686, 86070640823480, 87464393684663, 87627999378169
ncores = 16
network.shmem-1.mesh.bytes-in = 109471758, 249739072, 295429120, 242765520, 394686292, 243016994, 294424464, 932641184, 506690002, 236925814, 306549370, 253269168, 306572518, 258401338, 308236734, 259290572
network.shmem-1.mesh.bytes-out = 171768396, 210666562, 273679748, 206138644, 312700452, 204911672, 271212174, 1054729730, 748435202, 200218008, 285425954, 222294034, 291498340, 229569894, 290253468, 224607642
network.shmem-1.mesh.contention-delay = 9015831707491, 25789309523587, 29306566348628, 26053187432241, 29068399777354, 27360989225925, 30693381936383, 130320435604778, 44502085840902, 27568134309986, 33251201118410, 28347985518054, 32147908243204, 29824580506322, 32367824244276, 28503313258123
network.shmem-1.mesh.link-down.num-requests = 0, 0, 0, 0, 3939341, 5248238, 6920470, 5441563, 7443837, 5689232, 7795998, 17016502, 7936962, 3207527, 4768402, 9047037
network.shmem-1.mesh.link-down.num-requests-analytical = 0, 0, 0, 0, 0, 0, 0, 0, 0, 0, 0, 0, 0, 0, 0, 0
network.shmem-1.mesh.link-down.total-queue-delay = 0, 0, 0, 0, 1447906738271, 2090060219499, 2655945237118, 1844551249615, 3095678258242, 2859298728798, 4441218952847, 19274805356717, 1613249824845, 1620853698243, 2326846001517, 2906474449640
network.shmem-1.mesh.link-down.total-time-used = 0, 0, 0, 0, 4296112090126, 9844139610124, 11811779184380, 9888610547570, 12496416988230, 10580237361904, 13289519237796, 27997885425764, 10842419572284, 5941792857874, 7796915150492, 14610708388086
network.shmem-1.mesh.link-in.num-requests = 2968952, 6399244, 7327014, 6371194, 9663064, 6359637, 7336161, 24374913, 17235502, 6312049, 7820336, 6835212, 7791158, 6967467, 7800050, 6907934
network.shmem-1.mesh.link-in.num-requests-analytical = 852, 0, 0, 0, 0, 0, 0, 0, 0, 0, 0, 0, 0, 0, 0, 0
network.shmem-1.mesh.link-in.total-queue-delay = 4532673552725, 2812967217172, 4757139030064, 3067938420207, 5292572886026, 3002007305558, 4691169385513, 110225572192959, 85296558700616, 3013604987270, 5975639597799, 3921927302451, 5710129986453, 4132138203761, 5684713598392, 3830289427848
network.shmem-1.mesh.link-in.total-time-used = 8053772316496, 9431345015672, 12208309051116, 9417852331796, 13509446032160, 9320870960502, 12150089146710, 44425522541262, 32428179465236, 9241826497550, 12836935908352, 10221943861584, 13005283861756, 10460346103242, 12931830818092, 10246283501212
network.shmem-1.mesh.link-left.num-requests = 0, 6424312, 6158118, 4314591, 0, 10782182, 16158657, 19482294, 0, 6507276, 6508203, 4728669, 0, 7353420, 7168489, 4795528
network.shmem-1.mesh.link-left.num-requests-analytical = 0, 0, 0, 0, 0, 0, 0, 0, 0, 0, 0, 0, 0, 0, 0, 0
network.shmem-1.mesh.link-left.total-queue-delay = 0, 950944884325, 1937609502027, 198561788638, 0, 2194729739458, 10441577961437, 29513339641419, 0, 1005050877122, 2331421251559, 321524786370, 0, 1776151837028, 3106022219990, 328545938616
network.shmem-1.mesh.link-left.total-time-used = 0, 8558499178352, 9186844018812, 6116445896346, 0, 16615700213284, 28270605846966, 35177248977252, 0, 8772169032264, 9801158244906, 6870107043894, 0, 10209174011904, 10961081376902, 6996382524416
network.shmem-1.mesh.link-out.num-requests = 4750191, 5914741, 7728248, 5997420, 8627840, 5908856, 7696056, 24024058, 17666950, 5862634, 8175268, 6488101, 8246381, 6633521, 8219161, 6530461
network.shmem-1.mesh.link-out.num-requests-analytical = 0, 0, 0, 0, 0, 0, 0, 0, 0, 0, 0, 0, 0, 0, 0, 0
network.shmem-1.mesh.link-out.total-queue-delay = 1573708253912, 2386826950256, 2379675030225, 1970600256895, 6154625905257, 3398834500277, 4180511426731, 73679557739292, 13313771637661, 3169158088415, 4989612883889, 3164060319057, 3001216477525, 2251402700243, 2607831269921, 2039156038049
network.shmem-1.mesh.link-out.total-time-used = 5131536395994, 11266032193598, 13231542020104, 11137938543072, 17359115176048, 11110206710320, 13241946704640, 38687261431004, 21069265427300, 10965493663028, 13830617740856, 11676519595958, 13714992163294, 11814223415566, 13778138021918, 11875008210038
network.shmem-1.mesh.link-right.num-requests = 2360180, 5312290, 5562332, 0, 6888873, 8900038, 7826070, 0, 14286741, 13348518, 10316177, 0, 5898710, 8518580, 8167290, 0
network.shmem-1.mesh.link-right.num-requests-analytical = 884, 512, 227, 0, 0, 0, 0, 0, 0, 0, 0, 0, 0, 0, 0, 0
network.shmem-1.mesh.link-right.total-queue-delay = 626060813836, 2497175177094, 1612448727839, 0, 531019790868, 3097390299270, 2145051674556, 0, 14966823231043, 7692955275283, 3492361423915, 0, 732793867785, 3929810011629, 2907208409051, 0
network.shmem-1.mesh.link-right.total-time-used = 6244990468840, 10061197525460, 10090135343992, 0, 10263618180006, 13369813232828, 12546903215220, 0, 27030865798326, 23851016054436, 18093177673006, 0, 10337840501644, 13957867782328, 13495093753908, 0
network.shmem-1.mesh.link-up.num-requests = 6222234, 2514437, 4425667, 7063078, 14655263, 6771522, 9338905, 7332648, 6937475, 5678382, 7209184, 5297802, 0, 0, 0, 0
network.shmem-1.mesh.link-up.num-requests-analytical = 164, 132, 132, 144, 14, 14, 14, 15, 0, 0, 0, 0, 0, 0, 0, 0
network.shmem-1.mesh.link-up.total-queue-delay = 1360419042746, 1144703291145, 2395372885789, 2198649203635, 6711461557087, 2795157644967, 4502053880941, 3241900588287, 2278151847818, 2081821295805, 2985972302532, 1704411936983, 0, 0, 0, 0
network.shmem-1.mesh.link-up.total-time-used = 9531856720140, 4821590216038, 7689210274394, 12142213783940, 20234574507634, 12317062798860, 15804645917774, 13359404010360, 11680794363562, 10163790085884, 12145147178384, 9740721867420, 0, 0, 0, 0
network.shmem-1.mesh.packets-in = 4763265, 6202336, 8115520, 6168056, 9317734, 6100679, 8046872, 27043056, 19546415, 5981101, 8520155, 6635496, 8662549, 6845019, 8645641, 6723242
network.shmem-1.mesh.packets-out = 2982026, 6686839, 7714286, 6541830, 10352958, 6551460, 7686977, 27393911, 19114967, 6430516, 8165223, 6982607, 8207326, 7178965, 8226530, 7100715
network.shmem-1.mesh.total-delay = 26063701322887, 49460019697587, 58085155187214, 50461746359583, 62942670110270, 47734241919007, 55852909977905, 216816285228730, 101987440396226, 47827438547902, 59858671938400, 51551224176350, 66571482928304, 55240448370072, 62986326462524, 55509869225673
nuca-cache-queue.num-requests = 1470541, 1007639, 1351197, 960939, 1371745, 917449, 1321356, 3329659, 5427614, 884144, 1314399, 984774, 1431029, 1012784, 1373862, 970260
nuca-cache-queue.num-requests-analytical = 0, 0, 0, 0, 0, 0, 0, 0, 0, 0, 0, 0, 0, 0, 0, 0
nuca-cache-queue.total-queue-delay = 36405484355, 17489670727, 37066320162, 18342900104, 40631495732, 15765703833, 34608957867, 187243266247, 1824878978332, 14730923498, 38674392155, 22288009986, 39007163185, 18238730489, 37211472648, 16196300276
nuca-cache-queue.total-time-used = 1471976248016, 1008622455664, 1352515768272, 961876876464, 1373083823120, 918344430224, 1322645643456, 3332908747184, 5432911351264, 885006924544, 1315681853424, 985735139424, 1432425684304, 1013772477184, 1375202889312, 971206973760
nuca-cache.access-mru-0 = 1418561, 969116, 1300115, 923853, 1321157, 878888, 1271071, 3289899, 5379819, 858774, 1291699, 962125, 1402606, 974504, 1344437, 930092
nuca-cache.access-mru-1 = 51948, 38486, 51071, 37074, 50573, 38546, 50271, 38768, 47788, 24636, 22694, 22457, 28403, 38266, 29406, 40148
nuca-cache.access-mru-10 = 0, 0, 0, 0, 0, 0, 0, 0, 0, 0, 0, 0, 0, 0, 0, 0
nuca-cache.access-mru-11 = 0, 0, 0, 0, 0, 0, 0, 0, 0, 0, 0, 0, 0, 0, 0, 0
nuca-cache.access-mru-12 = 0, 0, 0, 0, 0, 0, 0, 0, 0, 0, 0, 0, 0, 0, 0, 0
nuca-cache.access-mru-13 = 0, 0, 0, 0, 0, 0, 0, 0, 0, 0, 0, 0, 0, 0, 0, 0
nuca-cache.access-mru-14 = 0, 0, 0, 0, 0, 0, 0, 0, 0, 0, 0, 0, 0, 0, 0, 0
nuca-cache.access-mru-15 = 0, 0, 0, 0, 0, 0, 0, 0, 0, 0, 0, 0, 0, 0, 0, 0
nuca-cache.access-mru-2 = 30, 35, 8, 9, 14, 11, 11, 992, 7, 729, 6, 189, 15, 11, 13, 18
nuca-cache.access-mru-3 = 1, 1, 3, 3, 1, 4, 1, 0, 0, 4, 0, 3, 5, 3, 3, 2
nuca-cache.access-mru-4 = 1, 1, 0, 0, 0, 0, 2, 0, 0, 1, 0, 0, 0, 0, 3, 0
nuca-cache.access-mru-5 = 0, 0, 0, 0, 0, 0, 0, 0, 0, 0, 0, 0, 0, 0, 0, 0
nuca-cache.access-mru-6 = 0, 0, 0, 0, 0, 0, 0, 0, 0, 0, 0, 0, 0, 0, 0, 0
nuca-cache.access-mru-7 = 0, 0, 0, 0, 0, 0, 0, 0, 0, 0, 0, 0, 0, 0, 0, 0
nuca-cache.access-mru-8 = 0, 0, 0, 0, 0, 0, 0, 0, 0, 0, 0, 0, 0, 0, 0, 0
nuca-cache.access-mru-9 = 0, 0, 0, 0, 0, 0, 0, 0, 0, 0, 0, 0, 0, 0, 0, 0
nuca-cache.read-misses = 1225, 1193, 1190, 1195, 1220, 1237, 1258, 1269, 1234, 1236, 1243, 1231, 1274, 1252, 1230, 1222
nuca-cache.reads = 1432514, 975330, 1313731, 926181, 1301708, 888237, 1288954, 3316905, 5389663, 873975, 1300423, 972648, 1414915, 1003565, 1360799, 940863
nuca-cache.write-misses = 1225, 1193, 1190, 1195, 1220, 1237, 1258, 1269, 1234, 1236, 1243, 1231, 1274, 1252, 1230, 1222
nuca-cache.writes = 40477, 34695, 39846, 37148, 72477, 31686, 34918, 15292, 40419, 12641, 16462, 14588, 18662, 11723, 15523, 31841
performance_model.cpiDTLBMiss = 0, 0, 0, 0, 0, 0, 0, 0, 0, 0, 0, 0, 0, 0, 0, 0
performance_model.cpiFastforwardTime = 0, 0, 0, 0, 0, 0, 0, 0, 0, 0, 0, 0, 0, 0, 0, 0
performance_model.cpiITLBMiss = 0, 0, 0, 0, 0, 0, 0, 0, 0, 0, 0, 0, 0, 0, 0, 0
performance_model.cpiRecv = 0, 0, 0, 0, 0, 0, 0, 0, 0, 0, 0, 0, 0, 0, 0, 0
performance_model.cpiStartTime = 0, 2000902277412, 2001489494130, 2001822952023, 2002016936547, 2002213928583, 2002529341404, 2002651145640, 2002959791559, 2003202648153, 2003594752530, 2003858285769, 2004090616071, 2004377833467, 2004560915760, 2004878208276
performance_model.cpiSyncDvfsTransition = 0, 0, 0, 0, 0, 0, 0, 0, 0, 0, 0, 0, 0, 0, 0, 0
performance_model.cpiSyncFutex = 1803218847988548, 179726298283970, 176580162161171, 173582271932637, 48143784754347, 176473756778370, 173316837196435, 181798104510713, 182432783887582, 177119221845149, 175636866940422, 169189893898549, 179566556175085, 175315007512930, 177651466506935, 182041780257714
performance_model.cpiSyncJoin = 0, 0, 0, 0, 0, 0, 0, 0, 0, 0, 0, 0, 0, 0, 0, 0
performance_model.cpiSyncMemAccess = 0, 0, 0, 0, 0, 0, 0, 0, 0, 0, 0, 0, 0, 0, 0, 0
performance_model.cpiSyncPause = 0, 0, 0, 0, 0, 0, 0, 0, 0, 0, 0, 0, 0, 0, 0, 0
performance_model.cpiSyncPthreadBarrier = 0, 0, 0, 0, 0, 0, 0, 0, 0, 0, 0, 0, 0, 0, 0, 0
performance_model.cpiSyncPthreadCond = 0, 0, 0, 0, 0, 0, 0, 0, 0, 0, 0, 0, 0, 0, 0, 0
performance_model.cpiSyncPthreadMutex = 0, 0, 0, 0, 0, 0, 0, 0, 0, 0, 0, 0, 0, 0, 0, 0
performance_model.cpiSyncSleep = 0, 0, 0, 0, 0, 0, 0, 0, 0, 0, 0, 0, 0, 0, 0, 0
performance_model.cpiSyncSyscall = 383490324, 0, 0, 0, 0, 0, 0, 0, 0, 0, 0, 0, 0, 0, 0, 0
performance_model.cpiSyncUnscheduled = 0, 781809511302, 782815904525, 782912903567, 783951623024, 779675674758, 779894860755, 780389956598, 780352380778, 781059886676, 781063634766, 781850488653, 781516643521, 781582804265, 782221911865, 782404255840
performance_model.cpiUnknown = 102668564961, 0, 0, 0, 0, 0, 0, 0, 0, 0, 0, 0, 0, 0, 0, 0
performance_model.cycle_count = 4804624713.51, 4803969818.97, 4803975129.97, 4803970691.97, 4803978965.97, 4803981465.97, 4803969612.97, 4803969368.97, 4803970021.97, 4803967201.97, 4803972873.97, 4803970584.96, 4803970639.97, 4803970977.96, 4803970794.96, 4803971107.96
performance_model.dyninsn_cost = 0, 0, 0, 0, 0, 0, 0, 0, 0, 0, 0, 0, 0, 0, 0, 0
performance_model.dyninsn_count = 0, 0, 0, 0, 0, 0, 0, 0, 0, 0, 0, 0, 0, 0, 0, 0
performance_model.dyninsn_zero_count = 0, 0, 0, 0, 0, 0, 0, 0, 0, 0, 0, 0, 0, 0, 0, 0
performance_model.elapsed_time = 1806249892298736, 1806003691342352, 1806005687958901, 1806004019537099, 1806007130063165, 1806008069912925, 1806003613896658, 1806003522167542, 1806003767657969, 1806002707507729, 1806004839838257, 1806003979309366, 1806003999988271, 1806004127051133, 1806004058254296, 1806004175925463
performance_model.elapsed_time_begin = 0, 0, 0, 0, 0, 0, 0, 0, 0, 0, 0, 0, 0, 0, 0, 0
performance_model.elapsed_time_end = 1806249892298736, 1806003691342352, 1806005687958901, 1806004019537099, 1806007130063165, 1806008069912925, 1806003613896658, 1806003522167542, 1806003767657969, 1806002707507729, 1806004839838257, 1806003979309366, 1806003999988271, 1806004127051133, 1806004058254296, 1806004175925463
performance_model.idle_elapsed_time = 1803219231478872, 182509010072684, 179364467559826, 176367007788227, 50929753313918, 179255646381711, 176099261398594, 184581145612951, 185216096059919, 179903484379978, 178421525327718, 171975602672971, 182352163434677, 178100968150662, 180438249334560, 184829062721830
performance_model.instruction_count = 12080679, 6339655524, 6350446066, 6359233809, 6868077333, 6353746394, 6365250816, 6350313892, 6345483957, 6354787260, 6357010251, 6380818362, 6339444034, 6354617110, 6345695283, 6326938538
pthread.pthread_barrier_wait_count = 0, 0, 0, 0, 0, 0, 0, 0, 0, 0, 0, 0, 0, 0, 0, 0
pthread.pthread_barrier_wait_delay_mem = 0, 0, 0, 0, 0, 0, 0, 0, 0, 0, 0, 0, 0, 0, 0, 0
pthread.pthread_barrier_wait_delay_sync = 0, 0, 0, 0, 0, 0, 0, 0, 0, 0, 0, 0, 0, 0, 0, 0
pthread.pthread_cond_broadcast_count = 0, 0, 0, 0, 0, 0, 0, 0, 0, 0, 0, 0, 0, 0, 0, 0
pthread.pthread_cond_broadcast_delay_mem = 0, 0, 0, 0, 0, 0, 0, 0, 0, 0, 0, 0, 0, 0, 0, 0
pthread.pthread_cond_broadcast_delay_sync = 0, 0, 0, 0, 0, 0, 0, 0, 0, 0, 0, 0, 0, 0, 0, 0
pthread.pthread_cond_signal_count = 0, 0, 0, 0, 0, 0, 0, 0, 0, 0, 0, 0, 0, 0, 0, 0
pthread.pthread_cond_signal_delay_mem = 0, 0, 0, 0, 0, 0, 0, 0, 0, 0, 0, 0, 0, 0, 0, 0
pthread.pthread_cond_signal_delay_sync = 0, 0, 0, 0, 0, 0, 0, 0, 0, 0, 0, 0, 0, 0, 0, 0
pthread.pthread_cond_wait_count = 0, 0, 0, 0, 0, 0, 0, 0, 0, 0, 0, 0, 0, 0, 0, 0
pthread.pthread_cond_wait_delay_mem = 0, 0, 0, 0, 0, 0, 0, 0, 0, 0, 0, 0, 0, 0, 0, 0
pthread.pthread_cond_wait_delay_sync = 0, 0, 0, 0, 0, 0, 0, 0, 0, 0, 0, 0, 0, 0, 0, 0
pthread.pthread_mutex_lock_contended = 0, 0, 0, 0, 0, 0, 0, 0, 0, 0, 0, 0, 0, 0, 0, 0
pthread.pthread_mutex_lock_count = 0, 0, 0, 0, 0, 0, 0, 0, 0, 0, 0, 0, 0, 0, 0, 0
pthread.pthread_mutex_lock_delay_mem = 0, 0, 0, 0, 0, 0, 0, 0, 0, 0, 0, 0, 0, 0, 0, 0
pthread.pthread_mutex_lock_delay_sync = 0, 0, 0, 0, 0, 0, 0, 0, 0, 0, 0, 0, 0, 0, 0, 0
pthread.pthread_mutex_trylock_count = 0, 0, 0, 0, 0, 0, 0, 0, 0, 0, 0, 0, 0, 0, 0, 0
pthread.pthread_mutex_trylock_delay_mem = 0, 0, 0, 0, 0, 0, 0, 0, 0, 0, 0, 0, 0, 0, 0, 0
pthread.pthread_mutex_trylock_delay_sync = 0, 0, 0, 0, 0, 0, 0, 0, 0, 0, 0, 0, 0, 0, 0, 0
pthread.pthread_mutex_unlock_contended = 0, 0, 0, 0, 0, 0, 0, 0, 0, 0, 0, 0, 0, 0, 0, 0
pthread.pthread_mutex_unlock_count = 0, 0, 0, 0, 0, 0, 0, 0, 0, 0, 0, 0, 0, 0, 0, 0
pthread.pthread_mutex_unlock_delay_mem = 0, 0, 0, 0, 0, 0, 0, 0, 0, 0, 0, 0, 0, 0, 0, 0
pthread.pthread_mutex_unlock_delay_sync = 0, 0, 0, 0, 0, 0, 0, 0, 0, 0, 0, 0, 0, 0, 0, 0
pthread_locks_contended = 0.0
roi.instrs = 95803873833
roi.ipscore = 191644.351522
roi.ipstotal = 3066309.62436
roi.walltime = 31244.031285
stlb.access = 4800, 228917, 213852, 218049, 425584, 214134, 211145, 201332, 226245, 213213, 219307, 232792, 207440, 218323, 199662, 201845
stlb.miss = 710, 2737, 2375, 2641, 2964, 1410, 1418, 1300, 1443, 2397, 1143, 2698, 1232, 1377, 1147, 1321
stlb_cache.access-mru-0 = 642, 1652, 2312, 1312, 5721, 1293, 1368, 2058, 2043, 860, 800, 985, 2167, 1113, 2419, 1377
stlb_cache.access-mru-1 = 2733, 181437, 179621, 185687, 351358, 190436, 182173, 168013, 193075, 181574, 197167, 204998, 178714, 197117, 172970, 172048
stlb_cache.access-mru-2 = 308, 16562, 12003, 11011, 42848, 8994, 11989, 6288, 13631, 10528, 4573, 12008, 10820, 5886, 9831, 6141
stlb_cache.access-mru-3 = 407, 26529, 17541, 17398, 22693, 12001, 14197, 23673, 16053, 17854, 15624, 12103, 14507, 12830, 13295, 20958
syscall.stderr-bytes = 52, 0, 0, 0, 0, 0, 0, 0, 0, 0, 0, 0, 0, 0, 0, 0
syscall.stdout-bytes = 114, 0, 0, 0, 0, 0, 0, 0, 0, 0, 0, 0, 0, 0, 0, 0
thread.bottle_contrib_time = 3022866417499, 110596747144337, 110206018492836, 110390222550955, 129751328268312, 110248822716191, 110559693914510, 109846213575138, 109890349714428, 110277745276285, 110323061198248, 110973640665939, 109901009410124, 110329041817540, 110103763186002, 109766971712310, 129810924824865, 17574847933, 15694782273, 15467440768, 15486305549, 15669959118, 15806606656, 15530736175, 15391204227, 15475154639, 15358821825, 15347429385, 15334659013, 16146662400, 15280484176, 16356158903, 15165313192
thread.bottle_runtime_time = 3031567213313, 1635874688725870, 1638594883229954, 1641462009365899, 1738885124508141, 1638883448864469, 1641887694065376, 1634123553832819, 1633509108610928, 1638401875486578, 1639771888045774, 1646071838651087, 1635827498387034, 1640000413649253, 1637671334884036, 1633150700650092, 1739382523548920, 246341557570, 243365624446, 241372765027, 241631039640, 240887808237, 241020138765, 243681786885, 241861109788, 243199457148, 241887054099, 241673894426, 241670135036, 239854727865, 241043444723, 241501338425, 238654726057
thread.elapsed_time = 1806249800000000, 1802975497722588, 1802975110505870, 1802975077047977, 1802974183063453, 1802974386071417, 1802974070658596, 1802973648854360, 1802973940208441, 1802973197351847, 1802973105247470, 1802972341714231, 1802972509383929, 1802972522166533, 1802971939084240, 1802971621791724, 1802971279311295, 250674651253, 247014501465, 246725780087, 246435555631, 245158488588, 246943827645, 245841948402, 245698715643, 245535558569, 245233303387, 245108867804, 244316011323, 246089320106, 244186689211, 247071276164, 242267893617
thread.instruction_count = 12080679, 6338721143, 6349508638, 6358302539, 3426532010, 6352795934, 6364305423, 6349368500, 6344537620, 6353841898, 6356065831, 6379877026, 6338504656, 6353677730, 6344757907, 6326002164, 3440608815, 631579, 945252, 945246, 946125, 945227, 944260, 941139, 939139, 939245, 937184, 936142, 934131, 937178, 931263, 936399, 318744
thread.instructions_by_core[0] = 12080679, 0, 0, 0, 0, 0, 0, 0, 0, 0, 0, 0, 0, 0, 0, 0
thread.instructions_by_core[10] = 0, 0, 0, 0, 0, 0, 0, 0, 0, 0, 6356065831, 0, 0, 0, 0, 0, 0, 0, 0, 0, 0, 0, 944260
thread.instructions_by_core[11] = 0, 0, 0, 0, 0, 0, 0, 0, 0, 0, 0, 6379877026, 0, 0, 0, 0, 0, 0, 0, 0, 0, 0, 0, 941139
thread.instructions_by_core[12] = 0, 0, 0, 0, 0, 0, 0, 0, 0, 0, 0, 0, 6338504656, 0, 0, 0, 0, 0, 0, 0, 0, 0, 0, 0, 939139
thread.instructions_by_core[13] = 0, 0, 0, 0, 0, 0, 0, 0, 0, 0, 0, 0, 0, 6353677730, 0, 0, 0, 0, 0, 0, 0, 0, 0, 0, 0, 939245
thread.instructions_by_core[14] = 0, 0, 0, 0, 0, 0, 0, 0, 0, 0, 0, 0, 0, 0, 6344757907, 0, 0, 0, 0, 0, 0, 0, 0, 0, 0, 0, 937184
thread.instructions_by_core[15] = 0, 0, 0, 0, 0, 0, 0, 0, 0, 0, 0, 0, 0, 0, 0, 6326002164, 0, 0, 0, 0, 0, 0, 0, 0, 0, 0, 0, 936142
thread.instructions_by_core[1] = 0, 6338721143, 0, 0, 0, 0, 0, 0, 0, 0, 0, 0, 0, 0, 0, 0, 0, 0, 0, 0, 0, 0, 0, 0, 0, 0, 0, 0, 934131
thread.instructions_by_core[2] = 0, 0, 6349508638, 0, 0, 0, 0, 0, 0, 0, 0, 0, 0, 0, 0, 0, 0, 0, 0, 0, 0, 0, 0, 0, 0, 0, 0, 0, 0, 937178
thread.instructions_by_core[3] = 0, 0, 0, 6358302539, 0, 0, 0, 0, 0, 0, 0, 0, 0, 0, 0, 0, 0, 0, 0, 0, 0, 0, 0, 0, 0, 0, 0, 0, 0, 0, 931263
thread.instructions_by_core[4] = 0, 0, 0, 0, 3426532010, 0, 0, 0, 0, 0, 0, 0, 0, 0, 0, 0, 3440608815, 0, 0, 0, 0, 0, 0, 0, 0, 0, 0, 0, 0, 0, 0, 936399
thread.instructions_by_core[5] = 0, 0, 0, 0, 0, 6352795934, 0, 0, 0, 0, 0, 0, 0, 0, 0, 0, 0, 631579, 0, 0, 0, 0, 0, 0, 0, 0, 0, 0, 0, 0, 0, 0, 318744
thread.instructions_by_core[6] = 0, 0, 0, 0, 0, 0, 6364305423, 0, 0, 0, 0, 0, 0, 0, 0, 0, 0, 0, 945252
thread.instructions_by_core[7] = 0, 0, 0, 0, 0, 0, 0, 6349368500, 0, 0, 0, 0, 0, 0, 0, 0, 0, 0, 0, 945246
thread.instructions_by_core[8] = 0, 0, 0, 0, 0, 0, 0, 0, 6344537620, 0, 0, 0, 0, 0, 0, 0, 0, 0, 0, 0, 946125
thread.instructions_by_core[9] = 0, 0, 0, 0, 0, 0, 0, 0, 0, 6353841898, 0, 0, 0, 0, 0, 0, 0, 0, 0, 0, 0, 945227
thread.nonidle_cycle_count = 8061557, 4317857666, 4326235419, 4334197230, 2329938959, 4326515204, 4334905687, 4312343933, 4310659721, 4324790419, 4328737441, 4345871331, 4318271688, 4329578834, 4323362753, 4311683669, 2337929571, 426870, 639646, 639380, 635273, 633336, 633882, 643926, 641806, 643360, 642072, 641773, 637824, 629820, 637218, 637156, 219158
thread.nonidle_elapsed_time = 3030660819864, 1623254761887075, 1626404293114983, 1629397455147414, 875916902002275, 1626509475208098, 1629663792139476, 1621181929729581, 1620548767626696, 1625861060132166, 1627344902643336, 1633786214777667, 1623410409279672, 1627661215838241, 1625324343300036, 1620933710365746, 878920891453845, 160477456869, 240468629472, 240368629698, 238824648225, 238096454382, 238301717076, 242077648392, 241280657712, 241864866918, 241380657486, 241268251725, 239783668614, 236774652858, 239555849580, 239532541362, 82390415301
thread.time_by_core[0] = 3030660819864, 0, 0, 0, 0, 0, 0, 0, 0, 0, 0, 0, 0, 0, 0, 0
thread.time_by_core[10] = 0, 0, 0, 0, 0, 0, 0, 0, 0, 0, 1627344902643336, 0, 0, 0, 0, 0, 0, 0, 0, 0, 0, 0, 238301717076
thread.time_by_core[11] = 0, 0, 0, 0, 0, 0, 0, 0, 0, 0, 0, 1633786214777667, 0, 0, 0, 0, 0, 0, 0, 0, 0, 0, 0, 242077648392
thread.time_by_core[12] = 0, 0, 0, 0, 0, 0, 0, 0, 0, 0, 0, 0, 1623410409279672, 0, 0, 0, 0, 0, 0, 0, 0, 0, 0, 0, 241280657712
thread.time_by_core[13] = 0, 0, 0, 0, 0, 0, 0, 0, 0, 0, 0, 0, 0, 1627661215838241, 0, 0, 0, 0, 0, 0, 0, 0, 0, 0, 0, 241864866918
thread.time_by_core[14] = 0, 0, 0, 0, 0, 0, 0, 0, 0, 0, 0, 0, 0, 0, 1625324343300036, 0, 0, 0, 0, 0, 0, 0, 0, 0, 0, 0, 241380657486
thread.time_by_core[15] = 0, 0, 0, 0, 0, 0, 0, 0, 0, 0, 0, 0, 0, 0, 0, 1620933710365746, 0, 0, 0, 0, 0, 0, 0, 0, 0, 0, 0, 241268251725
thread.time_by_core[1] = 0, 1623254761887075, 0, 0, 0, 0, 0, 0, 0, 0, 0, 0, 0, 0, 0, 0, 0, 0, 0, 0, 0, 0, 0, 0, 0, 0, 0, 0, 239783668614
thread.time_by_core[2] = 0, 0, 1626404293114983, 0, 0, 0, 0, 0, 0, 0, 0, 0, 0, 0, 0, 0, 0, 0, 0, 0, 0, 0, 0, 0, 0, 0, 0, 0, 0, 236774652858
thread.time_by_core[3] = 0, 0, 0, 1629397455147414, 0, 0, 0, 0, 0, 0, 0, 0, 0, 0, 0, 0, 0, 0, 0, 0, 0, 0, 0, 0, 0, 0, 0, 0, 0, 0, 239555849580
thread.time_by_core[4] = 0, 0, 0, 0, 875916902002275, 0, 0, 0, 0, 0, 0, 0, 0, 0, 0, 0, 878920891453845, 0, 0, 0, 0, 0, 0, 0, 0, 0, 0, 0, 0, 0, 0, 239532541362
thread.time_by_core[5] = 0, 0, 0, 0, 0, 1626509475208098, 0, 0, 0, 0, 0, 0, 0, 0, 0, 0, 0, 160477456869, 0, 0, 0, 0, 0, 0, 0, 0, 0, 0, 0, 0, 0, 0, 82390415301
thread.time_by_core[6] = 0, 0, 0, 0, 0, 0, 1629663792139476, 0, 0, 0, 0, 0, 0, 0, 0, 0, 0, 0, 240468629472
thread.time_by_core[7] = 0, 0, 0, 0, 0, 0, 0, 1621181929729581, 0, 0, 0, 0, 0, 0, 0, 0, 0, 0, 0, 240368629698
thread.time_by_core[8] = 0, 0, 0, 0, 0, 0, 0, 0, 1620548767626696, 0, 0, 0, 0, 0, 0, 0, 0, 0, 0, 0, 238824648225
thread.time_by_core[9] = 0, 0, 0, 0, 0, 0, 0, 0, 0, 1625861060132166, 0, 0, 0, 0, 0, 0, 0, 0, 0, 0, 0, 238096454382
thread.unscheduled_time = 1803219231478872, 169243745651380, 166377835474700, 163559621931846, 915459192850078, 166123938732846, 163149281563113, 170970729328111, 171424172615288, 166659156438543, 165261224465191, 158898126980729, 169154111812927, 165004313905475, 167397613501344, 171895938528033, 912338304456039, 87208460825, 4555633322, 5375182602, 5611272294, 5065406606, 6642475231, 2766917820, 4444362158, 2693607455, 3853005591, 3841729681, 3552632590, 7326686471, 3650000791, 6539850664, 157878219143
time.walltime = 31244031285, 0, 0, 0, 0, 0, 0, 0, 0, 0, 0, 0, 0, 0, 0, 0
vmem = 2763186176
walltime = 31244.51301
