barrier.global_time = 1173292100000000, 0, 0, 0, 0, 0, 0, 0, 0, 0, 0, 0, 0, 0, 0, 0
barrier.global_time_begin = 0, 0, 0, 0, 0, 0, 0, 0, 0, 0, 0, 0, 0, 0, 0, 0
barrier.global_time_end = 1173292100000000, 0, 0, 0, 0, 0, 0, 0, 0, 0, 0, 0, 0, 0, 0, 0
branch_predictor.num-correct = 159814668, 958421, 1900372, 953867, 951321, 953978, 953016, 955341, 958090, 952255, 953265, 959647, 952857, 948195, 945800, 954988
branch_predictor.num-incorrect = 14793526, 69662, 138746, 69248, 69599, 69714, 70001, 69878, 70619, 70556, 71366, 70827, 68987, 69264, 69733, 71206
core.instructions = 1282531577, 16360064, 32422879, 16263856, 16224659, 16278243, 16269931, 16310517, 16334058, 16272179, 16251203, 16350035, 16238239, 16171689, 16132825, 16276153
core.spin_elapsed_time = 0, 0, 0, 0, 0, 0, 0, 0, 0, 0, 0, 0, 0, 0, 0, 0
core.spin_instructions = 0, 0, 0, 0, 0, 0, 0, 0, 0, 0, 0, 0, 0, 0, 0, 0
core.spin_loops = 0, 0, 0, 0, 0, 0, 0, 0, 0, 0, 0, 0, 0, 0, 0, 0
corefreq = 2660000000.0, 2660000000.0, 2660000000.0, 2660000000.0, 2660000000.0, 2660000000.0, 2660000000.0, 2660000000.0, 2660000000.0, 2660000000.0, 2660000000.0, 2660000000.0, 2660000000.0, 2660000000.0, 2660000000.0, 2660000000.0
directory.entries-allocated = 65536, 65536, 65536, 65536, 65536, 65536, 65536, 65536, 65536, 65536, 65536, 65536, 65536, 65536, 65536, 65536
directory.evict-E = 0, 22, 1, 0, 0, 0, 0, 0, 0, 0, 0, 0, 0, 0, 0, 0
directory.evict-M = 0, 5, 0, 0, 0, 0, 0, 0, 0, 0, 0, 0, 0, 0, 0, 0
directory.evict-O = 0, 0, 0, 0, 0, 0, 0, 0, 0, 0, 0, 0, 0, 0, 0, 0
directory.evict-S = 0, 0, 0, 0, 0, 0, 0, 0, 0, 0, 0, 0, 0, 0, 0, 0
directory.forward = 0, 0, 0, 0, 0, 0, 0, 0, 0, 0, 0, 0, 0, 0, 0, 0
directory.forward-failed = 0, 0, 0, 0, 0, 0, 0, 0, 0, 0, 0, 0, 0, 0, 0, 0
dram-queue.num-requests = 1391574, 0, 0, 0, 1386960, 0, 0, 0, 1390650, 0, 0, 0, 1391424, 0, 0, 0
dram-queue.num-requests-analytical = 0, 0, 0, 0, 0, 0, 0, 0, 0, 0, 0, 0, 0, 0, 0, 0
dram-queue.total-queue-delay = 708411767887, 0, 0, 0, 621262065861, 0, 0, 0, 609979703270, 0, 0, 0, 631045636018, 0, 0, 0
dram-queue.total-time-used = 11729961320424, 0, 0, 0, 11691068640960, 0, 0, 0, 11722172669400, 0, 0, 0, 11728696929024, 0, 0, 0
dram.reads = 902881, 0, 0, 0, 899743, 0, 0, 0, 903207, 0, 0, 0, 902820, 0, 0, 0
dram.total-access-latency = 75059203088311, 0, 0, 0, 74725530706821, 0, 0, 0, 74911402372670, 0, 0, 0, 74973822565042, 0, 0, 0
dram.total-queueing-delay = 708411767887, 0, 0, 0, 621262065861, 0, 0, 0, 609979703270, 0, 0, 0, 631045636018, 0, 0, 0
dram.writes = 488693, 0, 0, 0, 487217, 0, 0, 0, 487443, 0, 0, 0, 488604, 0, 0, 0
dtlb.access = 531205016, 5638492, 11178096, 5605488, 5593169, 5611037, 5609056, 5622480, 5625420, 5606718, 5600194, 5633198, 5597470, 5575249, 5562505, 5607035
dtlb.miss = 13825242, 382465, 739793, 366516, 370884, 371550, 368171, 365924, 371391, 366528, 368290, 380678, 368633, 363052, 370519, 378225
dtlb_cache.access-mru-0 = 464601033, 4251581, 8633870, 4307903, 4328637, 4344641, 4372242, 4381029, 4326501, 4368524, 4215192, 4350673, 4362498, 4292910, 4297357, 4327433
dtlb_cache.access-mru-1 = 39378341, 672025, 1212509, 630425, 595737, 596686, 569112, 573981, 626668, 574847, 718918, 584932, 571134, 623036, 602580, 584718
dtlb_cache.access-mru-2 = 8952428, 224862, 389297, 198371, 195041, 195453, 197606, 199226, 198616, 195864, 196259, 209199, 193657, 195050, 190964, 209333
dtlb_cache.access-mru-3 = 4447972, 107559, 202627, 102273, 102870, 102707, 101925, 102320, 102244, 100955, 101535, 107716, 101548, 101201, 101085, 107326
fastforward_performance_model.fastforwarded_time = 0, 0, 0, 0, 0, 0, 0, 0, 0, 0, 0, 0, 0, 0, 0, 0
fastforward_timer.cpiBase = 0, 0, 0, 0, 0, 0, 0, 0, 0, 0, 0, 0, 0, 0, 0, 0
fastforward_timer.cpiBranchPredictor = 0, 0, 0, 0, 0, 0, 0, 0, 0, 0, 0, 0, 0, 0, 0, 0
fastforward_timer.cpiDataCachecache-remote = 0, 0, 0, 0, 0, 0, 0, 0, 0, 0, 0, 0, 0, 0, 0, 0
fastforward_timer.cpiDataCachedram = 0, 0, 0, 0, 0, 0, 0, 0, 0, 0, 0, 0, 0, 0, 0, 0
fastforward_timer.cpiDataCachedram-cache = 0, 0, 0, 0, 0, 0, 0, 0, 0, 0, 0, 0, 0, 0, 0, 0
fastforward_timer.cpiDataCachedram-local = 0, 0, 0, 0, 0, 0, 0, 0, 0, 0, 0, 0, 0, 0, 0, 0
fastforward_timer.cpiDataCachedram-remote = 0, 0, 0, 0, 0, 0, 0, 0, 0, 0, 0, 0, 0, 0, 0, 0
fastforward_timer.cpiDataCacheL1 = 0, 0, 0, 0, 0, 0, 0, 0, 0, 0, 0, 0, 0, 0, 0, 0
fastforward_timer.cpiDataCacheL1_S = 0, 0, 0, 0, 0, 0, 0, 0, 0, 0, 0, 0, 0, 0, 0, 0
fastforward_timer.cpiDataCacheL1I = 0, 0, 0, 0, 0, 0, 0, 0, 0, 0, 0, 0, 0, 0, 0, 0
fastforward_timer.cpiDataCacheL2 = 0, 0, 0, 0, 0, 0, 0, 0, 0, 0, 0, 0, 0, 0, 0, 0
fastforward_timer.cpiDataCacheL2_S = 0, 0, 0, 0, 0, 0, 0, 0, 0, 0, 0, 0, 0, 0, 0, 0
fastforward_timer.cpiDataCacheL3 = 0, 0, 0, 0, 0, 0, 0, 0, 0, 0, 0, 0, 0, 0, 0, 0
fastforward_timer.cpiDataCacheL3_S = 0, 0, 0, 0, 0, 0, 0, 0, 0, 0, 0, 0, 0, 0, 0, 0
fastforward_timer.cpiDataCacheL4 = 0, 0, 0, 0, 0, 0, 0, 0, 0, 0, 0, 0, 0, 0, 0, 0
fastforward_timer.cpiDataCacheL4_S = 0, 0, 0, 0, 0, 0, 0, 0, 0, 0, 0, 0, 0, 0, 0, 0
fastforward_timer.cpiDataCachemiss = 0, 0, 0, 0, 0, 0, 0, 0, 0, 0, 0, 0, 0, 0, 0, 0
fastforward_timer.cpiDataCachenuca-cache = 0, 0, 0, 0, 0, 0, 0, 0, 0, 0, 0, 0, 0, 0, 0, 0
fastforward_timer.cpiDataCachenuca-local = 0, 0, 0, 0, 0, 0, 0, 0, 0, 0, 0, 0, 0, 0, 0, 0
fastforward_timer.cpiDataCachenuca-remote = 0, 0, 0, 0, 0, 0, 0, 0, 0, 0, 0, 0, 0, 0, 0, 0
fastforward_timer.cpiDataCachepredicate-false = 0, 0, 0, 0, 0, 0, 0, 0, 0, 0, 0, 0, 0, 0, 0, 0
fastforward_timer.cpiDataCacheprefetch-no-mapping = 0, 0, 0, 0, 0, 0, 0, 0, 0, 0, 0, 0, 0, 0, 0, 0
fastforward_timer.cpiDataCacheunknown = 0, 0, 0, 0, 0, 0, 0, 0, 0, 0, 0, 0, 0, 0, 0, 0
fs_to_cycles = 2.66e-06
fs_to_cycles_cores = 2.66e-06, 2.66e-06, 2.66e-06, 2.66e-06, 2.66e-06, 2.66e-06, 2.66e-06, 2.66e-06, 2.66e-06, 2.66e-06, 2.66e-06, 2.66e-06, 2.66e-06, 2.66e-06, 2.66e-06, 2.66e-06
futex.futex_cmp_requeue_count = 0, 0, 0, 0, 0, 0, 0, 0, 0, 0, 0, 0, 0, 0, 0, 0
futex.futex_cmp_requeue_delay = 0, 0, 0, 0, 0, 0, 0, 0, 0, 0, 0, 0, 0, 0, 0, 0
futex.futex_cmp_requeue_pi_count = 0, 0, 0, 0, 0, 0, 0, 0, 0, 0, 0, 0, 0, 0, 0, 0
futex.futex_cmp_requeue_pi_delay = 0, 0, 0, 0, 0, 0, 0, 0, 0, 0, 0, 0, 0, 0, 0, 0
futex.futex_fd_count = 0, 0, 0, 0, 0, 0, 0, 0, 0, 0, 0, 0, 0, 0, 0, 0
futex.futex_fd_delay = 0, 0, 0, 0, 0, 0, 0, 0, 0, 0, 0, 0, 0, 0, 0, 0
futex.futex_lock_pi_count = 0, 0, 0, 0, 0, 0, 0, 0, 0, 0, 0, 0, 0, 0, 0, 0
futex.futex_lock_pi_delay = 0, 0, 0, 0, 0, 0, 0, 0, 0, 0, 0, 0, 0, 0, 0, 0
futex.futex_requeue_count = 0, 0, 0, 0, 0, 0, 0, 0, 0, 0, 0, 0, 0, 0, 0, 0
futex.futex_requeue_delay = 0, 0, 0, 0, 0, 0, 0, 0, 0, 0, 0, 0, 0, 0, 0, 0
futex.futex_trylock_pi_count = 0, 0, 0, 0, 0, 0, 0, 0, 0, 0, 0, 0, 0, 0, 0, 0
futex.futex_trylock_pi_delay = 0, 0, 0, 0, 0, 0, 0, 0, 0, 0, 0, 0, 0, 0, 0, 0
futex.futex_unlock_pi_count = 0, 0, 0, 0, 0, 0, 0, 0, 0, 0, 0, 0, 0, 0, 0, 0
futex.futex_unlock_pi_delay = 0, 0, 0, 0, 0, 0, 0, 0, 0, 0, 0, 0, 0, 0, 0, 0
futex.futex_wait_bitset_count = 1, 0, 0, 0, 0, 0, 0, 0, 0, 0, 0, 0, 0, 0, 0, 0
futex.futex_wait_bitset_delay = 0, 0, 0, 0, 0, 0, 0, 0, 0, 0, 0, 0, 0, 0, 0, 0
futex.futex_wait_count = 2, 50, 33, 42, 50, 58, 53, 48, 46, 53, 52, 46, 42, 48, 57, 45, 33
futex.futex_wait_delay = 25600862596352, 12209977777026, 13276921201010, 12055113485706, 12270785538857, 12491222616573, 12407448381113, 12197489842104, 12129867443060, 12447591897151, 12420991207649, 12140557648984, 11962759180889, 12269338554166, 12393498777279, 12132932100048, 12348876681854
futex.futex_wait_requeue_pi_count = 0, 0, 0, 0, 0, 0, 0, 0, 0, 0, 0, 0, 0, 0, 0, 0
futex.futex_wait_requeue_pi_delay = 0, 0, 0, 0, 0, 0, 0, 0, 0, 0, 0, 0, 0, 0, 0, 0
futex.futex_wake_bitset_count = 0, 0, 0, 0, 0, 0, 0, 0, 0, 0, 0, 0, 0, 0, 0, 0
futex.futex_wake_bitset_delay = 0, 0, 0, 0, 0, 0, 0, 0, 0, 0, 0, 0, 0, 0, 0, 0
futex.futex_wake_count = 2, 20, 34, 11, 19, 28, 22, 17, 15, 23, 22, 15, 12, 16, 26, 14, 34
futex.futex_wake_delay = 0, 20000000000, 32000000000, 10000000000, 17000000000, 25000000000, 20000000000, 16000000000, 14000000000, 21000000000, 20000000000, 12000000000, 11000000000, 15000000000, 25000000000, 13000000000, 32000000000
futex.futex_wake_op_count = 0, 0, 0, 0, 0, 0, 0, 0, 0, 0, 0, 0, 0, 0, 0, 0
futex.futex_wake_op_delay = 0, 0, 0, 0, 0, 0, 0, 0, 0, 0, 0, 0, 0, 0, 0, 0
global.time = 1173292100000000
global.time_begin = 0
global.time_end = 1173292100000000
interval_timer.cpContr_branch = 113148758116447, 424480039283, 843714001395, 417285202359, 423479957112, 424608291616, 422077211541, 424499799382, 428537555885, 424066321202, 432165335379, 425417230365, 424138080797, 427468911621, 424889281685, 427526162963
interval_timer.cpContr_fp_addsub = 5191396590146, 1675295514635, 3311759147135, 1663942111579, 1651368693653, 1660615466476, 1664046534729, 1668403224723, 1669771983018, 1661271964132, 1657508919286, 1676224754276, 1651809172348, 1647411021273, 1638063653941, 1659621698027
interval_timer.cpContr_fp_muldiv = 9516382, 569501995489, 1132918414263, 566720423206, 562026580227, 569732410106, 567443214232, 571808912251, 570194622448, 567090048691, 567419203796, 571793822254, 563694537244, 570877022312, 563589067990, 565933697333
interval_timer.cpContr_generic = 174527878513861, 2635381447217, 5209683041873, 2612418363797, 2597128597160, 2606801496174, 2624116103044, 2616883242423, 2615307858465, 2604558148294, 2621141402889, 2612580569094, 2597883113981, 2608702175423, 2603617707286, 2605288860263
interval_timer.cpContr_load_l1 = 164208673525722, 2000570297789, 3948150848449, 1956378038782, 1968676533671, 1981129447140, 1986031411686, 1995939505523, 1987585346019, 1973705493845, 2001154275637, 1980495624989, 1965932752333, 1993399837632, 1979202353118, 1978039817975
interval_timer.cpContr_load_l2 = 913464544, 254650145, 244019467, 149591078, 145901461, 157875243, 131023244, 157132661, 121938989, 128339416, 126785520, 146067873, 133759179, 141903849, 117696849, 209976362
interval_timer.cpContr_load_l3 = 0, 0, 0, 0, 0, 0, 0, 0, 0, 0, 0, 0, 0, 0, 0, 0
interval_timer.cpContr_load_other = 0, 633333, 0, 26522429, 0, 164505200, 1266666, 0, 0, 0, 0, 0, 0, 0, 0, 0
interval_timer.cpContr_port0 = 0, 0, 0, 0, 0, 0, 0, 0, 0, 0, 0, 0, 0, 0, 0, 0
interval_timer.cpContr_port015 = 13637788849357, 165012806498, 330852662432, 167211361802, 166711304649, 167145568925, 165163465973, 165651320533, 167091680803, 167301957452, 165820647332, 165589260954, 166764226634, 167515300119, 167113193082, 166768674872
interval_timer.cpContr_port05 = 0, 0, 0, 0, 0, 0, 0, 0, 0, 0, 0, 0, 0, 0, 0, 0
interval_timer.cpContr_port1 = 1139782971, 2000000, 3500000, 3000000, 4000000, 3000000, 2000000, 2500000, 4749999, 1000000, 6749999, 5749999, 3000000, 3500000, 2500000, 6249999
interval_timer.cpContr_port2 = 78644196923137, 438985880468, 871354303193, 443034938204, 440471532177, 438660110008, 434262548892, 436034473751, 440092194207, 441327056611, 426521593301, 445612929214, 441640717656, 420835449731, 423639097355, 439411497440
interval_timer.cpContr_port34 = 24259701340186, 7286898896, 14414711222, 7016247638, 6932674580, 7245535899, 7271378966, 7151349940, 7353095561, 6925335782, 6628901220, 7239048336, 7078214713, 6469289676, 6734893073, 7289603525
interval_timer.cpContr_port5 = 12612374603034, 51579468871, 105143462280, 52525051039, 53062124043, 53099491635, 51821170237, 53125357713, 53244291721, 52844369100, 51738830640, 53509908972, 54495214478, 52082904883, 51618632844, 53619592527
interval_timer.cpContr_store = 17622401924753, 217363072617, 430074423774, 215743958621, 215310878256, 216637518186, 216979401962, 217072840001, 220542383741, 216162722930, 222235041273, 219192747900, 215499996513, 216917384243, 217873676743, 219746900620
interval_timer.cpiBase = 227428142402214, 3079266349113, 6093397507086, 3047982961167, 3041508539709, 3056769783414, 3061809997587, 3068364494052, 3069540431244, 3052818664524, 3066711114330, 3068815620852, 3042957408615, 3051407013579, 3038137870635, 3055906251531
interval_timer.cpiBranchPredictor = 318758399153262, 898383307995, 1723700615706, 895237074504, 895079932002, 886420553076, 884399505012, 888866412210, 909257719509, 886263410574, 893966400684, 900261123300, 919289651724, 903132169443, 881153647686, 910777640886
interval_timer.cpiDataCachecache-remote = 30552938469, 616547102841, 1020542054472, 634701573090, 620610251553, 606460283532, 615197857770, 620833935258, 628906097466, 611002378530, 613158388695, 628895947113, 643272606351, 619001608572, 604527205194, 625365879903
interval_timer.cpiDataCachedram = 0, 0, 0, 0, 0, 0, 0, 0, 0, 0, 0, 0, 0, 0, 0, 0
interval_timer.cpiDataCachedram-cache = 0, 0, 0, 0, 0, 0, 0, 0, 0, 0, 0, 0, 0, 0, 0, 0
interval_timer.cpiDataCachedram-local = 20679213791187, 0, 0, 0, 336183074811, 0, 0, 0, 367692026157, 0, 0, 0, 375764564304, 0, 0, 0
interval_timer.cpiDataCachedram-remote = 68325012126477, 1441965538143, 2614834691964, 1436546001519, 1104871563135, 1440723435687, 1427975720136, 1430091880767, 1053211905450, 1412975378097, 1424638885572, 1463147069220, 1060777677825, 1448384320629, 1386732580263, 1406677647969
interval_timer.cpiDataCacheL1 = 80630644842, 2733076530, 4699237500, 2087213328, 2033829990, 2407513356, 2151122958, 2190972492, 2712775824, 2305257948, 2101499010, 2966910588, 2383453260, 2422550916, 2328566166, 2459392938
interval_timer.cpiDataCacheL1_S = 0, 0, 0, 0, 0, 0, 0, 0, 0, 0, 0, 0, 0, 0, 0, 0
interval_timer.cpiDataCacheL1I = 0, 0, 0, 0, 0, 0, 0, 0, 0, 0, 0, 0, 0, 0, 0, 0
interval_timer.cpiDataCacheL2 = 23005043121267, 2405163361311, 4608240713172, 2460708348561, 2422324224783, 2357720987328, 2370599905590, 2426885868609, 2438139978513, 2370315319767, 2373150651705, 2436538478373, 2478812818923, 2395602856602, 2392251360417, 2440995235218
interval_timer.cpiDataCacheL2_S = 0, 0, 0, 0, 0, 0, 0, 0, 0, 0, 0, 0, 0, 0, 0, 0
interval_timer.cpiDataCacheL3 = 0, 0, 0, 0, 0, 0, 0, 0, 0, 0, 0, 0, 0, 0, 0, 0
interval_timer.cpiDataCacheL3_S = 0, 0, 0, 0, 0, 0, 0, 0, 0, 0, 0, 0, 0, 0, 0, 0
interval_timer.cpiDataCacheL4 = 0, 0, 0, 0, 0, 0, 0, 0, 0, 0, 0, 0, 0, 0, 0, 0
interval_timer.cpiDataCacheL4_S = 0, 0, 0, 0, 0, 0, 0, 0, 0, 0, 0, 0, 0, 0, 0, 0
interval_timer.cpiDataCachemiss = 0, 0, 0, 0, 0, 0, 0, 0, 0, 0, 0, 0, 0, 0, 0, 0
interval_timer.cpiDataCachenuca-cache = 293582187630576, 4644411308118, 8940289945275, 4764214044882, 4623351205338, 4483184604822, 4531993893009, 4671963501489, 4721502863214, 4539799138527, 4514238669978, 4674813870987, 4830649609023, 4620556474812, 4601894862852, 4746197168307
interval_timer.cpiDataCachenuca-local = 0, 0, 0, 0, 0, 0, 0, 0, 0, 0, 0, 0, 0, 0, 0, 0
interval_timer.cpiDataCachenuca-remote = 0, 0, 0, 0, 0, 0, 0, 0, 0, 0, 0, 0, 0, 0, 0, 0
interval_timer.cpiDataCachepredicate-false = 0, 0, 0, 0, 0, 0, 0, 0, 0, 0, 0, 0, 0, 0, 0, 0
interval_timer.cpiDataCacheprefetch-no-mapping = 0, 0, 0, 0, 0, 0, 0, 0, 0, 0, 0, 0, 0, 0, 0, 0
interval_timer.cpiDataCacheunknown = 0, 0, 0, 0, 0, 0, 0, 0, 0, 0, 0, 0, 0, 0, 0, 0
interval_timer.cpiInstructionCachecache-remote = 0, 3244729509, 3678939054, 3940592598, 4378937472, 3896983674, 3784577913, 3677811237, 5464273365, 6565398696, 5284950462, 2739843432, 5015402199, 4103374185, 5361642018, 2835331938
interval_timer.cpiInstructionCachedram = 0, 0, 0, 0, 0, 0, 0, 0, 0, 0, 0, 0, 0, 0, 0, 0
interval_timer.cpiInstructionCachedram-cache = 0, 0, 0, 0, 0, 0, 0, 0, 0, 0, 0, 0, 0, 0, 0, 0
interval_timer.cpiInstructionCachedram-local = 13288691772, 0, 0, 0, 0, 0, 0, 0, 0, 0, 0, 0, 0, 0, 0, 0
interval_timer.cpiInstructionCachedram-remote = 48906280449, 2527813836, 81202824, 0, 0, 610900875, 0, 0, 0, 0, 563908500, 4875928830, 0, 0, 0, 0
interval_timer.cpiInstructionCacheL1 = 0, 0, 0, 0, 0, 0, 0, 0, 0, 0, 0, 0, 0, 0, 0, 0
interval_timer.cpiInstructionCacheL1_S = 0, 0, 0, 0, 0, 0, 0, 0, 0, 0, 0, 0, 0, 0, 0, 0
interval_timer.cpiInstructionCacheL1I = 0, 0, 0, 0, 0, 0, 0, 0, 0, 0, 0, 0, 0, 0, 0, 0
interval_timer.cpiInstructionCacheL2 = 0, 0, 0, 0, 0, 0, 0, 0, 0, 0, 0, 0, 0, 0, 0, 0
interval_timer.cpiInstructionCacheL2_S = 0, 0, 0, 0, 0, 0, 0, 0, 0, 0, 0, 0, 0, 0, 0, 0
interval_timer.cpiInstructionCacheL3 = 0, 0, 0, 0, 0, 0, 0, 0, 0, 0, 0, 0, 0, 0, 0, 0
interval_timer.cpiInstructionCacheL3_S = 0, 0, 0, 0, 0, 0, 0, 0, 0, 0, 0, 0, 0, 0, 0, 0
interval_timer.cpiInstructionCacheL4 = 0, 0, 0, 0, 0, 0, 0, 0, 0, 0, 0, 0, 0, 0, 0, 0
interval_timer.cpiInstructionCacheL4_S = 0, 0, 0, 0, 0, 0, 0, 0, 0, 0, 0, 0, 0, 0, 0, 0
interval_timer.cpiInstructionCachemiss = 0, 0, 0, 0, 0, 0, 0, 0, 0, 0, 0, 0, 0, 0, 0, 0
interval_timer.cpiInstructionCachenuca-cache = 195583748957172, 282643722126, 507101485527, 293857230618, 266055037812, 249654698937, 278303882310, 277256516256, 263067450579, 252197174394, 267930597483, 266833607481, 269584729083, 272880962235, 270637358283, 264237372747
interval_timer.cpiInstructionCachenuca-local = 0, 0, 0, 0, 0, 0, 0, 0, 0, 0, 0, 0, 0, 0, 0, 0
interval_timer.cpiInstructionCachenuca-remote = 0, 0, 0, 0, 0, 0, 0, 0, 0, 0, 0, 0, 0, 0, 0, 0
interval_timer.cpiInstructionCachepredicate-false = 0, 0, 0, 0, 0, 0, 0, 0, 0, 0, 0, 0, 0, 0, 0, 0
interval_timer.cpiInstructionCacheprefetch-no-mapping = 0, 0, 0, 0, 0, 0, 0, 0, 0, 0, 0, 0, 0, 0, 0, 0
interval_timer.cpiInstructionCacheunknown = 0, 0, 0, 0, 0, 0, 0, 0, 0, 0, 0, 0, 0, 0, 0, 0
interval_timer.cpiLongLatency = 0, 0, 0, 0, 0, 0, 0, 0, 0, 0, 0, 0, 0, 0, 0, 0
interval_timer.cpiSerialization = 124059870, 0, 0, 0, 0, 0, 0, 0, 0, 0, 0, 0, 0, 0, 0, 0
interval_timer.detailed-cpiBase-BranchMispredict = 0, 0, 0, 0, 0, 0, 0, 0, 0, 0, 0, 0, 0, 0, 0, 0
interval_timer.detailed-cpiBase-DispatchRate = 527945932, 7434937, 14698104, 7344462, 7328034, 7370424, 7392399, 7405621, 7401568, 7357032, 7410288, 7396599, 7330069, 7373271, 7335547, 7365449
interval_timer.detailed-cpiBase-DispatchRate+BranchMispredict = 0, 0, 0, 0, 0, 0, 0, 0, 0, 0, 0, 0, 0, 0, 0, 0
interval_timer.detailed-cpiBase-DispatchRate+ICacheMiss = 0, 0, 0, 0, 0, 0, 0, 0, 0, 0, 0, 0, 0, 0, 0, 0
interval_timer.detailed-cpiBase-DispatchRate+ICacheMiss+BranchMispredict = 0, 0, 0, 0, 0, 0, 0, 0, 0, 0, 0, 0, 0, 0, 0, 0
interval_timer.detailed-cpiBase-DispatchWidth = 1104492, 5145, 10147, 5191, 5105, 5018, 5079, 5131, 5141, 5126, 4995, 5253, 5205, 4929, 4996, 5259
interval_timer.detailed-cpiBase-DispatchWidth+BranchMispredict = 0, 0, 0, 0, 0, 0, 0, 0, 0, 0, 0, 0, 0, 0, 0, 0
interval_timer.detailed-cpiBase-DispatchWidth+DispatchRate = 75909802, 750785, 1500223, 758000, 757292, 755584, 746955, 751116, 758287, 758358, 742187, 761216, 759011, 738561, 740922, 758021
interval_timer.detailed-cpiBase-DispatchWidth+DispatchRate+BranchMispredict = 0, 0, 0, 0, 0, 0, 0, 0, 0, 0, 0, 0, 0, 0, 0, 0
interval_timer.detailed-cpiBase-DispatchWidth+DispatchRate+ICacheMiss = 0, 0, 0, 0, 0, 0, 0, 0, 0, 0, 0, 0, 0, 0, 0, 0
interval_timer.detailed-cpiBase-DispatchWidth+DispatchRate+ICacheMiss+BranchMispredict = 0, 0, 0, 0, 0, 0, 0, 0, 0, 0, 0, 0, 0, 0, 0, 0
interval_timer.detailed-cpiBase-DispatchWidth+ICacheMiss = 0, 0, 0, 0, 0, 0, 0, 0, 0, 0, 0, 0, 0, 0, 0, 0
interval_timer.detailed-cpiBase-DispatchWidth+ICacheMiss+BranchMispredict = 0, 0, 0, 0, 0, 0, 0, 0, 0, 0, 0, 0, 0, 0, 0, 0
interval_timer.detailed-cpiBase-ICacheMiss = 0, 0, 0, 0, 0, 0, 0, 0, 0, 0, 0, 0, 0, 0, 0, 0
interval_timer.detailed-cpiBase-ICacheMiss+BranchMispredict = 0, 0, 0, 0, 0, 0, 0, 0, 0, 0, 0, 0, 0, 0, 0, 0
interval_timer.detailed-cpiBase-NoReason = 0, 0, 0, 0, 0, 0, 0, 0, 0, 0, 0, 0, 0, 0, 0, 0
interval_timer.detailed-cpiBase-WindowEmpty = 0, 0, 0, 0, 0, 0, 0, 0, 0, 0, 0, 0, 0, 0, 0, 0
interval_timer.detailed-cpiBase-WindowEmpty+BranchMispredict = 0, 0, 0, 0, 0, 0, 0, 0, 0, 0, 0, 0, 0, 0, 0, 0
interval_timer.detailed-cpiBase-WindowEmpty+DispatchRate = 0, 0, 0, 0, 0, 0, 0, 0, 0, 0, 0, 0, 0, 0, 0, 0
interval_timer.detailed-cpiBase-WindowEmpty+DispatchRate+BranchMispredict = 0, 0, 0, 0, 0, 0, 0, 0, 0, 0, 0, 0, 0, 0, 0, 0
interval_timer.detailed-cpiBase-WindowEmpty+DispatchRate+ICacheMiss = 0, 0, 0, 0, 0, 0, 0, 0, 0, 0, 0, 0, 0, 0, 0, 0
interval_timer.detailed-cpiBase-WindowEmpty+DispatchRate+ICacheMiss+BranchMispredict = 0, 0, 0, 0, 0, 0, 0, 0, 0, 0, 0, 0, 0, 0, 0, 0
interval_timer.detailed-cpiBase-WindowEmpty+DispatchWidth = 0, 0, 0, 0, 0, 0, 0, 0, 0, 0, 0, 0, 0, 0, 0, 0
interval_timer.detailed-cpiBase-WindowEmpty+DispatchWidth+BranchMispredict = 0, 0, 0, 0, 0, 0, 0, 0, 0, 0, 0, 0, 0, 0, 0, 0
interval_timer.detailed-cpiBase-WindowEmpty+DispatchWidth+DispatchRate = 0, 0, 0, 0, 0, 0, 0, 0, 0, 0, 0, 0, 0, 0, 0, 0
interval_timer.detailed-cpiBase-WindowEmpty+DispatchWidth+DispatchRate+BranchMispredict = 0, 0, 0, 0, 0, 0, 0, 0, 0, 0, 0, 0, 0, 0, 0, 0
interval_timer.detailed-cpiBase-WindowEmpty+DispatchWidth+DispatchRate+ICacheMiss = 0, 0, 0, 0, 0, 0, 0, 0, 0, 0, 0, 0, 0, 0, 0, 0
interval_timer.detailed-cpiBase-WindowEmpty+DispatchWidth+DispatchRate+ICacheMiss+BranchMispredict = 0, 0, 0, 0, 0, 0, 0, 0, 0, 0, 0, 0, 0, 0, 0, 0
interval_timer.detailed-cpiBase-WindowEmpty+DispatchWidth+ICacheMiss = 0, 0, 0, 0, 0, 0, 0, 0, 0, 0, 0, 0, 0, 0, 0, 0
interval_timer.detailed-cpiBase-WindowEmpty+DispatchWidth+ICacheMiss+BranchMispredict = 0, 0, 0, 0, 0, 0, 0, 0, 0, 0, 0, 0, 0, 0, 0, 0
interval_timer.detailed-cpiBase-WindowEmpty+ICacheMiss = 0, 0, 0, 0, 0, 0, 0, 0, 0, 0, 0, 0, 0, 0, 0, 0
interval_timer.detailed-cpiBase-WindowEmpty+ICacheMiss+BranchMispredict = 0, 0, 0, 0, 0, 0, 0, 0, 0, 0, 0, 0, 0, 0, 0, 0
interval_timer.loadstore_contention.no-free-slots = 0, 0, 0, 0, 0, 0, 0, 0, 0, 0, 0, 0, 0, 0, 0, 0
interval_timer.loadstore_contention.num-barriers = 0, 0, 0, 0, 0, 0, 0, 0, 0, 0, 0, 0, 0, 0, 0, 0
interval_timer.loadstore_contention.num-requests = 189524796, 2745867, 5433862, 2727061, 2727372, 2733327, 2729140, 2741464, 2742250, 2732606, 2726954, 2747137, 2726308, 2709952, 2702599, 2733223
interval_timer.loadstore_contention.requests-out-of-order = 77084033, 1424522, 2821936, 1415518, 1420062, 1423055, 1416853, 1428986, 1426107, 1422480, 1414141, 1431134, 1418596, 1404439, 1399642, 1420571
interval_timer.loadstore_contention.requests-simultaneous = 43480618, 415603, 821615, 414186, 412403, 411845, 412750, 410930, 413805, 412328, 412430, 414200, 412224, 410553, 410471, 413659
interval_timer.loadstore_contention.total-barrier-delay = 0, 0, 0, 0, 0, 0, 0, 0, 0, 0, 0, 0, 0, 0, 0, 0
interval_timer.loadstore_contention.total-delay = 1588938890193, 8348853312, 16647330798, 8322161643, 8407875735, 8492837949, 8434191465, 8405244162, 8323665399, 8649228573, 8311635351, 8420657661, 8652236085, 8499604851, 8637574464, 8479680084
interval_timer.numBPredOverlapped = 100830202, 923514, 1827347, 917052, 911591, 914497, 917927, 917912, 917675, 914943, 914878, 918523, 911993, 908629, 909746, 913294
interval_timer.numDCacheOverlapped = 191081373, 1722590, 3412925, 1709316, 1698434, 1707368, 1712331, 1711706, 1710729, 1705897, 1703806, 1712660, 1702310, 1698297, 1695301, 1702357
interval_timer.numHiddenLongerDCacheLatency = 12364368, 84504, 171348, 83808, 83186, 84160, 84101, 84416, 83926, 83792, 83731, 84180, 82304, 82021, 82258, 83250
interval_timer.numICacheOverlapped = 1594943070, 31107794, 61423173, 30824109, 30599426, 30724798, 30890489, 30869020, 30841506, 30735303, 30738619, 30884523, 30636758, 30543855, 30535464, 30675809
interval_timer.numLongLatencyLoads = 12651873, 245969, 485688, 243733, 241961, 242950, 244257, 244091, 243868, 243033, 243059, 244212, 242255, 241523, 241460, 242561
interval_timer.numMfenceInsns = 0, 0, 0, 0, 0, 0, 0, 0, 0, 0, 0, 0, 0, 0, 0, 0
interval_timer.numSerializationInsns = 132, 0, 0, 0, 0, 0, 0, 0, 0, 0, 0, 0, 0, 0, 0, 0
interval_timer.numTotalLongLatencyLoadLatency = 1079171462, 24234837, 45721797, 24733420, 24230990, 23648775, 23801517, 24344285, 24504416, 23770871, 23746640, 24488979, 24981874, 24168729, 23907428, 24529765
interval_timer.outstandingLongLatencyCycles = 1516624272, 23848227, 45137421, 24300381, 23772579, 23267817, 23408939, 23939199, 24057497, 23347998, 23350144, 24082373, 24494914, 23731213, 23483586, 24107871
interval_timer.outstandingLongLatencyInsns = 2804698651, 39036218, 73785158, 39705630, 38910584, 38089232, 38253846, 39140832, 39379887, 38250789, 38195933, 39373451, 40063316, 38756808, 38371423, 39419813
interval_timer.totalHiddenDCacheLatency = 2410067376, 21621737, 41586727, 21744230, 21406535, 21207215, 21235489, 21578209, 21651133, 21237988, 21198194, 21666939, 21826313, 21322889, 21184365, 21633301
interval_timer.totalHiddenLongerDCacheLatency = 355069518, 4157968, 7934122, 4108564, 4055448, 4071163, 4067028, 4123763, 4084784, 4081283, 4056340, 4147222, 4087105, 4035775, 4016289, 4061780
interval_timer.totalMfenceLatency = 0, 0, 0, 0, 0, 0, 0, 0, 0, 0, 0, 0, 0, 0, 0, 0
interval_timer.totalSerializationLatency = 330, 0, 0, 0, 0, 0, 0, 0, 0, 0, 0, 0, 0, 0, 0, 0
interval_timer.uop_branch = 252811291, 1493525, 2970003, 1489621, 1486844, 1490769, 1488695, 1491260, 1494643, 1488420, 1490211, 1497078, 1488657, 1484278, 1481368, 1492544
interval_timer.uop_fp_addsub = 2192779, 1214205, 2395369, 1200726, 1196685, 1202437, 1203901, 1209047, 1209214, 1202393, 1200963, 1211583, 1196965, 1190688, 1186476, 1201849
interval_timer.uop_fp_muldiv = 3, 152580, 303768, 151634, 150685, 152715, 151844, 153269, 154266, 151951, 153394, 154271, 150851, 152445, 150509, 153108
interval_timer.uop_generic = 691410843, 9489173, 18808189, 9436758, 9415365, 9443889, 9437239, 9458740, 9475893, 9443724, 9426713, 9481202, 9423319, 9383158, 9362907, 9442850
interval_timer.uop_load = 380606201, 4468507, 8846803, 4436400, 4425856, 4440745, 4441521, 4453220, 4453029, 4438553, 4430810, 4459847, 4428668, 4408299, 4397950, 4435630
interval_timer.uop_store = 150251213, 1163671, 2318665, 1162697, 1160922, 1163901, 1161221, 1162946, 1166000, 1161774, 1163070, 1167037, 1162411, 1160559, 1158164, 1165014
interval_timer.uops_pause = 0, 0, 0, 0, 0, 0, 0, 0, 0, 0, 0, 0, 0, 0, 0, 0
interval_timer.uops_total = 1477272330, 17981661, 35642797, 17877836, 17836357, 17894456, 17884421, 17928482, 17953045, 17886815, 17865161, 17971018, 17850871, 17779427, 17737374, 17890995
interval_timer.uops_x87 = 0, 0, 0, 0, 0, 0, 0, 0, 0, 0, 0, 0, 0, 0, 0, 0
ipc = 0.0346292491482
itlb.access = 191066876, 1844244, 3665035, 1838171, 1834443, 1840143, 1836912, 1840924, 1842094, 1837887, 1834802, 1844020, 1836894, 1831060, 1826803, 1838177
itlb.miss = 164, 38, 38, 38, 38, 39, 38, 38, 42, 39, 43, 42, 38, 38, 38, 42
itlb_cache.access-mru-0 = 180854072, 1817365, 3611506, 1810965, 1807458, 1813244, 1809864, 1813902, 1815272, 1811270, 1808252, 1816827, 1809742, 1804288, 1800043, 1811034
itlb_cache.access-mru-1 = 8214082, 26832, 53481, 27160, 26940, 26848, 27002, 26976, 26772, 26570, 26498, 27142, 27110, 26730, 26718, 27097
itlb_cache.access-mru-2 = 1997378, 9, 9, 7, 6, 11, 7, 7, 7, 7, 9, 9, 4, 4, 4, 4
itlb_cache.access-mru-3 = 1180, 0, 1, 1, 1, 1, 1, 1, 1, 1, 0, 0, 0, 0, 0, 0
L1-D.access-mru-0 = 461355844, 4964510, 9853800, 4938188, 4935449, 4951807, 4942914, 4957780, 4964305, 4945589, 4938239, 4968239, 4935299, 4915568, 4903310, 4948332
L1-D.access-mru-1 = 26878411, 243200, 473889, 241071, 234486, 234087, 239018, 237481, 234840, 235697, 236742, 238483, 238502, 237506, 236790, 234674
L1-D.access-mru-2 = 4344233, 31499, 62794, 30784, 30973, 31417, 30885, 31763, 30849, 31593, 30880, 30878, 31217, 30415, 30770, 31003
L1-D.access-mru-3 = 569746, 3890, 7416, 3836, 3728, 3779, 3814, 3928, 3891, 3684, 3537, 3802, 3738, 3689, 3824, 3830
L1-D.backinval-D = 0, 0, 0, 0, 0, 0, 0, 0, 0, 0, 0, 0, 0, 0, 0, 0
L1-D.backinval-E = 27538739, 160503, 337421, 158749, 157842, 158338, 159027, 159074, 159042, 158164, 158732, 159246, 157789, 157152, 157276, 157860
L1-D.backinval-I = 0, 0, 0, 0, 0, 0, 0, 0, 0, 0, 0, 0, 0, 0, 0, 0
L1-D.backinval-M = 6785569, 154920, 309724, 153454, 151911, 152321, 153631, 153080, 153064, 152554, 153202, 153054, 151968, 152110, 152029, 152189
L1-D.backinval-O = 0, 0, 0, 0, 0, 0, 0, 0, 0, 0, 0, 0, 0, 0, 0, 0
L1-D.backinval-S = 128730, 64618, 108019, 64160, 63933, 64339, 64410, 64550, 64597, 64522, 63774, 64504, 64034, 63684, 63504, 64317
L1-D.backinval-u = 0, 0, 0, 0, 0, 0, 0, 0, 0, 0, 0, 0, 0, 0, 0, 0
L1-D.coherency-downgrades = 186, 20176, 19217, 19887, 19690, 19929, 19911, 19894, 20043, 19956, 19533, 19971, 19950, 19560, 19503, 19745
L1-D.coherency-invalidates = 53, 433, 462, 456, 438, 478, 485, 470, 486, 471, 441, 481, 471, 487, 439, 447
L1-D.coherency-upgrades = 0, 0, 0, 0, 0, 0, 0, 0, 0, 0, 0, 0, 0, 0, 0, 0
L1-D.coherency-writebacks = 49, 4206, 3721, 3955, 3944, 4009, 4152, 3938, 3888, 3984, 3953, 4069, 3950, 3903, 3880, 3900
L1-D.evict-D = 0, 0, 0, 0, 0, 0, 0, 0, 0, 0, 0, 0, 0, 0, 0, 0
L1-D.evict-E = 0, 0, 0, 0, 0, 0, 0, 0, 0, 0, 0, 0, 0, 0, 0, 0
L1-D.evict-I = 0, 0, 0, 0, 0, 0, 0, 0, 0, 0, 0, 0, 0, 0, 0, 0
L1-D.evict-M = 0, 0, 0, 0, 0, 0, 0, 0, 0, 0, 0, 0, 0, 0, 0, 0
L1-D.evict-O = 0, 0, 0, 0, 0, 0, 0, 0, 0, 0, 0, 0, 0, 0, 0, 0
L1-D.evict-prefetch = 0, 0, 0, 0, 0, 0, 0, 0, 0, 0, 0, 0, 0, 0, 0, 0
L1-D.evict-S = 0, 0, 0, 0, 0, 0, 0, 0, 0, 0, 0, 0, 0, 0, 0, 0
L1-D.evict-u = 0, 0, 0, 0, 0, 0, 0, 0, 0, 0, 0, 0, 0, 0, 0, 0
L1-D.evict-warmup = 0, 0, 0, 0, 0, 0, 0, 0, 0, 0, 0, 0, 0, 0, 0, 0
L1-D.hits-prefetch = 0, 0, 0, 0, 0, 0, 0, 0, 0, 0, 0, 0, 0, 0, 0, 0
L1-D.hits-warmup = 0, 0, 0, 0, 0, 0, 0, 0, 0, 0, 0, 0, 0, 0, 0, 0
L1-D.invalidate-prefetch = 0, 0, 0, 0, 0, 0, 0, 0, 0, 0, 0, 0, 0, 0, 0, 0
L1-D.invalidate-warmup = 0, 0, 0, 0, 0, 0, 0, 0, 0, 0, 0, 0, 0, 0, 0, 0
L1-D.load-misses = 32872835, 383224, 756754, 379429, 377408, 378778, 380296, 380441, 380291, 378884, 378602, 380710, 377552, 375897, 375559, 378060
L1-D.load-misses-D = 0, 0, 0, 0, 0, 0, 0, 0, 0, 0, 0, 0, 0, 0, 0, 0
L1-D.load-misses-E = 60421, 1880, 3828, 1916, 1938, 1905, 1971, 1955, 1922, 1938, 1934, 1979, 1928, 1890, 1836, 1914
L1-D.load-misses-I = 32812387, 381223, 752803, 377398, 375382, 376778, 378221, 378395, 378255, 376842, 376561, 378634, 375522, 373903, 373616, 376044
L1-D.load-misses-M = 0, 0, 0, 0, 0, 0, 0, 0, 0, 0, 0, 0, 0, 0, 0, 0
L1-D.load-misses-O = 0, 0, 0, 0, 0, 0, 0, 0, 0, 0, 0, 0, 0, 0, 0, 0
L1-D.load-misses-S = 27, 121, 123, 115, 88, 95, 104, 91, 114, 104, 107, 97, 102, 104, 107, 102
L1-D.load-misses-u = 0, 0, 0, 0, 0, 0, 0, 0, 0, 0, 0, 0, 0, 0, 0, 0
L1-D.load-overlapping-misses = 0, 0, 0, 0, 0, 0, 0, 0, 0, 0, 0, 0, 0, 0, 0, 0
L1-D.loads = 380953799, 4474821, 8859431, 4442791, 4432247, 4447136, 4447835, 4459534, 4459420, 4444944, 4437124, 4466161, 4435059, 4414690, 4404341, 4442021
L1-D.loads-D = 0, 0, 0, 0, 0, 0, 0, 0, 0, 0, 0, 0, 0, 0, 0, 0
L1-D.loads-E = 150515566, 2090704, 4132198, 2076410, 2061781, 2070816, 2071221, 2080598, 2077786, 2065081, 2062013, 2081208, 2062955, 2048573, 2045314, 2059351
L1-D.loads-I = 32812387, 381223, 752803, 377398, 375382, 376778, 378221, 378395, 378255, 376842, 376561, 378634, 375522, 373903, 373616, 376044
L1-D.loads-M = 193527323, 1107441, 2212738, 1108513, 1110693, 1110653, 1108101, 1110989, 1113674, 1110848, 1112529, 1116213, 1110406, 1108540, 1104939, 1113762
L1-D.loads-O = 0, 0, 0, 0, 0, 0, 0, 0, 0, 0, 0, 0, 0, 0, 0, 0
L1-D.loads-prefetch = 0, 0, 0, 0, 0, 0, 0, 0, 0, 0, 0, 0, 0, 0, 0, 0
L1-D.loads-S = 4098523, 895453, 1761692, 880470, 884391, 888889, 890292, 889552, 889705, 892173, 886021, 890106, 886176, 883674, 880472, 892864
L1-D.loads-u = 0, 0, 0, 0, 0, 0, 0, 0, 0, 0, 0, 0, 0, 0, 0, 0
L1-D.loads-where-cache-remote = 1541, 18834, 33124, 18779, 18677, 18906, 18920, 18698, 18795, 18795, 18778, 18870, 18736, 18634, 18394, 18669
L1-D.loads-where-dram = 0, 0, 0, 0, 0, 0, 0, 0, 0, 0, 0, 0, 0, 0, 0, 0
L1-D.loads-where-dram-cache = 0, 0, 0, 0, 0, 0, 0, 0, 0, 0, 0, 0, 0, 0, 0, 0
L1-D.loads-where-dram-local = 546771, 0, 0, 0, 7927, 0, 0, 0, 7921, 0, 0, 0, 8100, 0, 0, 0
L1-D.loads-where-dram-remote = 1640470, 32757, 61596, 32335, 24391, 32755, 32428, 32304, 24189, 32267, 32358, 32897, 24053, 32571, 31755, 31965
L1-D.loads-where-L1 = 348080964, 4091597, 8102677, 4063362, 4054839, 4068358, 4067539, 4079093, 4079129, 4066060, 4058522, 4085451, 4057507, 4038793, 4028782, 4063961
L1-D.loads-where-L1_S = 0, 0, 0, 0, 0, 0, 0, 0, 0, 0, 0, 0, 0, 0, 0, 0
L1-D.loads-where-L1I = 0, 0, 0, 0, 0, 0, 0, 0, 0, 0, 0, 0, 0, 0, 0, 0
L1-D.loads-where-L2 = 1601836, 147352, 290411, 145668, 145140, 145605, 146070, 146325, 146129, 145674, 145389, 146451, 145151, 144242, 144059, 145356
L1-D.loads-where-L2_S = 0, 0, 0, 0, 0, 0, 0, 0, 0, 0, 0, 0, 0, 0, 0, 0
L1-D.loads-where-L3 = 0, 0, 0, 0, 0, 0, 0, 0, 0, 0, 0, 0, 0, 0, 0, 0
L1-D.loads-where-L3_S = 0, 0, 0, 0, 0, 0, 0, 0, 0, 0, 0, 0, 0, 0, 0, 0
L1-D.loads-where-L4 = 0, 0, 0, 0, 0, 0, 0, 0, 0, 0, 0, 0, 0, 0, 0, 0
L1-D.loads-where-L4_S = 0, 0, 0, 0, 0, 0, 0, 0, 0, 0, 0, 0, 0, 0, 0, 0
L1-D.loads-where-miss = 0, 0, 0, 0, 0, 0, 0, 0, 0, 0, 0, 0, 0, 0, 0, 0
L1-D.loads-where-nuca-cache = 29082217, 184281, 371623, 182647, 181273, 181512, 182878, 183114, 183257, 182148, 182077, 182492, 181512, 180450, 181351, 182070
L1-D.loads-where-nuca-local = 0, 0, 0, 0, 0, 0, 0, 0, 0, 0, 0, 0, 0, 0, 0, 0
L1-D.loads-where-nuca-remote = 0, 0, 0, 0, 0, 0, 0, 0, 0, 0, 0, 0, 0, 0, 0, 0
L1-D.loads-where-predicate-false = 0, 0, 0, 0, 0, 0, 0, 0, 0, 0, 0, 0, 0, 0, 0, 0
L1-D.loads-where-prefetch-no-mapping = 0, 0, 0, 0, 0, 0, 0, 0, 0, 0, 0, 0, 0, 0, 0, 0
L1-D.loads-where-unknown = 0, 0, 0, 0, 0, 0, 0, 0, 0, 0, 0, 0, 0, 0, 0, 0
L1-D.mshr-latency = 0, 0, 0, 0, 0, 0, 0, 0, 0, 0, 0, 0, 0, 0, 0, 0
L1-D.next_read.no-free-slots = 0, 0, 0, 0, 0, 0, 0, 0, 0, 0, 0, 0, 0, 0, 0, 0
L1-D.next_read.num-barriers = 0, 0, 0, 0, 0, 0, 0, 0, 0, 0, 0, 0, 0, 0, 0, 0
L1-D.next_read.num-requests = 0, 0, 0, 0, 0, 0, 0, 0, 0, 0, 0, 0, 0, 0, 0, 0
L1-D.next_read.requests-out-of-order = 0, 0, 0, 0, 0, 0, 0, 0, 0, 0, 0, 0, 0, 0, 0, 0
L1-D.next_read.requests-simultaneous = 0, 0, 0, 0, 0, 0, 0, 0, 0, 0, 0, 0, 0, 0, 0, 0
L1-D.next_read.total-barrier-delay = 0, 0, 0, 0, 0, 0, 0, 0, 0, 0, 0, 0, 0, 0, 0, 0
L1-D.next_read.total-delay = 0, 0, 0, 0, 0, 0, 0, 0, 0, 0, 0, 0, 0, 0, 0, 0
L1-D.prefetches = 0, 0, 0, 0, 0, 0, 0, 0, 0, 0, 0, 0, 0, 0, 0, 0
L1-D.qbs-query-latency = 0, 0, 0, 0, 0, 0, 0, 0, 0, 0, 0, 0, 0, 0, 0, 0
L1-D.snoop-latency = 0, 0, 0, 0, 0, 0, 0, 0, 0, 0, 0, 0, 0, 0, 0, 0
L1-D.store-misses = 5183947, 12169, 23443, 12180, 11125, 11169, 12129, 11087, 11244, 11271, 12194, 11086, 11162, 12174, 12252, 11136
L1-D.store-misses-D = 0, 0, 0, 0, 0, 0, 0, 0, 0, 0, 0, 0, 0, 0, 0, 0
L1-D.store-misses-E = 3542567, 8450, 16621, 8541, 8159, 8181, 8378, 8091, 8163, 8146, 8389, 8110, 8210, 8495, 8475, 8201
L1-D.store-misses-I = 1641100, 3699, 6808, 3622, 2950, 2961, 3734, 2976, 3068, 3107, 3794, 2966, 2942, 3665, 3761, 2924
L1-D.store-misses-M = 0, 0, 0, 0, 0, 0, 0, 0, 0, 0, 0, 0, 0, 0, 0, 0
L1-D.store-misses-O = 0, 0, 0, 0, 0, 0, 0, 0, 0, 0, 0, 0, 0, 0, 0, 0
L1-D.store-misses-S = 280, 20, 14, 17, 16, 27, 17, 20, 13, 18, 11, 10, 10, 14, 16, 11
L1-D.store-misses-u = 0, 0, 0, 0, 0, 0, 0, 0, 0, 0, 0, 0, 0, 0, 0, 0
L1-D.store-overlapping-misses = 0, 0, 0, 0, 0, 0, 0, 0, 0, 0, 0, 0, 0, 0, 0, 0
L1-D.stores = 150251217, 1163671, 2318665, 1162697, 1160922, 1163901, 1161221, 1162946, 1166000, 1161774, 1163070, 1167037, 1162411, 1160559, 1158164, 1165014
L1-D.stores-D = 0, 0, 0, 0, 0, 0, 0, 0, 0, 0, 0, 0, 0, 0, 0, 0
L1-D.stores-E = 3542567, 8450, 16621, 8541, 8159, 8181, 8378, 8091, 8163, 8146, 8389, 8110, 8210, 8495, 8475, 8201
L1-D.stores-I = 1641100, 3699, 6808, 3622, 2950, 2961, 3734, 2976, 3068, 3107, 3794, 2966, 2942, 3665, 3761, 2924
L1-D.stores-M = 145067270, 1151502, 2295222, 1150517, 1149797, 1152732, 1149092, 1151859, 1154756, 1150503, 1150876, 1155951, 1151249, 1148385, 1145912, 1153878
L1-D.stores-O = 0, 0, 0, 0, 0, 0, 0, 0, 0, 0, 0, 0, 0, 0, 0, 0
L1-D.stores-prefetch = 0, 0, 0, 0, 0, 0, 0, 0, 0, 0, 0, 0, 0, 0, 0, 0
L1-D.stores-S = 280, 20, 14, 17, 16, 27, 17, 20, 13, 18, 11, 10, 10, 14, 16, 11
L1-D.stores-u = 0, 0, 0, 0, 0, 0, 0, 0, 0, 0, 0, 0, 0, 0, 0, 0
L1-D.stores-where-cache-remote = 0, 0, 0, 0, 0, 0, 0, 0, 0, 0, 0, 0, 0, 0, 0, 0
L1-D.stores-where-dram = 0, 0, 0, 0, 0, 0, 0, 0, 0, 0, 0, 0, 0, 0, 0, 0
L1-D.stores-where-dram-cache = 0, 0, 0, 0, 0, 0, 0, 0, 0, 0, 0, 0, 0, 0, 0, 0
L1-D.stores-where-dram-local = 0, 0, 0, 0, 0, 0, 0, 0, 0, 0, 0, 0, 0, 0, 0, 0
L1-D.stores-where-dram-remote = 0, 0, 0, 0, 0, 0, 0, 0, 0, 0, 0, 0, 0, 0, 0, 0
L1-D.stores-where-L1 = 145067270, 1151502, 2295222, 1150517, 1149797, 1152732, 1149092, 1151859, 1154756, 1150503, 1150876, 1155951, 1151249, 1148385, 1145912, 1153878
L1-D.stores-where-L1_S = 0, 0, 0, 0, 0, 0, 0, 0, 0, 0, 0, 0, 0, 0, 0, 0
L1-D.stores-where-L1I = 0, 0, 0, 0, 0, 0, 0, 0, 0, 0, 0, 0, 0, 0, 0, 0
L1-D.stores-where-L2 = 5183947, 12169, 23443, 12180, 11125, 11169, 12129, 11087, 11244, 11271, 12194, 11086, 11162, 12174, 12252, 11136
L1-D.stores-where-L2_S = 0, 0, 0, 0, 0, 0, 0, 0, 0, 0, 0, 0, 0, 0, 0, 0
L1-D.stores-where-L3 = 0, 0, 0, 0, 0, 0, 0, 0, 0, 0, 0, 0, 0, 0, 0, 0
L1-D.stores-where-L3_S = 0, 0, 0, 0, 0, 0, 0, 0, 0, 0, 0, 0, 0, 0, 0, 0
L1-D.stores-where-L4 = 0, 0, 0, 0, 0, 0, 0, 0, 0, 0, 0, 0, 0, 0, 0, 0
L1-D.stores-where-L4_S = 0, 0, 0, 0, 0, 0, 0, 0, 0, 0, 0, 0, 0, 0, 0, 0
L1-D.stores-where-miss = 0, 0, 0, 0, 0, 0, 0, 0, 0, 0, 0, 0, 0, 0, 0, 0
L1-D.stores-where-nuca-cache = 0, 0, 0, 0, 0, 0, 0, 0, 0, 0, 0, 0, 0, 0, 0, 0
L1-D.stores-where-nuca-local = 0, 0, 0, 0, 0, 0, 0, 0, 0, 0, 0, 0, 0, 0, 0, 0
L1-D.stores-where-nuca-remote = 0, 0, 0, 0, 0, 0, 0, 0, 0, 0, 0, 0, 0, 0, 0, 0
L1-D.stores-where-predicate-false = 0, 0, 0, 0, 0, 0, 0, 0, 0, 0, 0, 0, 0, 0, 0, 0
L1-D.stores-where-prefetch-no-mapping = 0, 0, 0, 0, 0, 0, 0, 0, 0, 0, 0, 0, 0, 0, 0, 0
L1-D.stores-where-unknown = 0, 0, 0, 0, 0, 0, 0, 0, 0, 0, 0, 0, 0, 0, 0, 0
L1-D.total-latency = 1058479908000601, 12546091505583, 23522185050795, 12831224272566, 12511199314549, 12193170672691, 12262760836069, 12586170759799, 12674133694514, 12259004853084, 12261514793725, 12664690887136, 12951255956157, 12489234582100, 12349868228667, 12703928307045
L1-I.access-mru-0 = 129827815, 1572303, 3122884, 1566362, 1563107, 1568875, 1565043, 1568586, 1570121, 1566330, 1564656, 1571132, 1565333, 1560950, 1556588, 1566329
L1-I.access-mru-1 = 33390286, 232239, 465412, 232714, 233960, 233630, 232689, 234483, 233995, 233592, 231064, 234881, 234174, 231500, 231184, 234292
L1-I.access-mru-2 = 8946198, 6, 9, 3, 1, 2, 1, 1, 11, 1, 6, 4, 2, 1, 2, 9
L1-I.access-mru-3 = 327987, 1, 3, 1, 1, 0, 1, 1, 1, 1, 1, 1, 1, 1, 1, 1
L1-I.backinval-D = 0, 0, 0, 0, 0, 0, 0, 0, 0, 0, 0, 0, 0, 0, 0, 0
L1-I.backinval-E = 18547172, 208, 1381, 257, 258, 452, 307, 344, 303, 527, 247, 402, 267, 717, 184, 138
L1-I.backinval-I = 0, 0, 0, 0, 0, 0, 0, 0, 0, 0, 0, 0, 0, 0, 0, 0
L1-I.backinval-M = 0, 0, 0, 0, 0, 0, 0, 0, 0, 0, 0, 0, 0, 0, 0, 0
L1-I.backinval-O = 0, 0, 0, 0, 0, 0, 0, 0, 0, 0, 0, 0, 0, 0, 0, 0
L1-I.backinval-S = 27253, 39367, 75230, 38715, 36985, 37064, 38750, 37388, 37545, 37318, 38711, 37485, 37006, 37772, 38719, 37292
L1-I.backinval-u = 0, 0, 0, 0, 0, 0, 0, 0, 0, 0, 0, 0, 0, 0, 0, 0
L1-I.coherency-downgrades = 63, 393, 382, 307, 383, 755, 256, 315, 436, 554, 352, 222, 484, 585, 345, 362
L1-I.coherency-invalidates = 0, 0, 0, 0, 0, 0, 0, 0, 0, 0, 0, 0, 0, 0, 0, 0
L1-I.coherency-upgrades = 0, 0, 0, 0, 0, 0, 0, 0, 0, 0, 0, 0, 0, 0, 0, 0
L1-I.coherency-writebacks = 0, 0, 0, 0, 0, 0, 0, 0, 0, 0, 0, 0, 0, 0, 0, 0
L1-I.evict-D = 0, 0, 0, 0, 0, 0, 0, 0, 0, 0, 0, 0, 0, 0, 0, 0
L1-I.evict-E = 0, 0, 0, 0, 0, 0, 0, 0, 0, 0, 0, 0, 0, 0, 0, 0
L1-I.evict-I = 0, 0, 0, 0, 0, 0, 0, 0, 0, 0, 0, 0, 0, 0, 0, 0
L1-I.evict-M = 0, 0, 0, 0, 0, 0, 0, 0, 0, 0, 0, 0, 0, 0, 0, 0
L1-I.evict-O = 0, 0, 0, 0, 0, 0, 0, 0, 0, 0, 0, 0, 0, 0, 0, 0
L1-I.evict-prefetch = 0, 0, 0, 0, 0, 0, 0, 0, 0, 0, 0, 0, 0, 0, 0, 0
L1-I.evict-S = 0, 0, 0, 0, 0, 0, 0, 0, 0, 0, 0, 0, 0, 0, 0, 0
L1-I.evict-u = 0, 0, 0, 0, 0, 0, 0, 0, 0, 0, 0, 0, 0, 0, 0, 0
L1-I.evict-warmup = 0, 0, 0, 0, 0, 0, 0, 0, 0, 0, 0, 0, 0, 0, 0, 0
L1-I.hits-prefetch = 0, 0, 0, 0, 0, 0, 0, 0, 0, 0, 0, 0, 0, 0, 0, 0
L1-I.hits-warmup = 0, 0, 0, 0, 0, 0, 0, 0, 0, 0, 0, 0, 0, 0, 0, 0
L1-I.invalidate-prefetch = 0, 0, 0, 0, 0, 0, 0, 0, 0, 0, 0, 0, 0, 0, 0, 0
L1-I.invalidate-warmup = 0, 0, 0, 0, 0, 0, 0, 0, 0, 0, 0, 0, 0, 0, 0, 0
L1-I.load-misses = 18574590, 39695, 76727, 39091, 37374, 37636, 39178, 37853, 37966, 37963, 39075, 38002, 37384, 38608, 39028, 37546
L1-I.load-misses-D = 0, 0, 0, 0, 0, 0, 0, 0, 0, 0, 0, 0, 0, 0, 0, 0
L1-I.load-misses-E = 0, 0, 0, 0, 0, 0, 0, 0, 0, 0, 0, 0, 0, 0, 0, 0
L1-I.load-misses-I = 18574590, 39695, 76727, 39091, 37374, 37636, 39178, 37853, 37966, 37963, 39075, 38002, 37384, 38608, 39028, 37546
L1-I.load-misses-M = 0, 0, 0, 0, 0, 0, 0, 0, 0, 0, 0, 0, 0, 0, 0, 0
L1-I.load-misses-O = 0, 0, 0, 0, 0, 0, 0, 0, 0, 0, 0, 0, 0, 0, 0, 0
L1-I.load-misses-S = 0, 0, 0, 0, 0, 0, 0, 0, 0, 0, 0, 0, 0, 0, 0, 0
L1-I.load-misses-u = 0, 0, 0, 0, 0, 0, 0, 0, 0, 0, 0, 0, 0, 0, 0, 0
L1-I.load-overlapping-misses = 0, 0, 0, 0, 0, 0, 0, 0, 0, 0, 0, 0, 0, 0, 0, 0
L1-I.loads = 191066876, 1844244, 3665035, 1838171, 1834443, 1840143, 1836912, 1840924, 1842094, 1837887, 1834802, 1844020, 1836894, 1831060, 1826803, 1838177
L1-I.loads-D = 0, 0, 0, 0, 0, 0, 0, 0, 0, 0, 0, 0, 0, 0, 0, 0
L1-I.loads-E = 168306176, 12129, 37301, 13604, 13596, 28382, 11710, 15309, 17336, 24606, 12366, 14481, 18173, 33082, 11238, 10757
L1-I.loads-I = 18574590, 39695, 76727, 39091, 37374, 37636, 39178, 37853, 37966, 37963, 39075, 38002, 37384, 38608, 39028, 37546
L1-I.loads-M = 0, 0, 0, 0, 0, 0, 0, 0, 0, 0, 0, 0, 0, 0, 0, 0
L1-I.loads-O = 0, 0, 0, 0, 0, 0, 0, 0, 0, 0, 0, 0, 0, 0, 0, 0
L1-I.loads-prefetch = 0, 0, 0, 0, 0, 0, 0, 0, 0, 0, 0, 0, 0, 0, 0, 0
L1-I.loads-S = 4186110, 1792420, 3551007, 1785476, 1783473, 1774125, 1786024, 1787762, 1786792, 1775318, 1783361, 1791537, 1781337, 1759370, 1776537, 1789874
L1-I.loads-u = 0, 0, 0, 0, 0, 0, 0, 0, 0, 0, 0, 0, 0, 0, 0, 0
L1-I.loads-where-cache-remote = 0, 341, 434, 385, 440, 423, 400, 321, 493, 620, 515, 288, 446, 375, 442, 269
L1-I.loads-where-dram = 0, 0, 0, 0, 0, 0, 0, 0, 0, 0, 0, 0, 0, 0, 0, 0
L1-I.loads-where-dram-cache = 0, 0, 0, 0, 0, 0, 0, 0, 0, 0, 0, 0, 0, 0, 0, 0
L1-I.loads-where-dram-local = 610, 0, 0, 0, 2, 0, 0, 0, 0, 0, 0, 0, 3, 0, 0, 0
L1-I.loads-where-dram-remote = 1826, 113, 20, 6, 5, 63, 4, 1, 0, 0, 31, 114, 11, 0, 19, 20
L1-I.loads-where-L1 = 0, 0, 0, 0, 0, 0, 0, 0, 0, 0, 0, 0, 0, 0, 0, 0
L1-I.loads-where-L1_S = 0, 0, 0, 0, 0, 0, 0, 0, 0, 0, 0, 0, 0, 0, 0, 0
L1-I.loads-where-L1I = 172492286, 1804549, 3588308, 1799080, 1797069, 1802507, 1797734, 1803071, 1804128, 1799924, 1795727, 1806018, 1799510, 1792452, 1787775, 1800631
L1-I.loads-where-L2 = 0, 0, 0, 0, 0, 0, 0, 0, 0, 0, 0, 0, 0, 0, 0, 0
L1-I.loads-where-L2_S = 0, 0, 0, 0, 0, 0, 0, 0, 0, 0, 0, 0, 0, 0, 0, 0
L1-I.loads-where-L3 = 0, 0, 0, 0, 0, 0, 0, 0, 0, 0, 0, 0, 0, 0, 0, 0
L1-I.loads-where-L3_S = 0, 0, 0, 0, 0, 0, 0, 0, 0, 0, 0, 0, 0, 0, 0, 0
L1-I.loads-where-L4 = 0, 0, 0, 0, 0, 0, 0, 0, 0, 0, 0, 0, 0, 0, 0, 0
L1-I.loads-where-L4_S = 0, 0, 0, 0, 0, 0, 0, 0, 0, 0, 0, 0, 0, 0, 0, 0
L1-I.loads-where-miss = 0, 0, 0, 0, 0, 0, 0, 0, 0, 0, 0, 0, 0, 0, 0, 0
L1-I.loads-where-nuca-cache = 18572154, 39241, 76273, 38700, 36927, 37150, 38774, 37531, 37473, 37343, 38529, 37600, 36924, 38233, 38567, 37257
L1-I.loads-where-nuca-local = 0, 0, 0, 0, 0, 0, 0, 0, 0, 0, 0, 0, 0, 0, 0, 0
L1-I.loads-where-nuca-remote = 0, 0, 0, 0, 0, 0, 0, 0, 0, 0, 0, 0, 0, 0, 0, 0
L1-I.loads-where-predicate-false = 0, 0, 0, 0, 0, 0, 0, 0, 0, 0, 0, 0, 0, 0, 0, 0
L1-I.loads-where-prefetch-no-mapping = 0, 0, 0, 0, 0, 0, 0, 0, 0, 0, 0, 0, 0, 0, 0, 0
L1-I.loads-where-unknown = 0, 0, 0, 0, 0, 0, 0, 0, 0, 0, 0, 0, 0, 0, 0, 0
L1-I.mshr-latency = 0, 0, 0, 0, 0, 0, 0, 0, 0, 0, 0, 0, 0, 0, 0, 0
L1-I.next_read.no-free-slots = 0, 0, 0, 0, 0, 0, 0, 0, 0, 0, 0, 0, 0, 0, 0, 0
L1-I.next_read.num-barriers = 0, 0, 0, 0, 0, 0, 0, 0, 0, 0, 0, 0, 0, 0, 0, 0
L1-I.next_read.num-requests = 0, 0, 0, 0, 0, 0, 0, 0, 0, 0, 0, 0, 0, 0, 0, 0
L1-I.next_read.requests-out-of-order = 0, 0, 0, 0, 0, 0, 0, 0, 0, 0, 0, 0, 0, 0, 0, 0
L1-I.next_read.requests-simultaneous = 0, 0, 0, 0, 0, 0, 0, 0, 0, 0, 0, 0, 0, 0, 0, 0
L1-I.next_read.total-barrier-delay = 0, 0, 0, 0, 0, 0, 0, 0, 0, 0, 0, 0, 0, 0, 0, 0
L1-I.next_read.total-delay = 0, 0, 0, 0, 0, 0, 0, 0, 0, 0, 0, 0, 0, 0, 0, 0
L1-I.prefetches = 0, 0, 0, 0, 0, 0, 0, 0, 0, 0, 0, 0, 0, 0, 0, 0
L1-I.qbs-query-latency = 0, 0, 0, 0, 0, 0, 0, 0, 0, 0, 0, 0, 0, 0, 0, 0
L1-I.snoop-latency = 0, 0, 0, 0, 0, 0, 0, 0, 0, 0, 0, 0, 0, 0, 0, 0
L1-I.store-misses = 0, 0, 0, 0, 0, 0, 0, 0, 0, 0, 0, 0, 0, 0, 0, 0
L1-I.store-misses-D = 0, 0, 0, 0, 0, 0, 0, 0, 0, 0, 0, 0, 0, 0, 0, 0
L1-I.store-misses-E = 0, 0, 0, 0, 0, 0, 0, 0, 0, 0, 0, 0, 0, 0, 0, 0
L1-I.store-misses-I = 0, 0, 0, 0, 0, 0, 0, 0, 0, 0, 0, 0, 0, 0, 0, 0
L1-I.store-misses-M = 0, 0, 0, 0, 0, 0, 0, 0, 0, 0, 0, 0, 0, 0, 0, 0
L1-I.store-misses-O = 0, 0, 0, 0, 0, 0, 0, 0, 0, 0, 0, 0, 0, 0, 0, 0
L1-I.store-misses-S = 0, 0, 0, 0, 0, 0, 0, 0, 0, 0, 0, 0, 0, 0, 0, 0
L1-I.store-misses-u = 0, 0, 0, 0, 0, 0, 0, 0, 0, 0, 0, 0, 0, 0, 0, 0
L1-I.store-overlapping-misses = 0, 0, 0, 0, 0, 0, 0, 0, 0, 0, 0, 0, 0, 0, 0, 0
L1-I.stores = 0, 0, 0, 0, 0, 0, 0, 0, 0, 0, 0, 0, 0, 0, 0, 0
L1-I.stores-D = 0, 0, 0, 0, 0, 0, 0, 0, 0, 0, 0, 0, 0, 0, 0, 0
L1-I.stores-E = 0, 0, 0, 0, 0, 0, 0, 0, 0, 0, 0, 0, 0, 0, 0, 0
L1-I.stores-I = 0, 0, 0, 0, 0, 0, 0, 0, 0, 0, 0, 0, 0, 0, 0, 0
L1-I.stores-M = 0, 0, 0, 0, 0, 0, 0, 0, 0, 0, 0, 0, 0, 0, 0, 0
L1-I.stores-O = 0, 0, 0, 0, 0, 0, 0, 0, 0, 0, 0, 0, 0, 0, 0, 0
L1-I.stores-prefetch = 0, 0, 0, 0, 0, 0, 0, 0, 0, 0, 0, 0, 0, 0, 0, 0
L1-I.stores-S = 0, 0, 0, 0, 0, 0, 0, 0, 0, 0, 0, 0, 0, 0, 0, 0
L1-I.stores-u = 0, 0, 0, 0, 0, 0, 0, 0, 0, 0, 0, 0, 0, 0, 0, 0
L1-I.stores-where-cache-remote = 0, 0, 0, 0, 0, 0, 0, 0, 0, 0, 0, 0, 0, 0, 0, 0
L1-I.stores-where-dram = 0, 0, 0, 0, 0, 0, 0, 0, 0, 0, 0, 0, 0, 0, 0, 0
L1-I.stores-where-dram-cache = 0, 0, 0, 0, 0, 0, 0, 0, 0, 0, 0, 0, 0, 0, 0, 0
L1-I.stores-where-dram-local = 0, 0, 0, 0, 0, 0, 0, 0, 0, 0, 0, 0, 0, 0, 0, 0
L1-I.stores-where-dram-remote = 0, 0, 0, 0, 0, 0, 0, 0, 0, 0, 0, 0, 0, 0, 0, 0
L1-I.stores-where-L1 = 0, 0, 0, 0, 0, 0, 0, 0, 0, 0, 0, 0, 0, 0, 0, 0
L1-I.stores-where-L1_S = 0, 0, 0, 0, 0, 0, 0, 0, 0, 0, 0, 0, 0, 0, 0, 0
L1-I.stores-where-L1I = 0, 0, 0, 0, 0, 0, 0, 0, 0, 0, 0, 0, 0, 0, 0, 0
L1-I.stores-where-L2 = 0, 0, 0, 0, 0, 0, 0, 0, 0, 0, 0, 0, 0, 0, 0, 0
L1-I.stores-where-L2_S = 0, 0, 0, 0, 0, 0, 0, 0, 0, 0, 0, 0, 0, 0, 0, 0
L1-I.stores-where-L3 = 0, 0, 0, 0, 0, 0, 0, 0, 0, 0, 0, 0, 0, 0, 0, 0
L1-I.stores-where-L3_S = 0, 0, 0, 0, 0, 0, 0, 0, 0, 0, 0, 0, 0, 0, 0, 0
L1-I.stores-where-L4 = 0, 0, 0, 0, 0, 0, 0, 0, 0, 0, 0, 0, 0, 0, 0, 0
L1-I.stores-where-L4_S = 0, 0, 0, 0, 0, 0, 0, 0, 0, 0, 0, 0, 0, 0, 0, 0
L1-I.stores-where-miss = 0, 0, 0, 0, 0, 0, 0, 0, 0, 0, 0, 0, 0, 0, 0, 0
L1-I.stores-where-nuca-cache = 0, 0, 0, 0, 0, 0, 0, 0, 0, 0, 0, 0, 0, 0, 0, 0
L1-I.stores-where-nuca-local = 0, 0, 0, 0, 0, 0, 0, 0, 0, 0, 0, 0, 0, 0, 0, 0
L1-I.stores-where-nuca-remote = 0, 0, 0, 0, 0, 0, 0, 0, 0, 0, 0, 0, 0, 0, 0, 0
L1-I.stores-where-predicate-false = 0, 0, 0, 0, 0, 0, 0, 0, 0, 0, 0, 0, 0, 0, 0, 0
L1-I.stores-where-prefetch-no-mapping = 0, 0, 0, 0, 0, 0, 0, 0, 0, 0, 0, 0, 0, 0, 0, 0
L1-I.stores-where-unknown = 0, 0, 0, 0, 0, 0, 0, 0, 0, 0, 0, 0, 0, 0, 0, 0
L1-I.total-latency = 503454238690687, 1051641570223, 1940733531414, 1080833406918, 982883303191, 969257774392, 1015970004581, 1023932602240, 1045318736467, 1006438198883, 1041109762681, 1069779456483, 1076819816380, 1045516211184, 1048528190412, 1049378393155
l1misslat = 28378306.5435
L2.access-mru-0 = 1, 0, 0, 0, 0, 0, 0, 0, 0, 0, 0, 0, 0, 0, 0, 0
L2.access-mru-1 = 0, 0, 0, 0, 0, 0, 0, 0, 0, 0, 0, 0, 0, 0, 0, 0
L2.access-mru-2 = 0, 0, 0, 0, 0, 0, 0, 0, 0, 0, 0, 0, 0, 0, 0, 0
L2.access-mru-3 = 1, 0, 0, 0, 0, 0, 0, 0, 0, 0, 0, 0, 0, 0, 0, 0
L2.backinval-D = 0, 0, 0, 0, 0, 0, 0, 0, 0, 0, 0, 0, 0, 0, 0, 0
L2.backinval-E = 0, 0, 0, 0, 0, 0, 0, 0, 0, 0, 0, 0, 0, 0, 0, 0
L2.backinval-I = 0, 0, 0, 0, 0, 0, 0, 0, 0, 0, 0, 0, 0, 0, 0, 0
L2.backinval-M = 0, 0, 0, 0, 0, 0, 0, 0, 0, 0, 0, 0, 0, 0, 0, 0
L2.backinval-O = 0, 0, 0, 0, 0, 0, 0, 0, 0, 0, 0, 0, 0, 0, 0, 0
L2.backinval-S = 0, 0, 0, 0, 0, 0, 0, 0, 0, 0, 0, 0, 0, 0, 0, 0
L2.backinval-u = 0, 0, 0, 0, 0, 0, 0, 0, 0, 0, 0, 0, 0, 0, 0, 0
L2.coherency-downgrades = 246, 20569, 19599, 20194, 20073, 20684, 20167, 20209, 20479, 20510, 19885, 20193, 20434, 20145, 19848, 20107
L2.coherency-invalidates = 53, 452, 464, 487, 466, 504, 519, 504, 517, 499, 471, 513, 504, 517, 475, 481
L2.coherency-upgrades = 307, 122, 135, 101, 76, 95, 87, 77, 96, 94, 88, 75, 79, 88, 87, 79
L2.coherency-writebacks = 49, 4206, 3721, 3955, 3944, 4009, 4152, 3938, 3888, 3984, 3953, 4069, 3950, 3903, 3880, 3900
L2.evict-D = 0, 0, 0, 0, 0, 0, 0, 0, 0, 0, 0, 0, 0, 0, 0, 0
L2.evict-E = 46085911, 160711, 338802, 159006, 158100, 158790, 159334, 159418, 159345, 158691, 158979, 159648, 158056, 157869, 157460, 157998
L2.evict-I = 0, 0, 0, 0, 0, 0, 0, 0, 0, 0, 0, 0, 0, 0, 0, 0
L2.evict-M = 6785569, 154920, 309724, 153454, 151911, 152321, 153631, 153080, 153064, 152554, 153202, 153054, 151968, 152110, 152029, 152189
L2.evict-O = 0, 0, 0, 0, 0, 0, 0, 0, 0, 0, 0, 0, 0, 0, 0, 0
L2.evict-prefetch = 0, 0, 0, 0, 0, 0, 0, 0, 0, 0, 0, 0, 0, 0, 0, 0
L2.evict-S = 155981, 103985, 183249, 102875, 100918, 101403, 103160, 101938, 102142, 101840, 102485, 101989, 101040, 101456, 102223, 101609
L2.evict-u = 0, 0, 0, 0, 0, 0, 0, 0, 0, 0, 0, 0, 0, 0, 0, 0
L2.evict-warmup = 0, 0, 0, 0, 0, 0, 0, 0, 0, 0, 0, 0, 0, 0, 0, 0
L2.hits-prefetch = 0, 0, 0, 0, 0, 0, 0, 0, 0, 0, 0, 0, 0, 0, 0, 0
L2.hits-warmup = 0, 0, 0, 0, 0, 0, 0, 0, 0, 0, 0, 0, 0, 0, 0, 0
L2.invalidate-prefetch = 0, 0, 0, 0, 0, 0, 0, 0, 0, 0, 0, 0, 0, 0, 0, 0
L2.invalidate-warmup = 0, 0, 0, 0, 0, 0, 0, 0, 0, 0, 0, 0, 0, 0, 0, 0
L2.load-misses = 51447423, 422919, 833481, 418520, 414782, 416414, 419474, 418294, 418257, 416847, 417677, 418712, 414936, 414505, 414587, 415606
L2.load-misses-D = 0, 0, 0, 0, 0, 0, 0, 0, 0, 0, 0, 0, 0, 0, 0, 0
L2.load-misses-E = 60421, 1880, 3828, 1916, 1938, 1905, 1971, 1955, 1922, 1938, 1934, 1979, 1928, 1890, 1836, 1914
L2.load-misses-I = 51386975, 420918, 829530, 416489, 412756, 414415, 417399, 416248, 416221, 414805, 415636, 416636, 412906, 412511, 412644, 413590
L2.load-misses-M = 0, 0, 0, 0, 0, 0, 0, 0, 0, 0, 0, 0, 0, 0, 0, 0
L2.load-misses-O = 0, 0, 0, 0, 0, 0, 0, 0, 0, 0, 0, 0, 0, 0, 0, 0
L2.load-misses-S = 27, 121, 123, 115, 88, 94, 104, 91, 114, 104, 107, 97, 102, 104, 107, 102
L2.load-misses-u = 0, 0, 0, 0, 0, 0, 0, 0, 0, 0, 0, 0, 0, 0, 0, 0
L2.load-overlapping-misses = 4572, 56, 10, 60, 59, 52, 70, 62, 71, 64, 67, 64, 62, 65, 57, 63
L2.loads = 51447425, 422919, 833481, 418520, 414782, 416414, 419474, 418294, 418257, 416847, 417677, 418712, 414936, 414505, 414587, 415606
L2.loads-D = 0, 0, 0, 0, 0, 0, 0, 0, 0, 0, 0, 0, 0, 0, 0, 0
L2.loads-E = 60423, 1880, 3828, 1916, 1938, 1905, 1971, 1955, 1922, 1938, 1934, 1979, 1928, 1890, 1836, 1914
L2.loads-I = 51386975, 420918, 829530, 416489, 412756, 414415, 417399, 416248, 416221, 414805, 415636, 416636, 412906, 412511, 412644, 413590
L2.loads-M = 0, 0, 0, 0, 0, 0, 0, 0, 0, 0, 0, 0, 0, 0, 0, 0
L2.loads-O = 0, 0, 0, 0, 0, 0, 0, 0, 0, 0, 0, 0, 0, 0, 0, 0
L2.loads-prefetch = 0, 0, 0, 0, 0, 0, 0, 0, 0, 0, 0, 0, 0, 0, 0, 0
L2.loads-S = 27, 121, 123, 115, 88, 94, 104, 91, 114, 104, 107, 97, 102, 104, 107, 102
L2.loads-u = 0, 0, 0, 0, 0, 0, 0, 0, 0, 0, 0, 0, 0, 0, 0, 0
L2.mshr-latency = 0, 0, 0, 0, 0, 0, 0, 0, 0, 0, 0, 0, 0, 0, 0, 0
L2.next_read.no-free-slots = 0, 0, 0, 0, 0, 0, 0, 0, 0, 0, 0, 0, 0, 0, 0, 0
L2.next_read.num-barriers = 0, 0, 0, 0, 0, 0, 0, 0, 0, 0, 0, 0, 0, 0, 0, 0
L2.next_read.num-requests = 0, 0, 0, 0, 0, 0, 0, 0, 0, 0, 0, 0, 0, 0, 0, 0
L2.next_read.requests-out-of-order = 0, 0, 0, 0, 0, 0, 0, 0, 0, 0, 0, 0, 0, 0, 0, 0
L2.next_read.requests-simultaneous = 0, 0, 0, 0, 0, 0, 0, 0, 0, 0, 0, 0, 0, 0, 0, 0
L2.next_read.total-barrier-delay = 0, 0, 0, 0, 0, 0, 0, 0, 0, 0, 0, 0, 0, 0, 0, 0
L2.next_read.total-delay = 0, 0, 0, 0, 0, 0, 0, 0, 0, 0, 0, 0, 0, 0, 0, 0
L2.prefetches = 0, 0, 0, 0, 0, 0, 0, 0, 0, 0, 0, 0, 0, 0, 0, 0
L2.qbs-query-latency = 0, 0, 0, 0, 0, 0, 0, 0, 0, 0, 0, 0, 0, 0, 0, 0
L2.snoop-latency = 0, 0, 0, 0, 0, 0, 0, 0, 0, 0, 0, 0, 0, 0, 0, 0
L2.store-misses = 5183947, 12169, 23443, 12180, 11125, 11169, 12129, 11087, 11244, 11271, 12194, 11086, 11162, 12174, 12252, 11136
L2.store-misses-D = 0, 0, 0, 0, 0, 0, 0, 0, 0, 0, 0, 0, 0, 0, 0, 0
L2.store-misses-E = 3542567, 8450, 16621, 8541, 8159, 8181, 8378, 8091, 8163, 8146, 8389, 8110, 8210, 8495, 8475, 8201
L2.store-misses-I = 1641100, 3699, 6808, 3622, 2950, 2961, 3734, 2976, 3068, 3107, 3794, 2966, 2942, 3665, 3761, 2924
L2.store-misses-M = 0, 0, 0, 0, 0, 0, 0, 0, 0, 0, 0, 0, 0, 0, 0, 0
L2.store-misses-O = 0, 0, 0, 0, 0, 0, 0, 0, 0, 0, 0, 0, 0, 0, 0, 0
L2.store-misses-S = 280, 20, 14, 17, 16, 27, 17, 20, 13, 18, 11, 10, 10, 14, 16, 11
L2.store-misses-u = 0, 0, 0, 0, 0, 0, 0, 0, 0, 0, 0, 0, 0, 0, 0, 0
L2.store-overlapping-misses = 834555, 3063, 5664, 3123, 2888, 3013, 3036, 2914, 2958, 3015, 3162, 2993, 2976, 3074, 3051, 2888
L2.stores = 5183947, 12169, 23443, 12180, 11125, 11169, 12129, 11087, 11244, 11271, 12194, 11086, 11162, 12174, 12252, 11136
L2.stores-D = 0, 0, 0, 0, 0, 0, 0, 0, 0, 0, 0, 0, 0, 0, 0, 0
L2.stores-E = 3542567, 8450, 16621, 8541, 8159, 8181, 8378, 8091, 8163, 8146, 8389, 8110, 8210, 8495, 8475, 8201
L2.stores-I = 1641100, 3699, 6808, 3622, 2950, 2961, 3734, 2976, 3068, 3107, 3794, 2966, 2942, 3665, 3761, 2924
L2.stores-M = 0, 0, 0, 0, 0, 0, 0, 0, 0, 0, 0, 0, 0, 0, 0, 0
L2.stores-O = 0, 0, 0, 0, 0, 0, 0, 0, 0, 0, 0, 0, 0, 0, 0, 0
L2.stores-prefetch = 0, 0, 0, 0, 0, 0, 0, 0, 0, 0, 0, 0, 0, 0, 0, 0
L2.stores-S = 280, 20, 14, 17, 16, 27, 17, 20, 13, 18, 11, 10, 10, 14, 16, 11
L2.stores-u = 0, 0, 0, 0, 0, 0, 0, 0, 0, 0, 0, 0, 0, 0, 0, 0
L2.total-latency = 0, 0, 0, 0, 0, 0, 0, 0, 0, 0, 0, 0, 0, 0, 0, 0
L2.uncore-requests = 53028376, 424749, 836475, 420239, 415805, 417492, 421252, 419329, 419412, 418031, 419545, 419708, 415959, 416290, 416524, 416626
L2.uncore-time-dram = 0, 0, 0, 0, 0, 0, 0, 0, 0, 0, 0, 0, 0, 0, 0, 0
L2.uncore-time-dram-bus = 24913374272252, 351222643092, 657593108588, 344976549576, 347437898168, 350168983592, 347775069208, 345617174552, 343096821028, 344217914736, 347269312648, 351998136484, 343644723968, 346240940976, 340652330988, 343029386820
L2.uncore-time-dram-cache = 0, 0, 0, 0, 0, 0, 0, 0, 0, 0, 0, 0, 0, 0, 0, 0
L2.uncore-time-dram-cache-bus = 0, 0, 0, 0, 0, 0, 0, 0, 0, 0, 0, 0, 0, 0, 0, 0
L2.uncore-time-dram-cache-data = 0, 0, 0, 0, 0, 0, 0, 0, 0, 0, 0, 0, 0, 0, 0, 0
L2.uncore-time-dram-cache-queue = 0, 0, 0, 0, 0, 0, 0, 0, 0, 0, 0, 0, 0, 0, 0, 0
L2.uncore-time-dram-cache-tags = 0, 0, 0, 0, 0, 0, 0, 0, 0, 0, 0, 0, 0, 0, 0, 0
L2.uncore-time-dram-device = 133000965000000, 1875015000000, 3510585000000, 1841670000000, 1854810000000, 1869390000000, 1856610000000, 1845090000000, 1831635000000, 1837620000000, 1853910000000, 1879155000000, 1834560000000, 1848420000000, 1818585000000, 1831275000000
L2.uncore-time-dram-queue = 1151983797436, 82721161460, 83901998437, 80991370279, 82933350804, 87292901665, 84358535486, 83605957335, 82109779309, 87598694691, 91441710073, 91313478070, 85084896893, 82226705476, 79529188106, 76286989101
L2.uncore-time-inv-imbalance = 2840756458, 2119171461, 1502342006, 1196803253, 640720657, 1170037356, 906455418, 697496941, 940567754, 1088263257, 908423235, 593399673, 680122516, 465651280, 342639614, 181089144
L2.uncore-time-noc-base = 547043875020494, 4374024116005, 8253933287178, 4782296570867, 4216494566600, 3851287632768, 3926862569637, 4324752400069, 4341191396315, 3917443530405, 3933286757546, 4370167918811, 4804090640729, 4338385404632, 4309182955017, 4706913794207
L2.uncore-time-noc-queue = 93985275300306, 1148516404616, 1526687711083, 1144964385568, 1339839785010, 1323376414904, 1335966996663, 1308127286815, 1412603520414, 1393601969943, 1383404583724, 1352462006970, 1304075628685, 1248572009652, 1183521820463, 1130301930043
L2.uncore-time-nuca-bus = 178678257409, 11614280725, 12633673305, 11659132043, 11805846584, 12043231015, 12123444162, 12335752988, 12617301292, 13077289565, 12896238533, 12932841499, 12564870031, 12317721526, 11662184788, 11228813660
L2.uncore-time-nuca-data = 150584673211704, 1082215964865, 2157534950664, 1070706930360, 1056922514522, 1060665694337, 1072612054312, 1068867310936, 1069062429814, 1063581937327, 1067919714946, 1066615729556, 1058337925235, 1059442548660, 1062502699813, 1061362725822
L2.uncore-time-nuca-ecc = 0, 0, 0, 0, 0, 0, 0, 0, 0, 0, 0, 0, 0, 0, 0, 0
L2.uncore-time-nuca-queue = 50118384848592, 360172185296, 718076158976, 356326435504, 351742966400, 352996188352, 356959052336, 355709834288, 355777900656, 353955123360, 355406447512, 354966109120, 352211423168, 352576779408, 353598775904, 353216403072
L2.uncore-time-nuca-tags = 39868401626532, 301869994464, 598035490542, 298423385712, 295200836604, 296385796332, 299148947982, 298018123470, 297844439652, 296575269588, 297937672524, 298028649762, 295214370408, 295720384302, 295989556626, 295912865070
L2.uncore-time-remote-cache-inv = 0, 0, 0, 0, 0, 0, 0, 0, 0, 0, 0, 0, 0, 0, 0, 0
L2.uncore-time-remote-cache-wb = 0, 0, 0, 0, 0, 0, 0, 0, 0, 0, 0, 0, 0, 0, 0, 0
L2.uncore-time-td-access = 199378523087730, 1684953821506, 3315933768308, 1680381552422, 1667096825630, 1680633775178, 1682992437030, 1672879701424, 1677822341806, 1673443586430, 1665823156045, 1666483087592, 1665890037946, 1675873138322, 1662219714337, 1665498127412
L2.uncore-time-unknown = 300417102000000, 2159194666003, 4304349941486, 2136241966451, 2108742000000, 2116154169024, 2140039986338, 2132524706234, 2132937227076, 2121995671820, 2130576000000, 2128099456286, 2111506563246, 2113734000000, 2119850920902, 2117645842207
L2.uncore-totaltime = 1540644077178913, 13433639409493, 25140767430573, 13749825477970, 13333663175650, 13001564824523, 13116355548572, 13448225745052, 13557638725116, 13104199251122, 13140780016786, 13572815813823, 13867860450947, 13373975284234, 13237633542394, 13592852966558
ncores = 16
network.shmem-1.mesh.bytes-in = 4361640444, 191944364, 209917922, 168007804, 248296284, 186197284, 230794956, 179785548, 253898838, 159665826, 175944010, 192193856, 281992444, 177034794, 178455830, 243159258
network.shmem-1.mesh.bytes-out = 2310365792, 310655166, 312283206, 263001022, 403245822, 309912642, 421877926, 286957988, 436080008, 251364938, 277508460, 320554592, 515655440, 289126834, 286524844, 443814782
network.shmem-1.mesh.contention-delay = 151978763633403, 2874582369821, 3247814569062, 2928614532708, 5542922143255, 3055617994741, 3190297252378, 2885459902152, 5666050438390, 2821402105881, 2676048452338, 2943496759484, 5585150816706, 2828834750978, 2740410848727, 3110393215325
network.shmem-1.mesh.link-down.num-requests = 0, 0, 0, 0, 42745102, 1231165, 1522097, 1199403, 29832099, 1341429, 1950550, 1738931, 17164226, 1001109, 1065359, 1625457
network.shmem-1.mesh.link-down.num-requests-analytical = 0, 0, 0, 0, 0, 0, 0, 0, 0, 0, 0, 0, 0, 0, 0, 0
network.shmem-1.mesh.link-down.total-queue-delay = 0, 0, 0, 0, 50005994887465, 389234670711, 494238527469, 328003812142, 25598162637067, 632767010697, 800050482298, 630305167137, 5820293317468, 325784579493, 337742850519, 259919727583
network.shmem-1.mesh.link-down.total-time-used = 0, 0, 0, 0, 153295889459876, 2854957582022, 3950066270470, 2807562344202, 104565709103970, 2693129134710, 5034080259476, 4283572794154, 59328469876492, 2021418433806, 2361530223946, 4459003249902
network.shmem-1.mesh.link-in.num-requests = 100069496, 4665557, 5159087, 4054768, 5839449, 4650081, 6092810, 4361852, 6272701, 3901989, 4244366, 4802267, 7292100, 4383003, 4348948, 6372370
network.shmem-1.mesh.link-in.num-requests-analytical = 0, 0, 0, 0, 0, 0, 0, 0, 0, 0, 0, 0, 0, 0, 0, 0
network.shmem-1.mesh.link-in.total-queue-delay = 11521003015262, 1382231291669, 1546362712013, 1178743178556, 1641704218191, 1301406845168, 1560892981654, 1106853425194, 1656064773568, 1178067908780, 1104717015858, 1132634367982, 1678288332786, 1208210213145, 1196533548123, 2437805976759
network.shmem-1.mesh.link-in.total-time-used = 88120126469272, 14438988052246, 14362421625346, 12206753963720, 18793183165662, 14403146067462, 19674805589932, 13332749866480, 20344123820726, 11660407557558, 12894150002860, 14927133733786, 24095423449248, 13434426131730, 13307822553224, 20718549794660
network.shmem-1.mesh.link-left.num-requests = 0, 10553300, 7712285, 3818587, 0, 12325638, 9282918, 4126721, 0, 10233001, 7900989, 4568527, 0, 12349635, 9552393, 6138248
network.shmem-1.mesh.link-left.num-requests-analytical = 0, 0, 0, 0, 0, 0, 0, 0, 0, 0, 0, 0, 0, 0, 0, 0
network.shmem-1.mesh.link-left.total-queue-delay = 0, 2967318969132, 1832043098685, 70880856156, 0, 3839428514228, 2162349807374, 72252627359, 0, 3029390512943, 1912036557960, 61533381353, 0, 3401482201838, 3194560119454, 73018770716
network.shmem-1.mesh.link-left.total-time-used = 0, 34569601188448, 23718786007102, 11712808560386, 0, 41583725412252, 30524077836852, 12845305840318, 0, 33904796167238, 25449718227798, 14461856994434, 0, 41683592182458, 31529518544790, 20239020649888
network.shmem-1.mesh.link-out.num-requests = 51350618, 7633190, 7463473, 6418041, 9596114, 7616808, 10490975, 7032520, 10439998, 6119449, 6794375, 7902571, 12486046, 7088223, 7018903, 11059540
network.shmem-1.mesh.link-out.num-requests-analytical = 0, 0, 0, 0, 0, 0, 0, 0, 0, 0, 0, 0, 0, 0, 0, 0
network.shmem-1.mesh.link-out.total-queue-delay = 45810130798749, 386634715302, 551976771424, 362443367954, 805596943762, 690000645345, 632478747250, 600297482727, 772629166097, 609257497779, 623285865386, 582900989394, 477944647876, 388409259574, 401988784280, 418682486317
network.shmem-1.mesh.link-out.total-time-used = 184371318979084, 8869200724324, 9558801218222, 7749737382990, 11522768755828, 8598180106584, 10708279318642, 8304305460584, 11795236271612, 7357760624942, 8128884020722, 8904262710170, 13130297638508, 8174899508370, 8237243911802, 11303035211528
network.shmem-1.mesh.link-right.num-requests = 75337855, 53344239, 27715572, 0, 1924822, 1371862, 962779, 0, 1908480, 2244470, 943319, 0, 1891387, 2231944, 1851828, 0
network.shmem-1.mesh.link-right.num-requests-analytical = 0, 0, 0, 0, 0, 0, 0, 0, 0, 0, 0, 0, 0, 0, 0, 0
network.shmem-1.mesh.link-right.total-queue-delay = 377546805878, 277314321587, 183961868681, 0, 142252211330, 509290298046, 240894350158, 0, 125263631735, 644595172917, 228648016472, 0, 115137351601, 624391853878, 344522786037, 0
network.shmem-1.mesh.link-right.total-time-used = 66010043465666, 47426432409066, 25068688738416, 0, 5490517956764, 2972701241852, 2022900789386, 0, 5411775969312, 6160179983740, 1948753958050, 0, 5362612818530, 6132949086536, 5294801965800, 0
network.shmem-1.mesh.link-up.num-requests = 26679425, 17416133, 20952680, 22733115, 20410573, 12069910, 12235854, 17438033, 11899924, 6844128, 6769343, 10599047, 0, 0, 0, 0
network.shmem-1.mesh.link-up.num-requests-analytical = 0, 0, 0, 0, 0, 0, 0, 0, 0, 0, 0, 0, 0, 0, 0, 0
network.shmem-1.mesh.link-up.total-queue-delay = 420368018298, 245172115997, 252201778437, 170597443323, 818242470679, 747055924142, 565664993019, 491332155152, 395217024277, 333828047539, 363290453171, 274099631824, 0, 0, 0, 0
network.shmem-1.mesh.link-up.total-time-used = 25604254672846, 16157540785198, 19105452901528, 20620459102962, 20237696182262, 13258847438276, 12427021617756, 16302508907878, 12042364701824, 7686301716120, 7743302356690, 9987707350858, 0, 0, 0, 0
network.shmem-1.mesh.packets-in = 62558450, 7718426, 7625831, 6499186, 9682914, 7701886, 10572298, 7112554, 10520925, 6200231, 6871539, 7975456, 12563602, 7170275, 7103229, 11136043
network.shmem-1.mesh.packets-out = 111277328, 4750793, 5321445, 4135913, 5926249, 4735159, 6174133, 4441886, 6353628, 3982771, 4321530, 4875152, 7369656, 4465055, 4433274, 6448873
network.shmem-1.mesh.total-delay = 460736218792417, 19218480487005, 25176554748452, 25768847886288, 27012814283195, 23056882856611, 36689510025800, 31221369715268, 34896200690466, 23013972069953, 29178912000404, 39328544731360, 48702908502950, 30912907309628, 34742712329573, 61249497013189
nuca-cache-queue.num-requests = 4397356, 3906174, 3542526, 3190807, 4171569, 3815951, 5315793, 3548585, 4483015, 2982702, 3419068, 3978827, 5498164, 3527965, 3527927, 5675766
nuca-cache-queue.num-requests-analytical = 0, 0, 0, 0, 0, 0, 0, 0, 0, 0, 0, 0, 0, 0, 0, 0
nuca-cache-queue.total-queue-delay = 32384304505, 18791727712, 28177785094, 19332919151, 19922516152, 18236421535, 23460032181, 15464235030, 22796889921, 14675195462, 14174161595, 17276366030, 17916508796, 20768733523, 18532285585, 79266161367
nuca-cache-queue.total-time-used = 4401647819456, 3909986425824, 3545983505376, 3193921227632, 4175640451344, 3819675368176, 5320981213968, 3552048418960, 4487390422640, 2985613117152, 3422405010368, 3982710335152, 5503530208064, 3531408293840, 3531370256752, 5681305547616
nuca-cache.access-mru-0 = 3356610, 2873307, 2524597, 2188265, 3065573, 2802209, 4283123, 2527675, 3463123, 1984012, 2421322, 2953063, 4465755, 2500348, 2404046, 4361031
nuca-cache.access-mru-1 = 309809, 295178, 287865, 280089, 383360, 289669, 301196, 293523, 295489, 274269, 272693, 296406, 300320, 299237, 399905, 585982
nuca-cache.access-mru-10 = 40753, 41503, 41088, 40838, 41058, 40867, 41208, 41239, 40904, 41087, 41059, 40797, 40787, 41111, 40697, 40623
nuca-cache.access-mru-11 = 31304, 32032, 31355, 31368, 31344, 31173, 31462, 31491, 31166, 31622, 31253, 31356, 31224, 31532, 31374, 31547
nuca-cache.access-mru-12 = 26273, 27477, 26454, 26374, 26743, 26466, 26504, 26737, 26270, 26488, 26524, 26585, 26505, 26340, 26338, 26435
nuca-cache.access-mru-13 = 24057, 25107, 24027, 24150, 24174, 24124, 24184, 24138, 24532, 24073, 24168, 24352, 23969, 24122, 24184, 24005
nuca-cache.access-mru-14 = 21258, 22771, 21296, 21624, 21478, 21577, 21502, 21114, 21293, 21521, 21554, 21755, 21260, 21706, 21583, 21432
nuca-cache.access-mru-15 = 19539, 19867, 19060, 19294, 19262, 19085, 19119, 19206, 18999, 19524, 19295, 19375, 19427, 19458, 19488, 19289
nuca-cache.access-mru-2 = 145814, 143083, 142129, 141455, 140429, 141291, 143587, 142432, 142603, 138865, 139659, 142371, 144499, 142793, 141571, 144088
nuca-cache.access-mru-3 = 99255, 99449, 99311, 97264, 96915, 97280, 98861, 98321, 97870, 97100, 97646, 97959, 99651, 97763, 97340, 99188
nuca-cache.access-mru-4 = 76455, 77151, 77185, 75915, 76566, 76508, 76868, 76373, 76386, 76855, 76301, 77012, 77301, 76370, 75829, 76848
nuca-cache.access-mru-5 = 63544, 64100, 64290, 62831, 63395, 63421, 64181, 63511, 62945, 63888, 63557, 63961, 63976, 63645, 63272, 63729
nuca-cache.access-mru-6 = 54713, 55067, 55116, 54162, 54291, 54294, 55160, 54930, 53953, 54602, 55029, 54743, 55176, 54826, 54449, 53938
nuca-cache.access-mru-7 = 48011, 48765, 47747, 47193, 47423, 47859, 48215, 47554, 47302, 47653, 48226, 47862, 47988, 47710, 47466, 47577
nuca-cache.access-mru-8 = 41718, 42562, 42546, 41826, 41721, 41608, 42141, 42036, 41930, 42508, 42129, 42647, 41890, 42279, 42167, 41929
nuca-cache.access-mru-9 = 38243, 38755, 38460, 38159, 37837, 38520, 38482, 38305, 38250, 38635, 38653, 38583, 38436, 38725, 38218, 38125
nuca-cache.read-misses = 226154, 224031, 224652, 225323, 225304, 225184, 225766, 225906, 225227, 224938, 226059, 226487, 226196, 225590, 226730, 225104
nuca-cache.reads = 3923537, 3490941, 3238809, 2881562, 3785019, 3483318, 4917968, 3189229, 4197746, 2734547, 3068025, 3617685, 5220162, 3220196, 3185976, 5202333
nuca-cache.write-misses = 226176, 224672, 224668, 225338, 225328, 225206, 225779, 225935, 225262, 224975, 226089, 226532, 226211, 225608, 226747, 225122
nuca-cache.writes = 926149, 863936, 753037, 759906, 837182, 783023, 849370, 811197, 735758, 698068, 803191, 814161, 730409, 758967, 795428, 923659
performance_model.cpiDTLBMiss = 0, 0, 0, 0, 0, 0, 0, 0, 0, 0, 0, 0, 0, 0, 0, 0
performance_model.cpiFastforwardTime = 0, 0, 0, 0, 0, 0, 0, 0, 0, 0, 0, 0, 0, 0, 0, 0
performance_model.cpiITLBMiss = 0, 0, 0, 0, 0, 0, 0, 0, 0, 0, 0, 0, 0, 0, 0, 0
performance_model.cpiRecv = 0, 0, 0, 0, 0, 0, 0, 0, 0, 0, 0, 0, 0, 0, 0, 0
performance_model.cpiStartTime = 0, 1012423316839963, 1012424296161058, 1012424694280459, 1012424993151964, 1012425140144113, 1012425503677126, 1012425692022565, 1012425993901582, 1012426299164050, 1012426495404208, 1012426737508924, 1012427020966930, 1012427519462044, 1012427791265941, 1012427926228042
performance_model.cpiSyncDvfsTransition = 0, 0, 0, 0, 0, 0, 0, 0, 0, 0, 0, 0, 0, 0, 0, 0
performance_model.cpiSyncFutex = 25600862596352, 12229977777026, 87566118934, 12065113485706, 12287785538857, 12516222616573, 12427448381113, 12213489842104, 12143867443060, 12468591897151, 12440991207649, 12152557648984, 11973759180889, 12284338554166, 12418498777279, 12145932100048
performance_model.cpiSyncJoin = 0, 0, 0, 0, 0, 0, 0, 0, 0, 0, 0, 0, 0, 0, 0, 0
performance_model.cpiSyncMemAccess = 0, 0, 0, 0, 0, 0, 0, 0, 0, 0, 0, 0, 0, 0, 0, 0
performance_model.cpiSyncPause = 0, 0, 0, 0, 0, 0, 0, 0, 0, 0, 0, 0, 0, 0, 0, 0
performance_model.cpiSyncPthreadBarrier = 0, 0, 0, 0, 0, 0, 0, 0, 0, 0, 0, 0, 0, 0, 0, 0
performance_model.cpiSyncPthreadCond = 0, 0, 0, 0, 0, 0, 0, 0, 0, 0, 0, 0, 0, 0, 0, 0
performance_model.cpiSyncPthreadMutex = 0, 0, 0, 0, 0, 0, 0, 0, 0, 0, 0, 0, 0, 0, 0, 0
performance_model.cpiSyncSleep = 0, 0, 0, 0, 0, 0, 0, 0, 0, 0, 0, 0, 0, 0, 0, 0
performance_model.cpiSyncSyscall = 21619158685, 0, 0, 0, 0, 0, 0, 0, 0, 0, 0, 0, 0, 0, 0, 0
performance_model.cpiSyncUnscheduled = 0, 0, 1283079807, 0, 0, 0, 0, 0, 0, 0, 0, 0, 0, 0, 0, 0
performance_model.cpiUnknown = 134423756352, 0, 0, 0, 0, 0, 0, 0, 0, 0, 0, 0, 0, 0, 0, 0
performance_model.cycle_count = 3120957133.12, 2761160281.26, 2761159033.26, 2761157360.27, 2761157606.26, 2761157705.26, 2761157588.26, 2761157973.26, 2761158089.26, 2761157494.26, 2761157756.26, 2761157628.26, 2761157906.26, 2761158069.26, 2761157978.26, 2761157965.26
performance_model.dyninsn_cost = 0, 0, 0, 0, 0, 0, 0, 0, 0, 0, 0, 0, 0, 0, 0, 0
performance_model.dyninsn_count = 0, 0, 0, 0, 0, 0, 0, 0, 0, 0, 0, 0, 0, 0, 0, 0
performance_model.dyninsn_zero_count = 0, 0, 0, 0, 0, 0, 0, 0, 0, 0, 0, 0, 0, 0, 0, 0
performance_model.elapsed_time = 1173292155308946, 1038030180926511, 1038029711752379, 1038029082806432, 1038029175287426, 1038029212505387, 1038029168520524, 1038029313257039, 1038029356865963, 1038029133182258, 1038029231678276, 1038029183558084, 1038029288069126, 1038029349347183, 1038029315136734, 1038029310249527
performance_model.elapsed_time_begin = 0, 0, 0, 0, 0, 0, 0, 0, 0, 0, 0, 0, 0, 0, 0, 0
performance_model.elapsed_time_end = 1173292155308946, 1038030180926511, 1038029711752379, 1038029082806432, 1038029175287426, 1038029212505387, 1038029168520524, 1038029313257039, 1038029356865963, 1038029133182258, 1038029231678276, 1038029183558084, 1038029288069126, 1038029349347183, 1038029315136734, 1038029310249527
performance_model.idle_elapsed_time = 25622481755037, 1024653294616989, 1012513145359799, 1024489807766165, 1024712778690821, 1024941362760686, 1024852952058239, 1024639181864669, 1024569861344642, 1024894891061201, 1024867486611857, 1024579295157908, 1024400780147819, 1024711858016210, 1024846290043220, 1024573858328090
performance_model.instruction_count = 1282174020, 16359949, 32422781, 16263741, 16224544, 16278128, 16269816, 16310402, 16333943, 16272064, 16251088, 16349920, 16238124, 16171574, 16132710, 16276038
pthread.pthread_barrier_wait_count = 0, 0, 0, 0, 0, 0, 0, 0, 0, 0, 0, 0, 0, 0, 0, 0
pthread.pthread_barrier_wait_delay_mem = 0, 0, 0, 0, 0, 0, 0, 0, 0, 0, 0, 0, 0, 0, 0, 0
pthread.pthread_barrier_wait_delay_sync = 0, 0, 0, 0, 0, 0, 0, 0, 0, 0, 0, 0, 0, 0, 0, 0
pthread.pthread_cond_broadcast_count = 0, 0, 0, 0, 0, 0, 0, 0, 0, 0, 0, 0, 0, 0, 0, 0
pthread.pthread_cond_broadcast_delay_mem = 0, 0, 0, 0, 0, 0, 0, 0, 0, 0, 0, 0, 0, 0, 0, 0
pthread.pthread_cond_broadcast_delay_sync = 0, 0, 0, 0, 0, 0, 0, 0, 0, 0, 0, 0, 0, 0, 0, 0
pthread.pthread_cond_signal_count = 0, 0, 0, 0, 0, 0, 0, 0, 0, 0, 0, 0, 0, 0, 0, 0
pthread.pthread_cond_signal_delay_mem = 0, 0, 0, 0, 0, 0, 0, 0, 0, 0, 0, 0, 0, 0, 0, 0
pthread.pthread_cond_signal_delay_sync = 0, 0, 0, 0, 0, 0, 0, 0, 0, 0, 0, 0, 0, 0, 0, 0
pthread.pthread_cond_wait_count = 0, 0, 0, 0, 0, 0, 0, 0, 0, 0, 0, 0, 0, 0, 0, 0
pthread.pthread_cond_wait_delay_mem = 0, 0, 0, 0, 0, 0, 0, 0, 0, 0, 0, 0, 0, 0, 0, 0
pthread.pthread_cond_wait_delay_sync = 0, 0, 0, 0, 0, 0, 0, 0, 0, 0, 0, 0, 0, 0, 0, 0
pthread.pthread_mutex_lock_contended = 0, 0, 0, 0, 0, 0, 0, 0, 0, 0, 0, 0, 0, 0, 0, 0
pthread.pthread_mutex_lock_count = 0, 0, 0, 0, 0, 0, 0, 0, 0, 0, 0, 0, 0, 0, 0, 0
pthread.pthread_mutex_lock_delay_mem = 0, 0, 0, 0, 0, 0, 0, 0, 0, 0, 0, 0, 0, 0, 0, 0
pthread.pthread_mutex_lock_delay_sync = 0, 0, 0, 0, 0, 0, 0, 0, 0, 0, 0, 0, 0, 0, 0, 0
pthread.pthread_mutex_trylock_count = 0, 0, 0, 0, 0, 0, 0, 0, 0, 0, 0, 0, 0, 0, 0, 0
pthread.pthread_mutex_trylock_delay_mem = 0, 0, 0, 0, 0, 0, 0, 0, 0, 0, 0, 0, 0, 0, 0, 0
pthread.pthread_mutex_trylock_delay_sync = 0, 0, 0, 0, 0, 0, 0, 0, 0, 0, 0, 0, 0, 0, 0, 0
pthread.pthread_mutex_unlock_contended = 0, 0, 0, 0, 0, 0, 0, 0, 0, 0, 0, 0, 0, 0, 0, 0
pthread.pthread_mutex_unlock_count = 0, 0, 0, 0, 0, 0, 0, 0, 0, 0, 0, 0, 0, 0, 0, 0
pthread.pthread_mutex_unlock_delay_mem = 0, 0, 0, 0, 0, 0, 0, 0, 0, 0, 0, 0, 0, 0, 0, 0
pthread.pthread_mutex_unlock_delay_sync = 0, 0, 0, 0, 0, 0, 0, 0, 0, 0, 0, 0, 0, 0, 0, 0
pthread_locks_contended = 0.0
roi.instrs = 1542688107
roi.ipscore = 8172.42249452
roi.ipstotal = 130758.759912
roi.walltime = 11797.971379
stlb.access = 13825406, 382503, 739831, 366554, 370922, 371589, 368209, 365962, 371433, 366567, 368333, 380720, 368671, 363090, 370557, 378267
stlb.miss = 6492553, 196080, 387247, 193631, 193279, 193487, 194325, 194580, 194719, 193916, 193305, 195682, 193245, 191882, 191789, 194116
stlb_cache.access-mru-0 = 1194278, 57788, 112395, 55087, 55704, 56075, 55304, 54594, 55901, 55038, 55319, 59929, 55628, 54901, 55639, 57766
stlb_cache.access-mru-1 = 3204364, 59171, 106850, 52157, 55216, 55077, 52335, 51374, 54084, 51550, 53793, 53472, 53419, 51225, 56579, 57774
stlb_cache.access-mru-2 = 1768013, 38732, 74056, 36395, 37363, 37273, 36609, 35895, 37392, 36659, 36555, 37894, 37015, 35957, 37051, 38277
stlb_cache.access-mru-3 = 1166198, 30732, 59283, 29284, 29360, 29677, 29636, 29519, 29337, 29404, 29361, 33743, 29364, 29125, 29499, 30334
syscall.stderr-bytes = 0, 0, 0, 0, 0, 0, 0, 0, 0, 0, 0, 0, 0, 0, 0, 0
syscall.stdout-bytes = 400, 0, 0, 0, 0, 0, 0, 0, 0, 0, 0, 0, 0, 0, 0, 0
thread.bottle_contrib_time = 1147665481688004, 877227529639, 6566045640955, 895250722569, 856684337701, 833378029749, 840026542484, 869237482867, 878070107118, 835961884963, 850294574252, 878125235377, 907334477656, 854424093755, 842857740006, 881900366358, 6938235694109
thread.bottle_runtime_time = 1147669673553909, 13399420919640, 25085977212470, 13553918341956, 13338410945567, 13116361413500, 13200159355717, 13411721670840, 13478648594034, 13158623701402, 13186018423792, 13465400098355, 13643378654791, 13339827855138, 13211512711257, 13473828292876, 25248182008123
thread.elapsed_time = 1173292100000000, 25605783160037, 25605403838942, 25604305719541, 25604106848036, 25604059855887, 25603596322874, 25603607977435, 25603306098418, 25602800835950, 25602704595792, 25602362491076, 25602179033070, 25601780537956, 25601508734059, 25601373771958, 25600936178510
thread.instruction_count = 1282173933, 16359834, 16173241, 16263631, 16224434, 16278041, 16269712, 16310313, 16333841, 16271962, 16250986, 16349816, 16238020, 16171472, 16132619, 16275958, 16249453
thread.instructions_by_core[0] = 1282173933, 0, 0, 0, 0, 0, 0, 0, 0, 0, 0, 0, 0, 0, 0, 0
thread.instructions_by_core[10] = 0, 0, 0, 0, 0, 0, 0, 0, 0, 0, 16250986, 0, 0, 0, 0, 0
thread.instructions_by_core[11] = 0, 0, 0, 0, 0, 0, 0, 0, 0, 0, 0, 16349816, 0, 0, 0, 0
thread.instructions_by_core[12] = 0, 0, 0, 0, 0, 0, 0, 0, 0, 0, 0, 0, 16238020, 0, 0, 0
thread.instructions_by_core[13] = 0, 0, 0, 0, 0, 0, 0, 0, 0, 0, 0, 0, 0, 16171472, 0, 0
thread.instructions_by_core[14] = 0, 0, 0, 0, 0, 0, 0, 0, 0, 0, 0, 0, 0, 0, 16132619, 0
thread.instructions_by_core[15] = 0, 0, 0, 0, 0, 0, 0, 0, 0, 0, 0, 0, 0, 0, 0, 16275958
thread.instructions_by_core[1] = 0, 16359834, 0, 0, 0, 0, 0, 0, 0, 0, 0, 0, 0, 0, 0, 0
thread.instructions_by_core[2] = 0, 0, 16173241, 0, 0, 0, 0, 0, 0, 0, 0, 0, 0, 0, 0, 0, 16249453
thread.instructions_by_core[3] = 0, 0, 0, 16263631, 0, 0, 0, 0, 0, 0, 0, 0, 0, 0, 0, 0
thread.instructions_by_core[4] = 0, 0, 0, 0, 16224434, 0, 0, 0, 0, 0, 0, 0, 0, 0, 0, 0
thread.instructions_by_core[5] = 0, 0, 0, 0, 0, 16278041, 0, 0, 0, 0, 0, 0, 0, 0, 0, 0
thread.instructions_by_core[6] = 0, 0, 0, 0, 0, 0, 16269712, 0, 0, 0, 0, 0, 0, 0, 0, 0
thread.instructions_by_core[7] = 0, 0, 0, 0, 0, 0, 0, 16310313, 0, 0, 0, 0, 0, 0, 0, 0
thread.instructions_by_core[8] = 0, 0, 0, 0, 0, 0, 0, 0, 16333841, 0, 0, 0, 0, 0, 0, 0
thread.instructions_by_core[9] = 0, 0, 0, 0, 0, 0, 0, 0, 0, 16271962, 0, 0, 0, 0, 0, 0
thread.nonidle_cycle_count = 3052801294, 35582345, 32708675, 36014295, 35421427, 34813647, 35048571, 35617714, 35802186, 34937012, 35010169, 35776542, 36251649, 35424454, 35066807, 35791475, 35165358
thread.nonidle_elapsed_time = 1147669659644166, 13376821648014, 12296494390311, 13539208875003, 13316326296012, 13087837338714, 13176154808289, 13390118234505, 13459468453713, 13134215053449, 13161717998811, 13449827873997, 13628439500409, 13317464263365, 13183010431893, 13455441771084, 13220059596282
thread.time_by_core[0] = 1147669659644166, 0, 0, 0, 0, 0, 0, 0, 0, 0, 0, 0, 0, 0, 0, 0
thread.time_by_core[10] = 0, 0, 0, 0, 0, 0, 0, 0, 0, 0, 13161717998811, 0, 0, 0, 0, 0
thread.time_by_core[11] = 0, 0, 0, 0, 0, 0, 0, 0, 0, 0, 0, 13449827873997, 0, 0, 0, 0
thread.time_by_core[12] = 0, 0, 0, 0, 0, 0, 0, 0, 0, 0, 0, 0, 13628439500409, 0, 0, 0
thread.time_by_core[13] = 0, 0, 0, 0, 0, 0, 0, 0, 0, 0, 0, 0, 0, 13317464263365, 0, 0
thread.time_by_core[14] = 0, 0, 0, 0, 0, 0, 0, 0, 0, 0, 0, 0, 0, 0, 13183010431893, 0
thread.time_by_core[15] = 0, 0, 0, 0, 0, 0, 0, 0, 0, 0, 0, 0, 0, 0, 0, 13455441771084
thread.time_by_core[1] = 0, 13376821648014, 0, 0, 0, 0, 0, 0, 0, 0, 0, 0, 0, 0, 0, 0
thread.time_by_core[2] = 0, 0, 12296494390311, 0, 0, 0, 0, 0, 0, 0, 0, 0, 0, 0, 0, 0, 13220059596282
thread.time_by_core[3] = 0, 0, 0, 13539208875003, 0, 0, 0, 0, 0, 0, 0, 0, 0, 0, 0, 0
thread.time_by_core[4] = 0, 0, 0, 0, 13316326296012, 0, 0, 0, 0, 0, 0, 0, 0, 0, 0, 0
thread.time_by_core[5] = 0, 0, 0, 0, 0, 13087837338714, 0, 0, 0, 0, 0, 0, 0, 0, 0, 0
thread.time_by_core[6] = 0, 0, 0, 0, 0, 0, 13176154808289, 0, 0, 0, 0, 0, 0, 0, 0, 0
thread.time_by_core[7] = 0, 0, 0, 0, 0, 0, 0, 13390118234505, 0, 0, 0, 0, 0, 0, 0, 0
thread.time_by_core[8] = 0, 0, 0, 0, 0, 0, 0, 0, 13459468453713, 0, 0, 0, 0, 0, 0, 0
thread.time_by_core[9] = 0, 0, 0, 0, 0, 0, 0, 0, 0, 13134215053449, 0, 0, 0, 0, 0, 0
thread.unscheduled_time = 25622481755037, 12209977777026, 13276921201010, 12055113485706, 12270785538857, 12491222616573, 12407448381113, 12197489842104, 12129867443060, 12447591897151, 12420991207649, 12140557648984, 11962759180889, 12269338554166, 12393498777279, 12132932100048, 12348876681854
time.walltime = 11797971379, 0, 0, 0, 0, 0, 0, 0, 0, 0, 0, 0, 0, 0, 0, 0
vmem = 2763685888
walltime = 11798.6437979
