barrier.global_time = 106551400000000, 0, 0, 0
barrier.global_time_begin = 0, 0, 0, 0
barrier.global_time_end = 106551400000000, 0, 0, 0
branch_predictor.num-correct = 29673997, 29850096, 30868905, 28434986
branch_predictor.num-incorrect = 244647, 248737, 236700, 237831
core.instructions = 349595272, 343548618, 345674401, 334715421
core.spin_elapsed_time = 0, 0, 0, 0
core.spin_instructions = 0, 0, 0, 0
core.spin_loops = 0, 0, 0, 0
corefreq = 2660000000.0, 2660000000.0, 2660000000.0, 2660000000.0
directory.entries-allocated = 58304, 58304, 58320, 58272
directory.evict-E = 0, 0, 0, 0
directory.evict-M = 0, 0, 0, 0
directory.evict-O = 0, 0, 0, 0
directory.evict-S = 0, 0, 0, 0
directory.forward = 0, 0, 0, 0
directory.forward-failed = 0, 0, 0, 0
dram-queue.num-requests = 19063, 0, 0, 0
dram-queue.num-requests-analytical = 0, 0, 0, 0
dram-queue.total-queue-delay = 15620176201767, 0, 0, 0
dram-queue.total-time-used = 160687288388, 0, 0, 0
dram.reads = 19063, 0, 0, 0
dram.total-access-latency = 16638698490155, 0, 0, 0
dram.total-queueing-delay = 15620176201767, 0, 0, 0
dram.writes = 0, 0, 0, 0
dtlb.access = 139788592, 137531226, 138478275, 133601734
dtlb.miss = 787691, 786675, 791792, 811743
dtlb_cache.access-mru-0 = 129724359, 129081240, 129531297, 126276476
dtlb_cache.access-mru-1 = 8308207, 7142135, 7573940, 6081236
dtlb_cache.access-mru-2 = 762167, 341598, 398428, 239329
dtlb_cache.access-mru-3 = 206168, 179578, 182818, 192950
fastforward_performance_model.fastforwarded_time = 0, 0, 0, 0
fastforward_timer.cpiBase = 0, 0, 0, 0
fastforward_timer.cpiBranchPredictor = 0, 0, 0, 0
fastforward_timer.cpiDataCachecache-remote = 0, 0, 0, 0
fastforward_timer.cpiDataCachedram = 0, 0, 0, 0
fastforward_timer.cpiDataCachedram-cache = 0, 0, 0, 0
fastforward_timer.cpiDataCachedram-local = 0, 0, 0, 0
fastforward_timer.cpiDataCachedram-remote = 0, 0, 0, 0
fastforward_timer.cpiDataCacheL1 = 0, 0, 0, 0
fastforward_timer.cpiDataCacheL1_S = 0, 0, 0, 0
fastforward_timer.cpiDataCacheL1I = 0, 0, 0, 0
fastforward_timer.cpiDataCacheL2 = 0, 0, 0, 0
fastforward_timer.cpiDataCacheL2_S = 0, 0, 0, 0
fastforward_timer.cpiDataCacheL3 = 0, 0, 0, 0
fastforward_timer.cpiDataCacheL3_S = 0, 0, 0, 0
fastforward_timer.cpiDataCacheL4 = 0, 0, 0, 0
fastforward_timer.cpiDataCacheL4_S = 0, 0, 0, 0
fastforward_timer.cpiDataCachemiss = 0, 0, 0, 0
fastforward_timer.cpiDataCachenuca-cache = 0, 0, 0, 0
fastforward_timer.cpiDataCachenuca-local = 0, 0, 0, 0
fastforward_timer.cpiDataCachenuca-remote = 0, 0, 0, 0
fastforward_timer.cpiDataCachepredicate-false = 0, 0, 0, 0
fastforward_timer.cpiDataCacheprefetch-no-mapping = 0, 0, 0, 0
fastforward_timer.cpiDataCacheunknown = 0, 0, 0, 0
fs_to_cycles = 2.66e-06
fs_to_cycles_cores = 2.66e-06, 2.66e-06, 2.66e-06, 2.66e-06
futex.futex_cmp_requeue_count = 0, 38, 0, 0
futex.futex_cmp_requeue_delay = 0, 0, 0, 0
futex.futex_cmp_requeue_pi_count = 0, 0, 0, 0
futex.futex_cmp_requeue_pi_delay = 0, 0, 0, 0
futex.futex_fd_count = 0, 0, 0, 0
futex.futex_fd_delay = 0, 0, 0, 0
futex.futex_lock_pi_count = 0, 0, 0, 0
futex.futex_lock_pi_delay = 0, 0, 0, 0
futex.futex_requeue_count = 0, 0, 0, 0
futex.futex_requeue_delay = 0, 0, 0, 0
futex.futex_trylock_pi_count = 0, 0, 0, 0
futex.futex_trylock_pi_delay = 0, 0, 0, 0
futex.futex_unlock_pi_count = 0, 0, 0, 0
futex.futex_unlock_pi_delay = 0, 0, 0, 0
futex.futex_wait_bitset_count = 1, 0, 0, 0
futex.futex_wait_bitset_delay = 0, 0, 0, 0
futex.futex_wait_count = 2, 213, 596, 495, 503
futex.futex_wait_delay = 103729752828175, 50293957178, 586664705429, 539864770517, 587550073414
futex.futex_wait_requeue_pi_count = 0, 0, 0, 0
futex.futex_wait_requeue_pi_delay = 0, 0, 0, 0
futex.futex_wake_bitset_count = 0, 0, 0, 0
futex.futex_wake_bitset_delay = 0, 0, 0, 0
futex.futex_wake_count = 2, 831, 956, 930, 1001, 1, 1, 1, 1
futex.futex_wake_delay = 0, 147000000000, 77000000000, 91000000000, 63000000000, 1000000000
futex.futex_wake_op_count = 0, 0, 0, 0
futex.futex_wake_op_delay = 0, 0, 0, 0
global.time = 106551400000000
global.time_begin = 0
global.time_end = 106551400000000
interval_timer.cpContr_branch = 4840590517116, 5127411068108, 5635218707168, 4516263257761
interval_timer.cpContr_fp_addsub = 112171050457795, 111893863406509, 111835246654758, 111795614157700
interval_timer.cpContr_fp_muldiv = 9798864742603, 9108666553862, 8818736782533, 8875823834681
interval_timer.cpContr_generic = 9963282907257, 9419138357880, 9564244473104, 8387089907675
interval_timer.cpContr_load_l1 = 14129256605943, 14839107683551, 16941370019858, 12373635184792
interval_timer.cpContr_load_l2 = 21623361799, 0, 46464210707, 22371927669
interval_timer.cpContr_load_l3 = 0, 0, 0, 0
interval_timer.cpContr_load_other = 8276933842, 36879526575, 57068906675, 76632134868
interval_timer.cpContr_port0 = 0, 0, 0, 0
interval_timer.cpContr_port015 = 3730584515085, 3545320757261, 3622979613093, 3605832864595
interval_timer.cpContr_port05 = 0, 0, 0, 0
interval_timer.cpContr_port1 = 11101715067, 9618263901, 9977948460, 10341893306
interval_timer.cpContr_port2 = 26371334085562, 25916673035954, 25901714849509, 25858078585940
interval_timer.cpContr_port34 = 135670980017, 149376366742, 91209199729, 80333344533
interval_timer.cpContr_port5 = 364442839147, 361279313212, 362706670567, 363578134481
interval_timer.cpContr_store = 3751062305680, 3354055284334, 3188943095411, 3161955080057
interval_timer.cpiBase = 69666173381160, 69085994241240, 69954187767840, 67341946303098
interval_timer.cpiBranchPredictor = 5385827677626, 5269227565203, 5254006922910, 5307416200701
interval_timer.cpiDataCachecache-remote = 9618400066878, 8686647285426, 8207035963335, 9753871941162
interval_timer.cpiDataCachedram = 0, 0, 0, 0
interval_timer.cpiDataCachedram-cache = 0, 0, 0, 0
interval_timer.cpiDataCachedram-local = 503081569800, 0, 0, 0
interval_timer.cpiDataCachedram-remote = 0, 1619169273, 942479073, 814659813
interval_timer.cpiDataCacheL1 = 0, 0, 0, 0
interval_timer.cpiDataCacheL1_S = 0, 0, 0, 0
interval_timer.cpiDataCacheL1I = 0, 0, 0, 0
interval_timer.cpiDataCacheL2 = 536472095841, 523069494552, 414451694916, 543063810267
interval_timer.cpiDataCacheL2_S = 0, 0, 0, 0
interval_timer.cpiDataCacheL3 = 0, 0, 0, 0
interval_timer.cpiDataCacheL3_S = 0, 0, 0, 0
interval_timer.cpiDataCacheL4 = 0, 0, 0, 0
interval_timer.cpiDataCacheL4_S = 0, 0, 0, 0
interval_timer.cpiDataCachemiss = 0, 0, 0, 0
interval_timer.cpiDataCachenuca-cache = 0, 0, 0, 0
interval_timer.cpiDataCachenuca-local = 5688086768955, 2190180012588, 5211155515995, 2381381460171
interval_timer.cpiDataCachenuca-remote = 12184198027560, 15827895431883, 12033966788136, 15684919063281
interval_timer.cpiDataCachepredicate-false = 0, 0, 0, 0
interval_timer.cpiDataCacheprefetch-no-mapping = 0, 0, 0, 0
interval_timer.cpiDataCacheunknown = 0, 0, 0, 0
interval_timer.cpiInstructionCachecache-remote = 86438526453, 76965239592, 104268561345, 86184767628
interval_timer.cpiInstructionCachedram = 0, 0, 0, 0
interval_timer.cpiInstructionCachedram-cache = 0, 0, 0, 0
interval_timer.cpiInstructionCachedram-local = 62329558383, 0, 0, 0
interval_timer.cpiInstructionCachedram-remote = 0, 3000745098, 1021050324, 1650372210
interval_timer.cpiInstructionCacheL1 = 0, 0, 0, 0
interval_timer.cpiInstructionCacheL1_S = 0, 0, 0, 0
interval_timer.cpiInstructionCacheL1I = 0, 0, 0, 0
interval_timer.cpiInstructionCacheL2 = 0, 0, 0, 0
interval_timer.cpiInstructionCacheL2_S = 0, 0, 0, 0
interval_timer.cpiInstructionCacheL3 = 0, 0, 0, 0
interval_timer.cpiInstructionCacheL3_S = 0, 0, 0, 0
interval_timer.cpiInstructionCacheL4 = 0, 0, 0, 0
interval_timer.cpiInstructionCacheL4_S = 0, 0, 0, 0
interval_timer.cpiInstructionCachemiss = 0, 0, 0, 0
interval_timer.cpiInstructionCachenuca-cache = 0, 0, 0, 0
interval_timer.cpiInstructionCachenuca-local = 635516232903, 341472536541, 519713863038, 301488792318
interval_timer.cpiInstructionCachenuca-remote = 1431057292119, 1529822106504, 1366672099284, 1697172104232
interval_timer.cpiInstructionCachepredicate-false = 0, 0, 0, 0
interval_timer.cpiInstructionCacheprefetch-no-mapping = 0, 0, 0, 0
interval_timer.cpiInstructionCacheunknown = 0, 0, 0, 0
interval_timer.cpiLongLatency = 0, 0, 2631573, 375939
interval_timer.cpiSerialization = 116917029, 0, 0, 0
interval_timer.detailed-cpiBase-BranchMispredict = 0, 0, 0, 0
interval_timer.detailed-cpiBase-DispatchRate = 180975183, 180523493, 183045026, 176122029
interval_timer.detailed-cpiBase-DispatchRate+BranchMispredict = 0, 0, 0, 0
interval_timer.detailed-cpiBase-DispatchRate+ICacheMiss = 0, 0, 0, 0
interval_timer.detailed-cpiBase-DispatchRate+ICacheMiss+BranchMispredict = 0, 0, 0, 0
interval_timer.detailed-cpiBase-DispatchWidth = 15108, 7582, 2485, 2251
interval_timer.detailed-cpiBase-DispatchWidth+BranchMispredict = 0, 0, 0, 0
interval_timer.detailed-cpiBase-DispatchWidth+DispatchRate = 4322149, 3238085, 3031049, 3005702
interval_timer.detailed-cpiBase-DispatchWidth+DispatchRate+BranchMispredict = 0, 0, 0, 0
interval_timer.detailed-cpiBase-DispatchWidth+DispatchRate+ICacheMiss = 0, 0, 0, 0
interval_timer.detailed-cpiBase-DispatchWidth+DispatchRate+ICacheMiss+BranchMispredict = 0, 0, 0, 0
interval_timer.detailed-cpiBase-DispatchWidth+ICacheMiss = 0, 0, 0, 0
interval_timer.detailed-cpiBase-DispatchWidth+ICacheMiss+BranchMispredict = 0, 0, 0, 0
interval_timer.detailed-cpiBase-ICacheMiss = 0, 0, 0, 0
interval_timer.detailed-cpiBase-ICacheMiss+BranchMispredict = 0, 0, 0, 0
interval_timer.detailed-cpiBase-NoReason = 0, 0, 0, 0
interval_timer.detailed-cpiBase-WindowEmpty = 0, 0, 0, 0
interval_timer.detailed-cpiBase-WindowEmpty+BranchMispredict = 0, 0, 0, 0
interval_timer.detailed-cpiBase-WindowEmpty+DispatchRate = 0, 0, 0, 0
interval_timer.detailed-cpiBase-WindowEmpty+DispatchRate+BranchMispredict = 0, 0, 0, 0
interval_timer.detailed-cpiBase-WindowEmpty+DispatchRate+ICacheMiss = 0, 0, 0, 0
interval_timer.detailed-cpiBase-WindowEmpty+DispatchRate+ICacheMiss+BranchMispredict = 0, 0, 0, 0
interval_timer.detailed-cpiBase-WindowEmpty+DispatchWidth = 0, 0, 0, 0
interval_timer.detailed-cpiBase-WindowEmpty+DispatchWidth+BranchMispredict = 0, 0, 0, 0
interval_timer.detailed-cpiBase-WindowEmpty+DispatchWidth+DispatchRate = 0, 0, 0, 0
interval_timer.detailed-cpiBase-WindowEmpty+DispatchWidth+DispatchRate+BranchMispredict = 0, 0, 0, 0
interval_timer.detailed-cpiBase-WindowEmpty+DispatchWidth+DispatchRate+ICacheMiss = 0, 0, 0, 0
interval_timer.detailed-cpiBase-WindowEmpty+DispatchWidth+DispatchRate+ICacheMiss+BranchMispredict = 0, 0, 0, 0
interval_timer.detailed-cpiBase-WindowEmpty+DispatchWidth+ICacheMiss = 0, 0, 0, 0
interval_timer.detailed-cpiBase-WindowEmpty+DispatchWidth+ICacheMiss+BranchMispredict = 0, 0, 0, 0
interval_timer.detailed-cpiBase-WindowEmpty+ICacheMiss = 0, 0, 0, 0
interval_timer.detailed-cpiBase-WindowEmpty+ICacheMiss+BranchMispredict = 0, 0, 0, 0
interval_timer.loadstore_contention.no-free-slots = 0, 0, 0, 0
interval_timer.loadstore_contention.num-barriers = 0, 0, 0, 0
interval_timer.loadstore_contention.num-requests = 75650493, 74282858, 75728458, 72073798
interval_timer.loadstore_contention.requests-out-of-order = 13469289, 11970583, 12306361, 11208249
interval_timer.loadstore_contention.requests-simultaneous = 29361094, 29513416, 30151920, 28789576
interval_timer.loadstore_contention.total-barrier-delay = 0, 0, 0, 0
interval_timer.loadstore_contention.total-delay = 6938305372026, 6388614133128, 6768203500818, 6681549937257
interval_timer.numBPredOverlapped = 8646619, 8648506, 8470333, 8468310
interval_timer.numDCacheOverlapped = 51982572, 52080901, 51515880, 51513995
interval_timer.numHiddenLongerDCacheLatency = 1898221, 2257366, 1958595, 2205022
interval_timer.numICacheOverlapped = 187317003, 186412575, 183824422, 183665620
interval_timer.numLongLatencyLoads = 1483638, 1476492, 1456119, 1454798
interval_timer.numMfenceInsns = 0, 0, 0, 0
interval_timer.numSerializationInsns = 130, 0, 0, 0
interval_timer.numTotalLongLatencyLoadLatency = 75890606, 72430398, 68807845, 75448546
interval_timer.outstandingLongLatencyCycles = 142852814, 137096349, 139234753, 135730047
interval_timer.outstandingLongLatencyInsns = 263996187, 263444188, 254299850, 264760240
interval_timer.totalHiddenDCacheLatency = 469459404, 472651468, 464796035, 468722742
interval_timer.totalHiddenLongerDCacheLatency = 69977909, 72768123, 74479238, 66252985
interval_timer.totalMfenceLatency = 0, 0, 0, 0
interval_timer.totalSerializationLatency = 311, 0, 0, 0
interval_timer.uop_branch = 32382985, 31834408, 32578308, 30136565
interval_timer.uop_fp_addsub = 87761251, 87642432, 87622184, 87635878
interval_timer.uop_fp_muldiv = 44246980, 43891298, 43851138, 43856418
interval_timer.uop_generic = 116027347, 112284990, 112397226, 108747026
interval_timer.uop_load = 127633103, 126363775, 127244354, 123587808
interval_timer.uop_store = 8045537, 7062521, 7133738, 5908828
interval_timer.uops_pause = 0, 0, 0, 0
interval_timer.uops_total = 416097203, 409079424, 410826948, 399872523
interval_timer.uops_x87 = 0, 0, 0, 0
ipc = 1.21287395214
itlb.access = 35563443, 35047987, 35763388, 33316148
itlb.miss = 141, 41, 35, 35
itlb_cache.access-mru-0 = 35557973, 35044366, 35763289, 33316052
itlb_cache.access-mru-1 = 3962, 3537, 57, 53
itlb_cache.access-mru-2 = 1358, 41, 7, 8
itlb_cache.access-mru-3 = 9, 2, 0, 0
L1-D.access-mru-0 = 131238997, 129004304, 130135561, 125165857
L1-D.access-mru-1 = 2681969, 2604631, 2544923, 2653586
L1-D.access-mru-2 = 70931, 79584, 60410, 61568
L1-D.access-mru-3 = 28032, 24802, 16360, 19116
L1-D.backinval-D = 0, 0, 0, 0
L1-D.backinval-E = 4240946, 4233845, 4209552, 4214655
L1-D.backinval-I = 0, 0, 0, 0
L1-D.backinval-M = 100102, 102889, 75200, 75317
L1-D.backinval-O = 0, 0, 0, 0
L1-D.backinval-S = 505899, 515254, 506355, 495401
L1-D.backinval-u = 0, 0, 0, 0
L1-D.coherency-downgrades = 597381, 610941, 610779, 598791
L1-D.coherency-invalidates = 388166, 392835, 415952, 386576
L1-D.coherency-upgrades = 0, 0, 0, 0
L1-D.coherency-writebacks = 64585, 69256, 49610, 67980
L1-D.evict-D = 0, 0, 0, 0
L1-D.evict-E = 0, 0, 0, 0
L1-D.evict-I = 0, 0, 0, 0
L1-D.evict-M = 0, 0, 0, 0
L1-D.evict-O = 0, 0, 0, 0
L1-D.evict-prefetch = 0, 0, 0, 0
L1-D.evict-S = 0, 0, 0, 0
L1-D.evict-u = 0, 0, 0, 0
L1-D.evict-warmup = 0, 0, 0, 0
L1-D.hits-prefetch = 0, 0, 0, 0
L1-D.hits-warmup = 0, 0, 0, 0
L1-D.invalidate-prefetch = 0, 0, 0, 0
L1-D.invalidate-warmup = 0, 0, 0, 0
L1-D.load-misses = 5252656, 5279323, 5223762, 5206664
L1-D.load-misses-D = 0, 0, 0, 0
L1-D.load-misses-E = 286, 1647, 724, 69
L1-D.load-misses-I = 5228501, 5255895, 5198915, 5182869
L1-D.load-misses-M = 0, 0, 0, 0
L1-D.load-misses-O = 0, 0, 0, 0
L1-D.load-misses-S = 23869, 21781, 24123, 23726
L1-D.load-misses-u = 0, 0, 0, 0
L1-D.load-overlapping-misses = 0, 0, 0, 0
L1-D.loads = 131743055, 130468705, 131344537, 127692906
L1-D.loads-D = 0, 0, 0, 0
L1-D.loads-E = 56664527, 55464017, 56079178, 56351398
L1-D.loads-I = 5228501, 5255895, 5198915, 5182869
L1-D.loads-M = 20232271, 19518957, 19308377, 16828223
L1-D.loads-O = 0, 0, 0, 0
L1-D.loads-prefetch = 0, 0, 0, 0
L1-D.loads-S = 49617756, 50229836, 50758067, 49330416
L1-D.loads-u = 0, 0, 0, 0
L1-D.loads-where-cache-remote = 585852, 624201, 617030, 590808
L1-D.loads-where-dram = 0, 0, 0, 0
L1-D.loads-where-dram-cache = 0, 0, 0, 0
L1-D.loads-where-dram-local = 9540, 0, 0, 0
L1-D.loads-where-dram-remote = 0, 49, 22, 19
L1-D.loads-where-L1 = 126490399, 125189382, 126120775, 122486242
L1-D.loads-where-L1_S = 0, 0, 0, 0
L1-D.loads-where-L1I = 0, 0, 0, 0
L1-D.loads-where-L2 = 36134, 33830, 36454, 35567
L1-D.loads-where-L2_S = 0, 0, 0, 0
L1-D.loads-where-L3 = 0, 0, 0, 0
L1-D.loads-where-L3_S = 0, 0, 0, 0
L1-D.loads-where-L4 = 0, 0, 0, 0
L1-D.loads-where-L4_S = 0, 0, 0, 0
L1-D.loads-where-miss = 0, 0, 0, 0
L1-D.loads-where-nuca-cache = 0, 0, 0, 0
L1-D.loads-where-nuca-local = 1422562, 899965, 1418227, 936135
L1-D.loads-where-nuca-remote = 3198568, 3721278, 3152029, 3644135
L1-D.loads-where-predicate-false = 0, 0, 0, 0
L1-D.loads-where-prefetch-no-mapping = 0, 0, 0, 0
L1-D.loads-where-unknown = 0, 0, 0, 0
L1-D.mshr-latency = 0, 0, 0, 0
L1-D.next_read.no-free-slots = 0, 0, 0, 0
L1-D.next_read.num-barriers = 0, 0, 0, 0
L1-D.next_read.num-requests = 0, 0, 0, 0
L1-D.next_read.requests-out-of-order = 0, 0, 0, 0
L1-D.next_read.requests-simultaneous = 0, 0, 0, 0
L1-D.next_read.total-barrier-delay = 0, 0, 0, 0
L1-D.next_read.total-delay = 0, 0, 0, 0
L1-D.prefetches = 0, 0, 0, 0
L1-D.qbs-query-latency = 0, 0, 0, 0
L1-D.snoop-latency = 0, 0, 0, 0
L1-D.store-misses = 516007, 538582, 497259, 494943
L1-D.store-misses-D = 0, 0, 0, 0
L1-D.store-misses-E = 44924, 52442, 36429, 35199
L1-D.store-misses-I = 70719, 58081, 57654, 56756
L1-D.store-misses-M = 0, 0, 0, 0
L1-D.store-misses-O = 0, 0, 0, 0
L1-D.store-misses-S = 400364, 428059, 403176, 402988
L1-D.store-misses-u = 0, 0, 0, 0
L1-D.store-overlapping-misses = 0, 0, 0, 0
L1-D.stores = 8045537, 7062521, 7133738, 5908828
L1-D.stores-D = 0, 0, 0, 0
L1-D.stores-E = 44924, 52442, 36429, 35199
L1-D.stores-I = 70719, 58081, 57654, 56756
L1-D.stores-M = 7529530, 6523939, 6636479, 5413885
L1-D.stores-O = 0, 0, 0, 0
L1-D.stores-prefetch = 0, 0, 0, 0
L1-D.stores-S = 400364, 428059, 403176, 402988
L1-D.stores-u = 0, 0, 0, 0
L1-D.stores-where-cache-remote = 0, 0, 0, 0
L1-D.stores-where-dram = 0, 0, 0, 0
L1-D.stores-where-dram-cache = 0, 0, 0, 0
L1-D.stores-where-dram-local = 0, 0, 0, 0
L1-D.stores-where-dram-remote = 0, 0, 0, 0
L1-D.stores-where-L1 = 7529530, 6523939, 6636479, 5413885
L1-D.stores-where-L1_S = 0, 0, 0, 0
L1-D.stores-where-L1I = 0, 0, 0, 0
L1-D.stores-where-L2 = 516007, 538582, 497259, 494943
L1-D.stores-where-L2_S = 0, 0, 0, 0
L1-D.stores-where-L3 = 0, 0, 0, 0
L1-D.stores-where-L3_S = 0, 0, 0, 0
L1-D.stores-where-L4 = 0, 0, 0, 0
L1-D.stores-where-L4_S = 0, 0, 0, 0
L1-D.stores-where-miss = 0, 0, 0, 0
L1-D.stores-where-nuca-cache = 0, 0, 0, 0
L1-D.stores-where-nuca-local = 0, 0, 0, 0
L1-D.stores-where-nuca-remote = 0, 0, 0, 0
L1-D.stores-where-predicate-false = 0, 0, 0, 0
L1-D.stores-where-prefetch-no-mapping = 0, 0, 0, 0
L1-D.stores-where-unknown = 0, 0, 0, 0
L1-D.total-latency = 126498448304118, 106401476077568, 102398398242410, 108345737327577
L1-I.access-mru-0 = 35200564, 34673380, 35446027, 32996895
L1-I.access-mru-1 = 75144, 48672, 40432, 40039
L1-I.access-mru-2 = 9768, 7129, 935, 1667
L1-I.access-mru-3 = 1782, 29, 3, 3
L1-I.backinval-D = 0, 0, 0, 0
L1-I.backinval-E = 6233, 64455, 692, 558
L1-I.backinval-I = 0, 0, 0, 0
L1-I.backinval-M = 0, 0, 0, 0
L1-I.backinval-O = 0, 0, 0, 0
L1-I.backinval-S = 269657, 254133, 275143, 276832
L1-I.backinval-u = 0, 0, 0, 0
L1-I.coherency-downgrades = 23366, 24788, 28040, 20560
L1-I.coherency-invalidates = 0, 0, 0, 0
L1-I.coherency-upgrades = 0, 0, 0, 0
L1-I.coherency-writebacks = 0, 0, 0, 0
L1-I.evict-D = 0, 0, 0, 0
L1-I.evict-E = 0, 0, 0, 0
L1-I.evict-I = 0, 0, 0, 0
L1-I.evict-M = 0, 0, 0, 0
L1-I.evict-O = 0, 0, 0, 0
L1-I.evict-prefetch = 0, 0, 0, 0
L1-I.evict-S = 0, 0, 0, 0
L1-I.evict-u = 0, 0, 0, 0
L1-I.evict-warmup = 0, 0, 0, 0
L1-I.hits-prefetch = 0, 0, 0, 0
L1-I.hits-warmup = 0, 0, 0, 0
L1-I.invalidate-prefetch = 0, 0, 0, 0
L1-I.invalidate-warmup = 0, 0, 0, 0
L1-I.load-misses = 276185, 318777, 275991, 277544
L1-I.load-misses-D = 0, 0, 0, 0
L1-I.load-misses-E = 0, 0, 0, 0
L1-I.load-misses-I = 276185, 318777, 275991, 277544
L1-I.load-misses-M = 0, 0, 0, 0
L1-I.load-misses-O = 0, 0, 0, 0
L1-I.load-misses-S = 0, 0, 0, 0
L1-I.load-misses-u = 0, 0, 0, 0
L1-I.load-overlapping-misses = 0, 0, 0, 0
L1-I.loads = 35563443, 35047987, 35763388, 33316148
L1-I.loads-D = 0, 0, 0, 0
L1-I.loads-E = 1774790, 1207426, 316750, 80537
L1-I.loads-I = 276185, 318777, 275991, 277544
L1-I.loads-M = 0, 0, 0, 0
L1-I.loads-O = 0, 0, 0, 0
L1-I.loads-prefetch = 0, 0, 0, 0
L1-I.loads-S = 33512468, 33521784, 35170647, 32958067
L1-I.loads-u = 0, 0, 0, 0
L1-I.loads-where-cache-remote = 24676, 22283, 27170, 22623
L1-I.loads-where-dram = 0, 0, 0, 0
L1-I.loads-where-dram-cache = 0, 0, 0, 0
L1-I.loads-where-dram-local = 1476, 0, 0, 0
L1-I.loads-where-dram-remote = 0, 176, 67, 43
L1-I.loads-where-L1 = 0, 0, 0, 0
L1-I.loads-where-L1_S = 0, 0, 0, 0
L1-I.loads-where-L1I = 35287258, 34729210, 35487397, 33038604
L1-I.loads-where-L2 = 2, 0, 0, 0
L1-I.loads-where-L2_S = 0, 0, 0, 0
L1-I.loads-where-L3 = 0, 0, 0, 0
L1-I.loads-where-L3_S = 0, 0, 0, 0
L1-I.loads-where-L4 = 0, 0, 0, 0
L1-I.loads-where-L4_S = 0, 0, 0, 0
L1-I.loads-where-miss = 0, 0, 0, 0
L1-I.loads-where-nuca-cache = 0, 0, 0, 0
L1-I.loads-where-nuca-local = 83589, 66175, 77478, 51430
L1-I.loads-where-nuca-remote = 166442, 230143, 171276, 203448
L1-I.loads-where-predicate-false = 0, 0, 0, 0
L1-I.loads-where-prefetch-no-mapping = 0, 0, 0, 0
L1-I.loads-where-unknown = 0, 0, 0, 0
L1-I.mshr-latency = 0, 0, 0, 0
L1-I.next_read.no-free-slots = 0, 0, 0, 0
L1-I.next_read.num-barriers = 0, 0, 0, 0
L1-I.next_read.num-requests = 0, 0, 0, 0
L1-I.next_read.requests-out-of-order = 0, 0, 0, 0
L1-I.next_read.requests-simultaneous = 0, 0, 0, 0
L1-I.next_read.total-barrier-delay = 0, 0, 0, 0
L1-I.next_read.total-delay = 0, 0, 0, 0
L1-I.prefetches = 0, 0, 0, 0
L1-I.qbs-query-latency = 0, 0, 0, 0
L1-I.snoop-latency = 0, 0, 0, 0
L1-I.store-misses = 0, 0, 0, 0
L1-I.store-misses-D = 0, 0, 0, 0
L1-I.store-misses-E = 0, 0, 0, 0
L1-I.store-misses-I = 0, 0, 0, 0
L1-I.store-misses-M = 0, 0, 0, 0
L1-I.store-misses-O = 0, 0, 0, 0
L1-I.store-misses-S = 0, 0, 0, 0
L1-I.store-misses-u = 0, 0, 0, 0
L1-I.store-overlapping-misses = 0, 0, 0, 0
L1-I.stores = 0, 0, 0, 0
L1-I.stores-D = 0, 0, 0, 0
L1-I.stores-E = 0, 0, 0, 0
L1-I.stores-I = 0, 0, 0, 0
L1-I.stores-M = 0, 0, 0, 0
L1-I.stores-O = 0, 0, 0, 0
L1-I.stores-prefetch = 0, 0, 0, 0
L1-I.stores-S = 0, 0, 0, 0
L1-I.stores-u = 0, 0, 0, 0
L1-I.stores-where-cache-remote = 0, 0, 0, 0
L1-I.stores-where-dram = 0, 0, 0, 0
L1-I.stores-where-dram-cache = 0, 0, 0, 0
L1-I.stores-where-dram-local = 0, 0, 0, 0
L1-I.stores-where-dram-remote = 0, 0, 0, 0
L1-I.stores-where-L1 = 0, 0, 0, 0
L1-I.stores-where-L1_S = 0, 0, 0, 0
L1-I.stores-where-L1I = 0, 0, 0, 0
L1-I.stores-where-L2 = 0, 0, 0, 0
L1-I.stores-where-L2_S = 0, 0, 0, 0
L1-I.stores-where-L3 = 0, 0, 0, 0
L1-I.stores-where-L3_S = 0, 0, 0, 0
L1-I.stores-where-L4 = 0, 0, 0, 0
L1-I.stores-where-L4_S = 0, 0, 0, 0
L1-I.stores-where-miss = 0, 0, 0, 0
L1-I.stores-where-nuca-cache = 0, 0, 0, 0
L1-I.stores-where-nuca-local = 0, 0, 0, 0
L1-I.stores-where-nuca-remote = 0, 0, 0, 0
L1-I.stores-where-predicate-false = 0, 0, 0, 0
L1-I.stores-where-prefetch-no-mapping = 0, 0, 0, 0
L1-I.stores-where-unknown = 0, 0, 0, 0
L1-I.total-latency = 5665299184462, 6892041555900, 5748043108015, 5813061731049
l1misslat = 19281163.0598
L2.access-mru-0 = 1, 0, 0, 0
L2.access-mru-1 = 2, 0, 0, 0
L2.access-mru-2 = 1, 0, 0, 0
L2.access-mru-3 = 0, 0, 0, 0
L2.backinval-D = 0, 0, 0, 0
L2.backinval-E = 0, 0, 0, 0
L2.backinval-I = 0, 0, 0, 0
L2.backinval-M = 0, 0, 0, 0
L2.backinval-O = 0, 0, 0, 0
L2.backinval-S = 0, 0, 0, 0
L2.backinval-u = 0, 0, 0, 0
L2.coherency-downgrades = 620742, 635729, 638819, 619351
L2.coherency-invalidates = 428706, 416219, 459539, 426792
L2.coherency-upgrades = 382998, 426039, 383269, 385854
L2.coherency-writebacks = 64585, 69256, 49610, 67980
L2.evict-D = 0, 0, 0, 0
L2.evict-E = 4247179, 4298300, 4210244, 4215213
L2.evict-I = 0, 0, 0, 0
L2.evict-M = 100102, 102889, 75200, 75317
L2.evict-O = 0, 0, 0, 0
L2.evict-prefetch = 0, 0, 0, 0
L2.evict-S = 775552, 769387, 781498, 772233
L2.evict-u = 0, 0, 0, 0
L2.evict-warmup = 0, 0, 0, 0
L2.hits-prefetch = 0, 0, 0, 0
L2.hits-warmup = 0, 0, 0, 0
L2.invalidate-prefetch = 0, 0, 0, 0
L2.invalidate-warmup = 0, 0, 0, 0
L2.load-misses = 5528837, 5598100, 5499753, 5484208
L2.load-misses-D = 0, 0, 0, 0
L2.load-misses-E = 286, 1647, 724, 69
L2.load-misses-I = 5504712, 5574695, 5474928, 5460440
L2.load-misses-M = 0, 0, 0, 0
L2.load-misses-O = 0, 0, 0, 0
L2.load-misses-S = 23839, 21758, 24101, 23699
L2.load-misses-u = 0, 0, 0, 0
L2.load-overlapping-misses = 53372, 48950, 53526, 52658
L2.loads = 5528841, 5598100, 5499753, 5484208
L2.loads-D = 0, 0, 0, 0
L2.loads-E = 290, 1647, 724, 69
L2.loads-I = 5504712, 5574695, 5474928, 5460440
L2.loads-M = 0, 0, 0, 0
L2.loads-O = 0, 0, 0, 0
L2.loads-prefetch = 0, 0, 0, 0
L2.loads-S = 23839, 21758, 24101, 23699
L2.loads-u = 0, 0, 0, 0
L2.mshr-latency = 0, 0, 0, 0
L2.next_read.no-free-slots = 0, 0, 0, 0
L2.next_read.num-barriers = 0, 0, 0, 0
L2.next_read.num-requests = 0, 0, 0, 0
L2.next_read.requests-out-of-order = 0, 0, 0, 0
L2.next_read.requests-simultaneous = 0, 0, 0, 0
L2.next_read.total-barrier-delay = 0, 0, 0, 0
L2.next_read.total-delay = 0, 0, 0, 0
L2.prefetches = 0, 0, 0, 0
L2.qbs-query-latency = 0, 0, 0, 0
L2.snoop-latency = 0, 0, 0, 0
L2.store-misses = 516007, 538582, 497259, 494943
L2.store-misses-D = 0, 0, 0, 0
L2.store-misses-E = 44924, 52442, 36429, 35199
L2.store-misses-I = 71384, 58475, 58075, 57373
L2.store-misses-M = 0, 0, 0, 0
L2.store-misses-O = 0, 0, 0, 0
L2.store-misses-S = 399699, 427665, 402755, 402371
L2.store-misses-u = 0, 0, 0, 0
L2.store-overlapping-misses = 374736, 412844, 382698, 369007
L2.stores = 516007, 538582, 497259, 494943
L2.stores-D = 0, 0, 0, 0
L2.stores-E = 44924, 52442, 36429, 35199
L2.stores-I = 71384, 58475, 58075, 57373
L2.stores-M = 0, 0, 0, 0
L2.stores-O = 0, 0, 0, 0
L2.stores-prefetch = 0, 0, 0, 0
L2.stores-S = 399699, 427665, 402755, 402371
L2.stores-u = 0, 0, 0, 0
L2.total-latency = 0, 0, 0, 0
L2.uncore-requests = 5998661, 6081307, 5959002, 5942789
L2.uncore-time-dram = 0, 0, 0, 0
L2.uncore-time-dram-bus = 153792140620, 4787828768, 1171669364, 935649636
L2.uncore-time-dram-cache = 0, 0, 0, 0
L2.uncore-time-dram-cache-bus = 0, 0, 0, 0
L2.uncore-time-dram-cache-data = 0, 0, 0, 0
L2.uncore-time-dram-cache-queue = 0, 0, 0, 0
L2.uncore-time-dram-cache-tags = 0, 0, 0, 0
L2.uncore-time-dram-device = 821025000000, 25560000000, 6255000000, 4995000000
L2.uncore-time-dram-queue = 15604149669991, 10280228426, 3285021998, 2461281352
L2.uncore-time-inv-imbalance = 4377263977871, 5138422931366, 206259888560, 51324672089
L2.uncore-time-noc-base = 31929016610278, 33183928463324, 30374947000959, 35182707694075
L2.uncore-time-noc-queue = 20591200292439, 18242150878641, 18016137471412, 21840912976047
L2.uncore-time-nuca-bus = 299002805143, 309068618969, 312754900720, 306345413137
L2.uncore-time-nuca-data = 14755125954333, 14903237895461, 14574600425624, 14648796169668
L2.uncore-time-nuca-ecc = 0, 0, 0, 0
L2.uncore-time-nuca-queue = 4903489514267, 4955324409429, 4843678861752, 4872465889840
L2.uncore-time-nuca-tags = 3696948787734, 3722591084655, 3638407619097, 3660011277228
L2.uncore-time-remote-cache-inv = 0, 0, 0, 0
L2.uncore-time-remote-cache-wb = 0, 0, 0, 0
L2.uncore-time-td-access = 25086668352533, 25584217581867, 26364303313958, 26338170111075
L2.uncore-time-unknown = 7645733441172, 4873950000000, 7528430000000, 4970780000000
L2.uncore-totaltime = 129863404176187, 110953519920906, 105870231173444, 111879904199197
ncores = 4
network.shmem-1.mesh.bytes-in = 684799354, 664430774, 787106486, 582885696
network.shmem-1.mesh.bytes-out = 737549506, 606740358, 839353946, 535578500
network.shmem-1.mesh.contention-delay = 24140071181984, 21435351049670, 29948303578402, 22793686548680
network.shmem-1.mesh.link-down.num-requests = 0, 0, 11049442, 8084167
network.shmem-1.mesh.link-down.num-requests-analytical = 0, 0, 921, 0
network.shmem-1.mesh.link-down.total-queue-delay = 0, 0, 5031719334587, 3812063226701
network.shmem-1.mesh.link-down.total-time-used = 0, 0, 17151296286428, 14634984941666
network.shmem-1.mesh.link-in.num-requests = 14048296, 13225267, 17129700, 13272567
network.shmem-1.mesh.link-in.num-requests-analytical = 1750, 406, 405, 406
network.shmem-1.mesh.link-in.total-queue-delay = 11781304760549, 8890479439173, 19747545031770, 8360220359504
network.shmem-1.mesh.link-in.total-time-used = 25859049864632, 19402946385746, 30280450484088, 19797577259610
network.shmem-1.mesh.link-left.num-requests = 0, 10284556, 0, 10396593
network.shmem-1.mesh.link-left.num-requests-analytical = 0, 406, 0, 406
network.shmem-1.mesh.link-left.total-queue-delay = 0, 644937070703, 0, 720979931723
network.shmem-1.mesh.link-left.total-time-used = 0, 14630018670416, 0, 14845893354558
network.shmem-1.mesh.link-out.num-requests = 15425036, 11789051, 18471814, 11989929
network.shmem-1.mesh.link-out.num-requests-analytical = 1437, 654, 686, 650
network.shmem-1.mesh.link-out.total-queue-delay = 7045677707434, 4969471623087, 9878957572415, 6578011027295
network.shmem-1.mesh.link-out.total-time-used = 23384238081736, 22109738240986, 27829159704260, 22016887967094
network.shmem-1.mesh.link-right.num-requests = 7446524, 0, 10515771, 0
network.shmem-1.mesh.link-right.num-requests-analytical = 1486, 0, 0, 0
network.shmem-1.mesh.link-right.total-queue-delay = 574701056003, 0, 1428859498103, 0
network.shmem-1.mesh.link-right.total-time-used = 14983456194664, 0, 19418558393034, 0
network.shmem-1.mesh.link-up.num-requests = 12510734, 6682351, 0, 0
network.shmem-1.mesh.link-up.num-requests-analytical = 686, 650, 0, 0
network.shmem-1.mesh.link-up.total-queue-delay = 5631427681643, 3221057038046, 0, 0
network.shmem-1.mesh.link-up.total-time-used = 19272670545076, 12281630610674, 0, 0
network.shmem-1.mesh.packets-in = 20611355, 17626093, 23931181, 15259648
network.shmem-1.mesh.packets-out = 19234615, 19062309, 22589067, 16542286
network.shmem-1.mesh.total-delay = 62457019124742, 56324943114888, 76108832379990, 56638795152356
nuca-cache-queue.num-requests = 6187919, 3780443, 6084244, 3919613
nuca-cache-queue.num-requests-analytical = 20, 154, 190, 159
nuca-cache-queue.total-queue-delay = 449419240056, 164343012443, 439967402003, 181377595790
nuca-cache-queue.total-time-used = 6193958408944, 3784132712368, 6090182222144, 3923438542288
nuca-cache.access-mru-0 = 1581635, 307316, 1527669, 441571
nuca-cache.access-mru-1 = 2556936, 1275858, 2537601, 1298267
nuca-cache.access-mru-10 = 0, 0, 0, 0
nuca-cache.access-mru-11 = 0, 0, 0, 0
nuca-cache.access-mru-12 = 0, 0, 0, 0
nuca-cache.access-mru-13 = 0, 0, 0, 0
nuca-cache.access-mru-14 = 0, 0, 0, 0
nuca-cache.access-mru-15 = 0, 0, 0, 0
nuca-cache.access-mru-2 = 1865736, 1980336, 1848509, 1956216
nuca-cache.access-mru-3 = 183196, 210469, 164981, 223204
nuca-cache.access-mru-4 = 393, 6439, 5462, 338
nuca-cache.access-mru-5 = 20, 22, 19, 14
nuca-cache.access-mru-6 = 3, 3, 3, 3
nuca-cache.access-mru-7 = 0, 0, 0, 0
nuca-cache.access-mru-8 = 0, 0, 0, 0
nuca-cache.access-mru-9 = 0, 0, 0, 0
nuca-cache.read-misses = 4771, 4753, 4768, 4771
nuca-cache.reads = 6067324, 3710864, 6007741, 3851845
nuca-cache.write-misses = 4771, 4753, 4768, 4771
nuca-cache.writes = 130137, 79085, 86039, 77310
performance_model.cpiDTLBMiss = 0, 0, 0, 0
performance_model.cpiFastforwardTime = 0, 0, 0, 0
performance_model.cpiITLBMiss = 0, 0, 0, 0
performance_model.cpiRecv = 0, 0, 0, 0
performance_model.cpiStartTime = 0, 1934781750153, 1935458064414, 1935682499997
performance_model.cpiSyncDvfsTransition = 0, 0, 0, 0
performance_model.cpiSyncFutex = 650550073414, 198293957178, 663664705429, 630864770517
performance_model.cpiSyncJoin = 0, 0, 0, 0
performance_model.cpiSyncMemAccess = 0, 0, 0, 0
performance_model.cpiSyncPause = 0, 0, 0, 0
performance_model.cpiSyncPthreadBarrier = 0, 0, 0, 0
performance_model.cpiSyncPthreadCond = 0, 0, 0, 0
performance_model.cpiSyncPthreadMutex = 0, 0, 0, 0
performance_model.cpiSyncSleep = 0, 0, 0, 0
performance_model.cpiSyncSyscall = 383490324, 0, 0, 0
performance_model.cpiSyncUnscheduled = 0, 698906688884, 700167214611, 700346922493
performance_model.cpiUnknown = 102768564735, 0, 0, 0
performance_model.cycle_count = 283426724.647, 282938550.756, 282935462.757, 282935698.757
performance_model.dyninsn_cost = 0, 0, 0, 0
performance_model.dyninsn_count = 0, 0, 0, 0
performance_model.dyninsn_zero_count = 0, 0, 0, 0
performance_model.elapsed_time = 106551400243180, 106367876224115, 106366715322223, 106366804043827
performance_model.elapsed_time_begin = 0, 0, 0, 0
performance_model.elapsed_time_end = 106551400243180, 106367876224115, 106366715322223, 106366804043827
performance_model.idle_elapsed_time = 650933563738, 2831982396215, 3299289984454, 3266894193007
performance_model.instruction_count = 349321935, 343548520, 345674305, 334715322
pthread.pthread_barrier_wait_count = 0, 0, 0, 0
pthread.pthread_barrier_wait_delay_mem = 0, 0, 0, 0
pthread.pthread_barrier_wait_delay_sync = 0, 0, 0, 0
pthread.pthread_cond_broadcast_count = 0, 0, 0, 0
pthread.pthread_cond_broadcast_delay_mem = 0, 0, 0, 0
pthread.pthread_cond_broadcast_delay_sync = 0, 0, 0, 0
pthread.pthread_cond_signal_count = 0, 0, 0, 0
pthread.pthread_cond_signal_delay_mem = 0, 0, 0, 0
pthread.pthread_cond_signal_delay_sync = 0, 0, 0, 0
pthread.pthread_cond_wait_count = 0, 0, 0, 0
pthread.pthread_cond_wait_delay_mem = 0, 0, 0, 0
pthread.pthread_cond_wait_delay_sync = 0, 0, 0, 0
pthread.pthread_mutex_lock_contended = 0, 0, 0, 0
pthread.pthread_mutex_lock_count = 0, 0, 0, 0
pthread.pthread_mutex_lock_delay_mem = 0, 0, 0, 0
pthread.pthread_mutex_lock_delay_sync = 0, 0, 0, 0
pthread.pthread_mutex_trylock_count = 0, 0, 0, 0
pthread.pthread_mutex_trylock_delay_mem = 0, 0, 0, 0
pthread.pthread_mutex_trylock_delay_sync = 0, 0, 0, 0
pthread.pthread_mutex_unlock_contended = 0, 0, 0, 0
pthread.pthread_mutex_unlock_count = 0, 0, 0, 0
pthread.pthread_mutex_unlock_delay_mem = 0, 0, 0, 0
pthread.pthread_mutex_unlock_delay_sync = 0, 0, 0, 0
pthread_locks_contended = 0.0
roi.instrs = 1373533712
roi.ipscore = 156573.882197
roi.ipstotal = 626295.528787
roi.walltime = 2193.107964
stlb.access = 787832, 786716, 791827, 811778
stlb.miss = 15903, 24502, 22512, 20880
stlb_cache.access-mru-0 = 4757, 2408, 5070, 4386
stlb_cache.access-mru-1 = 730483, 724440, 730322, 757520
stlb_cache.access-mru-2 = 26253, 29428, 26203, 25749
stlb_cache.access-mru-3 = 10436, 5938, 7720, 3243
syscall.stderr-bytes = 52, 0, 0, 0
syscall.stdout-bytes = 114, 0, 0, 0
thread.bottle_contrib_time = 2817722693826, 26277097683351, 25812864792624, 25828463073914, 25811912090367, 1166853128, 478257063, 445174431, 866133257
thread.bottle_runtime_time = 2819486856508, 103681340447952, 103144514451132, 103191863993042, 103145264035078, 3274430950, 1867664952, 1768417056, 2380072069
thread.elapsed_time = 106551400000000, 103729818249847, 103729141935586, 103728917500003, 103728867876281, 2198206835, 1852342729, 1764373229, 1503847954
thread.instruction_count = 12046900, 343543826, 345670800, 334711848, 337272557, 4416, 3381, 3345, 2347
thread.instructions_by_core[0] = 12046900, 0, 0, 0, 337272557, 0, 0, 0, 2347
thread.instructions_by_core[1] = 0, 343543826, 0, 0, 0, 4416
thread.instructions_by_core[2] = 0, 0, 345670800, 0, 0, 0, 3381
thread.instructions_by_core[3] = 0, 0, 0, 334711848, 0, 0, 0, 3345
thread.nonidle_cycle_count = 7504562, 275399175, 274154200, 274240916, 274186709, 5876, 4927, 4694, 3800
thread.nonidle_elapsed_time = 2821263924681, 103533524660322, 103065488875980, 103098088802304, 103077710276931, 2209393503, 1852627392, 1765033605, 1428944139
thread.time_by_core[0] = 2821263924681, 0, 0, 0, 103077710276931, 0, 0, 0, 1428944139
thread.time_by_core[1] = 0, 103533524660322, 0, 0, 0, 2209393503
thread.time_by_core[2] = 0, 0, 103065488875980, 0, 0, 0, 1852627392
thread.time_by_core[3] = 0, 0, 0, 103098088802304, 0, 0, 0, 1765033605
thread.unscheduled_time = 103731913386672, 50293957178, 586664705429, 539864770517, 588176763727, 0, 0, 0, 86465970
time.walltime = 2193107964, 0, 0, 0
vmem = 779694080
walltime = 2193.42741489
