barrier.global_time = 496226100000000, 0, 0, 0, 0, 0, 0, 0, 0, 0, 0, 0, 0, 0, 0, 0
barrier.global_time_begin = 0, 0, 0, 0, 0, 0, 0, 0, 0, 0, 0, 0, 0, 0, 0, 0
barrier.global_time_end = 496226100000000, 0, 0, 0, 0, 0, 0, 0, 0, 0, 0, 0, 0, 0, 0, 0
branch_predictor.num-correct = 10930162, 2853751, 25421011, 24179631, 5399402, 11554009, 15012964, 15682466, 15597937, 24766022, 2744378, 23901873, 2798580, 58649, 51014, 68764
branch_predictor.num-incorrect = 16046, 27795, 2678947, 2741029, 29794, 1034263, 1309463, 1367968, 1368425, 2687333, 17827, 2820426, 14981, 5617, 4805, 6750
core.instructions = 132599976, 81171531, 233844991, 230429101, 84530521, 126685384, 144477519, 145028678, 146257682, 234226050, 49085948, 224265404, 41579890, 14180336, 11080608, 15747851
core.spin_elapsed_time = 0, 0, 0, 0, 0, 0, 0, 0, 0, 0, 0, 0, 0, 0, 0, 0
core.spin_instructions = 0, 0, 0, 0, 0, 0, 0, 0, 0, 0, 0, 0, 0, 0, 0, 0
core.spin_loops = 0, 0, 0, 0, 0, 0, 0, 0, 0, 0, 0, 0, 0, 0, 0, 0
corefreq = 2660000000.0, 2660000000.0, 2660000000.0, 2660000000.0, 2660000000.0, 2660000000.0, 2660000000.0, 2660000000.0, 2660000000.0, 2660000000.0, 2660000000.0, 2660000000.0, 2660000000.0, 2660000000.0, 2660000000.0, 2660000000.0
directory.entries-allocated = 65536, 65536, 65536, 65536, 65536, 65536, 65536, 65536, 65536, 65536, 65536, 65536, 65536, 65536, 65536, 65536
directory.evict-E = 2, 57, 153, 0, 2, 1, 2, 0, 0, 0, 1, 0, 0, 0, 1, 0
directory.evict-M = 17, 15, 24, 5, 9, 10, 10, 10, 5, 6, 10, 5, 3, 3, 8, 0
directory.evict-O = 0, 0, 0, 0, 0, 0, 0, 0, 0, 0, 0, 0, 0, 0, 0, 0
directory.evict-S = 0, 1, 4, 0, 0, 0, 0, 0, 0, 0, 0, 0, 0, 0, 0, 0
directory.forward = 0, 0, 0, 0, 0, 0, 0, 0, 0, 0, 0, 0, 0, 0, 0, 0
directory.forward-failed = 0, 0, 0, 0, 0, 0, 0, 0, 0, 0, 0, 0, 0, 0, 0, 0
dram-queue.num-requests = 10475157, 0, 0, 0, 10474315, 0, 0, 0, 10474650, 0, 0, 0, 10472967, 0, 0, 0
dram-queue.num-requests-analytical = 0, 0, 0, 0, 0, 0, 0, 0, 0, 0, 0, 0, 0, 0, 0, 0
dram-queue.total-queue-delay = -4295461503157083124, 0, 0, 0, 4796794123210115111, 0, 0, 0, -4919724514766372079, 0, 0, 0, -4322820908815776232, 0, 0, 0
dram-queue.total-time-used = 88297989496332, 0, 0, 0, 88290892045940, 0, 0, 0, 88293715853400, 0, 0, 0, 88279529381892, 0, 0, 0
dram.reads = 5326226, 0, 0, 0, 5325947, 0, 0, 0, 5326234, 0, 0, 0, 5325124, 0, 0, 0
dram.total-access-latency = -4294901823102586792, 0, 0, 0, 4797353758277161051, 0, 0, 0, -4919164861800518679, 0, 0, 0, -4322261345771394340, 0, 0, 0
dram.total-queueing-delay = -4295461503157083124, 0, 0, 0, 4796794123210115111, 0, 0, 0, -4919724514766372079, 0, 0, 0, -4322820908815776232, 0, 0, 0
dram.writes = 5148931, 0, 0, 0, 5148368, 0, 0, 0, 5148416, 0, 0, 0, 5147843, 0, 0, 0
dtlb.access = 87798181, 28118413, 111158830, 105350005, 32808092, 58349514, 70521358, 71680672, 72133029, 110308591, 18480520, 102756984, 16328076, 4270897, 3340084, 4744233
dtlb.miss = 333626, 5904, 16919, 16975, 4965, 9085, 11186, 11676, 12143, 17274, 2765, 23981, 2520, 1161, 960, 1404
dtlb_cache.access-mru-0 = 87113018, 27613840, 103212870, 97635888, 32071736, 54654279, 65833389, 66870330, 67287509, 102196769, 18065729, 94876637, 15911788, 4217553, 3309901, 4689271
dtlb_cache.access-mru-1 = 310515, 488941, 7292003, 7084073, 717246, 3392287, 4327154, 4425075, 4481908, 7476178, 404592, 7146028, 405903, 49664, 27614, 50560
dtlb_cache.access-mru-2 = 36023, 7684, 576746, 547045, 10830, 262724, 314085, 334801, 317414, 558505, 5746, 632207, 6215, 2009, 1241, 2384
dtlb_cache.access-mru-3 = 4999, 2044, 60292, 66024, 3315, 31139, 35544, 38790, 34055, 59865, 1688, 78131, 1650, 510, 368, 614
fastforward_performance_model.fastforwarded_time = 0, 0, 0, 0, 0, 0, 0, 0, 0, 0, 0, 0, 0, 0, 0, 0
fastforward_timer.cpiBase = 0, 0, 0, 0, 0, 0, 0, 0, 0, 0, 0, 0, 0, 0, 0, 0
fastforward_timer.cpiBranchPredictor = 0, 0, 0, 0, 0, 0, 0, 0, 0, 0, 0, 0, 0, 0, 0, 0
fastforward_timer.cpiDataCachecache-remote = 0, 0, 0, 0, 0, 0, 0, 0, 0, 0, 0, 0, 0, 0, 0, 0
fastforward_timer.cpiDataCachedram = 0, 0, 0, 0, 0, 0, 0, 0, 0, 0, 0, 0, 0, 0, 0, 0
fastforward_timer.cpiDataCachedram-cache = 0, 0, 0, 0, 0, 0, 0, 0, 0, 0, 0, 0, 0, 0, 0, 0
fastforward_timer.cpiDataCachedram-local = 0, 0, 0, 0, 0, 0, 0, 0, 0, 0, 0, 0, 0, 0, 0, 0
fastforward_timer.cpiDataCachedram-remote = 0, 0, 0, 0, 0, 0, 0, 0, 0, 0, 0, 0, 0, 0, 0, 0
fastforward_timer.cpiDataCacheL1 = 0, 0, 0, 0, 0, 0, 0, 0, 0, 0, 0, 0, 0, 0, 0, 0
fastforward_timer.cpiDataCacheL1_S = 0, 0, 0, 0, 0, 0, 0, 0, 0, 0, 0, 0, 0, 0, 0, 0
fastforward_timer.cpiDataCacheL1I = 0, 0, 0, 0, 0, 0, 0, 0, 0, 0, 0, 0, 0, 0, 0, 0
fastforward_timer.cpiDataCacheL2 = 0, 0, 0, 0, 0, 0, 0, 0, 0, 0, 0, 0, 0, 0, 0, 0
fastforward_timer.cpiDataCacheL2_S = 0, 0, 0, 0, 0, 0, 0, 0, 0, 0, 0, 0, 0, 0, 0, 0
fastforward_timer.cpiDataCacheL3 = 0, 0, 0, 0, 0, 0, 0, 0, 0, 0, 0, 0, 0, 0, 0, 0
fastforward_timer.cpiDataCacheL3_S = 0, 0, 0, 0, 0, 0, 0, 0, 0, 0, 0, 0, 0, 0, 0, 0
fastforward_timer.cpiDataCacheL4 = 0, 0, 0, 0, 0, 0, 0, 0, 0, 0, 0, 0, 0, 0, 0, 0
fastforward_timer.cpiDataCacheL4_S = 0, 0, 0, 0, 0, 0, 0, 0, 0, 0, 0, 0, 0, 0, 0, 0
fastforward_timer.cpiDataCachemiss = 0, 0, 0, 0, 0, 0, 0, 0, 0, 0, 0, 0, 0, 0, 0, 0
fastforward_timer.cpiDataCachenuca-cache = 0, 0, 0, 0, 0, 0, 0, 0, 0, 0, 0, 0, 0, 0, 0, 0
fastforward_timer.cpiDataCachenuca-local = 0, 0, 0, 0, 0, 0, 0, 0, 0, 0, 0, 0, 0, 0, 0, 0
fastforward_timer.cpiDataCachenuca-remote = 0, 0, 0, 0, 0, 0, 0, 0, 0, 0, 0, 0, 0, 0, 0, 0
fastforward_timer.cpiDataCachepredicate-false = 0, 0, 0, 0, 0, 0, 0, 0, 0, 0, 0, 0, 0, 0, 0, 0
fastforward_timer.cpiDataCacheprefetch-no-mapping = 0, 0, 0, 0, 0, 0, 0, 0, 0, 0, 0, 0, 0, 0, 0, 0
fastforward_timer.cpiDataCacheunknown = 0, 0, 0, 0, 0, 0, 0, 0, 0, 0, 0, 0, 0, 0, 0, 0
fs_to_cycles = 2.66e-06
fs_to_cycles_cores = 2.66e-06, 2.66e-06, 2.66e-06, 2.66e-06, 2.66e-06, 2.66e-06, 2.66e-06, 2.66e-06, 2.66e-06, 2.66e-06, 2.66e-06, 2.66e-06, 2.66e-06, 2.66e-06, 2.66e-06, 2.66e-06
futex.futex_cmp_requeue_count = 0, 0, 0, 0, 0, 0, 0, 0, 0, 0, 0, 0, 0, 0, 0, 0, 0, 1, 1, 1, 1, 0, 1, 1, 0, 1, 1, 0, 0, 1, 1, 0, 1
futex.futex_cmp_requeue_delay = 0, 0, 0, 0, 0, 0, 0, 0, 0, 0, 0, 0, 0, 0, 0, 0
futex.futex_cmp_requeue_pi_count = 0, 0, 0, 0, 0, 0, 0, 0, 0, 0, 0, 0, 0, 0, 0, 0
futex.futex_cmp_requeue_pi_delay = 0, 0, 0, 0, 0, 0, 0, 0, 0, 0, 0, 0, 0, 0, 0, 0
futex.futex_fd_count = 0, 0, 0, 0, 0, 0, 0, 0, 0, 0, 0, 0, 0, 0, 0, 0
futex.futex_fd_delay = 0, 0, 0, 0, 0, 0, 0, 0, 0, 0, 0, 0, 0, 0, 0, 0
futex.futex_lock_pi_count = 0, 0, 0, 0, 0, 0, 0, 0, 0, 0, 0, 0, 0, 0, 0, 0
futex.futex_lock_pi_delay = 0, 0, 0, 0, 0, 0, 0, 0, 0, 0, 0, 0, 0, 0, 0, 0
futex.futex_requeue_count = 0, 0, 0, 0, 0, 0, 0, 0, 0, 0, 0, 0, 0, 0, 0, 0
futex.futex_requeue_delay = 0, 0, 0, 0, 0, 0, 0, 0, 0, 0, 0, 0, 0, 0, 0, 0
futex.futex_trylock_pi_count = 0, 0, 0, 0, 0, 0, 0, 0, 0, 0, 0, 0, 0, 0, 0, 0
futex.futex_trylock_pi_delay = 0, 0, 0, 0, 0, 0, 0, 0, 0, 0, 0, 0, 0, 0, 0, 0
futex.futex_unlock_pi_count = 0, 0, 0, 0, 0, 0, 0, 0, 0, 0, 0, 0, 0, 0, 0, 0
futex.futex_unlock_pi_delay = 0, 0, 0, 0, 0, 0, 0, 0, 0, 0, 0, 0, 0, 0, 0, 0
futex.futex_wait_bitset_count = 1, 0, 0, 0, 0, 0, 0, 0, 0, 0, 0, 0, 0, 0, 0, 0
futex.futex_wait_bitset_delay = 0, 0, 0, 0, 0, 0, 0, 0, 0, 0, 0, 0, 0, 0, 0, 0
futex.futex_wait_count = 5, 20, 13, 17, 19, 8, 11, 7, 9, 11, 10, 11, 10, 18, 16, 17, 9, 1, 1, 2, 1, 0, 0, 1, 1, 0, 0, 1, 1, 2, 0, 0, 0, 3, 2, 2, 1, 3, 2, 2, 1, 3, 2, 1, 1, 2, 2, 1, 2
futex.futex_wait_delay = 96662677796016, 14141821119302, 25512110828076, 23261032794008, 19532500489767, 4507258730502, 10526738311759, 12062606544913, 11437888043547, 12647450853441, 10227499788212, 14549296301205, 12669209661079, 10311194800520, 10768996404245, 10118860650990, 12201532201171, 1427818582, 0, 2955636938, 1311277492, 0, 0, 4257133236, 5096231344, 0, 0, 0, 0, 550879582077, 0, 0, 0, 504465408039, 2180849306995, 1825223367204, 1785121543086, 1502603001867, 1180043584997, 2090707955739, 2051801384736, 429044525859, 824381604580, 3142005320887, 3500971117107, 500088348002, 1088514088086, 1050231846037, 1961677908725
futex.futex_wait_requeue_pi_count = 0, 0, 0, 0, 0, 0, 0, 0, 0, 0, 0, 0, 0, 0, 0, 0
futex.futex_wait_requeue_pi_delay = 0, 0, 0, 0, 0, 0, 0, 0, 0, 0, 0, 0, 0, 0, 0, 0
futex.futex_wake_bitset_count = 0, 0, 0, 0, 0, 0, 0, 0, 0, 0, 0, 0, 0, 0, 0, 0
futex.futex_wake_bitset_delay = 0, 0, 0, 0, 0, 0, 0, 0, 0, 0, 0, 0, 0, 0, 0, 0
futex.futex_wake_count = 1, 23, 14, 20, 21, 10, 11, 8, 10, 12, 11, 11, 10, 16, 17, 17, 11, 11, 4, 3, 2, 6, 2, 2, 2, 6, 2, 2, 2, 10, 1, 1, 1, 2, 2, 2, 2, 2, 2, 2, 2, 2, 2, 2, 2, 2, 3, 2, 2
futex.futex_wake_delay = 0, 3000000000, 3000000000, 3000000000, 2000000000, 2000000000, 1000000000, 0, 1000000000, 1000000000, 1000000000, 1000000000, 0, 3000000000, 2000000000, 4000000000, 3000000000, 4000000000, 1000000000, 0, 1000000000, 2000000000, 1000000000, 1000000000, 0, 2000000000, 1000000000, 1000000000, 0, 1000000000, 0, 0, 0, 1000000000, 1000000000
futex.futex_wake_op_count = 0, 3, 0, 1, 0, 0, 2, 0, 2, 2, 0, 2, 0, 1, 1, 1, 1, 48, 0, 0, 0, 20, 0, 0, 0, 26, 0, 0, 0, 30
futex.futex_wake_op_delay = 0, 3000000000, 0, 1000000000, 0, 0, 2000000000, 0, 2000000000, 2000000000, 0, 2000000000, 0, 1000000000, 1000000000, 1000000000, 1000000000, 48000000000, 0, 0, 0, 20000000000, 0, 0, 0, 26000000000, 0, 0, 0, 30000000000
global.time = 496226100000000
global.time_begin = 0
global.time_end = 496226100000000
interval_timer.cpContr_branch = 10157163130217, 2176883734179, 16061906435823, 15900379834067, 4196288896237, 6584081524753, 8544821853227, 8895140880311, 8885295519939, 15925571488738, 2125986411234, 16090868681399, 2173376520597, 31698571415, 28112337362, 37818551766
interval_timer.cpContr_fp_addsub = 14337134, 0, 0, 0, 0, 0, 0, 0, 0, 0, 0, 0, 0, 0, 0, 0
interval_timer.cpContr_fp_muldiv = 23895228, 0, 0, 0, 0, 0, 0, 0, 0, 0, 0, 0, 0, 0, 0, 0
interval_timer.cpContr_generic = 646457409777, 21455511995651, 15266085495086, 17611990413372, 22535060587164, 12047258175305, 9903165915814, 8871556639007, 9296444692866, 16590187203602, 13071326478309, 16476825184035, 11103488148416, 3700338876029, 2888446451082, 4104156713708
interval_timer.cpContr_load_l1 = 764438716832, 6546189687149, 26701092714777, 26744609754045, 12435280203129, 10772287609013, 13607731836119, 14289519308886, 14141231801699, 27022918706486, 6285455509922, 27361636528680, 6411713681923, 137507565472, 108447056015, 157445433499
interval_timer.cpContr_load_l2 = 15835685, 19095797, 0, 0, 2774999, 0, 0, 1625000, 0, 0, 38422831, 0, 0, 13026209, 0, 0
interval_timer.cpContr_load_l3 = 0, 0, 0, 0, 0, 0, 0, 0, 0, 0, 0, 0, 0, 0, 0, 0
interval_timer.cpContr_load_other = 0, 0, 77773186832, 94912215257, 0, 7277808698, 9982054565, 10174075278, 10112685900, 92378055950, 0, 109439442173, 0, 0, 7615053, 0
interval_timer.cpContr_port0 = 0, 0, 0, 0, 0, 0, 0, 0, 0, 0, 0, 0, 0, 0, 0, 0
interval_timer.cpContr_port015 = 459555578283, 1870862025318, 1705469783425, 2187039504966, 840969165595, 1473640368156, 1051364744592, 896856575689, 960982324523, 1818998736852, 667051278652, 1946858453362, 356047666588, 527378619374, 413484980077, 586218207659
interval_timer.cpContr_port05 = 0, 0, 0, 0, 0, 0, 0, 0, 0, 0, 0, 0, 0, 0, 0, 0
interval_timer.cpContr_port1 = 72778953, 258051425, 11654104509, 13485108832, 498625481, 3552988904, 4372791850, 4648237457, 4749707575, 13433189369, 220623033, 13391471889, 239457865, 17426189, 14592856, 19592856
interval_timer.cpContr_port2 = 2922118402993, 80306610178, 35789821448526, 31827046338356, 87278122104, 17642389336586, 23595696429946, 24426323390878, 24505448351058, 34440480367647, 52536038781, 30948223885648, 48974391234, 13427906754, 12365890495, 15242834749
interval_timer.cpContr_port34 = 69279063153123, 57057522114, 3127942564354, 2971336215806, 35003285814, 1699320455397, 2105035234721, 2212044981341, 2232668524103, 3080118324125, 23519360316, 2855201298012, 16322916753, 15049025943, 12369626073, 17226677490
interval_timer.cpContr_port5 = 58416708292, 6071934485, 414033584021, 387060394560, 5223096162, 232149851057, 287111097245, 300660067677, 301662172856, 388940332301, 3157980008, 373105008532, 2442166782, 1242459647, 1128821631, 1520840212
interval_timer.cpContr_store = 187575573689, 754105348133, 5675741425322, 5252586091487, 730617539470, 2852000493559, 3561212873088, 3669687214035, 3663195924737, 5625670034930, 436637375735, 5190147898932, 354938058331, 146634180929, 111017035558, 164736442682
interval_timer.cpiBase = 31758278226129, 12387208095072, 39428305628670, 38735710201458, 15363943096959, 20052647913996, 23572139208048, 23913313624962, 24073104617217, 39490541578242, 8521460816643, 38124495417393, 7694865316332, 1719566414523, 1344371773743, 1911747183201
interval_timer.cpiBranchPredictor = 85580733654774, 161741363787, 27296613497484, 27971697310137, 213370946352, 10223666744085, 13701917529837, 14187063801825, 14285354933070, 26826479597583, 117712139985, 28176902109531, 108692987436, 26565353496, 20147698827, 31363838892
interval_timer.cpiDataCachecache-remote = 5757505785, 77271629877, 127075652658, 128456852544, 36308940498, 88288898211, 98481732318, 83365601067, 97608801960, 107600132763, 36429240978, 104379087411, 26700691536, 42311558511, 43042383927, 42664565232
interval_timer.cpiDataCachedram = 0, 0, 0, 0, 0, 0, 0, 0, 0, 0, 0, 0, 0, 0, 0, 0
interval_timer.cpiDataCachedram-cache = 0, 0, 0, 0, 0, 0, 0, 0, 0, 0, 0, 0, 0, 0, 0, 0
interval_timer.cpiDataCachedram-local = 57684310234668, 0, 0, 0, 1426057303419, 0, 0, 0, 388014536619, 0, 0, 0, 836286079914, 0, 0, 0
interval_timer.cpiDataCachedram-remote = 158428351725552, 3132219236958, 2149928599797, 2155662045486, 4476311688024, 1255000923090, 1420231376736, 1411010344944, 1092489260292, 2247111462870, 3110346354060, 1807407569385, 2362684509945, 35422100397, 35083003419, 79146813609
interval_timer.cpiDataCacheL1 = 153383112, 0, 0, 0, 0, 0, 0, 0, 0, 0, 12781926, 127819260, 0, 0, 0, 0
interval_timer.cpiDataCacheL1_S = 0, 0, 0, 0, 0, 0, 0, 0, 0, 0, 0, 0, 0, 0, 0, 0
interval_timer.cpiDataCacheL1I = 0, 0, 0, 0, 0, 0, 0, 0, 0, 0, 0, 0, 0, 0, 0, 0
interval_timer.cpiDataCacheL2 = 3159015417, 14336057826, 8916897141, 13413127581, 13122150795, 9722534418, 8903739276, 7340208975, 9139828968, 11451853818, 10246969323, 13140571806, 9130054554, 4325554134, 3849991299, 5083071219
interval_timer.cpiDataCacheL2_S = 0, 0, 0, 0, 0, 0, 0, 0, 0, 0, 0, 0, 0, 0, 0, 0
interval_timer.cpiDataCacheL3 = 0, 0, 0, 0, 0, 0, 0, 0, 0, 0, 0, 0, 0, 0, 0, 0
interval_timer.cpiDataCacheL3_S = 0, 0, 0, 0, 0, 0, 0, 0, 0, 0, 0, 0, 0, 0, 0, 0
interval_timer.cpiDataCacheL4 = 0, 0, 0, 0, 0, 0, 0, 0, 0, 0, 0, 0, 0, 0, 0, 0
interval_timer.cpiDataCacheL4_S = 0, 0, 0, 0, 0, 0, 0, 0, 0, 0, 0, 0, 0, 0, 0, 0
interval_timer.cpiDataCachemiss = 0, 0, 0, 0, 0, 0, 0, 0, 0, 0, 0, 0, 0, 0, 0, 0
interval_timer.cpiDataCachenuca-cache = 548679211110, 1613101241601, 22667463433071, 22679947239444, 1098062555967, 9876118657365, 13183012687527, 13790815449228, 13937238802521, 20551393403370, 683863867998, 21140475906627, 526654448856, 372471338664, 278532453222, 414255454758
interval_timer.cpiDataCachenuca-local = 0, 0, 0, 0, 0, 0, 0, 0, 0, 0, 0, 0, 0, 0, 0, 0
interval_timer.cpiDataCachenuca-remote = 0, 0, 0, 0, 0, 0, 0, 0, 0, 0, 0, 0, 0, 0, 0, 0
interval_timer.cpiDataCachepredicate-false = 0, 0, 0, 0, 0, 0, 0, 0, 0, 0, 0, 0, 0, 0, 0, 0
interval_timer.cpiDataCacheprefetch-no-mapping = 0, 0, 0, 0, 0, 0, 0, 0, 0, 0, 0, 0, 0, 0, 0, 0
interval_timer.cpiDataCacheunknown = 0, 0, 0, 0, 0, 0, 0, 0, 0, 0, 0, 0, 0, 0, 0, 0
interval_timer.cpiInstructionCachecache-remote = 245488167, 2496986838, 289122278913, 250267855446, 2681572887, 215320566006, 288003108510, 249795300123, 270642621429, 322758669060, 1640973735, 304348936230, 3066910362, 607893363, 756013329, 539848404
interval_timer.cpiInstructionCachedram = 0, 0, 0, 0, 0, 0, 0, 0, 0, 0, 0, 0, 0, 0, 0, 0
interval_timer.cpiInstructionCachedram-cache = 0, 0, 0, 0, 0, 0, 0, 0, 0, 0, 0, 0, 0, 0, 0, 0
interval_timer.cpiInstructionCachedram-local = 4498862013, 0, 0, 0, 240976899, 0, 0, 0, 1230824286, 0, 0, 0, 338721039, 0, 0, 0
interval_timer.cpiInstructionCachedram-remote = 65018801553417, 801126009, 13457488383, 81202824, 1751875740, 1438718553, 162781587, 1545485229, 6413519340, 6109008750, 79699068, 257518215, 363157074, 0, 0, 172931940
interval_timer.cpiInstructionCacheL1 = 0, 0, 0, 0, 0, 0, 0, 0, 0, 0, 0, 0, 0, 0, 0, 0
interval_timer.cpiInstructionCacheL1_S = 0, 0, 0, 0, 0, 0, 0, 0, 0, 0, 0, 0, 0, 0, 0, 0
interval_timer.cpiInstructionCacheL1I = 0, 0, 0, 0, 0, 0, 0, 0, 0, 0, 0, 0, 0, 0, 0, 0
interval_timer.cpiInstructionCacheL2 = 0, 0, 0, 0, 0, 0, 0, 0, 0, 0, 0, 0, 0, 0, 0, 0
interval_timer.cpiInstructionCacheL2_S = 0, 0, 0, 0, 0, 0, 0, 0, 0, 0, 0, 0, 0, 0, 0, 0
interval_timer.cpiInstructionCacheL3 = 0, 0, 0, 0, 0, 0, 0, 0, 0, 0, 0, 0, 0, 0, 0, 0
interval_timer.cpiInstructionCacheL3_S = 0, 0, 0, 0, 0, 0, 0, 0, 0, 0, 0, 0, 0, 0, 0, 0
interval_timer.cpiInstructionCacheL4 = 0, 0, 0, 0, 0, 0, 0, 0, 0, 0, 0, 0, 0, 0, 0, 0
interval_timer.cpiInstructionCacheL4_S = 0, 0, 0, 0, 0, 0, 0, 0, 0, 0, 0, 0, 0, 0, 0, 0
interval_timer.cpiInstructionCachemiss = 0, 0, 0, 0, 0, 0, 0, 0, 0, 0, 0, 0, 0, 0, 0, 0
interval_timer.cpiInstructionCachenuca-cache = 141312462588, 729533313657, 3801812836455, 3938120047197, 479957561910, 2386841222268, 2725287073920, 2871921328992, 2868438630096, 4481318443626, 313313953563, 4352772117600, 227546478225, 182911616694, 149470714827, 206259684228
interval_timer.cpiInstructionCachenuca-local = 0, 0, 0, 0, 0, 0, 0, 0, 0, 0, 0, 0, 0, 0, 0, 0
interval_timer.cpiInstructionCachenuca-remote = 0, 0, 0, 0, 0, 0, 0, 0, 0, 0, 0, 0, 0, 0, 0, 0
interval_timer.cpiInstructionCachepredicate-false = 0, 0, 0, 0, 0, 0, 0, 0, 0, 0, 0, 0, 0, 0, 0, 0
interval_timer.cpiInstructionCacheprefetch-no-mapping = 0, 0, 0, 0, 0, 0, 0, 0, 0, 0, 0, 0, 0, 0, 0, 0
interval_timer.cpiInstructionCacheunknown = 0, 0, 0, 0, 0, 0, 0, 0, 0, 0, 0, 0, 0, 0, 0, 0
interval_timer.cpiLongLatency = 3383451, 0, 0, 0, 0, 0, 0, 0, 0, 0, 0, 0, 0, 0, 0, 0
interval_timer.cpiSerialization = 919546794, 0, 0, 0, 0, 0, 0, 0, 0, 0, 0, 0, 0, 0, 0, 0
interval_timer.detailed-cpiBase-BranchMispredict = 0, 0, 0, 0, 0, 0, 0, 0, 0, 0, 0, 0, 0, 0, 0, 0
interval_timer.detailed-cpiBase-DispatchRate = 83510175, 28377525, 98635661, 96258595, 38835462, 48388529, 58278417, 59493048, 59801051, 98535741, 21050900, 95185958, 19617316, 3267949, 2556295, 3649854
interval_timer.detailed-cpiBase-DispatchRate+BranchMispredict = 0, 0, 0, 0, 0, 0, 0, 0, 0, 0, 0, 0, 0, 0, 0, 0
interval_timer.detailed-cpiBase-DispatchRate+ICacheMiss = 0, 0, 0, 0, 0, 0, 0, 0, 0, 0, 0, 0, 0, 0, 0, 0
interval_timer.detailed-cpiBase-DispatchRate+ICacheMiss+BranchMispredict = 0, 0, 0, 0, 0, 0, 0, 0, 0, 0, 0, 0, 0, 0, 0, 0
interval_timer.detailed-cpiBase-DispatchWidth = 2210, 2757, 47893, 46665, 1927, 26147, 31466, 32872, 32738, 46266, 1190, 45580, 829, 746, 640, 870
interval_timer.detailed-cpiBase-DispatchWidth+BranchMispredict = 0, 0, 0, 0, 0, 0, 0, 0, 0, 0, 0, 0, 0, 0, 0, 0
interval_timer.detailed-cpiBase-DispatchWidth+DispatchRate = 964826, 4569766, 6195976, 6731962, 2030792, 4925488, 4392149, 4083638, 4200814, 6463071, 1615047, 6179849, 850243, 1305362, 1019102, 1434535
interval_timer.detailed-cpiBase-DispatchWidth+DispatchRate+BranchMispredict = 0, 0, 0, 0, 0, 0, 0, 0, 0, 0, 0, 0, 0, 0, 0, 0
interval_timer.detailed-cpiBase-DispatchWidth+DispatchRate+ICacheMiss = 0, 0, 0, 0, 0, 0, 0, 0, 0, 0, 0, 0, 0, 0, 0, 0
interval_timer.detailed-cpiBase-DispatchWidth+DispatchRate+ICacheMiss+BranchMispredict = 0, 0, 0, 0, 0, 0, 0, 0, 0, 0, 0, 0, 0, 0, 0, 0
interval_timer.detailed-cpiBase-DispatchWidth+ICacheMiss = 0, 0, 0, 0, 0, 0, 0, 0, 0, 0, 0, 0, 0, 0, 0, 0
interval_timer.detailed-cpiBase-DispatchWidth+ICacheMiss+BranchMispredict = 0, 0, 0, 0, 0, 0, 0, 0, 0, 0, 0, 0, 0, 0, 0, 0
interval_timer.detailed-cpiBase-ICacheMiss = 0, 0, 0, 0, 0, 0, 0, 0, 0, 0, 0, 0, 0, 0, 0, 0
interval_timer.detailed-cpiBase-ICacheMiss+BranchMispredict = 0, 0, 0, 0, 0, 0, 0, 0, 0, 0, 0, 0, 0, 0, 0, 0
interval_timer.detailed-cpiBase-NoReason = 0, 0, 0, 0, 0, 0, 0, 0, 0, 0, 0, 0, 0, 0, 0, 0
interval_timer.detailed-cpiBase-WindowEmpty = 0, 0, 0, 0, 0, 0, 0, 0, 0, 0, 0, 0, 0, 0, 0, 0
interval_timer.detailed-cpiBase-WindowEmpty+BranchMispredict = 0, 0, 0, 0, 0, 0, 0, 0, 0, 0, 0, 0, 0, 0, 0, 0
interval_timer.detailed-cpiBase-WindowEmpty+DispatchRate = 0, 0, 0, 0, 0, 0, 0, 0, 0, 0, 0, 0, 0, 0, 0, 0
interval_timer.detailed-cpiBase-WindowEmpty+DispatchRate+BranchMispredict = 0, 0, 0, 0, 0, 0, 0, 0, 0, 0, 0, 0, 0, 0, 0, 0
interval_timer.detailed-cpiBase-WindowEmpty+DispatchRate+ICacheMiss = 0, 0, 0, 0, 0, 0, 0, 0, 0, 0, 0, 0, 0, 0, 0, 0
interval_timer.detailed-cpiBase-WindowEmpty+DispatchRate+ICacheMiss+BranchMispredict = 0, 0, 0, 0, 0, 0, 0, 0, 0, 0, 0, 0, 0, 0, 0, 0
interval_timer.detailed-cpiBase-WindowEmpty+DispatchWidth = 0, 0, 0, 0, 0, 0, 0, 0, 0, 0, 0, 0, 0, 0, 0, 0
interval_timer.detailed-cpiBase-WindowEmpty+DispatchWidth+BranchMispredict = 0, 0, 0, 0, 0, 0, 0, 0, 0, 0, 0, 0, 0, 0, 0, 0
interval_timer.detailed-cpiBase-WindowEmpty+DispatchWidth+DispatchRate = 0, 0, 0, 0, 0, 0, 0, 0, 0, 0, 0, 0, 0, 0, 0, 0
interval_timer.detailed-cpiBase-WindowEmpty+DispatchWidth+DispatchRate+BranchMispredict = 0, 0, 0, 0, 0, 0, 0, 0, 0, 0, 0, 0, 0, 0, 0, 0
interval_timer.detailed-cpiBase-WindowEmpty+DispatchWidth+DispatchRate+ICacheMiss = 0, 0, 0, 0, 0, 0, 0, 0, 0, 0, 0, 0, 0, 0, 0, 0
interval_timer.detailed-cpiBase-WindowEmpty+DispatchWidth+DispatchRate+ICacheMiss+BranchMispredict = 0, 0, 0, 0, 0, 0, 0, 0, 0, 0, 0, 0, 0, 0, 0, 0
interval_timer.detailed-cpiBase-WindowEmpty+DispatchWidth+ICacheMiss = 0, 0, 0, 0, 0, 0, 0, 0, 0, 0, 0, 0, 0, 0, 0, 0
interval_timer.detailed-cpiBase-WindowEmpty+DispatchWidth+ICacheMiss+BranchMispredict = 0, 0, 0, 0, 0, 0, 0, 0, 0, 0, 0, 0, 0, 0, 0, 0
interval_timer.detailed-cpiBase-WindowEmpty+ICacheMiss = 0, 0, 0, 0, 0, 0, 0, 0, 0, 0, 0, 0, 0, 0, 0, 0
interval_timer.detailed-cpiBase-WindowEmpty+ICacheMiss+BranchMispredict = 0, 0, 0, 0, 0, 0, 0, 0, 0, 0, 0, 0, 0, 0, 0, 0
interval_timer.loadstore_contention.no-free-slots = 0, 0, 0, 0, 0, 0, 0, 0, 0, 0, 0, 0, 0, 0, 0, 0
interval_timer.loadstore_contention.num-barriers = 0, 0, 0, 0, 0, 0, 0, 0, 0, 0, 0, 0, 0, 0, 0, 0
interval_timer.loadstore_contention.num-requests = 1889954, 21107592, 43457766, 43100373, 25013252, 24256594, 26896131, 26938743, 27065253, 44277173, 14025240, 42019914, 12448212, 3126538, 2444910, 3479652
interval_timer.loadstore_contention.requests-out-of-order = 863447, 13655395, 22043809, 21454397, 17958967, 12441327, 13884309, 13883477, 13817680, 22605159, 9805155, 20982027, 9036374, 1704216, 1329108, 1884037
interval_timer.loadstore_contention.requests-simultaneous = 690657, 1867184, 8299930, 8350628, 953113, 4440931, 4946070, 4962209, 5059610, 8473533, 717971, 8116101, 419262, 515287, 399672, 567222
interval_timer.loadstore_contention.total-barrier-delay = 0, 0, 0, 0, 0, 0, 0, 0, 0, 0, 0, 0, 0, 0, 0, 0
interval_timer.loadstore_contention.total-delay = 323435359260, 57462652089, 3852737157456, 3868188626295, 57960771264, 2489361291324, 2898917508582, 2986381972566, 3242597558931, 3699964946331, 34093156032, 3355713468702, 26596932372, 9905240772, 9042836706, 12690948762
interval_timer.numBPredOverlapped = 266141, 233542, 8872130, 8503306, 301061, 3805152, 5135366, 5259370, 5308344, 8331186, 168615, 8206617, 154654, 31687, 27640, 37816
interval_timer.numDCacheOverlapped = 2679699, 901680, 33050452, 29790104, 1391111, 15664959, 21076545, 21678082, 21844507, 31800725, 746077, 29178345, 727118, 81589, 60688, 81825
interval_timer.numHiddenLongerDCacheLatency = 298494, 11971, 439042, 413803, 10731, 198846, 277182, 285320, 286940, 393077, 6543, 392857, 5788, 2028, 1472, 2162
interval_timer.numICacheOverlapped = 8081215, 11252679, 111311258, 108310224, 12749061, 49155664, 63906676, 64984842, 65712013, 104303155, 7268564, 103707708, 6374335, 1784743, 1407605, 1995933
interval_timer.numLongLatencyLoads = 64333, 88928, 883028, 859047, 100882, 389930, 507100, 515685, 521443, 827409, 57493, 822540, 50435, 14087, 11111, 15754
interval_timer.numMfenceInsns = 9, 0, 0, 0, 0, 0, 0, 0, 0, 0, 0, 0, 0, 0, 0, 0
interval_timer.numSerializationInsns = 1219, 0, 0, 0, 0, 0, 0, 0, 0, 0, 0, 0, 0, 0, 0, 0
interval_timer.numTotalLongLatencyLoadLatency = 576344596, 12866258, 66376153, 66440245, 18752677, 29869556, 39130363, 40678226, 41295240, 60960839, 10216815, 61354451, 10005495, 1209054, 958953, 1439462
interval_timer.outstandingLongLatencyCycles = 790654476, 12787586, 77749910, 77745342, 18603561, 34539004, 45861155, 47588189, 48217173, 71350875, 10118453, 72110280, 9878796, 1224235, 957775, 1450316
interval_timer.outstandingLongLatencyInsns = 2673010220, 15002926, 128743884, 125965768, 20662766, 58921822, 79032148, 82443955, 83405254, 117076022, 11508727, 116407471, 11198274, 1595294, 1227475, 1846238
interval_timer.totalHiddenDCacheLatency = 2106107983, 5737401, 190968451, 175336729, 7529829, 90114398, 121999020, 126227493, 127223877, 179984940, 4304121, 168554043, 4133360, 700376, 502318, 721775
interval_timer.totalHiddenLongerDCacheLatency = 35642017, 599328, 9156008, 8794669, 521931, 5208369, 6650748, 6872496, 6841923, 8018587, 428936, 7957415, 293053, 99586, 50744, 95906
interval_timer.totalMfenceLatency = 0, 0, 0, 0, 0, 0, 0, 0, 0, 0, 0, 0, 0, 0, 0, 0
interval_timer.totalSerializationLatency = 2446, 0, 0, 0, 0, 0, 0, 0, 0, 0, 0, 0, 0, 0, 0, 0
interval_timer.uop_branch = 11441587, 2974998, 30595548, 29377945, 5494910, 13718240, 17744113, 18545079, 18432556, 29952985, 2804473, 29191748, 2845152, 87468, 76631, 102773
interval_timer.uop_fp_addsub = 3, 0, 0, 0, 0, 0, 0, 0, 0, 0, 0, 0, 0, 0, 0, 0
interval_timer.uop_fp_muldiv = 2, 0, 0, 0, 0, 0, 0, 0, 0, 0, 0, 0, 0, 0, 0, 0
interval_timer.uop_generic = 34168373, 67232904, 109026300, 113140565, 67536353, 66285395, 67784253, 65932567, 67109307, 111415785, 39617898, 108707754, 33070413, 12187653, 9508540, 13525736
interval_timer.uop_load = 4569685, 22009288, 76508234, 72890492, 26404378, 39921569, 47972692, 48616840, 48909776, 76077914, 14771332, 71198278, 13175345, 3208143, 2505613, 3561493
interval_timer.uop_store = 82699858, 4029703, 34047968, 31904250, 2250477, 18064332, 22112572, 22595998, 22759086, 33660866, 1616902, 31039173, 996633, 1062310, 834226, 1182477
interval_timer.uops_pause = 0, 0, 0, 0, 0, 0, 0, 0, 0, 0, 0, 0, 0, 0, 0, 0
interval_timer.uops_total = 132879508, 96246893, 250178050, 247313252, 101686118, 137989536, 155613630, 155690484, 157210725, 251107550, 58810605, 240136953, 50087543, 16545574, 12925010, 18372479
interval_timer.uops_x87 = 0, 0, 0, 0, 0, 0, 0, 0, 0, 0, 0, 0, 0, 0, 0, 0
ipc = 0.100281775453
itlb.access = 1701606, 4825315, 27629599, 26103860, 5450219, 14349576, 17631648, 18103413, 18133137, 27285035, 3096236, 25541399, 2708310, 767032, 603093, 853982
itlb.miss = 73, 39, 40, 42, 33, 47, 47, 47, 47, 47, 34, 45, 33, 37, 36, 36
itlb_cache.access-mru-0 = 1700862, 4825184, 27626648, 26100946, 5450110, 14348087, 17629803, 18101451, 18131199, 27282024, 3096137, 25538529, 2708229, 766953, 603001, 853886
itlb_cache.access-mru-1 = 641, 90, 2885, 2837, 74, 1419, 1767, 1893, 1868, 2940, 63, 2801, 46, 35, 48, 52
itlb_cache.access-mru-2 = 27, 2, 26, 35, 2, 22, 31, 22, 22, 24, 2, 24, 2, 7, 8, 8
itlb_cache.access-mru-3 = 3, 0, 0, 0, 0, 1, 0, 0, 1, 0, 0, 0, 0, 0, 0, 0
L1-D.access-mru-0 = 66726331, 27675274, 101438936, 96239680, 32188219, 53775964, 64636987, 65551695, 65931646, 100914008, 18146622, 93822947, 16012629, 4222135, 3298993, 4689647
L1-D.access-mru-1 = 519231, 213795, 5070967, 4691117, 362665, 2471095, 3145145, 3308581, 3359675, 4964674, 186355, 4637631, 185531, 12602, 12489, 13980
L1-D.access-mru-2 = 4834, 24081, 810749, 815924, 29145, 301202, 385438, 395841, 398273, 788455, 16879, 811927, 14825, 3184, 2560, 3739
L1-D.access-mru-3 = 970, 8979, 278474, 281407, 11230, 93253, 123013, 127626, 128337, 254198, 6201, 279946, 6180, 949, 694, 1162
L1-D.backinval-D = 0, 0, 0, 0, 0, 0, 0, 0, 0, 0, 0, 0, 0, 0, 0, 0
L1-D.backinval-E = 354336, 82079, 530088, 569126, 99113, 190832, 254054, 251816, 253939, 457110, 55515, 520862, 49073, 10291, 7449, 11015
L1-D.backinval-I = 0, 0, 0, 0, 0, 0, 0, 0, 0, 0, 0, 0, 0, 0, 0, 0
L1-D.backinval-M = 20136542, 85538, 1836476, 1683705, 96109, 929969, 1198458, 1243555, 1251538, 1784707, 51556, 1639725, 47580, 13715, 10974, 15486
L1-D.backinval-O = 0, 0, 0, 0, 0, 0, 0, 0, 0, 0, 0, 0, 0, 0, 0, 0
L1-D.backinval-S = 1478, 9975, 27483, 28770, 7700, 15791, 17231, 16905, 17612, 28408, 6833, 28655, 3702, 2784, 2595, 3193
L1-D.backinval-u = 0, 0, 0, 0, 0, 0, 0, 0, 0, 0, 0, 0, 0, 0, 0, 0
L1-D.coherency-downgrades = 440, 3378, 2466, 2772, 3418, 2181, 2225, 1839, 1965, 3066, 5074, 2963, 1839, 923, 783, 980
L1-D.coherency-invalidates = 192, 5439, 537, 1396, 2206, 1754, 1035, 471, 701, 1080, 2304, 1198, 1949, 2220, 1763, 2511
L1-D.coherency-upgrades = 0, 0, 0, 0, 0, 0, 0, 0, 0, 0, 0, 0, 0, 0, 0, 0
L1-D.coherency-writebacks = 161, 1080, 101, 248, 450, 385, 215, 115, 148, 144, 639, 141, 473, 317, 263, 403
L1-D.evict-D = 0, 0, 0, 0, 0, 0, 0, 0, 0, 0, 0, 0, 0, 0, 0, 0
L1-D.evict-E = 0, 0, 0, 0, 0, 0, 0, 0, 0, 0, 0, 0, 0, 0, 0, 0
L1-D.evict-I = 0, 0, 0, 0, 0, 0, 0, 0, 0, 0, 0, 0, 0, 0, 0, 0
L1-D.evict-M = 0, 0, 0, 0, 0, 0, 0, 0, 0, 0, 0, 0, 0, 0, 0, 0
L1-D.evict-O = 0, 0, 0, 0, 0, 0, 0, 0, 0, 0, 0, 0, 0, 0, 0, 0
L1-D.evict-prefetch = 0, 0, 0, 0, 0, 0, 0, 0, 0, 0, 0, 0, 0, 0, 0, 0
L1-D.evict-S = 0, 0, 0, 0, 0, 0, 0, 0, 0, 0, 0, 0, 0, 0, 0, 0
L1-D.evict-u = 0, 0, 0, 0, 0, 0, 0, 0, 0, 0, 0, 0, 0, 0, 0, 0
L1-D.evict-warmup = 0, 0, 0, 0, 0, 0, 0, 0, 0, 0, 0, 0, 0, 0, 0, 0
L1-D.hits-prefetch = 0, 0, 0, 0, 0, 0, 0, 0, 0, 0, 0, 0, 0, 0, 0, 0
L1-D.hits-warmup = 0, 0, 0, 0, 0, 0, 0, 0, 0, 0, 0, 0, 0, 0, 0, 0
L1-D.invalidate-prefetch = 0, 0, 0, 0, 0, 0, 0, 0, 0, 0, 0, 0, 0, 0, 0, 0
L1-D.invalidate-warmup = 0, 0, 0, 0, 0, 0, 0, 0, 0, 0, 0, 0, 0, 0, 0, 0
L1-D.load-misses = 412614, 108181, 1724424, 1639073, 118217, 778230, 1032775, 1054083, 1064187, 1603513, 68128, 1565647, 59711, 17600, 13767, 19417
L1-D.load-misses-D = 0, 0, 0, 0, 0, 0, 0, 0, 0, 0, 0, 0, 0, 0, 0, 0
L1-D.load-misses-E = 2170, 586, 1229, 1315, 370, 887, 881, 883, 904, 1301, 201, 1236, 141, 155, 138, 186
L1-D.load-misses-I = 410413, 107277, 1723139, 1637616, 117761, 777184, 1031802, 1053151, 1063218, 1602100, 67830, 1564314, 59501, 17334, 13547, 19107
L1-D.load-misses-M = 0, 0, 0, 0, 0, 0, 0, 0, 0, 0, 0, 0, 0, 0, 0, 0
L1-D.load-misses-O = 0, 0, 0, 0, 0, 0, 0, 0, 0, 0, 0, 0, 0, 0, 0, 0
L1-D.load-misses-S = 31, 318, 56, 142, 86, 159, 92, 49, 65, 112, 97, 97, 69, 111, 82, 124
L1-D.load-misses-u = 0, 0, 0, 0, 0, 0, 0, 0, 0, 0, 0, 0, 0, 0, 0, 0
L1-D.load-overlapping-misses = 0, 0, 0, 0, 0, 0, 0, 0, 0, 0, 0, 0, 0, 0, 0, 0
L1-D.loads = 4965663, 24059627, 77086880, 73424488, 30501520, 40272575, 48392493, 49067892, 49356935, 76624429, 16834679, 71697200, 15302580, 3208397, 2505685, 3561547
L1-D.loads-D = 0, 0, 0, 0, 0, 0, 0, 0, 0, 0, 0, 0, 0, 0, 0, 0
L1-D.loads-E = 3834605, 13560381, 20267035, 18406014, 25770889, 8682648, 11431303, 12010802, 12129687, 19976786, 13083791, 18346631, 13284523, 234297, 176817, 261901
L1-D.loads-I = 410413, 107277, 1723139, 1637616, 117761, 777184, 1031802, 1053151, 1063218, 1602100, 67830, 1564314, 59501, 17334, 13547, 19107
L1-D.loads-M = 652438, 10311558, 54658365, 52852580, 4573403, 30695348, 35809232, 35900035, 36023744, 54553099, 3647451, 51229329, 1932310, 2920199, 2278694, 3240603
L1-D.loads-O = 0, 0, 0, 0, 0, 0, 0, 0, 0, 0, 0, 0, 0, 0, 0, 0
L1-D.loads-prefetch = 0, 0, 0, 0, 0, 0, 0, 0, 0, 0, 0, 0, 0, 0, 0, 0
L1-D.loads-S = 68207, 80411, 438341, 528278, 39467, 117395, 120156, 103904, 140286, 492444, 35607, 556926, 26246, 36567, 36627, 39936
L1-D.loads-u = 0, 0, 0, 0, 0, 0, 0, 0, 0, 0, 0, 0, 0, 0, 0, 0
L1-D.loads-where-cache-remote = 238, 3469, 2747, 3123, 1691, 2920, 2977, 2460, 2821, 2975, 1840, 2767, 1327, 1626, 1579, 1751
L1-D.loads-where-dram = 0, 0, 0, 0, 0, 0, 0, 0, 0, 0, 0, 0, 0, 0, 0, 0
L1-D.loads-where-dram-cache = 0, 0, 0, 0, 0, 0, 0, 0, 0, 0, 0, 0, 0, 0, 0, 0
L1-D.loads-where-dram-local = 94846, 0, 0, 0, 16713, 0, 0, 0, 5040, 0, 0, 0, 8740, 0, 0, 0
L1-D.loads-where-dram-remote = 284365, 35441, 29972, 30538, 50057, 16017, 20135, 18712, 14748, 30082, 34700, 23794, 26196, 566, 408, 914
L1-D.loads-where-L1 = 4553049, 23951446, 75362456, 71785415, 30383303, 39494345, 47359718, 48013809, 48292748, 75020916, 16766551, 70131553, 15242869, 3190797, 2491918, 3542130
L1-D.loads-where-L1_S = 0, 0, 0, 0, 0, 0, 0, 0, 0, 0, 0, 0, 0, 0, 0, 0
L1-D.loads-where-L1I = 0, 0, 0, 0, 0, 0, 0, 0, 0, 0, 0, 0, 0, 0, 0, 0
L1-D.loads-where-L2 = 2985, 1594, 1910, 2166, 1150, 1569, 1436, 1384, 1438, 2055, 819, 1962, 620, 422, 366, 488
L1-D.loads-where-L2_S = 0, 0, 0, 0, 0, 0, 0, 0, 0, 0, 0, 0, 0, 0, 0, 0
L1-D.loads-where-L3 = 0, 0, 0, 0, 0, 0, 0, 0, 0, 0, 0, 0, 0, 0, 0, 0
L1-D.loads-where-L3_S = 0, 0, 0, 0, 0, 0, 0, 0, 0, 0, 0, 0, 0, 0, 0, 0
L1-D.loads-where-L4 = 0, 0, 0, 0, 0, 0, 0, 0, 0, 0, 0, 0, 0, 0, 0, 0
L1-D.loads-where-L4_S = 0, 0, 0, 0, 0, 0, 0, 0, 0, 0, 0, 0, 0, 0, 0, 0
L1-D.loads-where-miss = 0, 0, 0, 0, 0, 0, 0, 0, 0, 0, 0, 0, 0, 0, 0, 0
L1-D.loads-where-nuca-cache = 30180, 67677, 1689795, 1603246, 48606, 757724, 1008227, 1031527, 1040140, 1568401, 30769, 1537124, 22828, 14986, 11414, 16264
L1-D.loads-where-nuca-local = 0, 0, 0, 0, 0, 0, 0, 0, 0, 0, 0, 0, 0, 0, 0, 0
L1-D.loads-where-nuca-remote = 0, 0, 0, 0, 0, 0, 0, 0, 0, 0, 0, 0, 0, 0, 0, 0
L1-D.loads-where-predicate-false = 0, 0, 0, 0, 0, 0, 0, 0, 0, 0, 0, 0, 0, 0, 0, 0
L1-D.loads-where-prefetch-no-mapping = 0, 0, 0, 0, 0, 0, 0, 0, 0, 0, 0, 0, 0, 0, 0, 0
L1-D.loads-where-unknown = 0, 0, 0, 0, 0, 0, 0, 0, 0, 0, 0, 0, 0, 0, 0, 0
L1-D.mshr-latency = 0, 0, 0, 0, 0, 0, 0, 0, 0, 0, 0, 0, 0, 0, 0, 0
L1-D.next_read.no-free-slots = 0, 0, 0, 0, 0, 0, 0, 0, 0, 0, 0, 0, 0, 0, 0, 0
L1-D.next_read.num-barriers = 0, 0, 0, 0, 0, 0, 0, 0, 0, 0, 0, 0, 0, 0, 0, 0
L1-D.next_read.num-requests = 0, 0, 0, 0, 0, 0, 0, 0, 0, 0, 0, 0, 0, 0, 0, 0
L1-D.next_read.requests-out-of-order = 0, 0, 0, 0, 0, 0, 0, 0, 0, 0, 0, 0, 0, 0, 0, 0
L1-D.next_read.requests-simultaneous = 0, 0, 0, 0, 0, 0, 0, 0, 0, 0, 0, 0, 0, 0, 0, 0
L1-D.next_read.total-barrier-delay = 0, 0, 0, 0, 0, 0, 0, 0, 0, 0, 0, 0, 0, 0, 0, 0
L1-D.next_read.total-delay = 0, 0, 0, 0, 0, 0, 0, 0, 0, 0, 0, 0, 0, 0, 0, 0
L1-D.prefetches = 0, 0, 0, 0, 0, 0, 0, 0, 0, 0, 0, 0, 0, 0, 0, 0
L1-D.qbs-query-latency = 0, 0, 0, 0, 0, 0, 0, 0, 0, 0, 0, 0, 0, 0, 0, 0
L1-D.snoop-latency = 0, 0, 0, 0, 0, 0, 0, 0, 0, 0, 0, 0, 0, 0, 0, 0
L1-D.store-misses = 20134201, 88103, 1835280, 1682804, 98616, 929770, 1198000, 1242846, 1250911, 1783743, 56335, 1638886, 49200, 14427, 11581, 16288
L1-D.store-misses-D = 0, 0, 0, 0, 0, 0, 0, 0, 0, 0, 0, 0, 0, 0, 0, 0
L1-D.store-misses-E = 51544, 9214, 1163000, 1036237, 9052, 567143, 757902, 782359, 789401, 1113403, 5057, 1011746, 4688, 1736, 1429, 2011
L1-D.store-misses-I = 20082530, 77187, 671799, 645981, 88058, 361825, 439457, 460014, 460985, 669663, 49318, 626548, 43612, 12266, 9775, 13802
L1-D.store-misses-M = 0, 0, 0, 0, 0, 0, 0, 0, 0, 0, 0, 0, 0, 0, 0, 0
L1-D.store-misses-O = 0, 0, 0, 0, 0, 0, 0, 0, 0, 0, 0, 0, 0, 0, 0, 0
L1-D.store-misses-S = 127, 1702, 481, 586, 1506, 802, 641, 473, 525, 677, 1960, 592, 900, 425, 377, 475
L1-D.store-misses-u = 0, 0, 0, 0, 0, 0, 0, 0, 0, 0, 0, 0, 0, 0, 0, 0
L1-D.store-overlapping-misses = 0, 0, 0, 0, 0, 0, 0, 0, 0, 0, 0, 0, 0, 0, 0, 0
L1-D.stores = 82832518, 4058786, 34071950, 31925517, 2306572, 18076939, 22128865, 22612780, 22776094, 33684162, 1645841, 31059784, 1025496, 1062500, 834399, 1182686
L1-D.stores-D = 0, 0, 0, 0, 0, 0, 0, 0, 0, 0, 0, 0, 0, 0, 0, 0
L1-D.stores-E = 51544, 9214, 1163000, 1036237, 9052, 567143, 757902, 782359, 789401, 1113403, 5057, 1011746, 4688, 1736, 1429, 2011
L1-D.stores-I = 20082530, 77187, 671799, 645981, 88058, 361825, 439457, 460014, 460985, 669663, 49318, 626548, 43612, 12266, 9775, 13802
L1-D.stores-M = 62698317, 3970683, 32236670, 30242713, 2207956, 17147169, 20930865, 21369934, 21525183, 31900419, 1589506, 29420898, 976296, 1048073, 822818, 1166398
L1-D.stores-O = 0, 0, 0, 0, 0, 0, 0, 0, 0, 0, 0, 0, 0, 0, 0, 0
L1-D.stores-prefetch = 0, 0, 0, 0, 0, 0, 0, 0, 0, 0, 0, 0, 0, 0, 0, 0
L1-D.stores-S = 127, 1702, 481, 586, 1506, 802, 641, 473, 525, 677, 1960, 592, 900, 425, 377, 475
L1-D.stores-u = 0, 0, 0, 0, 0, 0, 0, 0, 0, 0, 0, 0, 0, 0, 0, 0
L1-D.stores-where-cache-remote = 0, 0, 0, 0, 0, 0, 0, 0, 0, 0, 0, 0, 0, 0, 0, 0
L1-D.stores-where-dram = 0, 0, 0, 0, 0, 0, 0, 0, 0, 0, 0, 0, 0, 0, 0, 0
L1-D.stores-where-dram-cache = 0, 0, 0, 0, 0, 0, 0, 0, 0, 0, 0, 0, 0, 0, 0, 0
L1-D.stores-where-dram-local = 0, 0, 0, 0, 0, 0, 0, 0, 0, 0, 0, 0, 0, 0, 0, 0
L1-D.stores-where-dram-remote = 0, 0, 0, 0, 0, 0, 0, 0, 0, 0, 0, 0, 0, 0, 0, 0
L1-D.stores-where-L1 = 62698317, 3970683, 32236670, 30242713, 2207956, 17147169, 20930865, 21369934, 21525183, 31900419, 1589506, 29420898, 976296, 1048073, 822818, 1166398
L1-D.stores-where-L1_S = 0, 0, 0, 0, 0, 0, 0, 0, 0, 0, 0, 0, 0, 0, 0, 0
L1-D.stores-where-L1I = 0, 0, 0, 0, 0, 0, 0, 0, 0, 0, 0, 0, 0, 0, 0, 0
L1-D.stores-where-L2 = 20134201, 88103, 1835280, 1682804, 98616, 929770, 1198000, 1242846, 1250911, 1783743, 56335, 1638886, 49200, 14427, 11581, 16288
L1-D.stores-where-L2_S = 0, 0, 0, 0, 0, 0, 0, 0, 0, 0, 0, 0, 0, 0, 0, 0
L1-D.stores-where-L3 = 0, 0, 0, 0, 0, 0, 0, 0, 0, 0, 0, 0, 0, 0, 0, 0
L1-D.stores-where-L3_S = 0, 0, 0, 0, 0, 0, 0, 0, 0, 0, 0, 0, 0, 0, 0, 0
L1-D.stores-where-L4 = 0, 0, 0, 0, 0, 0, 0, 0, 0, 0, 0, 0, 0, 0, 0, 0
L1-D.stores-where-L4_S = 0, 0, 0, 0, 0, 0, 0, 0, 0, 0, 0, 0, 0, 0, 0, 0
L1-D.stores-where-miss = 0, 0, 0, 0, 0, 0, 0, 0, 0, 0, 0, 0, 0, 0, 0, 0
L1-D.stores-where-nuca-cache = 0, 0, 0, 0, 0, 0, 0, 0, 0, 0, 0, 0, 0, 0, 0, 0
L1-D.stores-where-nuca-local = 0, 0, 0, 0, 0, 0, 0, 0, 0, 0, 0, 0, 0, 0, 0, 0
L1-D.stores-where-nuca-remote = 0, 0, 0, 0, 0, 0, 0, 0, 0, 0, 0, 0, 0, 0, 0, 0
L1-D.stores-where-predicate-false = 0, 0, 0, 0, 0, 0, 0, 0, 0, 0, 0, 0, 0, 0, 0, 0
L1-D.stores-where-prefetch-no-mapping = 0, 0, 0, 0, 0, 0, 0, 0, 0, 0, 0, 0, 0, 0, 0, 0
L1-D.stores-where-unknown = 0, 0, 0, 0, 0, 0, 0, 0, 0, 0, 0, 0, 0, 0, 0, 0
L1-D.total-latency = -8737684602456950016, 13686085441080, 269713641750457, 257299032267896, 14186834161988, 130013996250878, 165774480394599, 172181896799650, 173515867176425, 252070902578317, 8580387595620, 241510348269265, 8053466920192, 2729932087895, 1800856405659, 2881323852632
L1-I.access-mru-0 = 1643356, 4719753, 26971988, 25443519, 5384071, 13949450, 17181888, 17636369, 17668264, 26629339, 3053216, 24923141, 2679218, 739916, 579173, 822421
L1-I.access-mru-1 = 30406, 46013, 397194, 397305, 23651, 256787, 289142, 303950, 299858, 395828, 16347, 369491, 9760, 12865, 12036, 15442
L1-I.access-mru-2 = 14929, 7394, 560, 2377, 3377, 4766, 1501, 854, 1050, 1349, 2331, 1348, 1244, 2212, 2130, 2695
L1-I.access-mru-3 = 9, 19, 13, 21, 8, 4, 3, 10, 3, 18, 3, 11, 2, 7, 9, 13
L1-I.backinval-D = 0, 0, 0, 0, 0, 0, 0, 0, 0, 0, 0, 0, 0, 0, 0, 0
L1-I.backinval-E = 9672, 1642, 43813, 40643, 3233, 24716, 27229, 30098, 30275, 42498, 456, 40363, 425, 193, 200, 189
L1-I.backinval-I = 0, 0, 0, 0, 0, 0, 0, 0, 0, 0, 0, 0, 0, 0, 0, 0
L1-I.backinval-M = 0, 0, 0, 0, 0, 0, 0, 0, 0, 0, 0, 0, 0, 0, 0, 0
L1-I.backinval-O = 0, 0, 0, 0, 0, 0, 0, 0, 0, 0, 0, 0, 0, 0, 0, 0
L1-I.backinval-S = 2956, 50359, 215796, 219852, 35641, 113640, 131668, 131946, 133459, 215833, 23720, 206841, 17507, 11655, 9375, 13049
L1-I.backinval-u = 0, 0, 0, 0, 0, 0, 0, 0, 0, 0, 0, 0, 0, 0, 0, 0
L1-I.coherency-downgrades = 73, 434, 11947, 11493, 402, 8584, 9571, 8954, 8990, 13842, 280, 13517, 274, 111, 77, 120
L1-I.coherency-invalidates = 0, 0, 0, 0, 0, 0, 0, 0, 0, 0, 0, 0, 0, 0, 0, 0
L1-I.coherency-upgrades = 0, 0, 0, 0, 0, 0, 0, 0, 0, 0, 0, 0, 0, 0, 0, 0
L1-I.coherency-writebacks = 0, 0, 0, 0, 0, 0, 0, 0, 0, 0, 0, 0, 0, 0, 0, 0
L1-I.evict-D = 0, 0, 0, 0, 0, 0, 0, 0, 0, 0, 0, 0, 0, 0, 0, 0
L1-I.evict-E = 0, 0, 0, 0, 0, 0, 0, 0, 0, 0, 0, 0, 0, 0, 0, 0
L1-I.evict-I = 0, 0, 0, 0, 0, 0, 0, 0, 0, 0, 0, 0, 0, 0, 0, 0
L1-I.evict-M = 0, 0, 0, 0, 0, 0, 0, 0, 0, 0, 0, 0, 0, 0, 0, 0
L1-I.evict-O = 0, 0, 0, 0, 0, 0, 0, 0, 0, 0, 0, 0, 0, 0, 0, 0
L1-I.evict-prefetch = 0, 0, 0, 0, 0, 0, 0, 0, 0, 0, 0, 0, 0, 0, 0, 0
L1-I.evict-S = 0, 0, 0, 0, 0, 0, 0, 0, 0, 0, 0, 0, 0, 0, 0, 0
L1-I.evict-u = 0, 0, 0, 0, 0, 0, 0, 0, 0, 0, 0, 0, 0, 0, 0, 0
L1-I.evict-warmup = 0, 0, 0, 0, 0, 0, 0, 0, 0, 0, 0, 0, 0, 0, 0, 0
L1-I.hits-prefetch = 0, 0, 0, 0, 0, 0, 0, 0, 0, 0, 0, 0, 0, 0, 0, 0
L1-I.hits-warmup = 0, 0, 0, 0, 0, 0, 0, 0, 0, 0, 0, 0, 0, 0, 0, 0
L1-I.invalidate-prefetch = 0, 0, 0, 0, 0, 0, 0, 0, 0, 0, 0, 0, 0, 0, 0, 0
L1-I.invalidate-warmup = 0, 0, 0, 0, 0, 0, 0, 0, 0, 0, 0, 0, 0, 0, 0, 0
L1-I.load-misses = 12906, 52136, 259844, 260638, 39112, 138569, 159114, 162230, 163962, 258501, 24339, 247408, 18086, 12032, 9745, 13411
L1-I.load-misses-D = 0, 0, 0, 0, 0, 0, 0, 0, 0, 0, 0, 0, 0, 0, 0, 0
L1-I.load-misses-E = 0, 0, 0, 0, 0, 0, 0, 0, 0, 0, 0, 0, 0, 0, 0, 0
L1-I.load-misses-I = 12906, 52136, 259844, 260638, 39112, 138569, 159114, 162230, 163962, 258501, 24339, 247408, 18086, 12032, 9745, 13411
L1-I.load-misses-M = 0, 0, 0, 0, 0, 0, 0, 0, 0, 0, 0, 0, 0, 0, 0, 0
L1-I.load-misses-O = 0, 0, 0, 0, 0, 0, 0, 0, 0, 0, 0, 0, 0, 0, 0, 0
L1-I.load-misses-S = 0, 0, 0, 0, 0, 0, 0, 0, 0, 0, 0, 0, 0, 0, 0, 0
L1-I.load-misses-u = 0, 0, 0, 0, 0, 0, 0, 0, 0, 0, 0, 0, 0, 0, 0, 0
L1-I.load-overlapping-misses = 0, 0, 0, 0, 0, 0, 0, 0, 0, 0, 0, 0, 0, 0, 0, 0
L1-I.loads = 1701606, 4825315, 27629599, 26103860, 5450219, 14349576, 17631648, 18103413, 18133137, 27285035, 3096236, 25541399, 2708310, 767032, 603093, 853982
L1-I.loads-D = 0, 0, 0, 0, 0, 0, 0, 0, 0, 0, 0, 0, 0, 0, 0, 0
L1-I.loads-E = 1528015, 90307, 2597231, 2490733, 1706306, 1408631, 1845583, 2038235, 1766486, 2724377, 2677, 2559399, 32864, 2367, 1894, 1091
L1-I.loads-I = 12906, 52136, 259844, 260638, 39112, 138569, 159114, 162230, 163962, 258501, 24339, 247408, 18086, 12032, 9745, 13411
L1-I.loads-M = 0, 0, 0, 0, 0, 0, 0, 0, 0, 0, 0, 0, 0, 0, 0, 0
L1-I.loads-O = 0, 0, 0, 0, 0, 0, 0, 0, 0, 0, 0, 0, 0, 0, 0, 0
L1-I.loads-prefetch = 0, 0, 0, 0, 0, 0, 0, 0, 0, 0, 0, 0, 0, 0, 0, 0
L1-I.loads-S = 160685, 4682872, 24772524, 23352489, 3704801, 12802376, 15626951, 15902948, 16202689, 24302157, 3069220, 22734592, 2657360, 752633, 591454, 839480
L1-I.loads-u = 0, 0, 0, 0, 0, 0, 0, 0, 0, 0, 0, 0, 0, 0, 0, 0
L1-I.loads-where-cache-remote = 10, 332, 12664, 11105, 425, 8650, 10361, 9934, 9844, 12815, 277, 11707, 273, 92, 75, 104
L1-I.loads-where-dram = 0, 0, 0, 0, 0, 0, 0, 0, 0, 0, 0, 0, 0, 0, 0, 0
L1-I.loads-where-dram-cache = 0, 0, 0, 0, 0, 0, 0, 0, 0, 0, 0, 0, 0, 0, 0, 0
L1-I.loads-where-dram-local = 262, 0, 0, 0, 16, 0, 0, 0, 30, 0, 0, 0, 9, 0, 0, 0
L1-I.loads-where-dram-remote = 734, 31, 236, 15, 45, 33, 7, 35, 95, 146, 8, 9, 21, 10, 2, 8
L1-I.loads-where-L1 = 0, 0, 0, 0, 0, 0, 0, 0, 0, 0, 0, 0, 0, 0, 0, 0
L1-I.loads-where-L1_S = 0, 0, 0, 0, 0, 0, 0, 0, 0, 0, 0, 0, 0, 0, 0, 0
L1-I.loads-where-L1I = 1688700, 4773179, 27369755, 25843222, 5411107, 14211007, 17472534, 17941183, 17969175, 27026534, 3071897, 25293991, 2690224, 755000, 593348, 840571
L1-I.loads-where-L2 = 0, 0, 0, 0, 0, 0, 0, 0, 0, 0, 0, 0, 0, 0, 0, 0
L1-I.loads-where-L2_S = 0, 0, 0, 0, 0, 0, 0, 0, 0, 0, 0, 0, 0, 0, 0, 0
L1-I.loads-where-L3 = 0, 0, 0, 0, 0, 0, 0, 0, 0, 0, 0, 0, 0, 0, 0, 0
L1-I.loads-where-L3_S = 0, 0, 0, 0, 0, 0, 0, 0, 0, 0, 0, 0, 0, 0, 0, 0
L1-I.loads-where-L4 = 0, 0, 0, 0, 0, 0, 0, 0, 0, 0, 0, 0, 0, 0, 0, 0
L1-I.loads-where-L4_S = 0, 0, 0, 0, 0, 0, 0, 0, 0, 0, 0, 0, 0, 0, 0, 0
L1-I.loads-where-miss = 0, 0, 0, 0, 0, 0, 0, 0, 0, 0, 0, 0, 0, 0, 0, 0
L1-I.loads-where-nuca-cache = 11900, 51773, 246944, 249518, 38626, 129886, 148746, 152261, 153993, 245540, 24054, 235692, 17783, 11930, 9668, 13299
L1-I.loads-where-nuca-local = 0, 0, 0, 0, 0, 0, 0, 0, 0, 0, 0, 0, 0, 0, 0, 0
L1-I.loads-where-nuca-remote = 0, 0, 0, 0, 0, 0, 0, 0, 0, 0, 0, 0, 0, 0, 0, 0
L1-I.loads-where-predicate-false = 0, 0, 0, 0, 0, 0, 0, 0, 0, 0, 0, 0, 0, 0, 0, 0
L1-I.loads-where-prefetch-no-mapping = 0, 0, 0, 0, 0, 0, 0, 0, 0, 0, 0, 0, 0, 0, 0, 0
L1-I.loads-where-unknown = 0, 0, 0, 0, 0, 0, 0, 0, 0, 0, 0, 0, 0, 0, 0, 0
L1-I.mshr-latency = 0, 0, 0, 0, 0, 0, 0, 0, 0, 0, 0, 0, 0, 0, 0, 0
L1-I.next_read.no-free-slots = 0, 0, 0, 0, 0, 0, 0, 0, 0, 0, 0, 0, 0, 0, 0, 0
L1-I.next_read.num-barriers = 0, 0, 0, 0, 0, 0, 0, 0, 0, 0, 0, 0, 0, 0, 0, 0
L1-I.next_read.num-requests = 0, 0, 0, 0, 0, 0, 0, 0, 0, 0, 0, 0, 0, 0, 0, 0
L1-I.next_read.requests-out-of-order = 0, 0, 0, 0, 0, 0, 0, 0, 0, 0, 0, 0, 0, 0, 0, 0
L1-I.next_read.requests-simultaneous = 0, 0, 0, 0, 0, 0, 0, 0, 0, 0, 0, 0, 0, 0, 0, 0
L1-I.next_read.total-barrier-delay = 0, 0, 0, 0, 0, 0, 0, 0, 0, 0, 0, 0, 0, 0, 0, 0
L1-I.next_read.total-delay = 0, 0, 0, 0, 0, 0, 0, 0, 0, 0, 0, 0, 0, 0, 0, 0
L1-I.prefetches = 0, 0, 0, 0, 0, 0, 0, 0, 0, 0, 0, 0, 0, 0, 0, 0
L1-I.qbs-query-latency = 0, 0, 0, 0, 0, 0, 0, 0, 0, 0, 0, 0, 0, 0, 0, 0
L1-I.snoop-latency = 0, 0, 0, 0, 0, 0, 0, 0, 0, 0, 0, 0, 0, 0, 0, 0
L1-I.store-misses = 0, 0, 0, 0, 0, 0, 0, 0, 0, 0, 0, 0, 0, 0, 0, 0
L1-I.store-misses-D = 0, 0, 0, 0, 0, 0, 0, 0, 0, 0, 0, 0, 0, 0, 0, 0
L1-I.store-misses-E = 0, 0, 0, 0, 0, 0, 0, 0, 0, 0, 0, 0, 0, 0, 0, 0
L1-I.store-misses-I = 0, 0, 0, 0, 0, 0, 0, 0, 0, 0, 0, 0, 0, 0, 0, 0
L1-I.store-misses-M = 0, 0, 0, 0, 0, 0, 0, 0, 0, 0, 0, 0, 0, 0, 0, 0
L1-I.store-misses-O = 0, 0, 0, 0, 0, 0, 0, 0, 0, 0, 0, 0, 0, 0, 0, 0
L1-I.store-misses-S = 0, 0, 0, 0, 0, 0, 0, 0, 0, 0, 0, 0, 0, 0, 0, 0
L1-I.store-misses-u = 0, 0, 0, 0, 0, 0, 0, 0, 0, 0, 0, 0, 0, 0, 0, 0
L1-I.store-overlapping-misses = 0, 0, 0, 0, 0, 0, 0, 0, 0, 0, 0, 0, 0, 0, 0, 0
L1-I.stores = 0, 0, 0, 0, 0, 0, 0, 0, 0, 0, 0, 0, 0, 0, 0, 0
L1-I.stores-D = 0, 0, 0, 0, 0, 0, 0, 0, 0, 0, 0, 0, 0, 0, 0, 0
L1-I.stores-E = 0, 0, 0, 0, 0, 0, 0, 0, 0, 0, 0, 0, 0, 0, 0, 0
L1-I.stores-I = 0, 0, 0, 0, 0, 0, 0, 0, 0, 0, 0, 0, 0, 0, 0, 0
L1-I.stores-M = 0, 0, 0, 0, 0, 0, 0, 0, 0, 0, 0, 0, 0, 0, 0, 0
L1-I.stores-O = 0, 0, 0, 0, 0, 0, 0, 0, 0, 0, 0, 0, 0, 0, 0, 0
L1-I.stores-prefetch = 0, 0, 0, 0, 0, 0, 0, 0, 0, 0, 0, 0, 0, 0, 0, 0
L1-I.stores-S = 0, 0, 0, 0, 0, 0, 0, 0, 0, 0, 0, 0, 0, 0, 0, 0
L1-I.stores-u = 0, 0, 0, 0, 0, 0, 0, 0, 0, 0, 0, 0, 0, 0, 0, 0
L1-I.stores-where-cache-remote = 0, 0, 0, 0, 0, 0, 0, 0, 0, 0, 0, 0, 0, 0, 0, 0
L1-I.stores-where-dram = 0, 0, 0, 0, 0, 0, 0, 0, 0, 0, 0, 0, 0, 0, 0, 0
L1-I.stores-where-dram-cache = 0, 0, 0, 0, 0, 0, 0, 0, 0, 0, 0, 0, 0, 0, 0, 0
L1-I.stores-where-dram-local = 0, 0, 0, 0, 0, 0, 0, 0, 0, 0, 0, 0, 0, 0, 0, 0
L1-I.stores-where-dram-remote = 0, 0, 0, 0, 0, 0, 0, 0, 0, 0, 0, 0, 0, 0, 0, 0
L1-I.stores-where-L1 = 0, 0, 0, 0, 0, 0, 0, 0, 0, 0, 0, 0, 0, 0, 0, 0
L1-I.stores-where-L1_S = 0, 0, 0, 0, 0, 0, 0, 0, 0, 0, 0, 0, 0, 0, 0, 0
L1-I.stores-where-L1I = 0, 0, 0, 0, 0, 0, 0, 0, 0, 0, 0, 0, 0, 0, 0, 0
L1-I.stores-where-L2 = 0, 0, 0, 0, 0, 0, 0, 0, 0, 0, 0, 0, 0, 0, 0, 0
L1-I.stores-where-L2_S = 0, 0, 0, 0, 0, 0, 0, 0, 0, 0, 0, 0, 0, 0, 0, 0
L1-I.stores-where-L3 = 0, 0, 0, 0, 0, 0, 0, 0, 0, 0, 0, 0, 0, 0, 0, 0
L1-I.stores-where-L3_S = 0, 0, 0, 0, 0, 0, 0, 0, 0, 0, 0, 0, 0, 0, 0, 0
L1-I.stores-where-L4 = 0, 0, 0, 0, 0, 0, 0, 0, 0, 0, 0, 0, 0, 0, 0, 0
L1-I.stores-where-L4_S = 0, 0, 0, 0, 0, 0, 0, 0, 0, 0, 0, 0, 0, 0, 0, 0
L1-I.stores-where-miss = 0, 0, 0, 0, 0, 0, 0, 0, 0, 0, 0, 0, 0, 0, 0, 0
L1-I.stores-where-nuca-cache = 0, 0, 0, 0, 0, 0, 0, 0, 0, 0, 0, 0, 0, 0, 0, 0
L1-I.stores-where-nuca-local = 0, 0, 0, 0, 0, 0, 0, 0, 0, 0, 0, 0, 0, 0, 0, 0
L1-I.stores-where-nuca-remote = 0, 0, 0, 0, 0, 0, 0, 0, 0, 0, 0, 0, 0, 0, 0, 0
L1-I.stores-where-predicate-false = 0, 0, 0, 0, 0, 0, 0, 0, 0, 0, 0, 0, 0, 0, 0, 0
L1-I.stores-where-prefetch-no-mapping = 0, 0, 0, 0, 0, 0, 0, 0, 0, 0, 0, 0, 0, 0, 0, 0
L1-I.stores-where-unknown = 0, 0, 0, 0, 0, 0, 0, 0, 0, 0, 0, 0, 0, 0, 0, 0
L1-I.total-latency = 690300784135128, 1708333439222, 11533223932135, 11837673451793, 1370117819538, 6576166692423, 7455957457035, 7872156601908, 7952788100559, 11852690243857, 822397021483, 11413285957685, 673882068470, 379732835204, 309594741880, 431749286503
l1misslat = -201705334838.0
L2.access-mru-0 = 1, 0, 0, 0, 0, 0, 0, 0, 0, 0, 0, 0, 0, 0, 0, 0
L2.access-mru-1 = 0, 0, 0, 0, 0, 0, 0, 0, 0, 0, 0, 0, 0, 0, 0, 0
L2.access-mru-2 = 0, 0, 0, 0, 0, 0, 0, 0, 0, 0, 0, 0, 0, 0, 0, 0
L2.access-mru-3 = 0, 0, 0, 0, 0, 0, 0, 0, 0, 0, 0, 0, 0, 0, 0, 0
L2.backinval-D = 0, 0, 0, 0, 0, 0, 0, 0, 0, 0, 0, 0, 0, 0, 0, 0
L2.backinval-E = 0, 0, 0, 0, 0, 0, 0, 0, 0, 0, 0, 0, 0, 0, 0, 0
L2.backinval-I = 0, 0, 0, 0, 0, 0, 0, 0, 0, 0, 0, 0, 0, 0, 0, 0
L2.backinval-M = 0, 0, 0, 0, 0, 0, 0, 0, 0, 0, 0, 0, 0, 0, 0, 0
L2.backinval-O = 0, 0, 0, 0, 0, 0, 0, 0, 0, 0, 0, 0, 0, 0, 0, 0
L2.backinval-S = 0, 0, 0, 0, 0, 0, 0, 0, 0, 0, 0, 0, 0, 0, 0, 0
L2.backinval-u = 0, 0, 0, 0, 0, 0, 0, 0, 0, 0, 0, 0, 0, 0, 0, 0
L2.coherency-downgrades = 511, 3812, 14413, 14265, 3820, 10765, 11796, 10793, 10955, 16908, 5354, 16480, 2113, 1034, 860, 1100
L2.coherency-invalidates = 192, 5443, 539, 1398, 2209, 1761, 1035, 473, 703, 1081, 2308, 1203, 1951, 2225, 1764, 2514
L2.coherency-upgrades = 158, 2016, 535, 726, 1589, 954, 733, 520, 588, 788, 2053, 684, 967, 531, 458, 596
L2.coherency-writebacks = 161, 1080, 101, 248, 450, 385, 215, 115, 148, 144, 639, 141, 473, 317, 263, 403
L2.evict-D = 0, 0, 0, 0, 0, 0, 0, 0, 0, 0, 0, 0, 0, 0, 0, 0
L2.evict-E = 364008, 83721, 573901, 609769, 102346, 215548, 281283, 281914, 284214, 499608, 55971, 561225, 49498, 10484, 7649, 11204
L2.evict-I = 0, 0, 0, 0, 0, 0, 0, 0, 0, 0, 0, 0, 0, 0, 0, 0
L2.evict-M = 20136542, 85538, 1836476, 1683705, 96109, 929969, 1198458, 1243555, 1251538, 1784707, 51556, 1639725, 47580, 13715, 10974, 15486
L2.evict-O = 0, 0, 0, 0, 0, 0, 0, 0, 0, 0, 0, 0, 0, 0, 0, 0
L2.evict-prefetch = 0, 0, 0, 0, 0, 0, 0, 0, 0, 0, 0, 0, 0, 0, 0, 0
L2.evict-S = 4433, 60334, 243279, 248622, 43341, 129431, 148899, 148851, 151071, 244241, 30553, 235496, 21209, 14439, 11970, 16242
L2.evict-u = 0, 0, 0, 0, 0, 0, 0, 0, 0, 0, 0, 0, 0, 0, 0, 0
L2.evict-warmup = 0, 0, 0, 0, 0, 0, 0, 0, 0, 0, 0, 0, 0, 0, 0, 0
L2.hits-prefetch = 0, 0, 0, 0, 0, 0, 0, 0, 0, 0, 0, 0, 0, 0, 0, 0
L2.hits-warmup = 0, 0, 0, 0, 0, 0, 0, 0, 0, 0, 0, 0, 0, 0, 0, 0
L2.invalidate-prefetch = 0, 0, 0, 0, 0, 0, 0, 0, 0, 0, 0, 0, 0, 0, 0, 0
L2.invalidate-warmup = 0, 0, 0, 0, 0, 0, 0, 0, 0, 0, 0, 0, 0, 0, 0, 0
L2.load-misses = 425519, 160317, 1984268, 1899711, 157329, 916799, 1191889, 1216313, 1228149, 1862014, 92467, 1813055, 77797, 29632, 23512, 32828
L2.load-misses-D = 0, 0, 0, 0, 0, 0, 0, 0, 0, 0, 0, 0, 0, 0, 0, 0
L2.load-misses-E = 2170, 586, 1229, 1315, 370, 887, 881, 883, 904, 1301, 201, 1236, 141, 155, 138, 186
L2.load-misses-I = 423318, 159413, 1982983, 1898254, 156873, 915753, 1190916, 1215381, 1227180, 1860601, 92169, 1811722, 77587, 29366, 23292, 32518
L2.load-misses-M = 0, 0, 0, 0, 0, 0, 0, 0, 0, 0, 0, 0, 0, 0, 0, 0
L2.load-misses-O = 0, 0, 0, 0, 0, 0, 0, 0, 0, 0, 0, 0, 0, 0, 0, 0
L2.load-misses-S = 31, 318, 56, 142, 86, 159, 92, 49, 65, 112, 97, 97, 69, 111, 82, 124
L2.load-misses-u = 0, 0, 0, 0, 0, 0, 0, 0, 0, 0, 0, 0, 0, 0, 0, 0
L2.load-overlapping-misses = 576, 333, 624, 649, 173, 404, 424, 441, 473, 706, 112, 648, 84, 117, 89, 132
L2.loads = 425520, 160317, 1984268, 1899711, 157329, 916799, 1191889, 1216313, 1228149, 1862014, 92467, 1813055, 77797, 29632, 23512, 32828
L2.loads-D = 0, 0, 0, 0, 0, 0, 0, 0, 0, 0, 0, 0, 0, 0, 0, 0
L2.loads-E = 2171, 586, 1229, 1315, 370, 887, 881, 883, 904, 1301, 201, 1236, 141, 155, 138, 186
L2.loads-I = 423318, 159413, 1982983, 1898254, 156873, 915753, 1190916, 1215381, 1227180, 1860601, 92169, 1811722, 77587, 29366, 23292, 32518
L2.loads-M = 0, 0, 0, 0, 0, 0, 0, 0, 0, 0, 0, 0, 0, 0, 0, 0
L2.loads-O = 0, 0, 0, 0, 0, 0, 0, 0, 0, 0, 0, 0, 0, 0, 0, 0
L2.loads-prefetch = 0, 0, 0, 0, 0, 0, 0, 0, 0, 0, 0, 0, 0, 0, 0, 0
L2.loads-S = 31, 318, 56, 142, 86, 159, 92, 49, 65, 112, 97, 97, 69, 111, 82, 124
L2.loads-u = 0, 0, 0, 0, 0, 0, 0, 0, 0, 0, 0, 0, 0, 0, 0, 0
L2.mshr-latency = 0, 0, 0, 0, 0, 0, 0, 0, 0, 0, 0, 0, 0, 0, 0, 0
L2.next_read.no-free-slots = 0, 0, 0, 0, 0, 0, 0, 0, 0, 0, 0, 0, 0, 0, 0, 0
L2.next_read.num-barriers = 0, 0, 0, 0, 0, 0, 0, 0, 0, 0, 0, 0, 0, 0, 0, 0
L2.next_read.num-requests = 0, 0, 0, 0, 0, 0, 0, 0, 0, 0, 0, 0, 0, 0, 0, 0
L2.next_read.requests-out-of-order = 0, 0, 0, 0, 0, 0, 0, 0, 0, 0, 0, 0, 0, 0, 0, 0
L2.next_read.requests-simultaneous = 0, 0, 0, 0, 0, 0, 0, 0, 0, 0, 0, 0, 0, 0, 0, 0
L2.next_read.total-barrier-delay = 0, 0, 0, 0, 0, 0, 0, 0, 0, 0, 0, 0, 0, 0, 0, 0
L2.next_read.total-delay = 0, 0, 0, 0, 0, 0, 0, 0, 0, 0, 0, 0, 0, 0, 0, 0
L2.prefetches = 0, 0, 0, 0, 0, 0, 0, 0, 0, 0, 0, 0, 0, 0, 0, 0
L2.qbs-query-latency = 0, 0, 0, 0, 0, 0, 0, 0, 0, 0, 0, 0, 0, 0, 0, 0
L2.snoop-latency = 0, 0, 0, 0, 0, 0, 0, 0, 0, 0, 0, 0, 0, 0, 0, 0
L2.store-misses = 20134201, 88103, 1835280, 1682804, 98616, 929770, 1198000, 1242846, 1250911, 1783743, 56335, 1638886, 49200, 14427, 11581, 16288
L2.store-misses-D = 0, 0, 0, 0, 0, 0, 0, 0, 0, 0, 0, 0, 0, 0, 0, 0
L2.store-misses-E = 51544, 9214, 1163000, 1036237, 9052, 567143, 757902, 782359, 789401, 1113403, 5057, 1011746, 4688, 1736, 1429, 2011
L2.store-misses-I = 20082530, 77187, 671799, 645981, 88058, 361825, 439457, 460014, 460985, 669663, 49318, 626548, 43612, 12266, 9775, 13802
L2.store-misses-M = 0, 0, 0, 0, 0, 0, 0, 0, 0, 0, 0, 0, 0, 0, 0, 0
L2.store-misses-O = 0, 0, 0, 0, 0, 0, 0, 0, 0, 0, 0, 0, 0, 0, 0, 0
L2.store-misses-S = 127, 1702, 481, 586, 1506, 802, 641, 473, 525, 677, 1960, 592, 900, 425, 377, 475
L2.store-misses-u = 0, 0, 0, 0, 0, 0, 0, 0, 0, 0, 0, 0, 0, 0, 0, 0
L2.store-overlapping-misses = 1304, 4477, 1043008, 921702, 5086, 505278, 677880, 697097, 700704, 1000414, 2869, 904715, 2575, 774, 668, 1027
L2.stores = 20134201, 88103, 1835280, 1682804, 98616, 929770, 1198000, 1242846, 1250911, 1783743, 56335, 1638886, 49200, 14427, 11581, 16288
L2.stores-D = 0, 0, 0, 0, 0, 0, 0, 0, 0, 0, 0, 0, 0, 0, 0, 0
L2.stores-E = 51544, 9214, 1163000, 1036237, 9052, 567143, 757902, 782359, 789401, 1113403, 5057, 1011746, 4688, 1736, 1429, 2011
L2.stores-I = 20082530, 77187, 671799, 645981, 88058, 361825, 439457, 460014, 460985, 669663, 49318, 626548, 43612, 12266, 9775, 13802
L2.stores-M = 0, 0, 0, 0, 0, 0, 0, 0, 0, 0, 0, 0, 0, 0, 0, 0
L2.stores-O = 0, 0, 0, 0, 0, 0, 0, 0, 0, 0, 0, 0, 0, 0, 0, 0
L2.stores-prefetch = 0, 0, 0, 0, 0, 0, 0, 0, 0, 0, 0, 0, 0, 0, 0, 0
L2.stores-S = 127, 1702, 481, 586, 1506, 802, 641, 473, 525, 677, 1960, 592, 900, 425, 377, 475
L2.stores-u = 0, 0, 0, 0, 0, 0, 0, 0, 0, 0, 0, 0, 0, 0, 0, 0
L2.total-latency = 0, 0, 0, 0, 0, 0, 0, 0, 0, 0, 0, 0, 0, 0, 0, 0
L2.uncore-requests = 20506006, 238611, 2655316, 2544959, 246521, 1278534, 1631100, 1675915, 1688749, 2531050, 143539, 2438957, 122161, 42162, 33521, 46914
L2.uncore-time-dram = 0, 0, 0, 0, 0, 0, 0, 0, 0, 0, 0, 0, 0, 0, 0, 0
L2.uncore-time-dram-bus = 171648044556320, 668551167388, 867406217504, 766549930164, 753914445440, 492960919032, 611198373484, 583811655760, 582041507800, 772838170060, 443835098504, 703777111792, 408423710028, 93480670840, 75703327756, 100805711684
L2.uncore-time-dram-cache = 0, 0, 0, 0, 0, 0, 0, 0, 0, 0, 0, 0, 0, 0, 0, 0
L2.uncore-time-dram-cache-bus = 0, 0, 0, 0, 0, 0, 0, 0, 0, 0, 0, 0, 0, 0, 0, 0
L2.uncore-time-dram-cache-data = 0, 0, 0, 0, 0, 0, 0, 0, 0, 0, 0, 0, 0, 0, 0, 0
L2.uncore-time-dram-cache-queue = 0, 0, 0, 0, 0, 0, 0, 0, 0, 0, 0, 0, 0, 0, 0, 0
L2.uncore-time-dram-cache-tags = 0, 0, 0, 0, 0, 0, 0, 0, 0, 0, 0, 0, 0, 0, 0, 0
L2.uncore-time-dram-device = 916349400000000, 3569085000000, 4630680000000, 4092255000000, 4024800000000, 2631690000000, 3262905000000, 3116700000000, 3107250000000, 4125825000000, 2369430000000, 3757140000000, 2180385000000, 499050000000, 404145000000, 538155000000
L2.uncore-time-dram-queue = -8741361816002279116, 2679451897183, 13918407127678, 6392027168722, 1546167235034, 3521483476885, 8337065191612, 5959278628661, 8095846728116, 7622633876462, 1495415641493, 9953446367923, 1278687409670, 1104111750130, 525770592256, 1089389485627
L2.uncore-time-inv-imbalance = 1777359801, 28361155708, 9581761470, 9203458001, 2340262149, 13055216110, 7071840862, 5666008073, 4350663249, 6367848542, 17531782588, 1103631308, 321772129, 923563642, 494186034, 98324658
L2.uncore-time-noc-base = 529161752056001, 3282671567772, 86336280089534, 75509444852752, 3319353232557, 19683358168537, 24673936132745, 22698965796247, 23525846684555, 38326543314403, 1799344603622, 31090811648265, 2055976531599, 571101238645, 445492333422, 649053920753
L2.uncore-time-noc-queue = 2580395946734749, 2015556819299, 135148491267791, 143575804643485, 2698786652679, 91014633164950, 110937095373779, 121577959953419, 119804035664117, 174238257260896, 1448491613665, 169999653365072, 1238214307139, 271230497228, 211789545612, 293630229500
L2.uncore-time-nuca-bus = 491105964, 5333473793, 51486869411, 48868848535, 5729287476, 34927065570, 42767664896, 43159214310, 43095601058, 51099171306, 2713160427, 47202717049, 2619544260, 928808454, 676606330, 967957222
L2.uncore-time-nuca-data = 427813567952, 453645083936, 7628292529872, 7335343821560, 447206000744, 3631538768368, 4645050146152, 4793076883864, 4831288311048, 7286424623176, 245199445848, 7038354004344, 206073716680, 86504062096, 67259993784, 97554666744
L2.uncore-time-nuca-ecc = 0, 0, 0, 0, 0, 0, 0, 0, 0, 0, 0, 0, 0, 0, 0, 0
L2.uncore-time-nuca-queue = 142386834048, 150983215936, 2538887538112, 2441387470832, 148840126320, 1208663505360, 1545988413456, 1595256452176, 1607970849328, 2425103593264, 81608572304, 2342539088880, 68585874544, 28790071712, 22384826288, 32468658512
L2.uncore-time-nuca-tags = 15417685456704, 173043969822, 1984443635448, 1902210738588, 179048467530, 951852736026, 1215779207220, 1250343790758, 1259736250734, 1890540088272, 100889245674, 1822362046866, 87948673416, 29963842056, 23566864032, 33380375688
L2.uncore-time-remote-cache-inv = 0, 0, 0, 0, 0, 0, 0, 0, 0, 0, 0, 0, 0, 0, 0, 0
L2.uncore-time-remote-cache-wb = 0, 0, 0, 0, 0, 0, 0, 0, 0, 0, 0, 0, 0, 0, 0, 0
L2.uncore-time-td-access = 145386336839670, 1369072093860, 11478376314450, 11082614050980, 1442289973500, 5466660577650, 7786004959980, 7943008364550, 8036541987750, 11270801595600, 853050703680, 10827885303360, 740979528390, 234285184800, 185589806130, 264341507850
L2.uncore-time-unknown = 853494000000, 905040000000, 15218490000000, 14634048000000, 892194000000, 7244974084512, 9266916000000, 9562218000000, 9638490000000, 14536482000000, 489174000000, 14041584000000, 411126000000, 172584000000, 134196000000, 194622000000
L2.uncore-totaltime = -8737002030873767907, 15300795444697, 279810823351270, 267789757983619, 15460669683429, 135895797683000, 172331778304186, 179129444747818, 180536494247755, 262552916541981, 9346683867805, 251625859284859, 8679342067855, 3092953689603, 2097069081644, 3294467838238
ncores = 16
network.shmem-1.mesh.bytes-in = 2379439324, 320790626, 506478444, 501094236, 793782226, 396332860, 423633670, 429708732, 905102976, 495425556, 307461924, 486939584, 783253028, 302004666, 301622522, 303931318
network.shmem-1.mesh.bytes-out = 2586936526, 319369358, 496812770, 491382732, 732005974, 396036824, 423215170, 431561746, 844909476, 488531528, 307427392, 474851676, 724639198, 306176940, 304877046, 308267336
network.shmem-1.mesh.contention-delay = 1937928958834620, 154941546402393, 298497019008886, 274827288510884, 76541629750359, 226611571751808, 245097842211978, 236340076639717, 168803007329668, 290200549865279, 156663128009471, 266303048971088, 88007212941184, 158600376132159, 158931554608586, 153560181517155
network.shmem-1.mesh.link-down.num-requests = 0, 0, 0, 0, 24798701, 3054391, 4795862, 4852059, 22661286, 2520705, 6524026, 6619763, 13560047, 1118307, 1211496, 5778239
network.shmem-1.mesh.link-down.num-requests-analytical = 0, 0, 0, 0, 18059865, 157, 1182, 763, 14487613, 63, 3357, 2793, 9651318, 114, 480, 1846
network.shmem-1.mesh.link-down.total-queue-delay = 0, 0, 0, 0, 148252049473350, 426966315293, 54421937698780, 48783295354346, 24529537022502, 9951270402709, 32171520604455, 21320516889521, 1553733213822, 2330464846727, 2298897288634, 1259341639117
network.shmem-1.mesh.link-down.total-time-used = 0, 0, 0, 0, 75917603074078, 8188320012434, 14637611536828, 14481211795626, 63531800520924, 5767892575206, 20487560355116, 20507536109098, 37494424380586, 3849752656698, 4189340130312, 20928112303642
network.shmem-1.mesh.link-in.num-requests = 43598610, 5464636, 9826615, 9675794, 10759270, 7277707, 7918307, 8040391, 13363614, 9588404, 5206261, 9395713, 10527102, 5071449, 5056463, 5105847
network.shmem-1.mesh.link-in.num-requests-analytical = 35355834, 1230803, 1295652, 1290321, 3607563, 1256982, 1267327, 1268611, 3669763, 1292527, 1230740, 1287102, 1241833, 1231085, 1230737, 1231002
network.shmem-1.mesh.link-in.total-queue-delay = 150594837251851, 7657232318716, 63874731908383, 62093731584931, 1670413097276, 34277188666565, 40771641588612, 41135659918904, 47512591809209, 60868167902755, 7396638395328, 55114015763264, 9886443799611, 7282341162356, 7256101705557, 7310563934183
network.shmem-1.mesh.link-in.total-time-used = 101039981397012, 14929208926856, 22198546647842, 21940317558748, 34331108678876, 18073005411506, 19193474391106, 19536171621290, 38993008873500, 21888023251816, 14408404608854, 21296670261854, 34038503459100, 14383996347966, 14327437615930, 14484634169154
network.shmem-1.mesh.link-left.num-requests = 0, 14861541, 13847138, 8429531, 0, 14384185, 11872952, 7069458, 0, 14657453, 11133588, 8181597, 0, 12152888, 8669002, 4657221
network.shmem-1.mesh.link-left.num-requests-analytical = 0, 8456753, 3684197, 1272526, 0, 8457194, 3671677, 1256612, 0, 8456335, 3666675, 1269913, 0, 8451117, 3655055, 1230927
network.shmem-1.mesh.link-left.total-queue-delay = 0, 1115441212737, 4042137452433, 16525498845412, 0, 1703837504889, 3534954084074, 10081297829970, 0, 1199638637861, 7011935988317, 15776806308790, 0, 1346384108136, 548872886000, 18504419661
network.shmem-1.mesh.link-left.total-time-used = 0, 36988033598430, 32411775694324, 19316513047498, 0, 36384571053782, 29277449171824, 17218887588492, 0, 36643401185926, 27602857940064, 18773411529030, 0, 32399046175792, 23551851198548, 12889152036486
network.shmem-1.mesh.link-out.num-requests = 29377107, 6349890, 8245738, 8307658, 16736792, 7030217, 7318641, 7449962, 17870464, 8116670, 6092019, 7993023, 16620323, 6113338, 6087645, 6166696
network.shmem-1.mesh.link-out.num-requests-analytical = 20507507, 1249923, 1251353, 1250917, 8527090, 1250329, 1251236, 1251114, 10949601, 1251393, 1250190, 1251228, 10946172, 1250278, 1250196, 1250265
network.shmem-1.mesh.link-out.total-queue-delay = 1720295932040537, 817724838843, 66400592212003, 61962074686850, 4789391894445, 62150487575769, 74608057440506, 75762372901048, 76720262459972, 116599659521477, 754224369360, 103413309270345, 710367103837, 94312358622, 76930885630, 144866110738
network.shmem-1.mesh.link-out.total-time-used = 91247430070242, 14998597455372, 22648116984548, 22392666323132, 37251675966688, 18086190029974, 19211379630918, 19447360150156, 41834879889800, 22207667886028, 14412628599354, 21860590417698, 36810800805418, 14190991051076, 14177528127414, 14283989833592
network.shmem-1.mesh.link-right.num-requests = 31781286, 22223630, 13037847, 0, 6656209, 2905150, 2839667, 0, 8800419, 10933748, 3465988, 0, 6462063, 6896143, 6693899, 0
network.shmem-1.mesh.link-right.num-requests-analytical = 24466994, 12310688, 4962263, 0, 2247, 3960, 1836, 0, 28117, 24050, 2578, 0, 2090, 2522, 2141, 0
network.shmem-1.mesh.link-right.total-queue-delay = 1395594230189183, 15523695494116, 1113870163403, 0, 115106903768, 1489633938746, 1104331509238, 0, 10103956284669, 3542186056419, 963027830135, 0, 77088242037, 777888261239, 772713533400, 0
network.shmem-1.mesh.link-right.total-time-used = 69467713183404, 49517592768604, 29108382691098, 0, 23498071157942, 7570552391012, 7227150615106, 0, 27466464287490, 31939494340504, 8308529534816, 0, 23240619061434, 24864897696674, 24280714474018, 0
network.shmem-1.mesh.link-up.num-requests = 22100459, 10712390, 10144915, 10828511, 21713498, 11666020, 7734734, 8956853, 13962443, 6078162, 6052215, 4802410, 0, 0, 0, 0
network.shmem-1.mesh.link-up.num-requests-analytical = 16921015, 3720350, 3720291, 3720744, 12209709, 2507795, 2478852, 2479597, 8520924, 1250263, 1250195, 1238362, 0, 0, 0, 0
network.shmem-1.mesh.link-up.total-queue-delay = 1575681299850, 3175478332655, 1231737640558, 1121865866972, 34387900042577, 25779993573067, 348922837429, 11747326524746, 582615032242, 179817039070, 181303085575, 156916299122, 0, 0, 0, 0
network.shmem-1.mesh.link-up.total-time-used = 53230474815874, 23492793994612, 21501988630802, 23820732674842, 50810604870748, 29879578823888, 15618872401852, 19944131486062, 31108294612546, 14128220972292, 14117946581202, 9335905530548, 0, 0, 0, 0
network.shmem-1.mesh.packets-in = 37176994, 6396263, 8745946, 8824130, 16785263, 7262706, 7616837, 7770738, 18182176, 8579334, 6118142, 8440000, 16642142, 6122843, 6094971, 6174829
network.shmem-1.mesh.packets-out = 51398497, 5511009, 10326823, 10192266, 10807741, 7510196, 8216503, 8361167, 13675326, 10051068, 5232384, 9842690, 10548921, 5080954, 5063789, 5113980
network.shmem-1.mesh.total-delay = 2092470504506454, 178145786967105, 337239014658780, 318684419858050, 137251815106711, 254445086369320, 278064719326830, 274652503929161, 247839520436820, 327414527445993, 183793899294329, 309590760888194, 175481163157400, 188581909692017, 190293910815494, 187523581762397
nuca-cache-queue.num-requests = 3131282, 3100566, 3023120, 3139145, 3019548, 2963145, 2963071, 3033100, 2982364, 2999039, 2957314, 2968478, 3002835, 3027995, 3014909, 3064503
nuca-cache-queue.num-requests-analytical = 9967, 12465, 12473, 12522, 13052, 12572, 12539, 12576, 13023, 12563, 12523, 12580, 12975, 12554, 12519, 12583
nuca-cache-queue.total-queue-delay = 25956132669, 28999733375, 31527418881, 39533521527, 23887623957, 26389542376, 29219391823, 30602038322, 27886770595, 28004050447, 20371145114, 28044990749, 22388599106, 23255919912, 22859608934, 25227495189
nuca-cache-queue.total-time-used = 3134338131232, 3103592152416, 3026070565120, 3142208805520, 3022495078848, 2966037029520, 2965962957296, 3036060305600, 2985274787264, 3001966062064, 2960200338464, 2971375234528, 3005765766960, 3030950323120, 3017851551184, 3067493954928
nuca-cache.access-mru-0 = 2324984, 2302891, 2229884, 2342956, 2238006, 2192564, 2192880, 2257796, 2204980, 2220752, 2185728, 2189119, 2221089, 2243735, 2234134, 2281515
nuca-cache.access-mru-1 = 384514, 376929, 368620, 382651, 369084, 361008, 360267, 367967, 366083, 366650, 361766, 363160, 367089, 369395, 368275, 371891
nuca-cache.access-mru-10 = 6592, 6583, 6844, 6091, 6124, 6074, 6108, 6079, 6087, 6154, 6124, 6211, 6165, 6054, 6215, 6136
nuca-cache.access-mru-11 = 5594, 5710, 5896, 5471, 5386, 5321, 5364, 5372, 5415, 5362, 5391, 5375, 5330, 5456, 5386, 5406
nuca-cache.access-mru-12 = 4922, 4933, 5114, 4673, 4675, 4734, 4709, 4681, 4670, 4638, 4616, 4685, 4623, 4638, 4641, 4637
nuca-cache.access-mru-13 = 4469, 4428, 4528, 4110, 4155, 4124, 4143, 4227, 4149, 4176, 4213, 4283, 4313, 4243, 4208, 4220
nuca-cache.access-mru-14 = 4200, 4214, 4292, 4044, 4079, 4011, 4112, 4084, 4041, 4078, 4057, 4226, 4040, 4128, 4177, 4091
nuca-cache.access-mru-15 = 3806, 3870, 3875, 3757, 3675, 3708, 3610, 3650, 3629, 3652, 3690, 3740, 3686, 3645, 3673, 3620
nuca-cache.access-mru-2 = 176789, 175264, 173929, 175175, 173882, 171747, 171280, 171918, 172632, 172997, 172351, 173940, 174640, 174766, 173236, 173537
nuca-cache.access-mru-3 = 92824, 92455, 93727, 91531, 92269, 91523, 91576, 90446, 92105, 92300, 91469, 93485, 92710, 92341, 92028, 90861
nuca-cache.access-mru-4 = 51789, 51559, 52445, 50570, 51014, 50887, 51024, 50061, 51095, 50968, 50871, 51418, 51102, 51360, 50951, 50770
nuca-cache.access-mru-5 = 27577, 27818, 28343, 27015, 26659, 26810, 27318, 26629, 27040, 26808, 26717, 27350, 27267, 27144, 26979, 26973
nuca-cache.access-mru-6 = 16524, 16781, 17372, 15738, 15601, 15622, 15610, 15379, 15364, 15539, 15478, 15889, 15671, 15800, 15871, 15647
nuca-cache.access-mru-7 = 10779, 10886, 11401, 10193, 9934, 10027, 10163, 9938, 10081, 10223, 10051, 10380, 10194, 10256, 10142, 10167
nuca-cache.access-mru-8 = 9017, 9222, 9544, 8671, 8600, 8570, 8426, 8479, 8526, 8340, 8417, 8703, 8528, 8526, 8535, 8595
nuca-cache.access-mru-9 = 6902, 7023, 7306, 6499, 6405, 6415, 6481, 6394, 6467, 6402, 6375, 6514, 6388, 6508, 6458, 6437
nuca-cache.read-misses = 1332109, 1332068, 1332615, 1331294, 1331495, 1331356, 1331215, 1331303, 1331335, 1331195, 1331283, 1331371, 1331287, 1331328, 1331121, 1331156
nuca-cache.reads = 2415189, 2396133, 2353789, 2454587, 2352388, 2307919, 2310214, 2364738, 2325448, 2336496, 2304937, 2315022, 2344418, 2361070, 2343362, 2383760
nuca-cache.write-misses = 1332260, 1332176, 1332730, 1331374, 1331574, 1331449, 1331307, 1331399, 1331429, 1331288, 1331383, 1331484, 1331358, 1331396, 1331208, 1331233
nuca-cache.writes = 3380462, 3368677, 3334676, 3347226, 3330229, 3318031, 3315379, 3331064, 3319680, 3325026, 3315043, 3316311, 3321062, 3329649, 3333876, 3343132
performance_model.cpiDTLBMiss = 0, 0, 0, 0, 0, 0, 0, 0, 0, 0, 0, 0, 0, 0, 0, 0
performance_model.cpiFastforwardTime = 0, 0, 0, 0, 0, 0, 0, 0, 0, 0, 0, 0, 0, 0, 0, 0
performance_model.cpiITLBMiss = 0, 0, 0, 0, 0, 0, 0, 0, 0, 0, 0, 0, 0, 0, 0, 0
performance_model.cpiRecv = 0, 0, 0, 0, 0, 0, 0, 0, 0, 0, 0, 0, 0, 0, 0, 0
performance_model.cpiStartTime = 0, 397869358236645, 397869781168020, 397869992069799, 397870081543281, 397870537181349, 397870642820208, 397870777406370, 397871086052289, 397871304472848, 397871424397389, 397871656351752, 397871815373949, 397872102967284, 397872257478213, 397872383417778
performance_model.cpiSyncDvfsTransition = 0, 0, 0, 0, 0, 0, 0, 0, 0, 0, 0, 0, 0, 0, 0, 0
performance_model.cpiSyncFutex = 96660718026009, 5382766904328, 511452621593, 821004555843, 55063533691, 503088348002, 521832668802, 1051231846037, 431897160031, 642339163374, 1348583866619, 1544431116384, 2365489087205, 10308035794143, 10764668225318, 10116828336056
performance_model.cpiSyncJoin = 0, 0, 0, 0, 0, 0, 0, 0, 0, 0, 0, 0, 0, 0, 0, 0
performance_model.cpiSyncMemAccess = 0, 0, 0, 0, 0, 0, 0, 0, 0, 0, 0, 0, 0, 0, 0, 0
performance_model.cpiSyncPause = 0, 0, 0, 0, 0, 0, 0, 0, 0, 0, 0, 0, 0, 0, 0, 0
performance_model.cpiSyncPthreadBarrier = 0, 0, 0, 0, 0, 0, 0, 0, 0, 0, 0, 0, 0, 0, 0, 0
performance_model.cpiSyncPthreadCond = 0, 0, 0, 0, 0, 0, 0, 0, 0, 0, 0, 0, 0, 0, 0, 0
performance_model.cpiSyncPthreadMutex = 0, 0, 0, 0, 0, 0, 0, 0, 0, 0, 0, 0, 0, 0, 0, 0
performance_model.cpiSyncSleep = 0, 0, 0, 0, 0, 0, 0, 0, 0, 0, 0, 0, 0, 0, 0, 0
performance_model.cpiSyncSyscall = 311182122, 0, 0, 0, 0, 0, 0, 0, 0, 0, 0, 0, 0, 0, 0, 0
performance_model.cpiSyncUnscheduled = 0, 843604856, 1428185481, 3461639532, 2873677716, 2757881724, 2036454783, 3751117082, 4063144192, 3161268791, 1113150859, 3404499064, 1934958033, 1510898841, 2470671108, 2591723466
performance_model.cpiUnknown = 389872427157, 0, 0, 0, 0, 0, 0, 0, 0, 0, 0, 0, 0, 0, 0, 0
performance_model.cycle_count = 1319961441.66, 1120848662.94, 1314479853.05, 1315550385.63, 1119965940.95, 1177011242.71, 1206024452.14, 1211475537.83, 1211195682.47, 1310213773.69, 1095963167.04, 1312560505.39, 1096014612.94, 1092105111.76, 1091968970.08, 1092416878.07
performance_model.dyninsn_cost = 0, 0, 0, 0, 0, 0, 0, 0, 0, 0, 0, 0, 0, 0, 0, 0
performance_model.dyninsn_count = 0, 0, 0, 0, 0, 0, 0, 0, 0, 0, 0, 0, 0, 0, 0, 0
performance_model.dyninsn_zero_count = 0, 0, 0, 0, 0, 0, 0, 0, 0, 0, 0, 0, 0, 0, 0, 0
performance_model.elapsed_time = 496226105888265, 421371677797454, 494165358287666, 494567814147291, 421039827424138, 442485429589067, 453392651181552, 455441931514834, 455336722732310, 492561569055095, 412016228212146, 493443799020658, 412035568774460, 410565831490050, 410514650407232, 410683036868783
performance_model.elapsed_time_begin = 0, 0, 0, 0, 0, 0, 0, 0, 0, 0, 0, 0, 0, 0, 0, 0
performance_model.elapsed_time_end = 496226105888265, 421371677797454, 494165358287666, 494567814147291, 421039827424138, 442485429589067, 453392651181552, 455441931514834, 455336722732310, 492561569055095, 412016228212146, 493443799020658, 412035568774460, 410565831490050, 410514650407232, 410683036868783
performance_model.idle_elapsed_time = 96661029208131, 403252968745829, 398382661975094, 398694458265174, 397928018754688, 398376383411075, 398394511943793, 398925760369489, 398307046356512, 398516804905013, 399221121414867, 399419491967200, 400239239419187, 408181649660268, 408639396374639, 407991803477300
performance_model.instruction_count = 131564025, 81171432, 233844896, 230429009, 84530422, 126685287, 144477427, 145028583, 146257590, 234225955, 49085849, 224265309, 41579791, 14180240, 11080514, 15747754
pthread.pthread_barrier_wait_count = 0, 0, 0, 0, 0, 0, 0, 0, 0, 0, 0, 0, 0, 0, 0, 0
pthread.pthread_barrier_wait_delay_mem = 0, 0, 0, 0, 0, 0, 0, 0, 0, 0, 0, 0, 0, 0, 0, 0
pthread.pthread_barrier_wait_delay_sync = 0, 0, 0, 0, 0, 0, 0, 0, 0, 0, 0, 0, 0, 0, 0, 0
pthread.pthread_cond_broadcast_count = 0, 0, 0, 0, 0, 0, 0, 0, 0, 0, 0, 0, 0, 0, 0, 0
pthread.pthread_cond_broadcast_delay_mem = 0, 0, 0, 0, 0, 0, 0, 0, 0, 0, 0, 0, 0, 0, 0, 0
pthread.pthread_cond_broadcast_delay_sync = 0, 0, 0, 0, 0, 0, 0, 0, 0, 0, 0, 0, 0, 0, 0, 0
pthread.pthread_cond_signal_count = 0, 0, 0, 0, 0, 0, 0, 0, 0, 0, 0, 0, 0, 0, 0, 0
pthread.pthread_cond_signal_delay_mem = 0, 0, 0, 0, 0, 0, 0, 0, 0, 0, 0, 0, 0, 0, 0, 0
pthread.pthread_cond_signal_delay_sync = 0, 0, 0, 0, 0, 0, 0, 0, 0, 0, 0, 0, 0, 0, 0, 0
pthread.pthread_cond_wait_count = 0, 0, 0, 0, 0, 0, 0, 0, 0, 0, 0, 0, 0, 0, 0, 0
pthread.pthread_cond_wait_delay_mem = 0, 0, 0, 0, 0, 0, 0, 0, 0, 0, 0, 0, 0, 0, 0, 0
pthread.pthread_cond_wait_delay_sync = 0, 0, 0, 0, 0, 0, 0, 0, 0, 0, 0, 0, 0, 0, 0, 0
pthread.pthread_mutex_lock_contended = 0, 0, 0, 0, 0, 0, 0, 0, 0, 0, 0, 0, 0, 0, 0, 0
pthread.pthread_mutex_lock_count = 0, 0, 0, 0, 0, 0, 0, 0, 0, 0, 0, 0, 0, 0, 0, 0
pthread.pthread_mutex_lock_delay_mem = 0, 0, 0, 0, 0, 0, 0, 0, 0, 0, 0, 0, 0, 0, 0, 0
pthread.pthread_mutex_lock_delay_sync = 0, 0, 0, 0, 0, 0, 0, 0, 0, 0, 0, 0, 0, 0, 0, 0
pthread.pthread_mutex_trylock_count = 0, 0, 0, 0, 0, 0, 0, 0, 0, 0, 0, 0, 0, 0, 0, 0
pthread.pthread_mutex_trylock_delay_mem = 0, 0, 0, 0, 0, 0, 0, 0, 0, 0, 0, 0, 0, 0, 0, 0
pthread.pthread_mutex_trylock_delay_sync = 0, 0, 0, 0, 0, 0, 0, 0, 0, 0, 0, 0, 0, 0, 0, 0
pthread.pthread_mutex_unlock_contended = 0, 0, 0, 0, 0, 0, 0, 0, 0, 0, 0, 0, 0, 0, 0, 0
pthread.pthread_mutex_unlock_count = 0, 0, 0, 0, 0, 0, 0, 0, 0, 0, 0, 0, 0, 0, 0, 0
pthread.pthread_mutex_unlock_delay_mem = 0, 0, 0, 0, 0, 0, 0, 0, 0, 0, 0, 0, 0, 0, 0, 0
pthread.pthread_mutex_unlock_delay_sync = 0, 0, 0, 0, 0, 0, 0, 0, 0, 0, 0, 0, 0, 0, 0, 0
pthread_locks_contended = 0.0
roi.instrs = 1915191470
roi.ipscore = 19848.320725
roi.ipstotal = 317573.1316
roi.walltime = 6030.71003
stlb.access = 333699, 5943, 16959, 17017, 4998, 9132, 11233, 11723, 12190, 17321, 2799, 24026, 2553, 1198, 996, 1440
stlb.miss = 329097, 3574, 4642, 4143, 2435, 2695, 3105, 2961, 2935, 3955, 1737, 3717, 1302, 758, 664, 853
stlb_cache.access-mru-0 = 1308, 643, 3116, 2536, 680, 1307, 2131, 2099, 2206, 2980, 339, 2845, 422, 169, 117, 203
stlb_cache.access-mru-1 = 1352, 649, 6640, 7416, 917, 3918, 3913, 4528, 4957, 7555, 331, 13203, 369, 118, 108, 156
stlb_cache.access-mru-2 = 949, 609, 1370, 1618, 583, 740, 1097, 1125, 1124, 1644, 226, 1724, 255, 104, 58, 138
stlb_cache.access-mru-3 = 993, 468, 1191, 1304, 383, 472, 987, 1010, 968, 1187, 166, 2537, 205, 49, 49, 90
syscall.stderr-bytes = 0, 0, 0, 0, 0, 0, 0, 0, 0, 0, 0, 0, 0, 0, 0, 0
syscall.stdout-bytes = 149, 0, 0, 0, 0, 0, 0, 0, 0, 0, 0, 0, 0, 0, 0, 0
thread.bottle_contrib_time = 399530425070581, 657902710222, 909745893012, 851736702984, 606831699650, 324602260474, 367776629962, 287293572178, 329206159366, 177193257014, 263621637516, 366517327114, 236868433822, 87706645551, 73978252649, 110501388711, 190351745156, 1043545128715, 458093404, 320859841, 250424781, 458036622085, 285984889, 163603788, 151542506, 576084258469, 168722599, 194028714, 160679887, 511203103237, 124797361, 106297602, 670845786, 12962973575720, 13308758455854, 12263317928734, 12526479996258, 3715465135481, 3624881750153, 3095049886977, 3270466780907, 3350867775189, 3718964236957, 3382544703329, 3282437232050, 2309733365182, 2434156565942, 2401472488829, 2614040442573
thread.bottle_runtime_time = 399563116910127, 14782780536775, 20557922611001, 19448963338819, 14167098471833, 9273813589180, 10119634163952, 8191619328003, 9041017804638, 4525866298268, 6048826976324, 9579017261536, 5365681847194, 2386875065818, 1875316073828, 2693792424076, 5462116095938, 23155586507581, 8098480198, 5781939560, 5230443827, 11116274546423, 5892091947, 2786457608, 2496986838, 14069087444523, 3471416206, 4467659076, 3837587572, 12634578647405, 3180068001, 2760896016, 9734562206, 95782588800798, 95289275251775, 93498996586527, 93778132048165, 59541818825424, 58858661722746, 53805668624478, 55596735627029, 57025689923162, 59595461935013, 55736131557115, 54896218415469, 44103178524340, 45989535915298, 45487602839143, 48234125201157
thread.elapsed_time = 496226100000000, 23501241763355, 26096818831980, 25149507930201, 23169718456719, 11681762818651, 12142457179792, 12798522593630, 12505813947711, 14109595527152, 14144775602611, 15996143648248, 14163684626051, 12693697032716, 12642342521787, 12810616582222, 12643942522917, 23156550042601, 7548539071, 6738765109, 5907562850, 11117163202274, 6618465759, 6655684172, 6633879936, 14069310948109, 4111325178, 4715461185, 3738770081, 12636912079316, 3370350539, 2831253561, 9590652601, 96285180883159, 96687400808604, 94681726373360, 95563609080844, 60418441036337, 59948538029277, 55511908706261, 57560980511288, 57455386903155, 60419368106657, 58877516227527, 58090810212955, 44603168108239, 46722559838485, 46537245553481, 49411689539022
thread.instruction_count = 131562399, 49663604, 3454112, 11003772, 21488615, 24488300, 9611761, 4314209, 6225373, 8630037, 17290004, 8055653, 8736559, 14176667, 11075298, 15742563, 2308648, 63041807, 2828, 2447, 3505, 32843228, 3467, 1666, 1656, 31507828, 3476, 2374, 2354, 31795845, 3468, 3429, 1533, 132882338, 146927896, 151451723, 147712569, 51246696, 70188680, 77422900, 83126479, 80381456, 74141735, 68493425, 46261750, 102193403, 57440286, 57585045, 59648206
thread.instructions_by_core[0] = 131562399, 0, 0, 0, 0, 0, 0, 0, 0, 0, 0, 0, 0, 0, 0, 0, 0, 0, 0, 0, 0, 0, 0, 0, 0, 0, 0, 0, 0, 0, 0, 0, 1533
thread.instructions_by_core[10] = 0, 0, 0, 0, 0, 0, 0, 0, 0, 0, 17290004, 0, 0, 0, 0, 0, 0, 0, 0, 0, 0, 0, 0, 0, 0, 0, 0, 0, 0, 31795845
thread.instructions_by_core[11] = 0, 0, 0, 0, 0, 0, 0, 0, 0, 0, 0, 8055653, 0, 0, 0, 0, 0, 0, 0, 0, 3505, 0, 0, 0, 0, 0, 0, 0, 0, 0, 0, 0, 0, 0, 0, 0, 147712569, 0, 0, 0, 0, 0, 0, 68493425
thread.instructions_by_core[12] = 0, 0, 0, 0, 0, 0, 0, 0, 0, 0, 0, 0, 8736559, 0, 0, 0, 0, 0, 0, 0, 0, 32843228
thread.instructions_by_core[13] = 0, 0, 0, 0, 0, 0, 0, 0, 0, 0, 0, 0, 0, 14176667, 0, 0, 0, 0, 0, 0, 0, 0, 3467
thread.instructions_by_core[14] = 0, 0, 0, 0, 0, 0, 0, 0, 0, 0, 0, 0, 0, 0, 11075298, 0, 0, 0, 0, 0, 0, 0, 0, 1666, 0, 0, 0, 0, 0, 0, 3468
thread.instructions_by_core[15] = 0, 0, 0, 0, 0, 0, 0, 0, 0, 0, 0, 0, 0, 0, 0, 15742563, 0, 0, 0, 0, 0, 0, 0, 0, 1656, 0, 0, 0, 0, 0, 0, 3429
thread.instructions_by_core[1] = 0, 49663604, 0, 0, 0, 0, 0, 0, 0, 0, 0, 0, 0, 0, 0, 0, 0, 0, 0, 0, 0, 0, 0, 0, 0, 31507828
thread.instructions_by_core[2] = 0, 0, 3454112, 0, 0, 0, 0, 0, 0, 0, 0, 0, 0, 0, 0, 0, 0, 0, 0, 0, 0, 0, 0, 0, 0, 0, 0, 0, 0, 0, 0, 0, 0, 132882338, 0, 0, 0, 51246696, 0, 0, 0, 0, 0, 0, 46261750
thread.instructions_by_core[3] = 0, 0, 0, 11003772, 0, 0, 0, 0, 0, 0, 0, 0, 0, 0, 0, 0, 2308648, 0, 0, 0, 0, 0, 0, 0, 0, 0, 0, 0, 0, 0, 0, 0, 0, 0, 146927896, 0, 0, 0, 70188680
thread.instructions_by_core[4] = 0, 0, 0, 0, 21488615, 0, 0, 0, 0, 0, 0, 0, 0, 0, 0, 0, 0, 63041807
thread.instructions_by_core[5] = 0, 0, 0, 0, 0, 24488300, 0, 0, 0, 0, 0, 0, 0, 0, 0, 0, 0, 0, 0, 0, 0, 0, 0, 0, 0, 0, 3476, 0, 0, 0, 0, 0, 0, 0, 0, 0, 0, 0, 0, 0, 0, 0, 0, 0, 0, 102193403
thread.instructions_by_core[6] = 0, 0, 0, 0, 0, 0, 9611761, 0, 0, 0, 0, 0, 0, 0, 0, 0, 0, 0, 0, 0, 0, 0, 0, 0, 0, 0, 0, 2374, 0, 0, 0, 0, 0, 0, 0, 0, 0, 0, 0, 77422900, 0, 0, 0, 0, 0, 0, 57440286
thread.instructions_by_core[7] = 0, 0, 0, 0, 0, 0, 0, 4314209, 0, 0, 0, 0, 0, 0, 0, 0, 0, 0, 2828, 0, 0, 0, 0, 0, 0, 0, 0, 0, 0, 0, 0, 0, 0, 0, 0, 0, 0, 0, 0, 0, 83126479, 0, 0, 0, 0, 0, 0, 57585045
thread.instructions_by_core[8] = 0, 0, 0, 0, 0, 0, 0, 0, 6225373, 0, 0, 0, 0, 0, 0, 0, 0, 0, 0, 2447, 0, 0, 0, 0, 0, 0, 0, 0, 0, 0, 0, 0, 0, 0, 0, 0, 0, 0, 0, 0, 0, 80381456, 0, 0, 0, 0, 0, 0, 59648206
thread.instructions_by_core[9] = 0, 0, 0, 0, 0, 0, 0, 0, 0, 8630037, 0, 0, 0, 0, 0, 0, 0, 0, 0, 0, 0, 0, 0, 0, 0, 0, 0, 0, 2354, 0, 0, 0, 0, 0, 0, 151451723, 0, 0, 0, 0, 0, 0, 74141735
thread.nonidle_cycle_count = 1062837885, 22222179, 1550137, 5012534, 9669435, 11098483, 4289962, 1957467, 2832706, 3881294, 7756721, 3838642, 3974898, 6326898, 4975253, 7146868, 1166226, 51807975, 17453, 10093, 9630, 27403221, 14951, 3929, 4139, 25973586, 8329, 10004, 10049, 26278262, 8965, 7598, 5101, 151266093, 172212324, 168282927, 172066663, 54070943, 76631902, 81900752, 87846350, 85235142, 77984551, 74189477, 47894797, 106223088, 60094267, 60511400, 63620765
thread.nonidle_elapsed_time = 399563115030432, 8354202923970, 582758457399, 1884411530694, 3635125995123, 4172362374951, 1612767783708, 735890066208, 1064927292507, 1459133168517, 2916060702921, 1443098618289, 1494322562673, 2378533346307, 1870396148835, 2686792800015, 438430964031, 19476682674327, 6561639306, 3794728266, 3620668509, 10301962807737, 5621039928, 1477440270, 1556387460, 9764506127655, 3131571870, 3761269695, 3778186950, 9879046094358, 3370669074, 2856760461, 1918040778, 56866952307465, 64741475488446, 63264258526212, 64686715461828, 20327422480974, 28808986019364, 30789756730782, 33024943784511, 32043286604565, 29317500659592, 27890780951655, 18005563066734, 39933492080931, 22591829769417, 22748646708243, 23917580908551
thread.time_by_core[0] = 399563115030432, 0, 0, 0, 0, 0, 0, 0, 0, 0, 0, 0, 0, 0, 0, 0, 0, 0, 0, 0, 0, 0, 0, 0, 0, 0, 0, 0, 0, 0, 0, 0, 1918040778
thread.time_by_core[10] = 0, 0, 0, 0, 0, 0, 0, 0, 0, 0, 2916060702921, 0, 0, 0, 0, 0, 0, 0, 0, 0, 0, 0, 0, 0, 0, 0, 0, 0, 0, 9879046094358
thread.time_by_core[11] = 0, 0, 0, 0, 0, 0, 0, 0, 0, 0, 0, 1443098618289, 0, 0, 0, 0, 0, 0, 0, 0, 3620668509, 0, 0, 0, 0, 0, 0, 0, 0, 0, 0, 0, 0, 0, 0, 0, 64686715461828, 0, 0, 0, 0, 0, 0, 27890780951655
thread.time_by_core[12] = 0, 0, 0, 0, 0, 0, 0, 0, 0, 0, 0, 0, 1494322562673, 0, 0, 0, 0, 0, 0, 0, 0, 10301962807737
thread.time_by_core[13] = 0, 0, 0, 0, 0, 0, 0, 0, 0, 0, 0, 0, 0, 2378533346307, 0, 0, 0, 0, 0, 0, 0, 0, 5621039928
thread.time_by_core[14] = 0, 0, 0, 0, 0, 0, 0, 0, 0, 0, 0, 0, 0, 0, 1870396148835, 0, 0, 0, 0, 0, 0, 0, 0, 1477440270, 0, 0, 0, 0, 0, 0, 3370669074
thread.time_by_core[15] = 0, 0, 0, 0, 0, 0, 0, 0, 0, 0, 0, 0, 0, 0, 0, 2686792800015, 0, 0, 0, 0, 0, 0, 0, 0, 1556387460, 0, 0, 0, 0, 0, 0, 2856760461
thread.time_by_core[1] = 0, 8354202923970, 0, 0, 0, 0, 0, 0, 0, 0, 0, 0, 0, 0, 0, 0, 0, 0, 0, 0, 0, 0, 0, 0, 0, 9764506127655
thread.time_by_core[2] = 0, 0, 582758457399, 0, 0, 0, 0, 0, 0, 0, 0, 0, 0, 0, 0, 0, 0, 0, 0, 0, 0, 0, 0, 0, 0, 0, 0, 0, 0, 0, 0, 0, 0, 56866952307465, 0, 0, 0, 20327422480974, 0, 0, 0, 0, 0, 0, 18005563066734
thread.time_by_core[3] = 0, 0, 0, 1884411530694, 0, 0, 0, 0, 0, 0, 0, 0, 0, 0, 0, 0, 438430964031, 0, 0, 0, 0, 0, 0, 0, 0, 0, 0, 0, 0, 0, 0, 0, 0, 0, 64741475488446, 0, 0, 0, 28808986019364
thread.time_by_core[4] = 0, 0, 0, 0, 3635125995123, 0, 0, 0, 0, 0, 0, 0, 0, 0, 0, 0, 0, 19476682674327
thread.time_by_core[5] = 0, 0, 0, 0, 0, 4172362374951, 0, 0, 0, 0, 0, 0, 0, 0, 0, 0, 0, 0, 0, 0, 0, 0, 0, 0, 0, 0, 3131571870, 0, 0, 0, 0, 0, 0, 0, 0, 0, 0, 0, 0, 0, 0, 0, 0, 0, 0, 39933492080931
thread.time_by_core[6] = 0, 0, 0, 0, 0, 0, 1612767783708, 0, 0, 0, 0, 0, 0, 0, 0, 0, 0, 0, 0, 0, 0, 0, 0, 0, 0, 0, 0, 3761269695, 0, 0, 0, 0, 0, 0, 0, 0, 0, 0, 0, 30789756730782, 0, 0, 0, 0, 0, 0, 22591829769417
thread.time_by_core[7] = 0, 0, 0, 0, 0, 0, 0, 735890066208, 0, 0, 0, 0, 0, 0, 0, 0, 0, 0, 6561639306, 0, 0, 0, 0, 0, 0, 0, 0, 0, 0, 0, 0, 0, 0, 0, 0, 0, 0, 0, 0, 0, 33024943784511, 0, 0, 0, 0, 0, 0, 22748646708243
thread.time_by_core[8] = 0, 0, 0, 0, 0, 0, 0, 0, 1064927292507, 0, 0, 0, 0, 0, 0, 0, 0, 0, 0, 3794728266, 0, 0, 0, 0, 0, 0, 0, 0, 0, 0, 0, 0, 0, 0, 0, 0, 0, 0, 0, 0, 0, 32043286604565, 0, 0, 0, 0, 0, 0, 23917580908551
thread.time_by_core[9] = 0, 0, 0, 0, 0, 0, 0, 0, 0, 1459133168517, 0, 0, 0, 0, 0, 0, 0, 0, 0, 0, 0, 0, 0, 0, 0, 0, 0, 0, 3778186950, 0, 0, 0, 0, 0, 0, 63264258526212, 0, 0, 0, 0, 0, 0, 29317500659592
thread.unscheduled_time = 96662988978138, 15141921119302, 25512110828076, 23261032794008, 19532500489767, 7507558730502, 10526738311759, 12062606544913, 11437888043547, 12647450853441, 11227599788212, 14549296301205, 12669209661079, 10311194800520, 10769832494841, 10118860650990, 12201532201171, 3629017966075, 0, 2955636938, 1326315052, 793402842811, 0, 4998489464, 5096231344, 4277038492469, 0, 0, 0, 2727030393928, 0, 0, 7677050319, 39417919037643, 31946035955196, 31417645039507, 30877057230217, 40091603435262, 31139561695740, 24721745162305, 24536939444068, 25411634304707, 31101796662626, 30987414791195, 40085171117107, 4669564129598, 24131245498900, 23787731846037, 25494730765498
time.walltime = 6030710030, 0, 0, 0, 0, 0, 0, 0, 0, 0, 0, 0, 0, 0, 0, 0
vmem = 4508147712
walltime = 6031.29118705
