barrier.global_time = 1057849800000000, 0, 0, 0, 0, 0, 0, 0, 0, 0, 0, 0, 0, 0, 0, 0
barrier.global_time_begin = 0, 0, 0, 0, 0, 0, 0, 0, 0, 0, 0, 0, 0, 0, 0, 0
barrier.global_time_end = 1057849800000000, 0, 0, 0, 0, 0, 0, 0, 0, 0, 0, 0, 0, 0, 0, 0
branch_predictor.num-correct = 159880150, 958376, 1911261, 952387, 953846, 958594, 953075, 954372, 948827, 952114, 948138, 954298, 949171, 952999, 959039, 955054
branch_predictor.num-incorrect = 14728047, 69615, 140899, 69559, 69536, 70813, 69969, 69715, 69356, 70335, 71446, 70846, 69034, 69081, 70480, 71013
core.instructions = 1282531573, 16350943, 32606969, 16235807, 16261533, 16342883, 16272855, 16278889, 16181575, 16263126, 16164852, 16257213, 16180909, 16243650, 16353531, 16273593
core.spin_elapsed_time = 0, 0, 0, 0, 0, 0, 0, 0, 0, 0, 0, 0, 0, 0, 0, 0
core.spin_instructions = 0, 0, 0, 0, 0, 0, 0, 0, 0, 0, 0, 0, 0, 0, 0, 0
core.spin_loops = 0, 0, 0, 0, 0, 0, 0, 0, 0, 0, 0, 0, 0, 0, 0, 0
corefreq = 2660000000.0, 2660000000.0, 2660000000.0, 2660000000.0, 2660000000.0, 2660000000.0, 2660000000.0, 2660000000.0, 2660000000.0, 2660000000.0, 2660000000.0, 2660000000.0, 2660000000.0, 2660000000.0, 2660000000.0, 2660000000.0
directory.entries-allocated = 65536, 65536, 65536, 65536, 65536, 65536, 65536, 65536, 65536, 65536, 65536, 65536, 65536, 65536, 65536, 65536
directory.evict-E = 0, 793, 2, 0, 0, 0, 0, 0, 0, 0, 0, 0, 0, 0, 0, 0
directory.evict-M = 0, 49, 0, 0, 0, 0, 0, 0, 0, 0, 0, 0, 0, 0, 0, 0
directory.evict-O = 0, 0, 0, 0, 0, 0, 0, 0, 0, 0, 0, 0, 0, 0, 0, 0
directory.evict-S = 0, 0, 0, 0, 0, 0, 0, 0, 0, 0, 0, 0, 0, 0, 0, 0
directory.forward = 0, 0, 0, 0, 0, 0, 0, 0, 0, 0, 0, 0, 0, 0, 0, 0
directory.forward-failed = 0, 0, 0, 0, 0, 0, 0, 0, 0, 0, 0, 0, 0, 0, 0, 0
dram-queue.num-requests = 1388686, 0, 0, 0, 1384442, 0, 0, 0, 1386427, 0, 0, 0, 1388282, 0, 0, 0
dram-queue.num-requests-analytical = 0, 0, 0, 0, 0, 0, 0, 0, 0, 0, 0, 0, 0, 0, 0, 0
dram-queue.total-queue-delay = 734953868786, 0, 0, 0, 652103091229, 0, 0, 0, 647170612035, 0, 0, 0, 655729488164, 0, 0, 0
dram-queue.total-time-used = 11705617571336, 0, 0, 0, 11669843723992, 0, 0, 0, 11686575836852, 0, 0, 0, 11702212143832, 0, 0, 0
dram.reads = 901297, 0, 0, 0, 898522, 0, 0, 0, 901050, 0, 0, 0, 901138, 0, 0, 0
dram.total-access-latency = 74931441440122, 0, 0, 0, 74621836815221, 0, 0, 0, 74722961448887, 0, 0, 0, 74830631631996, 0, 0, 0
dram.total-queueing-delay = 734953868786, 0, 0, 0, 652103091229, 0, 0, 0, 647170612035, 0, 0, 0, 655729488164, 0, 0, 0
dram.writes = 487389, 0, 0, 0, 485920, 0, 0, 0, 485377, 0, 0, 0, 487144, 0, 0, 0
dtlb.access = 531205016, 5635882, 11236895, 5597493, 5605147, 5630796, 5609324, 5611746, 5578548, 5604131, 5570192, 5603087, 5579466, 5599152, 5631902, 5606554
dtlb.miss = 13115126, 374845, 740395, 366390, 376378, 377777, 375264, 373546, 359817, 365383, 357627, 369091, 364185, 367724, 376348, 375258
dtlb_cache.access-mru-0 = 465938596, 4370146, 8719571, 4304969, 4222593, 4242846, 4329040, 4332969, 4354759, 4366343, 4347062, 4354207, 4347109, 4310031, 4340586, 4226313
dtlb_cache.access-mru-1 = 40940183, 590740, 1159881, 630516, 678150, 680108, 588492, 609923, 567424, 571936, 570893, 583804, 572132, 620585, 617634, 678273
dtlb_cache.access-mru-2 = 7657762, 197214, 406812, 194413, 221668, 223354, 209149, 192613, 196329, 198079, 194247, 193454, 194350, 199476, 194931, 220894
dtlb_cache.access-mru-3 = 3553349, 102937, 210236, 101205, 106358, 106711, 107379, 102695, 100219, 102390, 100363, 102531, 101690, 101336, 102403, 105816
fastforward_performance_model.fastforwarded_time = 0, 0, 0, 0, 0, 0, 0, 0, 0, 0, 0, 0, 0, 0, 0, 0
fastforward_timer.cpiBase = 0, 0, 0, 0, 0, 0, 0, 0, 0, 0, 0, 0, 0, 0, 0, 0
fastforward_timer.cpiBranchPredictor = 0, 0, 0, 0, 0, 0, 0, 0, 0, 0, 0, 0, 0, 0, 0, 0
fastforward_timer.cpiDataCachecache-remote = 0, 0, 0, 0, 0, 0, 0, 0, 0, 0, 0, 0, 0, 0, 0, 0
fastforward_timer.cpiDataCachedram = 0, 0, 0, 0, 0, 0, 0, 0, 0, 0, 0, 0, 0, 0, 0, 0
fastforward_timer.cpiDataCachedram-cache = 0, 0, 0, 0, 0, 0, 0, 0, 0, 0, 0, 0, 0, 0, 0, 0
fastforward_timer.cpiDataCachedram-local = 0, 0, 0, 0, 0, 0, 0, 0, 0, 0, 0, 0, 0, 0, 0, 0
fastforward_timer.cpiDataCachedram-remote = 0, 0, 0, 0, 0, 0, 0, 0, 0, 0, 0, 0, 0, 0, 0, 0
fastforward_timer.cpiDataCacheL1 = 0, 0, 0, 0, 0, 0, 0, 0, 0, 0, 0, 0, 0, 0, 0, 0
fastforward_timer.cpiDataCacheL1_S = 0, 0, 0, 0, 0, 0, 0, 0, 0, 0, 0, 0, 0, 0, 0, 0
fastforward_timer.cpiDataCacheL1I = 0, 0, 0, 0, 0, 0, 0, 0, 0, 0, 0, 0, 0, 0, 0, 0
fastforward_timer.cpiDataCacheL2 = 0, 0, 0, 0, 0, 0, 0, 0, 0, 0, 0, 0, 0, 0, 0, 0
fastforward_timer.cpiDataCacheL2_S = 0, 0, 0, 0, 0, 0, 0, 0, 0, 0, 0, 0, 0, 0, 0, 0
fastforward_timer.cpiDataCacheL3 = 0, 0, 0, 0, 0, 0, 0, 0, 0, 0, 0, 0, 0, 0, 0, 0
fastforward_timer.cpiDataCacheL3_S = 0, 0, 0, 0, 0, 0, 0, 0, 0, 0, 0, 0, 0, 0, 0, 0
fastforward_timer.cpiDataCacheL4 = 0, 0, 0, 0, 0, 0, 0, 0, 0, 0, 0, 0, 0, 0, 0, 0
fastforward_timer.cpiDataCacheL4_S = 0, 0, 0, 0, 0, 0, 0, 0, 0, 0, 0, 0, 0, 0, 0, 0
fastforward_timer.cpiDataCachemiss = 0, 0, 0, 0, 0, 0, 0, 0, 0, 0, 0, 0, 0, 0, 0, 0
fastforward_timer.cpiDataCachenuca-cache = 0, 0, 0, 0, 0, 0, 0, 0, 0, 0, 0, 0, 0, 0, 0, 0
fastforward_timer.cpiDataCachenuca-local = 0, 0, 0, 0, 0, 0, 0, 0, 0, 0, 0, 0, 0, 0, 0, 0
fastforward_timer.cpiDataCachenuca-remote = 0, 0, 0, 0, 0, 0, 0, 0, 0, 0, 0, 0, 0, 0, 0, 0
fastforward_timer.cpiDataCachepredicate-false = 0, 0, 0, 0, 0, 0, 0, 0, 0, 0, 0, 0, 0, 0, 0, 0
fastforward_timer.cpiDataCacheprefetch-no-mapping = 0, 0, 0, 0, 0, 0, 0, 0, 0, 0, 0, 0, 0, 0, 0, 0
fastforward_timer.cpiDataCacheunknown = 0, 0, 0, 0, 0, 0, 0, 0, 0, 0, 0, 0, 0, 0, 0, 0
fs_to_cycles = 2.66e-06
fs_to_cycles_cores = 2.66e-06, 2.66e-06, 2.66e-06, 2.66e-06, 2.66e-06, 2.66e-06, 2.66e-06, 2.66e-06, 2.66e-06, 2.66e-06, 2.66e-06, 2.66e-06, 2.66e-06, 2.66e-06, 2.66e-06, 2.66e-06
futex.futex_cmp_requeue_count = 0, 0, 0, 0, 0, 0, 0, 0, 0, 0, 0, 0, 0, 0, 0, 0
futex.futex_cmp_requeue_delay = 0, 0, 0, 0, 0, 0, 0, 0, 0, 0, 0, 0, 0, 0, 0, 0
futex.futex_cmp_requeue_pi_count = 0, 0, 0, 0, 0, 0, 0, 0, 0, 0, 0, 0, 0, 0, 0, 0
futex.futex_cmp_requeue_pi_delay = 0, 0, 0, 0, 0, 0, 0, 0, 0, 0, 0, 0, 0, 0, 0, 0
futex.futex_fd_count = 0, 0, 0, 0, 0, 0, 0, 0, 0, 0, 0, 0, 0, 0, 0, 0
futex.futex_fd_delay = 0, 0, 0, 0, 0, 0, 0, 0, 0, 0, 0, 0, 0, 0, 0, 0
futex.futex_lock_pi_count = 0, 0, 0, 0, 0, 0, 0, 0, 0, 0, 0, 0, 0, 0, 0, 0
futex.futex_lock_pi_delay = 0, 0, 0, 0, 0, 0, 0, 0, 0, 0, 0, 0, 0, 0, 0, 0
futex.futex_requeue_count = 0, 0, 0, 0, 0, 0, 0, 0, 0, 0, 0, 0, 0, 0, 0, 0
futex.futex_requeue_delay = 0, 0, 0, 0, 0, 0, 0, 0, 0, 0, 0, 0, 0, 0, 0, 0
futex.futex_trylock_pi_count = 0, 0, 0, 0, 0, 0, 0, 0, 0, 0, 0, 0, 0, 0, 0, 0
futex.futex_trylock_pi_delay = 0, 0, 0, 0, 0, 0, 0, 0, 0, 0, 0, 0, 0, 0, 0, 0
futex.futex_unlock_pi_count = 0, 0, 0, 0, 0, 0, 0, 0, 0, 0, 0, 0, 0, 0, 0, 0
futex.futex_unlock_pi_delay = 0, 0, 0, 0, 0, 0, 0, 0, 0, 0, 0, 0, 0, 0, 0, 0
futex.futex_wait_bitset_count = 1, 0, 0, 0, 0, 0, 0, 0, 0, 0, 0, 0, 0, 0, 0, 0
futex.futex_wait_bitset_delay = 0, 0, 0, 0, 0, 0, 0, 0, 0, 0, 0, 0, 0, 0, 0, 0
futex.futex_wait_count = 2, 47, 33, 44, 48, 54, 54, 47, 42, 51, 60, 47, 43, 49, 46, 46, 32
futex.futex_wait_delay = 23559964950892, 11235303670785, 12202014229549, 11073140514740, 11217969121235, 11424797963549, 11450217454973, 11209153729884, 11208305249121, 11423303236865, 11556955172370, 11218626640806, 10949374629038, 11269596445906, 11194940232692, 11120440025123, 11375422488628
futex.futex_wait_requeue_pi_count = 0, 0, 0, 0, 0, 0, 0, 0, 0, 0, 0, 0, 0, 0, 0, 0
futex.futex_wait_requeue_pi_delay = 0, 0, 0, 0, 0, 0, 0, 0, 0, 0, 0, 0, 0, 0, 0, 0
futex.futex_wake_bitset_count = 0, 0, 0, 0, 0, 0, 0, 0, 0, 0, 0, 0, 0, 0, 0, 0
futex.futex_wake_bitset_delay = 0, 0, 0, 0, 0, 0, 0, 0, 0, 0, 0, 0, 0, 0, 0, 0
futex.futex_wake_count = 2, 17, 34, 13, 17, 24, 23, 16, 11, 20, 29, 16, 12, 18, 15, 15, 34
futex.futex_wake_delay = 0, 16000000000, 32000000000, 10000000000, 16000000000, 22000000000, 22000000000, 15000000000, 9000000000, 19000000000, 27000000000, 15000000000, 10000000000, 17000000000, 13000000000, 13000000000, 32000000000
futex.futex_wake_op_count = 0, 0, 0, 0, 0, 0, 0, 0, 0, 0, 0, 0, 0, 0, 0, 0
futex.futex_wake_op_delay = 0, 0, 0, 0, 0, 0, 0, 0, 0, 0, 0, 0, 0, 0, 0, 0
global.time = 1057849800000000
global.time_begin = 0
global.time_end = 1057849800000000
interval_timer.cpContr_branch = 112591680024057, 419867629983, 842151922473, 421117985905, 422900313614, 425689448399, 417414825552, 420089205368, 420804628507, 421656003662, 426000220830, 425765434062, 415772791612, 413283565725, 422289115556, 424898659565
interval_timer.cpContr_fp_addsub = 5190677169779, 1668719871310, 3329369047668, 1645098025602, 1652072621778, 1672834791789, 1664444814881, 1654293434539, 1645265005688, 1655287853978, 1638943294297, 1653353062757, 1652367551956, 1654835342771, 1670706302196, 1656873727844
interval_timer.cpContr_fp_muldiv = 8447102, 564271838090, 1134452862342, 556361421195, 563065233788, 572477480341, 567050726891, 563908227009, 567672119405, 563255487364, 562341813030, 564397081311, 567540774666, 562503399147, 568502043621, 566134978512
interval_timer.cpContr_generic = 168241855151103, 2621905768679, 5239450851342, 2603565378727, 2617269559902, 2627652658184, 2606082257279, 2612293740957, 2605643592299, 2614057736557, 2598981547343, 2608785639103, 2598387142811, 2595705564849, 2623188677127, 2615289059120
interval_timer.cpContr_load_l1 = 158810691171326, 1983704279435, 3974440342653, 1968330852940, 1989077607931, 2000387616575, 1959002841124, 1979686379676, 1977452941892, 1973768876456, 1973755242371, 1983571229612, 1956832530739, 1944227441363, 1986819310587, 1986022909088
interval_timer.cpContr_load_l2 = 890420972, 170527998, 265746112, 139551756, 212518026, 164178180, 174702306, 164853564, 132616198, 135550062, 139900815, 167900868, 135177256, 145809399, 164364374, 142325082
interval_timer.cpContr_load_l3 = 0, 0, 0, 0, 0, 0, 0, 0, 0, 0, 0, 0, 0, 0, 0, 0
interval_timer.cpContr_load_other = 0, 0, 0, 0, 44283921, 7163266, 14992949, 0, 0, 52047069, 7141375, 7057861, 0, 0, 58716658, 0
interval_timer.cpContr_port0 = 0, 0, 0, 0, 0, 0, 0, 0, 0, 0, 0, 0, 0, 0, 0, 0
interval_timer.cpContr_port015 = 16846344554049, 166972449118, 333754636734, 167455275547, 168326274171, 167572868528, 166661700423, 168311053881, 169275423174, 168499382833, 168469242809, 166994518818, 167543385167, 168743048656, 168672603524, 168307676798
interval_timer.cpContr_port05 = 0, 0, 0, 0, 0, 0, 0, 0, 0, 0, 0, 0, 0, 0, 0, 0
interval_timer.cpContr_port1 = 1248866387, 1500000, 7999999, 2500000, 4500000, 5499999, 1500000, 1000000, 1500000, 3000000, 4999999, 4499999, 2500000, 2000000, 4499999, 5999999
interval_timer.cpContr_port2 = 84706362091220, 449711057351, 882049385026, 445490150765, 436323995546, 437150864807, 451280025495, 444351594891, 431234179634, 440730686779, 433392661904, 439961590991, 439902403118, 453333485585, 445748366451, 437144702662
interval_timer.cpContr_port34 = 29010848979873, 7188393677, 14423613680, 7102609877, 7107303658, 6891889580, 6967200578, 7131896189, 6516526361, 6986766298, 7114083046, 7032261549, 6396713528, 6872010123, 6894411251, 7166236797
interval_timer.cpContr_port5 = 13159252980916, 52574592361, 106686121924, 53252168724, 54118216558, 53311662882, 53040483243, 52228323468, 52624114624, 53624841688, 52337329325, 52688578756, 53026342519, 52956155282, 52428037073, 53611189677
interval_timer.cpContr_store = 16709656067663, 215312834812, 434024861780, 214887873479, 215788279823, 219937514314, 213432735422, 216153024007, 215660065670, 215405519001, 219743262991, 220072863019, 213720466256, 213570016851, 219378243069, 219535230659
interval_timer.cpiBase = 227943637853733, 3065901341724, 6128210962242, 3040512301359, 3056858880957, 3078552816891, 3049088597766, 3053931068025, 3044042368569, 3052034455770, 3039920949312, 3055509259947, 3036286746999, 3034239759144, 3071328397128, 3060202858362
interval_timer.cpiBranchPredictor = 282310503706143, 825312420504, 1592551663983, 845840569599, 829715418072, 819699275295, 824250392829, 830810904318, 823586108616, 826059035358, 815377480551, 836496229815, 829742861619, 817979730309, 825851141091, 841249602531
interval_timer.cpiDataCachecache-remote = 30757449285, 621023032575, 1035672471405, 637594423695, 625748585805, 612758389599, 608123437668, 620333184510, 619526419416, 615173421735, 606706147638, 622052729496, 640761333831, 626304599586, 628612489107, 634330145358
interval_timer.cpiDataCachedram = 0, 0, 0, 0, 0, 0, 0, 0, 0, 0, 0, 0, 0, 0, 0, 0
interval_timer.cpiDataCachedram-cache = 0, 0, 0, 0, 0, 0, 0, 0, 0, 0, 0, 0, 0, 0, 0, 0
interval_timer.cpiDataCachedram-local = 20541905830827, 0, 0, 0, 338115025332, 0, 0, 0, 375433362045, 0, 0, 0, 380996883306, 0, 0, 0
interval_timer.cpiDataCachedram-remote = 67892034909519, 1448956499787, 2644355301939, 1445101245342, 1083541160214, 1416307701393, 1426303919403, 1450115143785, 1060476926625, 1416100934943, 1376389370556, 1433305783278, 1074010354686, 1425179109915, 1414589284224, 1405722011031
interval_timer.cpiDataCacheL1 = 102408791112, 2295483534, 5045853258, 2214280710, 2457137304, 2572926516, 2572926516, 2648114316, 2049619428, 2355633774, 2075183280, 2117288448, 2329318044, 2163904884, 2480445522, 2239092684
interval_timer.cpiDataCacheL1_S = 0, 0, 0, 0, 0, 0, 0, 0, 0, 0, 0, 0, 0, 0, 0, 0
interval_timer.cpiDataCacheL1I = 0, 0, 0, 0, 0, 0, 0, 0, 0, 0, 0, 0, 0, 0, 0, 0
interval_timer.cpiDataCacheL2 = 20041868239110, 2151225965286, 4102244112366, 2209383728586, 2166662772504, 2120832424953, 2113791463422, 2173573283202, 2182888299744, 2125954969767, 2110755004119, 2179415375262, 2252025737478, 2165569917831, 2171836445022, 2185661977686
interval_timer.cpiDataCacheL2_S = 0, 0, 0, 0, 0, 0, 0, 0, 0, 0, 0, 0, 0, 0, 0, 0
interval_timer.cpiDataCacheL3 = 0, 0, 0, 0, 0, 0, 0, 0, 0, 0, 0, 0, 0, 0, 0, 0
interval_timer.cpiDataCacheL3_S = 0, 0, 0, 0, 0, 0, 0, 0, 0, 0, 0, 0, 0, 0, 0, 0
interval_timer.cpiDataCacheL4 = 0, 0, 0, 0, 0, 0, 0, 0, 0, 0, 0, 0, 0, 0, 0, 0
interval_timer.cpiDataCacheL4_S = 0, 0, 0, 0, 0, 0, 0, 0, 0, 0, 0, 0, 0, 0, 0, 0
interval_timer.cpiDataCachemiss = 0, 0, 0, 0, 0, 0, 0, 0, 0, 0, 0, 0, 0, 0, 0, 0
interval_timer.cpiDataCachenuca-cache = 0, 0, 0, 0, 0, 0, 0, 0, 0, 0, 0, 0, 0, 0, 0, 0
interval_timer.cpiDataCachenuca-local = 16698618276075, 298004589666, 527207079186, 256902426918, 274462537608, 268195634478, 260785124910, 254575740447, 271263296718, 259185880404, 261627980148, 256729494978, 265636617705, 265326092091, 326105278038, 258124228668
interval_timer.cpiDataCachenuca-remote = 238427751753567, 3687410839365, 7037569057464, 3821275198485, 3731512995333, 3590534742516, 3600973440729, 3735379527948, 3749389270722, 3609317030895, 3556476172872, 3730654726596, 3895111873719, 3722615271081, 3698839009026, 3817292876658
interval_timer.cpiDataCachepredicate-false = 0, 0, 0, 0, 0, 0, 0, 0, 0, 0, 0, 0, 0, 0, 0, 0
interval_timer.cpiDataCacheprefetch-no-mapping = 0, 0, 0, 0, 0, 0, 0, 0, 0, 0, 0, 0, 0, 0, 0, 0
interval_timer.cpiDataCacheunknown = 0, 0, 0, 0, 0, 0, 0, 0, 0, 0, 0, 0, 0, 0, 0, 0
interval_timer.cpiInstructionCachecache-remote = 0, 3824427447, 4256757297, 2908640043, 5472544023, 3517661223, 2986083477, 7582689630, 4207133349, 4849613100, 4728936681, 5500363509, 2631948939, 4084953174, 4502245464, 2907888165
interval_timer.cpiInstructionCachedram = 0, 0, 0, 0, 0, 0, 0, 0, 0, 0, 0, 0, 0, 0, 0, 0
interval_timer.cpiInstructionCachedram-cache = 0, 0, 0, 0, 0, 0, 0, 0, 0, 0, 0, 0, 0, 0, 0, 0
interval_timer.cpiInstructionCachedram-local = 12778918488, 0, 0, 0, 0, 0, 0, 0, 0, 0, 0, 0, 0, 0, 0, 0
interval_timer.cpiInstructionCachedram-remote = 47672448651, 2567663370, 4618410615, 313909065, 0, 0, 0, 0, 0, 0, 0, 654885738, 0, 0, 331202259, 82706580
interval_timer.cpiInstructionCacheL1 = 0, 0, 0, 0, 0, 0, 0, 0, 0, 0, 0, 0, 0, 0, 0, 0
interval_timer.cpiInstructionCacheL1_S = 0, 0, 0, 0, 0, 0, 0, 0, 0, 0, 0, 0, 0, 0, 0, 0
interval_timer.cpiInstructionCacheL1I = 0, 0, 0, 0, 0, 0, 0, 0, 0, 0, 0, 0, 0, 0, 0, 0
interval_timer.cpiInstructionCacheL2 = 0, 0, 0, 0, 0, 0, 0, 0, 0, 0, 0, 0, 0, 0, 0, 0
interval_timer.cpiInstructionCacheL2_S = 0, 0, 0, 0, 0, 0, 0, 0, 0, 0, 0, 0, 0, 0, 0, 0
interval_timer.cpiInstructionCacheL3 = 0, 0, 0, 0, 0, 0, 0, 0, 0, 0, 0, 0, 0, 0, 0, 0
interval_timer.cpiInstructionCacheL3_S = 0, 0, 0, 0, 0, 0, 0, 0, 0, 0, 0, 0, 0, 0, 0, 0
interval_timer.cpiInstructionCacheL4 = 0, 0, 0, 0, 0, 0, 0, 0, 0, 0, 0, 0, 0, 0, 0, 0
interval_timer.cpiInstructionCacheL4_S = 0, 0, 0, 0, 0, 0, 0, 0, 0, 0, 0, 0, 0, 0, 0, 0
interval_timer.cpiInstructionCachemiss = 0, 0, 0, 0, 0, 0, 0, 0, 0, 0, 0, 0, 0, 0, 0, 0
interval_timer.cpiInstructionCachenuca-cache = 0, 0, 0, 0, 0, 0, 0, 0, 0, 0, 0, 0, 0, 0, 0, 0
interval_timer.cpiInstructionCachenuca-local = 6543065663766, 21636793206, 69113377638, 16024023936, 7868403270, 8599228686, 4219915275, 3202248402, 16164625122, 20037924639, 24703327629, 943606890, 1469921490, 24086787669, 23964607494, 21701078775
interval_timer.cpiInstructionCachenuca-remote = 153540258637329, 185919880572, 331752633696, 201875859549, 206427728961, 194390538120, 197041659948, 205990511904, 195615347382, 188205213753, 178724408112, 204201042264, 220829576112, 186655969134, 184253718924, 197312336028
interval_timer.cpiInstructionCachepredicate-false = 0, 0, 0, 0, 0, 0, 0, 0, 0, 0, 0, 0, 0, 0, 0, 0
interval_timer.cpiInstructionCacheprefetch-no-mapping = 0, 0, 0, 0, 0, 0, 0, 0, 0, 0, 0, 0, 0, 0, 0, 0
interval_timer.cpiInstructionCacheunknown = 0, 0, 0, 0, 0, 0, 0, 0, 0, 0, 0, 0, 0, 0, 0, 0
interval_timer.cpiLongLatency = 0, 0, 0, 0, 0, 0, 0, 0, 0, 0, 0, 0, 0, 0, 0, 0
interval_timer.cpiSerialization = 122556114, 0, 0, 0, 0, 0, 0, 0, 0, 0, 0, 0, 0, 0, 0, 0
interval_timer.detailed-cpiBase-BranchMispredict = 0, 0, 0, 0, 0, 0, 0, 0, 0, 0, 0, 0, 0, 0, 0, 0
interval_timer.detailed-cpiBase-DispatchRate = 526077356, 7388368, 14778592, 7322435, 7375050, 7433649, 7343085, 7360465, 7344492, 7357773, 7330068, 7367780, 7319665, 7298158, 7404102, 7381346
interval_timer.detailed-cpiBase-DispatchRate+BranchMispredict = 0, 0, 0, 0, 0, 0, 0, 0, 0, 0, 0, 0, 0, 0, 0, 0
interval_timer.detailed-cpiBase-DispatchRate+ICacheMiss = 0, 0, 0, 0, 0, 0, 0, 0, 0, 0, 0, 0, 0, 0, 0, 0
interval_timer.detailed-cpiBase-DispatchRate+ICacheMiss+BranchMispredict = 0, 0, 0, 0, 0, 0, 0, 0, 0, 0, 0, 0, 0, 0, 0, 0
interval_timer.detailed-cpiBase-DispatchWidth = 1061437, 4908, 9986, 4970, 4945, 4878, 5018, 4855, 4881, 4959, 4970, 4864, 4906, 4911, 4890, 5018
interval_timer.detailed-cpiBase-DispatchWidth+BranchMispredict = 0, 0, 0, 0, 0, 0, 0, 0, 0, 0, 0, 0, 0, 0, 0, 0
interval_timer.detailed-cpiBase-DispatchWidth+DispatchRate = 79192654, 762040, 1512500, 760376, 751268, 750442, 762491, 758155, 747798, 755698, 751170, 755029, 751970, 768027, 760760, 753794
interval_timer.detailed-cpiBase-DispatchWidth+DispatchRate+BranchMispredict = 0, 0, 0, 0, 0, 0, 0, 0, 0, 0, 0, 0, 0, 0, 0, 0
interval_timer.detailed-cpiBase-DispatchWidth+DispatchRate+ICacheMiss = 0, 0, 0, 0, 0, 0, 0, 0, 0, 0, 0, 0, 0, 0, 0, 0
interval_timer.detailed-cpiBase-DispatchWidth+DispatchRate+ICacheMiss+BranchMispredict = 0, 0, 0, 0, 0, 0, 0, 0, 0, 0, 0, 0, 0, 0, 0, 0
interval_timer.detailed-cpiBase-DispatchWidth+ICacheMiss = 0, 0, 0, 0, 0, 0, 0, 0, 0, 0, 0, 0, 0, 0, 0, 0
interval_timer.detailed-cpiBase-DispatchWidth+ICacheMiss+BranchMispredict = 0, 0, 0, 0, 0, 0, 0, 0, 0, 0, 0, 0, 0, 0, 0, 0
interval_timer.detailed-cpiBase-ICacheMiss = 0, 0, 0, 0, 0, 0, 0, 0, 0, 0, 0, 0, 0, 0, 0, 0
interval_timer.detailed-cpiBase-ICacheMiss+BranchMispredict = 0, 0, 0, 0, 0, 0, 0, 0, 0, 0, 0, 0, 0, 0, 0, 0
interval_timer.detailed-cpiBase-NoReason = 0, 0, 0, 0, 0, 0, 0, 0, 0, 0, 0, 0, 0, 0, 0, 0
interval_timer.detailed-cpiBase-WindowEmpty = 0, 0, 0, 0, 0, 0, 0, 0, 0, 0, 0, 0, 0, 0, 0, 0
interval_timer.detailed-cpiBase-WindowEmpty+BranchMispredict = 0, 0, 0, 0, 0, 0, 0, 0, 0, 0, 0, 0, 0, 0, 0, 0
interval_timer.detailed-cpiBase-WindowEmpty+DispatchRate = 0, 0, 0, 0, 0, 0, 0, 0, 0, 0, 0, 0, 0, 0, 0, 0
interval_timer.detailed-cpiBase-WindowEmpty+DispatchRate+BranchMispredict = 0, 0, 0, 0, 0, 0, 0, 0, 0, 0, 0, 0, 0, 0, 0, 0
interval_timer.detailed-cpiBase-WindowEmpty+DispatchRate+ICacheMiss = 0, 0, 0, 0, 0, 0, 0, 0, 0, 0, 0, 0, 0, 0, 0, 0
interval_timer.detailed-cpiBase-WindowEmpty+DispatchRate+ICacheMiss+BranchMispredict = 0, 0, 0, 0, 0, 0, 0, 0, 0, 0, 0, 0, 0, 0, 0, 0
interval_timer.detailed-cpiBase-WindowEmpty+DispatchWidth = 0, 0, 0, 0, 0, 0, 0, 0, 0, 0, 0, 0, 0, 0, 0, 0
interval_timer.detailed-cpiBase-WindowEmpty+DispatchWidth+BranchMispredict = 0, 0, 0, 0, 0, 0, 0, 0, 0, 0, 0, 0, 0, 0, 0, 0
interval_timer.detailed-cpiBase-WindowEmpty+DispatchWidth+DispatchRate = 0, 0, 0, 0, 0, 0, 0, 0, 0, 0, 0, 0, 0, 0, 0, 0
interval_timer.detailed-cpiBase-WindowEmpty+DispatchWidth+DispatchRate+BranchMispredict = 0, 0, 0, 0, 0, 0, 0, 0, 0, 0, 0, 0, 0, 0, 0, 0
interval_timer.detailed-cpiBase-WindowEmpty+DispatchWidth+DispatchRate+ICacheMiss = 0, 0, 0, 0, 0, 0, 0, 0, 0, 0, 0, 0, 0, 0, 0, 0
interval_timer.detailed-cpiBase-WindowEmpty+DispatchWidth+DispatchRate+ICacheMiss+BranchMispredict = 0, 0, 0, 0, 0, 0, 0, 0, 0, 0, 0, 0, 0, 0, 0, 0
interval_timer.detailed-cpiBase-WindowEmpty+DispatchWidth+ICacheMiss = 0, 0, 0, 0, 0, 0, 0, 0, 0, 0, 0, 0, 0, 0, 0, 0
interval_timer.detailed-cpiBase-WindowEmpty+DispatchWidth+ICacheMiss+BranchMispredict = 0, 0, 0, 0, 0, 0, 0, 0, 0, 0, 0, 0, 0, 0, 0, 0
interval_timer.detailed-cpiBase-WindowEmpty+ICacheMiss = 0, 0, 0, 0, 0, 0, 0, 0, 0, 0, 0, 0, 0, 0, 0, 0
interval_timer.detailed-cpiBase-WindowEmpty+ICacheMiss+BranchMispredict = 0, 0, 0, 0, 0, 0, 0, 0, 0, 0, 0, 0, 0, 0, 0, 0
interval_timer.loadstore_contention.no-free-slots = 0, 0, 0, 0, 0, 0, 0, 0, 0, 0, 0, 0, 0, 0, 0, 0
interval_timer.loadstore_contention.num-barriers = 0, 0, 0, 0, 0, 0, 0, 0, 0, 0, 0, 0, 0, 0, 0, 0
interval_timer.loadstore_contention.num-requests = 172367370, 2716052, 5411625, 2699102, 2699156, 2712795, 2701561, 2706174, 2685305, 2700038, 2685295, 2701260, 2683567, 2699110, 2715958, 2703290
interval_timer.loadstore_contention.requests-out-of-order = 64485518, 1404745, 2800924, 1395326, 1395397, 1403608, 1396588, 1399934, 1388429, 1396907, 1386955, 1396357, 1388267, 1396357, 1403784, 1398105
interval_timer.loadstore_contention.requests-simultaneous = 41724396, 410701, 815235, 409989, 407569, 407787, 410183, 409805, 405447, 407805, 407077, 408243, 405412, 410375, 410898, 408207
interval_timer.loadstore_contention.total-barrier-delay = 0, 0, 0, 0, 0, 0, 0, 0, 0, 0, 0, 0, 0, 0, 0, 0
interval_timer.loadstore_contention.total-delay = 1409141176236, 8225169381, 16599210606, 8488326681, 8466898158, 8388326907, 8355620214, 8349605190, 8366898384, 8605995588, 8587198638, 8160131934, 8344717983, 8421033600, 8263139220, 8368402140
interval_timer.numBPredOverlapped = 108021556, 931831, 1855809, 922532, 924014, 929594, 926338, 924440, 918971, 925081, 917224, 924088, 920907, 922626, 929642, 922528
interval_timer.numDCacheOverlapped = 208238799, 1749399, 3485340, 1730120, 1735957, 1745404, 1739576, 1735159, 1726146, 1735495, 1717221, 1731246, 1729895, 1731197, 1743075, 1731249
interval_timer.numHiddenLongerDCacheLatency = 14060299, 85219, 173993, 84371, 84193, 84468, 84646, 84802, 82944, 84578, 83955, 84031, 82844, 83527, 83108, 83151
interval_timer.numICacheOverlapped = 1662505246, 31283045, 62264779, 30935272, 30988148, 31205167, 31074422, 31017660, 30808764, 31010787, 30706867, 30950900, 30878332, 30945714, 31209717, 30946451
interval_timer.numLongLatencyLoads = 13186781, 247367, 492361, 244628, 245041, 246759, 245720, 245274, 243628, 245220, 242825, 244749, 244178, 244704, 246791, 244710
interval_timer.numMfenceInsns = 0, 0, 0, 0, 0, 0, 0, 0, 0, 0, 0, 0, 0, 0, 0, 0
interval_timer.numSerializationInsns = 132, 0, 0, 0, 0, 0, 0, 0, 0, 0, 0, 0, 0, 0, 0, 0
interval_timer.numTotalLongLatencyLoadLatency = 967538205, 21835767, 40836662, 22270824, 21871900, 21309845, 21313432, 21909472, 21974382, 21354762, 21051367, 21876622, 22638971, 21831092, 21925001, 22087015
interval_timer.outstandingLongLatencyCycles = 1366393188, 21458714, 40263120, 21853964, 21453431, 20908301, 20923443, 21513990, 21522567, 20939528, 20660299, 21470832, 22144219, 21392542, 21502287, 21665635
interval_timer.outstandingLongLatencyInsns = 2575504069, 35442353, 66538846, 36031389, 35417978, 34516402, 34566226, 35491870, 35487777, 34622793, 34162832, 35432564, 36505983, 35320024, 35448360, 35704880
interval_timer.totalHiddenDCacheLatency = 2354634161, 20534342, 39508688, 20611658, 20424944, 20123613, 20145840, 20457083, 20357057, 20145380, 19917254, 20415529, 20725829, 20347699, 20426682, 20477189
interval_timer.totalHiddenLongerDCacheLatency = 386107588, 4236621, 8290774, 4221498, 4206432, 4216963, 4227074, 4246669, 4170240, 4227766, 4205925, 4229842, 4173446, 4200378, 4142091, 4169881
interval_timer.totalMfenceLatency = 0, 0, 0, 0, 0, 0, 0, 0, 0, 0, 0, 0, 0, 0, 0, 0
interval_timer.totalSerializationLatency = 326, 0, 0, 0, 0, 0, 0, 0, 0, 0, 0, 0, 0, 0, 0, 0
interval_timer.uop_branch = 252811294, 1493954, 2984064, 1488304, 1490640, 1495665, 1489143, 1491239, 1484857, 1488545, 1485485, 1491618, 1484581, 1488881, 1495528, 1492910
interval_timer.uop_fp_addsub = 2192779, 1212636, 2414846, 1197196, 1199264, 1212214, 1204261, 1202059, 1191663, 1200794, 1189779, 1200893, 1193964, 1198020, 1211409, 1201390
interval_timer.uop_fp_muldiv = 3, 152344, 306636, 150392, 151295, 155417, 152824, 151831, 152096, 151970, 152869, 153392, 152551, 151071, 154385, 153626
interval_timer.uop_generic = 691410840, 9483576, 18911325, 9421499, 9435721, 9475070, 9438201, 9444769, 9389152, 9438048, 9379379, 9429258, 9384413, 9425431, 9486979, 9440475
interval_timer.uop_load = 380606201, 4465501, 8896981, 4429272, 4435163, 4458249, 4441187, 4441383, 4411501, 4435583, 4402566, 4432556, 4413512, 4430357, 4459083, 4434589
interval_timer.uop_store = 150251210, 1164067, 2327286, 1161830, 1163593, 1166233, 1161823, 1163972, 1160656, 1162157, 1161235, 1164217, 1159640, 1162404, 1166428, 1165574
interval_timer.uops_pause = 0, 0, 0, 0, 0, 0, 0, 0, 0, 0, 0, 0, 0, 0, 0, 0
interval_timer.uops_total = 1477272327, 17972078, 35841138, 17848493, 17875676, 17962848, 17887439, 17895253, 17789925, 17877097, 17771313, 17871934, 17788661, 17856164, 17973812, 17888564
interval_timer.uops_x87 = 0, 0, 0, 0, 0, 0, 0, 0, 0, 0, 0, 0, 0, 0, 0, 0
ipc = 0.0385554464976
itlb.access = 191066880, 1844308, 3680017, 1835882, 1839314, 1843036, 1837806, 1840401, 1831688, 1837705, 1828733, 1836546, 1831232, 1837084, 1843710, 1838508
itlb.miss = 177, 39, 42, 38, 38, 43, 38, 38, 38, 38, 42, 42, 38, 38, 42, 42
itlb_cache.access-mru-0 = 177754018, 1830771, 3652988, 1822272, 1825662, 1829494, 1824303, 1826818, 1818256, 1824301, 1815387, 1823104, 1817735, 1823394, 1830251, 1824915
itlb_cache.access-mru-1 = 13310773, 13491, 26975, 13565, 13607, 13491, 13458, 13538, 13387, 13359, 13296, 13395, 13454, 13647, 13407, 13546
itlb_cache.access-mru-2 = 549, 5, 8, 5, 5, 6, 6, 5, 5, 5, 6, 5, 5, 5, 8, 5
itlb_cache.access-mru-3 = 1363, 2, 4, 2, 2, 2, 1, 2, 2, 2, 2, 0, 0, 0, 2, 0
L1-D.access-mru-0 = 460397708, 4958224, 9884869, 4928360, 4928604, 4952579, 4936132, 4938613, 4908177, 4928604, 4905164, 4933060, 4905249, 4926829, 4956520, 4933194
L1-D.access-mru-1 = 25658186, 244345, 488840, 240949, 246815, 245788, 243130, 243760, 243554, 245726, 240528, 242001, 246156, 244228, 243708, 244434
L1-D.access-mru-2 = 3585735, 30438, 60801, 29561, 30439, 30596, 30059, 30013, 29749, 30192, 29312, 29654, 30386, 29732, 29850, 30282
L1-D.access-mru-3 = 404433, 4063, 8127, 4019, 4127, 4079, 3984, 4022, 4099, 4058, 3937, 3967, 4018, 3942, 3895, 3976
L1-D.backinval-D = 0, 0, 0, 0, 0, 0, 0, 0, 0, 0, 0, 0, 0, 0, 0, 0
L1-D.backinval-E = 29298427, 161281, 341000, 158722, 158696, 160421, 160030, 159428, 157702, 159075, 157761, 159131, 158294, 159219, 160515, 158441
L1-D.backinval-I = 0, 0, 0, 0, 0, 0, 0, 0, 0, 0, 0, 0, 0, 0, 0, 0
L1-D.backinval-M = 7725744, 154284, 312294, 152741, 153505, 154485, 153251, 153132, 152409, 153613, 151466, 152822, 152540, 152730, 154176, 153299
L1-D.backinval-O = 0, 0, 0, 0, 0, 0, 0, 0, 0, 0, 0, 0, 0, 0, 0, 0
L1-D.backinval-S = 132351, 67959, 115086, 67633, 67465, 67675, 67534, 67192, 67287, 67605, 66871, 67256, 67360, 67091, 67813, 67576
L1-D.backinval-u = 0, 0, 0, 0, 0, 0, 0, 0, 0, 0, 0, 0, 0, 0, 0, 0
L1-D.coherency-downgrades = 181, 19897, 19094, 19779, 19970, 19590, 20037, 19920, 20075, 19973, 19875, 19811, 20139, 19665, 19878, 19660
L1-D.coherency-invalidates = 58, 750, 1037, 860, 774, 653, 653, 773, 786, 684, 637, 744, 924, 732, 813, 837
L1-D.coherency-upgrades = 0, 0, 0, 0, 0, 0, 0, 0, 0, 0, 0, 0, 0, 0, 0, 0
L1-D.coherency-writebacks = 48, 4018, 3816, 3985, 4026, 3890, 3937, 4080, 4083, 3932, 3890, 3822, 4040, 3945, 3854, 3858
L1-D.evict-D = 0, 0, 0, 0, 0, 0, 0, 0, 0, 0, 0, 0, 0, 0, 0, 0
L1-D.evict-E = 0, 0, 0, 0, 0, 0, 0, 0, 0, 0, 0, 0, 0, 0, 0, 0
L1-D.evict-I = 0, 0, 0, 0, 0, 0, 0, 0, 0, 0, 0, 0, 0, 0, 0, 0
L1-D.evict-M = 0, 0, 0, 0, 0, 0, 0, 0, 0, 0, 0, 0, 0, 0, 0, 0
L1-D.evict-O = 0, 0, 0, 0, 0, 0, 0, 0, 0, 0, 0, 0, 0, 0, 0, 0
L1-D.evict-prefetch = 0, 0, 0, 0, 0, 0, 0, 0, 0, 0, 0, 0, 0, 0, 0, 0
L1-D.evict-S = 0, 0, 0, 0, 0, 0, 0, 0, 0, 0, 0, 0, 0, 0, 0, 0
L1-D.evict-u = 0, 0, 0, 0, 0, 0, 0, 0, 0, 0, 0, 0, 0, 0, 0, 0
L1-D.evict-warmup = 0, 0, 0, 0, 0, 0, 0, 0, 0, 0, 0, 0, 0, 0, 0, 0
L1-D.hits-prefetch = 0, 0, 0, 0, 0, 0, 0, 0, 0, 0, 0, 0, 0, 0, 0, 0
L1-D.hits-warmup = 0, 0, 0, 0, 0, 0, 0, 0, 0, 0, 0, 0, 0, 0, 0, 0
L1-D.invalidate-prefetch = 0, 0, 0, 0, 0, 0, 0, 0, 0, 0, 0, 0, 0, 0, 0, 0
L1-D.invalidate-warmup = 0, 0, 0, 0, 0, 0, 0, 0, 0, 0, 0, 0, 0, 0, 0, 0
L1-D.load-misses = 35036175, 387466, 770777, 383155, 383113, 385765, 384658, 383813, 380913, 383487, 379771, 383001, 381758, 383033, 386311, 382732
L1-D.load-misses-D = 0, 0, 0, 0, 0, 0, 0, 0, 0, 0, 0, 0, 0, 0, 0, 0
L1-D.load-misses-E = 62266, 1890, 3924, 1940, 1953, 1957, 1950, 1908, 1899, 1936, 1854, 1930, 1870, 1939, 1929, 1920
L1-D.load-misses-I = 34973882, 385449, 766651, 381084, 381023, 383675, 382576, 381777, 378861, 381416, 377773, 380911, 379756, 380963, 384242, 380670
L1-D.load-misses-M = 0, 0, 0, 0, 0, 0, 0, 0, 0, 0, 0, 0, 0, 0, 0, 0
L1-D.load-misses-O = 0, 0, 0, 0, 0, 0, 0, 0, 0, 0, 0, 0, 0, 0, 0, 0
L1-D.load-misses-S = 27, 127, 202, 131, 137, 133, 132, 128, 153, 135, 144, 160, 132, 131, 140, 142
L1-D.load-misses-u = 0, 0, 0, 0, 0, 0, 0, 0, 0, 0, 0, 0, 0, 0, 0, 0
L1-D.load-overlapping-misses = 0, 0, 0, 0, 0, 0, 0, 0, 0, 0, 0, 0, 0, 0, 0, 0
L1-D.loads = 380953799, 4471815, 8909609, 4435663, 4441554, 4464563, 4447501, 4447774, 4417892, 4441974, 4408957, 4438870, 4419826, 4436748, 4465474, 4440980
L1-D.loads-D = 0, 0, 0, 0, 0, 0, 0, 0, 0, 0, 0, 0, 0, 0, 0, 0
L1-D.loads-E = 150234690, 2086123, 4156607, 2059785, 2060449, 2080993, 2080032, 2066964, 2046470, 2068833, 2044733, 2062987, 2057247, 2066755, 2079307, 2051565
L1-D.loads-I = 34973882, 385449, 766651, 381084, 381023, 383675, 382576, 381777, 378861, 381416, 377773, 380911, 379756, 380963, 384242, 380670
L1-D.loads-M = 191643837, 1107687, 2222109, 1109809, 1110119, 1113555, 1107633, 1109197, 1108001, 1109608, 1108294, 1112951, 1104400, 1108764, 1112302, 1113038
L1-D.loads-O = 0, 0, 0, 0, 0, 0, 0, 0, 0, 0, 0, 0, 0, 0, 0, 0
L1-D.loads-prefetch = 0, 0, 0, 0, 0, 0, 0, 0, 0, 0, 0, 0, 0, 0, 0, 0
L1-D.loads-S = 4101390, 892556, 1764242, 884985, 889963, 886340, 877260, 889836, 884560, 882117, 878157, 882021, 878423, 880266, 889623, 895707
L1-D.loads-u = 0, 0, 0, 0, 0, 0, 0, 0, 0, 0, 0, 0, 0, 0, 0, 0
L1-D.loads-where-cache-remote = 1595, 18864, 33737, 18986, 18750, 18868, 18628, 18650, 18414, 18789, 18473, 18651, 18569, 18642, 18943, 18986
L1-D.loads-where-dram = 0, 0, 0, 0, 0, 0, 0, 0, 0, 0, 0, 0, 0, 0, 0, 0
L1-D.loads-where-dram-cache = 0, 0, 0, 0, 0, 0, 0, 0, 0, 0, 0, 0, 0, 0, 0, 0
L1-D.loads-where-dram-local = 545175, 0, 0, 0, 7996, 0, 0, 0, 8106, 0, 0, 0, 8094, 0, 0, 0
L1-D.loads-where-dram-remote = 1636272, 32881, 62101, 32288, 24243, 32246, 32340, 32621, 24139, 32249, 31761, 32297, 24313, 32194, 32173, 31862
L1-D.loads-where-L1 = 345917624, 4084349, 8138832, 4052508, 4058441, 4078798, 4062843, 4063961, 4036979, 4058487, 4029186, 4055869, 4038068, 4053715, 4079163, 4058248
L1-D.loads-where-L1_S = 0, 0, 0, 0, 0, 0, 0, 0, 0, 0, 0, 0, 0, 0, 0, 0
L1-D.loads-where-L1I = 0, 0, 0, 0, 0, 0, 0, 0, 0, 0, 0, 0, 0, 0, 0, 0
L1-D.loads-where-L2 = 1603178, 147420, 293121, 145752, 145929, 146851, 146303, 146151, 144883, 145960, 144420, 145687, 145127, 145793, 146895, 145683
L1-D.loads-where-L2_S = 0, 0, 0, 0, 0, 0, 0, 0, 0, 0, 0, 0, 0, 0, 0, 0
L1-D.loads-where-L3 = 0, 0, 0, 0, 0, 0, 0, 0, 0, 0, 0, 0, 0, 0, 0, 0
L1-D.loads-where-L3_S = 0, 0, 0, 0, 0, 0, 0, 0, 0, 0, 0, 0, 0, 0, 0, 0
L1-D.loads-where-L4 = 0, 0, 0, 0, 0, 0, 0, 0, 0, 0, 0, 0, 0, 0, 0, 0
L1-D.loads-where-L4_S = 0, 0, 0, 0, 0, 0, 0, 0, 0, 0, 0, 0, 0, 0, 0, 0
L1-D.loads-where-miss = 0, 0, 0, 0, 0, 0, 0, 0, 0, 0, 0, 0, 0, 0, 0, 0
L1-D.loads-where-nuca-cache = 0, 0, 0, 0, 0, 0, 0, 0, 0, 0, 0, 0, 0, 0, 0, 0
L1-D.loads-where-nuca-local = 1999423, 13056, 22892, 10390, 12168, 10847, 10522, 11160, 11471, 11851, 11090, 10976, 12278, 11989, 15665, 10388
L1-D.loads-where-nuca-remote = 29250532, 175245, 358926, 175739, 174027, 176953, 176865, 175231, 173900, 174638, 174027, 175390, 173377, 174415, 172635, 175813
L1-D.loads-where-predicate-false = 0, 0, 0, 0, 0, 0, 0, 0, 0, 0, 0, 0, 0, 0, 0, 0
L1-D.loads-where-prefetch-no-mapping = 0, 0, 0, 0, 0, 0, 0, 0, 0, 0, 0, 0, 0, 0, 0, 0
L1-D.loads-where-unknown = 0, 0, 0, 0, 0, 0, 0, 0, 0, 0, 0, 0, 0, 0, 0, 0
L1-D.mshr-latency = 0, 0, 0, 0, 0, 0, 0, 0, 0, 0, 0, 0, 0, 0, 0, 0
L1-D.next_read.no-free-slots = 0, 0, 0, 0, 0, 0, 0, 0, 0, 0, 0, 0, 0, 0, 0, 0
L1-D.next_read.num-barriers = 0, 0, 0, 0, 0, 0, 0, 0, 0, 0, 0, 0, 0, 0, 0, 0
L1-D.next_read.num-requests = 0, 0, 0, 0, 0, 0, 0, 0, 0, 0, 0, 0, 0, 0, 0, 0
L1-D.next_read.requests-out-of-order = 0, 0, 0, 0, 0, 0, 0, 0, 0, 0, 0, 0, 0, 0, 0, 0
L1-D.next_read.requests-simultaneous = 0, 0, 0, 0, 0, 0, 0, 0, 0, 0, 0, 0, 0, 0, 0, 0
L1-D.next_read.total-barrier-delay = 0, 0, 0, 0, 0, 0, 0, 0, 0, 0, 0, 0, 0, 0, 0, 0
L1-D.next_read.total-delay = 0, 0, 0, 0, 0, 0, 0, 0, 0, 0, 0, 0, 0, 0, 0, 0
L1-D.prefetches = 0, 0, 0, 0, 0, 0, 0, 0, 0, 0, 0, 0, 0, 0, 0, 0
L1-D.qbs-query-latency = 0, 0, 0, 0, 0, 0, 0, 0, 0, 0, 0, 0, 0, 0, 0, 0
L1-D.snoop-latency = 0, 0, 0, 0, 0, 0, 0, 0, 0, 0, 0, 0, 0, 0, 0, 0
L1-D.store-misses = 6122779, 11346, 23481, 11449, 12049, 11989, 11361, 11525, 12056, 12064, 11480, 11404, 11899, 11388, 11618, 11936
L1-D.store-misses-D = 0, 0, 0, 0, 0, 0, 0, 0, 0, 0, 0, 0, 0, 0, 0, 0
L1-D.store-misses-E = 3939378, 8235, 16627, 8327, 8349, 8251, 8249, 8407, 8382, 8290, 8334, 8275, 8230, 8349, 8410, 8321
L1-D.store-misses-I = 2183086, 3086, 6831, 3104, 3681, 3708, 3088, 3098, 3654, 3751, 3096, 3112, 3656, 3014, 3191, 3601
L1-D.store-misses-M = 0, 0, 0, 0, 0, 0, 0, 0, 0, 0, 0, 0, 0, 0, 0, 0
L1-D.store-misses-O = 0, 0, 0, 0, 0, 0, 0, 0, 0, 0, 0, 0, 0, 0, 0, 0
L1-D.store-misses-S = 315, 25, 23, 18, 19, 30, 24, 20, 20, 23, 50, 17, 13, 25, 17, 14
L1-D.store-misses-u = 0, 0, 0, 0, 0, 0, 0, 0, 0, 0, 0, 0, 0, 0, 0, 0
L1-D.store-overlapping-misses = 0, 0, 0, 0, 0, 0, 0, 0, 0, 0, 0, 0, 0, 0, 0, 0
L1-D.stores = 150251217, 1164067, 2327286, 1161830, 1163593, 1166233, 1161823, 1163972, 1160656, 1162157, 1161235, 1164217, 1159640, 1162404, 1166428, 1165574
L1-D.stores-D = 0, 0, 0, 0, 0, 0, 0, 0, 0, 0, 0, 0, 0, 0, 0, 0
L1-D.stores-E = 3939378, 8235, 16627, 8327, 8349, 8251, 8249, 8407, 8382, 8290, 8334, 8275, 8230, 8349, 8410, 8321
L1-D.stores-I = 2183086, 3086, 6831, 3104, 3681, 3708, 3088, 3098, 3654, 3751, 3096, 3112, 3656, 3014, 3191, 3601
L1-D.stores-M = 144128438, 1152721, 2303805, 1150381, 1151544, 1154244, 1150462, 1152447, 1148600, 1150093, 1149755, 1152813, 1147741, 1151016, 1154810, 1153638
L1-D.stores-O = 0, 0, 0, 0, 0, 0, 0, 0, 0, 0, 0, 0, 0, 0, 0, 0
L1-D.stores-prefetch = 0, 0, 0, 0, 0, 0, 0, 0, 0, 0, 0, 0, 0, 0, 0, 0
L1-D.stores-S = 315, 25, 23, 18, 19, 30, 24, 20, 20, 23, 50, 17, 13, 25, 17, 14
L1-D.stores-u = 0, 0, 0, 0, 0, 0, 0, 0, 0, 0, 0, 0, 0, 0, 0, 0
L1-D.stores-where-cache-remote = 0, 0, 0, 0, 0, 0, 0, 0, 0, 0, 0, 0, 0, 0, 0, 0
L1-D.stores-where-dram = 0, 0, 0, 0, 0, 0, 0, 0, 0, 0, 0, 0, 0, 0, 0, 0
L1-D.stores-where-dram-cache = 0, 0, 0, 0, 0, 0, 0, 0, 0, 0, 0, 0, 0, 0, 0, 0
L1-D.stores-where-dram-local = 0, 0, 0, 0, 0, 0, 0, 0, 0, 0, 0, 0, 0, 0, 0, 0
L1-D.stores-where-dram-remote = 0, 0, 0, 0, 0, 0, 0, 0, 0, 0, 0, 0, 0, 0, 0, 0
L1-D.stores-where-L1 = 144128438, 1152721, 2303805, 1150381, 1151544, 1154244, 1150462, 1152447, 1148600, 1150093, 1149755, 1152813, 1147741, 1151016, 1154810, 1153638
L1-D.stores-where-L1_S = 0, 0, 0, 0, 0, 0, 0, 0, 0, 0, 0, 0, 0, 0, 0, 0
L1-D.stores-where-L1I = 0, 0, 0, 0, 0, 0, 0, 0, 0, 0, 0, 0, 0, 0, 0, 0
L1-D.stores-where-L2 = 6122779, 11346, 23481, 11449, 12049, 11989, 11361, 11525, 12056, 12064, 11480, 11404, 11899, 11388, 11618, 11936
L1-D.stores-where-L2_S = 0, 0, 0, 0, 0, 0, 0, 0, 0, 0, 0, 0, 0, 0, 0, 0
L1-D.stores-where-L3 = 0, 0, 0, 0, 0, 0, 0, 0, 0, 0, 0, 0, 0, 0, 0, 0
L1-D.stores-where-L3_S = 0, 0, 0, 0, 0, 0, 0, 0, 0, 0, 0, 0, 0, 0, 0, 0
L1-D.stores-where-L4 = 0, 0, 0, 0, 0, 0, 0, 0, 0, 0, 0, 0, 0, 0, 0, 0
L1-D.stores-where-L4_S = 0, 0, 0, 0, 0, 0, 0, 0, 0, 0, 0, 0, 0, 0, 0, 0
L1-D.stores-where-miss = 0, 0, 0, 0, 0, 0, 0, 0, 0, 0, 0, 0, 0, 0, 0, 0
L1-D.stores-where-nuca-cache = 0, 0, 0, 0, 0, 0, 0, 0, 0, 0, 0, 0, 0, 0, 0, 0
L1-D.stores-where-nuca-local = 0, 0, 0, 0, 0, 0, 0, 0, 0, 0, 0, 0, 0, 0, 0, 0
L1-D.stores-where-nuca-remote = 0, 0, 0, 0, 0, 0, 0, 0, 0, 0, 0, 0, 0, 0, 0, 0
L1-D.stores-where-predicate-false = 0, 0, 0, 0, 0, 0, 0, 0, 0, 0, 0, 0, 0, 0, 0, 0
L1-D.stores-where-prefetch-no-mapping = 0, 0, 0, 0, 0, 0, 0, 0, 0, 0, 0, 0, 0, 0, 0, 0
L1-D.stores-where-unknown = 0, 0, 0, 0, 0, 0, 0, 0, 0, 0, 0, 0, 0, 0, 0, 0
L1-D.total-latency = 985366043988407, 11178257290907, 20758010662153, 11429196915932, 11192909282638, 10853957481853, 10861444145530, 11220283344825, 11252065985203, 10899909692058, 10749648994855, 11208052083095, 11628004976703, 11156367763921, 11194849888054, 11316399172961
L1-I.access-mru-0 = 132234184, 1549932, 3091136, 1542040, 1545135, 1548720, 1543358, 1546655, 1539295, 1544809, 1536689, 1543567, 1537969, 1542738, 1549527, 1544387
L1-I.access-mru-1 = 30411834, 251588, 503775, 251851, 251978, 251487, 252174, 251895, 250526, 250387, 250036, 250963, 251056, 252495, 251573, 251832
L1-I.access-mru-2 = 6364057, 115, 241, 110, 98, 103, 105, 118, 71, 80, 118, 91, 129, 107, 103, 125
L1-I.access-mru-3 = 185452, 0, 1, 0, 0, 0, 0, 0, 0, 0, 0, 0, 0, 0, 0, 1
L1-I.backinval-D = 0, 0, 0, 0, 0, 0, 0, 0, 0, 0, 0, 0, 0, 0, 0, 0
L1-I.backinval-E = 21843788, 140, 1509, 223, 294, 416, 195, 330, 657, 564, 231, 188, 250, 183, 391, 263
L1-I.backinval-I = 0, 0, 0, 0, 0, 0, 0, 0, 0, 0, 0, 0, 0, 0, 0, 0
L1-I.backinval-M = 0, 0, 0, 0, 0, 0, 0, 0, 0, 0, 0, 0, 0, 0, 0, 0
L1-I.backinval-O = 0, 0, 0, 0, 0, 0, 0, 0, 0, 0, 0, 0, 0, 0, 0, 0
L1-I.backinval-S = 27393, 42416, 83240, 41535, 41696, 42192, 41861, 41290, 41022, 41752, 41539, 41622, 41713, 41455, 42002, 41788
L1-I.backinval-u = 0, 0, 0, 0, 0, 0, 0, 0, 0, 0, 0, 0, 0, 0, 0, 0
L1-I.coherency-downgrades = 58, 328, 366, 359, 585, 254, 202, 428, 698, 627, 370, 342, 257, 373, 520, 265
L1-I.coherency-invalidates = 0, 0, 0, 0, 0, 0, 0, 0, 0, 0, 0, 0, 0, 0, 0, 0
L1-I.coherency-upgrades = 0, 0, 0, 0, 0, 0, 0, 0, 0, 0, 0, 0, 0, 0, 0, 0
L1-I.coherency-writebacks = 0, 0, 0, 0, 0, 0, 0, 0, 0, 0, 0, 0, 0, 0, 0, 0
L1-I.evict-D = 0, 0, 0, 0, 0, 0, 0, 0, 0, 0, 0, 0, 0, 0, 0, 0
L1-I.evict-E = 0, 0, 0, 0, 0, 0, 0, 0, 0, 0, 0, 0, 0, 0, 0, 0
L1-I.evict-I = 0, 0, 0, 0, 0, 0, 0, 0, 0, 0, 0, 0, 0, 0, 0, 0
L1-I.evict-M = 0, 0, 0, 0, 0, 0, 0, 0, 0, 0, 0, 0, 0, 0, 0, 0
L1-I.evict-O = 0, 0, 0, 0, 0, 0, 0, 0, 0, 0, 0, 0, 0, 0, 0, 0
L1-I.evict-prefetch = 0, 0, 0, 0, 0, 0, 0, 0, 0, 0, 0, 0, 0, 0, 0, 0
L1-I.evict-S = 0, 0, 0, 0, 0, 0, 0, 0, 0, 0, 0, 0, 0, 0, 0, 0
L1-I.evict-u = 0, 0, 0, 0, 0, 0, 0, 0, 0, 0, 0, 0, 0, 0, 0, 0
L1-I.evict-warmup = 0, 0, 0, 0, 0, 0, 0, 0, 0, 0, 0, 0, 0, 0, 0, 0
L1-I.hits-prefetch = 0, 0, 0, 0, 0, 0, 0, 0, 0, 0, 0, 0, 0, 0, 0, 0
L1-I.hits-warmup = 0, 0, 0, 0, 0, 0, 0, 0, 0, 0, 0, 0, 0, 0, 0, 0
L1-I.invalidate-prefetch = 0, 0, 0, 0, 0, 0, 0, 0, 0, 0, 0, 0, 0, 0, 0, 0
L1-I.invalidate-warmup = 0, 0, 0, 0, 0, 0, 0, 0, 0, 0, 0, 0, 0, 0, 0, 0
L1-I.load-misses = 21871353, 42673, 84864, 41881, 42103, 42726, 42169, 41733, 41796, 42429, 41890, 41925, 42078, 41744, 42507, 42163
L1-I.load-misses-D = 0, 0, 0, 0, 0, 0, 0, 0, 0, 0, 0, 0, 0, 0, 0, 0
L1-I.load-misses-E = 0, 0, 0, 0, 0, 0, 0, 0, 0, 0, 0, 0, 0, 0, 0, 0
L1-I.load-misses-I = 21871353, 42673, 84864, 41881, 42103, 42726, 42169, 41733, 41796, 42429, 41890, 41925, 42078, 41744, 42507, 42163
L1-I.load-misses-M = 0, 0, 0, 0, 0, 0, 0, 0, 0, 0, 0, 0, 0, 0, 0, 0
L1-I.load-misses-O = 0, 0, 0, 0, 0, 0, 0, 0, 0, 0, 0, 0, 0, 0, 0, 0
L1-I.load-misses-S = 0, 0, 0, 0, 0, 0, 0, 0, 0, 0, 0, 0, 0, 0, 0, 0
L1-I.load-misses-u = 0, 0, 0, 0, 0, 0, 0, 0, 0, 0, 0, 0, 0, 0, 0, 0
L1-I.load-overlapping-misses = 0, 0, 0, 0, 0, 0, 0, 0, 0, 0, 0, 0, 0, 0, 0, 0
L1-I.loads = 191066880, 1844308, 3680017, 1835882, 1839314, 1843036, 1837806, 1840401, 1831688, 1837705, 1828733, 1836546, 1831232, 1837084, 1843710, 1838508
L1-I.loads-D = 0, 0, 0, 0, 0, 0, 0, 0, 0, 0, 0, 0, 0, 0, 0, 0
L1-I.loads-E = 165009590, 7879, 39457, 12713, 19496, 15335, 7237, 16594, 34897, 29707, 10760, 12642, 10630, 12792, 21261, 11435
L1-I.loads-I = 21871353, 42673, 84864, 41881, 42103, 42726, 42169, 41733, 41796, 42429, 41890, 41925, 42078, 41744, 42507, 42163
L1-I.loads-M = 0, 0, 0, 0, 0, 0, 0, 0, 0, 0, 0, 0, 0, 0, 0, 0
L1-I.loads-O = 0, 0, 0, 0, 0, 0, 0, 0, 0, 0, 0, 0, 0, 0, 0, 0
L1-I.loads-prefetch = 0, 0, 0, 0, 0, 0, 0, 0, 0, 0, 0, 0, 0, 0, 0, 0
L1-I.loads-S = 4185937, 1793756, 3555696, 1781288, 1777715, 1784975, 1788400, 1782074, 1754995, 1765569, 1776083, 1781979, 1778524, 1782548, 1779942, 1784910
L1-I.loads-u = 0, 0, 0, 0, 0, 0, 0, 0, 0, 0, 0, 0, 0, 0, 0, 0
L1-I.loads-where-cache-remote = 1, 366, 463, 278, 479, 377, 314, 695, 347, 480, 477, 464, 247, 365, 446, 231
L1-I.loads-where-dram = 0, 0, 0, 0, 0, 0, 0, 0, 0, 0, 0, 0, 0, 0, 0, 0
L1-I.loads-where-dram-cache = 0, 0, 0, 0, 0, 0, 0, 0, 0, 0, 0, 0, 0, 0, 0, 0
L1-I.loads-where-dram-local = 605, 0, 0, 0, 0, 0, 0, 0, 0, 0, 0, 0, 3, 0, 0, 0
L1-I.loads-where-dram-remote = 1833, 107, 147, 11, 0, 2, 6, 9, 0, 0, 3, 43, 9, 17, 49, 5
L1-I.loads-where-L1 = 0, 0, 0, 0, 0, 0, 0, 0, 0, 0, 0, 0, 0, 0, 0, 0
L1-I.loads-where-L1_S = 0, 0, 0, 0, 0, 0, 0, 0, 0, 0, 0, 0, 0, 0, 0, 0
L1-I.loads-where-L1I = 169195527, 1801635, 3595153, 1794001, 1797211, 1800310, 1795637, 1798668, 1789892, 1795276, 1786843, 1794621, 1789154, 1795340, 1801203, 1796345
L1-I.loads-where-L2 = 0, 0, 0, 0, 0, 0, 0, 0, 0, 0, 0, 0, 0, 0, 0, 0
L1-I.loads-where-L2_S = 0, 0, 0, 0, 0, 0, 0, 0, 0, 0, 0, 0, 0, 0, 0, 0
L1-I.loads-where-L3 = 0, 0, 0, 0, 0, 0, 0, 0, 0, 0, 0, 0, 0, 0, 0, 0
L1-I.loads-where-L3_S = 0, 0, 0, 0, 0, 0, 0, 0, 0, 0, 0, 0, 0, 0, 0, 0
L1-I.loads-where-L4 = 0, 0, 0, 0, 0, 0, 0, 0, 0, 0, 0, 0, 0, 0, 0, 0
L1-I.loads-where-L4_S = 0, 0, 0, 0, 0, 0, 0, 0, 0, 0, 0, 0, 0, 0, 0, 0
L1-I.loads-where-miss = 0, 0, 0, 0, 0, 0, 0, 0, 0, 0, 0, 0, 0, 0, 0, 0
L1-I.loads-where-nuca-cache = 0, 0, 0, 0, 0, 0, 0, 0, 0, 0, 0, 0, 0, 0, 0, 0
L1-I.loads-where-nuca-local = 817944, 2342, 6569, 2524, 5003, 4348, 2469, 2349, 2361, 2093, 1780, 195, 925, 2520, 5547, 2448
L1-I.loads-where-nuca-remote = 21050970, 39858, 77685, 39068, 36621, 37999, 39380, 38680, 39088, 39856, 39630, 41223, 40894, 38842, 36465, 39479
L1-I.loads-where-predicate-false = 0, 0, 0, 0, 0, 0, 0, 0, 0, 0, 0, 0, 0, 0, 0, 0
L1-I.loads-where-prefetch-no-mapping = 0, 0, 0, 0, 0, 0, 0, 0, 0, 0, 0, 0, 0, 0, 0, 0
L1-I.loads-where-unknown = 0, 0, 0, 0, 0, 0, 0, 0, 0, 0, 0, 0, 0, 0, 0, 0
L1-I.mshr-latency = 0, 0, 0, 0, 0, 0, 0, 0, 0, 0, 0, 0, 0, 0, 0, 0
L1-I.next_read.no-free-slots = 0, 0, 0, 0, 0, 0, 0, 0, 0, 0, 0, 0, 0, 0, 0, 0
L1-I.next_read.num-barriers = 0, 0, 0, 0, 0, 0, 0, 0, 0, 0, 0, 0, 0, 0, 0, 0
L1-I.next_read.num-requests = 0, 0, 0, 0, 0, 0, 0, 0, 0, 0, 0, 0, 0, 0, 0, 0
L1-I.next_read.requests-out-of-order = 0, 0, 0, 0, 0, 0, 0, 0, 0, 0, 0, 0, 0, 0, 0, 0
L1-I.next_read.requests-simultaneous = 0, 0, 0, 0, 0, 0, 0, 0, 0, 0, 0, 0, 0, 0, 0, 0
L1-I.next_read.total-barrier-delay = 0, 0, 0, 0, 0, 0, 0, 0, 0, 0, 0, 0, 0, 0, 0, 0
L1-I.next_read.total-delay = 0, 0, 0, 0, 0, 0, 0, 0, 0, 0, 0, 0, 0, 0, 0, 0
L1-I.prefetches = 0, 0, 0, 0, 0, 0, 0, 0, 0, 0, 0, 0, 0, 0, 0, 0
L1-I.qbs-query-latency = 0, 0, 0, 0, 0, 0, 0, 0, 0, 0, 0, 0, 0, 0, 0, 0
L1-I.snoop-latency = 0, 0, 0, 0, 0, 0, 0, 0, 0, 0, 0, 0, 0, 0, 0, 0
L1-I.store-misses = 0, 0, 0, 0, 0, 0, 0, 0, 0, 0, 0, 0, 0, 0, 0, 0
L1-I.store-misses-D = 0, 0, 0, 0, 0, 0, 0, 0, 0, 0, 0, 0, 0, 0, 0, 0
L1-I.store-misses-E = 0, 0, 0, 0, 0, 0, 0, 0, 0, 0, 0, 0, 0, 0, 0, 0
L1-I.store-misses-I = 0, 0, 0, 0, 0, 0, 0, 0, 0, 0, 0, 0, 0, 0, 0, 0
L1-I.store-misses-M = 0, 0, 0, 0, 0, 0, 0, 0, 0, 0, 0, 0, 0, 0, 0, 0
L1-I.store-misses-O = 0, 0, 0, 0, 0, 0, 0, 0, 0, 0, 0, 0, 0, 0, 0, 0
L1-I.store-misses-S = 0, 0, 0, 0, 0, 0, 0, 0, 0, 0, 0, 0, 0, 0, 0, 0
L1-I.store-misses-u = 0, 0, 0, 0, 0, 0, 0, 0, 0, 0, 0, 0, 0, 0, 0, 0
L1-I.store-overlapping-misses = 0, 0, 0, 0, 0, 0, 0, 0, 0, 0, 0, 0, 0, 0, 0, 0
L1-I.stores = 0, 0, 0, 0, 0, 0, 0, 0, 0, 0, 0, 0, 0, 0, 0, 0
L1-I.stores-D = 0, 0, 0, 0, 0, 0, 0, 0, 0, 0, 0, 0, 0, 0, 0, 0
L1-I.stores-E = 0, 0, 0, 0, 0, 0, 0, 0, 0, 0, 0, 0, 0, 0, 0, 0
L1-I.stores-I = 0, 0, 0, 0, 0, 0, 0, 0, 0, 0, 0, 0, 0, 0, 0, 0
L1-I.stores-M = 0, 0, 0, 0, 0, 0, 0, 0, 0, 0, 0, 0, 0, 0, 0, 0
L1-I.stores-O = 0, 0, 0, 0, 0, 0, 0, 0, 0, 0, 0, 0, 0, 0, 0, 0
L1-I.stores-prefetch = 0, 0, 0, 0, 0, 0, 0, 0, 0, 0, 0, 0, 0, 0, 0, 0
L1-I.stores-S = 0, 0, 0, 0, 0, 0, 0, 0, 0, 0, 0, 0, 0, 0, 0, 0
L1-I.stores-u = 0, 0, 0, 0, 0, 0, 0, 0, 0, 0, 0, 0, 0, 0, 0, 0
L1-I.stores-where-cache-remote = 0, 0, 0, 0, 0, 0, 0, 0, 0, 0, 0, 0, 0, 0, 0, 0
L1-I.stores-where-dram = 0, 0, 0, 0, 0, 0, 0, 0, 0, 0, 0, 0, 0, 0, 0, 0
L1-I.stores-where-dram-cache = 0, 0, 0, 0, 0, 0, 0, 0, 0, 0, 0, 0, 0, 0, 0, 0
L1-I.stores-where-dram-local = 0, 0, 0, 0, 0, 0, 0, 0, 0, 0, 0, 0, 0, 0, 0, 0
L1-I.stores-where-dram-remote = 0, 0, 0, 0, 0, 0, 0, 0, 0, 0, 0, 0, 0, 0, 0, 0
L1-I.stores-where-L1 = 0, 0, 0, 0, 0, 0, 0, 0, 0, 0, 0, 0, 0, 0, 0, 0
L1-I.stores-where-L1_S = 0, 0, 0, 0, 0, 0, 0, 0, 0, 0, 0, 0, 0, 0, 0, 0
L1-I.stores-where-L1I = 0, 0, 0, 0, 0, 0, 0, 0, 0, 0, 0, 0, 0, 0, 0, 0
L1-I.stores-where-L2 = 0, 0, 0, 0, 0, 0, 0, 0, 0, 0, 0, 0, 0, 0, 0, 0
L1-I.stores-where-L2_S = 0, 0, 0, 0, 0, 0, 0, 0, 0, 0, 0, 0, 0, 0, 0, 0
L1-I.stores-where-L3 = 0, 0, 0, 0, 0, 0, 0, 0, 0, 0, 0, 0, 0, 0, 0, 0
L1-I.stores-where-L3_S = 0, 0, 0, 0, 0, 0, 0, 0, 0, 0, 0, 0, 0, 0, 0, 0
L1-I.stores-where-L4 = 0, 0, 0, 0, 0, 0, 0, 0, 0, 0, 0, 0, 0, 0, 0, 0
L1-I.stores-where-L4_S = 0, 0, 0, 0, 0, 0, 0, 0, 0, 0, 0, 0, 0, 0, 0, 0
L1-I.stores-where-miss = 0, 0, 0, 0, 0, 0, 0, 0, 0, 0, 0, 0, 0, 0, 0, 0
L1-I.stores-where-nuca-cache = 0, 0, 0, 0, 0, 0, 0, 0, 0, 0, 0, 0, 0, 0, 0, 0
L1-I.stores-where-nuca-local = 0, 0, 0, 0, 0, 0, 0, 0, 0, 0, 0, 0, 0, 0, 0, 0
L1-I.stores-where-nuca-remote = 0, 0, 0, 0, 0, 0, 0, 0, 0, 0, 0, 0, 0, 0, 0, 0
L1-I.stores-where-predicate-false = 0, 0, 0, 0, 0, 0, 0, 0, 0, 0, 0, 0, 0, 0, 0, 0
L1-I.stores-where-prefetch-no-mapping = 0, 0, 0, 0, 0, 0, 0, 0, 0, 0, 0, 0, 0, 0, 0, 0
L1-I.stores-where-unknown = 0, 0, 0, 0, 0, 0, 0, 0, 0, 0, 0, 0, 0, 0, 0, 0
L1-I.total-latency = 493543743070174, 964549916947, 1810182490953, 995881589948, 963620072757, 928665894270, 919597376346, 964965206461, 969476922005, 932699099689, 928526791371, 964434187643, 998446768246, 948482661034, 976593323207, 988932090666
l1misslat = 24476087.0939
L2.access-mru-0 = 1, 0, 0, 0, 0, 0, 0, 0, 0, 0, 0, 0, 0, 0, 0, 0
L2.access-mru-1 = 0, 0, 0, 0, 0, 0, 0, 0, 0, 0, 0, 0, 0, 0, 0, 0
L2.access-mru-2 = 0, 0, 0, 0, 0, 0, 0, 0, 0, 0, 0, 0, 0, 0, 0, 0
L2.access-mru-3 = 1, 0, 0, 0, 0, 0, 0, 0, 0, 0, 0, 0, 0, 0, 0, 0
L2.backinval-D = 0, 0, 0, 0, 0, 0, 0, 0, 0, 0, 0, 0, 0, 0, 0, 0
L2.backinval-E = 0, 0, 0, 0, 0, 0, 0, 0, 0, 0, 0, 0, 0, 0, 0, 0
L2.backinval-I = 0, 0, 0, 0, 0, 0, 0, 0, 0, 0, 0, 0, 0, 0, 0, 0
L2.backinval-M = 0, 0, 0, 0, 0, 0, 0, 0, 0, 0, 0, 0, 0, 0, 0, 0
L2.backinval-O = 0, 0, 0, 0, 0, 0, 0, 0, 0, 0, 0, 0, 0, 0, 0, 0
L2.backinval-S = 0, 0, 0, 0, 0, 0, 0, 0, 0, 0, 0, 0, 0, 0, 0, 0
L2.backinval-u = 0, 0, 0, 0, 0, 0, 0, 0, 0, 0, 0, 0, 0, 0, 0, 0
L2.coherency-downgrades = 236, 20225, 19460, 20138, 20555, 19844, 20239, 20348, 20773, 20600, 20245, 20153, 20396, 20038, 20398, 19925
L2.coherency-invalidates = 58, 774, 1043, 894, 806, 685, 686, 808, 819, 713, 671, 773, 958, 767, 835, 868
L2.coherency-upgrades = 342, 128, 219, 115, 124, 131, 123, 113, 140, 129, 160, 148, 111, 121, 135, 125
L2.coherency-writebacks = 48, 4018, 3816, 3985, 4026, 3890, 3937, 4080, 4083, 3932, 3890, 3822, 4040, 3945, 3854, 3858
L2.evict-D = 0, 0, 0, 0, 0, 0, 0, 0, 0, 0, 0, 0, 0, 0, 0, 0
L2.evict-E = 51142215, 161421, 342509, 158945, 158990, 160837, 160225, 159758, 158359, 159639, 157992, 159319, 158544, 159402, 160906, 158704
L2.evict-I = 0, 0, 0, 0, 0, 0, 0, 0, 0, 0, 0, 0, 0, 0, 0, 0
L2.evict-M = 7725744, 154284, 312294, 152741, 153505, 154485, 153251, 153132, 152409, 153613, 151466, 152822, 152540, 152730, 154176, 153299
L2.evict-O = 0, 0, 0, 0, 0, 0, 0, 0, 0, 0, 0, 0, 0, 0, 0, 0
L2.evict-prefetch = 0, 0, 0, 0, 0, 0, 0, 0, 0, 0, 0, 0, 0, 0, 0, 0
L2.evict-S = 159742, 110375, 198326, 109168, 109161, 109867, 109395, 108482, 108309, 109357, 108410, 108878, 109073, 108546, 109815, 109364
L2.evict-u = 0, 0, 0, 0, 0, 0, 0, 0, 0, 0, 0, 0, 0, 0, 0, 0
L2.evict-warmup = 0, 0, 0, 0, 0, 0, 0, 0, 0, 0, 0, 0, 0, 0, 0, 0
L2.hits-prefetch = 0, 0, 0, 0, 0, 0, 0, 0, 0, 0, 0, 0, 0, 0, 0, 0
L2.hits-warmup = 0, 0, 0, 0, 0, 0, 0, 0, 0, 0, 0, 0, 0, 0, 0, 0
L2.invalidate-prefetch = 0, 0, 0, 0, 0, 0, 0, 0, 0, 0, 0, 0, 0, 0, 0, 0
L2.invalidate-warmup = 0, 0, 0, 0, 0, 0, 0, 0, 0, 0, 0, 0, 0, 0, 0, 0
L2.load-misses = 56907526, 430139, 855641, 425036, 425216, 428491, 426827, 425546, 422709, 425916, 421661, 424926, 423836, 424777, 428818, 424895
L2.load-misses-D = 0, 0, 0, 0, 0, 0, 0, 0, 0, 0, 0, 0, 0, 0, 0, 0
L2.load-misses-E = 62266, 1890, 3924, 1940, 1953, 1957, 1950, 1908, 1899, 1936, 1854, 1930, 1870, 1939, 1929, 1920
L2.load-misses-I = 56845233, 428122, 851515, 422965, 423126, 426401, 424745, 423510, 420657, 423845, 419663, 422836, 421834, 422707, 426749, 422833
L2.load-misses-M = 0, 0, 0, 0, 0, 0, 0, 0, 0, 0, 0, 0, 0, 0, 0, 0
L2.load-misses-O = 0, 0, 0, 0, 0, 0, 0, 0, 0, 0, 0, 0, 0, 0, 0, 0
L2.load-misses-S = 27, 127, 202, 131, 137, 133, 132, 128, 153, 135, 144, 160, 132, 131, 140, 142
L2.load-misses-u = 0, 0, 0, 0, 0, 0, 0, 0, 0, 0, 0, 0, 0, 0, 0, 0
L2.load-overlapping-misses = 5792, 96, 47, 104, 94, 90, 91, 96, 95, 94, 76, 87, 85, 84, 91, 87
L2.loads = 56907528, 430139, 855641, 425036, 425216, 428491, 426827, 425546, 422709, 425916, 421661, 424926, 423836, 424777, 428818, 424895
L2.loads-D = 0, 0, 0, 0, 0, 0, 0, 0, 0, 0, 0, 0, 0, 0, 0, 0
L2.loads-E = 62268, 1890, 3924, 1940, 1953, 1957, 1950, 1908, 1899, 1936, 1854, 1930, 1870, 1939, 1929, 1920
L2.loads-I = 56845233, 428122, 851515, 422965, 423126, 426401, 424745, 423510, 420657, 423845, 419663, 422836, 421834, 422707, 426749, 422833
L2.loads-M = 0, 0, 0, 0, 0, 0, 0, 0, 0, 0, 0, 0, 0, 0, 0, 0
L2.loads-O = 0, 0, 0, 0, 0, 0, 0, 0, 0, 0, 0, 0, 0, 0, 0, 0
L2.loads-prefetch = 0, 0, 0, 0, 0, 0, 0, 0, 0, 0, 0, 0, 0, 0, 0, 0
L2.loads-S = 27, 127, 202, 131, 137, 133, 132, 128, 153, 135, 144, 160, 132, 131, 140, 142
L2.loads-u = 0, 0, 0, 0, 0, 0, 0, 0, 0, 0, 0, 0, 0, 0, 0, 0
L2.mshr-latency = 0, 0, 0, 0, 0, 0, 0, 0, 0, 0, 0, 0, 0, 0, 0, 0
L2.next_read.no-free-slots = 0, 0, 0, 0, 0, 0, 0, 0, 0, 0, 0, 0, 0, 0, 0, 0
L2.next_read.num-barriers = 0, 0, 0, 0, 0, 0, 0, 0, 0, 0, 0, 0, 0, 0, 0, 0
L2.next_read.num-requests = 0, 0, 0, 0, 0, 0, 0, 0, 0, 0, 0, 0, 0, 0, 0, 0
L2.next_read.requests-out-of-order = 0, 0, 0, 0, 0, 0, 0, 0, 0, 0, 0, 0, 0, 0, 0, 0
L2.next_read.requests-simultaneous = 0, 0, 0, 0, 0, 0, 0, 0, 0, 0, 0, 0, 0, 0, 0, 0
L2.next_read.total-barrier-delay = 0, 0, 0, 0, 0, 0, 0, 0, 0, 0, 0, 0, 0, 0, 0, 0
L2.next_read.total-delay = 0, 0, 0, 0, 0, 0, 0, 0, 0, 0, 0, 0, 0, 0, 0, 0
L2.prefetches = 0, 0, 0, 0, 0, 0, 0, 0, 0, 0, 0, 0, 0, 0, 0, 0
L2.qbs-query-latency = 0, 0, 0, 0, 0, 0, 0, 0, 0, 0, 0, 0, 0, 0, 0, 0
L2.snoop-latency = 0, 0, 0, 0, 0, 0, 0, 0, 0, 0, 0, 0, 0, 0, 0, 0
L2.store-misses = 6122779, 11346, 23481, 11449, 12049, 11989, 11361, 11525, 12056, 12064, 11480, 11404, 11899, 11388, 11618, 11936
L2.store-misses-D = 0, 0, 0, 0, 0, 0, 0, 0, 0, 0, 0, 0, 0, 0, 0, 0
L2.store-misses-E = 3939378, 8235, 16627, 8327, 8349, 8251, 8249, 8407, 8382, 8290, 8334, 8275, 8230, 8349, 8410, 8321
L2.store-misses-I = 2183086, 3086, 6831, 3104, 3681, 3708, 3088, 3098, 3654, 3751, 3096, 3112, 3656, 3014, 3191, 3601
L2.store-misses-M = 0, 0, 0, 0, 0, 0, 0, 0, 0, 0, 0, 0, 0, 0, 0, 0
L2.store-misses-O = 0, 0, 0, 0, 0, 0, 0, 0, 0, 0, 0, 0, 0, 0, 0, 0
L2.store-misses-S = 315, 25, 23, 18, 19, 30, 24, 20, 20, 23, 50, 17, 13, 25, 17, 14
L2.store-misses-u = 0, 0, 0, 0, 0, 0, 0, 0, 0, 0, 0, 0, 0, 0, 0, 0
L2.store-overlapping-misses = 978181, 3056, 5716, 3084, 2943, 3007, 3096, 3153, 3052, 3086, 3155, 3132, 2957, 3133, 3076, 2967
L2.stores = 6122779, 11346, 23481, 11449, 12049, 11989, 11361, 11525, 12056, 12064, 11480, 11404, 11899, 11388, 11618, 11936
L2.stores-D = 0, 0, 0, 0, 0, 0, 0, 0, 0, 0, 0, 0, 0, 0, 0, 0
L2.stores-E = 3939378, 8235, 16627, 8327, 8349, 8251, 8249, 8407, 8382, 8290, 8334, 8275, 8230, 8349, 8410, 8321
L2.stores-I = 2183086, 3086, 6831, 3104, 3681, 3708, 3088, 3098, 3654, 3751, 3096, 3112, 3656, 3014, 3191, 3601
L2.stores-M = 0, 0, 0, 0, 0, 0, 0, 0, 0, 0, 0, 0, 0, 0, 0, 0
L2.stores-O = 0, 0, 0, 0, 0, 0, 0, 0, 0, 0, 0, 0, 0, 0, 0, 0
L2.stores-prefetch = 0, 0, 0, 0, 0, 0, 0, 0, 0, 0, 0, 0, 0, 0, 0, 0
L2.stores-S = 315, 25, 23, 18, 19, 30, 24, 20, 20, 23, 50, 17, 13, 25, 17, 14
L2.stores-u = 0, 0, 0, 0, 0, 0, 0, 0, 0, 0, 0, 0, 0, 0, 0, 0
L2.total-latency = 0, 0, 0, 0, 0, 0, 0, 0, 0, 0, 0, 0, 0, 0, 0, 0
L2.uncore-requests = 59028658, 431356, 858570, 426215, 426960, 430266, 427985, 426748, 424481, 427751, 422946, 426121, 425630, 425872, 430095, 426587
L2.uncore-time-dram = 0, 0, 0, 0, 0, 0, 0, 0, 0, 0, 0, 0, 0, 0, 0, 0
L2.uncore-time-dram-bus = 24861955688652, 351745258204, 661892039348, 346519107084, 344276919668, 346106072560, 347614912964, 348424123460, 344529797948, 345111417992, 341318243792, 347277741924, 345971204144, 343324411480, 344622519984, 341621697728
L2.uncore-time-dram-cache = 0, 0, 0, 0, 0, 0, 0, 0, 0, 0, 0, 0, 0, 0, 0, 0
L2.uncore-time-dram-cache-bus = 0, 0, 0, 0, 0, 0, 0, 0, 0, 0, 0, 0, 0, 0, 0, 0
L2.uncore-time-dram-cache-data = 0, 0, 0, 0, 0, 0, 0, 0, 0, 0, 0, 0, 0, 0, 0, 0
L2.uncore-time-dram-cache-queue = 0, 0, 0, 0, 0, 0, 0, 0, 0, 0, 0, 0, 0, 0, 0, 0
L2.uncore-time-dram-cache-tags = 0, 0, 0, 0, 0, 0, 0, 0, 0, 0, 0, 0, 0, 0, 0, 0
L2.uncore-time-dram-device = 132726465000000, 1877805000000, 3533535000000, 1849905000000, 1837935000000, 1847700000000, 1855755000000, 1860075000000, 1839285000000, 1842390000000, 1822140000000, 1853955000000, 1846980000000, 1832850000000, 1839780000000, 1823760000000
L2.uncore-time-dram-queue = 1172697777276, 90697815654, 95179656267, 86802034542, 89672233679, 88711863738, 92232107787, 92042833049, 87659283039, 93002020887, 90047737775, 99255422808, 95372753939, 92254732518, 85248362593, 78964620525
L2.uncore-time-inv-imbalance = 3351578403, 2371430604, 2467061736, 1143627344, 1288972815, 1190903184, 1295641776, 985736435, 955802357, 1121903114, 1305694224, 1033396462, 874081574, 742626986, 674262323, 529935613
L2.uncore-time-noc-base = 634979939531519, 4510532255523, 8530237107311, 4924659408759, 4346882116866, 3982447600332, 4021490056819, 4471967518107, 4419528861595, 4016471389824, 3964964585321, 4456087395885, 4930117639704, 4442260416977, 4421576667916, 4839525589291
L2.uncore-time-noc-queue = 123594051392817, 1267393341772, 1690391464016, 1244467847920, 1486311019996, 1448411147975, 1459419055685, 1422811635880, 1533397526845, 1534958109347, 1512932903697, 1484942004104, 1446032230934, 1399917307678, 1334132870110, 1252226057749
L2.uncore-time-nuca-bus = 169922235019, 13404503254, 14674851150, 12962820420, 13788487228, 13772360739, 13780071024, 13826661893, 14115889092, 14560105650, 14612581139, 14965320433, 14625281867, 14341016844, 13312905228, 12712043006
L2.uncore-time-nuca-data = 168648674492232, 1101869367799, 2220272350738, 1088146048691, 1091024182249, 1100816849087, 1094119269738, 1089001888044, 1085269650483, 1093221153155, 1081541583876, 1087946785693, 1088501045377, 1088979610552, 1100212379451, 1091128435291
L2.uncore-time-nuca-ecc = 0, 0, 0, 0, 0, 0, 0, 0, 0, 0, 0, 0, 0, 0, 0, 0
L2.uncore-time-nuca-queue = 56130540991536, 366687538080, 738954765482, 362106070928, 363071011792, 366330189648, 364101016096, 362392350064, 361160148608, 363797720368, 359934953984, 362052018224, 362239200736, 362393351040, 366142006160, 363110298954
L2.uncore-time-nuca-tags = 44379815490864, 306810584802, 614101619646, 302903074836, 303427885680, 306039157974, 304499311830, 303288036372, 302015106918, 304048185030, 300808342728, 302930142444, 302954202540, 302833902060, 305765474382, 303221119230
L2.uncore-time-remote-cache-inv = 0, 0, 0, 0, 0, 0, 0, 0, 0, 0, 0, 0, 0, 0, 0, 0
L2.uncore-time-remote-cache-wb = 0, 0, 0, 0, 0, 0, 0, 0, 0, 0, 0, 0, 0, 0, 0, 0
L2.uncore-time-td-access = 221935058576010, 1709206663500, 3399232919220, 1703905923600, 1706115510946, 1713048760080, 1706052535290, 1708385680278, 1704849530490, 1707950093266, 1684111801276, 1689669113670, 1686973631040, 1698056312760, 1714924695690, 1700864486042
L2.uncore-time-unknown = 46611712000000, 378084963118, 736720000000, 337232000000, 408146488013, 402038363250, 355755374316, 347172449439, 365088088819, 351086855464, 341264000000, 308048000000, 341679023383, 362525794649, 479304012481, 333261734327
L2.uncore-totaltime = 1455214184754328, 11976608722310, 22237658834914, 12260752964124, 11991939828932, 11616613268567, 11616114353325, 12020372409265, 12057854686194, 11667718954097, 11514982427812, 12008162341647, 12462320295238, 11940477979788, 12005696156318, 12140926017756
ncores = 16
network.shmem-1.mesh.bytes-in = 4809156548, 175179258, 204392674, 173270434, 251019662, 176211976, 275964116, 205916416, 323168806, 204553826, 189452378, 214876540, 359408178, 180956696, 169428636, 236437600
network.shmem-1.mesh.bytes-out = 2503915720, 289071478, 302182050, 274362640, 408431640, 275097830, 498917148, 325603896, 545462488, 329604240, 300827858, 349829804, 721301220, 301711996, 274203558, 448870178
network.shmem-1.mesh.contention-delay = 207890488495930, 3117347161141, 3560408225963, 3325354381788, 6210560388901, 3264176829039, 3633568552349, 3357327651547, 6372381928145, 3367731316654, 3169064922080, 3407674725783, 6499063142462, 3201166419048, 3151311923363, 3489975754040
network.shmem-1.mesh.link-down.num-requests = 0, 0, 0, 0, 49456957, 1239995, 1543705, 1188249, 35487502, 1363040, 1976486, 1741941, 19779649, 1026646, 1103485, 1637118
network.shmem-1.mesh.link-down.num-requests-analytical = 0, 0, 0, 0, 0, 0, 0, 0, 0, 0, 0, 0, 0, 0, 0, 0
network.shmem-1.mesh.link-down.total-queue-delay = 0, 0, 0, 0, 71404074458875, 415225499212, 524360828473, 338304228594, 40952332981904, 709579788418, 898689451019, 703577412730, 8724594376539, 374740138918, 408318708846, 300331945203
network.shmem-1.mesh.link-down.total-time-used = 0, 0, 0, 0, 177904763819390, 2883355065946, 4026179931830, 2819728244334, 125261057058884, 2763220732024, 5128741175668, 4331892614814, 68877205190990, 2099860827668, 2467037628974, 4513334647068
network.shmem-1.mesh.link-in.num-requests = 112964563, 4400638, 5062399, 4213730, 5919153, 4215634, 7092003, 4869072, 7680959, 4920342, 4553497, 5188231, 9941922, 4558773, 4190416, 6451539
network.shmem-1.mesh.link-in.num-requests-analytical = 0, 0, 0, 0, 0, 0, 0, 0, 0, 0, 0, 0, 0, 0, 0, 0
network.shmem-1.mesh.link-in.total-queue-delay = 14641389243848, 1287645024262, 1483239991179, 1228808317778, 1803699357634, 1227779792450, 1749802853600, 1197002300079, 1937330900722, 1515036211891, 1375297989504, 1287989387480, 2501089438923, 1314467321734, 1457332991988, 1948156448516
network.shmem-1.mesh.link-in.total-time-used = 99852378368522, 13423845332564, 13886753788826, 12745381797172, 19029844521606, 12755593380716, 23298406881234, 15151234962456, 25484877800842, 15340835665380, 13987847572862, 16304007337466, 33764204720700, 14025183659502, 12692979801440, 20955248583114
network.shmem-1.mesh.link-left.num-requests = 0, 10304994, 7738225, 3980796, 0, 13371983, 10768166, 4635844, 0, 11893701, 8564935, 4957732, 0, 12334383, 9407836, 6219013
network.shmem-1.mesh.link-left.num-requests-analytical = 0, 0, 0, 0, 0, 0, 0, 0, 0, 0, 0, 0, 0, 0, 0, 0
network.shmem-1.mesh.link-left.total-queue-delay = 0, 2868605619196, 1791137558345, 79531317751, 0, 3657912546636, 2941543098018, 82453111332, 0, 4135014955808, 2238812340901, 72111759279, 0, 3612311960661, 2845315718524, 82736980150
network.shmem-1.mesh.link-left.total-time-used = 0, 33606802157604, 23771401541342, 12262165548096, 0, 45390747469738, 35952484523404, 14666744732552, 0, 39965530594326, 27873690229010, 15842469337016, 0, 41589594595962, 30961351409144, 20476112470382
network.shmem-1.mesh.link-out.num-requests = 57802341, 7083308, 7207295, 6715889, 9725758, 6721369, 12469479, 8026956, 13245504, 8127845, 7393173, 8656223, 17760931, 7412727, 6683517, 11190556
network.shmem-1.mesh.link-out.num-requests-analytical = 0, 0, 0, 0, 0, 0, 0, 0, 0, 0, 0, 0, 0, 0, 0, 0
network.shmem-1.mesh.link-out.total-queue-delay = 60088112717422, 409132825774, 579020207683, 372323349137, 874969562564, 705814430203, 666743713330, 630662947374, 829708770602, 651326667477, 701890659192, 626701973319, 528993328983, 424561314949, 478275466362, 452454235392
network.shmem-1.mesh.link-out.total-time-used = 208019122167750, 8079657751864, 9297697784146, 8002167158686, 11643860869172, 8116070964614, 12837106696746, 9536109935328, 15055111413696, 9473839351222, 8762388669390, 9972417573610, 16780953655826, 8358986668074, 7776678990582, 10986454523696
network.shmem-1.mesh.link-right.num-requests = 80091449, 57263628, 29877816, 0, 1955621, 1403087, 961140, 0, 1925212, 2275820, 949842, 0, 1904842, 2258828, 1871639, 0
network.shmem-1.mesh.link-right.num-requests-analytical = 0, 0, 0, 0, 0, 0, 0, 0, 0, 0, 0, 0, 0, 0, 0, 0
network.shmem-1.mesh.link-right.total-queue-delay = 455939988142, 307911077306, 193677967570, 0, 173191834327, 563475597048, 260506517853, 0, 151214265182, 729445755173, 257481046575, 0, 129977819238, 691410050243, 421839668157, 0
network.shmem-1.mesh.link-right.total-time-used = 70815477528526, 51341086767120, 27208561330320, 0, 5553517380094, 3002532630298, 2027363541144, 0, 5447632920824, 6212761593880, 1983383280612, 0, 5368304293412, 6151707319216, 5369460447082, 0
network.shmem-1.mesh.link-up.num-requests = 34832724, 18818377, 23027192, 24583110, 28473026, 14384404, 12392122, 18304214, 17169117, 7161133, 6398220, 10723509, 0, 0, 0, 0
network.shmem-1.mesh.link-up.num-requests-analytical = 0, 0, 0, 0, 0, 0, 0, 0, 0, 0, 0, 0, 0, 0, 0, 0
network.shmem-1.mesh.link-up.total-queue-delay = 479312200339, 254980093641, 279871967986, 177619156589, 893562650552, 806541174681, 642701335452, 516014596867, 422169318447, 349464157883, 431359097022, 289557955277, 0, 0, 0, 0
network.shmem-1.mesh.link-up.total-time-used = 32529344649240, 17866532791790, 21238525380064, 22509338665044, 27108851630812, 15498642677432, 12491816106692, 16997246871244, 15672663823566, 7845310048862, 7253728884744, 9651192610950, 0, 0, 0, 0
network.shmem-1.mesh.packets-in = 67671246, 7168731, 7370215, 6794343, 9816609, 6811356, 12550726, 8106400, 13328373, 8208199, 7472715, 8729170, 17839839, 7495284, 6788066, 11267728
network.shmem-1.mesh.packets-out = 122833468, 4486061, 5225319, 4292184, 6010004, 4305621, 7173250, 4948516, 7763828, 5000696, 4633039, 5261178, 10020830, 4641330, 4294965, 6528711
network.shmem-1.mesh.total-delay = 555601793454874, 18280840031321, 24859045053339, 27095588160202, 27953898433203, 21444831814559, 43720539228173, 35911694588053, 43096240610963, 30192582582320, 32047912639448, 43678917808855, 65156906366830, 32427046529340, 33098152087463, 61862304388426
nuca-cache-queue.num-requests = 3831328, 3480492, 3352882, 3346108, 4236162, 3395056, 6568126, 4227386, 6353665, 4234836, 3792816, 4536176, 8181949, 3666947, 3280060, 5593944
nuca-cache-queue.num-requests-analytical = 0, 0, 0, 0, 0, 0, 0, 0, 0, 0, 0, 0, 0, 0, 0, 0
nuca-cache-queue.total-queue-delay = 27363248352, 17831663993, 26636988200, 21412466047, 24669043665, 18731201303, 29899322599, 21324189122, 29866008350, 22892769734, 19685780502, 22917810091, 37488015385, 22766730841, 27670477411, 31480381231
nuca-cache-queue.total-time-used = 3835067376128, 3483888960192, 3356154412832, 3349373801408, 4240296494112, 3398369574656, 6574536490976, 4231511928736, 6359866177040, 4238969199936, 3796517788416, 4540603307776, 8189934582224, 3670525940272, 3283261338560, 5599403689344
nuca-cache.access-mru-0 = 2800163, 2405513, 2336658, 2341740, 3222772, 2374033, 5519442, 3215275, 5331154, 3216057, 2770165, 3480325, 7156530, 2656148, 2270343, 4566578
nuca-cache.access-mru-1 = 301587, 337386, 286653, 281129, 291650, 295337, 315796, 284554, 297664, 293425, 297571, 327162, 294639, 284942, 286232, 300277
nuca-cache.access-mru-10 = 38435, 39444, 38570, 38548, 38301, 38744, 39280, 38844, 38565, 38864, 38503, 38828, 38548, 38714, 37993, 38535
nuca-cache.access-mru-11 = 32472, 33368, 32285, 32336, 32078, 32158, 32347, 32415, 32409, 32343, 32468, 32396, 32073, 32545, 32432, 32254
nuca-cache.access-mru-12 = 26724, 27334, 26840, 26747, 27279, 26625, 26926, 26869, 26469, 26991, 26682, 26986, 26872, 26700, 27040, 26805
nuca-cache.access-mru-13 = 23745, 24575, 23923, 23671, 23717, 23767, 23408, 23575, 23913, 23847, 23817, 23819, 23657, 23535, 24023, 23821
nuca-cache.access-mru-14 = 21880, 23036, 21473, 21863, 21815, 21741, 21758, 21725, 21712, 21954, 21967, 21780, 21972, 21669, 21858, 21774
nuca-cache.access-mru-15 = 19707, 20144, 19580, 19506, 19505, 19575, 19401, 19738, 19425, 19734, 19678, 19817, 19597, 19782, 19737, 19678
nuca-cache.access-mru-2 = 144474, 143749, 142160, 141786, 140121, 141863, 145258, 142601, 142615, 138921, 139943, 141864, 143673, 141347, 141247, 142841
nuca-cache.access-mru-3 = 98781, 99253, 99125, 97943, 97207, 97937, 99192, 98078, 97859, 97300, 97539, 98101, 98851, 97735, 97395, 98671
nuca-cache.access-mru-4 = 76336, 76818, 77304, 75913, 75967, 76906, 76663, 76253, 76224, 76428, 76124, 76724, 77097, 75734, 75677, 76509
nuca-cache.access-mru-5 = 63646, 64134, 63934, 62832, 63137, 63055, 64225, 63179, 63200, 63726, 62947, 63790, 64408, 63450, 63377, 63500
nuca-cache.access-mru-6 = 54390, 55112, 54913, 53768, 54087, 54191, 55139, 54798, 53916, 54885, 55286, 54433, 54068, 54610, 53978, 54201
nuca-cache.access-mru-7 = 47584, 47983, 47620, 47244, 47587, 47645, 47644, 47596, 47351, 47991, 47992, 48003, 47940, 48047, 47432, 47214
nuca-cache.access-mru-8 = 42131, 42641, 42098, 41669, 41776, 42023, 42033, 42369, 41971, 42379, 42493, 42414, 42522, 42256, 42077, 42204
nuca-cache.access-mru-9 = 39273, 40002, 39746, 39413, 39163, 39456, 39614, 39517, 39218, 39991, 39641, 39734, 39502, 39733, 39219, 39082
nuca-cache.read-misses = 225809, 223619, 223870, 225067, 225232, 224741, 225821, 225162, 224903, 224649, 225397, 226176, 225353, 225513, 225962, 224733
nuca-cache.reads = 3481578, 3212879, 3100053, 3025250, 3846436, 3034019, 5904005, 3682817, 5601782, 3733669, 3365241, 3991312, 7855078, 3378165, 3021959, 5263421
nuca-cache.write-misses = 225837, 224238, 223892, 225088, 225264, 224768, 225857, 225202, 224929, 224682, 225428, 226214, 225379, 225532, 225978, 224761
nuca-cache.writes = 801396, 715470, 700591, 771013, 840222, 810546, 1115799, 994933, 1201715, 950498, 878400, 997254, 777603, 739827, 710041, 780017
performance_model.cpiDTLBMiss = 0, 0, 0, 0, 0, 0, 0, 0, 0, 0, 0, 0, 0, 0, 0, 0
performance_model.cpiFastforwardTime = 0, 0, 0, 0, 0, 0, 0, 0, 0, 0, 0, 0, 0, 0, 0, 0
performance_model.cpiITLBMiss = 0, 0, 0, 0, 0, 0, 0, 0, 0, 0, 0, 0, 0, 0, 0, 0
performance_model.cpiRecv = 0, 0, 0, 0, 0, 0, 0, 0, 0, 0, 0, 0, 0, 0, 0, 0
performance_model.cpiStartTime = 0, 908563263460015, 908564267593084, 908564440525024, 908564684509435, 908564899922482, 908565148794100, 908565362327452, 908565738642391, 908566036386079, 908566173603814, 908566361949253, 908566576234483, 908566909692376, 908567139391105, 908567557811212
performance_model.cpiSyncDvfsTransition = 0, 0, 0, 0, 0, 0, 0, 0, 0, 0, 0, 0, 0, 0, 0, 0
performance_model.cpiSyncFutex = 23559964950892, 11251303670785, 80157486801, 11083140514740, 11233969121235, 11446797963549, 11472217454973, 11224153729884, 11217305249121, 11442303236865, 11583955172370, 11233626640806, 10959374629038, 11286596445906, 11207940232692, 11133440025123
performance_model.cpiSyncJoin = 0, 0, 0, 0, 0, 0, 0, 0, 0, 0, 0, 0, 0, 0, 0, 0
performance_model.cpiSyncMemAccess = 0, 0, 0, 0, 0, 0, 0, 0, 0, 0, 0, 0, 0, 0, 0, 0
performance_model.cpiSyncPause = 0, 0, 0, 0, 0, 0, 0, 0, 0, 0, 0, 0, 0, 0, 0, 0
performance_model.cpiSyncPthreadBarrier = 0, 0, 0, 0, 0, 0, 0, 0, 0, 0, 0, 0, 0, 0, 0, 0
performance_model.cpiSyncPthreadCond = 0, 0, 0, 0, 0, 0, 0, 0, 0, 0, 0, 0, 0, 0, 0, 0
performance_model.cpiSyncPthreadMutex = 0, 0, 0, 0, 0, 0, 0, 0, 0, 0, 0, 0, 0, 0, 0, 0
performance_model.cpiSyncSleep = 0, 0, 0, 0, 0, 0, 0, 0, 0, 0, 0, 0, 0, 0, 0, 0
performance_model.cpiSyncSyscall = 22090075978, 0, 0, 0, 0, 0, 0, 0, 0, 0, 0, 0, 0, 0, 0, 0
performance_model.cpiSyncUnscheduled = 0, 0, 1216162665, 0, 0, 0, 0, 0, 0, 0, 0, 0, 0, 0, 0, 0
performance_model.cpiUnknown = 134423756352, 0, 0, 0, 0, 0, 0, 0, 0, 0, 0, 0, 0, 0, 0, 0
performance_model.cycle_count = 2813880637.75, 2479462198.54, 2479461115.54, 2479459223.54, 2479459141.54, 2479459573.54, 2479459158.54, 2479459571.54, 2479459646.54, 2479459452.54, 2479459452.54, 2479459334.54, 2479459905.54, 2479459714.54, 2479459878.54, 2479460013.54
performance_model.dyninsn_cost = 0, 0, 0, 0, 0, 0, 0, 0, 0, 0, 0, 0, 0, 0, 0, 0
performance_model.dyninsn_count = 0, 0, 0, 0, 0, 0, 0, 0, 0, 0, 0, 0, 0, 0, 0, 0
performance_model.dyninsn_zero_count = 0, 0, 0, 0, 0, 0, 0, 0, 0, 0, 0, 0, 0, 0, 0, 0
performance_model.elapsed_time = 1057849863816941, 932128646067836, 932128238923639, 932127527647051, 932127496820053, 932127659225701, 932127503211016, 932127658473823, 932127686669248, 932127613737082, 932127613737082, 932127569376280, 932127784037449, 932127712233100, 932127773887096, 932127824638861
performance_model.elapsed_time_begin = 0, 0, 0, 0, 0, 0, 0, 0, 0, 0, 0, 0, 0, 0, 0, 0
performance_model.elapsed_time_end = 1057849863816941, 932128646067836, 932128238923639, 932127527647051, 932127496820053, 932127659225701, 932127503211016, 932127658473823, 932127686669248, 932127613737082, 932127613737082, 932127569376280, 932127784037449, 932127712233100, 932127773887096, 932127824638861
performance_model.idle_elapsed_time = 23582055026870, 919814567130800, 908645641242550, 919647581039764, 919798653630670, 920011697886031, 920037366249073, 919789516057336, 919783043891512, 920008339622944, 920150128776184, 919799988590059, 919525950863521, 919853506138282, 919775079623797, 919700997836335
performance_model.instruction_count = 1282174015, 16350828, 32606870, 16235692, 16261418, 16342768, 16272740, 16278774, 16181460, 16263011, 16164737, 16257098, 16180794, 16243535, 16353416, 16273478
pthread.pthread_barrier_wait_count = 0, 0, 0, 0, 0, 0, 0, 0, 0, 0, 0, 0, 0, 0, 0, 0
pthread.pthread_barrier_wait_delay_mem = 0, 0, 0, 0, 0, 0, 0, 0, 0, 0, 0, 0, 0, 0, 0, 0
pthread.pthread_barrier_wait_delay_sync = 0, 0, 0, 0, 0, 0, 0, 0, 0, 0, 0, 0, 0, 0, 0, 0
pthread.pthread_cond_broadcast_count = 0, 0, 0, 0, 0, 0, 0, 0, 0, 0, 0, 0, 0, 0, 0, 0
pthread.pthread_cond_broadcast_delay_mem = 0, 0, 0, 0, 0, 0, 0, 0, 0, 0, 0, 0, 0, 0, 0, 0
pthread.pthread_cond_broadcast_delay_sync = 0, 0, 0, 0, 0, 0, 0, 0, 0, 0, 0, 0, 0, 0, 0, 0
pthread.pthread_cond_signal_count = 0, 0, 0, 0, 0, 0, 0, 0, 0, 0, 0, 0, 0, 0, 0, 0
pthread.pthread_cond_signal_delay_mem = 0, 0, 0, 0, 0, 0, 0, 0, 0, 0, 0, 0, 0, 0, 0, 0
pthread.pthread_cond_signal_delay_sync = 0, 0, 0, 0, 0, 0, 0, 0, 0, 0, 0, 0, 0, 0, 0, 0
pthread.pthread_cond_wait_count = 0, 0, 0, 0, 0, 0, 0, 0, 0, 0, 0, 0, 0, 0, 0, 0
pthread.pthread_cond_wait_delay_mem = 0, 0, 0, 0, 0, 0, 0, 0, 0, 0, 0, 0, 0, 0, 0, 0
pthread.pthread_cond_wait_delay_sync = 0, 0, 0, 0, 0, 0, 0, 0, 0, 0, 0, 0, 0, 0, 0, 0
pthread.pthread_mutex_lock_contended = 0, 0, 0, 0, 0, 0, 0, 0, 0, 0, 0, 0, 0, 0, 0, 0
pthread.pthread_mutex_lock_count = 0, 0, 0, 0, 0, 0, 0, 0, 0, 0, 0, 0, 0, 0, 0, 0
pthread.pthread_mutex_lock_delay_mem = 0, 0, 0, 0, 0, 0, 0, 0, 0, 0, 0, 0, 0, 0, 0, 0
pthread.pthread_mutex_lock_delay_sync = 0, 0, 0, 0, 0, 0, 0, 0, 0, 0, 0, 0, 0, 0, 0, 0
pthread.pthread_mutex_trylock_count = 0, 0, 0, 0, 0, 0, 0, 0, 0, 0, 0, 0, 0, 0, 0, 0
pthread.pthread_mutex_trylock_delay_mem = 0, 0, 0, 0, 0, 0, 0, 0, 0, 0, 0, 0, 0, 0, 0, 0
pthread.pthread_mutex_trylock_delay_sync = 0, 0, 0, 0, 0, 0, 0, 0, 0, 0, 0, 0, 0, 0, 0, 0
pthread.pthread_mutex_unlock_contended = 0, 0, 0, 0, 0, 0, 0, 0, 0, 0, 0, 0, 0, 0, 0, 0
pthread.pthread_mutex_unlock_count = 0, 0, 0, 0, 0, 0, 0, 0, 0, 0, 0, 0, 0, 0, 0, 0
pthread.pthread_mutex_unlock_delay_mem = 0, 0, 0, 0, 0, 0, 0, 0, 0, 0, 0, 0, 0, 0, 0, 0
pthread.pthread_mutex_unlock_delay_sync = 0, 0, 0, 0, 0, 0, 0, 0, 0, 0, 0, 0, 0, 0, 0, 0
pthread_locks_contended = 0.0
roi.instrs = 1542799901
roi.ipscore = 7685.70350724
roi.ipstotal = 122971.256116
roi.walltime = 12546.020507
stlb.access = 13115303, 374884, 740437, 366428, 376416, 377820, 375302, 373584, 359855, 365421, 357669, 369133, 364223, 367762, 376390, 375300
stlb.miss = 6449545, 195513, 389036, 193296, 193849, 195107, 194623, 193430, 191838, 193505, 191030, 192903, 192265, 193273, 194824, 193595
stlb_cache.access-mru-0 = 1250627, 56669, 111627, 55241, 57361, 57417, 56856, 56588, 53832, 54344, 53124, 55815, 54675, 55660, 56338, 56383
stlb_cache.access-mru-1 = 2662960, 55374, 103357, 52468, 57769, 57595, 56358, 57109, 49772, 52144, 49396, 53085, 51997, 53489, 57848, 58180
stlb_cache.access-mru-2 = 1620268, 37511, 74092, 36010, 37542, 37526, 37523, 37207, 35661, 36253, 35244, 37173, 36255, 36153, 37713, 37089
stlb_cache.access-mru-3 = 1131903, 29817, 62325, 29413, 29895, 30175, 29942, 29250, 28752, 29175, 28875, 30157, 29031, 29187, 29667, 30053
syscall.stderr-bytes = 0, 0, 0, 0, 0, 0, 0, 0, 0, 0, 0, 0, 0, 0, 0, 0
syscall.stdout-bytes = 400, 0, 0, 0, 0, 0, 0, 0, 0, 0, 0, 0, 0, 0, 0, 0
thread.bottle_contrib_time = 1034263958803399, 808104906122, 6037057398828, 817754474654, 793306632785, 771740925986, 767625438121, 796173505654, 796235533593, 771387370213, 760867770103, 804040179669, 843573917208, 790167868178, 804731848332, 822054370821, 6378992794518
thread.bottle_runtime_time = 1034267808790071, 12334016943261, 23087752031481, 12496486149812, 12348325174821, 12140966602816, 12112663657002, 12357221037458, 12359800386577, 12142059853768, 12008054510743, 12344960867330, 12617165175525, 12293535444502, 12372669494265, 12443324978201, 23229091517256
thread.elapsed_time = 1057849800000000, 23564336539985, 23563932406916, 23563059474976, 23562715490565, 23562700077518, 23562351205900, 23562237672548, 23561861357609, 23561563613921, 23561426396186, 23561138050747, 23561123765517, 23560790307624, 23560560608895, 23560242188788, 23560058354617
thread.instruction_count = 1282173929, 16350718, 16309785, 16235588, 16261277, 16342664, 16272714, 16278672, 16181356, 16262922, 16164648, 16256994, 16180690, 16243449, 16353312, 16273380, 16297032
thread.instructions_by_core[0] = 1282173929, 0, 0, 0, 0, 0, 0, 0, 0, 0, 0, 0, 0, 0, 0, 0
thread.instructions_by_core[10] = 0, 0, 0, 0, 0, 0, 0, 0, 0, 0, 16164648, 0, 0, 0, 0, 0
thread.instructions_by_core[11] = 0, 0, 0, 0, 0, 0, 0, 0, 0, 0, 0, 16256994, 0, 0, 0, 0
thread.instructions_by_core[12] = 0, 0, 0, 0, 0, 0, 0, 0, 0, 0, 0, 0, 16180690, 0, 0, 0
thread.instructions_by_core[13] = 0, 0, 0, 0, 0, 0, 0, 0, 0, 0, 0, 0, 0, 16243449, 0, 0
thread.instructions_by_core[14] = 0, 0, 0, 0, 0, 0, 0, 0, 0, 0, 0, 0, 0, 0, 16353312, 0
thread.instructions_by_core[15] = 0, 0, 0, 0, 0, 0, 0, 0, 0, 0, 0, 0, 0, 0, 0, 16273380
thread.instructions_by_core[1] = 0, 16350718, 0, 0, 0, 0, 0, 0, 0, 0, 0, 0, 0, 0, 0, 0
thread.instructions_by_core[2] = 0, 0, 16309785, 0, 0, 0, 0, 0, 0, 0, 0, 0, 0, 0, 0, 0, 16297032
thread.instructions_by_core[3] = 0, 0, 0, 16235588, 0, 0, 0, 0, 0, 0, 0, 0, 0, 0, 0, 0
thread.instructions_by_core[4] = 0, 0, 0, 0, 16261277, 0, 0, 0, 0, 0, 0, 0, 0, 0, 0, 0
thread.instructions_by_core[5] = 0, 0, 0, 0, 0, 16342664, 0, 0, 0, 0, 0, 0, 0, 0, 0, 0
thread.instructions_by_core[6] = 0, 0, 0, 0, 0, 0, 16272714, 0, 0, 0, 0, 0, 0, 0, 0, 0
thread.instructions_by_core[7] = 0, 0, 0, 0, 0, 0, 0, 16278672, 0, 0, 0, 0, 0, 0, 0, 0
thread.instructions_by_core[8] = 0, 0, 0, 0, 0, 0, 0, 0, 16181356, 0, 0, 0, 0, 0, 0, 0
thread.instructions_by_core[9] = 0, 0, 0, 0, 0, 0, 0, 0, 0, 16262922, 0, 0, 0, 0, 0, 0
thread.nonidle_cycle_count = 2751152334, 32755334, 30137582, 33196599, 32794465, 32228313, 32159756, 32819386, 32836573, 32237234, 31860074, 32791224, 33520679, 32649356, 32858012, 33055298, 32326011
thread.nonidle_elapsed_time = 1034267794880328, 12314035704051, 11329918379289, 12479924802825, 12328746573060, 12115907204454, 12090133954431, 12338115348879, 12344576612472, 12119260956273, 11977471803033, 12327528154761, 12601759113945, 12274194064770, 12352636368693, 12426803870247, 12152636068815
thread.time_by_core[0] = 1034267794880328, 0, 0, 0, 0, 0, 0, 0, 0, 0, 0, 0, 0, 0, 0, 0
thread.time_by_core[10] = 0, 0, 0, 0, 0, 0, 0, 0, 0, 0, 11977471803033, 0, 0, 0, 0, 0
thread.time_by_core[11] = 0, 0, 0, 0, 0, 0, 0, 0, 0, 0, 0, 12327528154761, 0, 0, 0, 0
thread.time_by_core[12] = 0, 0, 0, 0, 0, 0, 0, 0, 0, 0, 0, 0, 12601759113945, 0, 0, 0
thread.time_by_core[13] = 0, 0, 0, 0, 0, 0, 0, 0, 0, 0, 0, 0, 0, 12274194064770, 0, 0
thread.time_by_core[14] = 0, 0, 0, 0, 0, 0, 0, 0, 0, 0, 0, 0, 0, 0, 12352636368693, 0
thread.time_by_core[15] = 0, 0, 0, 0, 0, 0, 0, 0, 0, 0, 0, 0, 0, 0, 0, 12426803870247
thread.time_by_core[1] = 0, 12314035704051, 0, 0, 0, 0, 0, 0, 0, 0, 0, 0, 0, 0, 0, 0
thread.time_by_core[2] = 0, 0, 11329918379289, 0, 0, 0, 0, 0, 0, 0, 0, 0, 0, 0, 0, 0, 12152636068815
thread.time_by_core[3] = 0, 0, 0, 12479924802825, 0, 0, 0, 0, 0, 0, 0, 0, 0, 0, 0, 0
thread.time_by_core[4] = 0, 0, 0, 0, 12328746573060, 0, 0, 0, 0, 0, 0, 0, 0, 0, 0, 0
thread.time_by_core[5] = 0, 0, 0, 0, 0, 12115907204454, 0, 0, 0, 0, 0, 0, 0, 0, 0, 0
thread.time_by_core[6] = 0, 0, 0, 0, 0, 0, 12090133954431, 0, 0, 0, 0, 0, 0, 0, 0, 0
thread.time_by_core[7] = 0, 0, 0, 0, 0, 0, 0, 12338115348879, 0, 0, 0, 0, 0, 0, 0, 0
thread.time_by_core[8] = 0, 0, 0, 0, 0, 0, 0, 0, 12344576612472, 0, 0, 0, 0, 0, 0, 0
thread.time_by_core[9] = 0, 0, 0, 0, 0, 0, 0, 0, 0, 12119260956273, 0, 0, 0, 0, 0, 0
thread.unscheduled_time = 23582055026870, 11235303670785, 12202014229549, 11073140514740, 11217969121235, 11424797963549, 11450217454973, 11209153729884, 11208305249121, 11423303236865, 11556955172370, 11218626640806, 10949374629038, 11269596445906, 11194940232692, 11120440025123, 11375422488628
time.walltime = 12546020507, 0, 0, 0, 0, 0, 0, 0, 0, 0, 0, 0, 0, 0, 0, 0
vmem = 2763685888
walltime = 12546.8312161
