barrier.global_time = 37684000000000, 0, 0, 0, 0, 0, 0, 0, 0, 0, 0, 0, 0, 0, 0, 0
barrier.global_time_begin = 0, 0, 0, 0, 0, 0, 0, 0, 0, 0, 0, 0, 0, 0, 0, 0
barrier.global_time_end = 37684000000000, 0, 0, 0, 0, 0, 0, 0, 0, 0, 0, 0, 0, 0, 0, 0
branch_predictor.num-correct = 162095, 5910804, 5910804, 5910997, 5910802, 11821850, 5910997, 5910985, 5910548, 5911456, 5910548, 5910848, 5910992, 5910424, 5910422, 5910849
branch_predictor.num-incorrect = 9953, 210476, 210475, 210217, 210476, 420052, 210215, 210165, 210432, 210234, 210431, 210187, 210160, 210435, 210439, 210182
core.instructions = 1549530, 62947764, 62947756, 62947289, 62947743, 125891418, 62947271, 62946954, 62945940, 62950172, 62945929, 62946220, 62946956, 62945145, 62945178, 62946191
core.spin_elapsed_time = 0, 0, 0, 0, 0, 0, 0, 0, 0, 0, 0, 0, 0, 0, 0, 0
core.spin_instructions = 0, 0, 0, 0, 0, 0, 0, 0, 0, 0, 0, 0, 0, 0, 0, 0
core.spin_loops = 0, 0, 0, 0, 0, 0, 0, 0, 0, 0, 0, 0, 0, 0, 0, 0
corefreq = 2660000000.0, 2660000000.0, 2660000000.0, 2660000000.0, 2660000000.0, 2660000000.0, 2660000000.0, 2660000000.0, 2660000000.0, 2660000000.0, 2660000000.0, 2660000000.0, 2660000000.0, 2660000000.0, 2660000000.0, 2660000000.0
directory.entries-allocated = 7680, 7408, 7312, 7360, 7552, 7664, 7872, 7952, 7552, 7584, 7664, 7664, 8160, 7888, 7648, 7776
directory.evict-E = 0, 4, 3, 2, 1, 1, 0, 0, 1, 2, 0, 1, 0, 0, 0, 0
directory.evict-M = 2, 5, 5, 2, 4, 0, 2, 1, 1, 6, 6, 3, 6, 6, 4, 3
directory.evict-O = 0, 0, 0, 0, 0, 0, 0, 0, 0, 0, 0, 0, 0, 0, 0, 0
directory.evict-S = 0, 0, 0, 0, 0, 0, 0, 0, 0, 0, 0, 0, 0, 1, 0, 0
directory.forward = 0, 0, 0, 0, 0, 0, 0, 0, 0, 0, 0, 0, 0, 0, 0, 0
directory.forward-failed = 0, 0, 0, 0, 0, 0, 0, 0, 0, 0, 0, 0, 0, 0, 0, 0
dram-queue.num-requests = 4711, 0, 0, 0, 4758, 0, 0, 0, 4948, 0, 0, 0, 5271, 0, 0, 0
dram-queue.num-requests-analytical = 0, 0, 0, 0, 0, 0, 0, 0, 0, 0, 0, 0, 0, 0, 0, 0
dram-queue.total-queue-delay = 2559025789624, 0, 0, 0, 3419690486282, 0, 0, 0, 2387956477913, 0, 0, 0, 3303806945949, 0, 0, 0
dram-queue.total-time-used = 39710319236, 0, 0, 0, 40106495208, 0, 0, 0, 41708057648, 0, 0, 0, 44430713796, 0, 0, 0
dram.reads = 4191, 0, 0, 0, 4218, 0, 0, 0, 4211, 0, 0, 0, 4359, 0, 0, 0
dram.total-access-latency = 2810731108860, 0, 0, 0, 3673906981490, 0, 0, 0, 2652324535561, 0, 0, 0, 3585432659745, 0, 0, 0
dram.total-queueing-delay = 2559025789624, 0, 0, 0, 3419690486282, 0, 0, 0, 2387956477913, 0, 0, 0, 3303806945949, 0, 0, 0
dram.writes = 520, 0, 0, 0, 540, 0, 0, 0, 737, 0, 0, 0, 912, 0, 0, 0
dtlb.access = 377752, 24020477, 24020478, 24020241, 24020476, 48039033, 24020238, 24020109, 24019642, 24021509, 24019640, 24019758, 24020115, 24019257, 24019277, 24019749
dtlb.miss = 1172, 77, 83, 79, 82, 216, 81, 76, 57, 103, 58, 67, 74, 42, 42, 79
dtlb_cache.access-mru-0 = 349991, 22911231, 22344322, 22608629, 21087265, 44764603, 23060623, 22776702, 21894578, 23045881, 22127148, 21894701, 23044719, 23045278, 23044034, 21748398
dtlb_cache.access-mru-1 = 18276, 1061370, 1625450, 1362182, 2795178, 3077099, 912682, 1194597, 2007921, 928648, 1843091, 2007904, 928474, 927101, 928366, 1667714
dtlb_cache.access-mru-2 = 5002, 47775, 49980, 49328, 137256, 195605, 46839, 48716, 117078, 46859, 48706, 117075, 46834, 46827, 46826, 558612
dtlb_cache.access-mru-3 = 3311, 24, 643, 23, 695, 1510, 13, 18, 8, 18, 637, 11, 14, 9, 9, 44946
fastforward_performance_model.fastforwarded_time = 0, 0, 0, 0, 0, 0, 0, 0, 0, 0, 0, 0, 0, 0, 0, 0
fastforward_timer.cpiBase = 0, 0, 0, 0, 0, 0, 0, 0, 0, 0, 0, 0, 0, 0, 0, 0
fastforward_timer.cpiBranchPredictor = 0, 0, 0, 0, 0, 0, 0, 0, 0, 0, 0, 0, 0, 0, 0, 0
fastforward_timer.cpiDataCachecache-remote = 0, 0, 0, 0, 0, 0, 0, 0, 0, 0, 0, 0, 0, 0, 0, 0
fastforward_timer.cpiDataCachedram = 0, 0, 0, 0, 0, 0, 0, 0, 0, 0, 0, 0, 0, 0, 0, 0
fastforward_timer.cpiDataCachedram-cache = 0, 0, 0, 0, 0, 0, 0, 0, 0, 0, 0, 0, 0, 0, 0, 0
fastforward_timer.cpiDataCachedram-local = 0, 0, 0, 0, 0, 0, 0, 0, 0, 0, 0, 0, 0, 0, 0, 0
fastforward_timer.cpiDataCachedram-remote = 0, 0, 0, 0, 0, 0, 0, 0, 0, 0, 0, 0, 0, 0, 0, 0
fastforward_timer.cpiDataCacheL1 = 0, 0, 0, 0, 0, 0, 0, 0, 0, 0, 0, 0, 0, 0, 0, 0
fastforward_timer.cpiDataCacheL1_S = 0, 0, 0, 0, 0, 0, 0, 0, 0, 0, 0, 0, 0, 0, 0, 0
fastforward_timer.cpiDataCacheL1I = 0, 0, 0, 0, 0, 0, 0, 0, 0, 0, 0, 0, 0, 0, 0, 0
fastforward_timer.cpiDataCacheL2 = 0, 0, 0, 0, 0, 0, 0, 0, 0, 0, 0, 0, 0, 0, 0, 0
fastforward_timer.cpiDataCacheL2_S = 0, 0, 0, 0, 0, 0, 0, 0, 0, 0, 0, 0, 0, 0, 0, 0
fastforward_timer.cpiDataCacheL3 = 0, 0, 0, 0, 0, 0, 0, 0, 0, 0, 0, 0, 0, 0, 0, 0
fastforward_timer.cpiDataCacheL3_S = 0, 0, 0, 0, 0, 0, 0, 0, 0, 0, 0, 0, 0, 0, 0, 0
fastforward_timer.cpiDataCacheL4 = 0, 0, 0, 0, 0, 0, 0, 0, 0, 0, 0, 0, 0, 0, 0, 0
fastforward_timer.cpiDataCacheL4_S = 0, 0, 0, 0, 0, 0, 0, 0, 0, 0, 0, 0, 0, 0, 0, 0
fastforward_timer.cpiDataCachemiss = 0, 0, 0, 0, 0, 0, 0, 0, 0, 0, 0, 0, 0, 0, 0, 0
fastforward_timer.cpiDataCachenuca-cache = 0, 0, 0, 0, 0, 0, 0, 0, 0, 0, 0, 0, 0, 0, 0, 0
fastforward_timer.cpiDataCachenuca-local = 0, 0, 0, 0, 0, 0, 0, 0, 0, 0, 0, 0, 0, 0, 0, 0
fastforward_timer.cpiDataCachenuca-remote = 0, 0, 0, 0, 0, 0, 0, 0, 0, 0, 0, 0, 0, 0, 0, 0
fastforward_timer.cpiDataCachepredicate-false = 0, 0, 0, 0, 0, 0, 0, 0, 0, 0, 0, 0, 0, 0, 0, 0
fastforward_timer.cpiDataCacheprefetch-no-mapping = 0, 0, 0, 0, 0, 0, 0, 0, 0, 0, 0, 0, 0, 0, 0, 0
fastforward_timer.cpiDataCacheunknown = 0, 0, 0, 0, 0, 0, 0, 0, 0, 0, 0, 0, 0, 0, 0, 0
fs_to_cycles = 2.66e-06
fs_to_cycles_cores = 2.66e-06, 2.66e-06, 2.66e-06, 2.66e-06, 2.66e-06, 2.66e-06, 2.66e-06, 2.66e-06, 2.66e-06, 2.66e-06, 2.66e-06, 2.66e-06, 2.66e-06, 2.66e-06, 2.66e-06, 2.66e-06
futex.futex_cmp_requeue_count = 0, 0, 0, 0, 0, 0, 0, 0, 0, 0, 0, 0, 0, 0, 0, 0
futex.futex_cmp_requeue_delay = 0, 0, 0, 0, 0, 0, 0, 0, 0, 0, 0, 0, 0, 0, 0, 0
futex.futex_cmp_requeue_pi_count = 0, 0, 0, 0, 0, 0, 0, 0, 0, 0, 0, 0, 0, 0, 0, 0
futex.futex_cmp_requeue_pi_delay = 0, 0, 0, 0, 0, 0, 0, 0, 0, 0, 0, 0, 0, 0, 0, 0
futex.futex_fd_count = 0, 0, 0, 0, 0, 0, 0, 0, 0, 0, 0, 0, 0, 0, 0, 0
futex.futex_fd_delay = 0, 0, 0, 0, 0, 0, 0, 0, 0, 0, 0, 0, 0, 0, 0, 0
futex.futex_lock_pi_count = 0, 0, 0, 0, 0, 0, 0, 0, 0, 0, 0, 0, 0, 0, 0, 0
futex.futex_lock_pi_delay = 0, 0, 0, 0, 0, 0, 0, 0, 0, 0, 0, 0, 0, 0, 0, 0
futex.futex_requeue_count = 0, 0, 0, 0, 0, 0, 0, 0, 0, 0, 0, 0, 0, 0, 0, 0
futex.futex_requeue_delay = 0, 0, 0, 0, 0, 0, 0, 0, 0, 0, 0, 0, 0, 0, 0, 0
futex.futex_trylock_pi_count = 0, 0, 0, 0, 0, 0, 0, 0, 0, 0, 0, 0, 0, 0, 0, 0
futex.futex_trylock_pi_delay = 0, 0, 0, 0, 0, 0, 0, 0, 0, 0, 0, 0, 0, 0, 0, 0
futex.futex_unlock_pi_count = 0, 0, 0, 0, 0, 0, 0, 0, 0, 0, 0, 0, 0, 0, 0, 0
futex.futex_unlock_pi_delay = 0, 0, 0, 0, 0, 0, 0, 0, 0, 0, 0, 0, 0, 0, 0, 0
futex.futex_wait_bitset_count = 1, 0, 0, 0, 0, 0, 0, 0, 0, 0, 0, 0, 0, 0, 0, 0
futex.futex_wait_bitset_delay = 0, 0, 0, 0, 0, 0, 0, 0, 0, 0, 0, 0, 0, 0, 0, 0
futex.futex_wait_count = 3, 0, 0, 1, 0, 1, 1, 0, 0, 1, 1, 1, 0, 0, 2, 1
futex.futex_wait_delay = 36934068413036, 0, 0, 1616539960, 0, 1000364717378, 2753381756, 0, 0, 0, 0, 2220297994, 0, 0, 3473683140, 4110150127
futex.futex_wait_requeue_pi_count = 0, 0, 0, 0, 0, 0, 0, 0, 0, 0, 0, 0, 0, 0, 0, 0
futex.futex_wait_requeue_pi_delay = 0, 0, 0, 0, 0, 0, 0, 0, 0, 0, 0, 0, 0, 0, 0, 0
futex.futex_wake_bitset_count = 0, 0, 0, 0, 0, 0, 0, 0, 0, 0, 0, 0, 0, 0, 0, 0
futex.futex_wake_bitset_delay = 0, 0, 0, 0, 0, 0, 0, 0, 0, 0, 0, 0, 0, 0, 0, 0
futex.futex_wake_count = 2, 1, 1, 2, 1, 2, 2, 2, 2, 2, 2, 2, 2, 1, 2, 2, 2
futex.futex_wake_delay = 0, 1000000000, 1000000000, 1000000000, 0, 1000000000, 1000000000, 0, 0, 0, 0, 1000000000, 1000000000, 0, 1000000000, 0, 1000000000
futex.futex_wake_op_count = 0, 0, 0, 0, 0, 0, 0, 0, 0, 0, 0, 0, 0, 0, 0, 0
futex.futex_wake_op_delay = 0, 0, 0, 0, 0, 0, 0, 0, 0, 0, 0, 0, 0, 0, 0, 0
global.time = 37684000000000
global.time_begin = 0
global.time_end = 37684000000000
interval_timer.cpContr_branch = 77003521586, 1566582574428, 1560891859837, 1564915408161, 1565332815338, 3131061398989, 1566918447818, 1565305701700, 1566153942859, 1565481079012, 1566227310590, 1565375073623, 1564318542814, 1568825934385, 1565481272505, 1564562999189
interval_timer.cpContr_fp_addsub = 346152274, 8907984963785, 8952189670570, 8899388555631, 8914712609689, 17806671627243, 8911735689599, 8889847360488, 8893147131946, 8889813103430, 8890626823405, 8889831142574, 8891880207987, 8907605401836, 8898027561007, 8896248608820
interval_timer.cpContr_fp_muldiv = 3511758, 10513421637267, 10571993073055, 10490336082842, 10511377302815, 20996798131091, 10516613124228, 10492296519123, 10490867681037, 10492444120331, 10487504177309, 10491723415664, 10488673134879, 10524707024858, 10495767040463, 10500060515373
interval_timer.cpContr_generic = 238985599881, 4694230585101, 4688346066833, 4686356526501, 4691578782450, 9372968313127, 4691894807313, 4687003457233, 4688121988870, 4687896518924, 4686700683848, 4687091489777, 4684631710898, 4695847415207, 4686133563711, 4684777882631
interval_timer.cpContr_load_l1 = 83236107835, 5273971627841, 5246506927341, 5256067748601, 5264340757670, 10483544046921, 5268424088992, 5256818697462, 5261163315127, 5256362797233, 5260217704146, 5256921605434, 5253012293770, 5280265769415, 5254567219313, 5252236927050
interval_timer.cpContr_load_l2 = 16045207, 0, 0, 0, 0, 0, 0, 0, 0, 0, 0, 0, 0, 0, 0, 0
interval_timer.cpContr_load_l3 = 0, 0, 0, 0, 0, 0, 0, 0, 0, 0, 0, 0, 0, 0, 0, 0
interval_timer.cpContr_load_other = 0, 0, 0, 24131669, 0, 0, 24131669, 0, 6896544, 0, 0, 0, 0, 7733516, 0, 0
interval_timer.cpContr_port0 = 0, 0, 0, 0, 0, 0, 0, 0, 0, 0, 0, 0, 0, 0, 0, 0
interval_timer.cpContr_port015 = 19387315270, 325700860221, 326640941733, 327620353506, 325204883105, 656090753882, 325187636324, 327700252762, 327740714237, 327644118613, 328085111799, 327625810196, 328063091266, 324762672839, 327385821005, 327662774461
interval_timer.cpContr_port05 = 0, 0, 0, 0, 0, 0, 0, 0, 0, 0, 0, 0, 0, 0, 0, 0
interval_timer.cpContr_port1 = 56283304, 2039704353, 2066441626, 2083806220, 2056815980, 4163975884, 2074556179, 2084816973, 2078323570, 2080662561, 2110775938, 2092188947, 2089695895, 2060347853, 2009102792, 2070180006
interval_timer.cpContr_port2 = 53630553264, 2107201507206, 2092662969206, 2109622921950, 2110748108397, 4215909146916, 2105092944210, 2111533058141, 2110242675718, 2111732787929, 2110474821346, 2111391996275, 2113258012435, 2103542518032, 2112073490416, 2110761148250
interval_timer.cpContr_port34 = 11356089563, 74321396479, 74225561520, 74063895868, 74264058692, 147614271754, 74281305330, 74039978707, 74020185072, 74080106588, 74007927344, 74010138833, 74110185383, 73585671591, 73795077636, 73676292477
interval_timer.cpContr_port5 = 2495903958, 208073108269, 206645323787, 208735227538, 208284293850, 414839363221, 208330963534, 208539701298, 208506789106, 208566237083, 208506289331, 208595931207, 208655548676, 208628846504, 208764404464, 208514035062
interval_timer.cpContr_store = 10646504483, 2009481841112, 2022605171209, 2005262216141, 2012186383020, 3999137766674, 2011100122602, 2002207305606, 2002850195204, 2002295318955, 2002162207643, 2002199059779, 2003053443888, 2007561435930, 1999720313788, 2003173516151
interval_timer.cpiBase = 187134539481, 13423620414429, 13446845549910, 13401612193491, 13422517409403, 26795811997719, 13423112896779, 13398942650652, 13401777230712, 13399330619700, 13398628365648, 13398746786433, 13396831001289, 13429008748116, 13401406554858, 13401340765533
interval_timer.cpiBranchPredictor = 114785830809, 2431083979422, 2428639999983, 2441582075997, 2421287760960, 4789684664010, 2430583980552, 2439616666905, 2446033945635, 2432655780381, 2428559549037, 2435380962192, 2451107242440, 2440427191389, 2445554247471, 2442862148292
interval_timer.cpiDataCachecache-remote = 1757514825, 29059332822, 37509313725, 14646959379, 46504030239, 95189258556, 138777129972, 54781455141, 13588315155, 118308755178, 147066208983, 39597278931, 12036814902, 19315369881, 137217735000, 16958232351
interval_timer.cpiDataCachedram = 0, 0, 0, 0, 0, 0, 0, 0, 0, 0, 0, 0, 0, 0, 0, 0
interval_timer.cpiDataCachedram-cache = 0, 0, 0, 0, 0, 0, 0, 0, 0, 0, 0, 0, 0, 0, 0, 0
interval_timer.cpiDataCachedram-local = 51732965790, 0, 0, 0, 515788308, 0, 0, 0, 0, 0, 0, 0, 2060521659, 0, 0, 0
interval_timer.cpiDataCachedram-remote = 166579698717, 10875163392, 7801486128, 6487955262, 3408262974, 16118008686, 5021793162, 5674799205, 5536829592, 6180061221, 2307137643, 5860513071, 4025930751, 5969911320, 7055999091, 4781568141
interval_timer.cpiDataCacheL1 = 0, 0, 0, 0, 0, 0, 0, 0, 0, 0, 0, 0, 0, 0, 0, 0
interval_timer.cpiDataCacheL1_S = 0, 0, 0, 0, 0, 0, 0, 0, 0, 0, 0, 0, 0, 0, 0, 0
interval_timer.cpiDataCacheL1I = 0, 0, 0, 0, 0, 0, 0, 0, 0, 0, 0, 0, 0, 0, 0, 0
interval_timer.cpiDataCacheL2 = 617291838, 109398249, 0, 33458571, 67293081, 201127365, 47744253, 0, 76315617, 37217961, 0, 36842022, 49999887, 75939678, 32706693, 0
interval_timer.cpiDataCacheL2_S = 0, 0, 0, 0, 0, 0, 0, 0, 0, 0, 0, 0, 0, 0, 0, 0
interval_timer.cpiDataCacheL3 = 0, 0, 0, 0, 0, 0, 0, 0, 0, 0, 0, 0, 0, 0, 0, 0
interval_timer.cpiDataCacheL3_S = 0, 0, 0, 0, 0, 0, 0, 0, 0, 0, 0, 0, 0, 0, 0, 0
interval_timer.cpiDataCacheL4 = 0, 0, 0, 0, 0, 0, 0, 0, 0, 0, 0, 0, 0, 0, 0, 0
interval_timer.cpiDataCacheL4_S = 0, 0, 0, 0, 0, 0, 0, 0, 0, 0, 0, 0, 0, 0, 0, 0
interval_timer.cpiDataCachemiss = 0, 0, 0, 0, 0, 0, 0, 0, 0, 0, 0, 0, 0, 0, 0, 0
interval_timer.cpiDataCachenuca-cache = 0, 0, 0, 0, 0, 0, 0, 0, 0, 0, 0, 0, 0, 0, 0, 0
interval_timer.cpiDataCachenuca-local = 3578939280, 145946662641, 107526072780, 131746318794, 128317379175, 227363019993, 109463286447, 123539194485, 112857639678, 121239575622, 95611438053, 92219716395, 131473763019, 110603885373, 106145624772, 138933144657
interval_timer.cpiDataCachenuca-remote = 51423943932, 1930673080278, 2089086632037, 2049303263301, 1960843312845, 3675992820057, 1858133394594, 1984723334064, 2035351415133, 1861066094733, 1895106995244, 2052966036978, 2101456528893, 1988747009181, 1953377540244, 2035453670541
interval_timer.cpiDataCachepredicate-false = 0, 0, 0, 0, 0, 0, 0, 0, 0, 0, 0, 0, 0, 0, 0, 0
interval_timer.cpiDataCacheprefetch-no-mapping = 0, 0, 0, 0, 0, 0, 0, 0, 0, 0, 0, 0, 0, 0, 0, 0
interval_timer.cpiDataCacheunknown = 0, 0, 0, 0, 0, 0, 0, 0, 0, 0, 0, 0, 0, 0, 0, 0
interval_timer.cpiInstructionCachecache-remote = 0, 15320266128, 11094335829, 8599980564, 24839417547, 28061966655, 73543442814, 23169496509, 9799977852, 47246509764, 75337047783, 21166493517, 7020284886, 13242827214, 56537842149, 9513136395
interval_timer.cpiInstructionCachedram = 0, 0, 0, 0, 0, 0, 0, 0, 0, 0, 0, 0, 0, 0, 0, 0
interval_timer.cpiInstructionCachedram-cache = 0, 0, 0, 0, 0, 0, 0, 0, 0, 0, 0, 0, 0, 0, 0, 0
interval_timer.cpiInstructionCachedram-local = 6537203271, 0, 0, 0, 419547924, 0, 0, 0, 252631008, 0, 0, 0, 86090031, 0, 0, 0
interval_timer.cpiInstructionCachedram-remote = 22240551240, 5984572941, 3828938715, 384585597, 6474797397, 299247444, 793607229, 5416905051, 1068794577, 4798861335, 12694332213, 549622818, 75563739, 17638306002, 0, 95112567
interval_timer.cpiInstructionCacheL1 = 0, 0, 0, 0, 0, 0, 0, 0, 0, 0, 0, 0, 0, 0, 0, 0
interval_timer.cpiInstructionCacheL1_S = 0, 0, 0, 0, 0, 0, 0, 0, 0, 0, 0, 0, 0, 0, 0, 0
interval_timer.cpiInstructionCacheL1I = 0, 0, 0, 0, 0, 0, 0, 0, 0, 0, 0, 0, 0, 0, 0, 0
interval_timer.cpiInstructionCacheL2 = 0, 0, 0, 0, 0, 0, 0, 0, 0, 0, 0, 0, 0, 0, 0, 0
interval_timer.cpiInstructionCacheL2_S = 0, 0, 0, 0, 0, 0, 0, 0, 0, 0, 0, 0, 0, 0, 0, 0
interval_timer.cpiInstructionCacheL3 = 0, 0, 0, 0, 0, 0, 0, 0, 0, 0, 0, 0, 0, 0, 0, 0
interval_timer.cpiInstructionCacheL3_S = 0, 0, 0, 0, 0, 0, 0, 0, 0, 0, 0, 0, 0, 0, 0, 0
interval_timer.cpiInstructionCacheL4 = 0, 0, 0, 0, 0, 0, 0, 0, 0, 0, 0, 0, 0, 0, 0, 0
interval_timer.cpiInstructionCacheL4_S = 0, 0, 0, 0, 0, 0, 0, 0, 0, 0, 0, 0, 0, 0, 0, 0
interval_timer.cpiInstructionCachemiss = 0, 0, 0, 0, 0, 0, 0, 0, 0, 0, 0, 0, 0, 0, 0, 0
interval_timer.cpiInstructionCachenuca-cache = 0, 0, 0, 0, 0, 0, 0, 0, 0, 0, 0, 0, 0, 0, 0, 0
interval_timer.cpiInstructionCachenuca-local = 653381982, 37902169980, 28205951292, 43539751224, 16704849465, 50054398155, 42893512083, 36392398956, 31687898310, 34134509322, 24483027375, 32640527736, 81162974466, 38126981502, 31583763207, 54920928510
interval_timer.cpiInstructionCachenuca-remote = 8401108833, 717874317450, 715792367268, 705934118871, 722795734899, 1259567830062, 639260961282, 666862026723, 686799951588, 637780513500, 624666633363, 681996203046, 637946302599, 719821305531, 580583650284, 675786818583
interval_timer.cpiInstructionCachepredicate-false = 0, 0, 0, 0, 0, 0, 0, 0, 0, 0, 0, 0, 0, 0, 0, 0
interval_timer.cpiInstructionCacheprefetch-no-mapping = 0, 0, 0, 0, 0, 0, 0, 0, 0, 0, 0, 0, 0, 0, 0, 0
interval_timer.cpiInstructionCacheunknown = 0, 0, 0, 0, 0, 0, 0, 0, 0, 0, 0, 0, 0, 0, 0, 0
interval_timer.cpiLongLatency = 0, 118420785, 118420785, 118420785, 118420785, 236841570, 118420785, 118420785, 118420785, 118420785, 118420785, 118420785, 118420785, 118420785, 118420785, 118420785
interval_timer.cpiSerialization = 116917029, 0, 0, 0, 0, 0, 0, 0, 0, 0, 0, 0, 0, 0, 0, 0
interval_timer.detailed-cpiBase-BranchMispredict = 0, 0, 0, 0, 0, 0, 0, 0, 0, 0, 0, 0, 0, 0, 0, 0
interval_timer.detailed-cpiBase-DispatchRate = 445964, 32842404, 32908292, 32780135, 32840247, 65533167, 32842786, 32771870, 32779411, 32773110, 32769732, 32771373, 32764311, 32861821, 32777906, 32778461
interval_timer.detailed-cpiBase-DispatchRate+BranchMispredict = 0, 0, 0, 0, 0, 0, 0, 0, 0, 0, 0, 0, 0, 0, 0, 0
interval_timer.detailed-cpiBase-DispatchRate+ICacheMiss = 0, 0, 0, 0, 0, 0, 0, 0, 0, 0, 0, 0, 0, 0, 0, 0
interval_timer.detailed-cpiBase-DispatchRate+ICacheMiss+BranchMispredict = 0, 0, 0, 0, 0, 0, 0, 0, 0, 0, 0, 0, 0, 0, 0, 0
interval_timer.detailed-cpiBase-DispatchWidth = 615, 23845, 23860, 23836, 23834, 48110, 23827, 23835, 23852, 23847, 23752, 23833, 23849, 23787, 24041, 23846
interval_timer.detailed-cpiBase-DispatchWidth+BranchMispredict = 0, 0, 0, 0, 0, 0, 0, 0, 0, 0, 0, 0, 0, 0, 0, 0
interval_timer.detailed-cpiBase-DispatchWidth+DispatchRate = 51200, 2840662, 2836538, 2844398, 2839896, 5695744, 2838948, 2845563, 2845545, 2845343, 2846948, 2845541, 2847491, 2835636, 2845875, 2845340
interval_timer.detailed-cpiBase-DispatchWidth+DispatchRate+BranchMispredict = 0, 0, 0, 0, 0, 0, 0, 0, 0, 0, 0, 0, 0, 0, 0, 0
interval_timer.detailed-cpiBase-DispatchWidth+DispatchRate+ICacheMiss = 0, 0, 0, 0, 0, 0, 0, 0, 0, 0, 0, 0, 0, 0, 0, 0
interval_timer.detailed-cpiBase-DispatchWidth+DispatchRate+ICacheMiss+BranchMispredict = 0, 0, 0, 0, 0, 0, 0, 0, 0, 0, 0, 0, 0, 0, 0, 0
interval_timer.detailed-cpiBase-DispatchWidth+ICacheMiss = 0, 0, 0, 0, 0, 0, 0, 0, 0, 0, 0, 0, 0, 0, 0, 0
interval_timer.detailed-cpiBase-DispatchWidth+ICacheMiss+BranchMispredict = 0, 0, 0, 0, 0, 0, 0, 0, 0, 0, 0, 0, 0, 0, 0, 0
interval_timer.detailed-cpiBase-ICacheMiss = 0, 0, 0, 0, 0, 0, 0, 0, 0, 0, 0, 0, 0, 0, 0, 0
interval_timer.detailed-cpiBase-ICacheMiss+BranchMispredict = 0, 0, 0, 0, 0, 0, 0, 0, 0, 0, 0, 0, 0, 0, 0, 0
interval_timer.detailed-cpiBase-NoReason = 0, 0, 0, 0, 0, 0, 0, 0, 0, 0, 0, 0, 0, 0, 0, 0
interval_timer.detailed-cpiBase-WindowEmpty = 0, 0, 0, 0, 0, 0, 0, 0, 0, 0, 0, 0, 0, 0, 0, 0
interval_timer.detailed-cpiBase-WindowEmpty+BranchMispredict = 0, 0, 0, 0, 0, 0, 0, 0, 0, 0, 0, 0, 0, 0, 0, 0
interval_timer.detailed-cpiBase-WindowEmpty+DispatchRate = 0, 0, 0, 0, 0, 0, 0, 0, 0, 0, 0, 0, 0, 0, 0, 0
interval_timer.detailed-cpiBase-WindowEmpty+DispatchRate+BranchMispredict = 0, 0, 0, 0, 0, 0, 0, 0, 0, 0, 0, 0, 0, 0, 0, 0
interval_timer.detailed-cpiBase-WindowEmpty+DispatchRate+ICacheMiss = 0, 0, 0, 0, 0, 0, 0, 0, 0, 0, 0, 0, 0, 0, 0, 0
interval_timer.detailed-cpiBase-WindowEmpty+DispatchRate+ICacheMiss+BranchMispredict = 0, 0, 0, 0, 0, 0, 0, 0, 0, 0, 0, 0, 0, 0, 0, 0
interval_timer.detailed-cpiBase-WindowEmpty+DispatchWidth = 0, 0, 0, 0, 0, 0, 0, 0, 0, 0, 0, 0, 0, 0, 0, 0
interval_timer.detailed-cpiBase-WindowEmpty+DispatchWidth+BranchMispredict = 0, 0, 0, 0, 0, 0, 0, 0, 0, 0, 0, 0, 0, 0, 0, 0
interval_timer.detailed-cpiBase-WindowEmpty+DispatchWidth+DispatchRate = 0, 0, 0, 0, 0, 0, 0, 0, 0, 0, 0, 0, 0, 0, 0, 0
interval_timer.detailed-cpiBase-WindowEmpty+DispatchWidth+DispatchRate+BranchMispredict = 0, 0, 0, 0, 0, 0, 0, 0, 0, 0, 0, 0, 0, 0, 0, 0
interval_timer.detailed-cpiBase-WindowEmpty+DispatchWidth+DispatchRate+ICacheMiss = 0, 0, 0, 0, 0, 0, 0, 0, 0, 0, 0, 0, 0, 0, 0, 0
interval_timer.detailed-cpiBase-WindowEmpty+DispatchWidth+DispatchRate+ICacheMiss+BranchMispredict = 0, 0, 0, 0, 0, 0, 0, 0, 0, 0, 0, 0, 0, 0, 0, 0
interval_timer.detailed-cpiBase-WindowEmpty+DispatchWidth+ICacheMiss = 0, 0, 0, 0, 0, 0, 0, 0, 0, 0, 0, 0, 0, 0, 0, 0
interval_timer.detailed-cpiBase-WindowEmpty+DispatchWidth+ICacheMiss+BranchMispredict = 0, 0, 0, 0, 0, 0, 0, 0, 0, 0, 0, 0, 0, 0, 0, 0
interval_timer.detailed-cpiBase-WindowEmpty+ICacheMiss = 0, 0, 0, 0, 0, 0, 0, 0, 0, 0, 0, 0, 0, 0, 0, 0
interval_timer.detailed-cpiBase-WindowEmpty+ICacheMiss+BranchMispredict = 0, 0, 0, 0, 0, 0, 0, 0, 0, 0, 0, 0, 0, 0, 0, 0
interval_timer.loadstore_contention.no-free-slots = 0, 0, 0, 0, 0, 0, 0, 0, 0, 0, 0, 0, 0, 0, 0, 0
interval_timer.loadstore_contention.num-barriers = 0, 0, 0, 0, 0, 0, 0, 0, 0, 0, 0, 0, 0, 0, 0, 0
interval_timer.loadstore_contention.num-requests = 202473, 15921086, 15740498, 15881074, 15914607, 31765578, 15916129, 15911606, 15905740, 15911358, 15908121, 15911594, 15902714, 15925024, 15888212, 15899635
interval_timer.loadstore_contention.requests-out-of-order = 63326, 8252913, 8177182, 8231258, 8262181, 16436737, 8257171, 8236739, 8236141, 8236260, 8238474, 8236651, 8234288, 8257138, 8228712, 8224668
interval_timer.loadstore_contention.requests-simultaneous = 49332, 4074226, 4001701, 4055988, 4059509, 8134918, 4065489, 4076308, 4072418, 4076156, 4072527, 4076342, 4071623, 4071575, 4065737, 4076387
interval_timer.loadstore_contention.total-barrier-delay = 0, 0, 0, 0, 0, 0, 0, 0, 0, 0, 0, 0, 0, 0, 0, 0
interval_timer.loadstore_contention.total-delay = 10158999597, 1327539480957, 1277252752500, 1310920721523, 1315873341909, 2652990620769, 1315989507060, 1330856014815, 1327463541279, 1331195111793, 1327134970593, 1330810150257, 1328222938059, 1324069939926, 1303839158580, 1345364252703
interval_timer.numBPredOverlapped = 45297, 627822, 701204, 636397, 629941, 1268291, 629599, 624841, 627279, 625551, 626611, 624690, 629195, 624971, 635131, 630698
interval_timer.numDCacheOverlapped = 77332, 2265411, 2445998, 2305258, 2271887, 4606066, 2270201, 2274627, 2280157, 2275854, 2277776, 2274390, 2283521, 2260608, 2297429, 2286344
interval_timer.numHiddenLongerDCacheLatency = 2269, 40779, 42939, 40557, 40249, 82377, 39420, 40304, 39738, 39402, 38601, 38959, 38352, 39000, 38597, 39372
interval_timer.numICacheOverlapped = 720486, 11619386, 12330916, 11790631, 11640729, 23587877, 11636565, 11683007, 11702016, 11693485, 11689035, 11680614, 11728392, 11587644, 11771045, 11713614
interval_timer.numLongLatencyLoads = 5708, 92107, 97787, 93452, 92276, 186946, 92241, 92594, 92744, 92677, 92640, 92575, 92951, 91854, 93295, 92835
interval_timer.numMfenceInsns = 0, 0, 0, 0, 0, 0, 0, 0, 0, 0, 0, 0, 0, 0, 0, 0
interval_timer.numSerializationInsns = 130, 0, 0, 0, 0, 0, 0, 0, 0, 0, 0, 0, 0, 0, 0, 0
interval_timer.numTotalLongLatencyLoadLatency = 733338, 5630338, 5963530, 5857913, 5691498, 10679563, 5616452, 5768805, 5765325, 5604185, 5692657, 5827223, 5987949, 5651747, 5862200, 5841710
interval_timer.outstandingLongLatencyCycles = 848482, 6443419, 6823661, 6683552, 6503311, 12225923, 6415949, 6578274, 6579094, 6372828, 6509254, 6607968, 6747902, 6418483, 6642809, 6631406
interval_timer.outstandingLongLatencyInsns = 1249649, 10420339, 10880965, 10727850, 10478618, 19936215, 10309595, 10668387, 10604575, 10229979, 10390688, 10669066, 10795419, 10310407, 10679706, 10641740
interval_timer.totalHiddenDCacheLatency = 812003, 15736240, 16742321, 16035795, 15760942, 31560125, 15666379, 15914665, 15881629, 15645071, 15732349, 15856168, 15864811, 15587179, 15954271, 15870569
interval_timer.totalHiddenLongerDCacheLatency = 152415, 1390331, 1344012, 1375574, 1268375, 2623315, 1259836, 1375638, 1277274, 1208278, 1290827, 1302377, 1204618, 1195433, 1241717, 1275935
interval_timer.totalMfenceLatency = 0, 0, 0, 0, 0, 0, 0, 0, 0, 0, 0, 0, 0, 0, 0, 0
interval_timer.totalSerializationLatency = 311, 0, 0, 0, 0, 0, 0, 0, 0, 0, 0, 0, 0, 0, 0, 0
interval_timer.uop_branch = 197693, 8291488, 8291484, 8291403, 8291480, 16582148, 8291398, 8291325, 8291113, 8291984, 8291109, 8291182, 8291326, 8290959, 8290962, 8291173
interval_timer.uop_fp_addsub = 162, 5311294, 5311294, 5311294, 5311294, 10622588, 5311294, 5311294, 5311294, 5311294, 5311294, 5311294, 5311294, 5311294, 5311294, 5311294
interval_timer.uop_fp_muldiv = 2, 5397700, 5397700, 5397700, 5397700, 10795400, 5397700, 5397700, 5397700, 5397700, 5397700, 5397700, 5397700, 5397700, 5397700, 5397700
interval_timer.uop_generic = 693277, 30497285, 30497280, 30497086, 30497271, 60992781, 30497075, 30496923, 30496482, 30498408, 30496475, 30496607, 30496919, 30496141, 30496157, 30496593
interval_timer.uop_load = 279832, 18186512, 18186511, 18186348, 18186510, 36371659, 18186345, 18186249, 18185913, 18187262, 18185912, 18186000, 18186251, 18185647, 18185656, 18185995
interval_timer.uop_store = 97764, 5310589, 5310589, 5310517, 5310588, 10620620, 5310515, 5310484, 5310351, 5310871, 5310350, 5310382, 5310486, 5310234, 5310243, 5310378
interval_timer.uops_pause = 0, 0, 0, 0, 0, 0, 0, 0, 0, 0, 0, 0, 0, 0, 0, 0
interval_timer.uops_total = 1268730, 72994868, 72994858, 72994348, 72994843, 145985196, 72994327, 72993975, 72992853, 72997519, 72992840, 72993165, 72993976, 72991975, 72992012, 72993133
interval_timer.uops_x87 = 0, 0, 0, 0, 0, 0, 0, 0, 0, 0, 0, 0, 0, 0, 0, 0
ipc = 1.08988098804
itlb.access = 83787, 8922957, 8922955, 8922909, 8922951, 17845497, 8922904, 8922872, 8922759, 8923193, 8922755, 8922794, 8922871, 8922668, 8922673, 8922786
itlb.miss = 113, 40, 40, 42, 40, 42, 42, 42, 42, 42, 42, 42, 42, 35, 37, 42
itlb_cache.access-mru-0 = 83084, 8916648, 8916646, 8916595, 8916642, 17832930, 8916590, 8916561, 8916451, 8916875, 8916447, 8916485, 8916563, 8916372, 8916372, 8916477
itlb_cache.access-mru-1 = 520, 6266, 6266, 6269, 6266, 12519, 6269, 6266, 6263, 6273, 6263, 6264, 6263, 6259, 6262, 6264
itlb_cache.access-mru-2 = 52, 3, 3, 3, 3, 6, 3, 3, 3, 3, 3, 3, 3, 2, 2, 3
itlb_cache.access-mru-3 = 18, 0, 0, 0, 0, 0, 0, 0, 0, 0, 0, 0, 0, 0, 0, 0
L1-D.access-mru-0 = 348857, 21645607, 21347017, 22159314, 21980837, 44313151, 21930528, 22178283, 22183282, 22156785, 22168141, 22214029, 21236206, 20266312, 22031310, 22091563
L1-D.access-mru-1 = 13402, 1663341, 1923393, 1340274, 1351087, 2681959, 1383859, 1333343, 1322282, 1338647, 1342915, 1297396, 2219752, 3047070, 1477430, 1408174
L1-D.access-mru-2 = 3781, 342132, 351702, 154500, 318647, 325432, 335301, 151952, 157175, 168942, 152830, 152363, 199377, 337097, 152800, 158432
L1-D.access-mru-3 = 559, 41926, 57942, 36974, 41804, 57082, 41848, 28843, 29451, 29650, 28242, 28642, 36661, 41798, 29080, 34237
L1-D.backinval-D = 0, 0, 0, 0, 0, 0, 0, 0, 0, 0, 0, 0, 0, 0, 0, 0
L1-D.backinval-E = 8363, 14055, 20076, 14419, 14678, 89960, 13603, 13789, 13579, 15635, 13468, 13202, 13116, 13165, 13321, 13355
L1-D.backinval-I = 0, 0, 0, 0, 0, 0, 0, 0, 0, 0, 0, 0, 0, 0, 0, 0
L1-D.backinval-M = 1696, 171984, 175815, 172690, 171983, 347511, 173381, 172157, 171745, 171835, 172648, 171857, 172237, 172039, 172296, 171857
L1-D.backinval-O = 0, 0, 0, 0, 0, 0, 0, 0, 0, 0, 0, 0, 0, 0, 0, 0
L1-D.backinval-S = 107, 107316, 108679, 107305, 107371, 154342, 107620, 107029, 107455, 105297, 107132, 107572, 108031, 107705, 107863, 107439
L1-D.backinval-u = 0, 0, 0, 0, 0, 0, 0, 0, 0, 0, 0, 0, 0, 0, 0, 0
L1-D.coherency-downgrades = 233, 123, 3851, 584, 1227, 4969, 3646, 10282, 134, 10003, 2977, 502, 713, 483, 1562, 693
L1-D.coherency-invalidates = 69, 31, 32, 25, 30, 27, 22, 33, 34, 35, 28, 20, 25, 21, 14, 11
L1-D.coherency-upgrades = 0, 0, 0, 0, 0, 0, 0, 0, 0, 0, 0, 0, 0, 0, 0, 0
L1-D.coherency-writebacks = 49, 5, 4, 2, 3, 25, 2, 6, 4, 3, 3, 2, 4, 5, 17, 15
L1-D.evict-D = 0, 0, 0, 0, 0, 0, 0, 0, 0, 0, 0, 0, 0, 0, 0, 0
L1-D.evict-E = 0, 0, 0, 0, 0, 0, 0, 0, 0, 0, 0, 0, 0, 0, 0, 0
L1-D.evict-I = 0, 0, 0, 0, 0, 0, 0, 0, 0, 0, 0, 0, 0, 0, 0, 0
L1-D.evict-M = 0, 0, 0, 0, 0, 0, 0, 0, 0, 0, 0, 0, 0, 0, 0, 0
L1-D.evict-O = 0, 0, 0, 0, 0, 0, 0, 0, 0, 0, 0, 0, 0, 0, 0, 0
L1-D.evict-prefetch = 0, 0, 0, 0, 0, 0, 0, 0, 0, 0, 0, 0, 0, 0, 0, 0
L1-D.evict-S = 0, 0, 0, 0, 0, 0, 0, 0, 0, 0, 0, 0, 0, 0, 0, 0
L1-D.evict-u = 0, 0, 0, 0, 0, 0, 0, 0, 0, 0, 0, 0, 0, 0, 0, 0
L1-D.evict-warmup = 0, 0, 0, 0, 0, 0, 0, 0, 0, 0, 0, 0, 0, 0, 0, 0
L1-D.hits-prefetch = 0, 0, 0, 0, 0, 0, 0, 0, 0, 0, 0, 0, 0, 0, 0, 0
L1-D.hits-warmup = 0, 0, 0, 0, 0, 0, 0, 0, 0, 0, 0, 0, 0, 0, 0, 0
L1-D.invalidate-prefetch = 0, 0, 0, 0, 0, 0, 0, 0, 0, 0, 0, 0, 0, 0, 0, 0
L1-D.invalidate-warmup = 0, 0, 0, 0, 0, 0, 0, 0, 0, 0, 0, 0, 0, 0, 0, 0
L1-D.load-misses = 9193, 155637, 164759, 156644, 156266, 314361, 155471, 155682, 155862, 155837, 155017, 155627, 156032, 155092, 156502, 155632
L1-D.load-misses-D = 0, 0, 0, 0, 0, 0, 0, 0, 0, 0, 0, 0, 0, 0, 0, 0
L1-D.load-misses-E = 10, 313, 313, 314, 313, 640, 314, 314, 313, 314, 313, 314, 314, 313, 313, 313
L1-D.load-misses-I = 9171, 155321, 164444, 156327, 155950, 313718, 155155, 155366, 155547, 155522, 154702, 155310, 155716, 154778, 156187, 155316
L1-D.load-misses-M = 0, 0, 0, 0, 0, 0, 0, 0, 0, 0, 0, 0, 0, 0, 0, 0
L1-D.load-misses-O = 0, 0, 0, 0, 0, 0, 0, 0, 0, 0, 0, 0, 0, 0, 0, 0
L1-D.load-misses-S = 12, 3, 2, 3, 3, 3, 2, 2, 2, 1, 2, 3, 2, 1, 2, 3
L1-D.load-misses-u = 0, 0, 0, 0, 0, 0, 0, 0, 0, 0, 0, 0, 0, 0, 0, 0
L1-D.load-overlapping-misses = 0, 0, 0, 0, 0, 0, 0, 0, 0, 0, 0, 0, 0, 0, 0, 0
L1-D.loads = 279987, 18709888, 18709889, 18709724, 18709888, 37418413, 18709723, 18709625, 18709291, 18710638, 18709290, 18709376, 18709629, 18709023, 18709034, 18709371
L1-D.loads-D = 0, 0, 0, 0, 0, 0, 0, 0, 0, 0, 0, 0, 0, 0, 0, 0
L1-D.loads-E = 175281, 3491207, 3356514, 4041869, 3333994, 8759420, 3336296, 4415807, 4327000, 3363076, 3671411, 3288834, 3000111, 2920398, 3916564, 4242967
L1-D.loads-I = 9171, 155321, 164444, 156327, 155950, 313718, 155155, 155366, 155547, 155522, 154702, 155310, 155716, 154778, 156187, 155316
L1-D.loads-M = 94272, 9635583, 9688612, 9666399, 9745115, 18941397, 9752116, 9594543, 9595657, 9594877, 9602090, 9594756, 9585335, 9736885, 9566832, 9571696
L1-D.loads-O = 0, 0, 0, 0, 0, 0, 0, 0, 0, 0, 0, 0, 0, 0, 0, 0
L1-D.loads-prefetch = 0, 0, 0, 0, 0, 0, 0, 0, 0, 0, 0, 0, 0, 0, 0, 0
L1-D.loads-S = 1263, 5427777, 5500319, 4845129, 5474829, 9403878, 5466156, 4543909, 4631087, 5597163, 5281087, 5670476, 5968467, 5896962, 5069451, 4739392
L1-D.loads-u = 0, 0, 0, 0, 0, 0, 0, 0, 0, 0, 0, 0, 0, 0, 0, 0
L1-D.loads-where-cache-remote = 72, 1421, 1564, 543, 2105, 4600, 6477, 2707, 540, 5762, 6327, 1602, 453, 723, 6351, 733
L1-D.loads-where-dram = 0, 0, 0, 0, 0, 0, 0, 0, 0, 0, 0, 0, 0, 0, 0, 0
L1-D.loads-where-dram-cache = 0, 0, 0, 0, 0, 0, 0, 0, 0, 0, 0, 0, 0, 0, 0, 0
L1-D.loads-where-dram-local = 1230, 0, 0, 0, 20, 0, 0, 0, 21, 0, 0, 0, 28, 0, 0, 0
L1-D.loads-where-dram-remote = 3696, 93, 106, 105, 68, 288, 131, 143, 61, 152, 74, 99, 69, 81, 73, 90
L1-D.loads-where-L1 = 270794, 18554251, 18545130, 18553080, 18553622, 37104052, 18554252, 18553943, 18553429, 18554801, 18554273, 18553749, 18553597, 18553931, 18552532, 18553739
L1-D.loads-where-L1_S = 0, 0, 0, 0, 0, 0, 0, 0, 0, 0, 0, 0, 0, 0, 0, 0
L1-D.loads-where-L1I = 0, 0, 0, 0, 0, 0, 0, 0, 0, 0, 0, 0, 0, 0, 0, 0
L1-D.loads-where-L2 = 45, 319, 317, 320, 318, 651, 319, 318, 320, 318, 317, 320, 318, 318, 319, 320
L1-D.loads-where-L2_S = 0, 0, 0, 0, 0, 0, 0, 0, 0, 0, 0, 0, 0, 0, 0, 0
L1-D.loads-where-L3 = 0, 0, 0, 0, 0, 0, 0, 0, 0, 0, 0, 0, 0, 0, 0, 0
L1-D.loads-where-L3_S = 0, 0, 0, 0, 0, 0, 0, 0, 0, 0, 0, 0, 0, 0, 0, 0
L1-D.loads-where-L4 = 0, 0, 0, 0, 0, 0, 0, 0, 0, 0, 0, 0, 0, 0, 0, 0
L1-D.loads-where-L4_S = 0, 0, 0, 0, 0, 0, 0, 0, 0, 0, 0, 0, 0, 0, 0, 0
L1-D.loads-where-miss = 0, 0, 0, 0, 0, 0, 0, 0, 0, 0, 0, 0, 0, 0, 0, 0
L1-D.loads-where-nuca-cache = 0, 0, 0, 0, 0, 0, 0, 0, 0, 0, 0, 0, 0, 0, 0, 0
L1-D.loads-where-nuca-local = 250, 10238, 8773, 9899, 9601, 16860, 9197, 9982, 9197, 9936, 9282, 8646, 10830, 10913, 9515, 9966
L1-D.loads-where-nuca-remote = 3900, 143566, 153999, 145777, 144154, 291962, 139347, 142532, 145723, 139669, 139017, 144960, 144334, 143057, 140244, 144523
L1-D.loads-where-predicate-false = 0, 0, 0, 0, 0, 0, 0, 0, 0, 0, 0, 0, 0, 0, 0, 0
L1-D.loads-where-prefetch-no-mapping = 0, 0, 0, 0, 0, 0, 0, 0, 0, 0, 0, 0, 0, 0, 0, 0
L1-D.loads-where-unknown = 0, 0, 0, 0, 0, 0, 0, 0, 0, 0, 0, 0, 0, 0, 0, 0
L1-D.mshr-latency = 0, 0, 0, 0, 0, 0, 0, 0, 0, 0, 0, 0, 0, 0, 0, 0
L1-D.next_read.no-free-slots = 0, 0, 0, 0, 0, 0, 0, 0, 0, 0, 0, 0, 0, 0, 0, 0
L1-D.next_read.num-barriers = 0, 0, 0, 0, 0, 0, 0, 0, 0, 0, 0, 0, 0, 0, 0, 0
L1-D.next_read.num-requests = 0, 0, 0, 0, 0, 0, 0, 0, 0, 0, 0, 0, 0, 0, 0, 0
L1-D.next_read.requests-out-of-order = 0, 0, 0, 0, 0, 0, 0, 0, 0, 0, 0, 0, 0, 0, 0, 0
L1-D.next_read.requests-simultaneous = 0, 0, 0, 0, 0, 0, 0, 0, 0, 0, 0, 0, 0, 0, 0, 0
L1-D.next_read.total-barrier-delay = 0, 0, 0, 0, 0, 0, 0, 0, 0, 0, 0, 0, 0, 0, 0, 0
L1-D.next_read.total-delay = 0, 0, 0, 0, 0, 0, 0, 0, 0, 0, 0, 0, 0, 0, 0, 0
L1-D.prefetches = 0, 0, 0, 0, 0, 0, 0, 0, 0, 0, 0, 0, 0, 0, 0, 0
L1-D.qbs-query-latency = 0, 0, 0, 0, 0, 0, 0, 0, 0, 0, 0, 0, 0, 0, 0, 0
L1-D.snoop-latency = 0, 0, 0, 0, 0, 0, 0, 0, 0, 0, 0, 0, 0, 0, 0, 0
L1-D.store-misses = 1960, 171834, 175665, 172535, 171835, 347048, 173231, 172006, 171590, 171648, 172495, 171701, 172087, 171888, 172155, 171711
L1-D.store-misses-D = 0, 0, 0, 0, 0, 0, 0, 0, 0, 0, 0, 0, 0, 0, 0, 0
L1-D.store-misses-E = 484, 33411, 35151, 34071, 33366, 68545, 33407, 34011, 33972, 34026, 33571, 34010, 34042, 33385, 34484, 34003
L1-D.store-misses-I = 1450, 138414, 140505, 138456, 138459, 278492, 139816, 137989, 137612, 137612, 138917, 137685, 138040, 138499, 137666, 137702
L1-D.store-misses-M = 0, 0, 0, 0, 0, 0, 0, 0, 0, 0, 0, 0, 0, 0, 0, 0
L1-D.store-misses-O = 0, 0, 0, 0, 0, 0, 0, 0, 0, 0, 0, 0, 0, 0, 0, 0
L1-D.store-misses-S = 26, 9, 9, 8, 10, 11, 8, 6, 6, 10, 7, 6, 5, 4, 5, 6
L1-D.store-misses-u = 0, 0, 0, 0, 0, 0, 0, 0, 0, 0, 0, 0, 0, 0, 0, 0
L1-D.store-overlapping-misses = 0, 0, 0, 0, 0, 0, 0, 0, 0, 0, 0, 0, 0, 0, 0, 0
L1-D.stores = 97765, 5310589, 5310589, 5310517, 5310588, 10620620, 5310515, 5310484, 5310351, 5310871, 5310350, 5310382, 5310486, 5310234, 5310243, 5310378
L1-D.stores-D = 0, 0, 0, 0, 0, 0, 0, 0, 0, 0, 0, 0, 0, 0, 0, 0
L1-D.stores-E = 484, 33411, 35151, 34071, 33366, 68545, 33407, 34011, 33972, 34026, 33571, 34010, 34042, 33385, 34484, 34003
L1-D.stores-I = 1450, 138414, 140505, 138456, 138459, 278492, 139816, 137989, 137612, 137612, 138917, 137685, 138040, 138499, 137666, 137702
L1-D.stores-M = 95805, 5138755, 5134924, 5137982, 5138753, 10273572, 5137284, 5138478, 5138761, 5139223, 5137855, 5138681, 5138399, 5138346, 5138088, 5138667
L1-D.stores-O = 0, 0, 0, 0, 0, 0, 0, 0, 0, 0, 0, 0, 0, 0, 0, 0
L1-D.stores-prefetch = 0, 0, 0, 0, 0, 0, 0, 0, 0, 0, 0, 0, 0, 0, 0, 0
L1-D.stores-S = 26, 9, 9, 8, 10, 11, 8, 6, 6, 10, 7, 6, 5, 4, 5, 6
L1-D.stores-u = 0, 0, 0, 0, 0, 0, 0, 0, 0, 0, 0, 0, 0, 0, 0, 0
L1-D.stores-where-cache-remote = 0, 0, 0, 0, 0, 0, 0, 0, 0, 0, 0, 0, 0, 0, 0, 0
L1-D.stores-where-dram = 0, 0, 0, 0, 0, 0, 0, 0, 0, 0, 0, 0, 0, 0, 0, 0
L1-D.stores-where-dram-cache = 0, 0, 0, 0, 0, 0, 0, 0, 0, 0, 0, 0, 0, 0, 0, 0
L1-D.stores-where-dram-local = 0, 0, 0, 0, 0, 0, 0, 0, 0, 0, 0, 0, 0, 0, 0, 0
L1-D.stores-where-dram-remote = 0, 0, 0, 0, 0, 0, 0, 0, 0, 0, 0, 0, 0, 0, 0, 0
L1-D.stores-where-L1 = 95805, 5138755, 5134924, 5137982, 5138753, 10273572, 5137284, 5138478, 5138761, 5139223, 5137855, 5138681, 5138399, 5138346, 5138088, 5138667
L1-D.stores-where-L1_S = 0, 0, 0, 0, 0, 0, 0, 0, 0, 0, 0, 0, 0, 0, 0, 0
L1-D.stores-where-L1I = 0, 0, 0, 0, 0, 0, 0, 0, 0, 0, 0, 0, 0, 0, 0, 0
L1-D.stores-where-L2 = 1960, 171834, 175665, 172535, 171835, 347048, 173231, 172006, 171590, 171648, 172495, 171701, 172087, 171888, 172155, 171711
L1-D.stores-where-L2_S = 0, 0, 0, 0, 0, 0, 0, 0, 0, 0, 0, 0, 0, 0, 0, 0
L1-D.stores-where-L3 = 0, 0, 0, 0, 0, 0, 0, 0, 0, 0, 0, 0, 0, 0, 0, 0
L1-D.stores-where-L3_S = 0, 0, 0, 0, 0, 0, 0, 0, 0, 0, 0, 0, 0, 0, 0, 0
L1-D.stores-where-L4 = 0, 0, 0, 0, 0, 0, 0, 0, 0, 0, 0, 0, 0, 0, 0, 0
L1-D.stores-where-L4_S = 0, 0, 0, 0, 0, 0, 0, 0, 0, 0, 0, 0, 0, 0, 0, 0
L1-D.stores-where-miss = 0, 0, 0, 0, 0, 0, 0, 0, 0, 0, 0, 0, 0, 0, 0, 0
L1-D.stores-where-nuca-cache = 0, 0, 0, 0, 0, 0, 0, 0, 0, 0, 0, 0, 0, 0, 0, 0
L1-D.stores-where-nuca-local = 0, 0, 0, 0, 0, 0, 0, 0, 0, 0, 0, 0, 0, 0, 0, 0
L1-D.stores-where-nuca-remote = 0, 0, 0, 0, 0, 0, 0, 0, 0, 0, 0, 0, 0, 0, 0, 0
L1-D.stores-where-predicate-false = 0, 0, 0, 0, 0, 0, 0, 0, 0, 0, 0, 0, 0, 0, 0, 0
L1-D.stores-where-prefetch-no-mapping = 0, 0, 0, 0, 0, 0, 0, 0, 0, 0, 0, 0, 0, 0, 0, 0
L1-D.stores-where-unknown = 0, 0, 0, 0, 0, 0, 0, 0, 0, 0, 0, 0, 0, 0, 0, 0
L1-D.total-latency = 565747558647, 12816370622085, 13379758521689, 14014052463737, 13350077605994, 25599744235452, 13943750538608, 13182126193896, 14130213945948, 14252779620630, 14176575579936, 14011723564105, 14131879079814, 12350789952417, 16705256968628, 13585944337828
L1-I.access-mru-0 = 72224, 8524946, 8523999, 8524810, 8524943, 17048961, 8524929, 8524776, 8524729, 8524991, 8524713, 8524747, 8524788, 8524801, 8524682, 8524742
L1-I.access-mru-1 = 9145, 312381, 312309, 313112, 312308, 626370, 312288, 313102, 313094, 313136, 313563, 313103, 313108, 312269, 313094, 313103
L1-I.access-mru-2 = 188, 3157, 3182, 2703, 3182, 5448, 3167, 2701, 2701, 2707, 2703, 2703, 2703, 3168, 2700, 2703
L1-I.access-mru-3 = 4, 2, 2, 0, 2, 0, 0, 1, 2, 1, 1, 0, 0, 0, 0, 0
L1-I.backinval-D = 0, 0, 0, 0, 0, 0, 0, 0, 0, 0, 0, 0, 0, 0, 0, 0
L1-I.backinval-E = 2011, 69, 1644, 700, 636, 32517, 54, 239, 25, 2086, 126, 660, 719, 628, 11, 164
L1-I.backinval-I = 0, 0, 0, 0, 0, 0, 0, 0, 0, 0, 0, 0, 0, 0, 0, 0
L1-I.backinval-M = 0, 0, 0, 0, 0, 0, 0, 0, 0, 0, 0, 0, 0, 0, 0, 0
L1-I.backinval-O = 0, 0, 0, 0, 0, 0, 0, 0, 0, 0, 0, 0, 0, 0, 0, 0
L1-I.backinval-S = 51, 82238, 81654, 81418, 81716, 132036, 82302, 81886, 82042, 80095, 81482, 81415, 81388, 81636, 82021, 81908
L1-I.backinval-u = 0, 0, 0, 0, 0, 0, 0, 0, 0, 0, 0, 0, 0, 0, 0, 0
L1-I.coherency-downgrades = 67, 95, 3828, 660, 1674, 2418, 3296, 8466, 322, 7726, 2087, 575, 1475, 496, 1381, 1411
L1-I.coherency-invalidates = 1, 0, 0, 0, 0, 0, 0, 0, 0, 0, 0, 0, 0, 1, 0, 0
L1-I.coherency-upgrades = 0, 0, 0, 0, 0, 0, 0, 0, 0, 0, 0, 0, 0, 0, 0, 0
L1-I.coherency-writebacks = 0, 0, 0, 0, 0, 0, 0, 0, 0, 0, 0, 0, 0, 0, 0, 0
L1-I.evict-D = 0, 0, 0, 0, 0, 0, 0, 0, 0, 0, 0, 0, 0, 0, 0, 0
L1-I.evict-E = 0, 0, 0, 0, 0, 0, 0, 0, 0, 0, 0, 0, 0, 0, 0, 0
L1-I.evict-I = 0, 0, 0, 0, 0, 0, 0, 0, 0, 0, 0, 0, 0, 0, 0, 0
L1-I.evict-M = 0, 0, 0, 0, 0, 0, 0, 0, 0, 0, 0, 0, 0, 0, 0, 0
L1-I.evict-O = 0, 0, 0, 0, 0, 0, 0, 0, 0, 0, 0, 0, 0, 0, 0, 0
L1-I.evict-prefetch = 0, 0, 0, 0, 0, 0, 0, 0, 0, 0, 0, 0, 0, 0, 0, 0
L1-I.evict-S = 0, 0, 0, 0, 0, 0, 0, 0, 0, 0, 0, 0, 0, 0, 0, 0
L1-I.evict-u = 0, 0, 0, 0, 0, 0, 0, 0, 0, 0, 0, 0, 0, 0, 0, 0
L1-I.evict-warmup = 0, 0, 0, 0, 0, 0, 0, 0, 0, 0, 0, 0, 0, 0, 0, 0
L1-I.hits-prefetch = 0, 0, 0, 0, 0, 0, 0, 0, 0, 0, 0, 0, 0, 0, 0, 0
L1-I.hits-warmup = 0, 0, 0, 0, 0, 0, 0, 0, 0, 0, 0, 0, 0, 0, 0, 0
L1-I.invalidate-prefetch = 0, 0, 0, 0, 0, 0, 0, 0, 0, 0, 0, 0, 0, 0, 0, 0
L1-I.invalidate-warmup = 0, 0, 0, 0, 0, 0, 0, 0, 0, 0, 0, 0, 0, 0, 0, 0
L1-I.load-misses = 2226, 82471, 83463, 82284, 82516, 164718, 82520, 82292, 82233, 82358, 81775, 82241, 82272, 82430, 82197, 82238
L1-I.load-misses-D = 0, 0, 0, 0, 0, 0, 0, 0, 0, 0, 0, 0, 0, 0, 0, 0
L1-I.load-misses-E = 0, 0, 0, 0, 0, 0, 0, 0, 0, 0, 0, 0, 0, 0, 0, 0
L1-I.load-misses-I = 2226, 82471, 83463, 82284, 82516, 164718, 82520, 82292, 82233, 82358, 81775, 82241, 82272, 82430, 82197, 82238
L1-I.load-misses-M = 0, 0, 0, 0, 0, 0, 0, 0, 0, 0, 0, 0, 0, 0, 0, 0
L1-I.load-misses-O = 0, 0, 0, 0, 0, 0, 0, 0, 0, 0, 0, 0, 0, 0, 0, 0
L1-I.load-misses-S = 0, 0, 0, 0, 0, 0, 0, 0, 0, 0, 0, 0, 0, 0, 0, 0
L1-I.load-misses-u = 0, 0, 0, 0, 0, 0, 0, 0, 0, 0, 0, 0, 0, 0, 0, 0
L1-I.load-overlapping-misses = 0, 0, 0, 0, 0, 0, 0, 0, 0, 0, 0, 0, 0, 0, 0, 0
L1-I.loads = 83787, 8922957, 8922955, 8922909, 8922951, 17845497, 8922904, 8922872, 8922759, 8923193, 8922755, 8922794, 8922871, 8922668, 8922673, 8922786
L1-I.loads-D = 0, 0, 0, 0, 0, 0, 0, 0, 0, 0, 0, 0, 0, 0, 0, 0
L1-I.loads-E = 80559, 945, 179979, 20190, 29362, 5864473, 58377, 329138, 1942, 423695, 20178, 13974, 21486, 9641, 10887, 14190
L1-I.loads-I = 2226, 82471, 83463, 82284, 82516, 164718, 82520, 82292, 82233, 82358, 81775, 82241, 82272, 82430, 82197, 82238
L1-I.loads-M = 0, 0, 0, 0, 0, 0, 0, 0, 0, 0, 0, 0, 0, 0, 0, 0
L1-I.loads-O = 0, 0, 0, 0, 0, 0, 0, 0, 0, 0, 0, 0, 0, 0, 0, 0
L1-I.loads-prefetch = 0, 0, 0, 0, 0, 0, 0, 0, 0, 0, 0, 0, 0, 0, 0, 0
L1-I.loads-S = 1002, 8839541, 8659513, 8820435, 8811073, 11816306, 8782007, 8511442, 8838584, 8417140, 8820802, 8826579, 8819113, 8830597, 8829589, 8826358
L1-I.loads-u = 0, 0, 0, 0, 0, 0, 0, 0, 0, 0, 0, 0, 0, 0, 0, 0
L1-I.loads-where-cache-remote = 1, 1270, 914, 979, 1917, 2728, 5769, 2147, 747, 3494, 6162, 2084, 646, 1463, 4859, 795
L1-I.loads-where-dram = 0, 0, 0, 0, 0, 0, 0, 0, 0, 0, 0, 0, 0, 0, 0, 0
L1-I.loads-where-dram-cache = 0, 0, 0, 0, 0, 0, 0, 0, 0, 0, 0, 0, 0, 0, 0, 0
L1-I.loads-where-dram-local = 264, 0, 0, 0, 10, 0, 0, 0, 8, 0, 0, 0, 1, 0, 0, 0
L1-I.loads-where-dram-remote = 768, 37, 55, 9, 28, 24, 22, 46, 22, 67, 20, 2, 1, 20, 0, 5
L1-I.loads-where-L1 = 0, 0, 0, 0, 0, 0, 0, 0, 0, 0, 0, 0, 0, 0, 0, 0
L1-I.loads-where-L1_S = 0, 0, 0, 0, 0, 0, 0, 0, 0, 0, 0, 0, 0, 0, 0, 0
L1-I.loads-where-L1I = 81561, 8840486, 8839492, 8840625, 8840435, 17680779, 8840384, 8840580, 8840526, 8840835, 8840980, 8840553, 8840599, 8840238, 8840476, 8840548
L1-I.loads-where-L2 = 1, 0, 0, 0, 0, 0, 0, 0, 0, 0, 0, 0, 0, 0, 0, 0
L1-I.loads-where-L2_S = 0, 0, 0, 0, 0, 0, 0, 0, 0, 0, 0, 0, 0, 0, 0, 0
L1-I.loads-where-L3 = 0, 0, 0, 0, 0, 0, 0, 0, 0, 0, 0, 0, 0, 0, 0, 0
L1-I.loads-where-L3_S = 0, 0, 0, 0, 0, 0, 0, 0, 0, 0, 0, 0, 0, 0, 0, 0
L1-I.loads-where-L4 = 0, 0, 0, 0, 0, 0, 0, 0, 0, 0, 0, 0, 0, 0, 0, 0
L1-I.loads-where-L4_S = 0, 0, 0, 0, 0, 0, 0, 0, 0, 0, 0, 0, 0, 0, 0, 0
L1-I.loads-where-miss = 0, 0, 0, 0, 0, 0, 0, 0, 0, 0, 0, 0, 0, 0, 0, 0
L1-I.loads-where-nuca-cache = 0, 0, 0, 0, 0, 0, 0, 0, 0, 0, 0, 0, 0, 0, 0, 0
L1-I.loads-where-nuca-local = 88, 4635, 3756, 5054, 4354, 8566, 6057, 5468, 4967, 4515, 3346, 4475, 7609, 6295, 4922, 6134
L1-I.loads-where-nuca-remote = 1104, 76529, 78738, 76242, 76207, 153400, 70672, 74631, 76489, 74282, 72247, 75680, 74015, 74652, 72416, 75304
L1-I.loads-where-predicate-false = 0, 0, 0, 0, 0, 0, 0, 0, 0, 0, 0, 0, 0, 0, 0, 0
L1-I.loads-where-prefetch-no-mapping = 0, 0, 0, 0, 0, 0, 0, 0, 0, 0, 0, 0, 0, 0, 0, 0
L1-I.loads-where-unknown = 0, 0, 0, 0, 0, 0, 0, 0, 0, 0, 0, 0, 0, 0, 0, 0
L1-I.mshr-latency = 0, 0, 0, 0, 0, 0, 0, 0, 0, 0, 0, 0, 0, 0, 0, 0
L1-I.next_read.no-free-slots = 0, 0, 0, 0, 0, 0, 0, 0, 0, 0, 0, 0, 0, 0, 0, 0
L1-I.next_read.num-barriers = 0, 0, 0, 0, 0, 0, 0, 0, 0, 0, 0, 0, 0, 0, 0, 0
L1-I.next_read.num-requests = 0, 0, 0, 0, 0, 0, 0, 0, 0, 0, 0, 0, 0, 0, 0, 0
L1-I.next_read.requests-out-of-order = 0, 0, 0, 0, 0, 0, 0, 0, 0, 0, 0, 0, 0, 0, 0, 0
L1-I.next_read.requests-simultaneous = 0, 0, 0, 0, 0, 0, 0, 0, 0, 0, 0, 0, 0, 0, 0, 0
L1-I.next_read.total-barrier-delay = 0, 0, 0, 0, 0, 0, 0, 0, 0, 0, 0, 0, 0, 0, 0, 0
L1-I.next_read.total-delay = 0, 0, 0, 0, 0, 0, 0, 0, 0, 0, 0, 0, 0, 0, 0, 0
L1-I.prefetches = 0, 0, 0, 0, 0, 0, 0, 0, 0, 0, 0, 0, 0, 0, 0, 0
L1-I.qbs-query-latency = 0, 0, 0, 0, 0, 0, 0, 0, 0, 0, 0, 0, 0, 0, 0, 0
L1-I.snoop-latency = 0, 0, 0, 0, 0, 0, 0, 0, 0, 0, 0, 0, 0, 0, 0, 0
L1-I.store-misses = 0, 0, 0, 0, 0, 0, 0, 0, 0, 0, 0, 0, 0, 0, 0, 0
L1-I.store-misses-D = 0, 0, 0, 0, 0, 0, 0, 0, 0, 0, 0, 0, 0, 0, 0, 0
L1-I.store-misses-E = 0, 0, 0, 0, 0, 0, 0, 0, 0, 0, 0, 0, 0, 0, 0, 0
L1-I.store-misses-I = 0, 0, 0, 0, 0, 0, 0, 0, 0, 0, 0, 0, 0, 0, 0, 0
L1-I.store-misses-M = 0, 0, 0, 0, 0, 0, 0, 0, 0, 0, 0, 0, 0, 0, 0, 0
L1-I.store-misses-O = 0, 0, 0, 0, 0, 0, 0, 0, 0, 0, 0, 0, 0, 0, 0, 0
L1-I.store-misses-S = 0, 0, 0, 0, 0, 0, 0, 0, 0, 0, 0, 0, 0, 0, 0, 0
L1-I.store-misses-u = 0, 0, 0, 0, 0, 0, 0, 0, 0, 0, 0, 0, 0, 0, 0, 0
L1-I.store-overlapping-misses = 0, 0, 0, 0, 0, 0, 0, 0, 0, 0, 0, 0, 0, 0, 0, 0
L1-I.stores = 0, 0, 0, 0, 0, 0, 0, 0, 0, 0, 0, 0, 0, 0, 0, 0
L1-I.stores-D = 0, 0, 0, 0, 0, 0, 0, 0, 0, 0, 0, 0, 0, 0, 0, 0
L1-I.stores-E = 0, 0, 0, 0, 0, 0, 0, 0, 0, 0, 0, 0, 0, 0, 0, 0
L1-I.stores-I = 0, 0, 0, 0, 0, 0, 0, 0, 0, 0, 0, 0, 0, 0, 0, 0
L1-I.stores-M = 0, 0, 0, 0, 0, 0, 0, 0, 0, 0, 0, 0, 0, 0, 0, 0
L1-I.stores-O = 0, 0, 0, 0, 0, 0, 0, 0, 0, 0, 0, 0, 0, 0, 0, 0
L1-I.stores-prefetch = 0, 0, 0, 0, 0, 0, 0, 0, 0, 0, 0, 0, 0, 0, 0, 0
L1-I.stores-S = 0, 0, 0, 0, 0, 0, 0, 0, 0, 0, 0, 0, 0, 0, 0, 0
L1-I.stores-u = 0, 0, 0, 0, 0, 0, 0, 0, 0, 0, 0, 0, 0, 0, 0, 0
L1-I.stores-where-cache-remote = 0, 0, 0, 0, 0, 0, 0, 0, 0, 0, 0, 0, 0, 0, 0, 0
L1-I.stores-where-dram = 0, 0, 0, 0, 0, 0, 0, 0, 0, 0, 0, 0, 0, 0, 0, 0
L1-I.stores-where-dram-cache = 0, 0, 0, 0, 0, 0, 0, 0, 0, 0, 0, 0, 0, 0, 0, 0
L1-I.stores-where-dram-local = 0, 0, 0, 0, 0, 0, 0, 0, 0, 0, 0, 0, 0, 0, 0, 0
L1-I.stores-where-dram-remote = 0, 0, 0, 0, 0, 0, 0, 0, 0, 0, 0, 0, 0, 0, 0, 0
L1-I.stores-where-L1 = 0, 0, 0, 0, 0, 0, 0, 0, 0, 0, 0, 0, 0, 0, 0, 0
L1-I.stores-where-L1_S = 0, 0, 0, 0, 0, 0, 0, 0, 0, 0, 0, 0, 0, 0, 0, 0
L1-I.stores-where-L1I = 0, 0, 0, 0, 0, 0, 0, 0, 0, 0, 0, 0, 0, 0, 0, 0
L1-I.stores-where-L2 = 0, 0, 0, 0, 0, 0, 0, 0, 0, 0, 0, 0, 0, 0, 0, 0
L1-I.stores-where-L2_S = 0, 0, 0, 0, 0, 0, 0, 0, 0, 0, 0, 0, 0, 0, 0, 0
L1-I.stores-where-L3 = 0, 0, 0, 0, 0, 0, 0, 0, 0, 0, 0, 0, 0, 0, 0, 0
L1-I.stores-where-L3_S = 0, 0, 0, 0, 0, 0, 0, 0, 0, 0, 0, 0, 0, 0, 0, 0
L1-I.stores-where-L4 = 0, 0, 0, 0, 0, 0, 0, 0, 0, 0, 0, 0, 0, 0, 0, 0
L1-I.stores-where-L4_S = 0, 0, 0, 0, 0, 0, 0, 0, 0, 0, 0, 0, 0, 0, 0, 0
L1-I.stores-where-miss = 0, 0, 0, 0, 0, 0, 0, 0, 0, 0, 0, 0, 0, 0, 0, 0
L1-I.stores-where-nuca-cache = 0, 0, 0, 0, 0, 0, 0, 0, 0, 0, 0, 0, 0, 0, 0, 0
L1-I.stores-where-nuca-local = 0, 0, 0, 0, 0, 0, 0, 0, 0, 0, 0, 0, 0, 0, 0, 0
L1-I.stores-where-nuca-remote = 0, 0, 0, 0, 0, 0, 0, 0, 0, 0, 0, 0, 0, 0, 0, 0
L1-I.stores-where-predicate-false = 0, 0, 0, 0, 0, 0, 0, 0, 0, 0, 0, 0, 0, 0, 0, 0
L1-I.stores-where-prefetch-no-mapping = 0, 0, 0, 0, 0, 0, 0, 0, 0, 0, 0, 0, 0, 0, 0, 0
L1-I.stores-where-unknown = 0, 0, 0, 0, 0, 0, 0, 0, 0, 0, 0, 0, 0, 0, 0, 0
L1-I.total-latency = 114384136614, 2783804109287, 2753341839724, 2823675353979, 2749255770774, 5170169068380, 2692258373267, 2733033532737, 2763079375688, 2678334540215, 2755206739777, 2781005534758, 2738280500568, 2750520911778, 2710138665390, 2755922247493
l1misslat = 41743443.7079
L2.access-mru-0 = 2, 0, 0, 0, 0, 0, 0, 0, 0, 0, 0, 0, 0, 0, 0, 0
L2.access-mru-1 = 0, 0, 0, 0, 0, 0, 0, 0, 0, 0, 0, 0, 0, 0, 0, 0
L2.access-mru-2 = 0, 0, 0, 0, 0, 0, 0, 0, 0, 0, 0, 0, 0, 0, 0, 0
L2.access-mru-3 = 1, 0, 0, 0, 0, 0, 0, 0, 0, 0, 0, 0, 0, 0, 0, 0
L2.backinval-D = 0, 0, 0, 0, 0, 0, 0, 0, 0, 0, 0, 0, 0, 0, 0, 0
L2.backinval-E = 0, 0, 0, 0, 0, 0, 0, 0, 0, 0, 0, 0, 0, 0, 0, 0
L2.backinval-I = 0, 0, 0, 0, 0, 0, 0, 0, 0, 0, 0, 0, 0, 0, 0, 0
L2.backinval-M = 0, 0, 0, 0, 0, 0, 0, 0, 0, 0, 0, 0, 0, 0, 0, 0
L2.backinval-O = 0, 0, 0, 0, 0, 0, 0, 0, 0, 0, 0, 0, 0, 0, 0, 0
L2.backinval-S = 0, 0, 0, 0, 0, 0, 0, 0, 0, 0, 0, 0, 0, 0, 0, 0
L2.backinval-u = 0, 0, 0, 0, 0, 0, 0, 0, 0, 0, 0, 0, 0, 0, 0, 0
L2.coherency-downgrades = 296, 218, 7679, 1244, 2901, 7387, 6942, 18748, 456, 17729, 5064, 1077, 2188, 979, 2943, 2104
L2.coherency-invalidates = 70, 31, 32, 26, 30, 27, 22, 33, 34, 35, 28, 20, 25, 22, 14, 11
L2.coherency-upgrades = 38, 12, 11, 10, 13, 14, 10, 8, 8, 11, 9, 9, 7, 5, 7, 9
L2.coherency-writebacks = 49, 5, 4, 2, 3, 25, 2, 6, 4, 3, 3, 2, 4, 5, 17, 15
L2.evict-D = 0, 0, 0, 0, 0, 0, 0, 0, 0, 0, 0, 0, 0, 0, 0, 0
L2.evict-E = 10374, 14124, 21720, 15119, 15314, 122477, 13657, 14028, 13604, 17721, 13594, 13862, 13835, 13793, 13332, 13519
L2.evict-I = 0, 0, 0, 0, 0, 0, 0, 0, 0, 0, 0, 0, 0, 0, 0, 0
L2.evict-M = 1696, 171984, 175815, 172690, 171983, 347511, 173381, 172157, 171745, 171835, 172648, 171857, 172237, 172039, 172296, 171857
L2.evict-O = 0, 0, 0, 0, 0, 0, 0, 0, 0, 0, 0, 0, 0, 0, 0, 0
L2.evict-prefetch = 0, 0, 0, 0, 0, 0, 0, 0, 0, 0, 0, 0, 0, 0, 0, 0
L2.evict-S = 155, 189554, 190333, 188723, 189087, 286378, 189922, 188915, 189497, 185392, 188614, 188987, 189419, 189341, 189884, 189347
L2.evict-u = 0, 0, 0, 0, 0, 0, 0, 0, 0, 0, 0, 0, 0, 0, 0, 0
L2.evict-warmup = 0, 0, 0, 0, 0, 0, 0, 0, 0, 0, 0, 0, 0, 0, 0, 0
L2.hits-prefetch = 0, 0, 0, 0, 0, 0, 0, 0, 0, 0, 0, 0, 0, 0, 0, 0
L2.hits-warmup = 0, 0, 0, 0, 0, 0, 0, 0, 0, 0, 0, 0, 0, 0, 0, 0
L2.invalidate-prefetch = 0, 0, 0, 0, 0, 0, 0, 0, 0, 0, 0, 0, 0, 0, 0, 0
L2.invalidate-warmup = 0, 0, 0, 0, 0, 0, 0, 0, 0, 0, 0, 0, 0, 0, 0, 0
L2.load-misses = 11416, 238108, 248222, 238928, 238782, 479079, 237991, 237974, 238095, 238195, 236792, 237868, 238304, 237522, 238699, 237870
L2.load-misses-D = 0, 0, 0, 0, 0, 0, 0, 0, 0, 0, 0, 0, 0, 0, 0, 0
L2.load-misses-E = 10, 313, 313, 314, 313, 640, 314, 314, 313, 314, 313, 314, 314, 313, 313, 313
L2.load-misses-I = 11394, 237792, 247907, 238611, 238466, 478436, 237675, 237658, 237780, 237880, 236477, 237551, 237988, 237208, 238384, 237554
L2.load-misses-M = 0, 0, 0, 0, 0, 0, 0, 0, 0, 0, 0, 0, 0, 0, 0, 0
L2.load-misses-O = 0, 0, 0, 0, 0, 0, 0, 0, 0, 0, 0, 0, 0, 0, 0, 0
L2.load-misses-S = 12, 3, 2, 3, 3, 3, 2, 2, 2, 1, 2, 3, 2, 1, 2, 3
L2.load-misses-u = 0, 0, 0, 0, 0, 0, 0, 0, 0, 0, 0, 0, 0, 0, 0, 0
L2.load-overlapping-misses = 15, 22, 10, 84, 37, 366, 158, 198, 245, 250, 153, 248, 63, 48, 270, 208
L2.loads = 11419, 238108, 248222, 238928, 238782, 479079, 237991, 237974, 238095, 238195, 236792, 237868, 238304, 237522, 238699, 237870
L2.loads-D = 0, 0, 0, 0, 0, 0, 0, 0, 0, 0, 0, 0, 0, 0, 0, 0
L2.loads-E = 13, 313, 313, 314, 313, 640, 314, 314, 313, 314, 313, 314, 314, 313, 313, 313
L2.loads-I = 11394, 237792, 247907, 238611, 238466, 478436, 237675, 237658, 237780, 237880, 236477, 237551, 237988, 237208, 238384, 237554
L2.loads-M = 0, 0, 0, 0, 0, 0, 0, 0, 0, 0, 0, 0, 0, 0, 0, 0
L2.loads-O = 0, 0, 0, 0, 0, 0, 0, 0, 0, 0, 0, 0, 0, 0, 0, 0
L2.loads-prefetch = 0, 0, 0, 0, 0, 0, 0, 0, 0, 0, 0, 0, 0, 0, 0, 0
L2.loads-S = 12, 3, 2, 3, 3, 3, 2, 2, 2, 1, 2, 3, 2, 1, 2, 3
L2.loads-u = 0, 0, 0, 0, 0, 0, 0, 0, 0, 0, 0, 0, 0, 0, 0, 0
L2.mshr-latency = 0, 0, 0, 0, 0, 0, 0, 0, 0, 0, 0, 0, 0, 0, 0, 0
L2.next_read.no-free-slots = 0, 0, 0, 0, 0, 0, 0, 0, 0, 0, 0, 0, 0, 0, 0, 0
L2.next_read.num-barriers = 0, 0, 0, 0, 0, 0, 0, 0, 0, 0, 0, 0, 0, 0, 0, 0
L2.next_read.num-requests = 0, 0, 0, 0, 0, 0, 0, 0, 0, 0, 0, 0, 0, 0, 0, 0
L2.next_read.requests-out-of-order = 0, 0, 0, 0, 0, 0, 0, 0, 0, 0, 0, 0, 0, 0, 0, 0
L2.next_read.requests-simultaneous = 0, 0, 0, 0, 0, 0, 0, 0, 0, 0, 0, 0, 0, 0, 0, 0
L2.next_read.total-barrier-delay = 0, 0, 0, 0, 0, 0, 0, 0, 0, 0, 0, 0, 0, 0, 0, 0
L2.next_read.total-delay = 0, 0, 0, 0, 0, 0, 0, 0, 0, 0, 0, 0, 0, 0, 0, 0
L2.prefetches = 0, 0, 0, 0, 0, 0, 0, 0, 0, 0, 0, 0, 0, 0, 0, 0
L2.qbs-query-latency = 0, 0, 0, 0, 0, 0, 0, 0, 0, 0, 0, 0, 0, 0, 0, 0
L2.snoop-latency = 0, 0, 0, 0, 0, 0, 0, 0, 0, 0, 0, 0, 0, 0, 0, 0
L2.store-misses = 1960, 171834, 175665, 172535, 171835, 347048, 173231, 172006, 171590, 171648, 172495, 171701, 172087, 171888, 172155, 171711
L2.store-misses-D = 0, 0, 0, 0, 0, 0, 0, 0, 0, 0, 0, 0, 0, 0, 0, 0
L2.store-misses-E = 484, 33411, 35151, 34071, 33366, 68545, 33407, 34011, 33972, 34026, 33571, 34010, 34042, 33385, 34484, 34003
L2.store-misses-I = 1450, 138414, 140505, 138456, 138459, 278492, 139816, 137989, 137612, 137612, 138917, 137685, 138040, 138499, 137666, 137702
L2.store-misses-M = 0, 0, 0, 0, 0, 0, 0, 0, 0, 0, 0, 0, 0, 0, 0, 0
L2.store-misses-O = 0, 0, 0, 0, 0, 0, 0, 0, 0, 0, 0, 0, 0, 0, 0, 0
L2.store-misses-S = 26, 9, 9, 8, 10, 11, 8, 6, 6, 10, 7, 6, 5, 4, 5, 6
L2.store-misses-u = 0, 0, 0, 0, 0, 0, 0, 0, 0, 0, 0, 0, 0, 0, 0, 0
L2.store-overlapping-misses = 221, 6423, 6453, 6329, 5985, 13709, 6051, 5920, 5566, 5346, 5534, 5482, 5213, 5440, 5212, 5373
L2.stores = 1960, 171834, 175665, 172535, 171835, 347048, 173231, 172006, 171590, 171648, 172495, 171701, 172087, 171888, 172155, 171711
L2.stores-D = 0, 0, 0, 0, 0, 0, 0, 0, 0, 0, 0, 0, 0, 0, 0, 0
L2.stores-E = 484, 33411, 35151, 34071, 33366, 68545, 33407, 34011, 33972, 34026, 33571, 34010, 34042, 33385, 34484, 34003
L2.stores-I = 1450, 138414, 140505, 138456, 138459, 278492, 139816, 137989, 137612, 137612, 138917, 137685, 138040, 138499, 137666, 137702
L2.stores-M = 0, 0, 0, 0, 0, 0, 0, 0, 0, 0, 0, 0, 0, 0, 0, 0
L2.stores-O = 0, 0, 0, 0, 0, 0, 0, 0, 0, 0, 0, 0, 0, 0, 0, 0
L2.stores-prefetch = 0, 0, 0, 0, 0, 0, 0, 0, 0, 0, 0, 0, 0, 0, 0, 0
L2.stores-S = 26, 9, 9, 8, 10, 11, 8, 6, 6, 10, 7, 6, 5, 4, 5, 6
L2.stores-u = 0, 0, 0, 0, 0, 0, 0, 0, 0, 0, 0, 0, 0, 0, 0, 0
L2.total-latency = 0, 0, 0, 0, 0, 0, 0, 0, 0, 0, 0, 0, 0, 0, 0, 0
L2.uncore-requests = 12882, 376217, 388421, 377078, 376938, 756940, 377500, 375654, 375399, 375502, 375403, 375244, 376032, 375712, 376057, 375263
L2.uncore-time-dram = 0, 0, 0, 0, 0, 0, 0, 0, 0, 0, 0, 0, 0, 0, 0, 0
L2.uncore-time-dram-bus = 58684619512, 5133429084, 5436883020, 5032277772, 5099711980, 13014802144, 5293585328, 5656044196, 4905838632, 5883634648, 4787828768, 4914267908, 4931126460, 4888980080, 4568667592, 4888980080
L2.uncore-time-dram-cache = 0, 0, 0, 0, 0, 0, 0, 0, 0, 0, 0, 0, 0, 0, 0, 0
L2.uncore-time-dram-cache-bus = 0, 0, 0, 0, 0, 0, 0, 0, 0, 0, 0, 0, 0, 0, 0, 0
L2.uncore-time-dram-cache-data = 0, 0, 0, 0, 0, 0, 0, 0, 0, 0, 0, 0, 0, 0, 0, 0
L2.uncore-time-dram-cache-queue = 0, 0, 0, 0, 0, 0, 0, 0, 0, 0, 0, 0, 0, 0, 0, 0
L2.uncore-time-dram-cache-tags = 0, 0, 0, 0, 0, 0, 0, 0, 0, 0, 0, 0, 0, 0, 0, 0
L2.uncore-time-dram-device = 313290000000, 27405000000, 29025000000, 26865000000, 27225000000, 69480000000, 28260000000, 30195000000, 26190000000, 31410000000, 25560000000, 26235000000, 26325000000, 26100000000, 24390000000, 26100000000
L2.uncore-time-dram-queue = 14395620092, 433739792698, 696898640774, 1211591809215, 676508943033, 1116442116691, 1199334182739, 393908092455, 903066547076, 826788118890, 701907908210, 1198448077938, 975980336111, 256338074119, 215032231281, 849367106930
L2.uncore-time-inv-imbalance = 647984620, 165263059, 72359072, 112425431, 225911889, 120946543, 128058321, 59570608, 40600495, 39629619, 158693734, 95572998, 111882041, 660830, 13070598, 9029984
L2.uncore-time-noc-base = 180358490560, 5738955940139, 6280687345170, 6070504140325, 4348477566896, 7602990841830, 4113044186868, 4266887508072, 4340877071659, 4027765719617, 4781756514618, 4268230555685, 6078086283106, 5542903672641, 7251037378164, 5781927153468
L2.uncore-time-noc-queue = 21613388270, 5725079312555, 5387175744586, 5852936110694, 7380416468426, 14690096314449, 7623524480119, 7569983433009, 7977907019162, 8412838825101, 7794581729018, 7654266287485, 6079170039356, 5584071738654, 8263926020611, 6015636890712
L2.uncore-time-nuca-bus = 19127496, 25440969454, 13145499626, 18658212670, 32679126611, 20530545134, 34267565815, 27158039477, 31205597182, 25028382778, 38535160754, 36322820536, 16921380474, 14009128195, 33262980269, 20600207779
L2.uncore-time-nuca-data = 17423517992, 1120227550545, 1158675881476, 1127538531364, 1117908090036, 2248722216177, 1093463576123, 1111810176645, 1122827588544, 1097251293100, 1086992399764, 1115006891379, 1125768631411, 1121597456016, 1093154336195, 1121957746258
L2.uncore-time-nuca-ecc = 0, 0, 0, 0, 0, 0, 0, 0, 0, 0, 0, 0, 0, 0, 0, 0
L2.uncore-time-nuca-queue = 5798653968, 372614316976, 385624002048, 375253890688, 371743467856, 748243573664, 363360293856, 369802575392, 373613291024, 364801699296, 361282267680, 370977721216, 374674325584, 373293979680, 363388321184, 373364048000
L2.uncore-time-nuca-tags = 9590203890, 280345231080, 290144457054, 282318910830, 279688089708, 563200230924, 273408404652, 278279822214, 281075304618, 274543740432, 271802393244, 279096361722, 281874550932, 280833951780, 273364795728, 280886583240
L2.uncore-time-remote-cache-inv = 0, 0, 0, 0, 0, 0, 0, 0, 0, 0, 0, 0, 0, 0, 0, 0
L2.uncore-time-remote-cache-wb = 0, 0, 0, 0, 0, 0, 0, 0, 0, 0, 0, 0, 0, 0, 0, 0
L2.uncore-time-td-access = 48804400980, 1424748659760, 1469782392570, 1423391519970, 1432414055970, 2878143871320, 1465259846400, 1430996765940, 1416222363240, 1446718534920, 1458406478430, 1424613321720, 1417895291790, 1421196036210, 1456729790490, 1417083263550
L2.uncore-time-unknown = 4476000000, 292176000000, 256956000000, 288840000000, 272580000000, 508272000000, 282060000000, 276228000000, 261264000000, 263928000000, 252144000000, 260472000000, 333996000000, 322164000000, 282072000000, 295992000000
L2.uncore-totaltime = 675102007380, 15446031465350, 15973624205396, 16683042828959, 15944966432405, 30459257458876, 16481404180221, 15760965028008, 16739195221632, 16776997578401, 16777915374220, 16638678878587, 16715734847265, 14947397678205, 19260939592112, 16187813010001
ncores = 16
network.shmem-1.mesh.bytes-in = 22330326, 53382498, 51940126, 51543106, 51810788, 79714150, 51694302, 51365630, 49767748, 49701914, 50539198, 50418328, 54005134, 53680492, 53045312, 51679524
network.shmem-1.mesh.bytes-out = 27470042, 53219074, 49915730, 51787614, 51098444, 70438090, 52719532, 52514182, 49588268, 51344186, 49714870, 49577122, 57243360, 55279026, 52791586, 51917450
network.shmem-1.mesh.contention-delay = 1837735760557, 9663601295342, 9058015355850, 9662439267232, 8319922743340, 16360020974300, 8755382767375, 9132561307127, 8673597333354, 10365399948300, 9372910555552, 9290637932718, 8931900703893, 9632823985123, 12919649503473, 9420684528716
network.shmem-1.mesh.link-down.num-requests = 0, 0, 0, 0, 568746, 947228, 870201, 910854, 918008, 1325929, 1148407, 1157488, 744423, 969465, 870087, 876212
network.shmem-1.mesh.link-down.num-requests-analytical = 0, 0, 0, 0, 0, 379, 268, 278, 435, 289, 461, 478, 162, 92, 27, 385
network.shmem-1.mesh.link-down.total-queue-delay = 0, 0, 0, 0, 59056917987, 2257290775141, 2428349488470, 2280058116565, 937292432374, 3242876170005, 2186566696731, 2061170374030, 265749514828, 773374189931, 668568890516, 424140786458
network.shmem-1.mesh.link-down.total-time-used = 0, 0, 0, 0, 848168163756, 1964855908960, 1918420311870, 1883408481972, 1755718313944, 3159032562038, 2498203130138, 2442216297536, 1510145276250, 2264608788054, 1925033683938, 1898952012472
network.shmem-1.mesh.link-in.num-requests = 370959, 1089430, 1071170, 1072401, 1067167, 1734061, 1083587, 1079967, 1049808, 1068099, 1049990, 1049323, 1131158, 1108576, 1084651, 1070384
network.shmem-1.mesh.link-in.num-requests-analytical = 75, 478, 558, 599, 986, 617, 438, 358, 693, 701, 432, 609, 996, 244, 147, 662
network.shmem-1.mesh.link-in.total-queue-delay = 180703787172, 1748536761091, 1476088306653, 1791333626736, 1725180698035, 2910647505177, 2015414141285, 2017035711984, 1863991458387, 2067832705432, 2075782894768, 1962447089992, 2085541107054, 1700721609416, 2401168285393, 1763511125344
network.shmem-1.mesh.link-in.total-time-used = 1283087362386, 2345644653524, 2206408260316, 2284244124366, 2255976373658, 3036071649854, 2326129323874, 2317430366610, 2194926190368, 2271007272234, 2198673520900, 2191219229306, 2519712669772, 2430489222752, 2326113651626, 2284857090520
network.shmem-1.mesh.link-left.num-requests = 0, 790289, 1157279, 859916, 0, 979033, 1163131, 864746, 0, 778513, 1123122, 837176, 0, 800928, 1155277, 857266
network.shmem-1.mesh.link-left.num-requests-analytical = 0, 571, 763, 371, 0, 555, 738, 235, 0, 534, 707, 446, 0, 317, 386, 240
network.shmem-1.mesh.link-left.total-queue-delay = 0, 271694222178, 378718103898, 247417452895, 0, 285780820215, 582823949129, 336217748092, 0, 335445615253, 536042054292, 318704791581, 0, 300548516033, 456895351550, 311248725100
network.shmem-1.mesh.link-left.total-time-used = 0, 1565348081854, 2410324872370, 1832562199864, 0, 1821224355158, 2485497151538, 1857008096068, 0, 1533460939094, 2343876309492, 1753643340736, 0, 1609566538104, 2461615305638, 1828988448092
network.shmem-1.mesh.link-out.num-requests = 699585, 1117702, 1030316, 1079567, 1061203, 1315279, 1096066, 1081699, 1029252, 1056115, 1029154, 1031096, 1205351, 1162843, 1104228, 1081275
network.shmem-1.mesh.link-out.num-requests-analytical = 0, 460, 315, 320, 1456, 366, 326, 423, 979, 445, 412, 421, 1386, 412, 361, 490
network.shmem-1.mesh.link-out.total-queue-delay = 53066943169, 3319751793958, 3436404824123, 3272591236116, 5087945556902, 11143434190775, 5162871435187, 5019769278956, 5391434359339, 6220595253338, 4947424047122, 4963008494072, 3494238264266, 3416386144903, 5489527425623, 3318490650566
network.shmem-1.mesh.link-out.total-time-used = 1042524993126, 2353407363212, 2301419458312, 2272775157490, 2289433595258, 3470745881858, 2277987978956, 2263462266770, 2203300014000, 2193797816546, 2237349461276, 2230695968968, 2367758625538, 2355529682186, 2338094331720, 2273708366850
network.shmem-1.mesh.link-right.num-requests = 299052, 762023, 660057, 0, 874340, 1484712, 1034130, 0, 858642, 1124130, 837741, 0, 940430, 1199872, 888738, 0
network.shmem-1.mesh.link-right.num-requests-analytical = 0, 83, 83, 0, 606, 493, 290, 0, 376, 639, 262, 0, 659, 573, 462, 0
network.shmem-1.mesh.link-right.total-queue-delay = 24237229827, 342039876678, 298378718588, 0, 330608917414, 554561127584, 376725092911, 0, 407619779310, 705916939234, 423165865918, 0, 413554225596, 719339108893, 437310746195, 0
network.shmem-1.mesh.link-right.total-time-used = 1033780041936, 1884791605186, 1523343912582, 0, 1889570596216, 2838915475992, 2031790103052, 0, 1832378947572, 2382419032260, 1749625742166, 0, 2124555696748, 2655604948424, 1930333276236, 0
network.shmem-1.mesh.link-up.num-requests = 731357, 822975, 715658, 703829, 1191276, 1194184, 1133582, 1118115, 958118, 928825, 876541, 855631, 0, 0, 0, 0
network.shmem-1.mesh.link-up.num-requests-analytical = 1122, 107, 26, 107, 1452, 505, 98, 264, 1036, 320, 268, 98, 0, 0, 0, 0
network.shmem-1.mesh.link-up.total-queue-delay = 226089819106, 506652462459, 731735576362, 346548398292, 1727934567993, 2125353140401, 3947306404384, 2014694269205, 2173666219918, 2197470383934, 2875589281000, 2021877395464, 0, 0, 0, 0
network.shmem-1.mesh.link-up.total-time-used = 1620298572934, 1951058426538, 1607094133972, 1585659161566, 2426045260464, 2425488764216, 2413654614628, 2373217083954, 1873180390660, 1868649731630, 1844369549390, 1786458460658, 0, 0, 0, 0
network.shmem-1.mesh.packets-in = 704061, 1191367, 1095641, 1152087, 1130206, 1444181, 1169849, 1154345, 1095022, 1125995, 1094857, 1097524, 1289857, 1244506, 1177888, 1156286
network.shmem-1.mesh.packets-out = 375435, 1163095, 1136495, 1144921, 1136170, 1862963, 1157370, 1152613, 1115578, 1137979, 1115693, 1115751, 1215664, 1190239, 1158311, 1145395
network.shmem-1.mesh.total-delay = 4521589375099, 14268008834440, 13444254162610, 14543183718668, 12734209431156, 21947551545898, 12728366163753, 13505569934131, 12937092691302, 14192072270030, 13197642895500, 13524963959938, 14203949758201, 14251324492833, 17390727736443, 14213790961112
nuca-cache-queue.num-requests = 512678, 589802, 521736, 550038, 545490, 502761, 552906, 540681, 503599, 506411, 518837, 515606, 618448, 604859, 576406, 552530
nuca-cache-queue.num-requests-analytical = 0, 0, 0, 0, 0, 0, 0, 0, 0, 0, 0, 0, 0, 0, 0, 0
nuca-cache-queue.total-queue-delay = 15478026404, 30973997365, 19765955665, 27728799033, 24500319413, 23964625481, 25348399626, 25370466208, 19776407829, 27745863088, 22420664204, 27519206225, 28333085508, 27951512377, 35046325294, 27558461824
nuca-cache-queue.total-time-used = 513178373728, 590377646752, 522245214336, 550574837088, 546022398240, 503251694736, 553445636256, 541208704656, 504090512624, 506905257136, 519343384912, 516109231456, 619051605248, 605449342384, 576968572256, 553069269280
nuca-cache.access-mru-0 = 196114, 225885, 192997, 223909, 219160, 200055, 239654, 231027, 209763, 236264, 215557, 221461, 293666, 283930, 237008, 253244
nuca-cache.access-mru-1 = 8308, 13042, 9238, 12125, 10762, 6565, 9011, 9261, 8382, 10146, 10881, 9226, 15391, 13149, 12623, 15049
nuca-cache.access-mru-10 = 15006, 18707, 16949, 14525, 14207, 14233, 14048, 12307, 12735, 11596, 14491, 12894, 15359, 15342, 17127, 13526
nuca-cache.access-mru-11 = 18493, 22498, 20624, 18181, 17706, 16692, 16896, 15993, 15503, 13824, 18112, 16457, 19039, 18741, 21355, 15943
nuca-cache.access-mru-12 = 25911, 29472, 28138, 25407, 24387, 23718, 24612, 23882, 23232, 20368, 23348, 22363, 25679, 25318, 28701, 21117
nuca-cache.access-mru-13 = 44455, 48663, 49168, 44856, 43331, 44076, 44619, 45582, 43115, 37545, 39675, 39124, 42505, 41819, 46214, 35155
nuca-cache.access-mru-14 = 121664, 127813, 123328, 115716, 120309, 123218, 127368, 128867, 122478, 109900, 107985, 110082, 110385, 110876, 110639, 94399
nuca-cache.access-mru-15 = 3195, 10695, 7162, 11256, 6785, 3321, 6673, 8063, 6899, 6844, 11067, 15614, 12170, 12419, 11923, 15130
nuca-cache.access-mru-2 = 6550, 9110, 6252, 8088, 8391, 4752, 6579, 7069, 5514, 6533, 8434, 6360, 9604, 9411, 9270, 10042
nuca-cache.access-mru-3 = 7011, 8720, 6042, 8058, 8307, 5451, 6495, 7181, 5271, 5887, 8293, 6628, 8487, 8832, 9516, 9582
nuca-cache.access-mru-4 = 8189, 9443, 6710, 8819, 9662, 6500, 7019, 7465, 5866, 6585, 8916, 7571, 9128, 9283, 10231, 10324
nuca-cache.access-mru-5 = 9714, 10601, 8098, 10325, 11560, 7989, 7821, 7765, 6851, 6968, 8891, 8395, 9604, 10035, 10673, 10898
nuca-cache.access-mru-6 = 10823, 11591, 9353, 11158, 12205, 9599, 8658, 8054, 7795, 7125, 9065, 9021, 10440, 10325, 11263, 11289
nuca-cache.access-mru-7 = 11846, 13167, 10975, 11661, 12684, 11228, 10178, 8631, 9091, 8041, 10451, 9279, 11150, 10770, 12041, 11498
nuca-cache.access-mru-8 = 12224, 14413, 12651, 12523, 12810, 12293, 11224, 9145, 10080, 8997, 11105, 10081, 12374, 11459, 13108, 12282
nuca-cache.access-mru-9 = 13175, 15982, 14051, 13431, 13224, 13071, 12051, 10389, 11024, 9788, 12566, 11050, 13467, 13150, 14714, 13052
nuca-cache.read-misses = 1017, 1097, 1008, 1033, 1037, 1023, 1060, 1111, 1028, 1012, 1071, 1111, 1109, 1086, 1072, 1104
nuca-cache.reads = 337018, 399777, 344035, 380296, 366738, 335132, 385460, 372950, 349025, 358690, 350581, 351459, 442790, 423264, 389800, 381015
nuca-cache.write-misses = 1022, 1245, 1128, 1292, 1202, 1039, 1184, 1119, 1144, 1111, 1236, 1327, 1252, 1242, 1231, 1270
nuca-cache.writes = 177699, 192367, 179837, 172067, 180991, 169691, 169690, 169961, 156746, 149844, 170563, 166585, 178019, 183923, 188909, 173889
performance_model.cpiDTLBMiss = 0, 0, 0, 0, 0, 0, 0, 0, 0, 0, 0, 0, 0, 0, 0, 0
performance_model.cpiFastforwardTime = 0, 0, 0, 0, 0, 0, 0, 0, 0, 0, 0, 0, 0, 0, 0, 0
performance_model.cpiITLBMiss = 0, 0, 0, 0, 0, 0, 0, 0, 0, 0, 0, 0, 0, 0, 0, 0
performance_model.cpiRecv = 0, 0, 0, 0, 0, 0, 0, 0, 0, 0, 0, 0, 0, 0, 0, 0
performance_model.cpiStartTime = 0, 700524013266, 701321379885, 701588296575, 701748822528, 702052581240, 702254836422, 702406339839, 702514610271, 702781526961, 703043556444, 703270623600, 703587540177, 703878892902, 704151072738, 704536034274
performance_model.cpiSyncDvfsTransition = 0, 0, 0, 0, 0, 0, 0, 0, 0, 0, 0, 0, 0, 0, 0, 0
performance_model.cpiSyncFutex = 36934068413036, 1000000000, 1000000000, 2616539960, 0, 2000000000, 3753381756, 0, 0, 0, 0, 3220297994, 1000000000, 0, 4473683140, 4110150127
performance_model.cpiSyncJoin = 0, 0, 0, 0, 0, 0, 0, 0, 0, 0, 0, 0, 0, 0, 0, 0
performance_model.cpiSyncMemAccess = 0, 0, 0, 0, 0, 0, 0, 0, 0, 0, 0, 0, 0, 0, 0, 0
performance_model.cpiSyncPause = 0, 0, 0, 0, 0, 0, 0, 0, 0, 0, 0, 0, 0, 0, 0, 0
performance_model.cpiSyncPthreadBarrier = 0, 0, 0, 0, 0, 0, 0, 0, 0, 0, 0, 0, 0, 0, 0, 0
performance_model.cpiSyncPthreadCond = 0, 0, 0, 0, 0, 0, 0, 0, 0, 0, 0, 0, 0, 0, 0, 0
performance_model.cpiSyncPthreadMutex = 0, 0, 0, 0, 0, 0, 0, 0, 0, 0, 0, 0, 0, 0, 0, 0
performance_model.cpiSyncSleep = 0, 0, 0, 0, 0, 0, 0, 0, 0, 0, 0, 0, 0, 0, 0, 0
performance_model.cpiSyncSyscall = 427475187, 0, 0, 0, 0, 0, 0, 0, 0, 0, 0, 0, 0, 0, 0, 0
performance_model.cpiSyncUnscheduled = 0, 0, 0, 0, 0, 321051906, 0, 0, 0, 0, 0, 0, 0, 0, 0, 0
performance_model.cpiUnknown = 133991802441, 0, 0, 0, 0, 0, 0, 0, 0, 0, 0, 0, 0, 0, 0, 0
performance_model.cycle_count = 100239566.557, 51737244.1661, 52079529.3926, 51891795.8229, 51754457.1212, 100130259.804, 51677837.3124, 51714772.2109, 51730254.1759, 51512704.6676, 51624276.4154, 51784269.0659, 51949903.6855, 51835352.9384, 51679115.3155, 51841830.9478
performance_model.dyninsn_cost = 0, 0, 0, 0, 0, 0, 0, 0, 0, 0, 0, 0, 0, 0, 0, 0
performance_model.dyninsn_count = 0, 0, 0, 0, 0, 0, 0, 0, 0, 0, 0, 0, 0, 0, 0, 0
performance_model.dyninsn_zero_count = 0, 0, 0, 0, 0, 0, 0, 0, 0, 0, 0, 0, 0, 0, 0, 0
performance_model.elapsed_time = 37684047577691, 19450091791783, 19578770448337, 19508193918371, 19456562827530, 37642954813418, 19427758388130, 19441643688315, 19447463975913, 19365678446463, 19407622712571, 19467770325518, 19530038979523, 19486974788874, 19428238840432, 19489410130756
performance_model.elapsed_time_begin = 0, 0, 0, 0, 0, 0, 0, 0, 0, 0, 0, 0, 0, 0, 0, 0
performance_model.elapsed_time_end = 37684047577691, 19450091791783, 19578770448337, 19508193918371, 19456562827530, 37642954813418, 19427758388130, 19441643688315, 19447463975913, 19365678446463, 19407622712571, 19467770325518, 19530038979523, 19486974788874, 19428238840432, 19489410130756
performance_model.idle_elapsed_time = 36934495888223, 701524013266, 702321379885, 704204836535, 701748822528, 704373633146, 706008218178, 702406339839, 702514610271, 702781526961, 703043556444, 706490921594, 704587540177, 703878892902, 708624755878, 708646184401
performance_model.instruction_count = 1193148, 62947663, 62947655, 62947188, 62947642, 125891319, 62947170, 62946853, 62945839, 62950057, 62945828, 62946119, 62946855, 62945044, 62945077, 62946090
pthread.pthread_barrier_wait_count = 0, 0, 0, 0, 0, 0, 0, 0, 0, 0, 0, 0, 0, 0, 0, 0
pthread.pthread_barrier_wait_delay_mem = 0, 0, 0, 0, 0, 0, 0, 0, 0, 0, 0, 0, 0, 0, 0, 0
pthread.pthread_barrier_wait_delay_sync = 0, 0, 0, 0, 0, 0, 0, 0, 0, 0, 0, 0, 0, 0, 0, 0
pthread.pthread_cond_broadcast_count = 0, 0, 0, 0, 0, 0, 0, 0, 0, 0, 0, 0, 0, 0, 0, 0
pthread.pthread_cond_broadcast_delay_mem = 0, 0, 0, 0, 0, 0, 0, 0, 0, 0, 0, 0, 0, 0, 0, 0
pthread.pthread_cond_broadcast_delay_sync = 0, 0, 0, 0, 0, 0, 0, 0, 0, 0, 0, 0, 0, 0, 0, 0
pthread.pthread_cond_signal_count = 0, 0, 0, 0, 0, 0, 0, 0, 0, 0, 0, 0, 0, 0, 0, 0
pthread.pthread_cond_signal_delay_mem = 0, 0, 0, 0, 0, 0, 0, 0, 0, 0, 0, 0, 0, 0, 0, 0
pthread.pthread_cond_signal_delay_sync = 0, 0, 0, 0, 0, 0, 0, 0, 0, 0, 0, 0, 0, 0, 0, 0
pthread.pthread_cond_wait_count = 0, 0, 0, 0, 0, 0, 0, 0, 0, 0, 0, 0, 0, 0, 0, 0
pthread.pthread_cond_wait_delay_mem = 0, 0, 0, 0, 0, 0, 0, 0, 0, 0, 0, 0, 0, 0, 0, 0
pthread.pthread_cond_wait_delay_sync = 0, 0, 0, 0, 0, 0, 0, 0, 0, 0, 0, 0, 0, 0, 0, 0
pthread.pthread_mutex_lock_contended = 0, 0, 0, 0, 0, 0, 0, 0, 0, 0, 0, 0, 0, 0, 0, 0
pthread.pthread_mutex_lock_count = 0, 0, 0, 0, 0, 0, 0, 0, 0, 0, 0, 0, 0, 0, 0, 0
pthread.pthread_mutex_lock_delay_mem = 0, 0, 0, 0, 0, 0, 0, 0, 0, 0, 0, 0, 0, 0, 0, 0
pthread.pthread_mutex_lock_delay_sync = 0, 0, 0, 0, 0, 0, 0, 0, 0, 0, 0, 0, 0, 0, 0, 0
pthread.pthread_mutex_trylock_count = 0, 0, 0, 0, 0, 0, 0, 0, 0, 0, 0, 0, 0, 0, 0, 0
pthread.pthread_mutex_trylock_delay_mem = 0, 0, 0, 0, 0, 0, 0, 0, 0, 0, 0, 0, 0, 0, 0, 0
pthread.pthread_mutex_trylock_delay_sync = 0, 0, 0, 0, 0, 0, 0, 0, 0, 0, 0, 0, 0, 0, 0, 0
pthread.pthread_mutex_unlock_contended = 0, 0, 0, 0, 0, 0, 0, 0, 0, 0, 0, 0, 0, 0, 0, 0
pthread.pthread_mutex_unlock_count = 0, 0, 0, 0, 0, 0, 0, 0, 0, 0, 0, 0, 0, 0, 0, 0
pthread.pthread_mutex_unlock_delay_mem = 0, 0, 0, 0, 0, 0, 0, 0, 0, 0, 0, 0, 0, 0, 0, 0
pthread.pthread_mutex_unlock_delay_sync = 0, 0, 0, 0, 0, 0, 0, 0, 0, 0, 0, 0, 0, 0, 0, 0
pthread_locks_contended = 0.0
roi.instrs = 1008697456
roi.ipscore = 50131.5336676
roi.ipstotal = 802104.538681
roi.walltime = 1257.563581
stlb.access = 1285, 117, 123, 121, 122, 258, 123, 118, 99, 145, 100, 109, 116, 77, 79, 121
stlb.miss = 324, 106, 106, 107, 106, 116, 108, 104, 96, 112, 96, 101, 105, 77, 79, 102
stlb_cache.access-mru-0 = 255, 7, 13, 11, 12, 55, 12, 13, 3, 25, 4, 7, 8, 0, 0, 18
stlb_cache.access-mru-1 = 429, 1, 0, 3, 1, 73, 3, 1, 0, 7, 0, 1, 3, 0, 0, 1
stlb_cache.access-mru-2 = 59, 3, 0, 0, 3, 6, 0, 0, 0, 1, 0, 0, 0, 0, 0, 0
stlb_cache.access-mru-3 = 218, 0, 4, 0, 0, 8, 0, 0, 0, 0, 0, 0, 0, 0, 0, 0
syscall.stderr-bytes = 1046, 0, 0, 0, 0, 0, 0, 0, 0, 0, 0, 0, 0, 0, 0, 0
syscall.stdout-bytes = 225, 0, 0, 0, 0, 0, 0, 0, 0, 0, 0, 0, 0, 0, 0, 0
thread.bottle_contrib_time = 743043829621, 1173400434213, 1203729046601, 1181803601476, 1173587774808, 10462329139056, 1170609252188, 1171964644261, 1172480227511, 1166532877576, 1169302959035, 1174599924849, 1187123569317, 1177477244445, 1170478981680, 1177556300965, 10007600294728
thread.bottle_runtime_time = 750122745329, 18749567778517, 18877449068452, 18804989081836, 18754814005002, 36938662007157, 18722750169952, 18739237348476, 18744949365642, 18662896919502, 18704579156127, 18762279403924, 18826451439346, 18783095895972, 18721349799437, 18781131241018, 36482709278214
thread.elapsed_time = 37684000000000, 18748475986734, 18876378620115, 18806511703425, 18754751177472, 36939847418760, 18725445163578, 18739193660161, 18744885389729, 18662818473039, 18704556443556, 18764429376400, 18826412459823, 18783021107098, 18724048927262, 18784863965726, 36483543665472
thread.instruction_count = 1193148, 62947660, 62947655, 62947188, 62947639, 62946143, 62947170, 62946853, 62945839, 62949942, 62945828, 62946119, 62946855, 62945044, 62945077, 62946090, 62945173
thread.instructions_by_core[0] = 1193148, 0, 0, 0, 0, 0, 0, 0, 0, 0, 0, 0, 0, 0, 0, 0
thread.instructions_by_core[10] = 0, 0, 0, 0, 0, 0, 0, 0, 0, 0, 62945828, 0, 0, 0, 0, 0
thread.instructions_by_core[11] = 0, 0, 0, 0, 0, 0, 0, 0, 0, 0, 0, 62946119, 0, 0, 0, 0
thread.instructions_by_core[12] = 0, 0, 0, 0, 0, 0, 0, 0, 0, 0, 0, 0, 62946855, 0, 0, 0
thread.instructions_by_core[13] = 0, 0, 0, 0, 0, 0, 0, 0, 0, 0, 0, 0, 0, 62945044, 0, 0
thread.instructions_by_core[14] = 0, 0, 0, 0, 0, 0, 0, 0, 0, 0, 0, 0, 0, 0, 62945077, 0
thread.instructions_by_core[15] = 0, 0, 0, 0, 0, 0, 0, 0, 0, 0, 0, 0, 0, 0, 0, 62946090
thread.instructions_by_core[1] = 0, 62947660, 0, 0, 0, 0, 0, 0, 0, 0, 0, 0, 0, 0, 0, 0
thread.instructions_by_core[2] = 0, 0, 62947655, 0, 0, 0, 0, 0, 0, 0, 0, 0, 0, 0, 0, 0
thread.instructions_by_core[3] = 0, 0, 0, 62947188, 0, 0, 0, 0, 0, 0, 0, 0, 0, 0, 0, 0
thread.instructions_by_core[4] = 0, 0, 0, 0, 62947639, 0, 0, 0, 0, 0, 0, 0, 0, 0, 0, 0
thread.instructions_by_core[5] = 0, 0, 0, 0, 0, 62946143, 0, 0, 0, 0, 0, 0, 0, 0, 0, 0, 62945173
thread.instructions_by_core[6] = 0, 0, 0, 0, 0, 0, 62947170, 0, 0, 0, 0, 0, 0, 0, 0, 0
thread.instructions_by_core[7] = 0, 0, 0, 0, 0, 0, 0, 62946853, 0, 0, 0, 0, 0, 0, 0, 0
thread.instructions_by_core[8] = 0, 0, 0, 0, 0, 0, 0, 0, 62945839, 0, 0, 0, 0, 0, 0, 0
thread.instructions_by_core[9] = 0, 0, 0, 0, 0, 0, 0, 0, 0, 62949942, 0, 0, 0, 0, 0, 0
thread.nonidle_cycle_count = 1993807, 49870955, 50211354, 50018610, 49887664, 49097845, 49799855, 49846371, 49861565, 49643140, 49754180, 49905003, 50075700, 49963035, 49794173, 49956832, 49158579
thread.nonidle_elapsed_time = 749551689468, 18748479432852, 18876449068452, 18803989081836, 18754760997603, 18457836480684, 18721750169952, 18739237348476, 18744949365642, 18662834889567, 18704579156127, 18761279403924, 18825451439346, 18783095895972, 18719614084554, 18780763946355, 18480669135849
thread.time_by_core[0] = 749551689468, 0, 0, 0, 0, 0, 0, 0, 0, 0, 0, 0, 0, 0, 0, 0
thread.time_by_core[10] = 0, 0, 0, 0, 0, 0, 0, 0, 0, 0, 18704579156127, 0, 0, 0, 0, 0
thread.time_by_core[11] = 0, 0, 0, 0, 0, 0, 0, 0, 0, 0, 0, 18761279403924, 0, 0, 0, 0
thread.time_by_core[12] = 0, 0, 0, 0, 0, 0, 0, 0, 0, 0, 0, 0, 18825451439346, 0, 0, 0
thread.time_by_core[13] = 0, 0, 0, 0, 0, 0, 0, 0, 0, 0, 0, 0, 0, 18783095895972, 0, 0
thread.time_by_core[14] = 0, 0, 0, 0, 0, 0, 0, 0, 0, 0, 0, 0, 0, 0, 18719614084554, 0
thread.time_by_core[15] = 0, 0, 0, 0, 0, 0, 0, 0, 0, 0, 0, 0, 0, 0, 0, 18780763946355
thread.time_by_core[1] = 0, 18748479432852, 0, 0, 0, 0, 0, 0, 0, 0, 0, 0, 0, 0, 0, 0
thread.time_by_core[2] = 0, 0, 18876449068452, 0, 0, 0, 0, 0, 0, 0, 0, 0, 0, 0, 0, 0
thread.time_by_core[3] = 0, 0, 0, 18803989081836, 0, 0, 0, 0, 0, 0, 0, 0, 0, 0, 0, 0
thread.time_by_core[4] = 0, 0, 0, 0, 18754760997603, 0, 0, 0, 0, 0, 0, 0, 0, 0, 0, 0
thread.time_by_core[5] = 0, 0, 0, 0, 0, 18457836480684, 0, 0, 0, 0, 0, 0, 0, 0, 0, 0, 18480669135849
thread.time_by_core[6] = 0, 0, 0, 0, 0, 0, 18721750169952, 0, 0, 0, 0, 0, 0, 0, 0, 0
thread.time_by_core[7] = 0, 0, 0, 0, 0, 0, 0, 18739237348476, 0, 0, 0, 0, 0, 0, 0, 0
thread.time_by_core[8] = 0, 0, 0, 0, 0, 0, 0, 0, 18744949365642, 0, 0, 0, 0, 0, 0, 0
thread.time_by_core[9] = 0, 0, 0, 0, 0, 0, 0, 0, 0, 18662834889567, 0, 0, 0, 0, 0, 0
thread.unscheduled_time = 36934495888223, 0, 0, 1616539960, 0, 18482144616028, 2753381756, 0, 0, 0, 0, 2220297994, 0, 0, 3473683140, 4110150127, 18001800000000
time.walltime = 1257563581, 0, 0, 0, 0, 0, 0, 0, 0, 0, 0, 0, 0, 0, 0, 0
vmem = 2763186176
walltime = 1258.38657093
