barrier.global_time = 11731358900000000, 0, 0, 0, 0, 0, 0, 0, 0, 0, 0, 0, 0, 0, 0, 0
barrier.global_time_begin = 0, 0, 0, 0, 0, 0, 0, 0, 0, 0, 0, 0, 0, 0, 0, 0
barrier.global_time_end = 11731358900000000, 0, 0, 0, 0, 0, 0, 0, 0, 0, 0, 0, 0, 0, 0, 0
branch_predictor.num-correct = 4098828030, 2038887, 3105131, 2889554, 2125506, 2660382, 2067665, 1961976, 2569219, 3584486, 2492343, 1946012, 1262955, 2000034, 2313229, 2549806
branch_predictor.num-incorrect = 190918128, 113852, 167291, 164243, 130520, 146129, 136131, 155650, 167625, 191309, 128976, 132028, 104771, 124638, 134024, 168710
core.instructions = 30471233983, 68827316, 82718719, 80701541, 72910357, 73349707, 71955247, 94875326, 81105583, 84633434, 69719032, 71337991, 61190120, 71765096, 70528646, 88131987
core.spin_elapsed_time = 0, 0, 0, 0, 0, 0, 0, 0, 0, 0, 0, 0, 0, 0, 0, 0
core.spin_instructions = 0, 0, 0, 0, 0, 0, 0, 0, 0, 0, 0, 0, 0, 0, 0, 0
core.spin_loops = 0, 0, 0, 0, 0, 0, 0, 0, 0, 0, 0, 0, 0, 0, 0, 0
corefreq = 2660000000.0, 2660000000.0, 2660000000.0, 2660000000.0, 2660000000.0, 2660000000.0, 2660000000.0, 2660000000.0, 2660000000.0, 2660000000.0, 2660000000.0, 2660000000.0, 2660000000.0, 2660000000.0, 2660000000.0, 2660000000.0
directory.entries-allocated = 65536, 65536, 65536, 65536, 65536, 65536, 65536, 65536, 65536, 65536, 65536, 65536, 65536, 65536, 65536, 65536
directory.evict-E = 0, 0, 0, 0, 0, 0, 0, 0, 0, 0, 0, 0, 0, 0, 0, 0
directory.evict-M = 0, 0, 0, 0, 0, 0, 0, 0, 0, 0, 0, 0, 0, 0, 0, 0
directory.evict-O = 0, 0, 0, 0, 0, 0, 0, 0, 0, 0, 0, 0, 0, 0, 0, 0
directory.evict-S = 0, 0, 0, 0, 0, 0, 0, 0, 0, 0, 0, 0, 0, 0, 0, 0
directory.forward = 0, 0, 0, 0, 0, 0, 0, 0, 0, 0, 0, 0, 0, 0, 0, 0
directory.forward-failed = 0, 0, 0, 0, 0, 0, 0, 0, 0, 0, 0, 0, 0, 0, 0, 0
dram-queue.num-requests = 3794717, 0, 0, 0, 3794944, 0, 0, 0, 3794393, 0, 0, 0, 3794688, 0, 0, 0
dram-queue.num-requests-analytical = 0, 0, 0, 0, 0, 0, 0, 0, 0, 0, 0, 0, 0, 0, 0, 0
dram-queue.total-queue-delay = 3280200071773, 0, 0, 0, 2764868062354, 0, 0, 0, 2478176766642, 0, 0, 0, 2929521867892, 0, 0, 0
dram-queue.total-time-used = 31986716934892, 0, 0, 0, 31988630380544, 0, 0, 0, 31983985849468, 0, 0, 0, 31986472485888, 0, 0, 0
dram.reads = 2394084, 0, 0, 0, 2394411, 0, 0, 0, 2393946, 0, 0, 0, 2394154, 0, 0, 0
dram.total-access-latency = 206029182006665, 0, 0, 0, 205525978442898, 0, 0, 0, 205209847616110, 0, 0, 0, 205676954353780, 0, 0, 0
dram.total-queueing-delay = 3280200071773, 0, 0, 0, 2764868062354, 0, 0, 0, 2478176766642, 0, 0, 0, 2929521867892, 0, 0, 0
dram.writes = 1400633, 0, 0, 0, 1400533, 0, 0, 0, 1400447, 0, 0, 0, 1400534, 0, 0, 0
dtlb.access = 13025540175, 36191110, 43542292, 42273450, 38064634, 38518443, 37263405, 48945782, 42395269, 44894506, 36727721, 37051771, 31528496, 37702120, 37086157, 45480760
dtlb.miss = 36813942, 8413, 10307, 14142, 11512, 9489, 10805, 17143, 11023, 8799, 8341, 10916, 9329, 11475, 9972, 15964
dtlb_cache.access-mru-0 = 12523589758, 36125126, 43349268, 42181398, 37913536, 38434620, 37160976, 48723920, 42162120, 44799017, 36593160, 36964856, 31251429, 37620624, 36738771, 45296338
dtlb_cache.access-mru-1 = 355691408, 51030, 166325, 68425, 124931, 65910, 76658, 181452, 211641, 71697, 117235, 66144, 259086, 62015, 328677, 156067
dtlb_cache.access-mru-2 = 74937505, 5062, 13003, 7339, 11757, 6586, 12288, 18866, 8113, 12370, 7034, 7631, 6739, 6089, 6819, 9635
dtlb_cache.access-mru-3 = 34507562, 1479, 3389, 2146, 2898, 1838, 2678, 4401, 2372, 2623, 1951, 2224, 1913, 1917, 1918, 2756
fastforward_performance_model.fastforwarded_time = 0, 0, 0, 0, 0, 0, 0, 0, 0, 0, 0, 0, 0, 0, 0, 0
fastforward_timer.cpiBase = 0, 0, 0, 0, 0, 0, 0, 0, 0, 0, 0, 0, 0, 0, 0, 0
fastforward_timer.cpiBranchPredictor = 0, 0, 0, 0, 0, 0, 0, 0, 0, 0, 0, 0, 0, 0, 0, 0
fastforward_timer.cpiDataCachecache-remote = 0, 0, 0, 0, 0, 0, 0, 0, 0, 0, 0, 0, 0, 0, 0, 0
fastforward_timer.cpiDataCachedram = 0, 0, 0, 0, 0, 0, 0, 0, 0, 0, 0, 0, 0, 0, 0, 0
fastforward_timer.cpiDataCachedram-cache = 0, 0, 0, 0, 0, 0, 0, 0, 0, 0, 0, 0, 0, 0, 0, 0
fastforward_timer.cpiDataCachedram-local = 0, 0, 0, 0, 0, 0, 0, 0, 0, 0, 0, 0, 0, 0, 0, 0
fastforward_timer.cpiDataCachedram-remote = 0, 0, 0, 0, 0, 0, 0, 0, 0, 0, 0, 0, 0, 0, 0, 0
fastforward_timer.cpiDataCacheL1 = 0, 0, 0, 0, 0, 0, 0, 0, 0, 0, 0, 0, 0, 0, 0, 0
fastforward_timer.cpiDataCacheL1_S = 0, 0, 0, 0, 0, 0, 0, 0, 0, 0, 0, 0, 0, 0, 0, 0
fastforward_timer.cpiDataCacheL1I = 0, 0, 0, 0, 0, 0, 0, 0, 0, 0, 0, 0, 0, 0, 0, 0
fastforward_timer.cpiDataCacheL2 = 0, 0, 0, 0, 0, 0, 0, 0, 0, 0, 0, 0, 0, 0, 0, 0
fastforward_timer.cpiDataCacheL2_S = 0, 0, 0, 0, 0, 0, 0, 0, 0, 0, 0, 0, 0, 0, 0, 0
fastforward_timer.cpiDataCacheL3 = 0, 0, 0, 0, 0, 0, 0, 0, 0, 0, 0, 0, 0, 0, 0, 0
fastforward_timer.cpiDataCacheL3_S = 0, 0, 0, 0, 0, 0, 0, 0, 0, 0, 0, 0, 0, 0, 0, 0
fastforward_timer.cpiDataCacheL4 = 0, 0, 0, 0, 0, 0, 0, 0, 0, 0, 0, 0, 0, 0, 0, 0
fastforward_timer.cpiDataCacheL4_S = 0, 0, 0, 0, 0, 0, 0, 0, 0, 0, 0, 0, 0, 0, 0, 0
fastforward_timer.cpiDataCachemiss = 0, 0, 0, 0, 0, 0, 0, 0, 0, 0, 0, 0, 0, 0, 0, 0
fastforward_timer.cpiDataCachenuca-cache = 0, 0, 0, 0, 0, 0, 0, 0, 0, 0, 0, 0, 0, 0, 0, 0
fastforward_timer.cpiDataCachenuca-local = 0, 0, 0, 0, 0, 0, 0, 0, 0, 0, 0, 0, 0, 0, 0, 0
fastforward_timer.cpiDataCachenuca-remote = 0, 0, 0, 0, 0, 0, 0, 0, 0, 0, 0, 0, 0, 0, 0, 0
fastforward_timer.cpiDataCachepredicate-false = 0, 0, 0, 0, 0, 0, 0, 0, 0, 0, 0, 0, 0, 0, 0, 0
fastforward_timer.cpiDataCacheprefetch-no-mapping = 0, 0, 0, 0, 0, 0, 0, 0, 0, 0, 0, 0, 0, 0, 0, 0
fastforward_timer.cpiDataCacheunknown = 0, 0, 0, 0, 0, 0, 0, 0, 0, 0, 0, 0, 0, 0, 0, 0
fs_to_cycles = 2.66e-06
fs_to_cycles_cores = 2.66e-06, 2.66e-06, 2.66e-06, 2.66e-06, 2.66e-06, 2.66e-06, 2.66e-06, 2.66e-06, 2.66e-06, 2.66e-06, 2.66e-06, 2.66e-06, 2.66e-06, 2.66e-06, 2.66e-06, 2.66e-06
futex.futex_cmp_requeue_count = 2, 0, 0, 0, 0, 0, 0, 2, 0, 0, 0, 0, 0, 0, 0, 1, 1
futex.futex_cmp_requeue_delay = 0, 0, 0, 0, 0, 0, 0, 0, 0, 0, 0, 0, 0, 0, 0, 0
futex.futex_cmp_requeue_pi_count = 0, 0, 0, 0, 0, 0, 0, 0, 0, 0, 0, 0, 0, 0, 0, 0
futex.futex_cmp_requeue_pi_delay = 0, 0, 0, 0, 0, 0, 0, 0, 0, 0, 0, 0, 0, 0, 0, 0
futex.futex_fd_count = 0, 0, 0, 0, 0, 0, 0, 0, 0, 0, 0, 0, 0, 0, 0, 0
futex.futex_fd_delay = 0, 0, 0, 0, 0, 0, 0, 0, 0, 0, 0, 0, 0, 0, 0, 0
futex.futex_lock_pi_count = 0, 0, 0, 0, 0, 0, 0, 0, 0, 0, 0, 0, 0, 0, 0, 0
futex.futex_lock_pi_delay = 0, 0, 0, 0, 0, 0, 0, 0, 0, 0, 0, 0, 0, 0, 0, 0
futex.futex_requeue_count = 0, 0, 0, 0, 0, 0, 0, 0, 0, 0, 0, 0, 0, 0, 0, 0
futex.futex_requeue_delay = 0, 0, 0, 0, 0, 0, 0, 0, 0, 0, 0, 0, 0, 0, 0, 0
futex.futex_trylock_pi_count = 0, 0, 0, 0, 0, 0, 0, 0, 0, 0, 0, 0, 0, 0, 0, 0
futex.futex_trylock_pi_delay = 0, 0, 0, 0, 0, 0, 0, 0, 0, 0, 0, 0, 0, 0, 0, 0
futex.futex_unlock_pi_count = 0, 0, 0, 0, 0, 0, 0, 0, 0, 0, 0, 0, 0, 0, 0, 0
futex.futex_unlock_pi_delay = 0, 0, 0, 0, 0, 0, 0, 0, 0, 0, 0, 0, 0, 0, 0, 0
futex.futex_wait_bitset_count = 1, 0, 0, 0, 0, 0, 0, 0, 0, 0, 0, 0, 0, 0, 0, 0
futex.futex_wait_bitset_delay = 0, 0, 0, 0, 0, 0, 0, 0, 0, 0, 0, 0, 0, 0, 0, 0
futex.futex_wait_count = 6, 15, 6, 10, 16, 7, 17, 6, 12, 7, 14, 9, 9, 8, 15, 6, 3
futex.futex_wait_delay = 28472831585977, 8417980669441, 7146800840067, 7044321743842, 6573281448232, 7597620876103, 6748562646863, 3470340342854, 5824617366563, 5990384282902, 11117891097683, 10282174952593, 7990160581425, 9600296042515, 7729995767165, 3258386686532, 1125263332253
futex.futex_wait_requeue_pi_count = 0, 0, 0, 0, 0, 0, 0, 0, 0, 0, 0, 0, 0, 0, 0, 0
futex.futex_wait_requeue_pi_delay = 0, 0, 0, 0, 0, 0, 0, 0, 0, 0, 0, 0, 0, 0, 0, 0
futex.futex_wake_bitset_count = 0, 0, 0, 0, 0, 0, 0, 0, 0, 0, 0, 0, 0, 0, 0, 0
futex.futex_wake_bitset_delay = 0, 0, 0, 0, 0, 0, 0, 0, 0, 0, 0, 0, 0, 0, 0, 0
futex.futex_wake_count = 7, 11, 8, 9, 11, 6, 8, 5, 8, 6, 11, 6, 8, 8, 7, 6, 4
futex.futex_wake_delay = 3000000000, 8000000000, 6000000000, 7000000000, 7000000000, 5000000000, 5000000000, 4000000000, 6000000000, 6000000000, 9000000000, 5000000000, 5000000000, 5000000000, 6000000000, 5000000000, 2000000000
futex.futex_wake_op_count = 0, 0, 0, 0, 0, 0, 0, 0, 0, 0, 0, 0, 0, 0, 0, 0
futex.futex_wake_op_delay = 0, 0, 0, 0, 0, 0, 0, 0, 0, 0, 0, 0, 0, 0, 0, 0
global.time = 11731358900000000
global.time_begin = 0
global.time_end = 11731358900000000
interval_timer.cpContr_branch = 1769911060423186, 858117306958, 1045701752786, 1063669101560, 971412552750, 943191405707, 993129693870, 1306560413320, 1109473157613, 1076278487123, 861393856293, 968424291068, 863489431866, 922421397490, 907941998158, 1229919414621
interval_timer.cpContr_fp_addsub = 303195509658319, 2107799081025, 2407481816478, 2369000097035, 2236579312400, 2132979258557, 2239789858180, 3256440559395, 2582290084737, 2439240619475, 1943508401004, 2251045733897, 2093088808131, 2341077781864, 2130053630163, 2716475525996
interval_timer.cpContr_fp_muldiv = 275976228756573, 4955705338523, 4759354970513, 4541496780785, 4852943457492, 4190725553888, 4569236211790, 7449580389083, 5008421645928, 4331353188109, 4345298877386, 4839151673533, 4685749957718, 5290695536658, 4647428943455, 5424413603244
interval_timer.cpContr_generic = 2680154240589923, 5132760721081, 5403500583694, 5305743740700, 5269723059643, 4856893898867, 4969107773731, 6963437258710, 5374115360410, 5244780132332, 4920700186132, 4987581808312, 4512258661976, 5196316649887, 4934074249481, 5988936309519
interval_timer.cpContr_load_l1 = 3968416928009314, 9056317483485, 11177770899854, 10585232793165, 9413007036832, 9618077213873, 9303683983195, 12207742679135, 10990533981342, 11855985916040, 9246524675758, 9307773174546, 7962928544534, 9627581973920, 9587685570734, 11107519500245
interval_timer.cpContr_load_l2 = 0, 0, 0, 0, 0, 0, 0, 0, 0, 0, 30043581, 0, 0, 0, 0, 0
interval_timer.cpContr_load_l3 = 0, 0, 0, 0, 0, 0, 0, 0, 0, 0, 0, 0, 0, 0, 0, 0
interval_timer.cpContr_load_other = 14156248120531, 92797694, 0, 0, 0, 0, 0, 0, 0, 0, 0, 0, 6766662, 12567737, 0, 0
interval_timer.cpContr_port0 = 204823524139, 98981874560, 109795457148, 117243379815, 118542833554, 102335610184, 134133029960, 205753622280, 133243399176, 88809180734, 88809626345, 136585572635, 135118138207, 114902532434, 97892365793, 171903819934
interval_timer.cpContr_port015 = 567528507861744, 239653892532, 273427842456, 273766206653, 252299048788, 245508999239, 258237093650, 389011282109, 272827852832, 229977175961, 234692039925, 271364805649, 240821080095, 253414286430, 232736236554, 335913611061
interval_timer.cpContr_port05 = 0, 0, 0, 0, 0, 0, 0, 0, 0, 0, 0, 0, 0, 0, 0, 0
interval_timer.cpContr_port1 = 125885171176203, 31868305681, 35765161192, 39317963383, 39043678131, 34302871576, 43776948859, 66575639034, 45580250081, 29740861585, 28465117049, 44865886890, 43862199452, 38430068988, 33800085288, 57128880528
interval_timer.cpContr_port2 = 1252423736920695, 5939795889544, 6661320643427, 6865309683335, 6626772808003, 6187393727152, 6633105176692, 8770960673148, 6862959995357, 6241896637363, 5930563740816, 6476949726819, 5755300941307, 5978834553703, 5921481663609, 8244682215902
interval_timer.cpContr_port34 = 949542692862455, 1107519228188, 887826841830, 826617888481, 907598101747, 812424114056, 629041609342, 1250025139615, 778253594635, 886048875848, 869743484347, 729368711895, 651407561342, 1125468226491, 884119209182, 743671023702
interval_timer.cpContr_port5 = 759602844384760, 27011895899, 28225905396, 28879553335, 30861396722, 26037012829, 32194885906, 46868033795, 32811661167, 23079531165, 25085427993, 33290332816, 31755685029, 28840122031, 27552921959, 39533940531
interval_timer.cpContr_store = 659809076995350, 3220853421097, 4508126109207, 4161469966711, 3274377405755, 3815001975388, 3178333904630, 3582277967226, 3981419723109, 5140191855207, 3603601092836, 3110441251995, 2300037656582, 3334929566784, 3532156663071, 3810498089795
interval_timer.cpiBase = 5016723159172518, 12328731535500, 14032453248990, 13610481270318, 12786824485170, 12401740017117, 12407721958485, 17111844033912, 13984213508388, 14142623676696, 12074724590760, 12472132339233, 11011363084188, 12884071633812, 12390148689930, 14998659711975
interval_timer.cpiBranchPredictor = 1704782198311344, 1474626742524, 1989885728412, 2011728912129, 1718447620059, 1775160273843, 1835172920169, 2378586729645, 2181502588590, 2134189161684, 1525613845338, 1850534915526, 1609171175295, 1710670945905, 1652447393280, 2274435461268
interval_timer.cpiDataCachecache-remote = 23170248387, 22547693403, 10144337976, 9364264551, 21687544971, 8263515159, 7093592991, 18405597501, 11833055964, 8716145715, 16263873018, 7618027896, 7849606320, 15686806653, 9015393159, 15224025744
interval_timer.cpiDataCachedram = 0, 0, 0, 0, 0, 0, 0, 0, 0, 0, 0, 0, 0, 0, 0, 0
interval_timer.cpiDataCachedram-cache = 0, 0, 0, 0, 0, 0, 0, 0, 0, 0, 0, 0, 0, 0, 0, 0
interval_timer.cpiDataCachedram-local = 61439069042127, 0, 0, 0, 457573026033, 0, 0, 0, 415067858937, 0, 0, 0, 473229381627, 0, 0, 0
interval_timer.cpiDataCachedram-remote = 204723893713932, 1497279698847, 1681176651660, 2021961219831, 1409428769571, 1538375846571, 1596127971690, 2278790714583, 1205508929679, 1421971974306, 1465624883169, 1533617586648, 1294675645455, 1728630679752, 1641839146578, 2281908752649
interval_timer.cpiDataCacheL1 = 1860680005380, 0, 13533804, 26315730, 27067608, 0, 13533804, 66165264, 26315730, 0, 13533804, 0, 0, 26315730, 39849534, 0
interval_timer.cpiDataCacheL1_S = 0, 0, 0, 0, 0, 0, 0, 0, 0, 0, 0, 0, 0, 0, 0, 0
interval_timer.cpiDataCacheL1I = 0, 0, 0, 0, 0, 0, 0, 0, 0, 0, 0, 0, 0, 0, 0, 0
interval_timer.cpiDataCacheL2 = 342015016518, 17807854491, 648118836, 646615080, 17939809080, 688720248, 1042854786, 503758260, 725938209, 598870827, 9748098270, 696614967, 1163531205, 8739453933, 1133456085, 486465066
interval_timer.cpiDataCacheL2_S = 0, 0, 0, 0, 0, 0, 0, 0, 0, 0, 0, 0, 0, 0, 0, 0
interval_timer.cpiDataCacheL3 = 0, 0, 0, 0, 0, 0, 0, 0, 0, 0, 0, 0, 0, 0, 0, 0
interval_timer.cpiDataCacheL3_S = 0, 0, 0, 0, 0, 0, 0, 0, 0, 0, 0, 0, 0, 0, 0, 0
interval_timer.cpiDataCacheL4 = 0, 0, 0, 0, 0, 0, 0, 0, 0, 0, 0, 0, 0, 0, 0, 0
interval_timer.cpiDataCacheL4_S = 0, 0, 0, 0, 0, 0, 0, 0, 0, 0, 0, 0, 0, 0, 0, 0
interval_timer.cpiDataCachemiss = 0, 0, 0, 0, 0, 0, 0, 0, 0, 0, 0, 0, 0, 0, 0, 0
interval_timer.cpiDataCachenuca-cache = 0, 0, 0, 0, 0, 0, 0, 0, 0, 0, 0, 0, 0, 0, 0, 0
interval_timer.cpiDataCachenuca-local = 47799243101286, 37946906721, 70542321777, 49128460398, 60476179113, 43192383588, 61640086257, 88519724757, 60894599220, 47343126087, 36864202401, 54051005664, 44195388840, 46612300671, 64491959511, 69554354085
interval_timer.cpiDataCachenuca-remote = 1856722198159251, 665491353129, 747712219941, 672746223951, 690355582650, 625017384450, 805577878638, 1054073181699, 916704319221, 704597279787, 658131971265, 896469026607, 767378716848, 643886890677, 695750307300, 909443057436
interval_timer.cpiDataCachepredicate-false = 0, 0, 0, 0, 0, 0, 0, 0, 0, 0, 0, 0, 0, 0, 0, 0
interval_timer.cpiDataCacheprefetch-no-mapping = 0, 0, 0, 0, 0, 0, 0, 0, 0, 0, 0, 0, 0, 0, 0, 0
interval_timer.cpiDataCacheunknown = 0, 0, 0, 0, 0, 0, 0, 0, 0, 0, 0, 0, 0, 0, 0, 0
interval_timer.cpiInstructionCachecache-remote = 44041253850, 27802568745, 19164618342, 18731912553, 17838681489, 18365372028, 10683058563, 33057068148, 28725498990, 17682290865, 33818344623, 18602589537, 21412357623, 38695401270, 25449566544, 17545449069
interval_timer.cpiInstructionCachedram = 0, 0, 0, 0, 0, 0, 0, 0, 0, 0, 0, 0, 0, 0, 0, 0
interval_timer.cpiInstructionCachedram-cache = 0, 0, 0, 0, 0, 0, 0, 0, 0, 0, 0, 0, 0, 0, 0, 0
interval_timer.cpiInstructionCachedram-local = 35640145017, 0, 0, 0, 247743801, 0, 0, 0, 530825868, 0, 0, 0, 0, 0, 0, 0
interval_timer.cpiInstructionCachedram-remote = 119599729704, 1421049420, 6437955375, 2673678168, 495111663, 2012777406, 1718793108, 586464840, 1640597796, 8742461445, 8730431397, 2829316914, 0, 78195312, 156390624, 2195483760
interval_timer.cpiInstructionCacheL1 = 0, 0, 0, 0, 0, 0, 0, 0, 0, 0, 0, 0, 0, 0, 0, 0
interval_timer.cpiInstructionCacheL1_S = 0, 0, 0, 0, 0, 0, 0, 0, 0, 0, 0, 0, 0, 0, 0, 0
interval_timer.cpiInstructionCacheL1I = 0, 0, 0, 0, 0, 0, 0, 0, 0, 0, 0, 0, 0, 0, 0, 0
interval_timer.cpiInstructionCacheL2 = 0, 0, 0, 0, 0, 0, 0, 0, 0, 0, 0, 0, 0, 0, 0, 0
interval_timer.cpiInstructionCacheL2_S = 0, 0, 0, 0, 0, 0, 0, 0, 0, 0, 0, 0, 0, 0, 0, 0
interval_timer.cpiInstructionCacheL3 = 0, 0, 0, 0, 0, 0, 0, 0, 0, 0, 0, 0, 0, 0, 0, 0
interval_timer.cpiInstructionCacheL3_S = 0, 0, 0, 0, 0, 0, 0, 0, 0, 0, 0, 0, 0, 0, 0, 0
interval_timer.cpiInstructionCacheL4 = 0, 0, 0, 0, 0, 0, 0, 0, 0, 0, 0, 0, 0, 0, 0, 0
interval_timer.cpiInstructionCacheL4_S = 0, 0, 0, 0, 0, 0, 0, 0, 0, 0, 0, 0, 0, 0, 0, 0
interval_timer.cpiInstructionCachemiss = 0, 0, 0, 0, 0, 0, 0, 0, 0, 0, 0, 0, 0, 0, 0, 0
interval_timer.cpiInstructionCachenuca-cache = 0, 0, 0, 0, 0, 0, 0, 0, 0, 0, 0, 0, 0, 0, 0, 0
interval_timer.cpiInstructionCachenuca-local = 36444696958107, 84262967460, 110445239115, 68619393792, 85090785138, 56299120884, 61916401422, 112670422056, 58407386796, 59448737826, 63328804245, 57477689649, 65867896251, 137147058468, 90304683129, 55194988041
interval_timer.cpiInstructionCachenuca-remote = 2798332394551488, 1715967926415, 1352935664163, 1102920063786, 1338238328958, 997716542148, 1032790147092, 1951806491163, 1228704365979, 1190072498400, 1486174836726, 1327439105244, 1285247847213, 1685374010595, 1587105435690, 1041412308057
interval_timer.cpiInstructionCachepredicate-false = 0, 0, 0, 0, 0, 0, 0, 0, 0, 0, 0, 0, 0, 0, 0, 0
interval_timer.cpiInstructionCacheprefetch-no-mapping = 0, 0, 0, 0, 0, 0, 0, 0, 0, 0, 0, 0, 0, 0, 0, 0
interval_timer.cpiInstructionCacheunknown = 0, 0, 0, 0, 0, 0, 0, 0, 0, 0, 0, 0, 0, 0, 0, 0
interval_timer.cpiLongLatency = 8724416373, 6103745604, 3258639252, 2198867211, 3922171587, 2560896468, 1776687714, 5837956731, 2160897372, 2571798699, 4559764131, 2722174299, 2905256592, 5746603554, 4468786893, 1369169838
interval_timer.cpiSerialization = 219924315, 0, 0, 0, 0, 0, 0, 0, 0, 0, 0, 0, 0, 0, 0, 0
interval_timer.detailed-cpiBase-BranchMispredict = 0, 0, 0, 0, 0, 0, 0, 0, 0, 0, 0, 0, 0, 0, 0, 0
interval_timer.detailed-cpiBase-DispatchRate = 11479237854, 30323033, 33826229, 32935966, 31480665, 29988286, 30527971, 42710621, 34213294, 33784588, 29290628, 30740918, 27556479, 31761273, 30288850, 36799188
interval_timer.detailed-cpiBase-DispatchRate+BranchMispredict = 0, 0, 0, 0, 0, 0, 0, 0, 0, 0, 0, 0, 0, 0, 0, 0
interval_timer.detailed-cpiBase-DispatchRate+ICacheMiss = 0, 0, 0, 0, 0, 0, 0, 0, 0, 0, 0, 0, 0, 0, 0, 0
interval_timer.detailed-cpiBase-DispatchRate+ICacheMiss+BranchMispredict = 0, 0, 0, 0, 0, 0, 0, 0, 0, 0, 0, 0, 0, 0, 0, 0
interval_timer.detailed-cpiBase-DispatchWidth = 17690555, 17967, 28050, 26154, 19811, 23776, 20788, 22294, 26098, 32020, 20370, 19047, 14415, 18724, 20891, 25860
interval_timer.detailed-cpiBase-DispatchWidth+BranchMispredict = 0, 0, 0, 0, 0, 0, 0, 0, 0, 0, 0, 0, 0, 0, 0, 0
interval_timer.detailed-cpiBase-DispatchWidth+DispatchRate = 1847585353, 2453500, 3472131, 3241842, 2512554, 2976641, 2455856, 2784693, 2958700, 3802856, 2807842, 2415982, 1719398, 2491711, 2648129, 3071477
interval_timer.detailed-cpiBase-DispatchWidth+DispatchRate+BranchMispredict = 0, 0, 0, 0, 0, 0, 0, 0, 0, 0, 0, 0, 0, 0, 0, 0
interval_timer.detailed-cpiBase-DispatchWidth+DispatchRate+ICacheMiss = 0, 0, 0, 0, 0, 0, 0, 0, 0, 0, 0, 0, 0, 0, 0, 0
interval_timer.detailed-cpiBase-DispatchWidth+DispatchRate+ICacheMiss+BranchMispredict = 0, 0, 0, 0, 0, 0, 0, 0, 0, 0, 0, 0, 0, 0, 0, 0
interval_timer.detailed-cpiBase-DispatchWidth+ICacheMiss = 0, 0, 0, 0, 0, 0, 0, 0, 0, 0, 0, 0, 0, 0, 0, 0
interval_timer.detailed-cpiBase-DispatchWidth+ICacheMiss+BranchMispredict = 0, 0, 0, 0, 0, 0, 0, 0, 0, 0, 0, 0, 0, 0, 0, 0
interval_timer.detailed-cpiBase-ICacheMiss = 0, 0, 0, 0, 0, 0, 0, 0, 0, 0, 0, 0, 0, 0, 0, 0
interval_timer.detailed-cpiBase-ICacheMiss+BranchMispredict = 0, 0, 0, 0, 0, 0, 0, 0, 0, 0, 0, 0, 0, 0, 0, 0
interval_timer.detailed-cpiBase-NoReason = 0, 0, 0, 0, 0, 0, 0, 0, 0, 0, 0, 0, 0, 0, 0, 0
interval_timer.detailed-cpiBase-WindowEmpty = 0, 0, 0, 0, 0, 0, 0, 0, 0, 0, 0, 0, 0, 0, 0, 0
interval_timer.detailed-cpiBase-WindowEmpty+BranchMispredict = 0, 0, 0, 0, 0, 0, 0, 0, 0, 0, 0, 0, 0, 0, 0, 0
interval_timer.detailed-cpiBase-WindowEmpty+DispatchRate = 0, 0, 0, 0, 0, 0, 0, 0, 0, 0, 0, 0, 0, 0, 0, 0
interval_timer.detailed-cpiBase-WindowEmpty+DispatchRate+BranchMispredict = 0, 0, 0, 0, 0, 0, 0, 0, 0, 0, 0, 0, 0, 0, 0, 0
interval_timer.detailed-cpiBase-WindowEmpty+DispatchRate+ICacheMiss = 0, 0, 0, 0, 0, 0, 0, 0, 0, 0, 0, 0, 0, 0, 0, 0
interval_timer.detailed-cpiBase-WindowEmpty+DispatchRate+ICacheMiss+BranchMispredict = 0, 0, 0, 0, 0, 0, 0, 0, 0, 0, 0, 0, 0, 0, 0, 0
interval_timer.detailed-cpiBase-WindowEmpty+DispatchWidth = 0, 0, 0, 0, 0, 0, 0, 0, 0, 0, 0, 0, 0, 0, 0, 0
interval_timer.detailed-cpiBase-WindowEmpty+DispatchWidth+BranchMispredict = 0, 0, 0, 0, 0, 0, 0, 0, 0, 0, 0, 0, 0, 0, 0, 0
interval_timer.detailed-cpiBase-WindowEmpty+DispatchWidth+DispatchRate = 0, 0, 0, 0, 0, 0, 0, 0, 0, 0, 0, 0, 0, 0, 0, 0
interval_timer.detailed-cpiBase-WindowEmpty+DispatchWidth+DispatchRate+BranchMispredict = 0, 0, 0, 0, 0, 0, 0, 0, 0, 0, 0, 0, 0, 0, 0, 0
interval_timer.detailed-cpiBase-WindowEmpty+DispatchWidth+DispatchRate+ICacheMiss = 0, 0, 0, 0, 0, 0, 0, 0, 0, 0, 0, 0, 0, 0, 0, 0
interval_timer.detailed-cpiBase-WindowEmpty+DispatchWidth+DispatchRate+ICacheMiss+BranchMispredict = 0, 0, 0, 0, 0, 0, 0, 0, 0, 0, 0, 0, 0, 0, 0, 0
interval_timer.detailed-cpiBase-WindowEmpty+DispatchWidth+ICacheMiss = 0, 0, 0, 0, 0, 0, 0, 0, 0, 0, 0, 0, 0, 0, 0, 0
interval_timer.detailed-cpiBase-WindowEmpty+DispatchWidth+ICacheMiss+BranchMispredict = 0, 0, 0, 0, 0, 0, 0, 0, 0, 0, 0, 0, 0, 0, 0, 0
interval_timer.detailed-cpiBase-WindowEmpty+ICacheMiss = 0, 0, 0, 0, 0, 0, 0, 0, 0, 0, 0, 0, 0, 0, 0, 0
interval_timer.detailed-cpiBase-WindowEmpty+ICacheMiss+BranchMispredict = 0, 0, 0, 0, 0, 0, 0, 0, 0, 0, 0, 0, 0, 0, 0, 0
interval_timer.loadstore_contention.no-free-slots = 0, 0, 0, 0, 0, 0, 0, 0, 0, 0, 0, 0, 0, 0, 0, 0
interval_timer.loadstore_contention.num-barriers = 0, 0, 0, 0, 0, 0, 0, 0, 0, 0, 0, 0, 0, 0, 0, 0
interval_timer.loadstore_contention.num-requests = 6320109800, 21751522, 25891974, 25720841, 23517474, 23251293, 23405055, 31150075, 25990924, 26109524, 21809554, 23110509, 20121052, 22797041, 22193298, 28911132
interval_timer.loadstore_contention.requests-out-of-order = 3024667914, 15251569, 18295900, 18294665, 16658878, 16513025, 16724400, 22127349, 18445622, 18413369, 15337553, 16440341, 14329501, 16026194, 15591454, 20734157
interval_timer.loadstore_contention.requests-simultaneous = 1824233959, 3565424, 4059194, 3994833, 3767379, 3614796, 3623379, 4945576, 4049454, 4050340, 3522924, 3621665, 3156641, 3675838, 3584267, 4454085
interval_timer.loadstore_contention.total-barrier-delay = 0, 0, 0, 0, 0, 0, 0, 0, 0, 0, 0, 0, 0, 0, 0, 0
interval_timer.loadstore_contention.total-delay = 1194739703641566, 2682883410354, 2470679754597, 2697882248637, 3014224766784, 2343112749666, 2791045195983, 4649512424409, 2863594656081, 1966743299511, 2278750113171, 2865701042298, 2771544864114, 2758779103491, 2435397503508, 3778219280754
interval_timer.numBPredOverlapped = 1138997522, 66235, 95601, 84672, 67493, 80713, 60289, 49730, 78522, 116488, 80252, 57945, 36430, 58905, 72365, 70772
interval_timer.numDCacheOverlapped = 1501576194, 1329238, 1474637, 1382003, 1476175, 1249028, 1629216, 2194514, 1691405, 1264739, 1336501, 1685364, 1609699, 1398003, 1454523, 1830157
interval_timer.numHiddenLongerDCacheLatency = 31733719, 11850, 12817, 11511, 12496, 11456, 14187, 17312, 14291, 11836, 12029, 13814, 13688, 12728, 13245, 13934
interval_timer.numICacheOverlapped = 11733765206, 6742076, 7712217, 7407209, 7581861, 6649398, 8016015, 10657119, 8557598, 7091138, 6764924, 8195970, 7535224, 7008658, 7214569, 9364096
interval_timer.numLongLatencyLoads = 93019444, 53370, 61022, 58617, 60013, 52619, 63431, 84343, 67713, 56102, 53533, 64859, 59623, 55467, 57085, 74114
interval_timer.numMfenceInsns = 2, 0, 0, 0, 0, 0, 0, 0, 0, 0, 0, 0, 0, 0, 0, 0
interval_timer.numSerializationInsns = 252, 0, 0, 0, 0, 0, 0, 0, 0, 0, 0, 0, 0, 0, 0, 0
interval_timer.numTotalLongLatencyLoadLatency = 5779954379, 5961269, 6677246, 7325319, 7068934, 5893344, 6574194, 9151376, 6944640, 5807398, 5816493, 6629938, 6885405, 6499944, 6416653, 8715820
interval_timer.outstandingLongLatencyCycles = 6388052481, 6064435, 6857828, 7453704, 7189569, 6027384, 6806670, 9267004, 7172459, 5955861, 5975972, 6904339, 7122048, 6629323, 6622158, 8899947
interval_timer.outstandingLongLatencyInsns = 9556659751, 7518227, 8386063, 9020895, 8817275, 7442522, 8485974, 11440865, 8857075, 7236264, 7372044, 8544673, 8917152, 8221388, 8160760, 10775020
interval_timer.totalHiddenDCacheLatency = 9944432252, 9009326, 9989346, 9525265, 10101298, 8596580, 11114683, 14720436, 11449827, 8492220, 9051999, 11431463, 11100872, 9567443, 9898987, 12507915
interval_timer.totalHiddenLongerDCacheLatency = 665133981, 355752, 452483, 445855, 439957, 424237, 597333, 580009, 567971, 374469, 402802, 606700, 595243, 431669, 450277, 635788
interval_timer.totalMfenceLatency = 0, 0, 0, 0, 0, 0, 0, 0, 0, 0, 0, 0, 0, 0, 0, 0
interval_timer.totalSerializationLatency = 585, 0, 0, 0, 0, 0, 0, 0, 0, 0, 0, 0, 0, 0, 0, 0
interval_timer.uop_branch = 5851882812, 2735094, 4533876, 4151904, 2827119, 3829107, 2736927, 2213670, 3579611, 5427896, 3552503, 2541191, 1424667, 2665311, 3233547, 3374315
interval_timer.uop_fp_addsub = 528681181, 4844564, 5309465, 5344291, 5286499, 4797806, 5419049, 8109241, 5875461, 4948705, 4431700, 5518936, 5229374, 5355826, 4814502, 6709917
interval_timer.uop_fp_muldiv = 268496707, 10153292, 11040762, 11304858, 11254918, 10093752, 11609658, 16856734, 12215474, 10143542, 9433140, 11585056, 10988616, 10933972, 10075008, 14332162
interval_timer.uop_generic = 14047950183, 22635711, 26523211, 26016575, 23957748, 23640633, 23462611, 31081884, 26072207, 26800339, 22762109, 23188745, 20074507, 23315227, 22940994, 28702835
interval_timer.uop_load = 7821686021, 23080789, 27366640, 27102873, 24993678, 24500350, 25034300, 33344618, 27682358, 27374292, 23146085, 24795897, 21730780, 24195069, 23647850, 30741318
interval_timer.uop_store = 5137157691, 12969587, 16090536, 15098562, 12965954, 13943414, 12164606, 15441885, 14640188, 17452435, 13479049, 12173819, 9714228, 13369720, 13334863, 14670710
interval_timer.uops_pause = 0, 0, 0, 0, 0, 0, 0, 0, 0, 0, 0, 0, 0, 0, 0, 0
interval_timer.uops_total = 33655854595, 76419037, 90864490, 89019063, 81285916, 80805062, 80427151, 107048032, 90065299, 92147209, 76804586, 79803644, 69162172, 79835125, 78046764, 98531257
interval_timer.uops_x87 = 0, 0, 0, 0, 0, 0, 0, 0, 0, 0, 0, 0, 0, 0, 0, 0
ipc = 0.0633302704112
itlb.access = 4441060456, 7016414, 8759997, 8429617, 7354508, 7689761, 7179769, 9074258, 8300393, 9251756, 7314958, 7069357, 5835210, 7249729, 7304527, 8774673
itlb.miss = 1275665, 39, 38, 39, 39, 39, 39, 37, 39, 39, 39, 39, 35, 39, 39, 39
itlb_cache.access-mru-0 = 4215479761, 7013207, 8759086, 8428920, 7351162, 7688991, 7179209, 9072640, 8299714, 9250998, 7313103, 7068578, 5830618, 7245139, 7303400, 8774142
itlb_cache.access-mru-1 = 162008422, 3148, 861, 652, 3290, 721, 516, 1562, 634, 707, 1802, 733, 4553, 4537, 1076, 488
itlb_cache.access-mru-2 = 58371798, 20, 12, 6, 17, 10, 5, 19, 6, 12, 14, 7, 4, 14, 12, 4
itlb_cache.access-mru-3 = 3924810, 0, 0, 0, 0, 0, 0, 0, 0, 0, 0, 0, 0, 0, 0, 0
L1-D.access-mru-0 = 12367085031, 35596992, 42849308, 41621669, 37396723, 37934674, 36545687, 48005073, 41648047, 44280315, 36084765, 36321073, 30844004, 37090715, 36418299, 44652364
L1-D.access-mru-1 = 435276365, 480496, 573929, 546915, 553487, 485497, 599074, 776895, 620649, 506359, 531592, 606458, 565677, 494181, 549978, 703184
L1-D.access-mru-2 = 40696672, 7420, 8899, 8908, 8939, 8209, 9896, 13603, 10582, 8608, 7415, 9981, 9887, 8625, 8343, 11804
L1-D.access-mru-3 = 3403497, 318, 279, 362, 403, 316, 304, 589, 303, 239, 188, 312, 259, 366, 243, 475
L1-D.backinval-D = 0, 0, 0, 0, 0, 0, 0, 0, 0, 0, 0, 0, 0, 0, 0, 0
L1-D.backinval-E = 130743808, 51751, 62145, 63287, 62343, 57203, 68304, 88153, 71053, 57760, 52289, 67393, 62432, 56429, 56252, 81228
L1-D.backinval-I = 0, 0, 0, 0, 0, 0, 0, 0, 0, 0, 0, 0, 0, 0, 0, 0
L1-D.backinval-M = 36356935, 33938, 28810, 19454, 26026, 19945, 23636, 38052, 26464, 24892, 31433, 28023, 27868, 32865, 32561, 18179
L1-D.backinval-O = 0, 0, 0, 0, 0, 0, 0, 0, 0, 0, 0, 0, 0, 0, 0, 0
L1-D.backinval-S = 12959, 10047, 6747, 5689, 7445, 5693, 5501, 12186, 6367, 5690, 6988, 6495, 6259, 9639, 7266, 5611
L1-D.backinval-u = 0, 0, 0, 0, 0, 0, 0, 0, 0, 0, 0, 0, 0, 0, 0, 0
L1-D.coherency-downgrades = 1425, 976, 519, 511, 989, 454, 402, 1081, 553, 362, 572, 482, 374, 646, 415, 818
L1-D.coherency-invalidates = 99, 539, 57, 50, 514, 68, 60, 68, 55, 48, 252, 47, 58, 274, 58, 43
L1-D.coherency-upgrades = 0, 0, 0, 0, 0, 0, 0, 0, 0, 0, 0, 0, 0, 0, 0, 0
L1-D.coherency-writebacks = 60, 171, 20, 26, 152, 21, 31, 28, 27, 26, 104, 22, 23, 79, 23, 20
L1-D.evict-D = 0, 0, 0, 0, 0, 0, 0, 0, 0, 0, 0, 0, 0, 0, 0, 0
L1-D.evict-E = 0, 0, 0, 0, 0, 0, 0, 0, 0, 0, 0, 0, 0, 0, 0, 0
L1-D.evict-I = 0, 0, 0, 0, 0, 0, 0, 0, 0, 0, 0, 0, 0, 0, 0, 0
L1-D.evict-M = 0, 0, 0, 0, 0, 0, 0, 0, 0, 0, 0, 0, 0, 0, 0, 0
L1-D.evict-O = 0, 0, 0, 0, 0, 0, 0, 0, 0, 0, 0, 0, 0, 0, 0, 0
L1-D.evict-prefetch = 0, 0, 0, 0, 0, 0, 0, 0, 0, 0, 0, 0, 0, 0, 0, 0
L1-D.evict-S = 0, 0, 0, 0, 0, 0, 0, 0, 0, 0, 0, 0, 0, 0, 0, 0
L1-D.evict-u = 0, 0, 0, 0, 0, 0, 0, 0, 0, 0, 0, 0, 0, 0, 0, 0
L1-D.evict-warmup = 0, 0, 0, 0, 0, 0, 0, 0, 0, 0, 0, 0, 0, 0, 0, 0
L1-D.hits-prefetch = 0, 0, 0, 0, 0, 0, 0, 0, 0, 0, 0, 0, 0, 0, 0, 0
L1-D.hits-warmup = 0, 0, 0, 0, 0, 0, 0, 0, 0, 0, 0, 0, 0, 0, 0, 0
L1-D.invalidate-prefetch = 0, 0, 0, 0, 0, 0, 0, 0, 0, 0, 0, 0, 0, 0, 0, 0
L1-D.invalidate-warmup = 0, 0, 0, 0, 0, 0, 0, 0, 0, 0, 0, 0, 0, 0, 0, 0
L1-D.load-misses = 145190486, 71867, 81015, 76054, 78966, 69688, 84737, 111495, 89169, 74036, 72204, 85841, 80711, 75185, 76693, 94686
L1-D.load-misses-D = 0, 0, 0, 0, 0, 0, 0, 0, 0, 0, 0, 0, 0, 0, 0, 0
L1-D.load-misses-E = 507770, 12, 15, 6, 6, 10, 5, 18, 4, 6, 9, 10, 9, 10, 9, 6
L1-D.load-misses-I = 144682688, 71169, 80978, 76022, 78293, 69647, 84704, 111440, 89137, 74008, 71873, 85808, 80668, 74864, 76646, 94661
L1-D.load-misses-M = 0, 0, 0, 0, 0, 0, 0, 0, 0, 0, 0, 0, 0, 0, 0, 0
L1-D.load-misses-O = 0, 0, 0, 0, 0, 0, 0, 0, 0, 0, 0, 0, 0, 0, 0, 0
L1-D.load-misses-S = 28, 686, 22, 26, 667, 31, 28, 37, 28, 22, 322, 23, 34, 311, 38, 19
L1-D.load-misses-u = 0, 0, 0, 0, 0, 0, 0, 0, 0, 0, 0, 0, 0, 0, 0, 0
L1-D.load-overlapping-misses = 0, 0, 0, 0, 0, 0, 0, 0, 0, 0, 0, 0, 0, 0, 0, 0
L1-D.loads = 7887850922, 23221523, 27451756, 27174888, 25098680, 24575029, 25098799, 33503897, 27755081, 27442071, 23248672, 24877952, 21814268, 24332400, 23751294, 30810050
L1-D.loads-D = 0, 0, 0, 0, 0, 0, 0, 0, 0, 0, 0, 0, 0, 0, 0, 0
L1-D.loads-E = 1918008636, 3207755, 4534592, 4235736, 4078523, 3823609, 5122497, 5780472, 5166160, 4203173, 3877033, 4923552, 4559423, 3511592, 4154364, 5675377
L1-D.loads-I = 144682688, 71169, 80978, 76022, 78293, 69647, 84704, 111440, 89137, 74008, 71873, 85808, 80668, 74864, 76646, 94661
L1-D.loads-M = 5823890028, 18912447, 22296031, 22443935, 20245260, 20220029, 19563218, 26594473, 22106208, 22725696, 18584613, 19405989, 16653593, 19761726, 18822172, 24737210
L1-D.loads-O = 0, 0, 0, 0, 0, 0, 0, 0, 0, 0, 0, 0, 0, 0, 0, 0
L1-D.loads-prefetch = 0, 0, 0, 0, 0, 0, 0, 0, 0, 0, 0, 0, 0, 0, 0, 0
L1-D.loads-S = 1269570, 1030152, 540155, 419195, 696604, 461744, 328380, 1017512, 393576, 439194, 715153, 462603, 520584, 984218, 698112, 302802
L1-D.loads-u = 0, 0, 0, 0, 0, 0, 0, 0, 0, 0, 0, 0, 0, 0, 0, 0
L1-D.loads-where-cache-remote = 1285, 997, 486, 464, 927, 475, 383, 1012, 572, 475, 719, 392, 441, 709, 496, 745
L1-D.loads-where-dram = 0, 0, 0, 0, 0, 0, 0, 0, 0, 0, 0, 0, 0, 0, 0, 0
L1-D.loads-where-dram-cache = 0, 0, 0, 0, 0, 0, 0, 0, 0, 0, 0, 0, 0, 0, 0, 0
L1-D.loads-where-dram-local = 1303727, 0, 0, 0, 6758, 0, 0, 0, 6047, 0, 0, 0, 6607, 0, 0, 0
L1-D.loads-where-dram-remote = 3911207, 21509, 24286, 28570, 20112, 22714, 24433, 32511, 18024, 20474, 21456, 23419, 19678, 24711, 24071, 33103
L1-D.loads-where-L1 = 7742660436, 23149656, 27370741, 27098834, 25019714, 24505341, 25014062, 33392402, 27665912, 27368035, 23176468, 24792111, 21733557, 24257215, 23674601, 30715364
L1-D.loads-where-L1_S = 0, 0, 0, 0, 0, 0, 0, 0, 0, 0, 0, 0, 0, 0, 0, 0
L1-D.loads-where-L1I = 0, 0, 0, 0, 0, 0, 0, 0, 0, 0, 0, 0, 0, 0, 0, 0
L1-D.loads-where-L2 = 2469046, 736, 46, 45, 713, 50, 54, 65, 47, 40, 363, 45, 56, 347, 64, 36
L1-D.loads-where-L2_S = 0, 0, 0, 0, 0, 0, 0, 0, 0, 0, 0, 0, 0, 0, 0, 0
L1-D.loads-where-L3 = 0, 0, 0, 0, 0, 0, 0, 0, 0, 0, 0, 0, 0, 0, 0, 0
L1-D.loads-where-L3_S = 0, 0, 0, 0, 0, 0, 0, 0, 0, 0, 0, 0, 0, 0, 0, 0
L1-D.loads-where-L4 = 0, 0, 0, 0, 0, 0, 0, 0, 0, 0, 0, 0, 0, 0, 0, 0
L1-D.loads-where-L4_S = 0, 0, 0, 0, 0, 0, 0, 0, 0, 0, 0, 0, 0, 0, 0, 0
L1-D.loads-where-miss = 0, 0, 0, 0, 0, 0, 0, 0, 0, 0, 0, 0, 0, 0, 0, 0
L1-D.loads-where-nuca-cache = 0, 0, 0, 0, 0, 0, 0, 0, 0, 0, 0, 0, 0, 0, 0, 0
L1-D.loads-where-nuca-local = 3750006, 2902, 4800, 3086, 3493, 2594, 3465, 5320, 3574, 2981, 2306, 3205, 2732, 3145, 3526, 3962
L1-D.loads-where-nuca-remote = 133755215, 45723, 51397, 43889, 46963, 43855, 56402, 72587, 60905, 50066, 47360, 58780, 51197, 46273, 48536, 56840
L1-D.loads-where-predicate-false = 0, 0, 0, 0, 0, 0, 0, 0, 0, 0, 0, 0, 0, 0, 0, 0
L1-D.loads-where-prefetch-no-mapping = 0, 0, 0, 0, 0, 0, 0, 0, 0, 0, 0, 0, 0, 0, 0, 0
L1-D.loads-where-unknown = 0, 0, 0, 0, 0, 0, 0, 0, 0, 0, 0, 0, 0, 0, 0, 0
L1-D.mshr-latency = 0, 0, 0, 0, 0, 0, 0, 0, 0, 0, 0, 0, 0, 0, 0, 0
L1-D.next_read.no-free-slots = 0, 0, 0, 0, 0, 0, 0, 0, 0, 0, 0, 0, 0, 0, 0, 0
L1-D.next_read.num-barriers = 0, 0, 0, 0, 0, 0, 0, 0, 0, 0, 0, 0, 0, 0, 0, 0
L1-D.next_read.num-requests = 0, 0, 0, 0, 0, 0, 0, 0, 0, 0, 0, 0, 0, 0, 0, 0
L1-D.next_read.requests-out-of-order = 0, 0, 0, 0, 0, 0, 0, 0, 0, 0, 0, 0, 0, 0, 0, 0
L1-D.next_read.requests-simultaneous = 0, 0, 0, 0, 0, 0, 0, 0, 0, 0, 0, 0, 0, 0, 0, 0
L1-D.next_read.total-barrier-delay = 0, 0, 0, 0, 0, 0, 0, 0, 0, 0, 0, 0, 0, 0, 0, 0
L1-D.next_read.total-delay = 0, 0, 0, 0, 0, 0, 0, 0, 0, 0, 0, 0, 0, 0, 0, 0
L1-D.prefetches = 0, 0, 0, 0, 0, 0, 0, 0, 0, 0, 0, 0, 0, 0, 0, 0
L1-D.qbs-query-latency = 0, 0, 0, 0, 0, 0, 0, 0, 0, 0, 0, 0, 0, 0, 0, 0
L1-D.snoop-latency = 0, 0, 0, 0, 0, 0, 0, 0, 0, 0, 0, 0, 0, 0, 0, 0
L1-D.store-misses = 33888124, 34017, 28862, 19542, 26116, 20059, 23707, 38127, 26519, 24949, 31557, 28106, 27958, 33048, 32601, 18247
L1-D.store-misses-D = 0, 0, 0, 0, 0, 0, 0, 0, 0, 0, 0, 0, 0, 0, 0, 0
L1-D.store-misses-E = 11456649, 8370, 11693, 6736, 7573, 6560, 10570, 10777, 11324, 10204, 12147, 11761, 11769, 8393, 12717, 7496
L1-D.store-misses-I = 22431455, 25619, 17143, 12779, 18509, 13476, 13111, 27326, 15170, 14724, 19381, 16320, 16166, 24632, 19862, 10732
L1-D.store-misses-M = 0, 0, 0, 0, 0, 0, 0, 0, 0, 0, 0, 0, 0, 0, 0, 0
L1-D.store-misses-O = 0, 0, 0, 0, 0, 0, 0, 0, 0, 0, 0, 0, 0, 0, 0, 0
L1-D.store-misses-S = 20, 28, 26, 27, 34, 23, 26, 24, 25, 21, 29, 25, 23, 23, 22, 19
L1-D.store-misses-u = 0, 0, 0, 0, 0, 0, 0, 0, 0, 0, 0, 0, 0, 0, 0, 0
L1-D.store-overlapping-misses = 0, 0, 0, 0, 0, 0, 0, 0, 0, 0, 0, 0, 0, 0, 0, 0
L1-D.stores = 5137689253, 12969587, 16090536, 15098562, 12965954, 13943414, 12164606, 15441885, 14640188, 17452435, 13479049, 12173819, 9714228, 13369720, 13334863, 14670710
L1-D.stores-D = 0, 0, 0, 0, 0, 0, 0, 0, 0, 0, 0, 0, 0, 0, 0, 0
L1-D.stores-E = 11456649, 8370, 11693, 6736, 7573, 6560, 10570, 10777, 11324, 10204, 12147, 11761, 11769, 8393, 12717, 7496
L1-D.stores-I = 22431455, 25619, 17143, 12779, 18509, 13476, 13111, 27326, 15170, 14724, 19381, 16320, 16166, 24632, 19862, 10732
L1-D.stores-M = 5103801129, 12935570, 16061674, 15079020, 12939838, 13923355, 12140899, 15403758, 14613669, 17427486, 13447492, 12145713, 9686270, 13336672, 13302262, 14652463
L1-D.stores-O = 0, 0, 0, 0, 0, 0, 0, 0, 0, 0, 0, 0, 0, 0, 0, 0
L1-D.stores-prefetch = 0, 0, 0, 0, 0, 0, 0, 0, 0, 0, 0, 0, 0, 0, 0, 0
L1-D.stores-S = 20, 28, 26, 27, 34, 23, 26, 24, 25, 21, 29, 25, 23, 23, 22, 19
L1-D.stores-u = 0, 0, 0, 0, 0, 0, 0, 0, 0, 0, 0, 0, 0, 0, 0, 0
L1-D.stores-where-cache-remote = 0, 0, 0, 0, 0, 0, 0, 0, 0, 0, 0, 0, 0, 0, 0, 0
L1-D.stores-where-dram = 0, 0, 0, 0, 0, 0, 0, 0, 0, 0, 0, 0, 0, 0, 0, 0
L1-D.stores-where-dram-cache = 0, 0, 0, 0, 0, 0, 0, 0, 0, 0, 0, 0, 0, 0, 0, 0
L1-D.stores-where-dram-local = 0, 0, 0, 0, 0, 0, 0, 0, 0, 0, 0, 0, 0, 0, 0, 0
L1-D.stores-where-dram-remote = 0, 0, 0, 0, 0, 0, 0, 0, 0, 0, 0, 0, 0, 0, 0, 0
L1-D.stores-where-L1 = 5103801129, 12935570, 16061674, 15079020, 12939838, 13923355, 12140899, 15403758, 14613669, 17427486, 13447492, 12145713, 9686270, 13336672, 13302262, 14652463
L1-D.stores-where-L1_S = 0, 0, 0, 0, 0, 0, 0, 0, 0, 0, 0, 0, 0, 0, 0, 0
L1-D.stores-where-L1I = 0, 0, 0, 0, 0, 0, 0, 0, 0, 0, 0, 0, 0, 0, 0, 0
L1-D.stores-where-L2 = 33888124, 34017, 28862, 19542, 26116, 20059, 23707, 38127, 26519, 24949, 31557, 28106, 27958, 33048, 32601, 18247
L1-D.stores-where-L2_S = 0, 0, 0, 0, 0, 0, 0, 0, 0, 0, 0, 0, 0, 0, 0, 0
L1-D.stores-where-L3 = 0, 0, 0, 0, 0, 0, 0, 0, 0, 0, 0, 0, 0, 0, 0, 0
L1-D.stores-where-L3_S = 0, 0, 0, 0, 0, 0, 0, 0, 0, 0, 0, 0, 0, 0, 0, 0
L1-D.stores-where-L4 = 0, 0, 0, 0, 0, 0, 0, 0, 0, 0, 0, 0, 0, 0, 0, 0
L1-D.stores-where-L4_S = 0, 0, 0, 0, 0, 0, 0, 0, 0, 0, 0, 0, 0, 0, 0, 0
L1-D.stores-where-miss = 0, 0, 0, 0, 0, 0, 0, 0, 0, 0, 0, 0, 0, 0, 0, 0
L1-D.stores-where-nuca-cache = 0, 0, 0, 0, 0, 0, 0, 0, 0, 0, 0, 0, 0, 0, 0, 0
L1-D.stores-where-nuca-local = 0, 0, 0, 0, 0, 0, 0, 0, 0, 0, 0, 0, 0, 0, 0, 0
L1-D.stores-where-nuca-remote = 0, 0, 0, 0, 0, 0, 0, 0, 0, 0, 0, 0, 0, 0, 0, 0
L1-D.stores-where-predicate-false = 0, 0, 0, 0, 0, 0, 0, 0, 0, 0, 0, 0, 0, 0, 0, 0
L1-D.stores-where-prefetch-no-mapping = 0, 0, 0, 0, 0, 0, 0, 0, 0, 0, 0, 0, 0, 0, 0, 0
L1-D.stores-where-unknown = 0, 0, 0, 0, 0, 0, 0, 0, 0, 0, 0, 0, 0, 0, 0, 0
L1-D.total-latency = 4359423494461378, 3468464780998, 3551176053683, 3658811081726, 3759683043588, 3074978929769, 3450783004214, 4948205104944, 3680447130596, 3074076101116, 3276507328749, 3590071428587, 3745153028865, 3696736492138, 3559368767042, 4236709591383
L1-I.access-mru-0 = 3207312717, 6592953, 8323073, 8033349, 6960546, 7303771, 6838667, 8572496, 7868759, 8748652, 6930879, 6723431, 5517614, 6804003, 6889598, 8406320
L1-I.access-mru-1 = 595434565, 261238, 328055, 309835, 273610, 296270, 259837, 326609, 338133, 409751, 260083, 245777, 218822, 288931, 289594, 292173
L1-I.access-mru-2 = 294546168, 54443, 19705, 17836, 34531, 21692, 10049, 50769, 12202, 15623, 28865, 16090, 17185, 51021, 28242, 9906
L1-I.access-mru-3 = 67104281, 11557, 2669, 3718, 7101, 4484, 1436, 10704, 1600, 2092, 4209, 2037, 2827, 10688, 3899, 1982
L1-I.backinval-D = 0, 0, 0, 0, 0, 0, 0, 0, 0, 0, 0, 0, 0, 0, 0, 0
L1-I.backinval-E = 276513026, 535, 1998, 898, 468, 302, 131, 862, 873, 652, 1654, 761, 780, 1215, 1406, 651
L1-I.backinval-I = 0, 0, 0, 0, 0, 0, 0, 0, 0, 0, 0, 0, 0, 0, 0, 0
L1-I.backinval-M = 0, 0, 0, 0, 0, 0, 0, 0, 0, 0, 0, 0, 0, 0, 0, 0
L1-I.backinval-O = 0, 0, 0, 0, 0, 0, 0, 0, 0, 0, 0, 0, 0, 0, 0, 0
L1-I.backinval-S = 149469, 95521, 84330, 63767, 78065, 62926, 69423, 112587, 78658, 74793, 88947, 80898, 77667, 93573, 91627, 63444
L1-I.backinval-u = 0, 0, 0, 0, 0, 0, 0, 0, 0, 0, 0, 0, 0, 0, 0, 0
L1-I.coherency-downgrades = 4637, 1209, 1163, 1198, 698, 350, 442, 1056, 1223, 456, 1337, 984, 820, 1301, 941, 813
L1-I.coherency-invalidates = 0, 0, 0, 0, 0, 0, 0, 0, 0, 0, 0, 0, 0, 0, 0, 0
L1-I.coherency-upgrades = 0, 0, 0, 0, 0, 0, 0, 0, 0, 0, 0, 0, 0, 0, 0, 0
L1-I.coherency-writebacks = 0, 0, 0, 0, 0, 0, 0, 0, 0, 0, 0, 0, 0, 0, 0, 0
L1-I.evict-D = 0, 0, 0, 0, 0, 0, 0, 0, 0, 0, 0, 0, 0, 0, 0, 0
L1-I.evict-E = 0, 0, 0, 0, 0, 0, 0, 0, 0, 0, 0, 0, 0, 0, 0, 0
L1-I.evict-I = 0, 0, 0, 0, 0, 0, 0, 0, 0, 0, 0, 0, 0, 0, 0, 0
L1-I.evict-M = 0, 0, 0, 0, 0, 0, 0, 0, 0, 0, 0, 0, 0, 0, 0, 0
L1-I.evict-O = 0, 0, 0, 0, 0, 0, 0, 0, 0, 0, 0, 0, 0, 0, 0, 0
L1-I.evict-prefetch = 0, 0, 0, 0, 0, 0, 0, 0, 0, 0, 0, 0, 0, 0, 0, 0
L1-I.evict-S = 0, 0, 0, 0, 0, 0, 0, 0, 0, 0, 0, 0, 0, 0, 0, 0
L1-I.evict-u = 0, 0, 0, 0, 0, 0, 0, 0, 0, 0, 0, 0, 0, 0, 0, 0
L1-I.evict-warmup = 0, 0, 0, 0, 0, 0, 0, 0, 0, 0, 0, 0, 0, 0, 0, 0
L1-I.hits-prefetch = 0, 0, 0, 0, 0, 0, 0, 0, 0, 0, 0, 0, 0, 0, 0, 0
L1-I.hits-warmup = 0, 0, 0, 0, 0, 0, 0, 0, 0, 0, 0, 0, 0, 0, 0, 0
L1-I.invalidate-prefetch = 0, 0, 0, 0, 0, 0, 0, 0, 0, 0, 0, 0, 0, 0, 0, 0
L1-I.invalidate-warmup = 0, 0, 0, 0, 0, 0, 0, 0, 0, 0, 0, 0, 0, 0, 0, 0
L1-I.load-misses = 276662725, 96223, 86495, 64879, 78720, 63544, 69780, 113680, 79699, 75638, 90922, 82022, 78762, 95086, 93194, 64292
L1-I.load-misses-D = 0, 0, 0, 0, 0, 0, 0, 0, 0, 0, 0, 0, 0, 0, 0, 0
L1-I.load-misses-E = 0, 0, 0, 0, 0, 0, 0, 0, 0, 0, 0, 0, 0, 0, 0, 0
L1-I.load-misses-I = 276662725, 96223, 86495, 64879, 78720, 63544, 69780, 113680, 79699, 75638, 90922, 82022, 78762, 95086, 93194, 64292
L1-I.load-misses-M = 0, 0, 0, 0, 0, 0, 0, 0, 0, 0, 0, 0, 0, 0, 0, 0
L1-I.load-misses-O = 0, 0, 0, 0, 0, 0, 0, 0, 0, 0, 0, 0, 0, 0, 0, 0
L1-I.load-misses-S = 0, 0, 0, 0, 0, 0, 0, 0, 0, 0, 0, 0, 0, 0, 0, 0
L1-I.load-misses-u = 0, 0, 0, 0, 0, 0, 0, 0, 0, 0, 0, 0, 0, 0, 0, 0
L1-I.load-overlapping-misses = 0, 0, 0, 0, 0, 0, 0, 0, 0, 0, 0, 0, 0, 0, 0, 0
L1-I.loads = 4441060456, 7016414, 8759997, 8429617, 7354508, 7689761, 7179769, 9074258, 8300393, 9251756, 7314958, 7069357, 5835210, 7249729, 7304527, 8774673
L1-I.loads-D = 0, 0, 0, 0, 0, 0, 0, 0, 0, 0, 0, 0, 0, 0, 0, 0
L1-I.loads-E = 4155444010, 25440, 444827, 219101, 102835, 8883, 6853, 19408, 85901, 21685, 325165, 16324, 17381, 162476, 58610, 66471
L1-I.loads-I = 276662725, 96223, 86495, 64879, 78720, 63544, 69780, 113680, 79699, 75638, 90922, 82022, 78762, 95086, 93194, 64292
L1-I.loads-M = 0, 0, 0, 0, 0, 0, 0, 0, 0, 0, 0, 0, 0, 0, 0, 0
L1-I.loads-O = 0, 0, 0, 0, 0, 0, 0, 0, 0, 0, 0, 0, 0, 0, 0, 0
L1-I.loads-prefetch = 0, 0, 0, 0, 0, 0, 0, 0, 0, 0, 0, 0, 0, 0, 0, 0
L1-I.loads-S = 8953721, 6894751, 8228675, 8145637, 7172953, 7617334, 7103136, 8941170, 8134793, 9154433, 6898871, 6971011, 5739067, 6992167, 7152723, 8643910
L1-I.loads-u = 0, 0, 0, 0, 0, 0, 0, 0, 0, 0, 0, 0, 0, 0, 0, 0
L1-I.loads-where-cache-remote = 1940, 1403, 938, 913, 900, 869, 599, 1353, 1436, 862, 1525, 955, 1148, 1736, 1177, 873
L1-I.loads-where-dram = 0, 0, 0, 0, 0, 0, 0, 0, 0, 0, 0, 0, 0, 0, 0, 0
L1-I.loads-where-dram-cache = 0, 0, 0, 0, 0, 0, 0, 0, 0, 0, 0, 0, 0, 0, 0, 0
L1-I.loads-where-dram-local = 1525, 0, 0, 0, 5, 0, 0, 0, 9, 0, 0, 0, 1, 0, 0, 0
L1-I.loads-where-dram-remote = 4620, 33, 102, 39, 7, 41, 15, 22, 25, 126, 150, 36, 4, 1, 14, 64
L1-I.loads-where-L1 = 0, 0, 0, 0, 0, 0, 0, 0, 0, 0, 0, 0, 0, 0, 0, 0
L1-I.loads-where-L1_S = 0, 0, 0, 0, 0, 0, 0, 0, 0, 0, 0, 0, 0, 0, 0, 0
L1-I.loads-where-L1I = 4164397731, 6920191, 8673502, 8364738, 7275788, 7626217, 7109989, 8960578, 8220694, 9176118, 7224036, 6987335, 5756448, 7154643, 7211333, 8710381
L1-I.loads-where-L2 = 0, 0, 0, 0, 0, 0, 0, 0, 0, 0, 0, 0, 0, 0, 0, 0
L1-I.loads-where-L2_S = 0, 0, 0, 0, 0, 0, 0, 0, 0, 0, 0, 0, 0, 0, 0, 0
L1-I.loads-where-L3 = 0, 0, 0, 0, 0, 0, 0, 0, 0, 0, 0, 0, 0, 0, 0, 0
L1-I.loads-where-L3_S = 0, 0, 0, 0, 0, 0, 0, 0, 0, 0, 0, 0, 0, 0, 0, 0
L1-I.loads-where-L4 = 0, 0, 0, 0, 0, 0, 0, 0, 0, 0, 0, 0, 0, 0, 0, 0
L1-I.loads-where-L4_S = 0, 0, 0, 0, 0, 0, 0, 0, 0, 0, 0, 0, 0, 0, 0, 0
L1-I.loads-where-miss = 0, 0, 0, 0, 0, 0, 0, 0, 0, 0, 0, 0, 0, 0, 0, 0
L1-I.loads-where-nuca-cache = 0, 0, 0, 0, 0, 0, 0, 0, 0, 0, 0, 0, 0, 0, 0, 0
L1-I.loads-where-nuca-local = 5558589, 6095, 6498, 4278, 5386, 3723, 4066, 6818, 3950, 3660, 3890, 3779, 4414, 8391, 6348, 3798
L1-I.loads-where-nuca-remote = 271096051, 88692, 78957, 59649, 72422, 58911, 65100, 105487, 74279, 70990, 85357, 77252, 73195, 84958, 85655, 59557
L1-I.loads-where-predicate-false = 0, 0, 0, 0, 0, 0, 0, 0, 0, 0, 0, 0, 0, 0, 0, 0
L1-I.loads-where-prefetch-no-mapping = 0, 0, 0, 0, 0, 0, 0, 0, 0, 0, 0, 0, 0, 0, 0, 0
L1-I.loads-where-unknown = 0, 0, 0, 0, 0, 0, 0, 0, 0, 0, 0, 0, 0, 0, 0, 0
L1-I.mshr-latency = 0, 0, 0, 0, 0, 0, 0, 0, 0, 0, 0, 0, 0, 0, 0, 0
L1-I.next_read.no-free-slots = 0, 0, 0, 0, 0, 0, 0, 0, 0, 0, 0, 0, 0, 0, 0, 0
L1-I.next_read.num-barriers = 0, 0, 0, 0, 0, 0, 0, 0, 0, 0, 0, 0, 0, 0, 0, 0
L1-I.next_read.num-requests = 0, 0, 0, 0, 0, 0, 0, 0, 0, 0, 0, 0, 0, 0, 0, 0
L1-I.next_read.requests-out-of-order = 0, 0, 0, 0, 0, 0, 0, 0, 0, 0, 0, 0, 0, 0, 0, 0
L1-I.next_read.requests-simultaneous = 0, 0, 0, 0, 0, 0, 0, 0, 0, 0, 0, 0, 0, 0, 0, 0
L1-I.next_read.total-barrier-delay = 0, 0, 0, 0, 0, 0, 0, 0, 0, 0, 0, 0, 0, 0, 0, 0
L1-I.next_read.total-delay = 0, 0, 0, 0, 0, 0, 0, 0, 0, 0, 0, 0, 0, 0, 0, 0
L1-I.prefetches = 0, 0, 0, 0, 0, 0, 0, 0, 0, 0, 0, 0, 0, 0, 0, 0
L1-I.qbs-query-latency = 0, 0, 0, 0, 0, 0, 0, 0, 0, 0, 0, 0, 0, 0, 0, 0
L1-I.snoop-latency = 0, 0, 0, 0, 0, 0, 0, 0, 0, 0, 0, 0, 0, 0, 0, 0
L1-I.store-misses = 0, 0, 0, 0, 0, 0, 0, 0, 0, 0, 0, 0, 0, 0, 0, 0
L1-I.store-misses-D = 0, 0, 0, 0, 0, 0, 0, 0, 0, 0, 0, 0, 0, 0, 0, 0
L1-I.store-misses-E = 0, 0, 0, 0, 0, 0, 0, 0, 0, 0, 0, 0, 0, 0, 0, 0
L1-I.store-misses-I = 0, 0, 0, 0, 0, 0, 0, 0, 0, 0, 0, 0, 0, 0, 0, 0
L1-I.store-misses-M = 0, 0, 0, 0, 0, 0, 0, 0, 0, 0, 0, 0, 0, 0, 0, 0
L1-I.store-misses-O = 0, 0, 0, 0, 0, 0, 0, 0, 0, 0, 0, 0, 0, 0, 0, 0
L1-I.store-misses-S = 0, 0, 0, 0, 0, 0, 0, 0, 0, 0, 0, 0, 0, 0, 0, 0
L1-I.store-misses-u = 0, 0, 0, 0, 0, 0, 0, 0, 0, 0, 0, 0, 0, 0, 0, 0
L1-I.store-overlapping-misses = 0, 0, 0, 0, 0, 0, 0, 0, 0, 0, 0, 0, 0, 0, 0, 0
L1-I.stores = 0, 0, 0, 0, 0, 0, 0, 0, 0, 0, 0, 0, 0, 0, 0, 0
L1-I.stores-D = 0, 0, 0, 0, 0, 0, 0, 0, 0, 0, 0, 0, 0, 0, 0, 0
L1-I.stores-E = 0, 0, 0, 0, 0, 0, 0, 0, 0, 0, 0, 0, 0, 0, 0, 0
L1-I.stores-I = 0, 0, 0, 0, 0, 0, 0, 0, 0, 0, 0, 0, 0, 0, 0, 0
L1-I.stores-M = 0, 0, 0, 0, 0, 0, 0, 0, 0, 0, 0, 0, 0, 0, 0, 0
L1-I.stores-O = 0, 0, 0, 0, 0, 0, 0, 0, 0, 0, 0, 0, 0, 0, 0, 0
L1-I.stores-prefetch = 0, 0, 0, 0, 0, 0, 0, 0, 0, 0, 0, 0, 0, 0, 0, 0
L1-I.stores-S = 0, 0, 0, 0, 0, 0, 0, 0, 0, 0, 0, 0, 0, 0, 0, 0
L1-I.stores-u = 0, 0, 0, 0, 0, 0, 0, 0, 0, 0, 0, 0, 0, 0, 0, 0
L1-I.stores-where-cache-remote = 0, 0, 0, 0, 0, 0, 0, 0, 0, 0, 0, 0, 0, 0, 0, 0
L1-I.stores-where-dram = 0, 0, 0, 0, 0, 0, 0, 0, 0, 0, 0, 0, 0, 0, 0, 0
L1-I.stores-where-dram-cache = 0, 0, 0, 0, 0, 0, 0, 0, 0, 0, 0, 0, 0, 0, 0, 0
L1-I.stores-where-dram-local = 0, 0, 0, 0, 0, 0, 0, 0, 0, 0, 0, 0, 0, 0, 0, 0
L1-I.stores-where-dram-remote = 0, 0, 0, 0, 0, 0, 0, 0, 0, 0, 0, 0, 0, 0, 0, 0
L1-I.stores-where-L1 = 0, 0, 0, 0, 0, 0, 0, 0, 0, 0, 0, 0, 0, 0, 0, 0
L1-I.stores-where-L1_S = 0, 0, 0, 0, 0, 0, 0, 0, 0, 0, 0, 0, 0, 0, 0, 0
L1-I.stores-where-L1I = 0, 0, 0, 0, 0, 0, 0, 0, 0, 0, 0, 0, 0, 0, 0, 0
L1-I.stores-where-L2 = 0, 0, 0, 0, 0, 0, 0, 0, 0, 0, 0, 0, 0, 0, 0, 0
L1-I.stores-where-L2_S = 0, 0, 0, 0, 0, 0, 0, 0, 0, 0, 0, 0, 0, 0, 0, 0
L1-I.stores-where-L3 = 0, 0, 0, 0, 0, 0, 0, 0, 0, 0, 0, 0, 0, 0, 0, 0
L1-I.stores-where-L3_S = 0, 0, 0, 0, 0, 0, 0, 0, 0, 0, 0, 0, 0, 0, 0, 0
L1-I.stores-where-L4 = 0, 0, 0, 0, 0, 0, 0, 0, 0, 0, 0, 0, 0, 0, 0, 0
L1-I.stores-where-L4_S = 0, 0, 0, 0, 0, 0, 0, 0, 0, 0, 0, 0, 0, 0, 0, 0
L1-I.stores-where-miss = 0, 0, 0, 0, 0, 0, 0, 0, 0, 0, 0, 0, 0, 0, 0, 0
L1-I.stores-where-nuca-cache = 0, 0, 0, 0, 0, 0, 0, 0, 0, 0, 0, 0, 0, 0, 0, 0
L1-I.stores-where-nuca-local = 0, 0, 0, 0, 0, 0, 0, 0, 0, 0, 0, 0, 0, 0, 0, 0
L1-I.stores-where-nuca-remote = 0, 0, 0, 0, 0, 0, 0, 0, 0, 0, 0, 0, 0, 0, 0, 0
L1-I.stores-where-predicate-false = 0, 0, 0, 0, 0, 0, 0, 0, 0, 0, 0, 0, 0, 0, 0, 0
L1-I.stores-where-prefetch-no-mapping = 0, 0, 0, 0, 0, 0, 0, 0, 0, 0, 0, 0, 0, 0, 0, 0
L1-I.stores-where-unknown = 0, 0, 0, 0, 0, 0, 0, 0, 0, 0, 0, 0, 0, 0, 0, 0
L1-I.total-latency = 6178160223241476, 2437478570457, 2052462157113, 1634285730286, 1939014635899, 1492337070194, 1552295907785, 2815368852226, 1866149057302, 1717470995856, 2142015092619, 1963493519988, 1930454832638, 2415534873246, 2272870649038, 1610432648068
l1misslat = 24426361.9848
L2.access-mru-0 = 1, 0, 0, 0, 0, 0, 0, 0, 0, 0, 0, 0, 0, 0, 0, 0
L2.access-mru-1 = 0, 0, 0, 0, 0, 0, 0, 0, 0, 0, 0, 0, 0, 0, 0, 0
L2.access-mru-2 = 0, 0, 0, 0, 0, 0, 0, 0, 0, 0, 0, 0, 0, 0, 0, 0
L2.access-mru-3 = 0, 0, 0, 0, 0, 0, 0, 0, 0, 0, 0, 0, 0, 0, 0, 0
L2.backinval-D = 0, 0, 0, 0, 0, 0, 0, 0, 0, 0, 0, 0, 0, 0, 0, 0
L2.backinval-E = 0, 0, 0, 0, 0, 0, 0, 0, 0, 0, 0, 0, 0, 0, 0, 0
L2.backinval-I = 0, 0, 0, 0, 0, 0, 0, 0, 0, 0, 0, 0, 0, 0, 0, 0
L2.backinval-M = 0, 0, 0, 0, 0, 0, 0, 0, 0, 0, 0, 0, 0, 0, 0, 0
L2.backinval-O = 0, 0, 0, 0, 0, 0, 0, 0, 0, 0, 0, 0, 0, 0, 0, 0
L2.backinval-S = 0, 0, 0, 0, 0, 0, 0, 0, 0, 0, 0, 0, 0, 0, 0, 0
L2.backinval-u = 0, 0, 0, 0, 0, 0, 0, 0, 0, 0, 0, 0, 0, 0, 0, 0
L2.coherency-downgrades = 6060, 2185, 1682, 1709, 1687, 804, 844, 2137, 1776, 818, 1909, 1466, 1194, 1947, 1356, 1631
L2.coherency-invalidates = 104, 637, 62, 56, 639, 76, 67, 76, 62, 54, 300, 53, 66, 328, 65, 45
L2.coherency-upgrades = 43, 616, 43, 47, 576, 46, 47, 53, 46, 37, 303, 42, 49, 279, 53, 36
L2.coherency-writebacks = 60, 171, 20, 26, 152, 21, 31, 28, 27, 26, 104, 22, 23, 79, 23, 20
L2.evict-D = 0, 0, 0, 0, 0, 0, 0, 0, 0, 0, 0, 0, 0, 0, 0, 0
L2.evict-E = 407256834, 52286, 64143, 64185, 62811, 57505, 68435, 89015, 71926, 58412, 53943, 68154, 63212, 57644, 57658, 81879
L2.evict-I = 0, 0, 0, 0, 0, 0, 0, 0, 0, 0, 0, 0, 0, 0, 0, 0
L2.evict-M = 36356935, 33938, 28810, 19454, 26026, 19945, 23636, 38052, 26464, 24892, 31433, 28023, 27868, 32865, 32561, 18179
L2.evict-O = 0, 0, 0, 0, 0, 0, 0, 0, 0, 0, 0, 0, 0, 0, 0, 0
L2.evict-prefetch = 0, 0, 0, 0, 0, 0, 0, 0, 0, 0, 0, 0, 0, 0, 0, 0
L2.evict-S = 162427, 105568, 91077, 69456, 85510, 68619, 74924, 124773, 85025, 80483, 95935, 87393, 83926, 103212, 98893, 69055
L2.evict-u = 0, 0, 0, 0, 0, 0, 0, 0, 0, 0, 0, 0, 0, 0, 0, 0
L2.evict-warmup = 0, 0, 0, 0, 0, 0, 0, 0, 0, 0, 0, 0, 0, 0, 0, 0
L2.hits-prefetch = 0, 0, 0, 0, 0, 0, 0, 0, 0, 0, 0, 0, 0, 0, 0, 0
L2.hits-warmup = 0, 0, 0, 0, 0, 0, 0, 0, 0, 0, 0, 0, 0, 0, 0, 0
L2.invalidate-prefetch = 0, 0, 0, 0, 0, 0, 0, 0, 0, 0, 0, 0, 0, 0, 0, 0
L2.invalidate-warmup = 0, 0, 0, 0, 0, 0, 0, 0, 0, 0, 0, 0, 0, 0, 0, 0
L2.load-misses = 421853210, 168090, 167510, 140933, 157686, 133232, 154517, 225175, 168868, 149674, 163126, 167863, 159473, 170271, 169887, 158978
L2.load-misses-D = 0, 0, 0, 0, 0, 0, 0, 0, 0, 0, 0, 0, 0, 0, 0, 0
L2.load-misses-E = 507770, 12, 15, 6, 6, 10, 5, 18, 4, 6, 9, 10, 9, 10, 9, 6
L2.load-misses-I = 421345412, 167392, 167473, 140901, 157013, 133191, 154484, 225120, 168836, 149646, 162795, 167830, 159430, 169951, 169840, 158953
L2.load-misses-M = 0, 0, 0, 0, 0, 0, 0, 0, 0, 0, 0, 0, 0, 0, 0, 0
L2.load-misses-O = 0, 0, 0, 0, 0, 0, 0, 0, 0, 0, 0, 0, 0, 0, 0, 0
L2.load-misses-S = 28, 686, 22, 26, 667, 31, 28, 37, 28, 22, 322, 23, 34, 310, 38, 19
L2.load-misses-u = 0, 0, 0, 0, 0, 0, 0, 0, 0, 0, 0, 0, 0, 0, 0, 0
L2.load-overlapping-misses = 74, 611, 45, 34, 540, 53, 46, 62, 44, 35, 286, 37, 56, 287, 57, 29
L2.loads = 421853211, 168090, 167510, 140933, 157686, 133232, 154517, 225175, 168868, 149674, 163126, 167863, 159473, 170271, 169887, 158978
L2.loads-D = 0, 0, 0, 0, 0, 0, 0, 0, 0, 0, 0, 0, 0, 0, 0, 0
L2.loads-E = 507771, 12, 15, 6, 6, 10, 5, 18, 4, 6, 9, 10, 9, 10, 9, 6
L2.loads-I = 421345412, 167392, 167473, 140901, 157013, 133191, 154484, 225120, 168836, 149646, 162795, 167830, 159430, 169951, 169840, 158953
L2.loads-M = 0, 0, 0, 0, 0, 0, 0, 0, 0, 0, 0, 0, 0, 0, 0, 0
L2.loads-O = 0, 0, 0, 0, 0, 0, 0, 0, 0, 0, 0, 0, 0, 0, 0, 0
L2.loads-prefetch = 0, 0, 0, 0, 0, 0, 0, 0, 0, 0, 0, 0, 0, 0, 0, 0
L2.loads-S = 28, 686, 22, 26, 667, 31, 28, 37, 28, 22, 322, 23, 34, 310, 38, 19
L2.loads-u = 0, 0, 0, 0, 0, 0, 0, 0, 0, 0, 0, 0, 0, 0, 0, 0
L2.mshr-latency = 0, 0, 0, 0, 0, 0, 0, 0, 0, 0, 0, 0, 0, 0, 0, 0
L2.next_read.no-free-slots = 0, 0, 0, 0, 0, 0, 0, 0, 0, 0, 0, 0, 0, 0, 0, 0
L2.next_read.num-barriers = 0, 0, 0, 0, 0, 0, 0, 0, 0, 0, 0, 0, 0, 0, 0, 0
L2.next_read.num-requests = 0, 0, 0, 0, 0, 0, 0, 0, 0, 0, 0, 0, 0, 0, 0, 0
L2.next_read.requests-out-of-order = 0, 0, 0, 0, 0, 0, 0, 0, 0, 0, 0, 0, 0, 0, 0, 0
L2.next_read.requests-simultaneous = 0, 0, 0, 0, 0, 0, 0, 0, 0, 0, 0, 0, 0, 0, 0, 0
L2.next_read.total-barrier-delay = 0, 0, 0, 0, 0, 0, 0, 0, 0, 0, 0, 0, 0, 0, 0, 0
L2.next_read.total-delay = 0, 0, 0, 0, 0, 0, 0, 0, 0, 0, 0, 0, 0, 0, 0, 0
L2.prefetches = 0, 0, 0, 0, 0, 0, 0, 0, 0, 0, 0, 0, 0, 0, 0, 0
L2.qbs-query-latency = 0, 0, 0, 0, 0, 0, 0, 0, 0, 0, 0, 0, 0, 0, 0, 0
L2.snoop-latency = 0, 0, 0, 0, 0, 0, 0, 0, 0, 0, 0, 0, 0, 0, 0, 0
L2.store-misses = 33888124, 34017, 28862, 19542, 26116, 20059, 23707, 38127, 26519, 24949, 31557, 28106, 27958, 33048, 32601, 18247
L2.store-misses-D = 0, 0, 0, 0, 0, 0, 0, 0, 0, 0, 0, 0, 0, 0, 0, 0
L2.store-misses-E = 11456649, 8370, 11693, 6736, 7573, 6560, 10570, 10777, 11324, 10204, 12147, 11761, 11769, 8393, 12717, 7496
L2.store-misses-I = 22431455, 25619, 17143, 12779, 18509, 13476, 13111, 27326, 15170, 14724, 19381, 16320, 16166, 24632, 19862, 10732
L2.store-misses-M = 0, 0, 0, 0, 0, 0, 0, 0, 0, 0, 0, 0, 0, 0, 0, 0
L2.store-misses-O = 0, 0, 0, 0, 0, 0, 0, 0, 0, 0, 0, 0, 0, 0, 0, 0
L2.store-misses-S = 20, 28, 26, 27, 34, 23, 26, 24, 25, 21, 29, 25, 23, 23, 22, 19
L2.store-misses-u = 0, 0, 0, 0, 0, 0, 0, 0, 0, 0, 0, 0, 0, 0, 0, 0
L2.store-overlapping-misses = 4631641, 999, 1961, 1191, 1262, 971, 1794, 1462, 2377, 1813, 1470, 2335, 2247, 1216, 1995, 1567
L2.stores = 33888124, 34017, 28862, 19542, 26116, 20059, 23707, 38127, 26519, 24949, 31557, 28106, 27958, 33048, 32601, 18247
L2.stores-D = 0, 0, 0, 0, 0, 0, 0, 0, 0, 0, 0, 0, 0, 0, 0, 0
L2.stores-E = 11456649, 8370, 11693, 6736, 7573, 6560, 10570, 10777, 11324, 10204, 12147, 11761, 11769, 8393, 12717, 7496
L2.stores-I = 22431455, 25619, 17143, 12779, 18509, 13476, 13111, 27326, 15170, 14724, 19381, 16320, 16166, 24632, 19862, 10732
L2.stores-M = 0, 0, 0, 0, 0, 0, 0, 0, 0, 0, 0, 0, 0, 0, 0, 0
L2.stores-O = 0, 0, 0, 0, 0, 0, 0, 0, 0, 0, 0, 0, 0, 0, 0, 0
L2.stores-prefetch = 0, 0, 0, 0, 0, 0, 0, 0, 0, 0, 0, 0, 0, 0, 0, 0
L2.stores-S = 20, 28, 26, 27, 34, 23, 26, 24, 25, 21, 29, 25, 23, 23, 22, 19
L2.stores-u = 0, 0, 0, 0, 0, 0, 0, 0, 0, 0, 0, 0, 0, 0, 0, 0
L2.total-latency = 0, 0, 0, 0, 0, 0, 0, 0, 0, 0, 0, 0, 0, 0, 0, 0
L2.uncore-requests = 443776912, 193704, 184663, 153730, 176184, 146720, 167645, 252503, 184057, 164411, 182516, 184195, 175651, 194905, 189760, 169721
L2.uncore-time-dram = 0, 0, 0, 0, 0, 0, 0, 0, 0, 0, 0, 0, 0, 0, 0, 0
L2.uncore-time-dram-bus = 77437659722276, 192575239496, 210428446064, 245966273680, 234628897460, 194876431844, 209290493804, 285280416944, 208826883624, 178161177536, 190257188596, 201324827984, 226149045804, 217905213876, 207798511952, 282633624280
L2.uncore-time-dram-cache = 0, 0, 0, 0, 0, 0, 0, 0, 0, 0, 0, 0, 0, 0, 0, 0
L2.uncore-time-dram-cache-bus = 0, 0, 0, 0, 0, 0, 0, 0, 0, 0, 0, 0, 0, 0, 0, 0
L2.uncore-time-dram-cache-data = 0, 0, 0, 0, 0, 0, 0, 0, 0, 0, 0, 0, 0, 0, 0, 0
L2.uncore-time-dram-cache-queue = 0, 0, 0, 0, 0, 0, 0, 0, 0, 0, 0, 0, 0, 0, 0, 0
L2.uncore-time-dram-cache-tags = 0, 0, 0, 0, 0, 0, 0, 0, 0, 0, 0, 0, 0, 0, 0, 0
L2.uncore-time-dram-device = 413403795000000, 1028070000000, 1123380000000, 1313100000000, 1252575000000, 1040355000000, 1117305000000, 1522980000000, 1114830000000, 951120000000, 1015695000000, 1074780000000, 1207305000000, 1163295000000, 1109340000000, 1508850000000
L2.uncore-time-dram-queue = 10232847534181, 31839993414, 27407241126, 35769357841, 38854385945, 32163820944, 32468987847, 35345542082, 32328788519, 27807579813, 30871136356, 30631410074, 34665696167, 35961542264, 31172085580, 34576316829
L2.uncore-time-inv-imbalance = 626009177, 8763347477, 455649907, 627277479, 486705959, 430282235, 283887862, 267240789, 258997595, 206071099, 3980136490, 215929687, 108307862, 124217300, 9295988, 4407921
L2.uncore-time-noc-base = 4980905285927587, 2191386932795, 1936978366184, 1786644443273, 1825857656748, 1382236549516, 1512613111664, 2460285348825, 1861591590956, 1546597877815, 1733643280887, 1843959421350, 2083171426231, 2187206393920, 2088064894469, 1969251920993
L2.uncore-time-noc-queue = 993103648591147, 602047470506, 512114691446, 462417055567, 659434096889, 527900267405, 539599013853, 1058663119388, 600411982234, 540620748593, 746587177270, 684307523827, 483965063677, 631551464622, 572554286993, 463174361286
L2.uncore-time-nuca-bus = 6249487703949, 2160434286, 1953788227, 1475822522, 2036920535, 1782957277, 1810679182, 2461908090, 1813482588, 1795973819, 2082481212, 2000369570, 1856790875, 2112765832, 2001111956, 1457183415
L2.uncore-time-nuca-data = 1307025218541296, 504368832149, 475828497032, 370218418117, 438461138488, 367446120987, 426325762571, 650228061632, 472771859280, 426656045048, 473109687848, 477877609096, 442564404168, 499973799760, 491264035840, 404550453464
L2.uncore-time-nuca-ecc = 0, 0, 0, 0, 0, 0, 0, 0, 0, 0, 0, 0, 0, 0, 0, 0
L2.uncore-time-nuca-queue = 435011022781216, 167860672272, 158367415888, 123216141696, 145925284208, 122289237920, 141889348976, 216403003392, 157349423296, 141996453408, 157458529680, 159048079568, 147294619376, 166402250240, 163501421792, 134642282736
L2.uncore-time-nuca-tags = 333663619602726, 143265089754, 137726756406, 114492974328, 130539554604, 109239602742, 125247837240, 187996567608, 136819239660, 122551602732, 135244807128, 137426005206, 130811734440, 144428996898, 141348552732, 126346330998
L2.uncore-time-remote-cache-inv = 0, 0, 0, 0, 0, 0, 0, 0, 0, 0, 0, 0, 0, 0, 0, 0
L2.uncore-time-remote-cache-wb = 0, 0, 0, 0, 0, 0, 0, 0, 0, 0, 0, 0, 0, 0, 0, 0
L2.uncore-time-td-access = 1687221047774070, 821414502856, 786689951400, 675344338380, 768137361750, 645285430729, 731732956240, 1080392295150, 791941819230, 705903485716, 778237908706, 781618534290, 754265212650, 830825190000, 806385395610, 752919351030
L2.uncore-time-unknown = 121998396000000, 135672000000, 158460000000, 103428000000, 131592000000, 85656000000, 97428000000, 164172000000, 94128000000, 82416000000, 77844000000, 86616000000, 92940000000, 155676000000, 142620000000, 102060000000
L2.uncore-totaltime = 10366252655187625, 5829424515005, 5529790803680, 5232700102883, 5628529002586, 4509661701599, 4935995079239, 7664475503900, 5473072066982, 4725833015579, 5345011334173, 5479805710652, 5605097301250, 6035462834712, 5756059592912, 5780466232952
ncores = 16
network.shmem-1.mesh.bytes-in = 35225985808, 700428688, 1104522920, 451698852, 479093834, 551086730, 1986914888, 2687886980, 1216895422, 583725028, 839131568, 795101332, 1530295792, 538177154, 841778046, 1469731182
network.shmem-1.mesh.bytes-out = 15826292478, 1289475294, 2736043146, 917654334, 808767030, 1072942684, 4648458994, 7108518966, 2839364130, 1294942052, 1640222430, 1571943232, 3468301828, 1003939294, 1773951472, 3001636860
network.shmem-1.mesh.contention-delay = 1703200998984164, 7229853273367, 6006586639879, 3729637639245, 10957896267085, 4428005311850, 11340392976792, 10110717973469, 14896115040837, 3854052617458, 4166856860602, 7459135081734, 16442577037617, 4925144167977, 5990127500701, 9775093225286
network.shmem-1.mesh.link-down.num-requests = 0, 0, 0, 0, 375001382, 1024787, 1069387, 1032310, 206644895, 537070, 1759297, 1767603, 116504062, 397260, 409446, 2216209
network.shmem-1.mesh.link-down.num-requests-analytical = 0, 0, 0, 0, 0, 0, 0, 0, 0, 0, 0, 0, 0, 0, 0, 0
network.shmem-1.mesh.link-down.total-queue-delay = 0, 0, 0, 0, 543800100952559, 329411850995, 244135380934, 171173924739, 280449642098156, 273421921735, 209206300504, 255163261544, 93352512283555, 130606594051, 103321688342, 96003143177
network.shmem-1.mesh.link-down.total-time-used = 0, 0, 0, 0, 1369476028300996, 2978843889250, 2999850760970, 2914627499780, 749660861097202, 930390366764, 5339886043934, 5446388203458, 421186941252836, 718547362848, 739794192372, 7382659356830
network.shmem-1.mesh.link-in.num-requests = 868040958, 17274392, 35804321, 12466589, 11090203, 14446354, 60313936, 91961816, 37145446, 17318078, 21769473, 20897619, 45195035, 13611892, 23479320, 39206227
network.shmem-1.mesh.link-in.num-requests-analytical = 0, 0, 0, 0, 0, 0, 0, 0, 0, 0, 0, 0, 0, 0, 0, 0
network.shmem-1.mesh.link-in.total-queue-delay = 79841617476735, 2497841689638, 3361506000271, 1754871479231, 2363963342659, 3640135939878, 8477467714332, 40257490385808, 3300165410657, 5796070064073, 1766944215488, 2590192733924, 8105871623026, 1974713046825, 2409663453755, 9579859376624
network.shmem-1.mesh.link-in.total-time-used = 683507697043092, 60574152434080, 128595312744502, 43101269849950, 37966810959674, 50415911297804, 218567404816976, 334229675766856, 133486211959316, 60859565234572, 77099231741766, 73884281404098, 163065070791106, 47135643851288, 83354136848520, 141111506418842
network.shmem-1.mesh.link-left.num-requests = 0, 64394966, 47785238, 12366729, 0, 165574665, 151755870, 91832752, 0, 58936087, 42205366, 20791895, 0, 75158280, 62208109, 39103280
network.shmem-1.mesh.link-left.num-requests-analytical = 0, 0, 0, 0, 0, 0, 0, 0, 0, 0, 0, 0, 0, 0, 0, 0
network.shmem-1.mesh.link-left.total-queue-delay = 0, 9349515967317, 4500319160299, 10302432352, 0, 24252352458117, 40836660860375, 9005631443, 0, 8159696194608, 8945897277991, 7347478732, 0, 12414123368077, 21658243079114, 7760489308
network.shmem-1.mesh.link-left.total-time-used = 0, 230060381315932, 170719986320644, 42895827049734, 0, 601177338851310, 551914385323092, 334028389673408, 0, 210031830425786, 150192319671356, 73693546913410, 0, 269516965851360, 223580861004902, 140916850675096
network.shmem-1.mesh.link-out.num-requests = 436222157, 32706487, 69797786, 23193650, 19395905, 27177507, 118853709, 181912409, 71472584, 32867358, 41715120, 39968217, 87595733, 25381234, 45128153, 76633650
network.shmem-1.mesh.link-out.num-requests-analytical = 0, 0, 0, 0, 0, 0, 0, 0, 0, 0, 0, 0, 0, 0, 0, 0
network.shmem-1.mesh.link-out.total-queue-delay = 583527410814849, 452739409071, 346125613319, 329979173409, 770273113178, 464837793510, 491188432363, 688912868607, 634939700027, 371502778179, 520110354200, 426584406464, 358627473425, 370756355070, 301731105636, 239026315127
network.shmem-1.mesh.link-out.total-time-used = 1593877217027614, 32938773637442, 52026132772564, 21236417802892, 22499076276142, 25930048825026, 93667042787142, 126757842147742, 57343364229736, 27483452484420, 39512644924416, 37434641102262, 72118084644982, 25282938322724, 39612670859206, 69233535318132
network.shmem-1.mesh.link-right.num-requests = 702438439, 588862931, 317670834, 0, 2837618, 545651, 404606, 0, 2779182, 2897153, 378639, 0, 2794022, 2952241, 2816252, 0
network.shmem-1.mesh.link-right.num-requests-analytical = 0, 0, 0, 0, 0, 0, 0, 0, 0, 0, 0, 0, 0, 0, 0, 0
network.shmem-1.mesh.link-right.total-queue-delay = 1676684694885, 128552125225, 87153375544, 0, 20564323109, 146614628797, 101110098563, 0, 9299201884, 109152080451, 65861644502, 0, 12628583527, 191046586963, 98408574622, 0
network.shmem-1.mesh.link-right.total-time-used = 554344701177890, 455382029703346, 242838860143164, 0, 9671700821116, 1095940286914, 788096410660, 0, 9431421857100, 9658372777510, 677766923802, 0, 9526741162996, 9809317675070, 9565593765304, 0
network.shmem-1.mesh.link-up.num-requests = 168776710, 82558472, 202849510, 295609354, 154851568, 57812774, 85217574, 114965908, 86540502, 25274992, 45027119, 75930660, 0, 0, 0, 0
network.shmem-1.mesh.link-up.num-requests-analytical = 0, 0, 0, 0, 0, 0, 0, 0, 0, 0, 0, 0, 0, 0, 0, 0
network.shmem-1.mesh.link-up.total-queue-delay = 685813156601, 98318041433, 114267459946, 87149417593, 956755090807, 563668664980, 355929837899, 237389675431, 458923136001, 295229990840, 279158493283, 154468257795, 0, 0, 0, 0
network.shmem-1.mesh.link-up.total-time-used = 134822188454516, 70236499165144, 164288041022180, 224722512640268, 121980393964448, 51986715121420, 73950286561548, 101485813700312, 70249730418348, 25084523192816, 39418614623098, 66855945165912, 0, 0, 0, 0
network.shmem-1.mesh.packets-in = 469991800, 32745144, 69842508, 23225662, 19434547, 27203603, 118882876, 181960334, 71501193, 32892286, 41739080, 39994566, 87624520, 25426167, 45168841, 76665841
network.shmem-1.mesh.packets-out = 901810601, 17313049, 35849043, 12498601, 11128845, 14472450, 60343103, 92009741, 37174055, 17343006, 21793433, 20923968, 45223822, 13656825, 23520008, 39238418
network.shmem-1.mesh.total-delay = 4423646452668576, 65887850740119, 164191413327839, 78699352049725, 51674349416975, 70828812296816, 372761918607360, 683884583260701, 182813990273869, 104750327158450, 167630411129014, 193887134946966, 290515240602565, 105575601633407, 213467987404775, 422273710657316
nuca-cache-queue.num-requests = 12126169, 18362585, 35122869, 11850074, 7886286, 14540089, 62729978, 91295380, 34049980, 16625184, 23077313, 21895973, 43490676, 13764121, 24070511, 42770317
nuca-cache-queue.num-requests-analytical = 0, 0, 0, 0, 0, 0, 0, 0, 0, 0, 0, 0, 0, 0, 0, 0
nuca-cache-queue.total-queue-delay = 26876336776, 66193013223, 72337739528, 19031380744, 12836339113, 152230118126, 241960259047, 4734118684852, 18039613617, 380547798706, 12599253841, 110552666636, 110557146319, 19361361923, 10097939011, 292507821881
nuca-cache-queue.total-time-used = 12138004140944, 18380506882960, 35157148920144, 11861639672224, 7893983015136, 14554280126864, 62791202458528, 91384484290880, 34083212780480, 16641410179584, 23099836457488, 21917343469648, 43533122899776, 13777554782096, 24094003818736, 42812060829392
nuca-cache.access-mru-0 = 11395031, 17598651, 34364811, 11127597, 7216987, 13085034, 61973831, 90575840, 33311762, 15957478, 20168123, 18965170, 42739454, 12999804, 23311717, 40911320
nuca-cache.access-mru-1 = 354140, 386580, 381657, 346020, 293183, 1075335, 378007, 342840, 361788, 292571, 2525224, 2547900, 372664, 387352, 381635, 1481361
nuca-cache.access-mru-10 = 19231, 19274, 19252, 19305, 19339, 19254, 19311, 19287, 19113, 19315, 19080, 19120, 18990, 19104, 19214, 19308
nuca-cache.access-mru-11 = 17087, 16914, 16977, 16796, 16678, 16822, 16759, 16960, 16828, 16855, 16819, 16987, 16831, 16838, 16956, 16887
nuca-cache.access-mru-12 = 13361, 13204, 13299, 13304, 13393, 13309, 13192, 13344, 13224, 13337, 13167, 13423, 13317, 13428, 13243, 13434
nuca-cache.access-mru-13 = 12310, 12379, 12294, 12186, 12250, 12211, 12395, 12322, 12119, 12237, 12156, 12174, 12345, 12294, 12269, 12227
nuca-cache.access-mru-14 = 13424, 13288, 13234, 13265, 13423, 13362, 13456, 13190, 13327, 13216, 13609, 13635, 13506, 13531, 13403, 13351
nuca-cache.access-mru-15 = 12168, 11883, 11961, 12021, 12136, 11978, 12058, 12103, 12144, 11941, 11900, 11999, 12132, 12245, 12080, 11981
nuca-cache.access-mru-2 = 82083, 82101, 82065, 82250, 81198, 85665, 82601, 82017, 81829, 81243, 88918, 88415, 83476, 82268, 82201, 82895
nuca-cache.access-mru-3 = 51318, 51347, 50995, 50908, 51110, 51082, 51333, 51225, 50931, 50847, 51822, 51273, 51151, 51031, 50966, 51053
nuca-cache.access-mru-4 = 37346, 37694, 37742, 37425, 37992, 37817, 38226, 37689, 38055, 37808, 37910, 37597, 37729, 37310, 38019, 37775
nuca-cache.access-mru-5 = 29679, 30092, 29769, 29902, 29703, 29942, 29564, 29760, 29340, 29538, 29356, 29626, 29886, 29556, 29645, 29381
nuca-cache.access-mru-6 = 25465, 25293, 25342, 25446, 25331, 25010, 25460, 25313, 25835, 25229, 25439, 25486, 25489, 25937, 25413, 25315
nuca-cache.access-mru-7 = 23597, 23731, 23465, 23672, 23706, 23514, 23663, 23551, 23427, 23481, 23732, 23513, 23702, 23352, 23662, 23971
nuca-cache.access-mru-8 = 20323, 20505, 20425, 20542, 20360, 20313, 20437, 20336, 20462, 20438, 20376, 20281, 20427, 20470, 20492, 20402
nuca-cache.access-mru-9 = 19606, 19649, 19581, 19435, 19497, 19441, 19685, 19603, 19796, 19650, 19682, 19374, 19577, 19601, 19596, 19656
nuca-cache.read-misses = 598223, 598506, 598598, 598940, 598775, 598809, 598262, 598280, 598530, 598587, 598393, 598416, 598556, 598509, 598693, 598518
nuca-cache.reads = 10906127, 15972991, 34526337, 11228724, 7427820, 13226197, 59055822, 90551555, 33459611, 16062513, 20476465, 19603573, 41523509, 12311389, 22187217, 37945169
nuca-cache.write-misses = 598223, 598506, 598598, 598940, 598775, 598809, 598262, 598280, 598530, 598587, 598393, 598416, 598556, 598509, 598693, 598518
nuca-cache.writes = 2416488, 3586606, 1793728, 1819230, 1656016, 2511510, 4870680, 1940385, 1787429, 1759845, 3797634, 3489232, 3164279, 2649750, 3080680, 6022184
performance_model.cpiDTLBMiss = 0, 0, 0, 0, 0, 0, 0, 0, 0, 0, 0, 0, 0, 0, 0, 0
performance_model.cpiFastforwardTime = 0, 0, 0, 0, 0, 0, 0, 0, 0, 0, 0, 0, 0, 0, 0, 0
performance_model.cpiITLBMiss = 0, 0, 0, 0, 0, 0, 0, 0, 0, 0, 0, 0, 0, 0, 0, 0
performance_model.cpiRecv = 0, 0, 0, 0, 0, 0, 0, 0, 0, 0, 0, 0, 0, 0, 0, 0
performance_model.cpiStartTime = 0, 11702828246206403, 11702828775152576, 11702829331918235, 11702829556729757, 11702829786428486, 11702830067254919, 11702830331915975, 11702830510487000, 11702830770636788, 11702830983418262, 11702831309357375, 11702831688303887, 11702831938679261, 11702832292437860, 11702832502587761
performance_model.cpiSyncDvfsTransition = 0, 0, 0, 0, 0, 0, 0, 0, 0, 0, 0, 0, 0, 0, 0, 0
performance_model.cpiSyncFutex = 1548586426651, 8425980669441, 7152800840067, 7051321743842, 6580281448232, 7602620876103, 6753562646863, 3474340342854, 5830617366563, 5996384282902, 11126891097683, 10287174952593, 7995160581425, 9605296042515, 7735995767165, 3263386686532
performance_model.cpiSyncJoin = 0, 0, 0, 0, 0, 0, 0, 0, 0, 0, 0, 0, 0, 0, 0, 0
performance_model.cpiSyncMemAccess = 0, 0, 0, 0, 0, 0, 0, 0, 0, 0, 0, 0, 0, 0, 0, 0
performance_model.cpiSyncPause = 0, 0, 0, 0, 0, 0, 0, 0, 0, 0, 0, 0, 0, 0, 0, 0
performance_model.cpiSyncPthreadBarrier = 0, 0, 0, 0, 0, 0, 0, 0, 0, 0, 0, 0, 0, 0, 0, 0
performance_model.cpiSyncPthreadCond = 0, 0, 0, 0, 0, 0, 0, 0, 0, 0, 0, 0, 0, 0, 0, 0
performance_model.cpiSyncPthreadMutex = 0, 0, 0, 0, 0, 0, 0, 0, 0, 0, 0, 0, 0, 0, 0, 0
performance_model.cpiSyncSleep = 0, 0, 0, 0, 0, 0, 0, 0, 0, 0, 0, 0, 0, 0, 0, 0
performance_model.cpiSyncSyscall = 261393691322, 0, 0, 0, 0, 0, 0, 0, 0, 0, 0, 0, 0, 0, 0, 0
performance_model.cpiSyncUnscheduled = 0, 0, 0, 0, 0, 0, 0, 0, 0, 0, 0, 0, 0, 0, 0, 0
performance_model.cpiUnknown = 148049665407, 0, 0, 0, 0, 0, 0, 0, 0, 0, 0, 0, 0, 0, 0, 0
performance_model.cycle_count = 31205414869.6, 31199497017.0, 31201817008.8, 31200342003.1, 31196529026.7, 31196218788.4, 31194902369.4, 31205362858.7, 31198495680.3, 31197984796.4, 31205368314.7, 31205371514.7, 31194914081.3, 31205371318.7, 31198423500.4, 31195850427.2
performance_model.dyninsn_cost = 0, 0, 0, 0, 0, 0, 0, 0, 0, 0, 0, 0, 0, 0, 0, 0
performance_model.dyninsn_count = 0, 0, 0, 0, 0, 0, 0, 0, 0, 0, 0, 0, 0, 0, 0, 0
performance_model.dyninsn_zero_count = 0, 0, 0, 0, 0, 0, 0, 0, 0, 0, 0, 0, 0, 0, 0, 0
performance_model.elapsed_time = 11731358973532977, 11729134216918103, 11730006394270286, 11729451880859575, 11728018431084880, 11727901800154499, 11727406905786501, 11731339420567388, 11728757774540302, 11728565712942027, 11731341471695092, 11731342674702152, 11727411308772769, 11731342601018108, 11728730639263282, 11727763318501281
performance_model.elapsed_time_begin = 0, 0, 0, 0, 0, 0, 0, 0, 0, 0, 0, 0, 0, 0, 0, 0
performance_model.elapsed_time_end = 11731358973532977, 11729134216918103, 11730006394270286, 11729451880859575, 11728018431084880, 11727901800154499, 11727406905786501, 11731339420567388, 11728757774540302, 11728565712942027, 11731341471695092, 11731342674702152, 11727411308772769, 11731342601018108, 11728730639263282, 11727763318501281
performance_model.idle_elapsed_time = 1809980117973, 11711254226875844, 11709981575992643, 11709880653662077, 11709409838177989, 11710432407304589, 11709583629901782, 11706304672258829, 11708661127853563, 11708827154919690, 11713957874515945, 11713118484309968, 11710826848885312, 11712437234721776, 11710568288205025, 11706095889274293
performance_model.instruction_count = 30470840309, 68827222, 82718625, 80701447, 72910263, 73349613, 71955153, 94875233, 81105489, 84633340, 69718938, 71337899, 61190026, 71765008, 70528552, 88131893
pthread.pthread_barrier_wait_count = 0, 0, 0, 0, 0, 0, 0, 0, 0, 0, 0, 0, 0, 0, 0, 0
pthread.pthread_barrier_wait_delay_mem = 0, 0, 0, 0, 0, 0, 0, 0, 0, 0, 0, 0, 0, 0, 0, 0
pthread.pthread_barrier_wait_delay_sync = 0, 0, 0, 0, 0, 0, 0, 0, 0, 0, 0, 0, 0, 0, 0, 0
pthread.pthread_cond_broadcast_count = 0, 0, 0, 0, 0, 0, 0, 0, 0, 0, 0, 0, 0, 0, 0, 0
pthread.pthread_cond_broadcast_delay_mem = 0, 0, 0, 0, 0, 0, 0, 0, 0, 0, 0, 0, 0, 0, 0, 0
pthread.pthread_cond_broadcast_delay_sync = 0, 0, 0, 0, 0, 0, 0, 0, 0, 0, 0, 0, 0, 0, 0, 0
pthread.pthread_cond_signal_count = 0, 0, 0, 0, 0, 0, 0, 0, 0, 0, 0, 0, 0, 0, 0, 0
pthread.pthread_cond_signal_delay_mem = 0, 0, 0, 0, 0, 0, 0, 0, 0, 0, 0, 0, 0, 0, 0, 0
pthread.pthread_cond_signal_delay_sync = 0, 0, 0, 0, 0, 0, 0, 0, 0, 0, 0, 0, 0, 0, 0, 0
pthread.pthread_cond_wait_count = 0, 0, 0, 0, 0, 0, 0, 0, 0, 0, 0, 0, 0, 0, 0, 0
pthread.pthread_cond_wait_delay_mem = 0, 0, 0, 0, 0, 0, 0, 0, 0, 0, 0, 0, 0, 0, 0, 0
pthread.pthread_cond_wait_delay_sync = 0, 0, 0, 0, 0, 0, 0, 0, 0, 0, 0, 0, 0, 0, 0, 0
pthread.pthread_mutex_lock_contended = 0, 0, 0, 0, 0, 0, 0, 0, 0, 0, 0, 0, 0, 0, 0, 0
pthread.pthread_mutex_lock_count = 0, 0, 0, 0, 0, 0, 0, 0, 0, 0, 0, 0, 0, 0, 0, 0
pthread.pthread_mutex_lock_delay_mem = 0, 0, 0, 0, 0, 0, 0, 0, 0, 0, 0, 0, 0, 0, 0, 0
pthread.pthread_mutex_lock_delay_sync = 0, 0, 0, 0, 0, 0, 0, 0, 0, 0, 0, 0, 0, 0, 0, 0
pthread.pthread_mutex_trylock_count = 0, 0, 0, 0, 0, 0, 0, 0, 0, 0, 0, 0, 0, 0, 0, 0
pthread.pthread_mutex_trylock_delay_mem = 0, 0, 0, 0, 0, 0, 0, 0, 0, 0, 0, 0, 0, 0, 0, 0
pthread.pthread_mutex_trylock_delay_sync = 0, 0, 0, 0, 0, 0, 0, 0, 0, 0, 0, 0, 0, 0, 0, 0
pthread.pthread_mutex_unlock_contended = 0, 0, 0, 0, 0, 0, 0, 0, 0, 0, 0, 0, 0, 0, 0, 0
pthread.pthread_mutex_unlock_count = 0, 0, 0, 0, 0, 0, 0, 0, 0, 0, 0, 0, 0, 0, 0, 0
pthread.pthread_mutex_unlock_delay_mem = 0, 0, 0, 0, 0, 0, 0, 0, 0, 0, 0, 0, 0, 0, 0, 0
pthread.pthread_mutex_unlock_delay_sync = 0, 0, 0, 0, 0, 0, 0, 0, 0, 0, 0, 0, 0, 0, 0, 0
pthread_locks_contended = 0.0
roi.instrs = 31614984085
roi.ipscore = 14031.8923964
roi.ipstotal = 224510.278343
roi.walltime = 140817.535475
stlb.access = 38089607, 8452, 10345, 14181, 11551, 9528, 10844, 17180, 11062, 8838, 8380, 10955, 9364, 11514, 10011, 16003
stlb.miss = 1266923, 3910, 4386, 6014, 5047, 4122, 4664, 7304, 4567, 3217, 3829, 4712, 3917, 4896, 4288, 6996
stlb_cache.access-mru-0 = 2105005, 1531, 2036, 2515, 2177, 1936, 2169, 3443, 2244, 1687, 1551, 2174, 1919, 2256, 1907, 2941
stlb_cache.access-mru-1 = 21990911, 1361, 1967, 2469, 1920, 1631, 1809, 2926, 2027, 1930, 1371, 1854, 1688, 1972, 1791, 2770
stlb_cache.access-mru-2 = 3150757, 945, 1138, 1752, 1339, 1044, 1192, 1985, 1232, 1127, 907, 1244, 955, 1301, 1089, 1824
stlb_cache.access-mru-3 = 9576011, 705, 818, 1431, 1068, 795, 1010, 1522, 992, 877, 722, 971, 885, 1089, 936, 1472
syscall.stderr-bytes = 0, 0, 0, 0, 0, 0, 0, 0, 0, 0, 0, 0, 0, 0, 0, 0
syscall.stdout-bytes = 856, 0, 0, 0, 0, 0, 0, 0, 0, 0, 0, 0, 0, 0, 0, 0
thread.bottle_contrib_time = 11702597023525199, 1247608856449, 1671496059858, 1461847494137, 1315610575412, 1133686674586, 1189371968843, 3919530511270, 1620606956280, 1407845685906, 1158579395856, 1475109839004, 1056598075914, 1396746929593, 1235191560683, 3025108159834, 4185617572368
thread.bottle_runtime_time = 11702627499417960, 17890579140932, 20030818277643, 19579386971573, 18617473734228, 17475211271373, 17830837915784, 25040624613328, 20105115106733, 19745529075034, 17395082142717, 18230429867587, 16591106502537, 18912279828102, 18171121735467, 21672049505998, 26943374849241
thread.elapsed_time = 11731358900000000, 28530653793597, 28530124847424, 28529568081765, 28529343270243, 28529113571514, 28528832745081, 28528568084025, 28528389513000, 28528129363212, 28527916581738, 28511290642625, 28527211696113, 28510661320739, 28526607562140, 28526397412239, 28526246284761
thread.instruction_count = 30374159728, 68827222, 82718625, 80701447, 72910263, 73349613, 71955153, 94875233, 81105489, 84633340, 69718938, 71337899, 61190026, 71765008, 70528552, 88131893, 96680581
thread.instructions_by_core[0] = 30374159728, 0, 0, 0, 0, 0, 0, 0, 0, 0, 0, 0, 0, 0, 0, 0, 96680581
thread.instructions_by_core[10] = 0, 0, 0, 0, 0, 0, 0, 0, 0, 0, 69718938, 0, 0, 0, 0, 0
thread.instructions_by_core[11] = 0, 0, 0, 0, 0, 0, 0, 0, 0, 0, 0, 71337899, 0, 0, 0, 0
thread.instructions_by_core[12] = 0, 0, 0, 0, 0, 0, 0, 0, 0, 0, 0, 0, 61190026, 0, 0, 0
thread.instructions_by_core[13] = 0, 0, 0, 0, 0, 0, 0, 0, 0, 0, 0, 0, 0, 71765008, 0, 0
thread.instructions_by_core[14] = 0, 0, 0, 0, 0, 0, 0, 0, 0, 0, 0, 0, 0, 0, 70528552, 0
thread.instructions_by_core[15] = 0, 0, 0, 0, 0, 0, 0, 0, 0, 0, 0, 0, 0, 0, 0, 88131893
thread.instructions_by_core[1] = 0, 68827222, 0, 0, 0, 0, 0, 0, 0, 0, 0, 0, 0, 0, 0, 0
thread.instructions_by_core[2] = 0, 0, 82718625, 0, 0, 0, 0, 0, 0, 0, 0, 0, 0, 0, 0, 0
thread.instructions_by_core[3] = 0, 0, 0, 80701447, 0, 0, 0, 0, 0, 0, 0, 0, 0, 0, 0, 0
thread.instructions_by_core[4] = 0, 0, 0, 0, 72910263, 0, 0, 0, 0, 0, 0, 0, 0, 0, 0, 0
thread.instructions_by_core[5] = 0, 0, 0, 0, 0, 73349613, 0, 0, 0, 0, 0, 0, 0, 0, 0, 0
thread.instructions_by_core[6] = 0, 0, 0, 0, 0, 0, 71955153, 0, 0, 0, 0, 0, 0, 0, 0, 0
thread.instructions_by_core[7] = 0, 0, 0, 0, 0, 0, 0, 94875233, 0, 0, 0, 0, 0, 0, 0, 0
thread.instructions_by_core[8] = 0, 0, 0, 0, 0, 0, 0, 0, 81105489, 0, 0, 0, 0, 0, 0, 0
thread.instructions_by_core[9] = 0, 0, 0, 0, 0, 0, 0, 0, 0, 84633340, 0, 0, 0, 0, 0, 0
thread.nonidle_cycle_count = 31128973850, 47560773, 53266016, 52059464, 49498857, 46468584, 47409913, 66592430, 53457080, 52504564, 46240368, 48476346, 44114663, 50288274, 48311853, 57635361, 71626472
thread.nonidle_elapsed_time = 11702621748255678, 17879990042259, 20024818277643, 19571227197498, 18608592906891, 17469392849910, 17823275884719, 25034748308559, 20096646686739, 19738558022337, 17383597179147, 18224190392184, 16584459887457, 18905366296332, 18162351058257, 21667429226988, 26927245159326
thread.time_by_core[0] = 11702621748255678, 0, 0, 0, 0, 0, 0, 0, 0, 0, 0, 0, 0, 0, 0, 0, 26927245159326
thread.time_by_core[10] = 0, 0, 0, 0, 0, 0, 0, 0, 0, 0, 17383597179147, 0, 0, 0, 0, 0
thread.time_by_core[11] = 0, 0, 0, 0, 0, 0, 0, 0, 0, 0, 0, 18224190392184, 0, 0, 0, 0
thread.time_by_core[12] = 0, 0, 0, 0, 0, 0, 0, 0, 0, 0, 0, 0, 16584459887457, 0, 0, 0
thread.time_by_core[13] = 0, 0, 0, 0, 0, 0, 0, 0, 0, 0, 0, 0, 0, 18905366296332, 0, 0
thread.time_by_core[14] = 0, 0, 0, 0, 0, 0, 0, 0, 0, 0, 0, 0, 0, 0, 18162351058257, 0
thread.time_by_core[15] = 0, 0, 0, 0, 0, 0, 0, 0, 0, 0, 0, 0, 0, 0, 0, 21667429226988
thread.time_by_core[1] = 0, 17879990042259, 0, 0, 0, 0, 0, 0, 0, 0, 0, 0, 0, 0, 0, 0
thread.time_by_core[2] = 0, 0, 20024818277643, 0, 0, 0, 0, 0, 0, 0, 0, 0, 0, 0, 0, 0
thread.time_by_core[3] = 0, 0, 0, 19571227197498, 0, 0, 0, 0, 0, 0, 0, 0, 0, 0, 0, 0
thread.time_by_core[4] = 0, 0, 0, 0, 18608592906891, 0, 0, 0, 0, 0, 0, 0, 0, 0, 0, 0
thread.time_by_core[5] = 0, 0, 0, 0, 0, 17469392849910, 0, 0, 0, 0, 0, 0, 0, 0, 0, 0
thread.time_by_core[6] = 0, 0, 0, 0, 0, 0, 17823275884719, 0, 0, 0, 0, 0, 0, 0, 0, 0
thread.time_by_core[7] = 0, 0, 0, 0, 0, 0, 0, 25034748308559, 0, 0, 0, 0, 0, 0, 0, 0
thread.time_by_core[8] = 0, 0, 0, 0, 0, 0, 0, 0, 20096646686739, 0, 0, 0, 0, 0, 0, 0
thread.time_by_core[9] = 0, 0, 0, 0, 0, 0, 0, 0, 0, 19738558022337, 0, 0, 0, 0, 0, 0
thread.unscheduled_time = 28734225277299, 10642663751338, 8499306569781, 8951340884267, 9913750363352, 11054720721604, 10700556860362, 3489819775466, 8425742826261, 8783571340875, 11135319402591, 10282174952593, 11937751808656, 9600296042515, 10358256503883, 6853968185251, 1597937215805
time.walltime = 140817535475, 0, 0, 0, 0, 0, 0, 0, 0, 0, 0, 0, 0, 0, 0, 0
vmem = 2763685888
walltime = 140818.12412
