barrier.global_time = 72110800000000, 0, 0, 0, 0, 0, 0, 0, 0, 0, 0, 0, 0, 0, 0, 0
barrier.global_time_begin = 0, 0, 0, 0, 0, 0, 0, 0, 0, 0, 0, 0, 0, 0, 0, 0
barrier.global_time_end = 72110800000000, 0, 0, 0, 0, 0, 0, 0, 0, 0, 0, 0, 0, 0, 0, 0
branch_predictor.num-correct = 6639877, 24834244, 24389714, 24461340, 23255370, 25275542, 25157150, 24896270, 24269451, 25015311, 25403263, 24368964, 24231394, 24625309, 24338458, 24455381
branch_predictor.num-incorrect = 76869, 28096, 24665, 25224, 24462, 28670, 27398, 25804, 24368, 26382, 26279, 26586, 22830, 25913, 25769, 25623
core.instructions = 81025921, 256164347, 251556315, 252977131, 240914728, 260904926, 260701919, 257743112, 251092361, 259067359, 262709709, 251384632, 250935698, 254027432, 251365998, 252748268
core.spin_elapsed_time = 0, 0, 0, 0, 0, 0, 0, 0, 0, 0, 0, 0, 0, 0, 0, 0
core.spin_instructions = 0, 0, 0, 0, 0, 0, 0, 0, 0, 0, 0, 0, 0, 0, 0, 0
core.spin_loops = 0, 0, 0, 0, 0, 0, 0, 0, 0, 0, 0, 0, 0, 0, 0, 0
corefreq = 2660000000.0, 2660000000.0, 2660000000.0, 2660000000.0, 2660000000.0, 2660000000.0, 2660000000.0, 2660000000.0, 2660000000.0, 2660000000.0, 2660000000.0, 2660000000.0, 2660000000.0, 2660000000.0, 2660000000.0, 2660000000.0
directory.entries-allocated = 63408, 63408, 63440, 64112, 63440, 63472, 63456, 64128, 63280, 63344, 63328, 64144, 63408, 63376, 63376, 64080
directory.evict-E = 0, 0, 0, 0, 0, 0, 0, 0, 0, 0, 0, 0, 0, 0, 0, 0
directory.evict-M = 0, 0, 0, 0, 0, 0, 0, 0, 0, 0, 0, 0, 0, 0, 0, 0
directory.evict-O = 0, 0, 0, 0, 0, 0, 0, 0, 0, 0, 0, 0, 0, 0, 0, 0
directory.evict-S = 0, 0, 0, 0, 0, 0, 0, 0, 0, 0, 0, 0, 0, 0, 0, 0
directory.forward = 0, 0, 0, 0, 0, 0, 0, 0, 0, 0, 0, 0, 0, 0, 0, 0
directory.forward-failed = 0, 0, 0, 0, 0, 0, 0, 0, 0, 0, 0, 0, 0, 0, 0, 0
dram-queue.num-requests = 1079355, 0, 0, 0, 1079630, 0, 0, 0, 1066516, 0, 0, 0, 1076267, 0, 0, 0
dram-queue.num-requests-analytical = 0, 0, 0, 0, 0, 0, 0, 0, 0, 0, 0, 0, 0, 0, 0, 0
dram-queue.total-queue-delay = 2482874382574, 0, 0, 0, 2272780769148, 0, 0, 0, 2242701347875, 0, 0, 0, 2297305238510, 0, 0, 0
dram-queue.total-time-used = 9098181196980, 0, 0, 0, 9100499247880, 0, 0, 0, 8989957722416, 0, 0, 0, 9072151592692, 0, 0, 0
dram.reads = 591047, 0, 0, 0, 592050, 0, 0, 0, 584944, 0, 0, 0, 590236, 0, 0, 0
dram.total-access-latency = 60152030579554, 0, 0, 0, 59956630017028, 0, 0, 0, 59225879070291, 0, 0, 0, 59801471831202, 0, 0, 0
dram.total-queueing-delay = 2482874382574, 0, 0, 0, 2272780769148, 0, 0, 0, 2242701347875, 0, 0, 0, 2297305238510, 0, 0, 0
dram.writes = 488308, 0, 0, 0, 487580, 0, 0, 0, 481572, 0, 0, 0, 486031, 0, 0, 0
dtlb.access = 28682443, 71097805, 69786256, 70041690, 66586654, 72343484, 72051207, 71271936, 69477572, 71638365, 72739715, 69734475, 69357041, 70481223, 69660149, 70033259
dtlb.miss = 854282, 47936, 44386, 41665, 44158, 44345, 43369, 45656, 48118, 38495, 53119, 48363, 45912, 46973, 41634, 39814
dtlb_cache.access-mru-0 = 26333597, 66118152, 65985031, 66014727, 61879510, 67282270, 67631405, 66431726, 65302324, 66572863, 67841226, 65185569, 65347440, 66287065, 63536134, 64780123
dtlb_cache.access-mru-1 = 1364875, 4188270, 3201614, 3438610, 4100336, 4282879, 3712134, 4201828, 3504295, 4362040, 4236949, 3887882, 3417623, 3577463, 5099433, 4521159
dtlb_cache.access-mru-2 = 42004, 640821, 452904, 456115, 463585, 616010, 553785, 492698, 524983, 563666, 499794, 513307, 448156, 472656, 843369, 592998
dtlb_cache.access-mru-3 = 87685, 102626, 102321, 90573, 99065, 117980, 110514, 100028, 97852, 101301, 108627, 99354, 97910, 97066, 139579, 99165
fastforward_performance_model.fastforwarded_time = 0, 0, 0, 0, 0, 0, 0, 0, 0, 0, 0, 0, 0, 0, 0, 0
fastforward_timer.cpiBase = 0, 0, 0, 0, 0, 0, 0, 0, 0, 0, 0, 0, 0, 0, 0, 0
fastforward_timer.cpiBranchPredictor = 0, 0, 0, 0, 0, 0, 0, 0, 0, 0, 0, 0, 0, 0, 0, 0
fastforward_timer.cpiDataCachecache-remote = 0, 0, 0, 0, 0, 0, 0, 0, 0, 0, 0, 0, 0, 0, 0, 0
fastforward_timer.cpiDataCachedram = 0, 0, 0, 0, 0, 0, 0, 0, 0, 0, 0, 0, 0, 0, 0, 0
fastforward_timer.cpiDataCachedram-cache = 0, 0, 0, 0, 0, 0, 0, 0, 0, 0, 0, 0, 0, 0, 0, 0
fastforward_timer.cpiDataCachedram-local = 0, 0, 0, 0, 0, 0, 0, 0, 0, 0, 0, 0, 0, 0, 0, 0
fastforward_timer.cpiDataCachedram-remote = 0, 0, 0, 0, 0, 0, 0, 0, 0, 0, 0, 0, 0, 0, 0, 0
fastforward_timer.cpiDataCacheL1 = 0, 0, 0, 0, 0, 0, 0, 0, 0, 0, 0, 0, 0, 0, 0, 0
fastforward_timer.cpiDataCacheL1_S = 0, 0, 0, 0, 0, 0, 0, 0, 0, 0, 0, 0, 0, 0, 0, 0
fastforward_timer.cpiDataCacheL1I = 0, 0, 0, 0, 0, 0, 0, 0, 0, 0, 0, 0, 0, 0, 0, 0
fastforward_timer.cpiDataCacheL2 = 0, 0, 0, 0, 0, 0, 0, 0, 0, 0, 0, 0, 0, 0, 0, 0
fastforward_timer.cpiDataCacheL2_S = 0, 0, 0, 0, 0, 0, 0, 0, 0, 0, 0, 0, 0, 0, 0, 0
fastforward_timer.cpiDataCacheL3 = 0, 0, 0, 0, 0, 0, 0, 0, 0, 0, 0, 0, 0, 0, 0, 0
fastforward_timer.cpiDataCacheL3_S = 0, 0, 0, 0, 0, 0, 0, 0, 0, 0, 0, 0, 0, 0, 0, 0
fastforward_timer.cpiDataCacheL4 = 0, 0, 0, 0, 0, 0, 0, 0, 0, 0, 0, 0, 0, 0, 0, 0
fastforward_timer.cpiDataCacheL4_S = 0, 0, 0, 0, 0, 0, 0, 0, 0, 0, 0, 0, 0, 0, 0, 0
fastforward_timer.cpiDataCachemiss = 0, 0, 0, 0, 0, 0, 0, 0, 0, 0, 0, 0, 0, 0, 0, 0
fastforward_timer.cpiDataCachenuca-cache = 0, 0, 0, 0, 0, 0, 0, 0, 0, 0, 0, 0, 0, 0, 0, 0
fastforward_timer.cpiDataCachenuca-local = 0, 0, 0, 0, 0, 0, 0, 0, 0, 0, 0, 0, 0, 0, 0, 0
fastforward_timer.cpiDataCachenuca-remote = 0, 0, 0, 0, 0, 0, 0, 0, 0, 0, 0, 0, 0, 0, 0, 0
fastforward_timer.cpiDataCachepredicate-false = 0, 0, 0, 0, 0, 0, 0, 0, 0, 0, 0, 0, 0, 0, 0, 0
fastforward_timer.cpiDataCacheprefetch-no-mapping = 0, 0, 0, 0, 0, 0, 0, 0, 0, 0, 0, 0, 0, 0, 0, 0
fastforward_timer.cpiDataCacheunknown = 0, 0, 0, 0, 0, 0, 0, 0, 0, 0, 0, 0, 0, 0, 0, 0
fs_to_cycles = 2.66e-06
fs_to_cycles_cores = 2.66e-06, 2.66e-06, 2.66e-06, 2.66e-06, 2.66e-06, 2.66e-06, 2.66e-06, 2.66e-06, 2.66e-06, 2.66e-06, 2.66e-06, 2.66e-06, 2.66e-06, 2.66e-06, 2.66e-06, 2.66e-06
futex.futex_cmp_requeue_count = 0, 0, 0, 0, 0, 0, 0, 0, 0, 0, 0, 0, 0, 0, 0, 0
futex.futex_cmp_requeue_delay = 0, 0, 0, 0, 0, 0, 0, 0, 0, 0, 0, 0, 0, 0, 0, 0
futex.futex_cmp_requeue_pi_count = 0, 0, 0, 0, 0, 0, 0, 0, 0, 0, 0, 0, 0, 0, 0, 0
futex.futex_cmp_requeue_pi_delay = 0, 0, 0, 0, 0, 0, 0, 0, 0, 0, 0, 0, 0, 0, 0, 0
futex.futex_fd_count = 0, 0, 0, 0, 0, 0, 0, 0, 0, 0, 0, 0, 0, 0, 0, 0
futex.futex_fd_delay = 0, 0, 0, 0, 0, 0, 0, 0, 0, 0, 0, 0, 0, 0, 0, 0
futex.futex_lock_pi_count = 0, 0, 0, 0, 0, 0, 0, 0, 0, 0, 0, 0, 0, 0, 0, 0
futex.futex_lock_pi_delay = 0, 0, 0, 0, 0, 0, 0, 0, 0, 0, 0, 0, 0, 0, 0, 0
futex.futex_requeue_count = 0, 0, 0, 0, 0, 0, 0, 0, 0, 0, 0, 0, 0, 0, 0, 0
futex.futex_requeue_delay = 0, 0, 0, 0, 0, 0, 0, 0, 0, 0, 0, 0, 0, 0, 0, 0
futex.futex_trylock_pi_count = 0, 0, 0, 0, 0, 0, 0, 0, 0, 0, 0, 0, 0, 0, 0, 0
futex.futex_trylock_pi_delay = 0, 0, 0, 0, 0, 0, 0, 0, 0, 0, 0, 0, 0, 0, 0, 0
futex.futex_unlock_pi_count = 0, 0, 0, 0, 0, 0, 0, 0, 0, 0, 0, 0, 0, 0, 0, 0
futex.futex_unlock_pi_delay = 0, 0, 0, 0, 0, 0, 0, 0, 0, 0, 0, 0, 0, 0, 0, 0
futex.futex_wait_bitset_count = 1, 0, 0, 0, 0, 0, 0, 0, 0, 0, 0, 0, 0, 0, 0, 0
futex.futex_wait_bitset_delay = 0, 0, 0, 0, 0, 0, 0, 0, 0, 0, 0, 0, 0, 0, 0, 0
futex.futex_wait_count = 451, 23, 52, 57, 46, 50, 49, 57, 52, 54, 61, 56, 57, 52, 55, 56, 25, 46, 33
futex.futex_wait_delay = 51499471163535, 14031447255882, 2261508608134, 1988983669172, 4155758478278, 1696534708308, 1258028565517, 1412171065257, 2621694291918, 1690303915662, 870458766995, 2453436408285, 1993510380051, 2133489024627, 2788196581101, 2447756364014, 11879395977015, 51964247714745, 51972830514176
futex.futex_wait_requeue_pi_count = 0, 0, 0, 0, 0, 0, 0, 0, 0, 0, 0, 0, 0, 0, 0, 0
futex.futex_wait_requeue_pi_delay = 0, 0, 0, 0, 0, 0, 0, 0, 0, 0, 0, 0, 0, 0, 0, 0
futex.futex_wake_bitset_count = 0, 0, 0, 0, 0, 0, 0, 0, 0, 0, 0, 0, 0, 0, 0, 0
futex.futex_wake_bitset_delay = 0, 0, 0, 0, 0, 0, 0, 0, 0, 0, 0, 0, 0, 0, 0, 0
futex.futex_wake_count = 434, 24, 59, 64, 52, 56, 56, 61, 57, 62, 67, 60, 62, 59, 60, 61, 32, 47, 34
futex.futex_wake_delay = 2000000000, 1000000000, 6000000000, 7000000000, 6000000000, 5000000000, 6000000000, 4000000000, 6000000000, 5000000000, 5000000000, 3000000000, 5000000000, 5000000000, 5000000000, 5000000000, 4000000000, 1000000000, 1000000000
futex.futex_wake_op_count = 505, 20, 26, 26, 26, 32, 28, 36, 28, 30, 36, 33, 33, 29, 26, 31, 24, 4, 5
futex.futex_wake_op_delay = 494000000000, 20000000000, 26000000000, 24000000000, 26000000000, 31000000000, 28000000000, 36000000000, 27000000000, 30000000000, 36000000000, 33000000000, 33000000000, 29000000000, 25000000000, 31000000000, 24000000000, 4000000000, 5000000000
global.time = 72110800000000
global.time_begin = 0
global.time_end = 72110800000000
interval_timer.cpContr_branch = 1890584910030, 1509866609102, 1484916287144, 1476579884383, 1414463879427, 1508630695940, 1527737343047, 1501163195731, 1446475894613, 1503823370234, 1540495254643, 1465744909718, 1454228157466, 1498726055217, 1471962771407, 1476672364107
interval_timer.cpContr_fp_addsub = 3409104235107, 8090075983425, 8014435190128, 8011920302031, 7736390625473, 8334969015912, 8347945593201, 8227275532167, 8041225771032, 8307270079542, 8404995474384, 7980243955120, 8060690841667, 8054791474552, 8010676347574, 8012598516144
interval_timer.cpContr_fp_muldiv = 14160762137766, 11381981514420, 11411079718995, 11328613943788, 11047826383438, 11922841860114, 11912917997512, 11704086916394, 11442386292983, 11859021219398, 11975918971625, 11470589920065, 11423055829971, 11398032504909, 11421679710403, 11344291029156
interval_timer.cpContr_generic = 12706266722296, 32861811147964, 32439984538896, 32563262425937, 31230607669891, 33645000755378, 33732932692941, 33332985923883, 32445471166869, 33508360502691, 33968969759538, 32449560419106, 32458712858849, 32688018381037, 32389412756369, 32525966837834
interval_timer.cpContr_load_l1 = 6720152286275, 7066588501963, 6910722700469, 6975951994475, 6594791651504, 7161284097542, 7155208867377, 7024241607351, 6861214866377, 7082965273084, 7197440116213, 6883261465479, 6866527839421, 7012153918083, 6908398438305, 6948656789335
interval_timer.cpContr_load_l2 = 212742941, 0, 0, 31548326, 69875000, 59308383, 30088709, 0, 20338709, 0, 0, 0, 0, 21177418, 0, 0
interval_timer.cpContr_load_l3 = 0, 0, 0, 0, 0, 0, 0, 0, 0, 0, 0, 0, 0, 0, 0, 0
interval_timer.cpContr_load_other = 29645192, 3212662, 0, 0, 0, 0, 1353662, 3187021, 0, 0, 0, 0, 1353662, 3187021, 0, 0
interval_timer.cpContr_port0 = 1189204586, 98985576476, 96593267128, 102387070979, 92689895322, 100232607043, 101263934612, 101179818309, 100511100895, 97655765577, 101958519331, 98677919086, 98622332920, 100149879549, 98431953833, 97630539035
interval_timer.cpContr_port015 = 128839558637, 20067749622188, 19725871887573, 19933461225307, 18971689981271, 20396586655970, 20550682247730, 20246414010654, 19670931188659, 20354326124450, 20637270973048, 19664207606485, 19704416945012, 19926577494273, 19738703371897, 19891604613309
interval_timer.cpContr_port05 = 0, 0, 0, 0, 0, 0, 0, 0, 0, 0, 0, 0, 0, 0, 0, 0
interval_timer.cpContr_port1 = 20972061532, 333387672958, 319891837973, 330320739829, 311010331898, 335331020696, 338741188663, 335254416739, 321313633903, 340089786372, 338296345067, 325243648369, 326283057079, 326424989261, 323430789849, 329719434885
interval_timer.cpContr_port2 = 368262782803, 4594800451704, 4491108316021, 4394086756004, 4127638228338, 4618405429210, 4455310615040, 4449663468416, 4365805033540, 4414318183544, 4559661512978, 4475540074436, 4284469419288, 4534304881157, 4422505937587, 4418745867364
interval_timer.cpContr_port34 = 49841692102, 40282401918, 40028496623, 40275709194, 32859490403, 35676391904, 35391418164, 32544693542, 30121339704, 28804200111, 32359743278, 37822461528, 28315975174, 39244509310, 36719174124, 35206244647
interval_timer.cpContr_port5 = 587683624357, 80788004399, 76156026276, 79203342702, 73474080844, 76188048513, 79977961258, 80156637181, 76446399469, 76765475823, 79937487767, 77650107312, 78630427524, 80498837168, 74990366804, 76901271680
interval_timer.cpContr_store = 1802159291057, 7452520965646, 7291496584906, 7309814267458, 6921740805320, 7584077491804, 7499942108996, 7447531463199, 7263251074287, 7502022010316, 7610766048129, 7297434152462, 7260886718714, 7381020882977, 7283976529682, 7331328584999
interval_timer.cpiBase = 15752315151567, 35204903895384, 34724591822997, 34816332593106, 33314932978758, 36010385157699, 36017050932108, 35544618917100, 34635188641590, 35768156381829, 36283948449219, 34695476099325, 34627939033914, 35002065256056, 34679081399535, 34794822491343
interval_timer.cpiBranchPredictor = 1553627315862, 303581268792, 267936612507, 270585102762, 267808417308, 308780129223, 293948959734, 285415520373, 258784753491, 293480915679, 280700117496, 273756524166, 263679103332, 276368172399, 275954639499, 275304640968
interval_timer.cpiDataCachecache-remote = 112492226970, 181043575803, 422127241479, 447671920590, 485456797602, 469828637433, 435493752624, 455167016433, 419193413523, 506388329244, 479812449456, 483523343325, 434720822040, 506157502698, 454223785482, 368695407348
interval_timer.cpiDataCachedram = 0, 0, 0, 0, 0, 0, 0, 0, 0, 0, 0, 0, 0, 0, 0, 0
interval_timer.cpiDataCachedram-cache = 0, 0, 0, 0, 0, 0, 0, 0, 0, 0, 0, 0, 0, 0, 0, 0
interval_timer.cpiDataCachedram-local = 181602973035, 0, 0, 0, 837900361980, 0, 0, 0, 779550117912, 0, 0, 0, 913332898269, 0, 0, 0
interval_timer.cpiDataCachedram-remote = 568141949079, 5609648600361, 3633279006816, 3464298185706, 2622495952845, 2751976487286, 3400299082224, 3333640586256, 2296836538461, 3205970198100, 3323185722666, 3414664839231, 2504685316842, 3359823609789, 3550683328821, 3514608974259
interval_timer.cpiDataCacheL1 = 4436832078, 0, 0, 25563852, 12781926, 0, 0, 12781926, 115037334, 0, 25563852, 12781926, 12781926, 0, 0, 12781926
interval_timer.cpiDataCacheL1_S = 0, 0, 0, 0, 0, 0, 0, 0, 0, 0, 0, 0, 0, 0, 0, 0
interval_timer.cpiDataCacheL1I = 0, 0, 0, 0, 0, 0, 0, 0, 0, 0, 0, 0, 0, 0, 0, 0
interval_timer.cpiDataCacheL2 = 61684447059, 4419538884, 7749606546, 6505624395, 6011264610, 6015399939, 6139835748, 6836826654, 6772541085, 7032314934, 6693593895, 4761267435, 6927427953, 6799232754, 6726300588, 6459007959
interval_timer.cpiDataCacheL2_S = 0, 0, 0, 0, 0, 0, 0, 0, 0, 0, 0, 0, 0, 0, 0, 0
interval_timer.cpiDataCacheL3 = 0, 0, 0, 0, 0, 0, 0, 0, 0, 0, 0, 0, 0, 0, 0, 0
interval_timer.cpiDataCacheL3_S = 0, 0, 0, 0, 0, 0, 0, 0, 0, 0, 0, 0, 0, 0, 0, 0
interval_timer.cpiDataCacheL4 = 0, 0, 0, 0, 0, 0, 0, 0, 0, 0, 0, 0, 0, 0, 0, 0
interval_timer.cpiDataCacheL4_S = 0, 0, 0, 0, 0, 0, 0, 0, 0, 0, 0, 0, 0, 0, 0, 0
interval_timer.cpiDataCachemiss = 0, 0, 0, 0, 0, 0, 0, 0, 0, 0, 0, 0, 0, 0, 0, 0
interval_timer.cpiDataCachenuca-cache = 0, 0, 0, 0, 0, 0, 0, 0, 0, 0, 0, 0, 0, 0, 0, 0
interval_timer.cpiDataCachenuca-local = 89866338255, 624885805800, 662830456887, 637324123554, 655714683495, 713595003813, 661112039718, 686820252294, 645146662266, 701726233644, 643227869610, 668181196674, 637451942814, 663712409781, 642943659726, 636805703673
interval_timer.cpiDataCachenuca-remote = 798437293272, 9313796244006, 9492309374400, 9890182159416, 9235111835367, 9637169573331, 9540531445869, 9923424565491, 10024112307861, 9557086671612, 9829938686544, 9778796696862, 10395349062849, 9865459282959, 9474807158316, 9840913097832
interval_timer.cpiDataCachepredicate-false = 0, 0, 0, 0, 0, 0, 0, 0, 0, 0, 0, 0, 0, 0, 0, 0
interval_timer.cpiDataCacheprefetch-no-mapping = 0, 0, 0, 0, 0, 0, 0, 0, 0, 0, 0, 0, 0, 0, 0, 0
interval_timer.cpiDataCacheunknown = 0, 0, 0, 0, 0, 0, 0, 0, 0, 0, 0, 0, 0, 0, 0, 0
interval_timer.cpiInstructionCachecache-remote = 233458119, 20730404277, 28933017318, 25267988007, 26298812745, 33417969588, 24321749544, 27944673687, 27971741295, 27327005910, 34881124176, 34076990655, 22388295267, 30773990601, 20357472789, 27625877415
interval_timer.cpiInstructionCachedram = 0, 0, 0, 0, 0, 0, 0, 0, 0, 0, 0, 0, 0, 0, 0, 0
interval_timer.cpiInstructionCachedram-cache = 0, 0, 0, 0, 0, 0, 0, 0, 0, 0, 0, 0, 0, 0, 0, 0
interval_timer.cpiInstructionCachedram-local = 29432640249, 0, 0, 0, 433833606, 0, 0, 0, 359397684, 0, 0, 0, 81954702, 0, 0, 0
interval_timer.cpiInstructionCachedram-remote = 100827967617, 15942821112, 2345483421, 1246613724, 811652301, 2840595084, 2448866646, 1890973170, 639472239, 1464282405, 373683366, 3616909119, 155638746, 3969915840, 2037965319, 2145483873
interval_timer.cpiInstructionCacheL1 = 0, 0, 0, 0, 0, 0, 0, 0, 0, 0, 0, 0, 0, 0, 0, 0
interval_timer.cpiInstructionCacheL1_S = 0, 0, 0, 0, 0, 0, 0, 0, 0, 0, 0, 0, 0, 0, 0, 0
interval_timer.cpiInstructionCacheL1I = 0, 0, 0, 0, 0, 0, 0, 0, 0, 0, 0, 0, 0, 0, 0, 0
interval_timer.cpiInstructionCacheL2 = 0, 0, 0, 0, 0, 0, 0, 0, 0, 0, 0, 0, 0, 0, 0, 0
interval_timer.cpiInstructionCacheL2_S = 0, 0, 0, 0, 0, 0, 0, 0, 0, 0, 0, 0, 0, 0, 0, 0
interval_timer.cpiInstructionCacheL3 = 0, 0, 0, 0, 0, 0, 0, 0, 0, 0, 0, 0, 0, 0, 0, 0
interval_timer.cpiInstructionCacheL3_S = 0, 0, 0, 0, 0, 0, 0, 0, 0, 0, 0, 0, 0, 0, 0, 0
interval_timer.cpiInstructionCacheL4 = 0, 0, 0, 0, 0, 0, 0, 0, 0, 0, 0, 0, 0, 0, 0, 0
interval_timer.cpiInstructionCacheL4_S = 0, 0, 0, 0, 0, 0, 0, 0, 0, 0, 0, 0, 0, 0, 0, 0
interval_timer.cpiInstructionCachemiss = 0, 0, 0, 0, 0, 0, 0, 0, 0, 0, 0, 0, 0, 0, 0, 0
interval_timer.cpiInstructionCachenuca-cache = 0, 0, 0, 0, 0, 0, 0, 0, 0, 0, 0, 0, 0, 0, 0, 0
interval_timer.cpiInstructionCachenuca-local = 6063144192, 35922851145, 35811197262, 46299519423, 67133306925, 40781486781, 22566490353, 22283784225, 23034158469, 24758966601, 27363096054, 27801440928, 18737927577, 28937152647, 24532275384, 30225495600
interval_timer.cpiInstructionCachenuca-remote = 666274058127, 478665835506, 509911253613, 487562431941, 450171163062, 481734249624, 523883402487, 509519149236, 508455241866, 492314300901, 518943188088, 500143230576, 548518309218, 523719493083, 516090187017, 512812750815
interval_timer.cpiInstructionCachepredicate-false = 0, 0, 0, 0, 0, 0, 0, 0, 0, 0, 0, 0, 0, 0, 0, 0
interval_timer.cpiInstructionCacheprefetch-no-mapping = 0, 0, 0, 0, 0, 0, 0, 0, 0, 0, 0, 0, 0, 0, 0, 0
interval_timer.cpiInstructionCacheunknown = 0, 0, 0, 0, 0, 0, 0, 0, 0, 0, 0, 0, 0, 0, 0, 0
interval_timer.cpiLongLatency = 0, 0, 0, 0, 0, 0, 0, 0, 0, 0, 0, 0, 0, 0, 0, 0
interval_timer.cpiSerialization = 121804236, 0, 0, 0, 0, 0, 0, 0, 0, 0, 0, 0, 0, 0, 0, 0
interval_timer.detailed-cpiBase-BranchMispredict = 0, 0, 0, 0, 0, 0, 0, 0, 0, 0, 0, 0, 0, 0, 0, 0
interval_timer.detailed-cpiBase-DispatchRate = 39296237, 70455889, 69612686, 69799613, 66931155, 72204275, 72319366, 71303678, 69484686, 71774498, 72811826, 69584128, 69497166, 70141962, 69520469, 69722681
interval_timer.detailed-cpiBase-DispatchRate+BranchMispredict = 0, 0, 0, 0, 0, 0, 0, 0, 0, 0, 0, 0, 0, 0, 0, 0
interval_timer.detailed-cpiBase-DispatchRate+ICacheMiss = 0, 0, 0, 0, 0, 0, 0, 0, 0, 0, 0, 0, 0, 0, 0, 0
interval_timer.detailed-cpiBase-DispatchRate+ICacheMiss+BranchMispredict = 0, 0, 0, 0, 0, 0, 0, 0, 0, 0, 0, 0, 0, 0, 0, 0
interval_timer.detailed-cpiBase-DispatchWidth = 55108, 66301, 65227, 65634, 62563, 68442, 67374, 66286, 64525, 67975, 67335, 64087, 65574, 65624, 65566, 65004
interval_timer.detailed-cpiBase-DispatchWidth+BranchMispredict = 0, 0, 0, 0, 0, 0, 0, 0, 0, 0, 0, 0, 0, 0, 0, 0
interval_timer.detailed-cpiBase-DispatchWidth+DispatchRate = 2549908, 23123066, 22689710, 22746407, 21624204, 23515124, 23418832, 23178936, 22580599, 23301038, 23636360, 22641960, 22547786, 22898118, 22660530, 22766752
interval_timer.detailed-cpiBase-DispatchWidth+DispatchRate+BranchMispredict = 0, 0, 0, 0, 0, 0, 0, 0, 0, 0, 0, 0, 0, 0, 0, 0
interval_timer.detailed-cpiBase-DispatchWidth+DispatchRate+ICacheMiss = 0, 0, 0, 0, 0, 0, 0, 0, 0, 0, 0, 0, 0, 0, 0, 0
interval_timer.detailed-cpiBase-DispatchWidth+DispatchRate+ICacheMiss+BranchMispredict = 0, 0, 0, 0, 0, 0, 0, 0, 0, 0, 0, 0, 0, 0, 0, 0
interval_timer.detailed-cpiBase-DispatchWidth+ICacheMiss = 0, 0, 0, 0, 0, 0, 0, 0, 0, 0, 0, 0, 0, 0, 0, 0
interval_timer.detailed-cpiBase-DispatchWidth+ICacheMiss+BranchMispredict = 0, 0, 0, 0, 0, 0, 0, 0, 0, 0, 0, 0, 0, 0, 0, 0
interval_timer.detailed-cpiBase-ICacheMiss = 0, 0, 0, 0, 0, 0, 0, 0, 0, 0, 0, 0, 0, 0, 0, 0
interval_timer.detailed-cpiBase-ICacheMiss+BranchMispredict = 0, 0, 0, 0, 0, 0, 0, 0, 0, 0, 0, 0, 0, 0, 0, 0
interval_timer.detailed-cpiBase-NoReason = 0, 0, 0, 0, 0, 0, 0, 0, 0, 0, 0, 0, 0, 0, 0, 0
interval_timer.detailed-cpiBase-WindowEmpty = 0, 0, 0, 0, 0, 0, 0, 0, 0, 0, 0, 0, 0, 0, 0, 0
interval_timer.detailed-cpiBase-WindowEmpty+BranchMispredict = 0, 0, 0, 0, 0, 0, 0, 0, 0, 0, 0, 0, 0, 0, 0, 0
interval_timer.detailed-cpiBase-WindowEmpty+DispatchRate = 0, 0, 0, 0, 0, 0, 0, 0, 0, 0, 0, 0, 0, 0, 0, 0
interval_timer.detailed-cpiBase-WindowEmpty+DispatchRate+BranchMispredict = 0, 0, 0, 0, 0, 0, 0, 0, 0, 0, 0, 0, 0, 0, 0, 0
interval_timer.detailed-cpiBase-WindowEmpty+DispatchRate+ICacheMiss = 0, 0, 0, 0, 0, 0, 0, 0, 0, 0, 0, 0, 0, 0, 0, 0
interval_timer.detailed-cpiBase-WindowEmpty+DispatchRate+ICacheMiss+BranchMispredict = 0, 0, 0, 0, 0, 0, 0, 0, 0, 0, 0, 0, 0, 0, 0, 0
interval_timer.detailed-cpiBase-WindowEmpty+DispatchWidth = 0, 0, 0, 0, 0, 0, 0, 0, 0, 0, 0, 0, 0, 0, 0, 0
interval_timer.detailed-cpiBase-WindowEmpty+DispatchWidth+BranchMispredict = 0, 0, 0, 0, 0, 0, 0, 0, 0, 0, 0, 0, 0, 0, 0, 0
interval_timer.detailed-cpiBase-WindowEmpty+DispatchWidth+DispatchRate = 0, 0, 0, 0, 0, 0, 0, 0, 0, 0, 0, 0, 0, 0, 0, 0
interval_timer.detailed-cpiBase-WindowEmpty+DispatchWidth+DispatchRate+BranchMispredict = 0, 0, 0, 0, 0, 0, 0, 0, 0, 0, 0, 0, 0, 0, 0, 0
interval_timer.detailed-cpiBase-WindowEmpty+DispatchWidth+DispatchRate+ICacheMiss = 0, 0, 0, 0, 0, 0, 0, 0, 0, 0, 0, 0, 0, 0, 0, 0
interval_timer.detailed-cpiBase-WindowEmpty+DispatchWidth+DispatchRate+ICacheMiss+BranchMispredict = 0, 0, 0, 0, 0, 0, 0, 0, 0, 0, 0, 0, 0, 0, 0, 0
interval_timer.detailed-cpiBase-WindowEmpty+DispatchWidth+ICacheMiss = 0, 0, 0, 0, 0, 0, 0, 0, 0, 0, 0, 0, 0, 0, 0, 0
interval_timer.detailed-cpiBase-WindowEmpty+DispatchWidth+ICacheMiss+BranchMispredict = 0, 0, 0, 0, 0, 0, 0, 0, 0, 0, 0, 0, 0, 0, 0, 0
interval_timer.detailed-cpiBase-WindowEmpty+ICacheMiss = 0, 0, 0, 0, 0, 0, 0, 0, 0, 0, 0, 0, 0, 0, 0, 0
interval_timer.detailed-cpiBase-WindowEmpty+ICacheMiss+BranchMispredict = 0, 0, 0, 0, 0, 0, 0, 0, 0, 0, 0, 0, 0, 0, 0, 0
interval_timer.loadstore_contention.no-free-slots = 0, 0, 0, 0, 0, 0, 0, 0, 0, 0, 0, 0, 0, 0, 0, 0
interval_timer.loadstore_contention.num-barriers = 0, 0, 0, 0, 0, 0, 0, 0, 0, 0, 0, 0, 0, 0, 0, 0
interval_timer.loadstore_contention.num-requests = 17771725, 45227743, 44434589, 44737102, 42452742, 46080229, 45993691, 45440727, 44260477, 45722835, 46358585, 44363295, 44203462, 44873646, 44435692, 44730971
interval_timer.loadstore_contention.requests-out-of-order = 14444847, 19113921, 18711554, 18930269, 17924402, 19411906, 19430979, 19185580, 18667977, 19297961, 19548332, 18672753, 18653290, 18903058, 18733332, 18895748
interval_timer.loadstore_contention.requests-simultaneous = 1136128, 11966703, 11809130, 11777104, 11181422, 12234042, 12104007, 11978567, 11686601, 12061109, 12257424, 11779388, 11648535, 11909674, 11783440, 11817540
interval_timer.loadstore_contention.total-barrier-delay = 0, 0, 0, 0, 0, 0, 0, 0, 0, 0, 0, 0, 0, 0, 0, 0
interval_timer.loadstore_contention.total-delay = 80433652806, 1710349518060, 1679828534406, 1645665453720, 1548449132076, 1749595294026, 1676420647371, 1672115018004, 1645007560470, 1681168756941, 1720963779786, 1679001844545, 1626451587369, 1697349547440, 1668968032635, 1656973322901
interval_timer.numBPredOverlapped = 390245, 5814370, 5685622, 5657122, 5416662, 5899486, 5819662, 5799505, 5644383, 5822616, 5924689, 5722582, 5665767, 5742549, 5620651, 5644264
interval_timer.numDCacheOverlapped = 1093387, 9115351, 8909096, 8875322, 8553819, 9234534, 9199262, 9127916, 8913384, 9138922, 9307319, 8938270, 8901980, 8996131, 8844752, 8854624
interval_timer.numHiddenLongerDCacheLatency = 7323, 325646, 337627, 310511, 319231, 311874, 332965, 330157, 328158, 300679, 339915, 329701, 314854, 330333, 311699, 303162
interval_timer.numICacheOverlapped = 7498725, 68559302, 67388150, 66987693, 64431255, 69758349, 69278159, 68831780, 67149582, 68940775, 70234764, 67520755, 67183699, 67957525, 66791653, 66800488
interval_timer.numLongLatencyLoads = 59360, 544860, 535632, 532452, 512185, 554345, 550708, 547109, 533609, 547991, 558252, 536549, 534025, 540114, 530922, 530948
interval_timer.numMfenceInsns = 0, 0, 0, 0, 0, 0, 0, 0, 0, 0, 0, 0, 0, 0, 0, 0
interval_timer.numSerializationInsns = 152, 0, 0, 0, 0, 0, 0, 0, 0, 0, 0, 0, 0, 0, 0, 0
interval_timer.numTotalLongLatencyLoadLatency = 4832332, 41851986, 37820752, 38426467, 36821675, 36119118, 37355997, 38319786, 37696878, 37182106, 37992557, 38170927, 39614087, 38309279, 37584247, 38217623
interval_timer.outstandingLongLatencyCycles = 4972708, 51959878, 46632102, 46633470, 45141088, 43883624, 45871532, 46831586, 46180455, 45253452, 46777718, 46691641, 48041384, 46796712, 46144767, 46532056
interval_timer.outstandingLongLatencyInsns = 6021135, 84887153, 76850187, 75972453, 74973378, 71578022, 74955936, 77502989, 77524582, 72378602, 76997488, 77340110, 79313498, 78431188, 74801138, 75417519
interval_timer.totalHiddenDCacheLatency = 7089291, 85818843, 80683564, 79109912, 78164173, 78800280, 80657568, 81866201, 81497913, 78120395, 82529997, 80905375, 81376228, 82097949, 78679854, 78692607
interval_timer.totalHiddenLongerDCacheLatency = 210191, 15787379, 10510225, 10022491, 10103439, 9154909, 9773949, 10388527, 10741917, 9263112, 10446976, 10470825, 10535125, 10827021, 10194693, 10055989
interval_timer.totalMfenceLatency = 0, 0, 0, 0, 0, 0, 0, 0, 0, 0, 0, 0, 0, 0, 0, 0
interval_timer.totalSerializationLatency = 324, 0, 0, 0, 0, 0, 0, 0, 0, 0, 0, 0, 0, 0, 0, 0
interval_timer.uop_branch = 11383715, 28499730, 27980398, 28081434, 26687726, 28988118, 28876364, 28574468, 27845645, 28694857, 29147530, 27964236, 27807411, 28264427, 27919364, 28063499
interval_timer.uop_fp_addsub = 5131958, 8783422, 8641905, 8677766, 8333236, 9011742, 9011316, 8904644, 8689913, 9001723, 9075554, 8635771, 8700979, 8694104, 8668079, 8691982
interval_timer.uop_fp_muldiv = 7319185, 10681152, 10512239, 10575677, 10146089, 10943848, 10979295, 10854212, 10580874, 10941519, 11042665, 10515646, 10608163, 10594178, 10538640, 10573671
interval_timer.uop_generic = 35092328, 166295925, 163279461, 164418886, 156580550, 169341240, 169462393, 167479023, 163083232, 168319079, 170666752, 163175368, 163031738, 164935394, 163205462, 164214101
interval_timer.uop_load = 18865144, 54343111, 53343702, 53612465, 51006580, 55314782, 55192972, 54568662, 53173880, 54861776, 55665923, 53301584, 53105461, 53869796, 53280463, 53585614
interval_timer.uop_store = 9187623, 13523681, 13269608, 13228255, 12522655, 13732864, 13548941, 13435441, 13121673, 13487712, 13747386, 13260364, 13066620, 13408920, 13202381, 13251571
interval_timer.uops_pause = 0, 0, 0, 0, 0, 0, 0, 0, 0, 0, 0, 0, 0, 0, 0, 0
interval_timer.uops_total = 86979953, 282127021, 277027313, 278594483, 265276836, 287332594, 287071281, 283816450, 276495217, 285306666, 289345810, 276852969, 276320372, 279766819, 276814389, 278380438
interval_timer.uops_x87 = 0, 0, 0, 0, 0, 0, 0, 0, 0, 0, 0, 0, 0, 0, 0, 0
ipc = 1.27562297918
itlb.access = 11891034, 28837142, 28321307, 28484910, 27104001, 29348713, 29332076, 29008273, 28248946, 29126177, 29558020, 28311876, 28238060, 28614147, 28284858, 28445183
itlb.miss = 444, 94, 95, 89, 88, 89, 90, 88, 89, 89, 90, 88, 89, 90, 89, 90
itlb_cache.access-mru-0 = 11858043, 28821620, 28306718, 28470148, 27090158, 29333931, 29317116, 28993615, 28234727, 29111516, 29543020, 28297583, 28223833, 28599537, 28270564, 28430625
itlb_cache.access-mru-1 = 30935, 13858, 12919, 13088, 12287, 13139, 13292, 13023, 12623, 13030, 13310, 12678, 12644, 12952, 12686, 12913
itlb_cache.access-mru-2 = 1434, 1310, 1298, 1319, 1220, 1290, 1335, 1255, 1305, 1245, 1303, 1232, 1209, 1273, 1262, 1271
itlb_cache.access-mru-3 = 178, 260, 277, 266, 248, 264, 243, 292, 202, 297, 297, 295, 285, 295, 257, 284
L1-D.access-mru-0 = 27549288, 67784100, 66534422, 66771131, 63453260, 68987626, 68671619, 67942949, 66242935, 68276039, 69307980, 66455297, 66067796, 67152541, 66431430, 66764203
L1-D.access-mru-1 = 218927, 1366674, 1319520, 1362686, 1282260, 1384488, 1394467, 1374167, 1320935, 1417900, 1420245, 1352757, 1373192, 1372819, 1325878, 1362588
L1-D.access-mru-2 = 14876, 417915, 404726, 420329, 390827, 429288, 426255, 414440, 396323, 434994, 428292, 400412, 416552, 416546, 411513, 424251
L1-D.access-mru-3 = 15643, 62255, 62037, 61710, 61265, 64733, 65675, 60361, 63905, 61627, 64450, 61586, 61242, 63257, 63614, 62393
L1-D.backinval-D = 0, 0, 0, 0, 0, 0, 0, 0, 0, 0, 0, 0, 0, 0, 0, 0
L1-D.backinval-E = 46801, 732569, 634944, 577181, 555693, 574111, 612755, 615968, 611295, 542412, 618124, 625578, 611881, 583618, 566508, 601340
L1-D.backinval-I = 0, 0, 0, 0, 0, 0, 0, 0, 0, 0, 0, 0, 0, 0, 0, 0
L1-D.backinval-M = 809726, 435443, 426410, 427794, 403825, 439665, 437118, 432076, 420558, 433502, 442366, 425793, 420300, 431319, 424347, 427392
L1-D.backinval-O = 0, 0, 0, 0, 0, 0, 0, 0, 0, 0, 0, 0, 0, 0, 0, 0
L1-D.backinval-S = 1174, 82518, 190866, 205475, 232733, 241669, 219637, 211550, 207025, 249614, 233801, 200389, 190849, 246000, 223135, 176298
L1-D.backinval-u = 0, 0, 0, 0, 0, 0, 0, 0, 0, 0, 0, 0, 0, 0, 0, 0
L1-D.coherency-downgrades = 4169, 21065, 47271, 46824, 53030, 53639, 51980, 55078, 59093, 53738, 60057, 49168, 46361, 60955, 51553, 43387
L1-D.coherency-invalidates = 3489, 513, 663, 629, 609, 611, 634, 604, 568, 626, 628, 589, 614, 602, 552, 607
L1-D.coherency-upgrades = 0, 0, 0, 0, 0, 0, 0, 0, 0, 0, 0, 0, 0, 0, 0, 0
L1-D.coherency-writebacks = 1506, 94, 629, 637, 593, 946, 702, 779, 798, 501, 918, 541, 355, 902, 532, 558
L1-D.evict-D = 0, 0, 0, 0, 0, 0, 0, 0, 0, 0, 0, 0, 0, 0, 0, 0
L1-D.evict-E = 0, 0, 0, 0, 0, 0, 0, 0, 0, 0, 0, 0, 0, 0, 0, 0
L1-D.evict-I = 0, 0, 0, 0, 0, 0, 0, 0, 0, 0, 0, 0, 0, 0, 0, 0
L1-D.evict-M = 0, 0, 0, 0, 0, 0, 0, 0, 0, 0, 0, 0, 0, 0, 0, 0
L1-D.evict-O = 0, 0, 0, 0, 0, 0, 0, 0, 0, 0, 0, 0, 0, 0, 0, 0
L1-D.evict-prefetch = 0, 0, 0, 0, 0, 0, 0, 0, 0, 0, 0, 0, 0, 0, 0, 0
L1-D.evict-S = 0, 0, 0, 0, 0, 0, 0, 0, 0, 0, 0, 0, 0, 0, 0, 0
L1-D.evict-u = 0, 0, 0, 0, 0, 0, 0, 0, 0, 0, 0, 0, 0, 0, 0, 0
L1-D.evict-warmup = 0, 0, 0, 0, 0, 0, 0, 0, 0, 0, 0, 0, 0, 0, 0, 0
L1-D.hits-prefetch = 0, 0, 0, 0, 0, 0, 0, 0, 0, 0, 0, 0, 0, 0, 0, 0
L1-D.hits-warmup = 0, 0, 0, 0, 0, 0, 0, 0, 0, 0, 0, 0, 0, 0, 0, 0
L1-D.invalidate-prefetch = 0, 0, 0, 0, 0, 0, 0, 0, 0, 0, 0, 0, 0, 0, 0, 0
L1-D.invalidate-warmup = 0, 0, 0, 0, 0, 0, 0, 0, 0, 0, 0, 0, 0, 0, 0, 0
L1-D.load-misses = 71555, 1031614, 1038861, 997711, 994846, 1036968, 1055593, 1047390, 1032435, 1014020, 1075654, 1038247, 1017841, 1043998, 1003096, 992053
L1-D.load-misses-D = 0, 0, 0, 0, 0, 0, 0, 0, 0, 0, 0, 0, 0, 0, 0, 0
L1-D.load-misses-E = 422, 540, 487, 484, 414, 444, 453, 446, 480, 456, 450, 418, 470, 428, 443, 437
L1-D.load-misses-I = 70269, 1030971, 1038164, 997032, 994288, 1036348, 1054990, 1046765, 1031810, 1013383, 1075056, 1037662, 1017232, 1043390, 1002509, 991450
L1-D.load-misses-M = 0, 0, 0, 0, 0, 0, 0, 0, 0, 0, 0, 0, 0, 0, 0, 0
L1-D.load-misses-O = 0, 0, 0, 0, 0, 0, 0, 0, 0, 0, 0, 0, 0, 0, 0, 0
L1-D.load-misses-S = 864, 103, 210, 195, 144, 176, 150, 179, 145, 181, 148, 167, 139, 180, 144, 166
L1-D.load-misses-u = 0, 0, 0, 0, 0, 0, 0, 0, 0, 0, 0, 0, 0, 0, 0, 0
L1-D.load-overlapping-misses = 0, 0, 0, 0, 0, 0, 0, 0, 0, 0, 0, 0, 0, 0, 0, 0
L1-D.loads = 19494775, 57572011, 56514393, 56810699, 54062308, 58609493, 58500744, 57835349, 56355401, 58150596, 58991676, 56472361, 56290366, 57070222, 56456076, 56780023
L1-D.loads-D = 0, 0, 0, 0, 0, 0, 0, 0, 0, 0, 0, 0, 0, 0, 0, 0
L1-D.loads-E = 9624512, 27792572, 22517408, 21252616, 19174561, 21677511, 22016944, 21772736, 22618136, 20935412, 21331969, 21745698, 21696459, 20762773, 20829613, 24231992
L1-D.loads-I = 70269, 1030971, 1038164, 997032, 994288, 1036348, 1054990, 1046765, 1031810, 1013383, 1075056, 1037662, 1017232, 1043390, 1002509, 991450
L1-D.loads-M = 9736031, 22055675, 21809346, 21960696, 20862981, 22308578, 22645925, 22274481, 21592293, 22306718, 22857882, 21807494, 21542796, 22112302, 21779190, 22127528
L1-D.loads-O = 0, 0, 0, 0, 0, 0, 0, 0, 0, 0, 0, 0, 0, 0, 0, 0
L1-D.loads-prefetch = 0, 0, 0, 0, 0, 0, 0, 0, 0, 0, 0, 0, 0, 0, 0, 0
L1-D.loads-S = 63963, 6692793, 11149475, 12600355, 13030478, 13587056, 12782885, 12741367, 11113162, 13895083, 13726769, 11881507, 12033879, 13151757, 12844764, 9429053
L1-D.loads-u = 0, 0, 0, 0, 0, 0, 0, 0, 0, 0, 0, 0, 0, 0, 0, 0
L1-D.loads-where-cache-remote = 4408, 20345, 49840, 50097, 54391, 55859, 51905, 53873, 50364, 57405, 55922, 52491, 48567, 58872, 51732, 41296
L1-D.loads-where-dram = 0, 0, 0, 0, 0, 0, 0, 0, 0, 0, 0, 0, 0, 0, 0, 0
L1-D.loads-where-dram-cache = 0, 0, 0, 0, 0, 0, 0, 0, 0, 0, 0, 0, 0, 0, 0, 0
L1-D.loads-where-dram-local = 3109, 0, 0, 0, 18677, 0, 0, 0, 17425, 0, 0, 0, 17771, 0, 0, 0
L1-D.loads-where-dram-remote = 9101, 142272, 79116, 74246, 55705, 59247, 71991, 73278, 53029, 67533, 72638, 74189, 54030, 73514, 77319, 77633
L1-D.loads-where-L1 = 19423220, 56540397, 55475532, 55812988, 53067462, 57572525, 57445151, 56787959, 55322966, 57136576, 57916022, 55434114, 55272525, 56026224, 55452980, 55787970
L1-D.loads-where-L1_S = 0, 0, 0, 0, 0, 0, 0, 0, 0, 0, 0, 0, 0, 0, 0, 0
L1-D.loads-where-L1I = 0, 0, 0, 0, 0, 0, 0, 0, 0, 0, 0, 0, 0, 0, 0, 0
L1-D.loads-where-L2 = 3003, 889, 935, 908, 815, 796, 840, 816, 896, 828, 845, 752, 851, 776, 820, 786
L1-D.loads-where-L2_S = 0, 0, 0, 0, 0, 0, 0, 0, 0, 0, 0, 0, 0, 0, 0, 0
L1-D.loads-where-L3 = 0, 0, 0, 0, 0, 0, 0, 0, 0, 0, 0, 0, 0, 0, 0, 0
L1-D.loads-where-L3_S = 0, 0, 0, 0, 0, 0, 0, 0, 0, 0, 0, 0, 0, 0, 0, 0
L1-D.loads-where-L4 = 0, 0, 0, 0, 0, 0, 0, 0, 0, 0, 0, 0, 0, 0, 0, 0
L1-D.loads-where-L4_S = 0, 0, 0, 0, 0, 0, 0, 0, 0, 0, 0, 0, 0, 0, 0, 0
L1-D.loads-where-miss = 0, 0, 0, 0, 0, 0, 0, 0, 0, 0, 0, 0, 0, 0, 0, 0
L1-D.loads-where-nuca-cache = 0, 0, 0, 0, 0, 0, 0, 0, 0, 0, 0, 0, 0, 0, 0, 0
L1-D.loads-where-nuca-local = 4738, 51431, 56339, 53777, 57960, 60049, 57748, 61229, 56940, 56138, 57479, 56438, 55501, 55540, 52754, 53371
L1-D.loads-where-nuca-remote = 47196, 816677, 852631, 818683, 807298, 861017, 873109, 858194, 853781, 832116, 888770, 854377, 841121, 855296, 820471, 818967
L1-D.loads-where-predicate-false = 0, 0, 0, 0, 0, 0, 0, 0, 0, 0, 0, 0, 0, 0, 0, 0
L1-D.loads-where-prefetch-no-mapping = 0, 0, 0, 0, 0, 0, 0, 0, 0, 0, 0, 0, 0, 0, 0, 0
L1-D.loads-where-unknown = 0, 0, 0, 0, 0, 0, 0, 0, 0, 0, 0, 0, 0, 0, 0, 0
L1-D.mshr-latency = 0, 0, 0, 0, 0, 0, 0, 0, 0, 0, 0, 0, 0, 0, 0, 0
L1-D.next_read.no-free-slots = 0, 0, 0, 0, 0, 0, 0, 0, 0, 0, 0, 0, 0, 0, 0, 0
L1-D.next_read.num-barriers = 0, 0, 0, 0, 0, 0, 0, 0, 0, 0, 0, 0, 0, 0, 0, 0
L1-D.next_read.num-requests = 0, 0, 0, 0, 0, 0, 0, 0, 0, 0, 0, 0, 0, 0, 0, 0
L1-D.next_read.requests-out-of-order = 0, 0, 0, 0, 0, 0, 0, 0, 0, 0, 0, 0, 0, 0, 0, 0
L1-D.next_read.requests-simultaneous = 0, 0, 0, 0, 0, 0, 0, 0, 0, 0, 0, 0, 0, 0, 0, 0
L1-D.next_read.total-barrier-delay = 0, 0, 0, 0, 0, 0, 0, 0, 0, 0, 0, 0, 0, 0, 0, 0
L1-D.next_read.total-delay = 0, 0, 0, 0, 0, 0, 0, 0, 0, 0, 0, 0, 0, 0, 0, 0
L1-D.prefetches = 0, 0, 0, 0, 0, 0, 0, 0, 0, 0, 0, 0, 0, 0, 0, 0
L1-D.qbs-query-latency = 0, 0, 0, 0, 0, 0, 0, 0, 0, 0, 0, 0, 0, 0, 0, 0
L1-D.snoop-latency = 0, 0, 0, 0, 0, 0, 0, 0, 0, 0, 0, 0, 0, 0, 0, 0
L1-D.store-misses = 812154, 435247, 426690, 428123, 404196, 440381, 437598, 432629, 421039, 433785, 443094, 426176, 420418, 432062, 424618, 427771
L1-D.store-misses-D = 0, 0, 0, 0, 0, 0, 0, 0, 0, 0, 0, 0, 0, 0, 0, 0
L1-D.store-misses-E = 15602, 214610, 210829, 212941, 204522, 219247, 221254, 217928, 212117, 220000, 221783, 210450, 213144, 212514, 211527, 212550
L1-D.store-misses-I = 792686, 220417, 215567, 214916, 199402, 220882, 216081, 214456, 208665, 213510, 221021, 215464, 207007, 219287, 212807, 214988
L1-D.store-misses-M = 0, 0, 0, 0, 0, 0, 0, 0, 0, 0, 0, 0, 0, 0, 0, 0
L1-D.store-misses-O = 0, 0, 0, 0, 0, 0, 0, 0, 0, 0, 0, 0, 0, 0, 0, 0
L1-D.store-misses-S = 3866, 220, 294, 266, 272, 252, 263, 245, 257, 275, 290, 262, 267, 261, 284, 233
L1-D.store-misses-u = 0, 0, 0, 0, 0, 0, 0, 0, 0, 0, 0, 0, 0, 0, 0, 0
L1-D.store-overlapping-misses = 0, 0, 0, 0, 0, 0, 0, 0, 0, 0, 0, 0, 0, 0, 0, 0
L1-D.stores = 9187668, 13525794, 13271863, 13230991, 12524346, 13733991, 13550463, 13436587, 13122171, 13487769, 13748039, 13262114, 13066675, 13411001, 13204073, 13253236
L1-D.stores-D = 0, 0, 0, 0, 0, 0, 0, 0, 0, 0, 0, 0, 0, 0, 0, 0
L1-D.stores-E = 15602, 214610, 210829, 212941, 204522, 219247, 221254, 217928, 212117, 220000, 221783, 210450, 213144, 212514, 211527, 212550
L1-D.stores-I = 792686, 220417, 215567, 214916, 199402, 220882, 216081, 214456, 208665, 213510, 221021, 215464, 207007, 219287, 212807, 214988
L1-D.stores-M = 8375514, 13090547, 12845173, 12802868, 12120150, 13293610, 13112865, 13003958, 12701132, 13053984, 13304945, 12835938, 12646257, 12978939, 12779455, 12825465
L1-D.stores-O = 0, 0, 0, 0, 0, 0, 0, 0, 0, 0, 0, 0, 0, 0, 0, 0
L1-D.stores-prefetch = 0, 0, 0, 0, 0, 0, 0, 0, 0, 0, 0, 0, 0, 0, 0, 0
L1-D.stores-S = 3866, 220, 294, 266, 272, 252, 263, 245, 257, 275, 290, 262, 267, 261, 284, 233
L1-D.stores-u = 0, 0, 0, 0, 0, 0, 0, 0, 0, 0, 0, 0, 0, 0, 0, 0
L1-D.stores-where-cache-remote = 0, 0, 0, 0, 0, 0, 0, 0, 0, 0, 0, 0, 0, 0, 0, 0
L1-D.stores-where-dram = 0, 0, 0, 0, 0, 0, 0, 0, 0, 0, 0, 0, 0, 0, 0, 0
L1-D.stores-where-dram-cache = 0, 0, 0, 0, 0, 0, 0, 0, 0, 0, 0, 0, 0, 0, 0, 0
L1-D.stores-where-dram-local = 0, 0, 0, 0, 0, 0, 0, 0, 0, 0, 0, 0, 0, 0, 0, 0
L1-D.stores-where-dram-remote = 0, 0, 0, 0, 0, 0, 0, 0, 0, 0, 0, 0, 0, 0, 0, 0
L1-D.stores-where-L1 = 8375514, 13090547, 12845173, 12802868, 12120150, 13293610, 13112865, 13003958, 12701132, 13053984, 13304945, 12835938, 12646257, 12978939, 12779455, 12825465
L1-D.stores-where-L1_S = 0, 0, 0, 0, 0, 0, 0, 0, 0, 0, 0, 0, 0, 0, 0, 0
L1-D.stores-where-L1I = 0, 0, 0, 0, 0, 0, 0, 0, 0, 0, 0, 0, 0, 0, 0, 0
L1-D.stores-where-L2 = 812154, 435247, 426690, 428123, 404196, 440381, 437598, 432629, 421039, 433785, 443094, 426176, 420418, 432062, 424618, 427771
L1-D.stores-where-L2_S = 0, 0, 0, 0, 0, 0, 0, 0, 0, 0, 0, 0, 0, 0, 0, 0
L1-D.stores-where-L3 = 0, 0, 0, 0, 0, 0, 0, 0, 0, 0, 0, 0, 0, 0, 0, 0
L1-D.stores-where-L3_S = 0, 0, 0, 0, 0, 0, 0, 0, 0, 0, 0, 0, 0, 0, 0, 0
L1-D.stores-where-L4 = 0, 0, 0, 0, 0, 0, 0, 0, 0, 0, 0, 0, 0, 0, 0, 0
L1-D.stores-where-L4_S = 0, 0, 0, 0, 0, 0, 0, 0, 0, 0, 0, 0, 0, 0, 0, 0
L1-D.stores-where-miss = 0, 0, 0, 0, 0, 0, 0, 0, 0, 0, 0, 0, 0, 0, 0, 0
L1-D.stores-where-nuca-cache = 0, 0, 0, 0, 0, 0, 0, 0, 0, 0, 0, 0, 0, 0, 0, 0
L1-D.stores-where-nuca-local = 0, 0, 0, 0, 0, 0, 0, 0, 0, 0, 0, 0, 0, 0, 0, 0
L1-D.stores-where-nuca-remote = 0, 0, 0, 0, 0, 0, 0, 0, 0, 0, 0, 0, 0, 0, 0, 0
L1-D.stores-where-predicate-false = 0, 0, 0, 0, 0, 0, 0, 0, 0, 0, 0, 0, 0, 0, 0, 0
L1-D.stores-where-prefetch-no-mapping = 0, 0, 0, 0, 0, 0, 0, 0, 0, 0, 0, 0, 0, 0, 0, 0
L1-D.stores-where-unknown = 0, 0, 0, 0, 0, 0, 0, 0, 0, 0, 0, 0, 0, 0, 0, 0
L1-D.total-latency = 20220041256095, 44566598346810, 37155225462967, 36941145201283, 35926392286101, 35222811880986, 36072126156050, 37562242132901, 36488118474787, 35081844801434, 37052238543405, 37806136286686, 38105819517017, 38097683323605, 36107107508948, 37346754435247
L1-I.access-mru-0 = 11685523, 27733275, 27239963, 27392501, 26056734, 28223615, 28198831, 27890526, 27160689, 28000050, 28420349, 27232213, 27146863, 27524847, 27200586, 27355235
L1-I.access-mru-1 = 143374, 1003160, 984080, 994771, 955249, 1025716, 1033539, 1019492, 992474, 1028318, 1036571, 983703, 995587, 990945, 988288, 993184
L1-I.access-mru-2 = 13238, 3795, 2950, 3145, 2885, 3172, 3019, 3146, 2907, 3131, 3253, 3046, 3036, 3048, 2903, 3136
L1-I.access-mru-3 = 865, 225, 146, 150, 145, 144, 159, 204, 120, 165, 201, 184, 138, 131, 190, 218
L1-I.backinval-D = 0, 0, 0, 0, 0, 0, 0, 0, 0, 0, 0, 0, 0, 0, 0, 0
L1-I.backinval-E = 45657, 27857, 14107, 9686, 5990, 6465, 10093, 8619, 12225, 6496, 8088, 10822, 12799, 7375, 8482, 13975
L1-I.backinval-I = 0, 0, 0, 0, 0, 0, 0, 0, 0, 0, 0, 0, 0, 0, 0, 0
L1-I.backinval-M = 0, 0, 0, 0, 0, 0, 0, 0, 0, 0, 0, 0, 0, 0, 0, 0
L1-I.backinval-O = 0, 0, 0, 0, 0, 0, 0, 0, 0, 0, 0, 0, 0, 0, 0, 0
L1-I.backinval-S = 2124, 68669, 79874, 84489, 82832, 89423, 86261, 86121, 80358, 87847, 89388, 81733, 79469, 87624, 84230, 79263
L1-I.backinval-u = 0, 0, 0, 0, 0, 0, 0, 0, 0, 0, 0, 0, 0, 0, 0, 0
L1-I.coherency-downgrades = 272, 4574, 3333, 3172, 2882, 3804, 4761, 4074, 5258, 3024, 4489, 3919, 3579, 4391, 3992, 4532
L1-I.coherency-invalidates = 0, 0, 0, 0, 0, 0, 0, 0, 0, 0, 0, 0, 0, 0, 0, 0
L1-I.coherency-upgrades = 0, 0, 0, 0, 0, 0, 0, 0, 0, 0, 0, 0, 0, 0, 0, 0
L1-I.coherency-writebacks = 0, 0, 0, 0, 0, 0, 0, 0, 0, 0, 0, 0, 0, 0, 0, 0
L1-I.evict-D = 0, 0, 0, 0, 0, 0, 0, 0, 0, 0, 0, 0, 0, 0, 0, 0
L1-I.evict-E = 0, 0, 0, 0, 0, 0, 0, 0, 0, 0, 0, 0, 0, 0, 0, 0
L1-I.evict-I = 0, 0, 0, 0, 0, 0, 0, 0, 0, 0, 0, 0, 0, 0, 0, 0
L1-I.evict-M = 0, 0, 0, 0, 0, 0, 0, 0, 0, 0, 0, 0, 0, 0, 0, 0
L1-I.evict-O = 0, 0, 0, 0, 0, 0, 0, 0, 0, 0, 0, 0, 0, 0, 0, 0
L1-I.evict-prefetch = 0, 0, 0, 0, 0, 0, 0, 0, 0, 0, 0, 0, 0, 0, 0, 0
L1-I.evict-S = 0, 0, 0, 0, 0, 0, 0, 0, 0, 0, 0, 0, 0, 0, 0, 0
L1-I.evict-u = 0, 0, 0, 0, 0, 0, 0, 0, 0, 0, 0, 0, 0, 0, 0, 0
L1-I.evict-warmup = 0, 0, 0, 0, 0, 0, 0, 0, 0, 0, 0, 0, 0, 0, 0, 0
L1-I.hits-prefetch = 0, 0, 0, 0, 0, 0, 0, 0, 0, 0, 0, 0, 0, 0, 0, 0
L1-I.hits-warmup = 0, 0, 0, 0, 0, 0, 0, 0, 0, 0, 0, 0, 0, 0, 0, 0
L1-I.invalidate-prefetch = 0, 0, 0, 0, 0, 0, 0, 0, 0, 0, 0, 0, 0, 0, 0, 0
L1-I.invalidate-warmup = 0, 0, 0, 0, 0, 0, 0, 0, 0, 0, 0, 0, 0, 0, 0, 0
L1-I.load-misses = 48034, 96687, 94168, 94343, 88988, 96066, 96528, 94905, 92756, 94513, 97646, 92730, 92436, 95176, 92891, 93410
L1-I.load-misses-D = 0, 0, 0, 0, 0, 0, 0, 0, 0, 0, 0, 0, 0, 0, 0, 0
L1-I.load-misses-E = 0, 0, 0, 0, 0, 0, 0, 0, 0, 0, 0, 0, 0, 0, 0, 0
L1-I.load-misses-I = 48034, 96687, 94168, 94343, 88988, 96066, 96528, 94905, 92756, 94513, 97646, 92730, 92436, 95176, 92891, 93410
L1-I.load-misses-M = 0, 0, 0, 0, 0, 0, 0, 0, 0, 0, 0, 0, 0, 0, 0, 0
L1-I.load-misses-O = 0, 0, 0, 0, 0, 0, 0, 0, 0, 0, 0, 0, 0, 0, 0, 0
L1-I.load-misses-S = 0, 0, 0, 0, 0, 0, 0, 0, 0, 0, 0, 0, 0, 0, 0, 0
L1-I.load-misses-u = 0, 0, 0, 0, 0, 0, 0, 0, 0, 0, 0, 0, 0, 0, 0, 0
L1-I.load-overlapping-misses = 0, 0, 0, 0, 0, 0, 0, 0, 0, 0, 0, 0, 0, 0, 0, 0
L1-I.loads = 11891034, 28837142, 28321307, 28484910, 27104001, 29348713, 29332076, 29008273, 28248946, 29126177, 29558020, 28311876, 28238060, 28614147, 28284858, 28445183
L1-I.loads-D = 0, 0, 0, 0, 0, 0, 0, 0, 0, 0, 0, 0, 0, 0, 0, 0
L1-I.loads-E = 11726161, 13624855, 6085812, 3622058, 1561332, 2534270, 4033829, 3278454, 6059531, 1846594, 2418837, 4286019, 4349735, 2580450, 2963590, 7993125
L1-I.loads-I = 48034, 96687, 94168, 94343, 88988, 96066, 96528, 94905, 92756, 94513, 97646, 92730, 92436, 95176, 92891, 93410
L1-I.loads-M = 0, 0, 0, 0, 0, 0, 0, 0, 0, 0, 0, 0, 0, 0, 0, 0
L1-I.loads-O = 0, 0, 0, 0, 0, 0, 0, 0, 0, 0, 0, 0, 0, 0, 0, 0
L1-I.loads-prefetch = 0, 0, 0, 0, 0, 0, 0, 0, 0, 0, 0, 0, 0, 0, 0, 0
L1-I.loads-S = 116839, 15115600, 22141327, 24768509, 25453681, 26718377, 25201719, 25634914, 22096659, 27185070, 27041537, 23933127, 23795889, 25938521, 25228377, 20358648
L1-I.loads-u = 0, 0, 0, 0, 0, 0, 0, 0, 0, 0, 0, 0, 0, 0, 0, 0
L1-I.loads-where-cache-remote = 36, 3419, 4557, 3778, 3605, 4626, 3832, 4157, 3731, 3787, 4907, 5056, 2964, 4329, 3172, 4099
L1-I.loads-where-dram = 0, 0, 0, 0, 0, 0, 0, 0, 0, 0, 0, 0, 0, 0, 0, 0
L1-I.loads-where-dram-cache = 0, 0, 0, 0, 0, 0, 0, 0, 0, 0, 0, 0, 0, 0, 0, 0
L1-I.loads-where-dram-local = 1071, 0, 0, 0, 17, 0, 0, 0, 17, 0, 0, 0, 3, 0, 0, 0
L1-I.loads-where-dram-remote = 3239, 594, 147, 81, 39, 134, 81, 101, 35, 66, 31, 148, 13, 231, 94, 117
L1-I.loads-where-L1 = 0, 0, 0, 0, 0, 0, 0, 0, 0, 0, 0, 0, 0, 0, 0, 0
L1-I.loads-where-L1_S = 0, 0, 0, 0, 0, 0, 0, 0, 0, 0, 0, 0, 0, 0, 0, 0
L1-I.loads-where-L1I = 11843000, 28740455, 28227139, 28390567, 27015013, 29252647, 29235548, 28913368, 28156190, 29031664, 29460374, 28219146, 28145624, 28518971, 28191967, 28351773
L1-I.loads-where-L2 = 0, 0, 0, 0, 0, 0, 0, 0, 0, 0, 0, 0, 0, 0, 0, 0
L1-I.loads-where-L2_S = 0, 0, 0, 0, 0, 0, 0, 0, 0, 0, 0, 0, 0, 0, 0, 0
L1-I.loads-where-L3 = 0, 0, 0, 0, 0, 0, 0, 0, 0, 0, 0, 0, 0, 0, 0, 0
L1-I.loads-where-L3_S = 0, 0, 0, 0, 0, 0, 0, 0, 0, 0, 0, 0, 0, 0, 0, 0
L1-I.loads-where-L4 = 0, 0, 0, 0, 0, 0, 0, 0, 0, 0, 0, 0, 0, 0, 0, 0
L1-I.loads-where-L4_S = 0, 0, 0, 0, 0, 0, 0, 0, 0, 0, 0, 0, 0, 0, 0, 0
L1-I.loads-where-miss = 0, 0, 0, 0, 0, 0, 0, 0, 0, 0, 0, 0, 0, 0, 0, 0
L1-I.loads-where-nuca-cache = 0, 0, 0, 0, 0, 0, 0, 0, 0, 0, 0, 0, 0, 0, 0, 0
L1-I.loads-where-nuca-local = 766, 5577, 6628, 9072, 9252, 5233, 4464, 4174, 4311, 4851, 5222, 5660, 5387, 6712, 4271, 4451
L1-I.loads-where-nuca-remote = 42922, 87097, 82836, 81412, 76075, 86073, 88151, 86473, 84662, 85809, 87486, 81866, 84069, 83904, 85354, 84743
L1-I.loads-where-predicate-false = 0, 0, 0, 0, 0, 0, 0, 0, 0, 0, 0, 0, 0, 0, 0, 0
L1-I.loads-where-prefetch-no-mapping = 0, 0, 0, 0, 0, 0, 0, 0, 0, 0, 0, 0, 0, 0, 0, 0
L1-I.loads-where-unknown = 0, 0, 0, 0, 0, 0, 0, 0, 0, 0, 0, 0, 0, 0, 0, 0
L1-I.mshr-latency = 0, 0, 0, 0, 0, 0, 0, 0, 0, 0, 0, 0, 0, 0, 0, 0
L1-I.next_read.no-free-slots = 0, 0, 0, 0, 0, 0, 0, 0, 0, 0, 0, 0, 0, 0, 0, 0
L1-I.next_read.num-barriers = 0, 0, 0, 0, 0, 0, 0, 0, 0, 0, 0, 0, 0, 0, 0, 0
L1-I.next_read.num-requests = 0, 0, 0, 0, 0, 0, 0, 0, 0, 0, 0, 0, 0, 0, 0, 0
L1-I.next_read.requests-out-of-order = 0, 0, 0, 0, 0, 0, 0, 0, 0, 0, 0, 0, 0, 0, 0, 0
L1-I.next_read.requests-simultaneous = 0, 0, 0, 0, 0, 0, 0, 0, 0, 0, 0, 0, 0, 0, 0, 0
L1-I.next_read.total-barrier-delay = 0, 0, 0, 0, 0, 0, 0, 0, 0, 0, 0, 0, 0, 0, 0, 0
L1-I.next_read.total-delay = 0, 0, 0, 0, 0, 0, 0, 0, 0, 0, 0, 0, 0, 0, 0, 0
L1-I.prefetches = 0, 0, 0, 0, 0, 0, 0, 0, 0, 0, 0, 0, 0, 0, 0, 0
L1-I.qbs-query-latency = 0, 0, 0, 0, 0, 0, 0, 0, 0, 0, 0, 0, 0, 0, 0, 0
L1-I.snoop-latency = 0, 0, 0, 0, 0, 0, 0, 0, 0, 0, 0, 0, 0, 0, 0, 0
L1-I.store-misses = 0, 0, 0, 0, 0, 0, 0, 0, 0, 0, 0, 0, 0, 0, 0, 0
L1-I.store-misses-D = 0, 0, 0, 0, 0, 0, 0, 0, 0, 0, 0, 0, 0, 0, 0, 0
L1-I.store-misses-E = 0, 0, 0, 0, 0, 0, 0, 0, 0, 0, 0, 0, 0, 0, 0, 0
L1-I.store-misses-I = 0, 0, 0, 0, 0, 0, 0, 0, 0, 0, 0, 0, 0, 0, 0, 0
L1-I.store-misses-M = 0, 0, 0, 0, 0, 0, 0, 0, 0, 0, 0, 0, 0, 0, 0, 0
L1-I.store-misses-O = 0, 0, 0, 0, 0, 0, 0, 0, 0, 0, 0, 0, 0, 0, 0, 0
L1-I.store-misses-S = 0, 0, 0, 0, 0, 0, 0, 0, 0, 0, 0, 0, 0, 0, 0, 0
L1-I.store-misses-u = 0, 0, 0, 0, 0, 0, 0, 0, 0, 0, 0, 0, 0, 0, 0, 0
L1-I.store-overlapping-misses = 0, 0, 0, 0, 0, 0, 0, 0, 0, 0, 0, 0, 0, 0, 0, 0
L1-I.stores = 0, 0, 0, 0, 0, 0, 0, 0, 0, 0, 0, 0, 0, 0, 0, 0
L1-I.stores-D = 0, 0, 0, 0, 0, 0, 0, 0, 0, 0, 0, 0, 0, 0, 0, 0
L1-I.stores-E = 0, 0, 0, 0, 0, 0, 0, 0, 0, 0, 0, 0, 0, 0, 0, 0
L1-I.stores-I = 0, 0, 0, 0, 0, 0, 0, 0, 0, 0, 0, 0, 0, 0, 0, 0
L1-I.stores-M = 0, 0, 0, 0, 0, 0, 0, 0, 0, 0, 0, 0, 0, 0, 0, 0
L1-I.stores-O = 0, 0, 0, 0, 0, 0, 0, 0, 0, 0, 0, 0, 0, 0, 0, 0
L1-I.stores-prefetch = 0, 0, 0, 0, 0, 0, 0, 0, 0, 0, 0, 0, 0, 0, 0, 0
L1-I.stores-S = 0, 0, 0, 0, 0, 0, 0, 0, 0, 0, 0, 0, 0, 0, 0, 0
L1-I.stores-u = 0, 0, 0, 0, 0, 0, 0, 0, 0, 0, 0, 0, 0, 0, 0, 0
L1-I.stores-where-cache-remote = 0, 0, 0, 0, 0, 0, 0, 0, 0, 0, 0, 0, 0, 0, 0, 0
L1-I.stores-where-dram = 0, 0, 0, 0, 0, 0, 0, 0, 0, 0, 0, 0, 0, 0, 0, 0
L1-I.stores-where-dram-cache = 0, 0, 0, 0, 0, 0, 0, 0, 0, 0, 0, 0, 0, 0, 0, 0
L1-I.stores-where-dram-local = 0, 0, 0, 0, 0, 0, 0, 0, 0, 0, 0, 0, 0, 0, 0, 0
L1-I.stores-where-dram-remote = 0, 0, 0, 0, 0, 0, 0, 0, 0, 0, 0, 0, 0, 0, 0, 0
L1-I.stores-where-L1 = 0, 0, 0, 0, 0, 0, 0, 0, 0, 0, 0, 0, 0, 0, 0, 0
L1-I.stores-where-L1_S = 0, 0, 0, 0, 0, 0, 0, 0, 0, 0, 0, 0, 0, 0, 0, 0
L1-I.stores-where-L1I = 0, 0, 0, 0, 0, 0, 0, 0, 0, 0, 0, 0, 0, 0, 0, 0
L1-I.stores-where-L2 = 0, 0, 0, 0, 0, 0, 0, 0, 0, 0, 0, 0, 0, 0, 0, 0
L1-I.stores-where-L2_S = 0, 0, 0, 0, 0, 0, 0, 0, 0, 0, 0, 0, 0, 0, 0, 0
L1-I.stores-where-L3 = 0, 0, 0, 0, 0, 0, 0, 0, 0, 0, 0, 0, 0, 0, 0, 0
L1-I.stores-where-L3_S = 0, 0, 0, 0, 0, 0, 0, 0, 0, 0, 0, 0, 0, 0, 0, 0
L1-I.stores-where-L4 = 0, 0, 0, 0, 0, 0, 0, 0, 0, 0, 0, 0, 0, 0, 0, 0
L1-I.stores-where-L4_S = 0, 0, 0, 0, 0, 0, 0, 0, 0, 0, 0, 0, 0, 0, 0, 0
L1-I.stores-where-miss = 0, 0, 0, 0, 0, 0, 0, 0, 0, 0, 0, 0, 0, 0, 0, 0
L1-I.stores-where-nuca-cache = 0, 0, 0, 0, 0, 0, 0, 0, 0, 0, 0, 0, 0, 0, 0, 0
L1-I.stores-where-nuca-local = 0, 0, 0, 0, 0, 0, 0, 0, 0, 0, 0, 0, 0, 0, 0, 0
L1-I.stores-where-nuca-remote = 0, 0, 0, 0, 0, 0, 0, 0, 0, 0, 0, 0, 0, 0, 0, 0
L1-I.stores-where-predicate-false = 0, 0, 0, 0, 0, 0, 0, 0, 0, 0, 0, 0, 0, 0, 0, 0
L1-I.stores-where-prefetch-no-mapping = 0, 0, 0, 0, 0, 0, 0, 0, 0, 0, 0, 0, 0, 0, 0, 0
L1-I.stores-where-unknown = 0, 0, 0, 0, 0, 0, 0, 0, 0, 0, 0, 0, 0, 0, 0, 0
L1-I.total-latency = 1307463529470, 2968477701304, 2853802798131, 2937538608595, 2761121354799, 2935829695851, 2921468753506, 2933208497746, 2987057382983, 2900208275632, 3001573593626, 2902850291322, 3010358357127, 3039737961326, 2991804180447, 3038039592241
l1misslat = 25497219.5766
L2.access-mru-0 = 0, 0, 0, 0, 0, 0, 0, 0, 0, 0, 0, 0, 0, 0, 0, 0
L2.access-mru-1 = 1, 0, 0, 0, 0, 0, 0, 0, 0, 0, 0, 0, 0, 0, 0, 0
L2.access-mru-2 = 0, 0, 0, 0, 0, 0, 0, 0, 0, 0, 0, 0, 0, 0, 0, 0
L2.access-mru-3 = 0, 0, 0, 0, 0, 0, 0, 0, 0, 0, 0, 0, 0, 0, 0, 0
L2.backinval-D = 0, 0, 0, 0, 0, 0, 0, 0, 0, 0, 0, 0, 0, 0, 0, 0
L2.backinval-E = 0, 0, 0, 0, 0, 0, 0, 0, 0, 0, 0, 0, 0, 0, 0, 0
L2.backinval-I = 0, 0, 0, 0, 0, 0, 0, 0, 0, 0, 0, 0, 0, 0, 0, 0
L2.backinval-M = 0, 0, 0, 0, 0, 0, 0, 0, 0, 0, 0, 0, 0, 0, 0, 0
L2.backinval-O = 0, 0, 0, 0, 0, 0, 0, 0, 0, 0, 0, 0, 0, 0, 0, 0
L2.backinval-S = 0, 0, 0, 0, 0, 0, 0, 0, 0, 0, 0, 0, 0, 0, 0, 0
L2.backinval-u = 0, 0, 0, 0, 0, 0, 0, 0, 0, 0, 0, 0, 0, 0, 0, 0
L2.coherency-downgrades = 4439, 25639, 50604, 49996, 55912, 57443, 56741, 59152, 64351, 56762, 64546, 53087, 49940, 65346, 55545, 47919
L2.coherency-invalidates = 3504, 513, 664, 629, 611, 613, 636, 606, 576, 629, 631, 590, 615, 603, 553, 610
L2.coherency-upgrades = 4715, 323, 503, 461, 414, 426, 411, 422, 394, 453, 435, 428, 405, 440, 427, 396
L2.coherency-writebacks = 1506, 94, 629, 637, 593, 946, 702, 779, 798, 501, 918, 541, 355, 902, 532, 558
L2.evict-D = 0, 0, 0, 0, 0, 0, 0, 0, 0, 0, 0, 0, 0, 0, 0, 0
L2.evict-E = 92458, 760426, 649051, 586867, 561683, 580576, 622848, 624587, 623520, 548908, 626212, 636400, 624680, 590993, 574990, 615315
L2.evict-I = 0, 0, 0, 0, 0, 0, 0, 0, 0, 0, 0, 0, 0, 0, 0, 0
L2.evict-M = 809726, 435443, 426410, 427794, 403825, 439665, 437118, 432076, 420558, 433502, 442366, 425793, 420300, 431319, 424347, 427392
L2.evict-O = 0, 0, 0, 0, 0, 0, 0, 0, 0, 0, 0, 0, 0, 0, 0, 0
L2.evict-prefetch = 0, 0, 0, 0, 0, 0, 0, 0, 0, 0, 0, 0, 0, 0, 0, 0
L2.evict-S = 3297, 151187, 270740, 289964, 315565, 331092, 305898, 297671, 287383, 337461, 323189, 282122, 270318, 333624, 307365, 255561
L2.evict-u = 0, 0, 0, 0, 0, 0, 0, 0, 0, 0, 0, 0, 0, 0, 0, 0
L2.evict-warmup = 0, 0, 0, 0, 0, 0, 0, 0, 0, 0, 0, 0, 0, 0, 0, 0
L2.hits-prefetch = 0, 0, 0, 0, 0, 0, 0, 0, 0, 0, 0, 0, 0, 0, 0, 0
L2.hits-warmup = 0, 0, 0, 0, 0, 0, 0, 0, 0, 0, 0, 0, 0, 0, 0, 0
L2.invalidate-prefetch = 0, 0, 0, 0, 0, 0, 0, 0, 0, 0, 0, 0, 0, 0, 0, 0
L2.invalidate-warmup = 0, 0, 0, 0, 0, 0, 0, 0, 0, 0, 0, 0, 0, 0, 0, 0
L2.load-misses = 119588, 1128301, 1133029, 1092054, 1083834, 1133034, 1152121, 1142295, 1125191, 1108533, 1173300, 1130977, 1110277, 1139174, 1095987, 1085463
L2.load-misses-D = 0, 0, 0, 0, 0, 0, 0, 0, 0, 0, 0, 0, 0, 0, 0, 0
L2.load-misses-E = 422, 540, 487, 484, 414, 444, 453, 446, 480, 456, 450, 418, 470, 428, 443, 437
L2.load-misses-I = 118302, 1127658, 1132332, 1091375, 1083276, 1132414, 1151518, 1141670, 1124566, 1107896, 1172702, 1130392, 1109668, 1138566, 1095400, 1084860
L2.load-misses-M = 0, 0, 0, 0, 0, 0, 0, 0, 0, 0, 0, 0, 0, 0, 0, 0
L2.load-misses-O = 0, 0, 0, 0, 0, 0, 0, 0, 0, 0, 0, 0, 0, 0, 0, 0
L2.load-misses-S = 864, 103, 210, 195, 144, 176, 150, 179, 145, 181, 148, 167, 139, 180, 144, 166
L2.load-misses-u = 0, 0, 0, 0, 0, 0, 0, 0, 0, 0, 0, 0, 0, 0, 0, 0
L2.load-overlapping-misses = 910, 285, 339, 365, 286, 348, 329, 367, 349, 373, 318, 347, 296, 341, 331, 314
L2.loads = 119589, 1128301, 1133029, 1092054, 1083834, 1133034, 1152121, 1142295, 1125191, 1108533, 1173300, 1130977, 1110277, 1139174, 1095987, 1085463
L2.loads-D = 0, 0, 0, 0, 0, 0, 0, 0, 0, 0, 0, 0, 0, 0, 0, 0
L2.loads-E = 423, 540, 487, 484, 414, 444, 453, 446, 480, 456, 450, 418, 470, 428, 443, 437
L2.loads-I = 118302, 1127658, 1132332, 1091375, 1083276, 1132414, 1151518, 1141670, 1124566, 1107896, 1172702, 1130392, 1109668, 1138566, 1095400, 1084860
L2.loads-M = 0, 0, 0, 0, 0, 0, 0, 0, 0, 0, 0, 0, 0, 0, 0, 0
L2.loads-O = 0, 0, 0, 0, 0, 0, 0, 0, 0, 0, 0, 0, 0, 0, 0, 0
L2.loads-prefetch = 0, 0, 0, 0, 0, 0, 0, 0, 0, 0, 0, 0, 0, 0, 0, 0
L2.loads-S = 864, 103, 210, 195, 144, 176, 150, 179, 145, 181, 148, 167, 139, 180, 144, 166
L2.loads-u = 0, 0, 0, 0, 0, 0, 0, 0, 0, 0, 0, 0, 0, 0, 0, 0
L2.mshr-latency = 0, 0, 0, 0, 0, 0, 0, 0, 0, 0, 0, 0, 0, 0, 0, 0
L2.next_read.no-free-slots = 0, 0, 0, 0, 0, 0, 0, 0, 0, 0, 0, 0, 0, 0, 0, 0
L2.next_read.num-barriers = 0, 0, 0, 0, 0, 0, 0, 0, 0, 0, 0, 0, 0, 0, 0, 0
L2.next_read.num-requests = 0, 0, 0, 0, 0, 0, 0, 0, 0, 0, 0, 0, 0, 0, 0, 0
L2.next_read.requests-out-of-order = 0, 0, 0, 0, 0, 0, 0, 0, 0, 0, 0, 0, 0, 0, 0, 0
L2.next_read.requests-simultaneous = 0, 0, 0, 0, 0, 0, 0, 0, 0, 0, 0, 0, 0, 0, 0, 0
L2.next_read.total-barrier-delay = 0, 0, 0, 0, 0, 0, 0, 0, 0, 0, 0, 0, 0, 0, 0, 0
L2.next_read.total-delay = 0, 0, 0, 0, 0, 0, 0, 0, 0, 0, 0, 0, 0, 0, 0, 0
L2.prefetches = 0, 0, 0, 0, 0, 0, 0, 0, 0, 0, 0, 0, 0, 0, 0, 0
L2.qbs-query-latency = 0, 0, 0, 0, 0, 0, 0, 0, 0, 0, 0, 0, 0, 0, 0, 0
L2.snoop-latency = 0, 0, 0, 0, 0, 0, 0, 0, 0, 0, 0, 0, 0, 0, 0, 0
L2.store-misses = 812154, 435247, 426690, 428123, 404196, 440381, 437598, 432629, 421039, 433785, 443094, 426176, 420418, 432062, 424618, 427771
L2.store-misses-D = 0, 0, 0, 0, 0, 0, 0, 0, 0, 0, 0, 0, 0, 0, 0, 0
L2.store-misses-E = 15602, 214610, 210829, 212941, 204522, 219247, 221254, 217928, 212117, 220000, 221783, 210450, 213144, 212514, 211527, 212550
L2.store-misses-I = 792686, 220417, 215567, 214916, 199402, 220882, 216081, 214456, 208665, 213510, 221021, 215464, 207007, 219287, 212807, 214988
L2.store-misses-M = 0, 0, 0, 0, 0, 0, 0, 0, 0, 0, 0, 0, 0, 0, 0, 0
L2.store-misses-O = 0, 0, 0, 0, 0, 0, 0, 0, 0, 0, 0, 0, 0, 0, 0, 0
L2.store-misses-S = 3866, 220, 294, 266, 272, 252, 263, 245, 257, 275, 290, 262, 267, 261, 284, 233
L2.store-misses-u = 0, 0, 0, 0, 0, 0, 0, 0, 0, 0, 0, 0, 0, 0, 0, 0
L2.store-overlapping-misses = 4855, 20615, 11719, 11827, 10720, 11037, 11533, 11263, 11531, 11346, 11337, 11266, 11297, 11860, 11224, 11066
L2.stores = 812154, 435247, 426690, 428123, 404196, 440381, 437598, 432629, 421039, 433785, 443094, 426176, 420418, 432062, 424618, 427771
L2.stores-D = 0, 0, 0, 0, 0, 0, 0, 0, 0, 0, 0, 0, 0, 0, 0, 0
L2.stores-E = 15602, 214610, 210829, 212941, 204522, 219247, 221254, 217928, 212117, 220000, 221783, 210450, 213144, 212514, 211527, 212550
L2.stores-I = 792686, 220417, 215567, 214916, 199402, 220882, 216081, 214456, 208665, 213510, 221021, 215464, 207007, 219287, 212807, 214988
L2.stores-M = 0, 0, 0, 0, 0, 0, 0, 0, 0, 0, 0, 0, 0, 0, 0, 0
L2.stores-O = 0, 0, 0, 0, 0, 0, 0, 0, 0, 0, 0, 0, 0, 0, 0, 0
L2.stores-prefetch = 0, 0, 0, 0, 0, 0, 0, 0, 0, 0, 0, 0, 0, 0, 0, 0
L2.stores-S = 3866, 220, 294, 266, 272, 252, 263, 245, 257, 275, 290, 262, 267, 261, 284, 233
L2.stores-u = 0, 0, 0, 0, 0, 0, 0, 0, 0, 0, 0, 0, 0, 0, 0, 0
L2.total-latency = 0, 0, 0, 0, 0, 0, 0, 0, 0, 0, 0, 0, 0, 0, 0, 0
L2.uncore-requests = 915269, 1348384, 1348377, 1306731, 1283078, 1353698, 1367993, 1356525, 1333612, 1321835, 1394142, 1346258, 1317059, 1358266, 1308609, 1300228
L2.uncore-time-dram = 0, 0, 0, 0, 0, 0, 0, 0, 0, 0, 0, 0, 0, 0, 0, 0
L2.uncore-time-dram-bus = 261177927252, 2415678774632, 1291238644060, 1234121869884, 1217145308020, 1144552383108, 1206682981700, 1269592263292, 1102085690620, 1162540458092, 1209499954688, 1286509820224, 1214397364044, 1262107066204, 1245400241172, 1355823756772
L2.uncore-time-dram-cache = 0, 0, 0, 0, 0, 0, 0, 0, 0, 0, 0, 0, 0, 0, 0, 0
L2.uncore-time-dram-cache-bus = 0, 0, 0, 0, 0, 0, 0, 0, 0, 0, 0, 0, 0, 0, 0, 0
L2.uncore-time-dram-cache-data = 0, 0, 0, 0, 0, 0, 0, 0, 0, 0, 0, 0, 0, 0, 0, 0
L2.uncore-time-dram-cache-queue = 0, 0, 0, 0, 0, 0, 0, 0, 0, 0, 0, 0, 0, 0, 0, 0
L2.uncore-time-dram-cache-tags = 0, 0, 0, 0, 0, 0, 0, 0, 0, 0, 0, 0, 0, 0, 0, 0
L2.uncore-time-dram-device = 1394325000000, 12896190000000, 6893325000000, 6588405000000, 6497775000000, 6110235000000, 6441930000000, 6777765000000, 5883525000000, 6206265000000, 6456960000000, 6868080000000, 6483105000000, 6737805000000, 6648615000000, 7238151135543
L2.uncore-time-dram-queue = 113004200140, 892175785192, 602331921947, 493474397376, 490414517771, 472109191796, 529664784428, 523186073302, 399244091920, 533014028960, 597245563363, 676398720687, 532767624067, 552925642834, 479993300421, 543074383514
L2.uncore-time-inv-imbalance = 57677791285, 1786914317, 3637715998, 3883675526, 2613217897, 2799450707, 2167154306, 2143786818, 2740272397, 2134821270, 2324521031, 2118620339, 1744773056, 1728351583, 681881284, 467964533
L2.uncore-time-noc-base = 8215227548570, 14914325005428, 14278809481538, 15081960264284, 13227200009712, 12458652639502, 12710343866972, 13958163317388, 13924199166436, 12559875978300, 13185242585380, 14085028284228, 15787749070105, 14897488749631, 14136627016264, 15084701517703
L2.uncore-time-noc-queue = 2563980291436, 4302144213269, 4523854519909, 4487857643059, 5416688967387, 5476157461138, 5543338671622, 5519782327084, 5862943539318, 5383957674585, 5808221465324, 5472149052299, 5019347522867, 5257314250696, 4632334679777, 4314288493582
L2.uncore-time-nuca-bus = 259498197674, 39716972875, 44524031641, 44582261169, 47287115614, 47231886735, 51198955105, 53576994205, 51249247777, 46414172485, 53310776288, 51999751581, 49106317819, 52019905625, 43969222076, 40369159115
L2.uncore-time-nuca-data = 2628349948112, 3120401965848, 3427836094277, 3323087203728, 3246614499955, 3478544513028, 3512855218466, 3449478199881, 3452407207632, 3371684557072, 3575134712230, 3413947241388, 3370078754066, 3442076522089, 3322687186296, 3286745765019
L2.uncore-time-nuca-ecc = 0, 0, 0, 0, 0, 0, 0, 0, 0, 0, 0, 0, 0, 0, 0, 0
L2.uncore-time-nuca-queue = 874780953728, 1038547634160, 1140859393072, 1106002405824, 1080546925314, 1157736849408, 1169159987520, 1148067421248, 1149042371872, 1122169600394, 1189883193648, 1136241890784, 1121635648992, 1145601016384, 1105865272112, 1093907612816
L2.uncore-time-nuca-tags = 680382672858, 995574441726, 972127126296, 940849753374, 920214461664, 971720360298, 985842132894, 975610577070, 961401301735, 946608386976, 1001660078330, 968236909524, 950833189458, 973090282014, 941752758852, 942621177942
L2.uncore-time-remote-cache-inv = 0, 0, 0, 0, 0, 0, 0, 0, 0, 0, 0, 0, 0, 0, 0, 0
L2.uncore-time-remote-cache-wb = 0, 0, 0, 0, 0, 0, 0, 0, 0, 0, 0, 0, 0, 0, 0, 0
L2.uncore-time-td-access = 3467059833600, 5588303159880, 5378545739196, 5141210185350, 5076522361620, 5357811199590, 5389281053280, 5339221016040, 5257959318350, 5229915817816, 5502652977510, 5314330094850, 5175033417180, 5367860049060, 5176198828080, 5122807971300
L2.uncore-time-unknown = 647976000000, 741924000000, 864804000000, 861168000000, 904524000000, 888816000000, 852972000000, 885852000000, 846240000000, 836736000000, 863352000000, 847704000000, 834036000000, 855672000000, 792276000000, 792192000000
L2.uncore-totaltime = 21163440364655, 46946768867327, 39421884108245, 39306602659574, 38127546191111, 37566366935310, 38395436806293, 39902437294826, 38893037208057, 37401316230601, 39445487827792, 40122744385904, 40539834681654, 40545688829616, 38526401386334, 39815150937839
ncores = 16
network.shmem-1.mesh.bytes-in = 198055240, 185334492, 187810068, 184535106, 232323300, 189501956, 187803210, 188432014, 231110300, 184323946, 188865518, 187448190, 231217772, 188110858, 182191862, 181837256
network.shmem-1.mesh.bytes-out = 235694508, 178567924, 184618242, 184466748, 237063228, 188990666, 183658454, 185636830, 228125686, 183748488, 183586390, 185172050, 228114180, 185182730, 178330332, 177944632
network.shmem-1.mesh.contention-delay = 6583490355036, 6897895721908, 7459443314716, 7956421800058, 11075491380409, 7940431422521, 7909105382435, 8186642808745, 11611766660240, 7713898450957, 7893391746972, 8306927428608, 11708421339041, 8036016161532, 7415536040257, 7506224735817
network.shmem-1.mesh.link-down.num-requests = 0, 0, 0, 0, 3491828, 3158710, 3263369, 3256268, 5013952, 4106824, 4399621, 4417380, 3772962, 3049430, 3046494, 3511801
network.shmem-1.mesh.link-down.num-requests-analytical = 0, 0, 0, 0, 0, 0, 0, 0, 0, 0, 0, 0, 0, 0, 0, 0
network.shmem-1.mesh.link-down.total-queue-delay = 0, 0, 0, 0, 286331402263, 1335664330016, 1362045258826, 1295694146466, 1463445896725, 1850654856878, 2303147584691, 2032213711403, 685475538223, 885375683835, 896976427495, 763659967276
network.shmem-1.mesh.link-down.total-time-used = 0, 0, 0, 0, 6557771783344, 6673459212836, 6753772874302, 6644415895360, 9517154375816, 8198591837840, 9272542047398, 9189108017640, 7283269638036, 6065566725580, 6116603852580, 7672068804326
network.shmem-1.mesh.link-in.num-requests = 3429291, 4060304, 4131880, 4062315, 4708979, 4181307, 4146104, 4146067, 4674397, 4077391, 4176597, 4139250, 4654583, 4151841, 4007010, 3984708
network.shmem-1.mesh.link-in.num-requests-analytical = 0, 7, 0, 0, 0, 0, 0, 0, 0, 0, 0, 0, 0, 0, 0, 0
network.shmem-1.mesh.link-in.total-queue-delay = 1199748781040, 2418196151574, 2612310899016, 2691753842957, 3919165134430, 2890787308452, 2733630653282, 2788921607932, 3619333104938, 2703187442279, 2682769973710, 2663296969226, 3487094086398, 2748968217469, 2550899944930, 2482043934659
network.shmem-1.mesh.link-in.total-time-used = 9560597976330, 7911179929624, 8168936164928, 8167275200274, 10622843181562, 8363637740874, 8129788552144, 8203622581130, 10229392699814, 8142317651522, 8119746828366, 8200462060884, 10231544092522, 8192752532454, 7905934520196, 7886748579288
network.shmem-1.mesh.link-left.num-requests = 0, 3812868, 4610583, 3298850, 0, 3881203, 4661409, 3366375, 0, 3841684, 4676330, 3358592, 0, 3782722, 4492773, 3231635
network.shmem-1.mesh.link-left.num-requests-analytical = 0, 0, 0, 0, 0, 0, 0, 0, 0, 0, 0, 0, 0, 0, 0, 0
network.shmem-1.mesh.link-left.total-queue-delay = 0, 796330949930, 1554255080720, 263920835238, 0, 902960929706, 1608025268993, 265640470903, 0, 851971888066, 1613053579269, 251326822526, 0, 837730225800, 1431788885851, 234111925453
network.shmem-1.mesh.link-left.total-time-used = 0, 7411342745808, 9115303112226, 6619629162244, 0, 7555083799706, 9123997280982, 6656212628418, 0, 7469645284736, 9126777842164, 6656846819080, 0, 7351538747996, 8827899323814, 6398838940066
network.shmem-1.mesh.link-out.num-requests = 4162349, 3857820, 3987223, 3971792, 5228863, 4065718, 3949390, 3991899, 4999986, 3949462, 3933929, 4000492, 5005347, 3974913, 3832333, 3820508
network.shmem-1.mesh.link-out.num-requests-analytical = 0, 0, 0, 0, 0, 0, 0, 0, 0, 0, 0, 0, 0, 0, 0, 0
network.shmem-1.mesh.link-out.total-queue-delay = 234183933283, 1654770264123, 1572887807335, 1564016439380, 3410644600339, 3001336858145, 2783273534400, 2662223953802, 3345483186532, 2493509214832, 2718099193373, 2501703718875, 1907881917386, 1684257303628, 1632447636645, 1592853374213
network.shmem-1.mesh.link-out.total-time-used = 7793992187830, 8228562385656, 8318502827810, 8170221661624, 10401629476850, 8387325016292, 8323982780540, 8334522162978, 10370602973628, 8168984094164, 8367112935766, 8307015787760, 10378419357810, 8329832628174, 8086884003350, 8069190011680
network.shmem-1.mesh.link-right.num-requests = 2392585, 3617363, 2837444, 0, 3699560, 4163833, 3131061, 0, 3660136, 4665923, 3093538, 0, 3636901, 4687611, 3645760, 0
network.shmem-1.mesh.link-right.num-requests-analytical = 0, 0, 0, 0, 0, 0, 0, 0, 0, 0, 0, 0, 0, 0, 0, 0
network.shmem-1.mesh.link-right.total-queue-delay = 49585473073, 721206657300, 548822943633, 0, 499869668608, 1581459383314, 828229504358, 0, 416017542022, 1897356158691, 744813488651, 0, 375782679822, 1892558662955, 987918246245, 0
network.shmem-1.mesh.link-right.total-time-used = 6365216471750, 8218899946810, 6129632939272, 0, 8599464069544, 8513765220038, 6300647372046, 0, 8265355060976, 10314373072810, 6113048408372, 0, 8257308930086, 10341857003826, 8211040032584, 0
network.shmem-1.mesh.link-up.num-requests = 4179053, 2934131, 2876212, 2885385, 5362936, 4313767, 3946916, 3965351, 3977905, 3213161, 3091104, 2933476, 0, 0, 0, 0
network.shmem-1.mesh.link-up.num-requests-analytical = 0, 0, 0, 0, 0, 0, 0, 0, 0, 0, 0, 0, 0, 0, 0, 0
network.shmem-1.mesh.link-up.total-queue-delay = 1115505557991, 738969573087, 821907033528, 591800971743, 3109968090025, 2615983751912, 2223934941828, 1981847917828, 1643502169050, 1455569195187, 1428428776410, 1206583706856, 0, 0, 0, 0
network.shmem-1.mesh.link-up.total-time-used = 9370503845902, 6206353648162, 6197799268976, 6151473211038, 11506719873248, 9362411328530, 8267707409104, 8209700495098, 8335915085414, 6810834319222, 6595796748240, 6042309144200, 0, 0, 0, 0
network.shmem-1.mesh.packets-in = 4753628, 4103778, 4248710, 4230519, 5500606, 4332142, 4207251, 4260705, 5253762, 4203427, 4195377, 4259593, 5257306, 4237811, 4075533, 4063516
network.shmem-1.mesh.packets-out = 4020570, 4306262, 4393367, 4321042, 4980722, 4447731, 4403965, 4414873, 4928173, 4331356, 4438045, 4398351, 4906542, 4414739, 4250210, 4227716
network.shmem-1.mesh.total-delay = 23653811954254, 22818703880944, 23925727728498, 25966123480046, 31293743032545, 22705039018603, 22602999330853, 24705138205225, 32214228464702, 22140921033501, 22477259053894, 24665352087812, 35156751008411, 24318109764924, 23122053199137, 24618067995265
nuca-cache-queue.num-requests = 1530690, 1522745, 1582462, 1594426, 1692217, 1618113, 1539768, 1578641, 1551807, 1555751, 1519169, 1577745, 1564134, 1553928, 1506281, 1511886
nuca-cache-queue.num-requests-analytical = 0, 0, 0, 0, 0, 0, 0, 0, 0, 0, 0, 0, 0, 0, 0, 0
nuca-cache-queue.total-queue-delay = 60914363920, 50694873248, 54828631074, 66734250897, 83476869734, 74692394034, 67062160041, 75563790322, 66218687642, 59969387055, 57663779702, 59553202315, 58965449984, 58913277441, 56974343223, 57909293282
nuca-cache-queue.total-time-used = 1532183953440, 1524231199120, 1584006482912, 1595982159776, 1693868603792, 1619692278288, 1541270813568, 1580181753616, 1553321563632, 1557269412976, 1520651708944, 1579284879120, 1565660594784, 1555444633728, 1507751130256, 1513361600736
nuca-cache.access-mru-0 = 649043, 641222, 692143, 720256, 809214, 708764, 665057, 705467, 666949, 679622, 647323, 692594, 674810, 678546, 635413, 637932
nuca-cache.access-mru-1 = 207062, 207998, 213984, 212403, 220757, 209408, 204970, 208445, 208329, 209697, 202210, 214948, 212931, 209483, 200950, 205876
nuca-cache.access-mru-10 = 17629, 17377, 17761, 17095, 17163, 19166, 17466, 17233, 17372, 17196, 17394, 17252, 17259, 17098, 17327, 17283
nuca-cache.access-mru-11 = 20326, 20208, 20146, 19644, 19520, 21339, 19855, 19781, 19790, 19644, 19823, 19485, 19255, 19343, 19759, 19669
nuca-cache.access-mru-12 = 27362, 27380, 27734, 27209, 27233, 28901, 27272, 27134, 27205, 27143, 27287, 26712, 26414, 26330, 27131, 27264
nuca-cache.access-mru-13 = 47687, 48476, 48286, 47724, 47187, 49055, 47897, 47637, 47969, 47697, 48572, 47322, 46940, 47084, 47888, 47508
nuca-cache.access-mru-14 = 69401, 70285, 70174, 69436, 68693, 71668, 69527, 68718, 69501, 69192, 69808, 68190, 68532, 67751, 69455, 68973
nuca-cache.access-mru-15 = 61580, 60738, 61071, 60205, 60335, 62192, 61510, 60336, 60286, 59813, 60016, 60574, 61152, 60932, 60770, 61092
nuca-cache.access-mru-2 = 124936, 124584, 125090, 123153, 124132, 126139, 123351, 124103, 127043, 124283, 123176, 126426, 128400, 124987, 124118, 124160
nuca-cache.access-mru-3 = 95913, 95646, 95163, 93440, 93618, 96958, 94603, 94291, 96723, 94518, 95406, 96368, 97672, 95282, 95859, 95373
nuca-cache.access-mru-4 = 63182, 62785, 63464, 61708, 61465, 65374, 62790, 61954, 63829, 62770, 62553, 63231, 64284, 62693, 62732, 62488
nuca-cache.access-mru-5 = 45873, 45388, 45735, 44061, 44200, 48178, 45412, 44722, 46076, 45362, 45816, 45403, 46096, 45082, 45452, 45213
nuca-cache.access-mru-6 = 30984, 31208, 31261, 30018, 30380, 33955, 30492, 30078, 31126, 30590, 30745, 30700, 31137, 30904, 30468, 30614
nuca-cache.access-mru-7 = 25495, 25415, 25757, 24987, 25067, 28593, 25549, 25140, 25539, 25065, 25429, 25108, 25405, 24983, 25117, 25093
nuca-cache.access-mru-8 = 23854, 23553, 24049, 23024, 23152, 26006, 23590, 23342, 23615, 23197, 23331, 23324, 23404, 23416, 23499, 23410
nuca-cache.access-mru-9 = 20363, 20482, 20644, 20063, 20101, 22417, 20427, 20260, 20455, 19962, 20280, 20108, 20443, 20014, 20343, 19938
nuca-cache.read-misses = 148090, 146166, 146589, 147030, 148502, 149073, 147298, 146947, 144755, 145801, 145069, 148443, 149700, 151010, 145988, 147816
nuca-cache.reads = 1223018, 1215762, 1271730, 1287318, 1386031, 1308032, 1239619, 1269318, 1245352, 1260650, 1219994, 1276364, 1254817, 1253426, 1203529, 1206381
nuca-cache.write-misses = 148169, 146231, 146664, 147087, 148550, 149288, 147338, 146979, 144804, 145841, 145114, 148479, 149749, 151031, 146035, 147853
nuca-cache.writes = 603931, 599380, 603985, 601225, 603238, 608442, 594785, 603249, 596014, 586743, 589358, 598303, 608766, 602543, 594775, 601174
performance_model.cpiDTLBMiss = 0, 0, 0, 0, 0, 0, 0, 0, 0, 0, 0, 0, 0, 0, 0, 0
performance_model.cpiFastforwardTime = 0, 0, 0, 0, 0, 0, 0, 0, 0, 0, 0, 0, 0, 0, 0, 0
performance_model.cpiITLBMiss = 0, 0, 0, 0, 0, 0, 0, 0, 0, 0, 0, 0, 0, 0, 0, 0
performance_model.cpiRecv = 0, 0, 0, 0, 0, 0, 0, 0, 0, 0, 0, 0, 0, 0, 0, 0
performance_model.cpiStartTime = 0, 19388820738331, 19396673352163, 19398257183170, 19399664322847, 19401060936232, 19402485745042, 19404004162663, 19405518820894, 19407091373731, 19408535731369, 19410049637722, 19411568431282, 19413163540459, 19414885341079, 19416592104139
performance_model.cpiSyncDvfsTransition = 0, 0, 0, 0, 0, 0, 0, 0, 0, 0, 0, 0, 0, 0, 0, 0
performance_model.cpiSyncFutex = 51995471163535, 733402805545, 2261074101750, 1991101408139, 4187758478278, 1732534708308, 1292028565517, 1452171065257, 2654694291918, 1725303915662, 911458766995, 2489436408285, 2031510380051, 2167489024627, 2818196581101, 2483756364014
performance_model.cpiSyncJoin = 0, 0, 0, 0, 0, 0, 0, 0, 0, 0, 0, 0, 0, 0, 0, 0
performance_model.cpiSyncMemAccess = 0, 0, 0, 0, 0, 0, 0, 0, 0, 0, 0, 0, 0, 0, 0, 0
performance_model.cpiSyncPause = 0, 0, 0, 0, 0, 0, 0, 0, 0, 0, 0, 0, 0, 0, 0, 0
performance_model.cpiSyncPthreadBarrier = 0, 0, 0, 0, 0, 0, 0, 0, 0, 0, 0, 0, 0, 0, 0, 0
performance_model.cpiSyncPthreadCond = 0, 0, 0, 0, 0, 0, 0, 0, 0, 0, 0, 0, 0, 0, 0, 0
performance_model.cpiSyncPthreadMutex = 0, 0, 0, 0, 0, 0, 0, 0, 0, 0, 0, 0, 0, 0, 0, 0
performance_model.cpiSyncSleep = 0, 0, 0, 0, 0, 0, 0, 0, 0, 0, 0, 0, 0, 0, 0, 0
performance_model.cpiSyncSyscall = 584485691, 0, 0, 0, 0, 0, 0, 0, 0, 0, 0, 0, 0, 0, 0, 0
performance_model.cpiSyncUnscheduled = 0, 25555205403, 22608971460, 22406340339, 0, 0, 0, 0, 0, 0, 0, 0, 0, 0, 0, 0
performance_model.cpiUnknown = 189250324173, 0, 0, 0, 0, 0, 0, 0, 0, 0, 0, 0, 0, 0, 0, 0
performance_model.cycle_count = 191814897.104, 191363910.11, 190105362.786, 190203477.577, 190343526.272, 190429720.089, 190515346.908, 190598975.731, 190685752.547, 190770148.368, 190852574.194, 190946230.994, 191033377.809, 191116846.633, 191202183.452, 191282675.282
performance_model.dyninsn_cost = 0, 0, 0, 0, 0, 0, 0, 0, 0, 0, 0, 0, 0, 0, 0, 0
performance_model.dyninsn_count = 0, 0, 0, 0, 0, 0, 0, 0, 0, 0, 0, 0, 0, 0, 0, 0
performance_model.dyninsn_zero_count = 0, 0, 0, 0, 0, 0, 0, 0, 0, 0, 0, 0, 0, 0, 0, 0
performance_model.elapsed_time = 72110863573116, 71941319590349, 71468181498619, 71505066758124, 71557716643655, 71590120334341, 71622310867614, 71653750274765, 71686373137888, 71718100890252, 71749088042786, 71784297366229, 71817059326782, 71848438583693, 71880520094656, 71910780181164
performance_model.elapsed_time_begin = 0, 0, 0, 0, 0, 0, 0, 0, 0, 0, 0, 0, 0, 0, 0, 0
performance_model.elapsed_time_end = 72110863573116, 71941319590349, 71468181498619, 71505066758124, 71557716643655, 71590120334341, 71622310867614, 71653750274765, 71686373137888, 71718100890252, 71749088042786, 71784297366229, 71817059326782, 71848438583693, 71880520094656, 71910780181164
performance_model.idle_elapsed_time = 51996055649226, 20147778749279, 21680356425373, 21411764931648, 23587422801125, 21133595644540, 20694514310559, 20856175227920, 22060213112812, 21132395289393, 20319994498364, 21899486046007, 21443078811333, 21580652565086, 22233081922180, 21900348468153
performance_model.instruction_count = 80522557, 256164251, 251556219, 252977034, 240914628, 260904826, 260701819, 257743012, 251092261, 259067259, 262709609, 251384532, 250935598, 254027332, 251365898, 252748168
pthread.pthread_barrier_wait_count = 0, 0, 0, 0, 0, 0, 0, 0, 0, 0, 0, 0, 0, 0, 0, 0
pthread.pthread_barrier_wait_delay_mem = 0, 0, 0, 0, 0, 0, 0, 0, 0, 0, 0, 0, 0, 0, 0, 0
pthread.pthread_barrier_wait_delay_sync = 0, 0, 0, 0, 0, 0, 0, 0, 0, 0, 0, 0, 0, 0, 0, 0
pthread.pthread_cond_broadcast_count = 0, 0, 0, 0, 0, 0, 0, 0, 0, 0, 0, 0, 0, 0, 0, 0
pthread.pthread_cond_broadcast_delay_mem = 0, 0, 0, 0, 0, 0, 0, 0, 0, 0, 0, 0, 0, 0, 0, 0
pthread.pthread_cond_broadcast_delay_sync = 0, 0, 0, 0, 0, 0, 0, 0, 0, 0, 0, 0, 0, 0, 0, 0
pthread.pthread_cond_signal_count = 0, 0, 0, 0, 0, 0, 0, 0, 0, 0, 0, 0, 0, 0, 0, 0
pthread.pthread_cond_signal_delay_mem = 0, 0, 0, 0, 0, 0, 0, 0, 0, 0, 0, 0, 0, 0, 0, 0
pthread.pthread_cond_signal_delay_sync = 0, 0, 0, 0, 0, 0, 0, 0, 0, 0, 0, 0, 0, 0, 0, 0
pthread.pthread_cond_wait_count = 0, 0, 0, 0, 0, 0, 0, 0, 0, 0, 0, 0, 0, 0, 0, 0
pthread.pthread_cond_wait_delay_mem = 0, 0, 0, 0, 0, 0, 0, 0, 0, 0, 0, 0, 0, 0, 0, 0
pthread.pthread_cond_wait_delay_sync = 0, 0, 0, 0, 0, 0, 0, 0, 0, 0, 0, 0, 0, 0, 0, 0
pthread.pthread_mutex_lock_contended = 0, 0, 0, 0, 0, 0, 0, 0, 0, 0, 0, 0, 0, 0, 0, 0
pthread.pthread_mutex_lock_count = 0, 0, 0, 0, 0, 0, 0, 0, 0, 0, 0, 0, 0, 0, 0, 0
pthread.pthread_mutex_lock_delay_mem = 0, 0, 0, 0, 0, 0, 0, 0, 0, 0, 0, 0, 0, 0, 0, 0
pthread.pthread_mutex_lock_delay_sync = 0, 0, 0, 0, 0, 0, 0, 0, 0, 0, 0, 0, 0, 0, 0, 0
pthread.pthread_mutex_trylock_count = 0, 0, 0, 0, 0, 0, 0, 0, 0, 0, 0, 0, 0, 0, 0, 0
pthread.pthread_mutex_trylock_delay_mem = 0, 0, 0, 0, 0, 0, 0, 0, 0, 0, 0, 0, 0, 0, 0, 0
pthread.pthread_mutex_trylock_delay_sync = 0, 0, 0, 0, 0, 0, 0, 0, 0, 0, 0, 0, 0, 0, 0, 0
pthread.pthread_mutex_unlock_contended = 0, 0, 0, 0, 0, 0, 0, 0, 0, 0, 0, 0, 0, 0, 0, 0
pthread.pthread_mutex_unlock_count = 0, 0, 0, 0, 0, 0, 0, 0, 0, 0, 0, 0, 0, 0, 0, 0
pthread.pthread_mutex_unlock_delay_mem = 0, 0, 0, 0, 0, 0, 0, 0, 0, 0, 0, 0, 0, 0, 0, 0
pthread.pthread_mutex_unlock_delay_sync = 0, 0, 0, 0, 0, 0, 0, 0, 0, 0, 0, 0, 0, 0, 0, 0
pthread_locks_contended = 0.0
roi.instrs = 3895319856
roi.ipscore = 98234.2765656
roi.ipstotal = 1571748.42505
roi.walltime = 2478.33546
stlb.access = 854726, 48030, 44481, 41754, 44246, 44434, 43459, 45744, 48207, 38584, 53209, 48451, 46001, 47063, 41723, 39904
stlb.miss = 26513, 15321, 14054, 13013, 13419, 14116, 13741, 14021, 13733, 13519, 14452, 13788, 13537, 13728, 13455, 13358
stlb_cache.access-mru-0 = 2416, 5568, 5430, 4748, 5504, 5621, 5075, 5911, 6393, 5151, 6155, 6404, 5658, 5698, 5266, 5640
stlb_cache.access-mru-1 = 297119, 18427, 16224, 14475, 15951, 14600, 13934, 15861, 18489, 9700, 19450, 18402, 17218, 18688, 13923, 12163
stlb_cache.access-mru-2 = 17184, 3005, 3107, 3308, 3122, 3149, 3338, 3269, 3097, 3022, 3551, 3309, 3266, 3280, 2922, 3116
stlb_cache.access-mru-3 = 511494, 5709, 5666, 6210, 6250, 6948, 7371, 6682, 6495, 7192, 9601, 6548, 6322, 5669, 6157, 5627
syscall.stderr-bytes = 0, 0, 0, 0, 0, 0, 0, 0, 0, 0, 0, 0, 0, 0, 0, 0
syscall.stdout-bytes = 149, 0, 0, 0, 0, 0, 0, 0, 0, 0, 0, 0, 0, 0, 0, 0
thread.bottle_contrib_time = 19948909480645, 3235330878748, 3069137177013, 3094771601439, 2915847634174, 3114701492815, 3189622123335, 3159635477878, 3059250141267, 3126153147434, 3268260388802, 3083102493944, 3127901934519, 3152968282835, 3048609811646, 3177872330202, 3400829277713, 988198845953, 949176554034
thread.bottle_runtime_time = 20613152666733, 50660675118939, 49805886734022, 50113031163956, 48003259609481, 50493252885904, 50962966501823, 50838308506094, 49659884457269, 50623003711446, 51472941262007, 49921551908752, 50413517003002, 50303631086539, 49678865624159, 50047103142325, 50895796104276, 15958019030636, 15653849954487
thread.elapsed_time = 72110800000000, 52039879261669, 52070426647837, 52105742816830, 52157035677153, 52188039063768, 52218814254958, 52248695837337, 52279781179106, 52310008626269, 52339464268631, 52373150362278, 52404431568718, 52434236459541, 52464614658921, 52493107895861, 52522269929186, 51986687978552, 51989745500383
thread.instruction_count = 80522471, 128371321, 251542013, 252967871, 240914621, 260904819, 260701812, 257742989, 251092225, 259067256, 262709564, 251384446, 250935574, 254027325, 251365891, 252748145, 127792902, 14080, 9116
thread.instructions_by_core[0] = 80522471, 0, 0, 0, 0, 0, 0, 0, 0, 0, 0, 0, 0, 0, 0, 0
thread.instructions_by_core[10] = 0, 0, 0, 0, 0, 0, 0, 0, 0, 0, 262709564, 0, 0, 0, 0, 0
thread.instructions_by_core[11] = 0, 0, 0, 0, 0, 0, 0, 0, 0, 0, 0, 251384446, 0, 0, 0, 0
thread.instructions_by_core[12] = 0, 0, 0, 0, 0, 0, 0, 0, 0, 0, 0, 0, 250935574, 0, 0, 0
thread.instructions_by_core[13] = 0, 0, 0, 0, 0, 0, 0, 0, 0, 0, 0, 0, 0, 254027325, 0, 0
thread.instructions_by_core[14] = 0, 0, 0, 0, 0, 0, 0, 0, 0, 0, 0, 0, 0, 0, 251365891, 0
thread.instructions_by_core[15] = 0, 0, 0, 0, 0, 0, 0, 0, 0, 0, 0, 0, 0, 0, 0, 252748145
thread.instructions_by_core[1] = 0, 128371321, 0, 0, 0, 0, 0, 0, 0, 0, 0, 0, 0, 0, 0, 0, 127792902
thread.instructions_by_core[2] = 0, 0, 251542013, 0, 0, 0, 0, 0, 0, 0, 0, 0, 0, 0, 0, 0, 0, 14080
thread.instructions_by_core[3] = 0, 0, 0, 252967871, 0, 0, 0, 0, 0, 0, 0, 0, 0, 0, 0, 0, 0, 0, 9116
thread.instructions_by_core[4] = 0, 0, 0, 0, 240914621, 0, 0, 0, 0, 0, 0, 0, 0, 0, 0, 0
thread.instructions_by_core[5] = 0, 0, 0, 0, 0, 260904819, 0, 0, 0, 0, 0, 0, 0, 0, 0, 0
thread.instructions_by_core[6] = 0, 0, 0, 0, 0, 0, 260701812, 0, 0, 0, 0, 0, 0, 0, 0, 0
thread.instructions_by_core[7] = 0, 0, 0, 0, 0, 0, 0, 257742989, 0, 0, 0, 0, 0, 0, 0, 0
thread.instructions_by_core[8] = 0, 0, 0, 0, 0, 0, 0, 0, 251092225, 0, 0, 0, 0, 0, 0, 0
thread.instructions_by_core[9] = 0, 0, 0, 0, 0, 0, 0, 0, 0, 259067256, 0, 0, 0, 0, 0, 0
thread.nonidle_cycle_count = 53505295, 68564372, 132386469, 133216379, 127600978, 134214352, 135467935, 135121442, 132005391, 134557974, 136801163, 132693340, 133994663, 133712307, 132062182, 133027596, 69206333, 48867, 31696
thread.nonidle_elapsed_time = 20114772585624, 25776079715853, 49769349551091, 50081345838459, 47970292714713, 50456523561984, 50927795429238, 50797534821372, 49626087092910, 50585704848981, 51429008958147, 49884714327960, 50373933523074, 50267784890790, 49647437044659, 50010374570283, 26017418644110, 18371387052, 11916138483
thread.time_by_core[0] = 20114772585624, 0, 0, 0, 0, 0, 0, 0, 0, 0, 0, 0, 0, 0, 0, 0
thread.time_by_core[10] = 0, 0, 0, 0, 0, 0, 0, 0, 0, 0, 51429008958147, 0, 0, 0, 0, 0
thread.time_by_core[11] = 0, 0, 0, 0, 0, 0, 0, 0, 0, 0, 0, 49884714327960, 0, 0, 0, 0
thread.time_by_core[12] = 0, 0, 0, 0, 0, 0, 0, 0, 0, 0, 0, 0, 50373933523074, 0, 0, 0
thread.time_by_core[13] = 0, 0, 0, 0, 0, 0, 0, 0, 0, 0, 0, 0, 0, 50267784890790, 0, 0
thread.time_by_core[14] = 0, 0, 0, 0, 0, 0, 0, 0, 0, 0, 0, 0, 0, 0, 49647437044659, 0
thread.time_by_core[15] = 0, 0, 0, 0, 0, 0, 0, 0, 0, 0, 0, 0, 0, 0, 0, 50010374570283
thread.time_by_core[1] = 0, 25776079715853, 0, 0, 0, 0, 0, 0, 0, 0, 0, 0, 0, 0, 0, 0, 26017418644110
thread.time_by_core[2] = 0, 0, 49769349551091, 0, 0, 0, 0, 0, 0, 0, 0, 0, 0, 0, 0, 0, 0, 18371387052
thread.time_by_core[3] = 0, 0, 0, 50081345838459, 0, 0, 0, 0, 0, 0, 0, 0, 0, 0, 0, 0, 0, 0, 11916138483
thread.time_by_core[4] = 0, 0, 0, 0, 47970292714713, 0, 0, 0, 0, 0, 0, 0, 0, 0, 0, 0
thread.time_by_core[5] = 0, 0, 0, 0, 0, 50456523561984, 0, 0, 0, 0, 0, 0, 0, 0, 0, 0
thread.time_by_core[6] = 0, 0, 0, 0, 0, 0, 50927795429238, 0, 0, 0, 0, 0, 0, 0, 0, 0
thread.time_by_core[7] = 0, 0, 0, 0, 0, 0, 0, 50797534821372, 0, 0, 0, 0, 0, 0, 0, 0
thread.time_by_core[8] = 0, 0, 0, 0, 0, 0, 0, 0, 49626087092910, 0, 0, 0, 0, 0, 0, 0
thread.time_by_core[9] = 0, 0, 0, 0, 0, 0, 0, 0, 0, 50585704848981, 0, 0, 0, 0, 0, 0
thread.unscheduled_time = 51500055649226, 26243800810379, 2275599323337, 2000319771781, 4155758478278, 1696534708308, 1258028565517, 1412171065257, 2621694291918, 1690303915662, 870458766995, 2453436408285, 1993510380051, 2133489024627, 2788196581101, 2447756364014, 26477888785871, 51964247714745, 51972830514176
time.walltime = 2478335460, 0, 0, 0, 0, 0, 0, 0, 0, 0, 0, 0, 0, 0, 0, 0
vmem = 2919383040
walltime = 2479.02023005
