barrier.global_time = 77232900000000, 0, 0, 0, 0, 0, 0, 0, 0, 0, 0, 0, 0, 0, 0, 0
barrier.global_time_begin = 0, 0, 0, 0, 0, 0, 0, 0, 0, 0, 0, 0, 0, 0, 0, 0
barrier.global_time_end = 77232900000000, 0, 0, 0, 0, 0, 0, 0, 0, 0, 0, 0, 0, 0, 0, 0
branch_predictor.num-correct = 37318970, 13168791, 11542666, 12572534, 12731296, 11218221, 9023779, 9874197, 10523198, 12462343, 9915425, 11019493, 11629949, 12414312, 10383267, 11509742
branch_predictor.num-incorrect = 1869611, 2095294, 1587193, 1830029, 1853437, 1626957, 1245488, 1407828, 1459390, 1858754, 1414910, 1628468, 1688625, 1865530, 1450614, 1630196
core.instructions = 279382612, 129133150, 108721282, 120209777, 122211753, 105776334, 83656243, 92566138, 99196763, 119141689, 93243816, 105039599, 111516073, 118341895, 97495067, 109157714
core.spin_elapsed_time = 0, 0, 0, 0, 0, 0, 0, 0, 0, 0, 0, 0, 0, 0, 0, 0
core.spin_instructions = 0, 0, 0, 0, 0, 0, 0, 0, 0, 0, 0, 0, 0, 0, 0, 0
core.spin_loops = 0, 0, 0, 0, 0, 0, 0, 0, 0, 0, 0, 0, 0, 0, 0, 0
corefreq = 2660000000.0, 2660000000.0, 2660000000.0, 2660000000.0, 2660000000.0, 2660000000.0, 2660000000.0, 2660000000.0, 2660000000.0, 2660000000.0, 2660000000.0, 2660000000.0, 2660000000.0, 2660000000.0, 2660000000.0, 2660000000.0
directory.entries-allocated = 65536, 65536, 65536, 65536, 65536, 65536, 65536, 65536, 65536, 65536, 65536, 65536, 65536, 65536, 65536, 65536
directory.evict-E = 0, 0, 0, 0, 0, 0, 0, 0, 0, 0, 0, 0, 0, 0, 0, 0
directory.evict-M = 0, 0, 0, 0, 0, 0, 0, 0, 0, 0, 0, 0, 0, 0, 0, 0
directory.evict-O = 0, 0, 0, 0, 0, 0, 0, 0, 0, 0, 0, 0, 0, 0, 0, 0
directory.evict-S = 0, 0, 0, 0, 0, 0, 0, 0, 0, 0, 0, 0, 0, 0, 0, 0
directory.forward = 0, 0, 0, 0, 0, 0, 0, 0, 0, 0, 0, 0, 0, 0, 0, 0
directory.forward-failed = 0, 0, 0, 0, 0, 0, 0, 0, 0, 0, 0, 0, 0, 0, 0, 0
dram-queue.num-requests = 79804, 0, 0, 0, 79598, 0, 0, 0, 79619, 0, 0, 0, 79629, 0, 0, 0
dram-queue.num-requests-analytical = 0, 0, 0, 0, 0, 0, 0, 0, 0, 0, 0, 0, 0, 0, 0, 0
dram-queue.total-queue-delay = 47595510351106, 0, 0, 0, 47759572338573, 0, 0, 0, 47295767764232, 0, 0, 0, 47564937820154, 0, 0, 0
dram-queue.total-time-used = 672689941904, 0, 0, 0, 670953511048, 0, 0, 0, 671130525844, 0, 0, 0, 671214818604, 0, 0, 0
dram.reads = 70145, 0, 0, 0, 70018, 0, 0, 0, 70032, 0, 0, 0, 70045, 0, 0, 0
dram.total-access-latency = 51859380293010, 0, 0, 0, 52012435849621, 0, 0, 0, 51549753290076, 0, 0, 0, 51819457638758, 0, 0, 0
dram.total-queueing-delay = 47595510351106, 0, 0, 0, 47759572338573, 0, 0, 0, 47295767764232, 0, 0, 0, 47564937820154, 0, 0, 0
dram.writes = 9659, 0, 0, 0, 9580, 0, 0, 0, 9587, 0, 0, 0, 9584, 0, 0, 0
dtlb.access = 105997874, 38218406, 34891718, 37982413, 37716165, 33752668, 28652620, 31359484, 32419225, 37491191, 31517531, 34999520, 36061570, 35931845, 31827352, 35105236
dtlb.miss = 54787, 7593, 11039, 7718, 8155, 13644, 13131, 6184, 8380, 6926, 9629, 12378, 19316, 13943, 7838, 7423
dtlb_cache.access-mru-0 = 101559852, 35297834, 31468181, 35138167, 34208563, 31009656, 26103229, 28987867, 30156535, 34507965, 28518581, 26627164, 32357851, 32619077, 28872449, 32225008
dtlb_cache.access-mru-1 = 4032218, 2724420, 3069363, 2641204, 3241822, 2463935, 2285610, 2208171, 2094002, 2770120, 2729492, 7862561, 3268524, 2880107, 2675598, 2696906
dtlb_cache.access-mru-2 = 318701, 177686, 309031, 179039, 237109, 221990, 222127, 148679, 140603, 193712, 231912, 459476, 367320, 360668, 245615, 168467
dtlb_cache.access-mru-3 = 32316, 10873, 34104, 16285, 20516, 43443, 28523, 8583, 19705, 12468, 27917, 37941, 48559, 58050, 25852, 7432
fastforward_performance_model.fastforwarded_time = 0, 0, 0, 0, 0, 0, 0, 0, 0, 0, 0, 0, 0, 0, 0, 0
fastforward_timer.cpiBase = 0, 0, 0, 0, 0, 0, 0, 0, 0, 0, 0, 0, 0, 0, 0, 0
fastforward_timer.cpiBranchPredictor = 0, 0, 0, 0, 0, 0, 0, 0, 0, 0, 0, 0, 0, 0, 0, 0
fastforward_timer.cpiDataCachecache-remote = 0, 0, 0, 0, 0, 0, 0, 0, 0, 0, 0, 0, 0, 0, 0, 0
fastforward_timer.cpiDataCachedram = 0, 0, 0, 0, 0, 0, 0, 0, 0, 0, 0, 0, 0, 0, 0, 0
fastforward_timer.cpiDataCachedram-cache = 0, 0, 0, 0, 0, 0, 0, 0, 0, 0, 0, 0, 0, 0, 0, 0
fastforward_timer.cpiDataCachedram-local = 0, 0, 0, 0, 0, 0, 0, 0, 0, 0, 0, 0, 0, 0, 0, 0
fastforward_timer.cpiDataCachedram-remote = 0, 0, 0, 0, 0, 0, 0, 0, 0, 0, 0, 0, 0, 0, 0, 0
fastforward_timer.cpiDataCacheL1 = 0, 0, 0, 0, 0, 0, 0, 0, 0, 0, 0, 0, 0, 0, 0, 0
fastforward_timer.cpiDataCacheL1_S = 0, 0, 0, 0, 0, 0, 0, 0, 0, 0, 0, 0, 0, 0, 0, 0
fastforward_timer.cpiDataCacheL1I = 0, 0, 0, 0, 0, 0, 0, 0, 0, 0, 0, 0, 0, 0, 0, 0
fastforward_timer.cpiDataCacheL2 = 0, 0, 0, 0, 0, 0, 0, 0, 0, 0, 0, 0, 0, 0, 0, 0
fastforward_timer.cpiDataCacheL2_S = 0, 0, 0, 0, 0, 0, 0, 0, 0, 0, 0, 0, 0, 0, 0, 0
fastforward_timer.cpiDataCacheL3 = 0, 0, 0, 0, 0, 0, 0, 0, 0, 0, 0, 0, 0, 0, 0, 0
fastforward_timer.cpiDataCacheL3_S = 0, 0, 0, 0, 0, 0, 0, 0, 0, 0, 0, 0, 0, 0, 0, 0
fastforward_timer.cpiDataCacheL4 = 0, 0, 0, 0, 0, 0, 0, 0, 0, 0, 0, 0, 0, 0, 0, 0
fastforward_timer.cpiDataCacheL4_S = 0, 0, 0, 0, 0, 0, 0, 0, 0, 0, 0, 0, 0, 0, 0, 0
fastforward_timer.cpiDataCachemiss = 0, 0, 0, 0, 0, 0, 0, 0, 0, 0, 0, 0, 0, 0, 0, 0
fastforward_timer.cpiDataCachenuca-cache = 0, 0, 0, 0, 0, 0, 0, 0, 0, 0, 0, 0, 0, 0, 0, 0
fastforward_timer.cpiDataCachenuca-local = 0, 0, 0, 0, 0, 0, 0, 0, 0, 0, 0, 0, 0, 0, 0, 0
fastforward_timer.cpiDataCachenuca-remote = 0, 0, 0, 0, 0, 0, 0, 0, 0, 0, 0, 0, 0, 0, 0, 0
fastforward_timer.cpiDataCachepredicate-false = 0, 0, 0, 0, 0, 0, 0, 0, 0, 0, 0, 0, 0, 0, 0, 0
fastforward_timer.cpiDataCacheprefetch-no-mapping = 0, 0, 0, 0, 0, 0, 0, 0, 0, 0, 0, 0, 0, 0, 0, 0
fastforward_timer.cpiDataCacheunknown = 0, 0, 0, 0, 0, 0, 0, 0, 0, 0, 0, 0, 0, 0, 0, 0
fs_to_cycles = 2.66e-06
fs_to_cycles_cores = 2.66e-06, 2.66e-06, 2.66e-06, 2.66e-06, 2.66e-06, 2.66e-06, 2.66e-06, 2.66e-06, 2.66e-06, 2.66e-06, 2.66e-06, 2.66e-06, 2.66e-06, 2.66e-06, 2.66e-06, 2.66e-06
futex.futex_cmp_requeue_count = 0, 10, 0, 0, 0, 0, 0, 0, 0, 0, 0, 0, 0, 0, 0, 0
futex.futex_cmp_requeue_delay = 0, 0, 0, 0, 0, 0, 0, 0, 0, 0, 0, 0, 0, 0, 0, 0
futex.futex_cmp_requeue_pi_count = 0, 0, 0, 0, 0, 0, 0, 0, 0, 0, 0, 0, 0, 0, 0, 0
futex.futex_cmp_requeue_pi_delay = 0, 0, 0, 0, 0, 0, 0, 0, 0, 0, 0, 0, 0, 0, 0, 0
futex.futex_fd_count = 0, 0, 0, 0, 0, 0, 0, 0, 0, 0, 0, 0, 0, 0, 0, 0
futex.futex_fd_delay = 0, 0, 0, 0, 0, 0, 0, 0, 0, 0, 0, 0, 0, 0, 0, 0
futex.futex_lock_pi_count = 0, 0, 0, 0, 0, 0, 0, 0, 0, 0, 0, 0, 0, 0, 0, 0
futex.futex_lock_pi_delay = 0, 0, 0, 0, 0, 0, 0, 0, 0, 0, 0, 0, 0, 0, 0, 0
futex.futex_requeue_count = 0, 0, 0, 0, 0, 0, 0, 0, 0, 0, 0, 0, 0, 0, 0, 0
futex.futex_requeue_delay = 0, 0, 0, 0, 0, 0, 0, 0, 0, 0, 0, 0, 0, 0, 0, 0
futex.futex_trylock_pi_count = 0, 0, 0, 0, 0, 0, 0, 0, 0, 0, 0, 0, 0, 0, 0, 0
futex.futex_trylock_pi_delay = 0, 0, 0, 0, 0, 0, 0, 0, 0, 0, 0, 0, 0, 0, 0, 0
futex.futex_unlock_pi_count = 0, 0, 0, 0, 0, 0, 0, 0, 0, 0, 0, 0, 0, 0, 0, 0
futex.futex_unlock_pi_delay = 0, 0, 0, 0, 0, 0, 0, 0, 0, 0, 0, 0, 0, 0, 0, 0
futex.futex_wait_bitset_count = 1, 0, 0, 0, 0, 0, 0, 0, 0, 0, 0, 0, 0, 0, 0, 0
futex.futex_wait_bitset_delay = 0, 0, 0, 0, 0, 0, 0, 0, 0, 0, 0, 0, 0, 0, 0, 0
futex.futex_wait_count = 1, 1, 11, 11, 12, 12, 17, 12, 15, 14, 17, 23, 22, 13, 11, 13, 10
futex.futex_wait_delay = 49941481150860, 8175185314, 9448473011825, 4543236738303, 3666004521626, 9575511822461, 18067695626301, 14479467267290, 12736073084809, 4138041044286, 14162064229744, 9219431802396, 7430513286710, 4439400504548, 13226989282129, 8847612717897, 8016572495309
futex.futex_wait_requeue_pi_count = 0, 0, 0, 0, 0, 0, 0, 0, 0, 0, 0, 0, 0, 0, 0, 0
futex.futex_wait_requeue_pi_delay = 0, 0, 0, 0, 0, 0, 0, 0, 0, 0, 0, 0, 0, 0, 0, 0
futex.futex_wake_bitset_count = 0, 0, 0, 0, 0, 0, 0, 0, 0, 0, 0, 0, 0, 0, 0, 0
futex.futex_wake_bitset_delay = 0, 0, 0, 0, 0, 0, 0, 0, 0, 0, 0, 0, 0, 0, 0, 0
futex.futex_wake_count = 2, 4, 13, 14, 14, 16, 21, 21, 27, 18, 19, 27, 28, 14, 13, 17, 12
futex.futex_wake_delay = 0, 4000000000, 11000000000, 10000000000, 5000000000, 11000000000, 13000000000, 15000000000, 17000000000, 7000000000, 13000000000, 11000000000, 13000000000, 11000000000, 11000000000, 11000000000, 10000000000
futex.futex_wake_op_count = 0, 0, 0, 0, 0, 0, 0, 0, 0, 0, 0, 0, 0, 0, 0, 0
futex.futex_wake_op_delay = 0, 0, 0, 0, 0, 0, 0, 0, 0, 0, 0, 0, 0, 0, 0, 0
global.time = 77232900000000
global.time_begin = 0
global.time_end = 77232900000000
interval_timer.cpContr_branch = 17363297506106, 13043361910596, 10536853418143, 11835518329672, 12060483422804, 10465976486411, 8118776753121, 9021698629904, 9634232720308, 11795840283744, 9050654186135, 10292331721533, 10879792703206, 11904876439563, 9549261351031, 10686754773748
interval_timer.cpContr_fp_addsub = 10912766419402, 13054156764899, 10572376624742, 11681335270737, 12163984972957, 10059176108399, 7850413571659, 8679160013869, 9406752865630, 11583503205903, 8917030085721, 10120850923005, 10862167954683, 11734887028136, 9338303144133, 10539941402401
interval_timer.cpContr_fp_muldiv = 8518437431174, 9825253398478, 8053058747124, 8934587985351, 9139854841310, 7726222105048, 6112588162193, 6804390771453, 7223793205680, 8789269742848, 6905487665899, 7848542411466, 8284441070956, 8854456380176, 7227776027963, 8150124062516
interval_timer.cpContr_generic = 22524371345669, 18417700890640, 14862580012382, 16847220366372, 17277541793163, 14794043322741, 11508612834835, 12826177886642, 13799650469044, 16736713204009, 12881680828006, 14668194766455, 15673128146827, 16801116576815, 13536267026703, 15167297117231
interval_timer.cpContr_load_l1 = 36672996073601, 21477195381538, 18161238961057, 20034486880946, 20446327491662, 18682718237451, 15262050172668, 16720551759538, 17183960891084, 20738042373381, 16653311714492, 18438139057513, 18922829840005, 20604063049342, 16909704250469, 18239776789881
interval_timer.cpContr_load_l2 = 15835685, 2690045842, 4230621859, 2242143099, 3447068762, 5498055306, 4363028440, 1664177318, 2235243700, 9698157951, 9754587846, 8254773831, 3336181890, 717582028, 1704155681, 1346273642
interval_timer.cpContr_load_l3 = 0, 0, 0, 0, 0, 0, 0, 0, 0, 0, 0, 0, 0, 0, 0, 0
interval_timer.cpContr_load_other = 0, 0, 0, 0, 39792096, 89043118, 18016636, 0, 167470435, 7151445, 12841991, 34220003, 0, 65646338, 0, 0
interval_timer.cpContr_port0 = 10425973347, 13702273865, 9538521423, 10918667032, 11997107654, 9036979065, 5698973163, 6868004045, 8153910351, 10581851819, 6861549797, 8268203358, 9516902694, 10973497959, 8131091131, 8942772023
interval_timer.cpContr_port015 = 8318995618632, 3120625344647, 2373109952272, 2507291923379, 2635101644006, 2159431104288, 1450512389855, 1638180660175, 1819220261736, 2509817394893, 1699040509706, 1941937687147, 2093933179417, 2718120451823, 1891295237829, 2282524833508
interval_timer.cpContr_port05 = 0, 0, 0, 0, 0, 0, 0, 0, 0, 0, 0, 0, 0, 0, 0, 0
interval_timer.cpContr_port1 = 936529413505, 1049798817773, 789672882934, 953040210745, 1067328434347, 737283396153, 426422127065, 497919949118, 758030542518, 829290853480, 495851453632, 557226679649, 848962115520, 918914835443, 659629424730, 812590981165
interval_timer.cpContr_port2 = 16031961946230, 1235639945193, 1645783892179, 1668558387340, 1400502959293, 1495446254718, 1592653230951, 1716987581548, 1563835311730, 1603515727195, 1706234757806, 1837311914750, 1708207234841, 1235845688365, 1563559749557, 1656963120378
interval_timer.cpContr_port34 = 516530570849, 27011660215, 22496859957, 24219661386, 24852785042, 22866724187, 16553085138, 18898392610, 20411429943, 25761460696, 18363581253, 20960305269, 23343410940, 24250440767, 19951515095, 21887693608
interval_timer.cpContr_port5 = 1915673280378, 114264985471, 94234025204, 104930531968, 102311508165, 89287508929, 73431219592, 83040939295, 80449322193, 101605050414, 80805595965, 96480066726, 93221506318, 98375830119, 81602829437, 93414530176
interval_timer.cpContr_store = 4087704244723, 1997219641582, 1705921186668, 1917428817358, 1884319594431, 1760630768496, 1465069060041, 1641260017771, 1669066071152, 1988548916980, 1639547729715, 1855266022015, 1881854175400, 1818074383361, 1612794552133, 1747267398283
interval_timer.cpiBase = 48066390993771, 31346820885348, 25877732869575, 28768999267629, 29406674142270, 25567992216207, 20259415867752, 22428651190833, 23749261740081, 28844329924449, 22582079039574, 25450252256736, 26800005973203, 28845168644358, 23459746980852, 26094871852524
interval_timer.cpiBranchPredictor = 14663451446991, 16954396269444, 12887462227653, 14792593636332, 15022139358159, 13080767429880, 9983257888914, 11261504624130, 11730134768031, 14946669979848, 11307998879955, 13065631749801, 13548322388241, 15047943435180, 11697792359922, 13232578364982
interval_timer.cpiDataCachecache-remote = 239016377115, 231778799487, 185322513501, 178162379307, 206111564262, 249329887641, 214349139630, 231747220611, 203735629782, 548056280187, 511083807354, 618291835740, 540532612980, 141382387242, 228461137812, 244954333620
interval_timer.cpiDataCachedram = 0, 0, 0, 0, 0, 0, 0, 0, 0, 0, 0, 0, 0, 0, 0, 0
interval_timer.cpiDataCachedram-cache = 0, 0, 0, 0, 0, 0, 0, 0, 0, 0, 0, 0, 0, 0, 0, 0
interval_timer.cpiDataCachedram-local = 294336176904, 0, 0, 0, 74059983, 0, 0, 0, 0, 0, 0, 0, 234209997, 0, 0, 0
interval_timer.cpiDataCachedram-remote = 980925226713, 613532448, 1433831346, 0, 797366619, 8414642637, 160150014, 70300593, 0, 28298432286, 72932166, 378194634, 0, 5609761758, 0, 86841909
interval_timer.cpiDataCacheL1 = 396239706, 0, 323307540, 0, 0, 473683140, 843607116, 0, 127819260, 0, 131578650, 0, 1488718440, 402254730, 0, 0
interval_timer.cpiDataCacheL1_S = 0, 0, 0, 0, 0, 0, 0, 0, 0, 0, 0, 0, 0, 0, 0, 0
interval_timer.cpiDataCacheL1I = 0, 0, 0, 0, 0, 0, 0, 0, 0, 0, 0, 0, 0, 0, 0, 0
interval_timer.cpiDataCacheL2 = 25830016812, 29281888710, 35877738465, 32932256400, 41346523098, 49757030406, 49894248141, 57509644464, 57864906819, 109473812739, 103527961515, 132095942064, 115348987431, 22246566264, 38239011324, 40641261534
interval_timer.cpiDataCacheL2_S = 0, 0, 0, 0, 0, 0, 0, 0, 0, 0, 0, 0, 0, 0, 0, 0
interval_timer.cpiDataCacheL3 = 0, 0, 0, 0, 0, 0, 0, 0, 0, 0, 0, 0, 0, 0, 0, 0
interval_timer.cpiDataCacheL3_S = 0, 0, 0, 0, 0, 0, 0, 0, 0, 0, 0, 0, 0, 0, 0, 0
interval_timer.cpiDataCacheL4 = 0, 0, 0, 0, 0, 0, 0, 0, 0, 0, 0, 0, 0, 0, 0, 0
interval_timer.cpiDataCacheL4_S = 0, 0, 0, 0, 0, 0, 0, 0, 0, 0, 0, 0, 0, 0, 0, 0
interval_timer.cpiDataCachemiss = 0, 0, 0, 0, 0, 0, 0, 0, 0, 0, 0, 0, 0, 0, 0, 0
interval_timer.cpiDataCachenuca-cache = 0, 0, 0, 0, 0, 0, 0, 0, 0, 0, 0, 0, 0, 0, 0, 0
interval_timer.cpiDataCachenuca-local = 288572656095, 90209570562, 114062900112, 99258422292, 88423108434, 85428754299, 126221895189, 110397118923, 95123469231, 89338143960, 76523887206, 75321634284, 80895681837, 76397947641, 74081411523, 76716367974
interval_timer.cpiDataCachenuca-remote = 3879560781045, 1179844326027, 1266861798540, 1406677647969, 1292549334471, 1198611576846, 1107306144099, 1259988505803, 1251496419732, 1121662126692, 1088545660182, 1249684769691, 1297923758415, 1185602583690, 1119803108337, 1287478669239
interval_timer.cpiDataCachepredicate-false = 0, 0, 0, 0, 0, 0, 0, 0, 0, 0, 0, 0, 0, 0, 0, 0
interval_timer.cpiDataCacheprefetch-no-mapping = 0, 0, 0, 0, 0, 0, 0, 0, 0, 0, 0, 0, 0, 0, 0, 0
interval_timer.cpiDataCacheunknown = 0, 0, 0, 0, 0, 0, 0, 0, 0, 0, 0, 0, 0, 0, 0, 0
interval_timer.cpiInstructionCachecache-remote = 54887094, 345112002, 444735837, 270300141, 484961310, 883456650, 560149110, 1241350578, 630449703, 128947077, 240600960, 158270319, 23684157, 671802993, 562404744, 155638746
interval_timer.cpiInstructionCachedram = 0, 0, 0, 0, 0, 0, 0, 0, 0, 0, 0, 0, 0, 0, 0, 0
interval_timer.cpiInstructionCachedram-cache = 0, 0, 0, 0, 0, 0, 0, 0, 0, 0, 0, 0, 0, 0, 0, 0
interval_timer.cpiInstructionCachedram-local = 9453738033, 0, 0, 0, 24854831046, 0, 0, 0, 0, 0, 0, 0, 0, 0, 0, 0
interval_timer.cpiInstructionCachedram-remote = 33408195174, 870674724, 2357889408, 78947190, 74337050043, 24801823647, 25119868041, 0, 3262398642, 0, 0, 405638181, 0, 72932166000, 0, 0
interval_timer.cpiInstructionCacheL1 = 0, 0, 0, 0, 0, 0, 0, 0, 0, 0, 0, 0, 0, 0, 0, 0
interval_timer.cpiInstructionCacheL1_S = 0, 0, 0, 0, 0, 0, 0, 0, 0, 0, 0, 0, 0, 0, 0, 0
interval_timer.cpiInstructionCacheL1I = 0, 0, 0, 0, 0, 0, 0, 0, 0, 0, 0, 0, 0, 0, 0, 0
interval_timer.cpiInstructionCacheL2 = 0, 0, 0, 0, 0, 0, 0, 0, 0, 0, 0, 0, 0, 0, 0, 0
interval_timer.cpiInstructionCacheL2_S = 0, 0, 0, 0, 0, 0, 0, 0, 0, 0, 0, 0, 0, 0, 0, 0
interval_timer.cpiInstructionCacheL3 = 0, 0, 0, 0, 0, 0, 0, 0, 0, 0, 0, 0, 0, 0, 0, 0
interval_timer.cpiInstructionCacheL3_S = 0, 0, 0, 0, 0, 0, 0, 0, 0, 0, 0, 0, 0, 0, 0, 0
interval_timer.cpiInstructionCacheL4 = 0, 0, 0, 0, 0, 0, 0, 0, 0, 0, 0, 0, 0, 0, 0, 0
interval_timer.cpiInstructionCacheL4_S = 0, 0, 0, 0, 0, 0, 0, 0, 0, 0, 0, 0, 0, 0, 0, 0
interval_timer.cpiInstructionCachemiss = 0, 0, 0, 0, 0, 0, 0, 0, 0, 0, 0, 0, 0, 0, 0, 0
interval_timer.cpiInstructionCachenuca-cache = 0, 0, 0, 0, 0, 0, 0, 0, 0, 0, 0, 0, 0, 0, 0, 0
interval_timer.cpiInstructionCachenuca-local = 28570988061, 7695471330, 15369514137, 8318026314, 7740959949, 4784575653, 6969909060, 8321033826, 10175916852, 10338698439, 7684945038, 5266529451, 6815398131, 8361635238, 5052996099, 4147734987
interval_timer.cpiInstructionCachenuca-remote = 550733341806, 94482869175, 100758418902, 106852390092, 110858020137, 89225738199, 91823476689, 92347159716, 91246034385, 103075330959, 92720091204, 117253870344, 109975315365, 87692283018, 82549813437, 103872697578
interval_timer.cpiInstructionCachepredicate-false = 0, 0, 0, 0, 0, 0, 0, 0, 0, 0, 0, 0, 0, 0, 0, 0
interval_timer.cpiInstructionCacheprefetch-no-mapping = 0, 0, 0, 0, 0, 0, 0, 0, 0, 0, 0, 0, 0, 0, 0, 0
interval_timer.cpiInstructionCacheunknown = 0, 0, 0, 0, 0, 0, 0, 0, 0, 0, 0, 0, 0, 0, 0, 0
interval_timer.cpiLongLatency = 0, 0, 0, 0, 0, 0, 0, 0, 0, 0, 0, 0, 0, 0, 0, 0
interval_timer.cpiSerialization = 125563626, 0, 0, 0, 0, 0, 0, 0, 0, 0, 0, 0, 0, 0, 0, 0
interval_timer.detailed-cpiBase-BranchMispredict = 0, 0, 0, 0, 0, 0, 0, 0, 0, 0, 0, 0, 0, 0, 0, 0
interval_timer.detailed-cpiBase-DispatchRate = 107918469, 81185177, 67011211, 74550631, 76188310, 66299938, 52636287, 58240228, 61594596, 74777624, 58654137, 66102703, 69518075, 74796977, 60914020, 67637486
interval_timer.detailed-cpiBase-DispatchRate+BranchMispredict = 0, 0, 0, 0, 0, 0, 0, 0, 0, 0, 0, 0, 0, 0, 0, 0
interval_timer.detailed-cpiBase-DispatchRate+ICacheMiss = 0, 0, 0, 0, 0, 0, 0, 0, 0, 0, 0, 0, 0, 0, 0, 0
interval_timer.detailed-cpiBase-DispatchRate+ICacheMiss+BranchMispredict = 0, 0, 0, 0, 0, 0, 0, 0, 0, 0, 0, 0, 0, 0, 0, 0
interval_timer.detailed-cpiBase-DispatchWidth = 47012, 4004, 3737, 3831, 3734, 3217, 2932, 3468, 3135, 3795, 3748, 3935, 3348, 3484, 3004, 3592
interval_timer.detailed-cpiBase-DispatchWidth+BranchMispredict = 0, 0, 0, 0, 0, 0, 0, 0, 0, 0, 0, 0, 0, 0, 0, 0
interval_timer.detailed-cpiBase-DispatchWidth+DispatchRate = 19891408, 2193551, 1819977, 1971249, 2029886, 1707858, 1250949, 1416651, 1575448, 1944672, 1410581, 1591186, 1766754, 1927861, 1486044, 1771438
interval_timer.detailed-cpiBase-DispatchWidth+DispatchRate+BranchMispredict = 0, 0, 0, 0, 0, 0, 0, 0, 0, 0, 0, 0, 0, 0, 0, 0
interval_timer.detailed-cpiBase-DispatchWidth+DispatchRate+ICacheMiss = 0, 0, 0, 0, 0, 0, 0, 0, 0, 0, 0, 0, 0, 0, 0, 0
interval_timer.detailed-cpiBase-DispatchWidth+DispatchRate+ICacheMiss+BranchMispredict = 0, 0, 0, 0, 0, 0, 0, 0, 0, 0, 0, 0, 0, 0, 0, 0
interval_timer.detailed-cpiBase-DispatchWidth+ICacheMiss = 0, 0, 0, 0, 0, 0, 0, 0, 0, 0, 0, 0, 0, 0, 0, 0
interval_timer.detailed-cpiBase-DispatchWidth+ICacheMiss+BranchMispredict = 0, 0, 0, 0, 0, 0, 0, 0, 0, 0, 0, 0, 0, 0, 0, 0
interval_timer.detailed-cpiBase-ICacheMiss = 0, 0, 0, 0, 0, 0, 0, 0, 0, 0, 0, 0, 0, 0, 0, 0
interval_timer.detailed-cpiBase-ICacheMiss+BranchMispredict = 0, 0, 0, 0, 0, 0, 0, 0, 0, 0, 0, 0, 0, 0, 0, 0
interval_timer.detailed-cpiBase-NoReason = 0, 0, 0, 0, 0, 0, 0, 0, 0, 0, 0, 0, 0, 0, 0, 0
interval_timer.detailed-cpiBase-WindowEmpty = 0, 0, 0, 0, 0, 0, 0, 0, 0, 0, 0, 0, 0, 0, 0, 0
interval_timer.detailed-cpiBase-WindowEmpty+BranchMispredict = 0, 0, 0, 0, 0, 0, 0, 0, 0, 0, 0, 0, 0, 0, 0, 0
interval_timer.detailed-cpiBase-WindowEmpty+DispatchRate = 0, 0, 0, 0, 0, 0, 0, 0, 0, 0, 0, 0, 0, 0, 0, 0
interval_timer.detailed-cpiBase-WindowEmpty+DispatchRate+BranchMispredict = 0, 0, 0, 0, 0, 0, 0, 0, 0, 0, 0, 0, 0, 0, 0, 0
interval_timer.detailed-cpiBase-WindowEmpty+DispatchRate+ICacheMiss = 0, 0, 0, 0, 0, 0, 0, 0, 0, 0, 0, 0, 0, 0, 0, 0
interval_timer.detailed-cpiBase-WindowEmpty+DispatchRate+ICacheMiss+BranchMispredict = 0, 0, 0, 0, 0, 0, 0, 0, 0, 0, 0, 0, 0, 0, 0, 0
interval_timer.detailed-cpiBase-WindowEmpty+DispatchWidth = 0, 0, 0, 0, 0, 0, 0, 0, 0, 0, 0, 0, 0, 0, 0, 0
interval_timer.detailed-cpiBase-WindowEmpty+DispatchWidth+BranchMispredict = 0, 0, 0, 0, 0, 0, 0, 0, 0, 0, 0, 0, 0, 0, 0, 0
interval_timer.detailed-cpiBase-WindowEmpty+DispatchWidth+DispatchRate = 0, 0, 0, 0, 0, 0, 0, 0, 0, 0, 0, 0, 0, 0, 0, 0
interval_timer.detailed-cpiBase-WindowEmpty+DispatchWidth+DispatchRate+BranchMispredict = 0, 0, 0, 0, 0, 0, 0, 0, 0, 0, 0, 0, 0, 0, 0, 0
interval_timer.detailed-cpiBase-WindowEmpty+DispatchWidth+DispatchRate+ICacheMiss = 0, 0, 0, 0, 0, 0, 0, 0, 0, 0, 0, 0, 0, 0, 0, 0
interval_timer.detailed-cpiBase-WindowEmpty+DispatchWidth+DispatchRate+ICacheMiss+BranchMispredict = 0, 0, 0, 0, 0, 0, 0, 0, 0, 0, 0, 0, 0, 0, 0, 0
interval_timer.detailed-cpiBase-WindowEmpty+DispatchWidth+ICacheMiss = 0, 0, 0, 0, 0, 0, 0, 0, 0, 0, 0, 0, 0, 0, 0, 0
interval_timer.detailed-cpiBase-WindowEmpty+DispatchWidth+ICacheMiss+BranchMispredict = 0, 0, 0, 0, 0, 0, 0, 0, 0, 0, 0, 0, 0, 0, 0, 0
interval_timer.detailed-cpiBase-WindowEmpty+ICacheMiss = 0, 0, 0, 0, 0, 0, 0, 0, 0, 0, 0, 0, 0, 0, 0, 0
interval_timer.detailed-cpiBase-WindowEmpty+ICacheMiss+BranchMispredict = 0, 0, 0, 0, 0, 0, 0, 0, 0, 0, 0, 0, 0, 0, 0, 0
interval_timer.loadstore_contention.no-free-slots = 0, 0, 0, 0, 0, 0, 0, 0, 0, 0, 0, 0, 0, 0, 0, 0
interval_timer.loadstore_contention.num-barriers = 0, 0, 0, 0, 0, 0, 0, 0, 0, 0, 0, 0, 0, 0, 0, 0
interval_timer.loadstore_contention.num-requests = 70970683, 30596912, 27195142, 29812339, 30045468, 26241190, 21797403, 23939097, 25275472, 29329146, 24072663, 26825053, 28193336, 28611288, 24769763, 27429742
interval_timer.loadstore_contention.requests-out-of-order = 39431660, 12714517, 11876103, 12964842, 12821028, 11374588, 9797502, 10751533, 11277121, 12645097, 10802981, 12019873, 12529214, 11873783, 10946151, 12039852
interval_timer.loadstore_contention.requests-simultaneous = 18943862, 11521693, 9673452, 10657067, 10945098, 9367752, 7461725, 8219526, 8757578, 10580291, 8293153, 9277822, 9862375, 10697840, 8686633, 9708086
interval_timer.loadstore_contention.total-barrier-delay = 0, 0, 0, 0, 0, 0, 0, 0, 0, 0, 0, 0, 0, 0, 0, 0
interval_timer.loadstore_contention.total-delay = 10722615992397, 3223172038923, 2564518264326, 2899311492654, 3080213715393, 2330072553573, 1656225204291, 1825190235963, 2266493373954, 2753287010640, 1903112240310, 2154401522019, 2601274948173, 2857981134933, 2215288978398, 2533472469828
interval_timer.numBPredOverlapped = 2453517, 593181, 624744, 649205, 624483, 634227, 597940, 631560, 604166, 700611, 675799, 745698, 710017, 542925, 556732, 611542
interval_timer.numDCacheOverlapped = 5556089, 1486976, 1368027, 1448351, 1441204, 1352408, 1148600, 1240199, 1209984, 1462580, 1273100, 1427859, 1391779, 1327302, 1159880, 1309472
interval_timer.numHiddenLongerDCacheLatency = 104515, 35229, 30428, 31434, 33009, 30650, 24783, 26993, 27191, 33005, 27536, 30531, 31268, 31600, 25656, 29441
interval_timer.numICacheOverlapped = 30105528, 9358243, 9899535, 10271381, 9967600, 9978573, 9380346, 9968794, 9685826, 11181358, 10725783, 11843753, 11364164, 8617963, 8892436, 9678055
interval_timer.numLongLatencyLoads = 238873, 74086, 78380, 81323, 78916, 79029, 74298, 78964, 76729, 88531, 84929, 93788, 89986, 68241, 70424, 76648
interval_timer.numMfenceInsns = 0, 0, 0, 0, 0, 0, 0, 0, 0, 0, 0, 0, 0, 0, 0, 0
interval_timer.numSerializationInsns = 134, 0, 0, 0, 0, 0, 0, 0, 0, 0, 0, 0, 0, 0, 0, 0
interval_timer.numTotalLongLatencyLoadLatency = 15185010, 4074406, 4266336, 4567312, 4333953, 4234771, 3986751, 4414846, 4278216, 5045576, 4734507, 5521567, 5416900, 3808175, 3885164, 4388684
interval_timer.outstandingLongLatencyCycles = 16523983, 5015128, 5066431, 5425468, 5227273, 4992259, 4593662, 5074285, 4983745, 5890090, 5399541, 6290136, 6215856, 4651731, 4560476, 5181262
interval_timer.outstandingLongLatencyInsns = 28292107, 7493906, 7281349, 7847749, 7560631, 7205061, 6502925, 7254579, 7041254, 8444242, 7597748, 8882585, 8803869, 6940207, 6539388, 7538218
interval_timer.totalHiddenDCacheLatency = 36226807, 10918603, 9855940, 10514884, 10478173, 9709861, 8138724, 8905779, 8756630, 10678583, 9113277, 10392162, 10299180, 9805751, 8404424, 9638206
interval_timer.totalHiddenLongerDCacheLatency = 2607482, 634438, 546070, 595621, 576636, 536865, 445876, 514540, 500130, 593448, 526399, 619432, 624291, 583000, 513796, 598738
interval_timer.totalMfenceLatency = 0, 0, 0, 0, 0, 0, 0, 0, 0, 0, 0, 0, 0, 0, 0, 0
interval_timer.totalSerializationLatency = 334, 0, 0, 0, 0, 0, 0, 0, 0, 0, 0, 0, 0, 0, 0, 0
interval_timer.uop_branch = 52481224, 16643762, 14757374, 16101994, 16021140, 14404333, 11826902, 12966709, 13538992, 16014463, 13014319, 14494135, 15024315, 15610241, 13363914, 14778427
interval_timer.uop_fp_addsub = 12417549, 14484990, 11390990, 12837985, 13764225, 10907705, 8084400, 9061820, 10470995, 12532520, 9211120, 10549365, 12017690, 12932460, 10092295, 11520780
interval_timer.uop_fp_muldiv = 8983551, 10470100, 8223830, 9270520, 9903925, 7911345, 5887780, 6616305, 7554435, 9082985, 6709790, 7685045, 8667130, 9365265, 7315775, 8350690
interval_timer.uop_generic = 137995699, 65245991, 53249506, 59273391, 59920688, 52123433, 40227982, 44817394, 47882182, 59090710, 45138742, 51275389, 54111088, 58843699, 47271007, 53301231
interval_timer.uop_load = 76526784, 32083903, 28563219, 31260740, 31486722, 27593648, 22946053, 25179346, 26485506, 30791776, 25345813, 28252962, 29585165, 29938640, 25929693, 28739264
interval_timer.uop_store = 28939424, 5514373, 5839794, 6166793, 5684028, 5675730, 5319367, 5739948, 5505539, 6144260, 5730703, 6237798, 5983105, 5453685, 5470874, 5875322
interval_timer.uops_pause = 0, 0, 0, 0, 0, 0, 0, 0, 0, 0, 0, 0, 0, 0, 0, 0
interval_timer.uops_total = 317344231, 144443119, 122024713, 134911423, 136780728, 118616194, 94292484, 104381522, 111437649, 133656714, 105150487, 118494694, 125388493, 132143990, 109443558, 122565714
interval_timer.uops_x87 = 0, 0, 0, 0, 0, 0, 0, 0, 0, 0, 0, 0, 0, 0, 0, 0
ipc = 0.669483073847
itlb.access = 40145227, 16170660, 14275586, 15594905, 15575495, 13919809, 11394044, 12477859, 13085683, 15492284, 12535835, 13962376, 14527323, 15161490, 12931420, 14289091
itlb.miss = 164, 26, 28, 28, 28, 28, 28, 28, 28, 28, 28, 28, 28, 28, 28, 28
itlb_cache.access-mru-0 = 39413837, 16170626, 14275549, 15594868, 15575458, 13919772, 11394005, 12477822, 13085646, 15492248, 12535801, 13962341, 14527288, 15161455, 12931385, 14289056
itlb_cache.access-mru-1 = 730773, 8, 9, 9, 9, 9, 11, 9, 9, 8, 6, 7, 7, 7, 7, 7
itlb_cache.access-mru-2 = 427, 0, 0, 0, 0, 0, 0, 0, 0, 0, 0, 0, 0, 0, 0, 0
itlb_cache.access-mru-3 = 26, 0, 0, 0, 0, 0, 0, 0, 0, 0, 0, 0, 0, 0, 0, 0
L1-D.access-mru-0 = 101206333, 36663672, 33400602, 36424180, 36133875, 32299313, 27419215, 30246124, 31280757, 36269942, 30133924, 33503300, 34790165, 34788615, 30714803, 33710380
L1-D.access-mru-1 = 3629932, 1182286, 1104569, 1173792, 1214617, 1087373, 911318, 815118, 832027, 881721, 1051689, 1115065, 935628, 852379, 825083, 1042885
L1-D.access-mru-2 = 202514, 157292, 174756, 158428, 148575, 155894, 132694, 101384, 110770, 115133, 122408, 149552, 113622, 100044, 103045, 145198
L1-D.access-mru-3 = 36557, 26729, 29222, 32539, 28925, 27381, 24062, 19354, 22098, 22383, 24767, 25802, 22221, 18155, 22099, 25851
L1-D.backinval-D = 0, 0, 0, 0, 0, 0, 0, 0, 0, 0, 0, 0, 0, 0, 0, 0
L1-D.backinval-E = 133175, 60538, 56133, 60182, 59940, 51679, 43079, 48636, 46552, 51256, 42858, 49396, 49754, 50660, 43107, 49498
L1-D.backinval-I = 0, 0, 0, 0, 0, 0, 0, 0, 0, 0, 0, 0, 0, 0, 0, 0
L1-D.backinval-M = 513811, 57587, 56454, 60663, 59827, 49608, 45237, 50402, 48760, 58527, 51980, 58618, 59615, 48711, 46305, 50539
L1-D.backinval-O = 0, 0, 0, 0, 0, 0, 0, 0, 0, 0, 0, 0, 0, 0, 0, 0
L1-D.backinval-S = 31169, 26773, 26645, 26988, 25783, 31085, 29228, 28600, 28354, 37249, 35947, 39228, 35062, 28170, 27816, 30812
L1-D.backinval-u = 0, 0, 0, 0, 0, 0, 0, 0, 0, 0, 0, 0, 0, 0, 0, 0
L1-D.coherency-downgrades = 14732, 7491, 3771, 3494, 3883, 24691, 25523, 23991, 24952, 10631, 13480, 14434, 9749, 17373, 13114, 17674
L1-D.coherency-invalidates = 6124, 3501, 2948, 2581, 2987, 8352, 7337, 7176, 7859, 7297, 8121, 8872, 6344, 7786, 7100, 8332
L1-D.coherency-upgrades = 0, 0, 0, 0, 0, 0, 0, 0, 0, 0, 0, 0, 0, 0, 0, 0
L1-D.coherency-writebacks = 2089, 2200, 1335, 1797, 1295, 2953, 2959, 2723, 2604, 3022, 3150, 2694, 2825, 1847, 1787, 2632
L1-D.evict-D = 0, 0, 0, 0, 0, 0, 0, 0, 0, 0, 0, 0, 0, 0, 0, 0
L1-D.evict-E = 0, 0, 0, 0, 0, 0, 0, 0, 0, 0, 0, 0, 0, 0, 0, 0
L1-D.evict-I = 0, 0, 0, 0, 0, 0, 0, 0, 0, 0, 0, 0, 0, 0, 0, 0
L1-D.evict-M = 0, 0, 0, 0, 0, 0, 0, 0, 0, 0, 0, 0, 0, 0, 0, 0
L1-D.evict-O = 0, 0, 0, 0, 0, 0, 0, 0, 0, 0, 0, 0, 0, 0, 0, 0
L1-D.evict-prefetch = 0, 0, 0, 0, 0, 0, 0, 0, 0, 0, 0, 0, 0, 0, 0, 0
L1-D.evict-S = 0, 0, 0, 0, 0, 0, 0, 0, 0, 0, 0, 0, 0, 0, 0, 0
L1-D.evict-u = 0, 0, 0, 0, 0, 0, 0, 0, 0, 0, 0, 0, 0, 0, 0, 0
L1-D.evict-warmup = 0, 0, 0, 0, 0, 0, 0, 0, 0, 0, 0, 0, 0, 0, 0, 0
L1-D.hits-prefetch = 0, 0, 0, 0, 0, 0, 0, 0, 0, 0, 0, 0, 0, 0, 0, 0
L1-D.hits-warmup = 0, 0, 0, 0, 0, 0, 0, 0, 0, 0, 0, 0, 0, 0, 0, 0
L1-D.invalidate-prefetch = 0, 0, 0, 0, 0, 0, 0, 0, 0, 0, 0, 0, 0, 0, 0, 0
L1-D.invalidate-warmup = 0, 0, 0, 0, 0, 0, 0, 0, 0, 0, 0, 0, 0, 0, 0, 0
L1-D.load-misses = 413661, 133009, 135616, 142200, 138144, 135366, 125373, 133593, 129912, 147483, 139102, 153924, 148641, 123066, 120763, 133864
L1-D.load-misses-D = 0, 0, 0, 0, 0, 0, 0, 0, 0, 0, 0, 0, 0, 0, 0, 0
L1-D.load-misses-E = 9892, 5363, 10048, 10555, 8468, 8740, 10854, 11248, 10655, 6900, 9918, 9747, 9991, 6592, 9992, 10110
L1-D.load-misses-I = 403178, 126202, 124203, 130554, 128303, 124476, 112538, 120275, 117199, 135381, 124599, 138690, 133931, 115801, 109358, 122353
L1-D.load-misses-M = 0, 0, 0, 0, 0, 0, 0, 0, 0, 0, 0, 0, 0, 0, 0, 0
L1-D.load-misses-O = 0, 0, 0, 0, 0, 0, 0, 0, 0, 0, 0, 0, 0, 0, 0, 0
L1-D.load-misses-S = 591, 1444, 1365, 1091, 1373, 2150, 1981, 2070, 2058, 5202, 4585, 5487, 4719, 673, 1413, 1401
L1-D.load-misses-u = 0, 0, 0, 0, 0, 0, 0, 0, 0, 0, 0, 0, 0, 0, 0, 0
L1-D.load-overlapping-misses = 0, 0, 0, 0, 0, 0, 0, 0, 0, 0, 0, 0, 0, 0, 0, 0
L1-D.loads = 77058025, 32703528, 29051564, 31815220, 32031687, 28076598, 23333013, 25619266, 26913361, 31346506, 25786558, 28761412, 30078070, 30477710, 26356158, 29229544
L1-D.loads-D = 0, 0, 0, 0, 0, 0, 0, 0, 0, 0, 0, 0, 0, 0, 0, 0
L1-D.loads-E = 29892117, 13991919, 11196230, 12869346, 13276273, 11460849, 8967466, 9889907, 11049719, 10759363, 8178700, 9209238, 10470197, 13377351, 10482603, 12020039
L1-D.loads-I = 403178, 126202, 124203, 130554, 128303, 124476, 112538, 120275, 117199, 135381, 124599, 138690, 133931, 115801, 109358, 122353
L1-D.loads-M = 39925972, 10261059, 10188948, 10808731, 10267793, 9939573, 8924592, 9653766, 9478321, 10812201, 9590676, 10513308, 10310512, 9948834, 9407232, 10157269
L1-D.loads-O = 0, 0, 0, 0, 0, 0, 0, 0, 0, 0, 0, 0, 0, 0, 0, 0
L1-D.loads-prefetch = 0, 0, 0, 0, 0, 0, 0, 0, 0, 0, 0, 0, 0, 0, 0, 0
L1-D.loads-S = 6836758, 8324348, 7542183, 8006589, 8359318, 6551700, 5328417, 5955318, 6268122, 9639561, 7892583, 8900176, 9163430, 7035724, 6356965, 6929883
L1-D.loads-u = 0, 0, 0, 0, 0, 0, 0, 0, 0, 0, 0, 0, 0, 0, 0, 0
L1-D.loads-where-cache-remote = 12217, 11223, 8323, 7474, 9059, 12271, 9381, 9875, 8819, 27906, 25985, 29066, 25630, 6990, 12128, 12636
L1-D.loads-where-dram = 0, 0, 0, 0, 0, 0, 0, 0, 0, 0, 0, 0, 0, 0, 0, 0
L1-D.loads-where-dram-cache = 0, 0, 0, 0, 0, 0, 0, 0, 0, 0, 0, 0, 0, 0, 0, 0
L1-D.loads-where-dram-local = 9733, 0, 0, 0, 1, 0, 0, 0, 0, 0, 0, 0, 3, 0, 0, 0
L1-D.loads-where-dram-remote = 28963, 11, 6, 1, 8, 115, 5, 9, 1, 64, 2, 6, 0, 79, 1, 5
L1-D.loads-where-L1 = 76644364, 32570519, 28915948, 31673020, 31893543, 27941232, 23207640, 25485673, 26783449, 31199023, 25647456, 28607488, 29929429, 30354644, 26235395, 29095680
L1-D.loads-where-L1_S = 0, 0, 0, 0, 0, 0, 0, 0, 0, 0, 0, 0, 0, 0, 0, 0
L1-D.loads-where-L1I = 0, 0, 0, 0, 0, 0, 0, 0, 0, 0, 0, 0, 0, 0, 0, 0
L1-D.loads-where-L2 = 12776, 7670, 13601, 13573, 11854, 13513, 15611, 16244, 15410, 14499, 17819, 18520, 17527, 8501, 13423, 14128
L1-D.loads-where-L2_S = 0, 0, 0, 0, 0, 0, 0, 0, 0, 0, 0, 0, 0, 0, 0, 0
L1-D.loads-where-L3 = 0, 0, 0, 0, 0, 0, 0, 0, 0, 0, 0, 0, 0, 0, 0, 0
L1-D.loads-where-L3_S = 0, 0, 0, 0, 0, 0, 0, 0, 0, 0, 0, 0, 0, 0, 0, 0
L1-D.loads-where-L4 = 0, 0, 0, 0, 0, 0, 0, 0, 0, 0, 0, 0, 0, 0, 0, 0
L1-D.loads-where-L4_S = 0, 0, 0, 0, 0, 0, 0, 0, 0, 0, 0, 0, 0, 0, 0, 0
L1-D.loads-where-miss = 0, 0, 0, 0, 0, 0, 0, 0, 0, 0, 0, 0, 0, 0, 0, 0
L1-D.loads-where-nuca-cache = 0, 0, 0, 0, 0, 0, 0, 0, 0, 0, 0, 0, 0, 0, 0, 0
L1-D.loads-where-nuca-local = 21011, 7155, 8557, 7672, 6807, 6327, 8605, 7999, 6717, 6970, 5409, 5947, 6143, 6300, 5165, 5833
L1-D.loads-where-nuca-remote = 328961, 106950, 105129, 113480, 110415, 103140, 91771, 99466, 98965, 98044, 89887, 100385, 99338, 101196, 90046, 101262
L1-D.loads-where-predicate-false = 0, 0, 0, 0, 0, 0, 0, 0, 0, 0, 0, 0, 0, 0, 0, 0
L1-D.loads-where-prefetch-no-mapping = 0, 0, 0, 0, 0, 0, 0, 0, 0, 0, 0, 0, 0, 0, 0, 0
L1-D.loads-where-unknown = 0, 0, 0, 0, 0, 0, 0, 0, 0, 0, 0, 0, 0, 0, 0, 0
L1-D.mshr-latency = 0, 0, 0, 0, 0, 0, 0, 0, 0, 0, 0, 0, 0, 0, 0, 0
L1-D.next_read.no-free-slots = 0, 0, 0, 0, 0, 0, 0, 0, 0, 0, 0, 0, 0, 0, 0, 0
L1-D.next_read.num-barriers = 0, 0, 0, 0, 0, 0, 0, 0, 0, 0, 0, 0, 0, 0, 0, 0
L1-D.next_read.num-requests = 0, 0, 0, 0, 0, 0, 0, 0, 0, 0, 0, 0, 0, 0, 0, 0
L1-D.next_read.requests-out-of-order = 0, 0, 0, 0, 0, 0, 0, 0, 0, 0, 0, 0, 0, 0, 0, 0
L1-D.next_read.requests-simultaneous = 0, 0, 0, 0, 0, 0, 0, 0, 0, 0, 0, 0, 0, 0, 0, 0
L1-D.next_read.total-barrier-delay = 0, 0, 0, 0, 0, 0, 0, 0, 0, 0, 0, 0, 0, 0, 0, 0
L1-D.next_read.total-delay = 0, 0, 0, 0, 0, 0, 0, 0, 0, 0, 0, 0, 0, 0, 0, 0
L1-D.prefetches = 0, 0, 0, 0, 0, 0, 0, 0, 0, 0, 0, 0, 0, 0, 0, 0
L1-D.qbs-query-latency = 0, 0, 0, 0, 0, 0, 0, 0, 0, 0, 0, 0, 0, 0, 0, 0
L1-D.snoop-latency = 0, 0, 0, 0, 0, 0, 0, 0, 0, 0, 0, 0, 0, 0, 0, 0
L1-D.store-misses = 508877, 55418, 46953, 51274, 52029, 47341, 39958, 43911, 43661, 54529, 45641, 51877, 51293, 49586, 41559, 47058
L1-D.store-misses-D = 0, 0, 0, 0, 0, 0, 0, 0, 0, 0, 0, 0, 0, 0, 0, 0
L1-D.store-misses-E = 223823, 27184, 24026, 26284, 26969, 23994, 20203, 22910, 22924, 24772, 21059, 23820, 24427, 25773, 21729, 24424
L1-D.store-misses-I = 283471, 24803, 19718, 22052, 21936, 19607, 15710, 17670, 17340, 22380, 17866, 20522, 20078, 21783, 17163, 19871
L1-D.store-misses-M = 0, 0, 0, 0, 0, 0, 0, 0, 0, 0, 0, 0, 0, 0, 0, 0
L1-D.store-misses-O = 0, 0, 0, 0, 0, 0, 0, 0, 0, 0, 0, 0, 0, 0, 0, 0
L1-D.store-misses-S = 1583, 3431, 3209, 2938, 3124, 3740, 4045, 3331, 3397, 7377, 6716, 7535, 6788, 2030, 2667, 2763
L1-D.store-misses-u = 0, 0, 0, 0, 0, 0, 0, 0, 0, 0, 0, 0, 0, 0, 0, 0
L1-D.store-overlapping-misses = 0, 0, 0, 0, 0, 0, 0, 0, 0, 0, 0, 0, 0, 0, 0, 0
L1-D.stores = 28939849, 5514878, 5840154, 6167193, 5684478, 5676070, 5319607, 5740218, 5505864, 6144685, 5730973, 6238108, 5983500, 5454135, 5471194, 5875692
L1-D.stores-D = 0, 0, 0, 0, 0, 0, 0, 0, 0, 0, 0, 0, 0, 0, 0, 0
L1-D.stores-E = 223823, 27184, 24026, 26284, 26969, 23994, 20203, 22910, 22924, 24772, 21059, 23820, 24427, 25773, 21729, 24424
L1-D.stores-I = 283471, 24803, 19718, 22052, 21936, 19607, 15710, 17670, 17340, 22380, 17866, 20522, 20078, 21783, 17163, 19871
L1-D.stores-M = 28430972, 5459460, 5793201, 6115919, 5632449, 5628729, 5279649, 5696307, 5462203, 6090156, 5685332, 6186231, 5932207, 5404549, 5429635, 5828634
L1-D.stores-O = 0, 0, 0, 0, 0, 0, 0, 0, 0, 0, 0, 0, 0, 0, 0, 0
L1-D.stores-prefetch = 0, 0, 0, 0, 0, 0, 0, 0, 0, 0, 0, 0, 0, 0, 0, 0
L1-D.stores-S = 1583, 3431, 3209, 2938, 3124, 3740, 4045, 3331, 3397, 7377, 6716, 7535, 6788, 2030, 2667, 2763
L1-D.stores-u = 0, 0, 0, 0, 0, 0, 0, 0, 0, 0, 0, 0, 0, 0, 0, 0
L1-D.stores-where-cache-remote = 0, 0, 0, 0, 0, 0, 0, 0, 0, 0, 0, 0, 0, 0, 0, 0
L1-D.stores-where-dram = 0, 0, 0, 0, 0, 0, 0, 0, 0, 0, 0, 0, 0, 0, 0, 0
L1-D.stores-where-dram-cache = 0, 0, 0, 0, 0, 0, 0, 0, 0, 0, 0, 0, 0, 0, 0, 0
L1-D.stores-where-dram-local = 0, 0, 0, 0, 0, 0, 0, 0, 0, 0, 0, 0, 0, 0, 0, 0
L1-D.stores-where-dram-remote = 0, 0, 0, 0, 0, 0, 0, 0, 0, 0, 0, 0, 0, 0, 0, 0
L1-D.stores-where-L1 = 28430972, 5459460, 5793201, 6115919, 5632449, 5628729, 5279649, 5696307, 5462203, 6090156, 5685332, 6186231, 5932207, 5404549, 5429635, 5828634
L1-D.stores-where-L1_S = 0, 0, 0, 0, 0, 0, 0, 0, 0, 0, 0, 0, 0, 0, 0, 0
L1-D.stores-where-L1I = 0, 0, 0, 0, 0, 0, 0, 0, 0, 0, 0, 0, 0, 0, 0, 0
L1-D.stores-where-L2 = 508877, 55418, 46953, 51274, 52029, 47341, 39958, 43911, 43661, 54529, 45641, 51877, 51293, 49586, 41559, 47058
L1-D.stores-where-L2_S = 0, 0, 0, 0, 0, 0, 0, 0, 0, 0, 0, 0, 0, 0, 0, 0
L1-D.stores-where-L3 = 0, 0, 0, 0, 0, 0, 0, 0, 0, 0, 0, 0, 0, 0, 0, 0
L1-D.stores-where-L3_S = 0, 0, 0, 0, 0, 0, 0, 0, 0, 0, 0, 0, 0, 0, 0, 0
L1-D.stores-where-L4 = 0, 0, 0, 0, 0, 0, 0, 0, 0, 0, 0, 0, 0, 0, 0, 0
L1-D.stores-where-L4_S = 0, 0, 0, 0, 0, 0, 0, 0, 0, 0, 0, 0, 0, 0, 0, 0
L1-D.stores-where-miss = 0, 0, 0, 0, 0, 0, 0, 0, 0, 0, 0, 0, 0, 0, 0, 0
L1-D.stores-where-nuca-cache = 0, 0, 0, 0, 0, 0, 0, 0, 0, 0, 0, 0, 0, 0, 0, 0
L1-D.stores-where-nuca-local = 0, 0, 0, 0, 0, 0, 0, 0, 0, 0, 0, 0, 0, 0, 0, 0
L1-D.stores-where-nuca-remote = 0, 0, 0, 0, 0, 0, 0, 0, 0, 0, 0, 0, 0, 0, 0, 0
L1-D.stores-where-predicate-false = 0, 0, 0, 0, 0, 0, 0, 0, 0, 0, 0, 0, 0, 0, 0, 0
L1-D.stores-where-prefetch-no-mapping = 0, 0, 0, 0, 0, 0, 0, 0, 0, 0, 0, 0, 0, 0, 0, 0
L1-D.stores-where-unknown = 0, 0, 0, 0, 0, 0, 0, 0, 0, 0, 0, 0, 0, 0, 0, 0
L1-D.total-latency = 40319860226747, 19698708774155, 14127480120106, 18172866710042, 17584717435078, 15299725597797, 10601216812212, 13390662019587, 15759942146310, 18266523404738, 13290192673014, 17391194927220, 16789472200628, 15550419685886, 12107539948688, 16102553563362
L1-I.access-mru-0 = 38914198, 16139818, 14234666, 15555015, 15541564, 13882199, 11356027, 12435081, 13043374, 15453788, 12496296, 13913979, 14481143, 15128813, 12890419, 14246224
L1-I.access-mru-1 = 1174772, 19771, 28672, 28432, 21315, 26790, 27316, 31295, 31124, 25930, 27871, 35517, 33717, 21505, 30940, 31793
L1-I.access-mru-2 = 490, 0, 0, 0, 0, 0, 0, 0, 0, 0, 0, 0, 0, 0, 0, 0
L1-I.access-mru-3 = 7, 0, 0, 0, 0, 0, 0, 0, 0, 0, 0, 0, 0, 0, 0, 0
L1-I.backinval-D = 0, 0, 0, 0, 0, 0, 0, 0, 0, 0, 0, 0, 0, 0, 0, 0
L1-I.backinval-E = 43575, 31, 3, 2, 26, 3, 57, 3, 0, 32, 10, 29, 18, 4, 0, 9
L1-I.backinval-I = 0, 0, 0, 0, 0, 0, 0, 0, 0, 0, 0, 0, 0, 0, 0, 0
L1-I.backinval-M = 0, 0, 0, 0, 0, 0, 0, 0, 0, 0, 0, 0, 0, 0, 0, 0
L1-I.backinval-O = 0, 0, 0, 0, 0, 0, 0, 0, 0, 0, 0, 0, 0, 0, 0, 0
L1-I.backinval-S = 11954, 10954, 12158, 11362, 12502, 10728, 10558, 11395, 11100, 12447, 11571, 12766, 12360, 11084, 9973, 10979
L1-I.backinval-u = 0, 0, 0, 0, 0, 0, 0, 0, 0, 0, 0, 0, 0, 0, 0, 0
L1-I.coherency-downgrades = 50, 413, 39, 7, 69, 116, 482, 79, 82, 63, 54, 68, 95, 64, 75, 90
L1-I.coherency-invalidates = 0, 0, 0, 0, 0, 0, 0, 0, 0, 0, 0, 0, 0, 0, 0, 0
L1-I.coherency-upgrades = 0, 0, 0, 0, 0, 0, 0, 0, 0, 0, 0, 0, 0, 0, 0, 0
L1-I.coherency-writebacks = 0, 0, 0, 0, 0, 0, 0, 0, 0, 0, 0, 0, 0, 0, 0, 0
L1-I.evict-D = 0, 0, 0, 0, 0, 0, 0, 0, 0, 0, 0, 0, 0, 0, 0, 0
L1-I.evict-E = 0, 0, 0, 0, 0, 0, 0, 0, 0, 0, 0, 0, 0, 0, 0, 0
L1-I.evict-I = 0, 0, 0, 0, 0, 0, 0, 0, 0, 0, 0, 0, 0, 0, 0, 0
L1-I.evict-M = 0, 0, 0, 0, 0, 0, 0, 0, 0, 0, 0, 0, 0, 0, 0, 0
L1-I.evict-O = 0, 0, 0, 0, 0, 0, 0, 0, 0, 0, 0, 0, 0, 0, 0, 0
L1-I.evict-prefetch = 0, 0, 0, 0, 0, 0, 0, 0, 0, 0, 0, 0, 0, 0, 0, 0
L1-I.evict-S = 0, 0, 0, 0, 0, 0, 0, 0, 0, 0, 0, 0, 0, 0, 0, 0
L1-I.evict-u = 0, 0, 0, 0, 0, 0, 0, 0, 0, 0, 0, 0, 0, 0, 0, 0
L1-I.evict-warmup = 0, 0, 0, 0, 0, 0, 0, 0, 0, 0, 0, 0, 0, 0, 0, 0
L1-I.hits-prefetch = 0, 0, 0, 0, 0, 0, 0, 0, 0, 0, 0, 0, 0, 0, 0, 0
L1-I.hits-warmup = 0, 0, 0, 0, 0, 0, 0, 0, 0, 0, 0, 0, 0, 0, 0, 0
L1-I.invalidate-prefetch = 0, 0, 0, 0, 0, 0, 0, 0, 0, 0, 0, 0, 0, 0, 0, 0
L1-I.invalidate-warmup = 0, 0, 0, 0, 0, 0, 0, 0, 0, 0, 0, 0, 0, 0, 0, 0
L1-I.load-misses = 55760, 11071, 12248, 11458, 12616, 10820, 10701, 11483, 11185, 12566, 11668, 12880, 12463, 11172, 10061, 11074
L1-I.load-misses-D = 0, 0, 0, 0, 0, 0, 0, 0, 0, 0, 0, 0, 0, 0, 0, 0
L1-I.load-misses-E = 0, 0, 0, 0, 0, 0, 0, 0, 0, 0, 0, 0, 0, 0, 0, 0
L1-I.load-misses-I = 55760, 11071, 12248, 11458, 12616, 10820, 10701, 11483, 11185, 12566, 11668, 12880, 12463, 11172, 10061, 11074
L1-I.load-misses-M = 0, 0, 0, 0, 0, 0, 0, 0, 0, 0, 0, 0, 0, 0, 0, 0
L1-I.load-misses-O = 0, 0, 0, 0, 0, 0, 0, 0, 0, 0, 0, 0, 0, 0, 0, 0
L1-I.load-misses-S = 0, 0, 0, 0, 0, 0, 0, 0, 0, 0, 0, 0, 0, 0, 0, 0
L1-I.load-misses-u = 0, 0, 0, 0, 0, 0, 0, 0, 0, 0, 0, 0, 0, 0, 0, 0
L1-I.load-overlapping-misses = 0, 0, 0, 0, 0, 0, 0, 0, 0, 0, 0, 0, 0, 0, 0, 0
L1-I.loads = 40145227, 16170660, 14275586, 15594905, 15575495, 13919809, 11394044, 12477859, 13085683, 15492284, 12535835, 13962376, 14527323, 15161490, 12931420, 14289091
L1-I.loads-D = 0, 0, 0, 0, 0, 0, 0, 0, 0, 0, 0, 0, 0, 0, 0, 0
L1-I.loads-E = 25628968, 3992, 16, 1, 341, 72, 758941, 13, 30, 17, 715, 37, 39, 34, 13168, 15
L1-I.loads-I = 55760, 11071, 12248, 11458, 12616, 10820, 10701, 11483, 11185, 12566, 11668, 12880, 12463, 11172, 10061, 11074
L1-I.loads-M = 0, 0, 0, 0, 0, 0, 0, 0, 0, 0, 0, 0, 0, 0, 0, 0
L1-I.loads-O = 0, 0, 0, 0, 0, 0, 0, 0, 0, 0, 0, 0, 0, 0, 0, 0
L1-I.loads-prefetch = 0, 0, 0, 0, 0, 0, 0, 0, 0, 0, 0, 0, 0, 0, 0, 0
L1-I.loads-S = 14460499, 16155597, 14263322, 15583446, 15562538, 13908917, 10624402, 12466363, 13074468, 15479701, 12523452, 13949459, 14514821, 15150284, 12908191, 14278002
L1-I.loads-u = 0, 0, 0, 0, 0, 0, 0, 0, 0, 0, 0, 0, 0, 0, 0, 0
L1-I.loads-where-cache-remote = 31, 77, 55, 64, 101, 114, 288, 401, 149, 56, 93, 62, 80, 111, 116, 47
L1-I.loads-where-dram = 0, 0, 0, 0, 0, 0, 0, 0, 0, 0, 0, 0, 0, 0, 0, 0
L1-I.loads-where-dram-cache = 0, 0, 0, 0, 0, 0, 0, 0, 0, 0, 0, 0, 0, 0, 0, 0
L1-I.loads-where-dram-local = 432, 0, 0, 0, 3, 0, 0, 0, 2, 0, 0, 0, 0, 0, 0, 0
L1-I.loads-where-dram-remote = 1291, 87, 3, 2, 12, 12, 27, 16, 7, 5, 12, 22, 1, 21, 3, 3
L1-I.loads-where-L1 = 0, 0, 0, 0, 0, 0, 0, 0, 0, 0, 0, 0, 0, 0, 0, 0
L1-I.loads-where-L1_S = 0, 0, 0, 0, 0, 0, 0, 0, 0, 0, 0, 0, 0, 0, 0, 0
L1-I.loads-where-L1I = 40089467, 16159589, 14263338, 15583447, 15562879, 13908989, 11383343, 12466376, 13074498, 15479718, 12524167, 13949496, 14514860, 15150318, 12921359, 14278017
L1-I.loads-where-L2 = 1, 0, 0, 0, 0, 0, 0, 0, 0, 0, 0, 0, 0, 0, 0, 0
L1-I.loads-where-L2_S = 0, 0, 0, 0, 0, 0, 0, 0, 0, 0, 0, 0, 0, 0, 0, 0
L1-I.loads-where-L3 = 0, 0, 0, 0, 0, 0, 0, 0, 0, 0, 0, 0, 0, 0, 0, 0
L1-I.loads-where-L3_S = 0, 0, 0, 0, 0, 0, 0, 0, 0, 0, 0, 0, 0, 0, 0, 0
L1-I.loads-where-L4 = 0, 0, 0, 0, 0, 0, 0, 0, 0, 0, 0, 0, 0, 0, 0, 0
L1-I.loads-where-L4_S = 0, 0, 0, 0, 0, 0, 0, 0, 0, 0, 0, 0, 0, 0, 0, 0
L1-I.loads-where-miss = 0, 0, 0, 0, 0, 0, 0, 0, 0, 0, 0, 0, 0, 0, 0, 0
L1-I.loads-where-nuca-cache = 0, 0, 0, 0, 0, 0, 0, 0, 0, 0, 0, 0, 0, 0, 0, 0
L1-I.loads-where-nuca-local = 3420, 707, 1241, 728, 620, 483, 566, 635, 1120, 1164, 544, 592, 651, 658, 470, 537
L1-I.loads-where-nuca-remote = 50585, 10200, 10949, 10664, 11880, 10211, 9820, 10431, 9907, 11341, 11019, 12204, 11731, 10382, 9472, 10487
L1-I.loads-where-predicate-false = 0, 0, 0, 0, 0, 0, 0, 0, 0, 0, 0, 0, 0, 0, 0, 0
L1-I.loads-where-prefetch-no-mapping = 0, 0, 0, 0, 0, 0, 0, 0, 0, 0, 0, 0, 0, 0, 0, 0
L1-I.loads-where-unknown = 0, 0, 0, 0, 0, 0, 0, 0, 0, 0, 0, 0, 0, 0, 0, 0
L1-I.mshr-latency = 0, 0, 0, 0, 0, 0, 0, 0, 0, 0, 0, 0, 0, 0, 0, 0
L1-I.next_read.no-free-slots = 0, 0, 0, 0, 0, 0, 0, 0, 0, 0, 0, 0, 0, 0, 0, 0
L1-I.next_read.num-barriers = 0, 0, 0, 0, 0, 0, 0, 0, 0, 0, 0, 0, 0, 0, 0, 0
L1-I.next_read.num-requests = 0, 0, 0, 0, 0, 0, 0, 0, 0, 0, 0, 0, 0, 0, 0, 0
L1-I.next_read.requests-out-of-order = 0, 0, 0, 0, 0, 0, 0, 0, 0, 0, 0, 0, 0, 0, 0, 0
L1-I.next_read.requests-simultaneous = 0, 0, 0, 0, 0, 0, 0, 0, 0, 0, 0, 0, 0, 0, 0, 0
L1-I.next_read.total-barrier-delay = 0, 0, 0, 0, 0, 0, 0, 0, 0, 0, 0, 0, 0, 0, 0, 0
L1-I.next_read.total-delay = 0, 0, 0, 0, 0, 0, 0, 0, 0, 0, 0, 0, 0, 0, 0, 0
L1-I.prefetches = 0, 0, 0, 0, 0, 0, 0, 0, 0, 0, 0, 0, 0, 0, 0, 0
L1-I.qbs-query-latency = 0, 0, 0, 0, 0, 0, 0, 0, 0, 0, 0, 0, 0, 0, 0, 0
L1-I.snoop-latency = 0, 0, 0, 0, 0, 0, 0, 0, 0, 0, 0, 0, 0, 0, 0, 0
L1-I.store-misses = 0, 0, 0, 0, 0, 0, 0, 0, 0, 0, 0, 0, 0, 0, 0, 0
L1-I.store-misses-D = 0, 0, 0, 0, 0, 0, 0, 0, 0, 0, 0, 0, 0, 0, 0, 0
L1-I.store-misses-E = 0, 0, 0, 0, 0, 0, 0, 0, 0, 0, 0, 0, 0, 0, 0, 0
L1-I.store-misses-I = 0, 0, 0, 0, 0, 0, 0, 0, 0, 0, 0, 0, 0, 0, 0, 0
L1-I.store-misses-M = 0, 0, 0, 0, 0, 0, 0, 0, 0, 0, 0, 0, 0, 0, 0, 0
L1-I.store-misses-O = 0, 0, 0, 0, 0, 0, 0, 0, 0, 0, 0, 0, 0, 0, 0, 0
L1-I.store-misses-S = 0, 0, 0, 0, 0, 0, 0, 0, 0, 0, 0, 0, 0, 0, 0, 0
L1-I.store-misses-u = 0, 0, 0, 0, 0, 0, 0, 0, 0, 0, 0, 0, 0, 0, 0, 0
L1-I.store-overlapping-misses = 0, 0, 0, 0, 0, 0, 0, 0, 0, 0, 0, 0, 0, 0, 0, 0
L1-I.stores = 0, 0, 0, 0, 0, 0, 0, 0, 0, 0, 0, 0, 0, 0, 0, 0
L1-I.stores-D = 0, 0, 0, 0, 0, 0, 0, 0, 0, 0, 0, 0, 0, 0, 0, 0
L1-I.stores-E = 0, 0, 0, 0, 0, 0, 0, 0, 0, 0, 0, 0, 0, 0, 0, 0
L1-I.stores-I = 0, 0, 0, 0, 0, 0, 0, 0, 0, 0, 0, 0, 0, 0, 0, 0
L1-I.stores-M = 0, 0, 0, 0, 0, 0, 0, 0, 0, 0, 0, 0, 0, 0, 0, 0
L1-I.stores-O = 0, 0, 0, 0, 0, 0, 0, 0, 0, 0, 0, 0, 0, 0, 0, 0
L1-I.stores-prefetch = 0, 0, 0, 0, 0, 0, 0, 0, 0, 0, 0, 0, 0, 0, 0, 0
L1-I.stores-S = 0, 0, 0, 0, 0, 0, 0, 0, 0, 0, 0, 0, 0, 0, 0, 0
L1-I.stores-u = 0, 0, 0, 0, 0, 0, 0, 0, 0, 0, 0, 0, 0, 0, 0, 0
L1-I.stores-where-cache-remote = 0, 0, 0, 0, 0, 0, 0, 0, 0, 0, 0, 0, 0, 0, 0, 0
L1-I.stores-where-dram = 0, 0, 0, 0, 0, 0, 0, 0, 0, 0, 0, 0, 0, 0, 0, 0
L1-I.stores-where-dram-cache = 0, 0, 0, 0, 0, 0, 0, 0, 0, 0, 0, 0, 0, 0, 0, 0
L1-I.stores-where-dram-local = 0, 0, 0, 0, 0, 0, 0, 0, 0, 0, 0, 0, 0, 0, 0, 0
L1-I.stores-where-dram-remote = 0, 0, 0, 0, 0, 0, 0, 0, 0, 0, 0, 0, 0, 0, 0, 0
L1-I.stores-where-L1 = 0, 0, 0, 0, 0, 0, 0, 0, 0, 0, 0, 0, 0, 0, 0, 0
L1-I.stores-where-L1_S = 0, 0, 0, 0, 0, 0, 0, 0, 0, 0, 0, 0, 0, 0, 0, 0
L1-I.stores-where-L1I = 0, 0, 0, 0, 0, 0, 0, 0, 0, 0, 0, 0, 0, 0, 0, 0
L1-I.stores-where-L2 = 0, 0, 0, 0, 0, 0, 0, 0, 0, 0, 0, 0, 0, 0, 0, 0
L1-I.stores-where-L2_S = 0, 0, 0, 0, 0, 0, 0, 0, 0, 0, 0, 0, 0, 0, 0, 0
L1-I.stores-where-L3 = 0, 0, 0, 0, 0, 0, 0, 0, 0, 0, 0, 0, 0, 0, 0, 0
L1-I.stores-where-L3_S = 0, 0, 0, 0, 0, 0, 0, 0, 0, 0, 0, 0, 0, 0, 0, 0
L1-I.stores-where-L4 = 0, 0, 0, 0, 0, 0, 0, 0, 0, 0, 0, 0, 0, 0, 0, 0
L1-I.stores-where-L4_S = 0, 0, 0, 0, 0, 0, 0, 0, 0, 0, 0, 0, 0, 0, 0, 0
L1-I.stores-where-miss = 0, 0, 0, 0, 0, 0, 0, 0, 0, 0, 0, 0, 0, 0, 0, 0
L1-I.stores-where-nuca-cache = 0, 0, 0, 0, 0, 0, 0, 0, 0, 0, 0, 0, 0, 0, 0, 0
L1-I.stores-where-nuca-local = 0, 0, 0, 0, 0, 0, 0, 0, 0, 0, 0, 0, 0, 0, 0, 0
L1-I.stores-where-nuca-remote = 0, 0, 0, 0, 0, 0, 0, 0, 0, 0, 0, 0, 0, 0, 0, 0
L1-I.stores-where-predicate-false = 0, 0, 0, 0, 0, 0, 0, 0, 0, 0, 0, 0, 0, 0, 0, 0
L1-I.stores-where-prefetch-no-mapping = 0, 0, 0, 0, 0, 0, 0, 0, 0, 0, 0, 0, 0, 0, 0, 0
L1-I.stores-where-unknown = 0, 0, 0, 0, 0, 0, 0, 0, 0, 0, 0, 0, 0, 0, 0, 0
L1-I.total-latency = 1451534326334, 250579705540, 267800901652, 260120568340, 498963727364, 449134209319, 529994888305, 257803171178, 254791194652, 285816205635, 543411173536, 281989245888, 279895619502, 419724950822, 297903102838, 255199938997
l1misslat = 74484874.4737
L2.access-mru-0 = 1, 0, 0, 0, 0, 0, 0, 0, 0, 0, 0, 0, 0, 0, 0, 0
L2.access-mru-1 = 0, 0, 0, 0, 0, 0, 0, 0, 0, 0, 0, 0, 0, 0, 0, 0
L2.access-mru-2 = 0, 0, 0, 0, 0, 0, 0, 0, 0, 0, 0, 0, 0, 0, 0, 0
L2.access-mru-3 = 1, 0, 0, 0, 0, 0, 0, 0, 0, 0, 0, 0, 0, 0, 0, 0
L2.backinval-D = 0, 0, 0, 0, 0, 0, 0, 0, 0, 0, 0, 0, 0, 0, 0, 0
L2.backinval-E = 0, 0, 0, 0, 0, 0, 0, 0, 0, 0, 0, 0, 0, 0, 0, 0
L2.backinval-I = 0, 0, 0, 0, 0, 0, 0, 0, 0, 0, 0, 0, 0, 0, 0, 0
L2.backinval-M = 0, 0, 0, 0, 0, 0, 0, 0, 0, 0, 0, 0, 0, 0, 0, 0
L2.backinval-O = 0, 0, 0, 0, 0, 0, 0, 0, 0, 0, 0, 0, 0, 0, 0, 0
L2.backinval-S = 0, 0, 0, 0, 0, 0, 0, 0, 0, 0, 0, 0, 0, 0, 0, 0
L2.backinval-u = 0, 0, 0, 0, 0, 0, 0, 0, 0, 0, 0, 0, 0, 0, 0, 0
L2.coherency-downgrades = 14779, 7904, 3810, 3501, 3952, 24807, 26005, 24070, 25034, 10694, 13534, 14502, 9844, 17437, 13189, 17764
L2.coherency-invalidates = 6257, 3846, 3250, 2870, 3293, 8604, 7620, 7360, 8054, 7740, 8459, 9200, 6681, 7967, 7256, 8434
L2.coherency-upgrades = 2041, 4525, 4269, 3734, 4189, 5636, 5741, 5214, 5258, 12134, 10963, 12687, 11167, 2519, 3922, 4062
L2.coherency-writebacks = 2089, 2200, 1335, 1797, 1295, 2953, 2959, 2723, 2604, 3022, 3150, 2694, 2825, 1847, 1787, 2632
L2.evict-D = 0, 0, 0, 0, 0, 0, 0, 0, 0, 0, 0, 0, 0, 0, 0, 0
L2.evict-E = 176750, 60569, 56136, 60184, 59966, 51682, 43136, 48639, 46552, 51288, 42868, 49425, 49772, 50664, 43107, 49507
L2.evict-I = 0, 0, 0, 0, 0, 0, 0, 0, 0, 0, 0, 0, 0, 0, 0, 0
L2.evict-M = 513811, 57587, 56454, 60663, 59827, 49608, 45237, 50402, 48760, 58527, 51980, 58618, 59615, 48711, 46305, 50539
L2.evict-O = 0, 0, 0, 0, 0, 0, 0, 0, 0, 0, 0, 0, 0, 0, 0, 0
L2.evict-prefetch = 0, 0, 0, 0, 0, 0, 0, 0, 0, 0, 0, 0, 0, 0, 0, 0
L2.evict-S = 43121, 37727, 38803, 38350, 38285, 41813, 39786, 39995, 39454, 49696, 47518, 51994, 47422, 39254, 37789, 41791
L2.evict-u = 0, 0, 0, 0, 0, 0, 0, 0, 0, 0, 0, 0, 0, 0, 0, 0
L2.evict-warmup = 0, 0, 0, 0, 0, 0, 0, 0, 0, 0, 0, 0, 0, 0, 0, 0
L2.hits-prefetch = 0, 0, 0, 0, 0, 0, 0, 0, 0, 0, 0, 0, 0, 0, 0, 0
L2.hits-warmup = 0, 0, 0, 0, 0, 0, 0, 0, 0, 0, 0, 0, 0, 0, 0, 0
L2.invalidate-prefetch = 0, 0, 0, 0, 0, 0, 0, 0, 0, 0, 0, 0, 0, 0, 0, 0
L2.invalidate-warmup = 0, 0, 0, 0, 0, 0, 0, 0, 0, 0, 0, 0, 0, 0, 0, 0
L2.load-misses = 469419, 144080, 147864, 153658, 150760, 146186, 136074, 145076, 141097, 160049, 150770, 166804, 161104, 134238, 130824, 144938
L2.load-misses-D = 0, 0, 0, 0, 0, 0, 0, 0, 0, 0, 0, 0, 0, 0, 0, 0
L2.load-misses-E = 9892, 5363, 10048, 10555, 8468, 8740, 10854, 11248, 10655, 6900, 9918, 9747, 9991, 6592, 9992, 10110
L2.load-misses-I = 458936, 137273, 136451, 142012, 140919, 135296, 123239, 131758, 128384, 147947, 136267, 151570, 146394, 126973, 119420, 133427
L2.load-misses-M = 0, 0, 0, 0, 0, 0, 0, 0, 0, 0, 0, 0, 0, 0, 0, 0
L2.load-misses-O = 0, 0, 0, 0, 0, 0, 0, 0, 0, 0, 0, 0, 0, 0, 0, 0
L2.load-misses-S = 591, 1444, 1365, 1091, 1373, 2150, 1981, 2070, 2058, 5202, 4585, 5487, 4719, 673, 1412, 1401
L2.load-misses-u = 0, 0, 0, 0, 0, 0, 0, 0, 0, 0, 0, 0, 0, 0, 0, 0
L2.load-overlapping-misses = 8518, 5605, 9253, 9455, 8101, 8661, 10173, 10586, 10380, 9885, 11767, 12403, 12298, 5868, 9129, 8971
L2.loads = 469421, 144080, 147864, 153658, 150760, 146186, 136074, 145076, 141097, 160049, 150770, 166804, 161104, 134238, 130824, 144938
L2.loads-D = 0, 0, 0, 0, 0, 0, 0, 0, 0, 0, 0, 0, 0, 0, 0, 0
L2.loads-E = 9894, 5363, 10048, 10555, 8468, 8740, 10854, 11248, 10655, 6900, 9918, 9747, 9991, 6592, 9992, 10110
L2.loads-I = 458936, 137273, 136451, 142012, 140919, 135296, 123239, 131758, 128384, 147947, 136267, 151570, 146394, 126973, 119420, 133427
L2.loads-M = 0, 0, 0, 0, 0, 0, 0, 0, 0, 0, 0, 0, 0, 0, 0, 0
L2.loads-O = 0, 0, 0, 0, 0, 0, 0, 0, 0, 0, 0, 0, 0, 0, 0, 0
L2.loads-prefetch = 0, 0, 0, 0, 0, 0, 0, 0, 0, 0, 0, 0, 0, 0, 0, 0
L2.loads-S = 591, 1444, 1365, 1091, 1373, 2150, 1981, 2070, 2058, 5202, 4585, 5487, 4719, 673, 1412, 1401
L2.loads-u = 0, 0, 0, 0, 0, 0, 0, 0, 0, 0, 0, 0, 0, 0, 0, 0
L2.mshr-latency = 0, 0, 0, 0, 0, 0, 0, 0, 0, 0, 0, 0, 0, 0, 0, 0
L2.next_read.no-free-slots = 0, 0, 0, 0, 0, 0, 0, 0, 0, 0, 0, 0, 0, 0, 0, 0
L2.next_read.num-barriers = 0, 0, 0, 0, 0, 0, 0, 0, 0, 0, 0, 0, 0, 0, 0, 0
L2.next_read.num-requests = 0, 0, 0, 0, 0, 0, 0, 0, 0, 0, 0, 0, 0, 0, 0, 0
L2.next_read.requests-out-of-order = 0, 0, 0, 0, 0, 0, 0, 0, 0, 0, 0, 0, 0, 0, 0, 0
L2.next_read.requests-simultaneous = 0, 0, 0, 0, 0, 0, 0, 0, 0, 0, 0, 0, 0, 0, 0, 0
L2.next_read.total-barrier-delay = 0, 0, 0, 0, 0, 0, 0, 0, 0, 0, 0, 0, 0, 0, 0, 0
L2.next_read.total-delay = 0, 0, 0, 0, 0, 0, 0, 0, 0, 0, 0, 0, 0, 0, 0, 0
L2.prefetches = 0, 0, 0, 0, 0, 0, 0, 0, 0, 0, 0, 0, 0, 0, 0, 0
L2.qbs-query-latency = 0, 0, 0, 0, 0, 0, 0, 0, 0, 0, 0, 0, 0, 0, 0, 0
L2.snoop-latency = 0, 0, 0, 0, 0, 0, 0, 0, 0, 0, 0, 0, 0, 0, 0, 0
L2.store-misses = 508877, 55418, 46953, 51274, 52029, 47341, 39958, 43911, 43661, 54529, 45641, 51877, 51293, 49586, 41559, 47058
L2.store-misses-D = 0, 0, 0, 0, 0, 0, 0, 0, 0, 0, 0, 0, 0, 0, 0, 0
L2.store-misses-E = 223823, 27184, 24026, 26284, 26969, 23994, 20203, 22910, 22924, 24772, 21059, 23820, 24427, 25773, 21729, 24424
L2.store-misses-I = 283471, 24808, 19721, 22058, 21938, 19609, 15712, 17673, 17342, 22382, 17866, 20529, 20081, 21786, 17164, 19871
L2.store-misses-M = 0, 0, 0, 0, 0, 0, 0, 0, 0, 0, 0, 0, 0, 0, 0, 0
L2.store-misses-O = 0, 0, 0, 0, 0, 0, 0, 0, 0, 0, 0, 0, 0, 0, 0, 0
L2.store-misses-S = 1583, 3426, 3206, 2932, 3122, 3738, 4043, 3328, 3395, 7375, 6716, 7528, 6785, 2027, 2666, 2763
L2.store-misses-u = 0, 0, 0, 0, 0, 0, 0, 0, 0, 0, 0, 0, 0, 0, 0, 0
L2.store-overlapping-misses = 183218, 26011, 23150, 24685, 25321, 23605, 20338, 22262, 21939, 27425, 24052, 27016, 26164, 22896, 20645, 22731
L2.stores = 508877, 55418, 46953, 51274, 52029, 47341, 39958, 43911, 43661, 54529, 45641, 51877, 51293, 49586, 41559, 47058
L2.stores-D = 0, 0, 0, 0, 0, 0, 0, 0, 0, 0, 0, 0, 0, 0, 0, 0
L2.stores-E = 223823, 27184, 24026, 26284, 26969, 23994, 20203, 22910, 22924, 24772, 21059, 23820, 24427, 25773, 21729, 24424
L2.stores-I = 283471, 24808, 19721, 22058, 21938, 19609, 15712, 17673, 17342, 22382, 17866, 20529, 20081, 21786, 17164, 19871
L2.stores-M = 0, 0, 0, 0, 0, 0, 0, 0, 0, 0, 0, 0, 0, 0, 0, 0
L2.stores-O = 0, 0, 0, 0, 0, 0, 0, 0, 0, 0, 0, 0, 0, 0, 0, 0
L2.stores-prefetch = 0, 0, 0, 0, 0, 0, 0, 0, 0, 0, 0, 0, 0, 0, 0, 0
L2.stores-S = 1583, 3426, 3206, 2932, 3122, 3738, 4043, 3328, 3395, 7375, 6716, 7528, 6785, 2027, 2666, 2763
L2.stores-u = 0, 0, 0, 0, 0, 0, 0, 0, 0, 0, 0, 0, 0, 0, 0, 0
L2.total-latency = 0, 0, 0, 0, 0, 0, 0, 0, 0, 0, 0, 0, 0, 0, 0, 0
L2.uncore-requests = 744406, 166507, 160319, 167696, 166856, 160440, 144466, 154502, 150796, 182122, 164783, 184471, 177196, 151211, 140413, 157235
L2.uncore-time-dram = 0, 0, 0, 0, 0, 0, 0, 0, 0, 0, 0, 0, 0, 0, 0, 0
L2.uncore-time-dram-bus = 1982144251400, 32874176400, 27032688132, 30395969256, 29923929800, 24276314880, 19024875932, 21798107736, 20963609412, 30193666632, 22379727780, 25144530308, 24731495784, 27083263788, 20525287060, 23728411940
L2.uncore-time-dram-cache = 0, 0, 0, 0, 0, 0, 0, 0, 0, 0, 0, 0, 0, 0, 0, 0
L2.uncore-time-dram-cache-bus = 0, 0, 0, 0, 0, 0, 0, 0, 0, 0, 0, 0, 0, 0, 0, 0
L2.uncore-time-dram-cache-data = 0, 0, 0, 0, 0, 0, 0, 0, 0, 0, 0, 0, 0, 0, 0, 0
L2.uncore-time-dram-cache-queue = 0, 0, 0, 0, 0, 0, 0, 0, 0, 0, 0, 0, 0, 0, 0, 0
L2.uncore-time-dram-cache-tags = 0, 0, 0, 0, 0, 0, 0, 0, 0, 0, 0, 0, 0, 0, 0, 0
L2.uncore-time-dram-device = 10581750000000, 175500000000, 144315000000, 162270000000, 159750000000, 129600000000, 101565000000, 116370000000, 111915000000, 161190000000, 119475000000, 134235000000, 132030000000, 144585000000, 109575000000, 126675000000
L2.uncore-time-dram-queue = 11726313339096, 15745840192537, 10458826347830, 14176843706571, 13926617483116, 11887191953302, 7688245074389, 9796091510301, 12249592540816, 14017538678177, 9792701478543, 12953091523402, 12391999885405, 12132437783731, 8918680856918, 12349095711118
L2.uncore-time-inv-imbalance = 30658515646, 54302886017, 46912190815, 45461806515, 46493461384, 42719011353, 44741641629, 49910696138, 40357706753, 72450768245, 65264632176, 81712629476, 1847309551, 1787641471, 1361881534, 2044840339
L2.uncore-time-noc-base = 9209469676843, 1688384435202, 1570335307874, 1814861458067, 1674845828539, 1454853089907, 1267432962904, 1551634045065, 1522988647008, 1760162072887, 1588677145578, 2022524632444, 2155606489049, 1568483991761, 1459642645979, 1793303537020
L2.uncore-time-noc-queue = 2119861093817, 677449286544, 597583767684, 601027494709, 662064505026, 703823583897, 608385827761, 634925586765, 627639032218, 814330455936, 731521977014, 768790962046, 697445448155, 648506563119, 572490617119, 579623856615
L2.uncore-time-nuca-bus = 7004170123, 7224060966, 6787916751, 7111907015, 6988568333, 6807120130, 5994101233, 6395530221, 6485849415, 7172407414, 6412711975, 7110695278, 7075235293, 7200134540, 5581312943, 6019616261
L2.uncore-time-nuca-data = 1483455482099, 434655474898, 428763121133, 454765290078, 445336709479, 412869602129, 377350447899, 404679382862, 398146744780, 409160534021, 368123457515, 409663847535, 406100589680, 410308688756, 359433063867, 407815971206
L2.uncore-time-nuca-ecc = 0, 0, 0, 0, 0, 0, 0, 0, 0, 0, 0, 0, 0, 0, 0, 0
L2.uncore-time-nuca-queue = 493618301712, 144595988080, 142614055600, 151299524352, 148131435312, 137347920864, 125542409920, 134598239792, 132459154080, 136052657920, 122390336496, 136154757472, 135032663376, 136448043440, 119469488528, 135633248976
L2.uncore-time-nuca-tags = 547582972986, 111544860690, 109535090796, 116359135524, 113937336486, 105333596532, 95997527406, 103047135534, 101365936326, 104888484756, 93929111028, 104514801390, 103635104130, 104908033584, 91569717864, 103996757448
L2.uncore-time-remote-cache-inv = 0, 0, 0, 0, 0, 0, 0, 0, 0, 0, 0, 0, 0, 0, 0, 0
L2.uncore-time-remote-cache-wb = 0, 0, 0, 0, 0, 0, 0, 0, 0, 0, 0, 0, 0, 0, 0, 0
L2.uncore-time-td-access = 2851102602544, 678074296336, 643075626062, 666642307998, 670571349282, 665088031648, 592288661582, 630808736492, 613974188072, 819854356006, 746062951619, 836291299000, 812875994192, 611393439774, 596349233778, 661241932516
L2.uncore-time-unknown = 363216000000, 108948000000, 130764000000, 114360000000, 103404000000, 94824000000, 120768000000, 115704000000, 106116000000, 111716787923, 83040000000, 91716000000, 94591524782, 97092000000, 77376000000, 89028000000
L2.uncore-totaltime = 41396176406266, 19859393657670, 14306545112677, 18341398600085, 17988064606757, 15664734224642, 11047336530655, 13565962970906, 15932004408880, 18444710869917, 13739978529724, 17570950678351, 16962971739397, 15890234583964, 12332055105590, 16278206883439
ncores = 16
network.shmem-1.mesh.bytes-in = 73169594, 26799262, 26661666, 26301498, 27883968, 26043000, 25723818, 25986352, 27164184, 28007614, 25432754, 26862596, 28120190, 24751612, 23906226, 25309220
network.shmem-1.mesh.bytes-out = 75799460, 25537422, 25921560, 24483936, 29608452, 25149662, 27067536, 26461524, 30964502, 27309528, 23824238, 24926544, 30226616, 23606126, 22992562, 24243886
network.shmem-1.mesh.contention-delay = 2210868365434, 1182500457070, 1120317037118, 1158467582567, 1248411197366, 1166317177813, 1098228081657, 1161698609402, 1250238304329, 1478435939890, 1125913572482, 1212243280011, 1313961549850, 1130122267437, 1027468681191, 1148442699050
network.shmem-1.mesh.link-down.num-requests = 0, 0, 0, 0, 874946, 412647, 421681, 392456, 865237, 522395, 576446, 550690, 574495, 391707, 378213, 427328
network.shmem-1.mesh.link-down.num-requests-analytical = 0, 0, 0, 0, 5386, 2540, 2563, 2630, 6972, 3366, 3673, 3848, 5131, 2601, 2613, 2874
network.shmem-1.mesh.link-down.total-queue-delay = 0, 0, 0, 0, 468559931198, 169823308790, 147005692243, 140677743270, 445272553179, 324208354823, 303435786751, 292971152610, 123133015540, 144819660086, 126270587340, 109315327664
network.shmem-1.mesh.link-down.total-time-used = 0, 0, 0, 0, 2428318714708, 858594959778, 856152886934, 841739367232, 2156931886502, 1025038315354, 1130179237180, 1126692703700, 1333409796386, 762543831546, 718637196918, 925385197792
network.shmem-1.mesh.link-in.num-requests = 1627920, 554207, 546813, 538950, 609147, 545358, 541898, 546513, 604211, 597082, 530969, 568112, 624046, 514673, 495490, 529840
network.shmem-1.mesh.link-in.num-requests-analytical = 4735, 4290, 4003, 4328, 4526, 3976, 4097, 4471, 4666, 4436, 4005, 4207, 4621, 4628, 3855, 4144
network.shmem-1.mesh.link-in.total-queue-delay = 1074544556367, 343168302349, 309694582856, 307526811096, 368662771872, 359785637853, 365784728906, 348709929464, 397250615366, 592842850985, 324899950926, 338743725164, 370997903211, 310931550346, 278706631148, 336105178204
network.shmem-1.mesh.link-in.total-time-used = 3153063904488, 1136968704538, 1147962190878, 1086336136932, 1332841261410, 1121334575820, 1202798290684, 1175249594046, 1390941671866, 1211112213572, 1060174881862, 1108112518888, 1356882424220, 1053598467910, 1031968402796, 1083768599408
network.shmem-1.mesh.link-left.num-requests = 0, 553363, 627402, 443111, 0, 549711, 631215, 450340, 0, 570737, 639016, 466638, 0, 530590, 597702, 432090
network.shmem-1.mesh.link-left.num-requests-analytical = 0, 5117, 5250, 3588, 0, 5127, 5439, 3647, 0, 5140, 5179, 3483, 0, 5136, 5040, 3325
network.shmem-1.mesh.link-left.total-queue-delay = 0, 123799620114, 239407454315, 54296804907, 0, 131455967377, 261946430832, 64206104021, 0, 139220742778, 249170481725, 56974524008, 0, 121552258275, 231129603892, 60013167006
network.shmem-1.mesh.link-left.total-time-used = 0, 1246197182066, 1345085163780, 898561026538, 0, 1255395834738, 1403153655210, 970198165880, 0, 1239377731966, 1313139080312, 916613631444, 0, 1194657957380, 1284246575844, 894631394988
network.shmem-1.mesh.link-out.num-requests = 1079245, 587191, 597424, 558385, 634381, 577849, 621877, 602771, 662378, 632079, 553959, 575110, 648979, 544786, 538370, 560445
network.shmem-1.mesh.link-out.num-requests-analytical = 6168, 3218, 3242, 3301, 6641, 3199, 3669, 3878, 6788, 3551, 3252, 3292, 6511, 3704, 3158, 3264
network.shmem-1.mesh.link-out.total-queue-delay = 736755524938, 231967017373, 201750850763, 197563161850, 317567059661, 305366439290, 271005398749, 276505133013, 285784616785, 510559897164, 280335628240, 287104845330, 206020048121, 198513010742, 178095551653, 198223057091
network.shmem-1.mesh.link-out.total-time-used = 3027868933910, 1196362428770, 1182890161424, 1171804767758, 1251877768550, 1163410068062, 1139888668862, 1153085348914, 1212526525228, 1244019710106, 1135830384810, 1199112751868, 1257969685706, 1107516009932, 1075029571948, 1133921053470
network.shmem-1.mesh.link-right.num-requests = 1261463, 1100801, 681687, 0, 456026, 519365, 394459, 0, 457152, 612466, 392400, 0, 470101, 572459, 436929, 0
network.shmem-1.mesh.link-right.num-requests-analytical = 2740, 3861, 2757, 0, 2864, 3344, 2510, 0, 3001, 4233, 2615, 0, 2951, 4235, 3067, 0
network.shmem-1.mesh.link-right.total-queue-delay = 348914018908, 246407908135, 112415006623, 0, 68122309350, 224391709089, 110407768305, 0, 74221439171, 295027057404, 116168453116, 0, 69461764915, 243629361645, 113223237232, 0
network.shmem-1.mesh.link-right.total-time-used = 2365530936658, 2078266339630, 1323800554770, 0, 994662365380, 1001414996686, 801291675554, 0, 1045863488784, 1340688678740, 783488958480, 0, 1013058263918, 1220446553650, 975880102782, 0
network.shmem-1.mesh.link-up.num-requests = 715521, 614364, 605893, 611597, 774263, 709786, 624710, 657692, 538939, 457066, 451175, 453094, 0, 0, 0, 0
network.shmem-1.mesh.link-up.num-requests-analytical = 5793, 2770, 2596, 2734, 6951, 3924, 3316, 3493, 5009, 2983, 2481, 2454, 0, 0, 0, 0
network.shmem-1.mesh.link-up.total-queue-delay = 144063532020, 155642279835, 123304845113, 103369726262, 313587459843, 382789491616, 273272340296, 283809973872, 153799150096, 155898496472, 139311999993, 142256233736, 0, 0, 0, 0
network.shmem-1.mesh.link-up.total-time-used = 1434179930694, 1185353814288, 1129166564006, 1181510264638, 1504490064706, 1450726866788, 1233270367876, 1319721355912, 1052897364410, 934261044836, 906747096058, 894288944060, 0, 0, 0, 0
network.shmem-1.mesh.packets-in = 1256443, 619449, 633799, 591195, 663904, 609060, 658851, 638408, 696212, 670825, 585343, 608398, 682345, 573682, 563615, 589342
network.shmem-1.mesh.packets-out = 1805118, 586465, 583188, 571760, 638670, 576569, 578872, 582150, 638045, 635828, 562353, 601400, 657412, 543569, 520735, 558737
network.shmem-1.mesh.total-delay = 7775918783346, 3444665740278, 3477424845556, 3688929430129, 3609209016142, 3224153795895, 3281545971311, 3618592289898, 3760501746289, 3781714910200, 3246268048052, 3709953097043, 4197877184970, 3406342403009, 3314832355363, 3787542305696
nuca-cache-queue.num-requests = 235764, 252986, 266397, 239549, 234244, 237412, 269682, 255983, 242359, 257725, 222818, 225113, 229061, 225058, 226513, 229194
nuca-cache-queue.num-requests-analytical = 872, 853, 883, 849, 828, 849, 916, 929, 894, 896, 797, 859, 783, 788, 802, 823
nuca-cache-queue.total-queue-delay = 7182048774, 7531312932, 7794543413, 7396513198, 7082821103, 7258276141, 7796061823, 8057802393, 7272719026, 8023553502, 6644935611, 7272352958, 6792525782, 6890271408, 6560502407, 7199961353
nuca-cache-queue.total-time-used = 235994105664, 253232914336, 266657003472, 239782799824, 234472622144, 237643714112, 269945209632, 256232839408, 242595542384, 257976539600, 223035470368, 225332710288, 229284563536, 225277656608, 226734076688, 229417693344
nuca-cache.access-mru-0 = 128322, 143408, 156862, 131070, 126829, 129399, 157814, 145480, 134941, 150650, 117767, 119704, 122659, 119038, 120054, 122495
nuca-cache.access-mru-1 = 36972, 37850, 39018, 37293, 35972, 37629, 41120, 37844, 36530, 37160, 34397, 34880, 36030, 35161, 35682, 36242
nuca-cache.access-mru-10 = 296, 266, 315, 330, 382, 284, 314, 252, 289, 382, 324, 324, 295, 324, 294, 254
nuca-cache.access-mru-11 = 1097, 960, 1196, 1088, 947, 1084, 1055, 974, 1128, 1061, 1033, 1087, 1042, 1038, 1100, 1114
nuca-cache.access-mru-12 = 1923, 2127, 1982, 1978, 2116, 2050, 2126, 2072, 1846, 2067, 2022, 1868, 1975, 1935, 1877, 1902
nuca-cache.access-mru-13 = 1844, 1669, 1839, 1634, 1700, 1745, 1621, 1671, 1768, 1551, 1794, 1948, 1699, 1818, 1886, 1639
nuca-cache.access-mru-14 = 1045, 1227, 1126, 1218, 1129, 1159, 1104, 1215, 1261, 1221, 1064, 1067, 1202, 1169, 1107, 1406
nuca-cache.access-mru-15 = 1563, 1491, 1504, 1639, 1490, 1495, 1644, 1479, 1485, 1574, 1506, 1451, 1581, 1439, 1458, 1471
nuca-cache.access-mru-2 = 21328, 21532, 21049, 21715, 21424, 21123, 21622, 22099, 20747, 21305, 21409, 21471, 21101, 20882, 20836, 20779
nuca-cache.access-mru-3 = 16478, 17255, 16835, 16907, 17219, 17012, 16953, 17230, 17057, 16560, 16969, 17090, 16818, 17253, 17323, 17402
nuca-cache.access-mru-4 = 10003, 9798, 9536, 9675, 9842, 9641, 9486, 10296, 10093, 9191, 9757, 9423, 9916, 10141, 9733, 9517
nuca-cache.access-mru-5 = 5727, 5882, 6098, 5887, 5877, 5636, 5778, 5900, 5855, 6075, 5649, 5680, 5911, 5776, 6020, 6025
nuca-cache.access-mru-6 = 4931, 5000, 4625, 4947, 4678, 4963, 4909, 4723, 4832, 4816, 4798, 4735, 4786, 4770, 4887, 4686
nuca-cache.access-mru-7 = 2898, 3034, 2994, 2622, 2965, 2773, 2845, 3341, 3105, 2765, 2934, 2908, 2847, 2908, 2745, 2923
nuca-cache.access-mru-8 = 1039, 1083, 1079, 1187, 1374, 1092, 1081, 1068, 1054, 1020, 1055, 1150, 928, 1001, 1219, 938
nuca-cache.access-mru-9 = 298, 404, 339, 359, 300, 327, 210, 339, 368, 327, 340, 327, 271, 405, 292, 401
nuca-cache.read-misses = 17471, 17506, 17415, 17361, 17611, 17438, 17401, 17631, 17485, 17442, 17596, 17595, 17578, 17632, 17620, 17458
nuca-cache.reads = 170374, 183911, 196625, 173113, 168532, 170423, 202847, 190442, 178057, 192765, 160609, 162853, 167122, 163726, 164914, 167141
nuca-cache.write-misses = 17471, 17506, 17415, 17361, 17611, 17438, 17401, 17631, 17485, 17442, 17596, 17595, 17578, 17632, 17620, 17458
nuca-cache.writes = 100332, 104087, 104602, 101158, 100934, 101865, 101637, 100803, 99272, 99844, 97401, 97450, 97095, 96596, 96839, 96969
performance_model.cpiDTLBMiss = 0, 0, 0, 0, 0, 0, 0, 0, 0, 0, 0, 0, 0, 0, 0, 0
performance_model.cpiFastforwardTime = 0, 0, 0, 0, 0, 0, 0, 0, 0, 0, 0, 0, 0, 0, 0, 0
performance_model.cpiITLBMiss = 0, 0, 0, 0, 0, 0, 0, 0, 0, 0, 0, 0, 0, 0, 0, 0
performance_model.cpiRecv = 0, 0, 0, 0, 0, 0, 0, 0, 0, 0, 0, 0, 0, 0, 0, 0
performance_model.cpiStartTime = 0, 15822520966252, 15822852168511, 15823059686839, 15823286002117, 15823619460010, 15823782993475, 15823971714853, 15824191263229, 15824420210080, 15824866073734, 15825182990311, 15825370959811, 15825604417930, 15826116070909, 15826488626458
performance_model.cpiSyncDvfsTransition = 0, 0, 0, 0, 0, 0, 0, 0, 0, 0, 0, 0, 0, 0, 0, 0
performance_model.cpiSyncFutex = 8026572495309, 12175185314, 9459473011825, 4553236738303, 3671004521626, 9586511822461, 18080695626301, 14494467267290, 12753073084809, 4145041044286, 14175064229744, 9230431802396, 7443513286710, 4450400504548, 13237989282129, 8858612717897
performance_model.cpiSyncJoin = 0, 0, 0, 0, 0, 0, 0, 0, 0, 0, 0, 0, 0, 0, 0, 0
performance_model.cpiSyncMemAccess = 0, 0, 0, 0, 0, 0, 0, 0, 0, 0, 0, 0, 0, 0, 0, 0
performance_model.cpiSyncPause = 0, 0, 0, 0, 0, 0, 0, 0, 0, 0, 0, 0, 0, 0, 0, 0
performance_model.cpiSyncPthreadBarrier = 0, 0, 0, 0, 0, 0, 0, 0, 0, 0, 0, 0, 0, 0, 0, 0
performance_model.cpiSyncPthreadCond = 0, 0, 0, 0, 0, 0, 0, 0, 0, 0, 0, 0, 0, 0, 0, 0
performance_model.cpiSyncPthreadMutex = 0, 0, 0, 0, 0, 0, 0, 0, 0, 0, 0, 0, 0, 0, 0, 0
performance_model.cpiSyncSleep = 0, 0, 0, 0, 0, 0, 0, 0, 0, 0, 0, 0, 0, 0, 0, 0
performance_model.cpiSyncSyscall = 8876254042, 0, 0, 0, 0, 0, 0, 0, 0, 0, 0, 0, 0, 0, 0, 0
performance_model.cpiSyncUnscheduled = 0, 0, 0, 0, 0, 0, 0, 0, 0, 0, 0, 0, 0, 0, 0, 0
performance_model.cpiUnknown = 136634653611, 0, 0, 0, 0, 0, 0, 0, 0, 0, 0, 0, 0, 0, 0, 0
performance_model.cycle_count = 205439540.685, 174950954.565, 174949085.581, 174949369.599, 174950013.597, 174949801.58, 174949266.563, 174948777.57, 174949061.575, 174950415.596, 174949635.568, 174949145.587, 174949399.593, 174949307.599, 174949249.575, 174949809.586
performance_model.dyninsn_cost = 0, 0, 0, 0, 0, 0, 0, 0, 0, 0, 0, 0, 0, 0, 0, 0
performance_model.dyninsn_count = 0, 0, 0, 0, 0, 0, 0, 0, 0, 0, 0, 0, 0, 0, 0, 0
performance_model.dyninsn_zero_count = 0, 0, 0, 0, 0, 0, 0, 0, 0, 0, 0, 0, 0, 0, 0, 0
performance_model.elapsed_time = 77232910031908, 65771035550823, 65770332925352, 65770439698808, 65770681803524, 65770602097676, 65770400963531, 65770217131620, 65770323900556, 65770832931002, 65770539687282, 65770355483952, 65770450974718, 65770416390590, 65770394577088, 65770605107448
performance_model.elapsed_time_begin = 0, 0, 0, 0, 0, 0, 0, 0, 0, 0, 0, 0, 0, 0, 0, 0
performance_model.elapsed_time_end = 77232910031908, 65771035550823, 65770332925352, 65770439698808, 65770681803524, 65770602097676, 65770400963531, 65770217131620, 65770323900556, 65770832931002, 65770539687282, 65770355483952, 65770450974718, 65770416390590, 65770394577088, 65770605107448
performance_model.idle_elapsed_time = 8035448749351, 15834696151566, 25282325180336, 20376296425142, 19494290523743, 25410131282471, 33904478619776, 30318438982143, 28577264348038, 19969461254366, 29999930303478, 25055614792707, 23268884246521, 20276004922478, 29064105353038, 24685101344355
performance_model.instruction_count = 279019177, 129133052, 108721167, 120209662, 122211638, 105776219, 83656128, 92566023, 99196648, 119141574, 93243701, 105039484, 111515958, 118341780, 97494952, 109157599
pthread.pthread_barrier_wait_count = 0, 0, 0, 0, 0, 0, 0, 0, 0, 0, 0, 0, 0, 0, 0, 0
pthread.pthread_barrier_wait_delay_mem = 0, 0, 0, 0, 0, 0, 0, 0, 0, 0, 0, 0, 0, 0, 0, 0
pthread.pthread_barrier_wait_delay_sync = 0, 0, 0, 0, 0, 0, 0, 0, 0, 0, 0, 0, 0, 0, 0, 0
pthread.pthread_cond_broadcast_count = 0, 0, 0, 0, 0, 0, 0, 0, 0, 0, 0, 0, 0, 0, 0, 0
pthread.pthread_cond_broadcast_delay_mem = 0, 0, 0, 0, 0, 0, 0, 0, 0, 0, 0, 0, 0, 0, 0, 0
pthread.pthread_cond_broadcast_delay_sync = 0, 0, 0, 0, 0, 0, 0, 0, 0, 0, 0, 0, 0, 0, 0, 0
pthread.pthread_cond_signal_count = 0, 0, 0, 0, 0, 0, 0, 0, 0, 0, 0, 0, 0, 0, 0, 0
pthread.pthread_cond_signal_delay_mem = 0, 0, 0, 0, 0, 0, 0, 0, 0, 0, 0, 0, 0, 0, 0, 0
pthread.pthread_cond_signal_delay_sync = 0, 0, 0, 0, 0, 0, 0, 0, 0, 0, 0, 0, 0, 0, 0, 0
pthread.pthread_cond_wait_count = 0, 0, 0, 0, 0, 0, 0, 0, 0, 0, 0, 0, 0, 0, 0, 0
pthread.pthread_cond_wait_delay_mem = 0, 0, 0, 0, 0, 0, 0, 0, 0, 0, 0, 0, 0, 0, 0, 0
pthread.pthread_cond_wait_delay_sync = 0, 0, 0, 0, 0, 0, 0, 0, 0, 0, 0, 0, 0, 0, 0, 0
pthread.pthread_mutex_lock_contended = 0, 0, 0, 0, 0, 0, 0, 0, 0, 0, 0, 0, 0, 0, 0, 0
pthread.pthread_mutex_lock_count = 0, 0, 0, 0, 0, 0, 0, 0, 0, 0, 0, 0, 0, 0, 0, 0
pthread.pthread_mutex_lock_delay_mem = 0, 0, 0, 0, 0, 0, 0, 0, 0, 0, 0, 0, 0, 0, 0, 0
pthread.pthread_mutex_lock_delay_sync = 0, 0, 0, 0, 0, 0, 0, 0, 0, 0, 0, 0, 0, 0, 0, 0
pthread.pthread_mutex_trylock_count = 0, 0, 0, 0, 0, 0, 0, 0, 0, 0, 0, 0, 0, 0, 0, 0
pthread.pthread_mutex_trylock_delay_mem = 0, 0, 0, 0, 0, 0, 0, 0, 0, 0, 0, 0, 0, 0, 0, 0
pthread.pthread_mutex_trylock_delay_sync = 0, 0, 0, 0, 0, 0, 0, 0, 0, 0, 0, 0, 0, 0, 0, 0
pthread.pthread_mutex_unlock_contended = 0, 0, 0, 0, 0, 0, 0, 0, 0, 0, 0, 0, 0, 0, 0, 0
pthread.pthread_mutex_unlock_count = 0, 0, 0, 0, 0, 0, 0, 0, 0, 0, 0, 0, 0, 0, 0, 0
pthread.pthread_mutex_unlock_delay_mem = 0, 0, 0, 0, 0, 0, 0, 0, 0, 0, 0, 0, 0, 0, 0, 0
pthread.pthread_mutex_unlock_delay_sync = 0, 0, 0, 0, 0, 0, 0, 0, 0, 0, 0, 0, 0, 0, 0, 0
pthread_locks_contended = 0.0
roi.instrs = 1894789905
roi.ipscore = 62340.9597576
roi.ipstotal = 997455.356122
roi.walltime = 1899.623771
stlb.access = 54951, 7619, 11067, 7746, 8183, 13672, 13159, 6212, 8408, 6954, 9657, 12406, 19344, 13971, 7866, 7451
stlb.miss = 21344, 2766, 2133, 2607, 2539, 2020, 2076, 2334, 1970, 2343, 2200, 2704, 2637, 2794, 1986, 2762
stlb_cache.access-mru-0 = 6178, 566, 1003, 571, 886, 732, 1432, 389, 1074, 680, 1051, 1112, 1900, 840, 958, 670
stlb_cache.access-mru-1 = 13484, 1323, 4320, 1826, 1580, 7730, 6095, 894, 1940, 1080, 3446, 5342, 7053, 7231, 2436, 1754
stlb_cache.access-mru-2 = 7084, 980, 1062, 930, 1111, 1264, 1372, 1041, 1007, 1064, 1052, 1094, 2348, 1020, 1063, 833
stlb_cache.access-mru-3 = 6861, 1984, 2549, 1812, 2067, 1926, 2184, 1554, 2417, 1787, 1908, 2154, 5406, 2086, 1423, 1432
syscall.stderr-bytes = 0, 0, 0, 0, 0, 0, 0, 0, 0, 0, 0, 0, 0, 0, 0, 0
syscall.stdout-bytes = 272, 0, 0, 0, 0, 0, 0, 0, 0, 0, 0, 0, 0, 0, 0, 0
thread.bottle_contrib_time = 27276313361237, 7411004172458, 2671974083665, 3555757755715, 3909593281293, 2658929232503, 2007237307345, 2242096302063, 2372521593946, 3684439020699, 2262023519529, 2696815230141, 2960796367303, 3577633344105, 2332024750112, 2742908895906, 2861965558374
thread.bottle_runtime_time = 27282205644349, 49940339399257, 40499727290002, 45404739125681, 46281745027080, 40371904268352, 31879556931047, 35467596568680, 37210771202785, 45808574296457, 35784105247345, 40726420758116, 42515151304302, 45506030628345, 36717930197785, 41096934206468, 41927785707678
thread.elapsed_time = 77232900000000, 49947479033748, 49947447831489, 49947340313161, 49947313997883, 49946980539990, 49946617006525, 49946228285147, 49946108736771, 49946379789920, 49945633926266, 49945117009689, 49945029040189, 49944795582070, 49944183929091, 49944111373542, 49943922652164
thread.instruction_count = 168625215, 129133032, 108721063, 120209558, 122211523, 105776203, 83656122, 92565932, 99196544, 119141472, 93243599, 105039382, 111515856, 118341689, 97494848, 109157558, 110393834
thread.instructions_by_core[0] = 168625215, 0, 0, 0, 0, 0, 0, 0, 0, 0, 0, 0, 0, 0, 0, 0, 110393834
thread.instructions_by_core[10] = 0, 0, 0, 0, 0, 0, 0, 0, 0, 0, 93243599, 0, 0, 0, 0, 0
thread.instructions_by_core[11] = 0, 0, 0, 0, 0, 0, 0, 0, 0, 0, 0, 105039382, 0, 0, 0, 0
thread.instructions_by_core[12] = 0, 0, 0, 0, 0, 0, 0, 0, 0, 0, 0, 0, 111515856, 0, 0, 0
thread.instructions_by_core[13] = 0, 0, 0, 0, 0, 0, 0, 0, 0, 0, 0, 0, 0, 118341689, 0, 0
thread.instructions_by_core[14] = 0, 0, 0, 0, 0, 0, 0, 0, 0, 0, 0, 0, 0, 0, 97494848, 0
thread.instructions_by_core[15] = 0, 0, 0, 0, 0, 0, 0, 0, 0, 0, 0, 0, 0, 0, 0, 109157558
thread.instructions_by_core[1] = 0, 129133032, 0, 0, 0, 0, 0, 0, 0, 0, 0, 0, 0, 0, 0, 0
thread.instructions_by_core[2] = 0, 0, 108721063, 0, 0, 0, 0, 0, 0, 0, 0, 0, 0, 0, 0, 0
thread.instructions_by_core[3] = 0, 0, 0, 120209558, 0, 0, 0, 0, 0, 0, 0, 0, 0, 0, 0, 0
thread.instructions_by_core[4] = 0, 0, 0, 0, 122211523, 0, 0, 0, 0, 0, 0, 0, 0, 0, 0, 0
thread.instructions_by_core[5] = 0, 0, 0, 0, 0, 105776203, 0, 0, 0, 0, 0, 0, 0, 0, 0, 0
thread.instructions_by_core[6] = 0, 0, 0, 0, 0, 0, 83656122, 0, 0, 0, 0, 0, 0, 0, 0, 0
thread.instructions_by_core[7] = 0, 0, 0, 0, 0, 0, 0, 92565932, 0, 0, 0, 0, 0, 0, 0, 0
thread.instructions_by_core[8] = 0, 0, 0, 0, 0, 0, 0, 0, 99196544, 0, 0, 0, 0, 0, 0, 0
thread.instructions_by_core[9] = 0, 0, 0, 0, 0, 0, 0, 0, 0, 119141472, 0, 0, 0, 0, 0, 0
thread.nonidle_cycle_count = 72571581, 132830654, 107698042, 120748363, 123094996, 107358847, 84763351, 94301690, 98933480, 121831576, 95149748, 108301138, 113054095, 121015095, 97638544, 109287427, 111493450
thread.nonidle_elapsed_time = 27282549619494, 49936336391745, 40487985940554, 45394121469204, 46276314588225, 40360468935510, 31865921591877, 35451763487856, 37193037748056, 45801344609028, 35770582316196, 40714713623637, 42501539660589, 45494396806491, 36706219675335, 41085498875886, 41914830836178
thread.time_by_core[0] = 27282549619494, 0, 0, 0, 0, 0, 0, 0, 0, 0, 0, 0, 0, 0, 0, 0, 41914830836178
thread.time_by_core[10] = 0, 0, 0, 0, 0, 0, 0, 0, 0, 0, 35770582316196, 0, 0, 0, 0, 0
thread.time_by_core[11] = 0, 0, 0, 0, 0, 0, 0, 0, 0, 0, 0, 40714713623637, 0, 0, 0, 0
thread.time_by_core[12] = 0, 0, 0, 0, 0, 0, 0, 0, 0, 0, 0, 0, 42501539660589, 0, 0, 0
thread.time_by_core[13] = 0, 0, 0, 0, 0, 0, 0, 0, 0, 0, 0, 0, 0, 45494396806491, 0, 0
thread.time_by_core[14] = 0, 0, 0, 0, 0, 0, 0, 0, 0, 0, 0, 0, 0, 0, 36706219675335, 0
thread.time_by_core[15] = 0, 0, 0, 0, 0, 0, 0, 0, 0, 0, 0, 0, 0, 0, 0, 41085498875886
thread.time_by_core[1] = 0, 49936336391745, 0, 0, 0, 0, 0, 0, 0, 0, 0, 0, 0, 0, 0, 0
thread.time_by_core[2] = 0, 0, 40487985940554, 0, 0, 0, 0, 0, 0, 0, 0, 0, 0, 0, 0, 0
thread.time_by_core[3] = 0, 0, 0, 45394121469204, 0, 0, 0, 0, 0, 0, 0, 0, 0, 0, 0, 0
thread.time_by_core[4] = 0, 0, 0, 0, 46276314588225, 0, 0, 0, 0, 0, 0, 0, 0, 0, 0, 0
thread.time_by_core[5] = 0, 0, 0, 0, 0, 40360468935510, 0, 0, 0, 0, 0, 0, 0, 0, 0, 0
thread.time_by_core[6] = 0, 0, 0, 0, 0, 0, 31865921591877, 0, 0, 0, 0, 0, 0, 0, 0, 0
thread.time_by_core[7] = 0, 0, 0, 0, 0, 0, 0, 35451763487856, 0, 0, 0, 0, 0, 0, 0, 0
thread.time_by_core[8] = 0, 0, 0, 0, 0, 0, 0, 0, 37193037748056, 0, 0, 0, 0, 0, 0, 0
thread.time_by_core[9] = 0, 0, 0, 0, 0, 0, 0, 0, 0, 45801344609028, 0, 0, 0, 0, 0, 0
thread.unscheduled_time = 49950704387559, 8175185314, 9448473011825, 4543236738303, 3666004521626, 9575511822461, 18067695626301, 14479467267290, 12736073084809, 4138041044286, 14162064229744, 9219431802396, 7430513286710, 4439400504548, 13226989282129, 8847612717897, 8019102564779
time.walltime = 1899623771, 0, 0, 0, 0, 0, 0, 0, 0, 0, 0, 0, 0, 0, 0, 0
vmem = 2763186176
walltime = 1900.28664112
