barrier.global_time = 78808200000000, 0, 0, 0, 0, 0, 0, 0, 0, 0, 0, 0, 0, 0, 0, 0
barrier.global_time_begin = 0, 0, 0, 0, 0, 0, 0, 0, 0, 0, 0, 0, 0, 0, 0, 0
barrier.global_time_end = 78808200000000, 0, 0, 0, 0, 0, 0, 0, 0, 0, 0, 0, 0, 0, 0, 0
branch_predictor.num-correct = 37335845, 13172069, 11551766, 12588355, 12746815, 11242029, 9068099, 9898704, 10557241, 12470356, 9951676, 11042172, 11646281, 12432252, 10410254, 11529102
branch_predictor.num-incorrect = 1870487, 2092827, 1590993, 1825741, 1852432, 1623931, 1247190, 1405120, 1453606, 1858709, 1413822, 1627737, 1688150, 1858045, 1449642, 1633493
core.instructions = 279462663, 129136158, 108778341, 120260811, 122275819, 105869340, 83862447, 92664237, 99323809, 119176723, 93401976, 105137697, 111587163, 118388936, 97612168, 109259822
core.spin_elapsed_time = 0, 0, 0, 0, 0, 0, 0, 0, 0, 0, 0, 0, 0, 0, 0, 0
core.spin_instructions = 0, 0, 0, 0, 0, 0, 0, 0, 0, 0, 0, 0, 0, 0, 0, 0
core.spin_loops = 0, 0, 0, 0, 0, 0, 0, 0, 0, 0, 0, 0, 0, 0, 0, 0
corefreq = 2660000000.0, 2660000000.0, 2660000000.0, 2660000000.0, 2660000000.0, 2660000000.0, 2660000000.0, 2660000000.0, 2660000000.0, 2660000000.0, 2660000000.0, 2660000000.0, 2660000000.0, 2660000000.0, 2660000000.0, 2660000000.0
directory.entries-allocated = 65536, 65536, 65536, 65536, 65536, 65536, 65536, 65536, 65536, 65536, 65536, 65536, 65536, 65536, 65536, 65536
directory.evict-E = 0, 0, 0, 0, 0, 0, 0, 0, 0, 0, 0, 0, 0, 0, 0, 0
directory.evict-M = 0, 0, 0, 0, 0, 0, 0, 0, 0, 0, 0, 0, 0, 0, 0, 0
directory.evict-O = 0, 0, 0, 0, 0, 0, 0, 0, 0, 0, 0, 0, 0, 0, 0, 0
directory.evict-S = 0, 0, 0, 0, 0, 0, 0, 0, 0, 0, 0, 0, 0, 0, 0, 0
directory.forward = 0, 0, 0, 0, 0, 0, 0, 0, 0, 0, 0, 0, 0, 0, 0, 0
directory.forward-failed = 0, 0, 0, 0, 0, 0, 0, 0, 0, 0, 0, 0, 0, 0, 0, 0
dram-queue.num-requests = 86873, 0, 0, 0, 86357, 0, 0, 0, 86649, 0, 0, 0, 86678, 0, 0, 0
dram-queue.num-requests-analytical = 0, 0, 0, 0, 0, 0, 0, 0, 0, 0, 0, 0, 0, 0, 0, 0
dram-queue.total-queue-delay = 51692807308623, 0, 0, 0, 51952155236415, 0, 0, 0, 51422010398546, 0, 0, 0, 51687273070427, 0, 0, 0
dram-queue.total-time-used = 732276493948, 0, 0, 0, 727926987532, 0, 0, 0, 730388336124, 0, 0, 0, 730632785128, 0, 0, 0
dram.reads = 73349, 0, 0, 0, 73075, 0, 0, 0, 73218, 0, 0, 0, 73248, 0, 0, 0
dram.total-access-latency = 56334368802571, 0, 0, 0, 56566147223947, 0, 0, 0, 56051603734670, 0, 0, 0, 56318415855555, 0, 0, 0
dram.total-queueing-delay = 51692807308623, 0, 0, 0, 51952155236415, 0, 0, 0, 51422010398546, 0, 0, 0, 51687273070427, 0, 0, 0
dram.writes = 13524, 0, 0, 0, 13282, 0, 0, 0, 13431, 0, 0, 0, 13430, 0, 0, 0
dtlb.access = 106033512, 38219734, 34917106, 38005114, 37744707, 33794038, 28744244, 31403039, 32475594, 37506784, 31587817, 35043088, 36093164, 35952748, 31879407, 35150645
dtlb.miss = 61099, 7118, 6682, 7491, 7558, 10820, 6686, 6224, 8120, 8691, 6724, 7787, 8169, 8267, 9977, 10979
dtlb_cache.access-mru-0 = 100940273, 34982129, 32415818, 34653099, 34447733, 30783989, 26436720, 29245457, 29332130, 34324696, 29440043, 32188957, 33425971, 33017513, 28948420, 32302438
dtlb_cache.access-mru-1 = 4571702, 3038945, 2349202, 3064790, 3057402, 2748594, 2107117, 2010951, 2784827, 2910123, 1997515, 2598712, 2483155, 2748426, 2630283, 2596161
dtlb_cache.access-mru-2 = 410870, 179270, 134668, 260805, 214556, 221548, 179766, 129138, 317230, 244992, 133028, 229773, 159152, 163681, 254931, 217068
dtlb_cache.access-mru-3 = 49568, 12272, 10736, 18929, 17458, 29087, 13955, 11269, 33287, 18282, 10507, 17859, 16717, 14861, 35796, 23999
fastforward_performance_model.fastforwarded_time = 0, 0, 0, 0, 0, 0, 0, 0, 0, 0, 0, 0, 0, 0, 0, 0
fastforward_timer.cpiBase = 0, 0, 0, 0, 0, 0, 0, 0, 0, 0, 0, 0, 0, 0, 0, 0
fastforward_timer.cpiBranchPredictor = 0, 0, 0, 0, 0, 0, 0, 0, 0, 0, 0, 0, 0, 0, 0, 0
fastforward_timer.cpiDataCachecache-remote = 0, 0, 0, 0, 0, 0, 0, 0, 0, 0, 0, 0, 0, 0, 0, 0
fastforward_timer.cpiDataCachedram = 0, 0, 0, 0, 0, 0, 0, 0, 0, 0, 0, 0, 0, 0, 0, 0
fastforward_timer.cpiDataCachedram-cache = 0, 0, 0, 0, 0, 0, 0, 0, 0, 0, 0, 0, 0, 0, 0, 0
fastforward_timer.cpiDataCachedram-local = 0, 0, 0, 0, 0, 0, 0, 0, 0, 0, 0, 0, 0, 0, 0, 0
fastforward_timer.cpiDataCachedram-remote = 0, 0, 0, 0, 0, 0, 0, 0, 0, 0, 0, 0, 0, 0, 0, 0
fastforward_timer.cpiDataCacheL1 = 0, 0, 0, 0, 0, 0, 0, 0, 0, 0, 0, 0, 0, 0, 0, 0
fastforward_timer.cpiDataCacheL1_S = 0, 0, 0, 0, 0, 0, 0, 0, 0, 0, 0, 0, 0, 0, 0, 0
fastforward_timer.cpiDataCacheL1I = 0, 0, 0, 0, 0, 0, 0, 0, 0, 0, 0, 0, 0, 0, 0, 0
fastforward_timer.cpiDataCacheL2 = 0, 0, 0, 0, 0, 0, 0, 0, 0, 0, 0, 0, 0, 0, 0, 0
fastforward_timer.cpiDataCacheL2_S = 0, 0, 0, 0, 0, 0, 0, 0, 0, 0, 0, 0, 0, 0, 0, 0
fastforward_timer.cpiDataCacheL3 = 0, 0, 0, 0, 0, 0, 0, 0, 0, 0, 0, 0, 0, 0, 0, 0
fastforward_timer.cpiDataCacheL3_S = 0, 0, 0, 0, 0, 0, 0, 0, 0, 0, 0, 0, 0, 0, 0, 0
fastforward_timer.cpiDataCacheL4 = 0, 0, 0, 0, 0, 0, 0, 0, 0, 0, 0, 0, 0, 0, 0, 0
fastforward_timer.cpiDataCacheL4_S = 0, 0, 0, 0, 0, 0, 0, 0, 0, 0, 0, 0, 0, 0, 0, 0
fastforward_timer.cpiDataCachemiss = 0, 0, 0, 0, 0, 0, 0, 0, 0, 0, 0, 0, 0, 0, 0, 0
fastforward_timer.cpiDataCachenuca-cache = 0, 0, 0, 0, 0, 0, 0, 0, 0, 0, 0, 0, 0, 0, 0, 0
fastforward_timer.cpiDataCachenuca-local = 0, 0, 0, 0, 0, 0, 0, 0, 0, 0, 0, 0, 0, 0, 0, 0
fastforward_timer.cpiDataCachenuca-remote = 0, 0, 0, 0, 0, 0, 0, 0, 0, 0, 0, 0, 0, 0, 0, 0
fastforward_timer.cpiDataCachepredicate-false = 0, 0, 0, 0, 0, 0, 0, 0, 0, 0, 0, 0, 0, 0, 0, 0
fastforward_timer.cpiDataCacheprefetch-no-mapping = 0, 0, 0, 0, 0, 0, 0, 0, 0, 0, 0, 0, 0, 0, 0, 0
fastforward_timer.cpiDataCacheunknown = 0, 0, 0, 0, 0, 0, 0, 0, 0, 0, 0, 0, 0, 0, 0, 0
fs_to_cycles = 2.66e-06
fs_to_cycles_cores = 2.66e-06, 2.66e-06, 2.66e-06, 2.66e-06, 2.66e-06, 2.66e-06, 2.66e-06, 2.66e-06, 2.66e-06, 2.66e-06, 2.66e-06, 2.66e-06, 2.66e-06, 2.66e-06, 2.66e-06, 2.66e-06
futex.futex_cmp_requeue_count = 0, 10, 0, 0, 0, 0, 0, 0, 0, 0, 0, 0, 0, 0, 0, 0
futex.futex_cmp_requeue_delay = 0, 0, 0, 0, 0, 0, 0, 0, 0, 0, 0, 0, 0, 0, 0, 0
futex.futex_cmp_requeue_pi_count = 0, 0, 0, 0, 0, 0, 0, 0, 0, 0, 0, 0, 0, 0, 0, 0
futex.futex_cmp_requeue_pi_delay = 0, 0, 0, 0, 0, 0, 0, 0, 0, 0, 0, 0, 0, 0, 0, 0
futex.futex_fd_count = 0, 0, 0, 0, 0, 0, 0, 0, 0, 0, 0, 0, 0, 0, 0, 0
futex.futex_fd_delay = 0, 0, 0, 0, 0, 0, 0, 0, 0, 0, 0, 0, 0, 0, 0, 0
futex.futex_lock_pi_count = 0, 0, 0, 0, 0, 0, 0, 0, 0, 0, 0, 0, 0, 0, 0, 0
futex.futex_lock_pi_delay = 0, 0, 0, 0, 0, 0, 0, 0, 0, 0, 0, 0, 0, 0, 0, 0
futex.futex_requeue_count = 0, 0, 0, 0, 0, 0, 0, 0, 0, 0, 0, 0, 0, 0, 0, 0
futex.futex_requeue_delay = 0, 0, 0, 0, 0, 0, 0, 0, 0, 0, 0, 0, 0, 0, 0, 0
futex.futex_trylock_pi_count = 0, 0, 0, 0, 0, 0, 0, 0, 0, 0, 0, 0, 0, 0, 0, 0
futex.futex_trylock_pi_delay = 0, 0, 0, 0, 0, 0, 0, 0, 0, 0, 0, 0, 0, 0, 0, 0
futex.futex_unlock_pi_count = 0, 0, 0, 0, 0, 0, 0, 0, 0, 0, 0, 0, 0, 0, 0, 0
futex.futex_unlock_pi_delay = 0, 0, 0, 0, 0, 0, 0, 0, 0, 0, 0, 0, 0, 0, 0, 0
futex.futex_wait_bitset_count = 1, 0, 0, 0, 0, 0, 0, 0, 0, 0, 0, 0, 0, 0, 0, 0
futex.futex_wait_bitset_delay = 0, 0, 0, 0, 0, 0, 0, 0, 0, 0, 0, 0, 0, 0, 0, 0
futex.futex_wait_count = 1, 1, 11, 11, 12, 13, 15, 13, 13, 18, 18, 17, 16, 10, 14, 16, 12
futex.futex_wait_delay = 50300630706080, 4328568426, 9380882178097, 4532944271321, 3663185721964, 9528740861972, 18020878805774, 14432171880936, 12762607237628, 4135771111044, 14102621117443, 9113192926672, 7401644924120, 4575484767643, 13218672743751, 8771296718178, 7996788320455
futex.futex_wait_requeue_pi_count = 0, 0, 0, 0, 0, 0, 0, 0, 0, 0, 0, 0, 0, 0, 0, 0
futex.futex_wait_requeue_pi_delay = 0, 0, 0, 0, 0, 0, 0, 0, 0, 0, 0, 0, 0, 0, 0, 0
futex.futex_wake_bitset_count = 0, 0, 0, 0, 0, 0, 0, 0, 0, 0, 0, 0, 0, 0, 0, 0
futex.futex_wake_bitset_delay = 0, 0, 0, 0, 0, 0, 0, 0, 0, 0, 0, 0, 0, 0, 0, 0
futex.futex_wake_count = 2, 4, 13, 13, 13, 17, 19, 17, 18, 21, 23, 27, 18, 15, 19, 19, 16
futex.futex_wake_delay = 0, 4000000000, 11000000000, 10000000000, 5000000000, 13000000000, 13000000000, 13000000000, 12000000000, 9000000000, 15000000000, 15000000000, 12000000000, 14000000000, 14000000000, 10000000000, 10000000000
futex.futex_wake_op_count = 0, 0, 0, 0, 0, 0, 0, 0, 0, 0, 0, 0, 0, 0, 0, 0
futex.futex_wake_op_delay = 0, 0, 0, 0, 0, 0, 0, 0, 0, 0, 0, 0, 0, 0, 0, 0
global.time = 78808200000000
global.time_begin = 0
global.time_end = 78808200000000
interval_timer.cpContr_branch = 17397712735207, 13034313621296, 10581463699658, 11835595602298, 12083150931078, 10486516658691, 8168089985019, 9030608996507, 9638339449824, 11803034456928, 9068394641881, 10315158015664, 10898526388942, 11904919242339, 9564655541487, 10702138153963
interval_timer.cpContr_fp_addsub = 10912628043637, 13054112688266, 10567378683518, 11643056705974, 12136680806771, 10059148330074, 7842520566613, 8674131953351, 9384663678431, 11576695226366, 8923407398040, 10124585954032, 10856246489800, 11691510049431, 9336147949806, 10533504397798
interval_timer.cpContr_fp_muldiv = 8509657407202, 9809269653039, 8057264662623, 8897987258656, 9136827766769, 7721529771538, 6106361004519, 6796663535113, 7223192573844, 8792351738341, 6894954118097, 7843061463515, 8293657205463, 8845051258184, 7219790449761, 8147375403349
interval_timer.cpContr_generic = 22540817905400, 18397619569195, 14888801904474, 16800031879485, 17294349612327, 14790184602317, 11524770565467, 12846076108467, 13814277066671, 16744917145991, 12881649344230, 14664767389758, 15676188176276, 16834146419050, 13551130928626, 15172654814348
interval_timer.cpContr_load_l1 = 36803688782412, 21439662209657, 18264605224509, 20007463539184, 20507779076629, 18738885401427, 15397084029609, 16710580965572, 17168489413627, 20739996479920, 16716706408568, 18507133332247, 18973618423757, 20539743968429, 16965178168496, 18259902573779
interval_timer.cpContr_load_l2 = 15835685, 3175182607, 3655098503, 3235192541, 3541545469, 4798048136, 3209210324, 1713392647, 2433159588, 9014893938, 9208099564, 9094195245, 3584833264, 810447376, 1762664791, 1241239056
interval_timer.cpContr_load_l3 = 0, 0, 0, 0, 0, 0, 0, 0, 0, 0, 0, 0, 0, 0, 0, 0
interval_timer.cpContr_load_other = 0, 0, 0, 26792331, 0, 0, 25366309, 57638723, 0, 263924557, 15793042, 16163283, 0, 0, 0, 24923368
interval_timer.cpContr_port0 = 10441852432, 13703868222, 9580080468, 10796856241, 12040483024, 9068831251, 5716444490, 6922762522, 8138484576, 10563053245, 6891764191, 8275576203, 9485040290, 10957279844, 8132068928, 8963793519
interval_timer.cpContr_port015 = 8291426215534, 3123530144369, 2380257963480, 2502823119003, 2638050662205, 2154288157119, 1447931714586, 1643164543287, 1817062011763, 2511575509912, 1695677586015, 1949415861045, 2093188568942, 2723619073075, 1889142136339, 2281451640199
interval_timer.cpContr_port05 = 0, 0, 0, 0, 0, 0, 0, 0, 0, 0, 0, 0, 0, 0, 0, 0
interval_timer.cpContr_port1 = 932451113365, 1052996073419, 785001536789, 988455255734, 1069875379300, 738073880065, 422409837909, 497718395988, 767615652590, 831840691985, 496494680992, 558019744199, 847707171692, 925209442855, 661876758117, 814526486406
interval_timer.cpContr_port2 = 16047650700397, 1239251720718, 1638960549992, 1670567051798, 1399954005901, 1486667117623, 1590693112966, 1715968124179, 1567273449869, 1602017403389, 1700288606455, 1829174934348, 1707312132592, 1240944184150, 1563046260937, 1654721099206
interval_timer.cpContr_port34 = 514671554992, 27124200715, 22813141081, 25019819425, 24740549412, 22395163872, 16792914763, 18475665833, 19870485171, 25681385464, 18442502918, 21752055878, 23210526004, 24182574426, 19287760178, 22087279396
interval_timer.cpContr_port5 = 1918813041589, 114526316203, 94281474130, 104858969639, 101479281574, 89351032543, 73630742979, 82854868065, 79773490664, 101700701574, 80889505023, 96635496195, 93763842661, 98208210346, 82118319620, 92804343453
interval_timer.cpContr_store = 4090750220867, 2000082838992, 1705979374159, 1918350350815, 1883603082277, 1762872874626, 1465848805302, 1639379809120, 1666528621835, 1986810772655, 1641960430633, 1857509482434, 1877246445973, 1817396648863, 1612596128794, 1750964590650
interval_timer.cpiBase = 48126887473590, 31320740117223, 25941165432984, 28726394100759, 29434494380148, 25589068860303, 20326278874536, 22431566597778, 23744538066546, 28849621265874, 22608480107727, 25484349548097, 26825823584028, 28819637123112, 23487913458549, 26107542876519
interval_timer.cpiBranchPredictor = 14749975687536, 16960382722080, 12968433097290, 14806910521269, 15052584402135, 13107250828674, 10035657394551, 11261935826163, 11726746429824, 14963607911493, 11316852619344, 13095005367627, 13577437735974, 15044016376386, 11709692333028, 13271542186698
interval_timer.cpiDataCachecache-remote = 242658850086, 246059594280, 173957501592, 180210494979, 203101044750, 261952791444, 218256649596, 217609282638, 196324368336, 556238968461, 541231859520, 611997489063, 542810427381, 141619980690, 205177731786, 263721584439
interval_timer.cpiDataCachedram = 0, 0, 0, 0, 0, 0, 0, 0, 0, 0, 0, 0, 0, 0, 0, 0
interval_timer.cpiDataCachedram-cache = 0, 0, 0, 0, 0, 0, 0, 0, 0, 0, 0, 0, 0, 0, 0, 0
interval_timer.cpiDataCachedram-local = 389640096855, 0, 0, 0, 72932166, 0, 0, 0, 72932166, 0, 0, 0, 0, 0, 0, 0
interval_timer.cpiDataCachedram-remote = 1259009560647, 517668003, 26180016021, 0, 0, 5305251168, 26493173208, 107142615, 137969613, 2737211859, 18420259122, 354886416, 0, 4045103640, 1037591640, 0
interval_timer.cpiDataCacheL1 = 568419768, 0, 0, 0, 0, 0, 0, 0, 67669020, 0, 0, 0, 127819260, 195488280, 127819260, 1406011860
interval_timer.cpiDataCacheL1_S = 0, 0, 0, 0, 0, 0, 0, 0, 0, 0, 0, 0, 0, 0, 0, 0
interval_timer.cpiDataCacheL1I = 0, 0, 0, 0, 0, 0, 0, 0, 0, 0, 0, 0, 0, 0, 0, 0
interval_timer.cpiDataCacheL2 = 28966851828, 34887891078, 37808561169, 31918348917, 42861181329, 56173181319, 53506270053, 59047986852, 59232948840, 108944490627, 107858778795, 135693302355, 117901237302, 20449201905, 39832240806, 42089754501
interval_timer.cpiDataCacheL2_S = 0, 0, 0, 0, 0, 0, 0, 0, 0, 0, 0, 0, 0, 0, 0, 0
interval_timer.cpiDataCacheL3 = 0, 0, 0, 0, 0, 0, 0, 0, 0, 0, 0, 0, 0, 0, 0, 0
interval_timer.cpiDataCacheL3_S = 0, 0, 0, 0, 0, 0, 0, 0, 0, 0, 0, 0, 0, 0, 0, 0
interval_timer.cpiDataCacheL4 = 0, 0, 0, 0, 0, 0, 0, 0, 0, 0, 0, 0, 0, 0, 0, 0
interval_timer.cpiDataCacheL4_S = 0, 0, 0, 0, 0, 0, 0, 0, 0, 0, 0, 0, 0, 0, 0, 0
interval_timer.cpiDataCachemiss = 0, 0, 0, 0, 0, 0, 0, 0, 0, 0, 0, 0, 0, 0, 0, 0
interval_timer.cpiDataCachenuca-cache = 5116342572378, 1611374929713, 1648402289640, 1864933379226, 1677562750053, 1593487376154, 1499641347645, 1745981016480, 1678081545873, 1540379977380, 1467088037757, 1671921785358, 1674640952145, 1574505464166, 1502562393675, 1714274697159
interval_timer.cpiDataCachenuca-local = 0, 0, 0, 0, 0, 0, 0, 0, 0, 0, 0, 0, 0, 0, 0, 0
interval_timer.cpiDataCachenuca-remote = 0, 0, 0, 0, 0, 0, 0, 0, 0, 0, 0, 0, 0, 0, 0, 0
interval_timer.cpiDataCachepredicate-false = 0, 0, 0, 0, 0, 0, 0, 0, 0, 0, 0, 0, 0, 0, 0, 0
interval_timer.cpiDataCacheprefetch-no-mapping = 0, 0, 0, 0, 0, 0, 0, 0, 0, 0, 0, 0, 0, 0, 0, 0
interval_timer.cpiDataCacheunknown = 0, 0, 0, 0, 0, 0, 0, 0, 0, 0, 0, 0, 0, 0, 0, 0
interval_timer.cpiInstructionCachecache-remote = 0, 506013894, 86090031, 210901779, 0, 612404631, 336841344, 1295861733, 673682688, 133834284, 324435357, 891727308, 34210449, 583457328, 325187235, 199623609
interval_timer.cpiInstructionCachedram = 0, 0, 0, 0, 0, 0, 0, 0, 0, 0, 0, 0, 0, 0, 0, 0
interval_timer.cpiInstructionCachedram-cache = 0, 0, 0, 0, 0, 0, 0, 0, 0, 0, 0, 0, 0, 0, 0, 0
interval_timer.cpiInstructionCachedram-local = 10678547295, 0, 0, 0, 26951066910, 0, 0, 0, 0, 0, 0, 0, 0, 0, 0, 0
interval_timer.cpiInstructionCachedram-remote = 32574738411, 957892572, 0, 0, 80368615359, 26908209864, 2367287883, 0, 0, 0, 0, 27087908706, 0, 441352386, 3765405024, 0
interval_timer.cpiInstructionCacheL1 = 0, 0, 0, 0, 0, 0, 0, 0, 0, 0, 0, 0, 0, 0, 0, 0
interval_timer.cpiInstructionCacheL1_S = 0, 0, 0, 0, 0, 0, 0, 0, 0, 0, 0, 0, 0, 0, 0, 0
interval_timer.cpiInstructionCacheL1I = 0, 0, 0, 0, 0, 0, 0, 0, 0, 0, 0, 0, 0, 0, 0, 0
interval_timer.cpiInstructionCacheL2 = 0, 0, 0, 0, 0, 0, 0, 0, 0, 0, 0, 0, 0, 0, 0, 0
interval_timer.cpiInstructionCacheL2_S = 0, 0, 0, 0, 0, 0, 0, 0, 0, 0, 0, 0, 0, 0, 0, 0
interval_timer.cpiInstructionCacheL3 = 0, 0, 0, 0, 0, 0, 0, 0, 0, 0, 0, 0, 0, 0, 0, 0
interval_timer.cpiInstructionCacheL3_S = 0, 0, 0, 0, 0, 0, 0, 0, 0, 0, 0, 0, 0, 0, 0, 0
interval_timer.cpiInstructionCacheL4 = 0, 0, 0, 0, 0, 0, 0, 0, 0, 0, 0, 0, 0, 0, 0, 0
interval_timer.cpiInstructionCacheL4_S = 0, 0, 0, 0, 0, 0, 0, 0, 0, 0, 0, 0, 0, 0, 0, 0
interval_timer.cpiInstructionCachemiss = 0, 0, 0, 0, 0, 0, 0, 0, 0, 0, 0, 0, 0, 0, 0, 0
interval_timer.cpiInstructionCachenuca-cache = 699061578012, 125962121340, 120362133996, 154668823380, 121295966472, 124977161160, 110827193139, 144172606500, 126479037465, 139611714552, 128365499367, 150010563231, 153415066815, 109235467413, 120556870398, 121070027133
interval_timer.cpiInstructionCachenuca-local = 0, 0, 0, 0, 0, 0, 0, 0, 0, 0, 0, 0, 0, 0, 0, 0
interval_timer.cpiInstructionCachenuca-remote = 0, 0, 0, 0, 0, 0, 0, 0, 0, 0, 0, 0, 0, 0, 0, 0
interval_timer.cpiInstructionCachepredicate-false = 0, 0, 0, 0, 0, 0, 0, 0, 0, 0, 0, 0, 0, 0, 0, 0
interval_timer.cpiInstructionCacheprefetch-no-mapping = 0, 0, 0, 0, 0, 0, 0, 0, 0, 0, 0, 0, 0, 0, 0, 0
interval_timer.cpiInstructionCacheunknown = 0, 0, 0, 0, 0, 0, 0, 0, 0, 0, 0, 0, 0, 0, 0, 0
interval_timer.cpiLongLatency = 0, 0, 0, 375939, 0, 0, 0, 375939, 0, 375939, 0, 0, 0, 0, 0, 375939
interval_timer.cpiSerialization = 125563626, 0, 0, 0, 0, 0, 0, 0, 0, 0, 0, 0, 0, 0, 0, 0
interval_timer.detailed-cpiBase-BranchMispredict = 0, 0, 0, 0, 0, 0, 0, 0, 0, 0, 0, 0, 0, 0, 0, 0
interval_timer.detailed-cpiBase-DispatchRate = 108104985, 81116235, 67194283, 74432898, 76268866, 66364863, 52827033, 58248723, 61583029, 74792982, 58729360, 66194984, 69595292, 74727661, 60992115, 67669111
interval_timer.detailed-cpiBase-DispatchRate+BranchMispredict = 0, 0, 0, 0, 0, 0, 0, 0, 0, 0, 0, 0, 0, 0, 0, 0
interval_timer.detailed-cpiBase-DispatchRate+ICacheMiss = 0, 0, 0, 0, 0, 0, 0, 0, 0, 0, 0, 0, 0, 0, 0, 0
interval_timer.detailed-cpiBase-DispatchRate+ICacheMiss+BranchMispredict = 0, 0, 0, 0, 0, 0, 0, 0, 0, 0, 0, 0, 0, 0, 0, 0
interval_timer.detailed-cpiBase-DispatchWidth = 46913, 3882, 3520, 4012, 3756, 3207, 2866, 3705, 2872, 3602, 3631, 3833, 3022, 3609, 3042, 3768
interval_timer.detailed-cpiBase-DispatchWidth+BranchMispredict = 0, 0, 0, 0, 0, 0, 0, 0, 0, 0, 0, 0, 0, 0, 0, 0
interval_timer.detailed-cpiBase-DispatchWidth+DispatchRate = 19865912, 2193240, 1805853, 1975471, 2023310, 1699007, 1238125, 1415674, 1574713, 1943582, 1405702, 1589706, 1758538, 1929138, 1482834, 1773342
interval_timer.detailed-cpiBase-DispatchWidth+DispatchRate+BranchMispredict = 0, 0, 0, 0, 0, 0, 0, 0, 0, 0, 0, 0, 0, 0, 0, 0
interval_timer.detailed-cpiBase-DispatchWidth+DispatchRate+ICacheMiss = 0, 0, 0, 0, 0, 0, 0, 0, 0, 0, 0, 0, 0, 0, 0, 0
interval_timer.detailed-cpiBase-DispatchWidth+DispatchRate+ICacheMiss+BranchMispredict = 0, 0, 0, 0, 0, 0, 0, 0, 0, 0, 0, 0, 0, 0, 0, 0
interval_timer.detailed-cpiBase-DispatchWidth+ICacheMiss = 0, 0, 0, 0, 0, 0, 0, 0, 0, 0, 0, 0, 0, 0, 0, 0
interval_timer.detailed-cpiBase-DispatchWidth+ICacheMiss+BranchMispredict = 0, 0, 0, 0, 0, 0, 0, 0, 0, 0, 0, 0, 0, 0, 0, 0
interval_timer.detailed-cpiBase-ICacheMiss = 0, 0, 0, 0, 0, 0, 0, 0, 0, 0, 0, 0, 0, 0, 0, 0
interval_timer.detailed-cpiBase-ICacheMiss+BranchMispredict = 0, 0, 0, 0, 0, 0, 0, 0, 0, 0, 0, 0, 0, 0, 0, 0
interval_timer.detailed-cpiBase-NoReason = 0, 0, 0, 0, 0, 0, 0, 0, 0, 0, 0, 0, 0, 0, 0, 0
interval_timer.detailed-cpiBase-WindowEmpty = 0, 0, 0, 0, 0, 0, 0, 0, 0, 0, 0, 0, 0, 0, 0, 0
interval_timer.detailed-cpiBase-WindowEmpty+BranchMispredict = 0, 0, 0, 0, 0, 0, 0, 0, 0, 0, 0, 0, 0, 0, 0, 0
interval_timer.detailed-cpiBase-WindowEmpty+DispatchRate = 0, 0, 0, 0, 0, 0, 0, 0, 0, 0, 0, 0, 0, 0, 0, 0
interval_timer.detailed-cpiBase-WindowEmpty+DispatchRate+BranchMispredict = 0, 0, 0, 0, 0, 0, 0, 0, 0, 0, 0, 0, 0, 0, 0, 0
interval_timer.detailed-cpiBase-WindowEmpty+DispatchRate+ICacheMiss = 0, 0, 0, 0, 0, 0, 0, 0, 0, 0, 0, 0, 0, 0, 0, 0
interval_timer.detailed-cpiBase-WindowEmpty+DispatchRate+ICacheMiss+BranchMispredict = 0, 0, 0, 0, 0, 0, 0, 0, 0, 0, 0, 0, 0, 0, 0, 0
interval_timer.detailed-cpiBase-WindowEmpty+DispatchWidth = 0, 0, 0, 0, 0, 0, 0, 0, 0, 0, 0, 0, 0, 0, 0, 0
interval_timer.detailed-cpiBase-WindowEmpty+DispatchWidth+BranchMispredict = 0, 0, 0, 0, 0, 0, 0, 0, 0, 0, 0, 0, 0, 0, 0, 0
interval_timer.detailed-cpiBase-WindowEmpty+DispatchWidth+DispatchRate = 0, 0, 0, 0, 0, 0, 0, 0, 0, 0, 0, 0, 0, 0, 0, 0
interval_timer.detailed-cpiBase-WindowEmpty+DispatchWidth+DispatchRate+BranchMispredict = 0, 0, 0, 0, 0, 0, 0, 0, 0, 0, 0, 0, 0, 0, 0, 0
interval_timer.detailed-cpiBase-WindowEmpty+DispatchWidth+DispatchRate+ICacheMiss = 0, 0, 0, 0, 0, 0, 0, 0, 0, 0, 0, 0, 0, 0, 0, 0
interval_timer.detailed-cpiBase-WindowEmpty+DispatchWidth+DispatchRate+ICacheMiss+BranchMispredict = 0, 0, 0, 0, 0, 0, 0, 0, 0, 0, 0, 0, 0, 0, 0, 0
interval_timer.detailed-cpiBase-WindowEmpty+DispatchWidth+ICacheMiss = 0, 0, 0, 0, 0, 0, 0, 0, 0, 0, 0, 0, 0, 0, 0, 0
interval_timer.detailed-cpiBase-WindowEmpty+DispatchWidth+ICacheMiss+BranchMispredict = 0, 0, 0, 0, 0, 0, 0, 0, 0, 0, 0, 0, 0, 0, 0, 0
interval_timer.detailed-cpiBase-WindowEmpty+ICacheMiss = 0, 0, 0, 0, 0, 0, 0, 0, 0, 0, 0, 0, 0, 0, 0, 0
interval_timer.detailed-cpiBase-WindowEmpty+ICacheMiss+BranchMispredict = 0, 0, 0, 0, 0, 0, 0, 0, 0, 0, 0, 0, 0, 0, 0, 0
interval_timer.loadstore_contention.no-free-slots = 0, 0, 0, 0, 0, 0, 0, 0, 0, 0, 0, 0, 0, 0, 0, 0
interval_timer.loadstore_contention.num-barriers = 0, 0, 0, 0, 0, 0, 0, 0, 0, 0, 0, 0, 0, 0, 0, 0
interval_timer.loadstore_contention.num-requests = 71050368, 30575237, 27311661, 29847205, 30127004, 26315980, 21914240, 23962559, 25311461, 29340050, 24110172, 26884665, 28233712, 28646272, 24819088, 27463851
interval_timer.loadstore_contention.requests-out-of-order = 39477336, 12711269, 11941666, 12985934, 12869824, 11419588, 9851674, 10777925, 11304051, 12654487, 10812396, 12059773, 12544982, 11929620, 10967261, 12062097
interval_timer.loadstore_contention.requests-simultaneous = 18961991, 11501875, 9710898, 10650664, 10964803, 9379903, 7494597, 8205108, 8751217, 10579800, 8300075, 9281005, 9878150, 10671403, 8700521, 9708036
interval_timer.loadstore_contention.total-barrier-delay = 0, 0, 0, 0, 0, 0, 0, 0, 0, 0, 0, 0, 0, 0, 0, 0
interval_timer.loadstore_contention.total-delay = 10736096413059, 3222193469706, 2584421602803, 2907707714280, 3087046406718, 2342224781748, 1664193607335, 1830988719099, 2278732068099, 2749559951394, 1911650942817, 2152990247013, 2603277951165, 2872798770618, 2216811907287, 2525583013974
interval_timer.numBPredOverlapped = 2435217, 599169, 587182, 630016, 599502, 614455, 573298, 636850, 599079, 700876, 677862, 741014, 694241, 537091, 547983, 615055
interval_timer.numDCacheOverlapped = 5503075, 1509707, 1270621, 1430576, 1381152, 1308698, 1100558, 1249412, 1216341, 1463421, 1288309, 1401005, 1375136, 1307999, 1149610, 1309388
interval_timer.numHiddenLongerDCacheLatency = 106665, 34994, 28988, 31334, 32355, 29864, 24717, 26944, 27053, 33081, 27843, 29900, 31816, 31453, 25796, 28908
interval_timer.numICacheOverlapped = 29840867, 9459351, 9360958, 10115606, 9581538, 9782229, 9085267, 10027205, 9546072, 11198750, 10756472, 11774965, 11081402, 8486142, 8716540, 9705181
interval_timer.numLongLatencyLoads = 236762, 74885, 74121, 80088, 75862, 77476, 71968, 79424, 75616, 88679, 85171, 93247, 87748, 67200, 69037, 76865
interval_timer.numMfenceInsns = 0, 0, 0, 0, 0, 0, 0, 0, 0, 0, 0, 0, 0, 0, 0, 0
interval_timer.numSerializationInsns = 134, 0, 0, 0, 0, 0, 0, 0, 0, 0, 0, 0, 0, 0, 0, 0
interval_timer.numTotalLongLatencyLoadLatency = 18718958, 5034966, 5017698, 5524998, 5116782, 5099015, 4782418, 5380515, 5144232, 5874093, 5678046, 6437128, 6212392, 4630579, 4651653, 5377181
interval_timer.outstandingLongLatencyCycles = 20104964, 6014949, 5802762, 6433927, 6022488, 5872744, 5403296, 6085139, 5947582, 6750038, 6376634, 7215589, 7064806, 5503120, 5358571, 6177634
interval_timer.outstandingLongLatencyInsns = 34743879, 9139378, 8472158, 9460229, 8891244, 8586805, 7745132, 8761711, 8503400, 9797020, 9025467, 10266090, 10146803, 8359048, 7765775, 9050694
interval_timer.totalHiddenDCacheLatency = 38832670, 11732739, 9763382, 11080908, 10721848, 9995722, 8337049, 9484039, 9404724, 11199313, 9683932, 10699713, 10763927, 10290288, 8817252, 10149265
interval_timer.totalHiddenLongerDCacheLatency = 2647307, 680605, 581692, 652327, 609475, 572740, 475803, 555474, 599510, 623708, 545778, 629787, 664548, 616896, 522274, 626734
interval_timer.totalMfenceLatency = 0, 0, 0, 0, 0, 0, 0, 0, 0, 0, 0, 0, 0, 0, 0, 0
interval_timer.totalSerializationLatency = 334, 0, 0, 0, 0, 0, 0, 0, 0, 0, 0, 0, 0, 0, 0, 0
interval_timer.uop_branch = 52499013, 16644457, 14770095, 16113370, 16035447, 14425039, 11872759, 12988505, 13567218, 16022294, 13049477, 14515963, 15040118, 15620686, 13389952, 14801109
interval_timer.uop_fp_addsub = 12417549, 14484990, 11390990, 12837985, 13764225, 10907705, 8084400, 9061820, 10470995, 12532520, 9211120, 10549365, 12017690, 12932460, 10092295, 11520780
interval_timer.uop_fp_muldiv = 8983551, 10470100, 8223830, 9270520, 9903925, 7911345, 5887780, 6616305, 7554435, 9082985, 6709790, 7685045, 8667130, 9365265, 7315775, 8350690
interval_timer.uop_generic = 138022297, 65246833, 53268150, 59290081, 59941517, 52154147, 40296437, 44850149, 47924612, 59102090, 45191462, 51307961, 54134712, 58859371, 47309993, 53335257
interval_timer.uop_load = 76553475, 32084959, 28582332, 31277831, 31508206, 27624693, 23014848, 25212021, 26527817, 30803521, 25398531, 28285720, 29608898, 29954321, 25968713, 28773289
interval_timer.uop_store = 28948372, 5514645, 5846069, 6172403, 5691086, 5686055, 5342196, 5750828, 5519597, 6148108, 5748271, 6248608, 5990966, 5458907, 5483909, 5886706
interval_timer.uops_pause = 0, 0, 0, 0, 0, 0, 0, 0, 0, 0, 0, 0, 0, 0, 0, 0
interval_timer.uops_total = 317424257, 144445984, 122081466, 134962190, 136844406, 118708984, 94498420, 104479628, 111564674, 133691518, 105308651, 118592662, 125459514, 132191010, 109560637, 122667831
interval_timer.uops_x87 = 0, 0, 0, 0, 0, 0, 0, 0, 0, 0, 0, 0, 0, 0, 0, 0
ipc = 0.662129828939
itlb.access = 40163156, 16171388, 14288487, 15606435, 15590092, 13940753, 11440032, 12499624, 13113840, 15500274, 12570997, 13984187, 14543105, 15171933, 12957572, 14311819
itlb.miss = 169, 26, 28, 28, 28, 28, 28, 28, 28, 28, 28, 28, 28, 28, 28, 28
itlb_cache.access-mru-0 = 39431564, 16171355, 14288456, 15606400, 15590057, 13940718, 11439993, 12499589, 13113805, 15500241, 12570964, 13984154, 14543072, 15171900, 12957539, 14311786
itlb_cache.access-mru-1 = 731273, 7, 3, 7, 7, 7, 11, 7, 7, 5, 5, 5, 5, 5, 5, 5
itlb_cache.access-mru-2 = 129, 0, 0, 0, 0, 0, 0, 0, 0, 0, 0, 0, 0, 0, 0, 0
itlb_cache.access-mru-3 = 21, 0, 0, 0, 0, 0, 0, 0, 0, 0, 0, 0, 0, 0, 0, 0
L1-D.access-mru-0 = 103440538, 36966700, 33694601, 36658476, 36476651, 32657511, 27702291, 30153284, 31195821, 36025304, 30339464, 33771288, 34651891, 34773839, 30687541, 33961146
L1-D.access-mru-1 = 1500928, 922400, 906785, 1003469, 929637, 830865, 759571, 934000, 965621, 1126395, 928447, 925883, 1101638, 882888, 893316, 878250
L1-D.access-mru-2 = 142325, 118605, 116884, 125819, 127926, 105290, 101273, 116450, 121186, 129462, 112998, 118621, 119478, 104874, 116986, 108505
L1-D.access-mru-3 = 31842, 22111, 23567, 25032, 25671, 20349, 19158, 21136, 20474, 22791, 21931, 23113, 23343, 20159, 20625, 22085
L1-D.backinval-D = 0, 0, 0, 0, 0, 0, 0, 0, 0, 0, 0, 0, 0, 0, 0, 0
L1-D.backinval-E = 131032, 61404, 52365, 59570, 57427, 50437, 41004, 49235, 46929, 51251, 43318, 48914, 49114, 49968, 42962, 49126
L1-D.backinval-I = 0, 0, 0, 0, 0, 0, 0, 0, 0, 0, 0, 0, 0, 0, 0, 0
L1-D.backinval-M = 512476, 57783, 55447, 60919, 58316, 48841, 45549, 49581, 48428, 59626, 52633, 59568, 59946, 47748, 45692, 50547
L1-D.backinval-O = 0, 0, 0, 0, 0, 0, 0, 0, 0, 0, 0, 0, 0, 0, 0, 0
L1-D.backinval-S = 30497, 26019, 24653, 26283, 24497, 29185, 28310, 29228, 27272, 37399, 35398, 37695, 34837, 28659, 26942, 30416
L1-D.backinval-u = 0, 0, 0, 0, 0, 0, 0, 0, 0, 0, 0, 0, 0, 0, 0, 0
L1-D.coherency-downgrades = 14690, 8276, 3603, 3761, 3433, 26424, 23794, 25213, 26644, 9849, 13356, 14466, 8275, 16718, 14635, 16258
L1-D.coherency-invalidates = 6085, 3822, 2872, 2658, 2787, 8944, 7044, 7179, 7959, 7162, 8262, 8537, 5946, 7566, 7191, 8479
L1-D.coherency-upgrades = 0, 0, 0, 0, 0, 0, 0, 0, 0, 0, 0, 0, 0, 0, 0, 0
L1-D.coherency-writebacks = 1977, 2288, 1704, 1633, 2208, 3230, 2823, 3134, 2568, 2455, 2591, 2358, 1835, 2205, 2067, 2774
L1-D.evict-D = 0, 0, 0, 0, 0, 0, 0, 0, 0, 0, 0, 0, 0, 0, 0, 0
L1-D.evict-E = 0, 0, 0, 0, 0, 0, 0, 0, 0, 0, 0, 0, 0, 0, 0, 0
L1-D.evict-I = 0, 0, 0, 0, 0, 0, 0, 0, 0, 0, 0, 0, 0, 0, 0, 0
L1-D.evict-M = 0, 0, 0, 0, 0, 0, 0, 0, 0, 0, 0, 0, 0, 0, 0, 0
L1-D.evict-O = 0, 0, 0, 0, 0, 0, 0, 0, 0, 0, 0, 0, 0, 0, 0, 0
L1-D.evict-prefetch = 0, 0, 0, 0, 0, 0, 0, 0, 0, 0, 0, 0, 0, 0, 0, 0
L1-D.evict-S = 0, 0, 0, 0, 0, 0, 0, 0, 0, 0, 0, 0, 0, 0, 0, 0
L1-D.evict-u = 0, 0, 0, 0, 0, 0, 0, 0, 0, 0, 0, 0, 0, 0, 0, 0
L1-D.evict-warmup = 0, 0, 0, 0, 0, 0, 0, 0, 0, 0, 0, 0, 0, 0, 0, 0
L1-D.hits-prefetch = 0, 0, 0, 0, 0, 0, 0, 0, 0, 0, 0, 0, 0, 0, 0, 0
L1-D.hits-warmup = 0, 0, 0, 0, 0, 0, 0, 0, 0, 0, 0, 0, 0, 0, 0, 0
L1-D.invalidate-prefetch = 0, 0, 0, 0, 0, 0, 0, 0, 0, 0, 0, 0, 0, 0, 0, 0
L1-D.invalidate-warmup = 0, 0, 0, 0, 0, 0, 0, 0, 0, 0, 0, 0, 0, 0, 0, 0
L1-D.load-misses = 410252, 133752, 129009, 140626, 133575, 132742, 122056, 134479, 128767, 148190, 138938, 152330, 146177, 121958, 119407, 133320
L1-D.load-misses-D = 0, 0, 0, 0, 0, 0, 0, 0, 0, 0, 0, 0, 0, 0, 0, 0
L1-D.load-misses-E = 9713, 5138, 10025, 10201, 8414, 8911, 10714, 11327, 10548, 7172, 9671, 9774, 9505, 6585, 9900, 10169
L1-D.load-misses-I = 399993, 127000, 117760, 129387, 123820, 121615, 109434, 121128, 116275, 135888, 124661, 137040, 132000, 114812, 108075, 121829
L1-D.load-misses-M = 0, 0, 0, 0, 0, 0, 0, 0, 0, 0, 0, 0, 0, 0, 0, 0
L1-D.load-misses-O = 0, 0, 0, 0, 0, 0, 0, 0, 0, 0, 0, 0, 0, 0, 0, 0
L1-D.load-misses-S = 546, 1614, 1224, 1038, 1341, 2216, 1908, 2024, 1944, 5130, 4606, 5516, 4672, 561, 1432, 1322
L1-D.load-misses-u = 0, 0, 0, 0, 0, 0, 0, 0, 0, 0, 0, 0, 0, 0, 0, 0
L1-D.load-overlapping-misses = 0, 0, 0, 0, 0, 0, 0, 0, 0, 0, 0, 0, 0, 0, 0, 0
L1-D.loads = 77084714, 32704584, 29070677, 31832311, 32053171, 28107643, 23401808, 25651941, 26955672, 31358251, 25839276, 28794170, 30101803, 30493391, 26395178, 29263569
L1-D.loads-D = 0, 0, 0, 0, 0, 0, 0, 0, 0, 0, 0, 0, 0, 0, 0, 0
L1-D.loads-E = 30301738, 13936982, 11188476, 12809478, 13193486, 11446185, 8928010, 9899793, 11105065, 10797650, 8145240, 9247011, 10473010, 13390074, 10486171, 12014374
L1-D.loads-I = 399993, 127000, 117760, 129387, 123820, 121615, 109434, 121128, 116275, 135888, 124661, 137040, 132000, 114812, 108075, 121829
L1-D.loads-M = 39307328, 10267143, 10211570, 10843618, 10341188, 9968994, 8979272, 9672765, 9484056, 10800441, 9641921, 10525644, 10325293, 9948690, 9448576, 10180531
L1-D.loads-O = 0, 0, 0, 0, 0, 0, 0, 0, 0, 0, 0, 0, 0, 0, 0, 0
L1-D.loads-prefetch = 0, 0, 0, 0, 0, 0, 0, 0, 0, 0, 0, 0, 0, 0, 0, 0
L1-D.loads-S = 7075655, 8373459, 7552871, 8049828, 8394677, 6570849, 5385092, 5958255, 6250276, 9624272, 7927454, 8884475, 9171500, 7039815, 6352356, 6946835
L1-D.loads-u = 0, 0, 0, 0, 0, 0, 0, 0, 0, 0, 0, 0, 0, 0, 0, 0
L1-D.loads-where-cache-remote = 12514, 11551, 7801, 7892, 8833, 12363, 9862, 9473, 8222, 28358, 26862, 28908, 25969, 7146, 10632, 13007
L1-D.loads-where-dram = 0, 0, 0, 0, 0, 0, 0, 0, 0, 0, 0, 0, 0, 0, 0, 0
L1-D.loads-where-dram-cache = 0, 0, 0, 0, 0, 0, 0, 0, 0, 0, 0, 0, 0, 0, 0, 0
L1-D.loads-where-dram-local = 12952, 0, 0, 0, 2, 0, 0, 0, 1, 0, 0, 0, 1, 0, 0, 0
L1-D.loads-where-dram-remote = 38417, 12, 22, 1, 2, 74, 27, 4, 6, 39, 25, 8, 0, 60, 15, 1
L1-D.loads-where-L1 = 76674462, 32570832, 28941668, 31691685, 31919596, 27974901, 23279752, 25517462, 26826905, 31210061, 25700338, 28641840, 29955626, 30371433, 26275771, 29130249
L1-D.loads-where-L1_S = 0, 0, 0, 0, 0, 0, 0, 0, 0, 0, 0, 0, 0, 0, 0, 0
L1-D.loads-where-L1I = 0, 0, 0, 0, 0, 0, 0, 0, 0, 0, 0, 0, 0, 0, 0, 0
L1-D.loads-where-L2 = 12578, 7624, 13578, 13156, 11766, 13763, 15486, 16239, 15182, 14791, 17627, 18795, 17030, 8275, 13368, 14099
L1-D.loads-where-L2_S = 0, 0, 0, 0, 0, 0, 0, 0, 0, 0, 0, 0, 0, 0, 0, 0
L1-D.loads-where-L3 = 0, 0, 0, 0, 0, 0, 0, 0, 0, 0, 0, 0, 0, 0, 0, 0
L1-D.loads-where-L3_S = 0, 0, 0, 0, 0, 0, 0, 0, 0, 0, 0, 0, 0, 0, 0, 0
L1-D.loads-where-L4 = 0, 0, 0, 0, 0, 0, 0, 0, 0, 0, 0, 0, 0, 0, 0, 0
L1-D.loads-where-L4_S = 0, 0, 0, 0, 0, 0, 0, 0, 0, 0, 0, 0, 0, 0, 0, 0
L1-D.loads-where-miss = 0, 0, 0, 0, 0, 0, 0, 0, 0, 0, 0, 0, 0, 0, 0, 0
L1-D.loads-where-nuca-cache = 333791, 114565, 107608, 119577, 112972, 106542, 96681, 108763, 105356, 105002, 94424, 104619, 103177, 106477, 95392, 106213
L1-D.loads-where-nuca-local = 0, 0, 0, 0, 0, 0, 0, 0, 0, 0, 0, 0, 0, 0, 0, 0
L1-D.loads-where-nuca-remote = 0, 0, 0, 0, 0, 0, 0, 0, 0, 0, 0, 0, 0, 0, 0, 0
L1-D.loads-where-predicate-false = 0, 0, 0, 0, 0, 0, 0, 0, 0, 0, 0, 0, 0, 0, 0, 0
L1-D.loads-where-prefetch-no-mapping = 0, 0, 0, 0, 0, 0, 0, 0, 0, 0, 0, 0, 0, 0, 0, 0
L1-D.loads-where-unknown = 0, 0, 0, 0, 0, 0, 0, 0, 0, 0, 0, 0, 0, 0, 0, 0
L1-D.mshr-latency = 0, 0, 0, 0, 0, 0, 0, 0, 0, 0, 0, 0, 0, 0, 0, 0
L1-D.next_read.no-free-slots = 0, 0, 0, 0, 0, 0, 0, 0, 0, 0, 0, 0, 0, 0, 0, 0
L1-D.next_read.num-barriers = 0, 0, 0, 0, 0, 0, 0, 0, 0, 0, 0, 0, 0, 0, 0, 0
L1-D.next_read.num-requests = 0, 0, 0, 0, 0, 0, 0, 0, 0, 0, 0, 0, 0, 0, 0, 0
L1-D.next_read.requests-out-of-order = 0, 0, 0, 0, 0, 0, 0, 0, 0, 0, 0, 0, 0, 0, 0, 0
L1-D.next_read.requests-simultaneous = 0, 0, 0, 0, 0, 0, 0, 0, 0, 0, 0, 0, 0, 0, 0, 0
L1-D.next_read.total-barrier-delay = 0, 0, 0, 0, 0, 0, 0, 0, 0, 0, 0, 0, 0, 0, 0, 0
L1-D.next_read.total-delay = 0, 0, 0, 0, 0, 0, 0, 0, 0, 0, 0, 0, 0, 0, 0, 0
L1-D.prefetches = 0, 0, 0, 0, 0, 0, 0, 0, 0, 0, 0, 0, 0, 0, 0, 0
L1-D.qbs-query-latency = 0, 0, 0, 0, 0, 0, 0, 0, 0, 0, 0, 0, 0, 0, 0, 0
L1-D.snoop-latency = 0, 0, 0, 0, 0, 0, 0, 0, 0, 0, 0, 0, 0, 0, 0, 0
L1-D.store-misses = 507627, 56166, 46260, 51692, 51247, 47281, 39895, 43690, 43725, 54642, 46039, 51853, 50637, 49030, 41532, 47339
L1-D.store-misses-D = 0, 0, 0, 0, 0, 0, 0, 0, 0, 0, 0, 0, 0, 0, 0, 0
L1-D.store-misses-E = 223704, 27549, 23540, 26917, 26434, 23706, 20504, 22371, 22830, 24678, 21102, 24060, 24159, 25355, 21520, 24519
L1-D.store-misses-I = 282358, 24722, 19688, 22084, 21825, 19425, 15702, 17638, 17292, 22411, 17950, 20438, 20083, 21745, 17185, 19920
L1-D.store-misses-M = 0, 0, 0, 0, 0, 0, 0, 0, 0, 0, 0, 0, 0, 0, 0, 0
L1-D.store-misses-O = 0, 0, 0, 0, 0, 0, 0, 0, 0, 0, 0, 0, 0, 0, 0, 0
L1-D.store-misses-S = 1565, 3895, 3032, 2691, 2988, 4150, 3689, 3681, 3603, 7553, 6987, 7355, 6395, 1930, 2827, 2900
L1-D.store-misses-u = 0, 0, 0, 0, 0, 0, 0, 0, 0, 0, 0, 0, 0, 0, 0, 0
L1-D.store-overlapping-misses = 0, 0, 0, 0, 0, 0, 0, 0, 0, 0, 0, 0, 0, 0, 0, 0
L1-D.stores = 28948798, 5515150, 5846429, 6172803, 5691536, 5686395, 5342436, 5751098, 5519922, 6148533, 5748541, 6248918, 5991361, 5459357, 5484229, 5887076
L1-D.stores-D = 0, 0, 0, 0, 0, 0, 0, 0, 0, 0, 0, 0, 0, 0, 0, 0
L1-D.stores-E = 223704, 27549, 23540, 26917, 26434, 23706, 20504, 22371, 22830, 24678, 21102, 24060, 24159, 25355, 21520, 24519
L1-D.stores-I = 282358, 24722, 19688, 22084, 21825, 19425, 15702, 17638, 17292, 22411, 17950, 20438, 20083, 21745, 17185, 19920
L1-D.stores-M = 28441171, 5458984, 5800169, 6121111, 5640289, 5639114, 5302541, 5707408, 5476197, 6093891, 5702502, 6197065, 5940724, 5410327, 5442697, 5839737
L1-D.stores-O = 0, 0, 0, 0, 0, 0, 0, 0, 0, 0, 0, 0, 0, 0, 0, 0
L1-D.stores-prefetch = 0, 0, 0, 0, 0, 0, 0, 0, 0, 0, 0, 0, 0, 0, 0, 0
L1-D.stores-S = 1565, 3895, 3032, 2691, 2988, 4150, 3689, 3681, 3603, 7553, 6987, 7355, 6395, 1930, 2827, 2900
L1-D.stores-u = 0, 0, 0, 0, 0, 0, 0, 0, 0, 0, 0, 0, 0, 0, 0, 0
L1-D.stores-where-cache-remote = 0, 0, 0, 0, 0, 0, 0, 0, 0, 0, 0, 0, 0, 0, 0, 0
L1-D.stores-where-dram = 0, 0, 0, 0, 0, 0, 0, 0, 0, 0, 0, 0, 0, 0, 0, 0
L1-D.stores-where-dram-cache = 0, 0, 0, 0, 0, 0, 0, 0, 0, 0, 0, 0, 0, 0, 0, 0
L1-D.stores-where-dram-local = 0, 0, 0, 0, 0, 0, 0, 0, 0, 0, 0, 0, 0, 0, 0, 0
L1-D.stores-where-dram-remote = 0, 0, 0, 0, 0, 0, 0, 0, 0, 0, 0, 0, 0, 0, 0, 0
L1-D.stores-where-L1 = 28441171, 5458984, 5800169, 6121111, 5640289, 5639114, 5302541, 5707408, 5476197, 6093891, 5702502, 6197065, 5940724, 5410327, 5442697, 5839737
L1-D.stores-where-L1_S = 0, 0, 0, 0, 0, 0, 0, 0, 0, 0, 0, 0, 0, 0, 0, 0
L1-D.stores-where-L1I = 0, 0, 0, 0, 0, 0, 0, 0, 0, 0, 0, 0, 0, 0, 0, 0
L1-D.stores-where-L2 = 507627, 56166, 46260, 51692, 51247, 47281, 39895, 43690, 43725, 54642, 46039, 51853, 50637, 49030, 41532, 47339
L1-D.stores-where-L2_S = 0, 0, 0, 0, 0, 0, 0, 0, 0, 0, 0, 0, 0, 0, 0, 0
L1-D.stores-where-L3 = 0, 0, 0, 0, 0, 0, 0, 0, 0, 0, 0, 0, 0, 0, 0, 0
L1-D.stores-where-L3_S = 0, 0, 0, 0, 0, 0, 0, 0, 0, 0, 0, 0, 0, 0, 0, 0
L1-D.stores-where-L4 = 0, 0, 0, 0, 0, 0, 0, 0, 0, 0, 0, 0, 0, 0, 0, 0
L1-D.stores-where-L4_S = 0, 0, 0, 0, 0, 0, 0, 0, 0, 0, 0, 0, 0, 0, 0, 0
L1-D.stores-where-miss = 0, 0, 0, 0, 0, 0, 0, 0, 0, 0, 0, 0, 0, 0, 0, 0
L1-D.stores-where-nuca-cache = 0, 0, 0, 0, 0, 0, 0, 0, 0, 0, 0, 0, 0, 0, 0, 0
L1-D.stores-where-nuca-local = 0, 0, 0, 0, 0, 0, 0, 0, 0, 0, 0, 0, 0, 0, 0, 0
L1-D.stores-where-nuca-remote = 0, 0, 0, 0, 0, 0, 0, 0, 0, 0, 0, 0, 0, 0, 0, 0
L1-D.stores-where-predicate-false = 0, 0, 0, 0, 0, 0, 0, 0, 0, 0, 0, 0, 0, 0, 0, 0
L1-D.stores-where-prefetch-no-mapping = 0, 0, 0, 0, 0, 0, 0, 0, 0, 0, 0, 0, 0, 0, 0, 0
L1-D.stores-where-unknown = 0, 0, 0, 0, 0, 0, 0, 0, 0, 0, 0, 0, 0, 0, 0, 0
L1-D.total-latency = 44487076553883, 21732465263282, 15643901541276, 19535300944042, 19023954661399, 15404236227455, 12096938552238, 16281296632346, 13844977656522, 20230382591716, 15047897559093, 18648289458996, 18039485387562, 18760778814919, 16896095086862, 16666546467319
L1-I.access-mru-0 = 38995865, 15949159, 13983795, 15297964, 15354227, 13646574, 11134907, 12173436, 12818709, 15186511, 12239266, 13633301, 14228242, 14955122, 12667184, 14007493
L1-I.access-mru-1 = 1111274, 210899, 293980, 295454, 224870, 282837, 294645, 313761, 283851, 301216, 319918, 337710, 302042, 206662, 280178, 292925
L1-I.access-mru-2 = 469, 0, 1, 2, 2, 1, 1, 1, 0, 1, 1, 1, 1, 1, 0, 1
L1-I.access-mru-3 = 21, 0, 0, 0, 0, 0, 0, 0, 0, 0, 0, 0, 0, 0, 0, 0
L1-I.backinval-D = 0, 0, 0, 0, 0, 0, 0, 0, 0, 0, 0, 0, 0, 0, 0, 0
L1-I.backinval-E = 43142, 35, 1, 1, 21, 7, 57, 4, 11, 23, 12, 17, 5, 2, 11, 6
L1-I.backinval-I = 0, 0, 0, 0, 0, 0, 0, 0, 0, 0, 0, 0, 0, 0, 0, 0
L1-I.backinval-M = 0, 0, 0, 0, 0, 0, 0, 0, 0, 0, 0, 0, 0, 0, 0, 0
L1-I.backinval-O = 0, 0, 0, 0, 0, 0, 0, 0, 0, 0, 0, 0, 0, 0, 0, 0
L1-I.backinval-S = 12158, 11209, 10620, 12927, 10883, 11246, 10332, 12333, 11180, 12434, 11712, 13069, 12724, 10058, 10108, 11304
L1-I.backinval-u = 0, 0, 0, 0, 0, 0, 0, 0, 0, 0, 0, 0, 0, 0, 0, 0
L1-I.coherency-downgrades = 100, 353, 17, 79, 61, 121, 426, 80, 16, 99, 63, 120, 22, 183, 86, 25
L1-I.coherency-invalidates = 0, 0, 0, 0, 0, 0, 0, 0, 0, 0, 0, 0, 0, 0, 0, 0
L1-I.coherency-upgrades = 0, 0, 0, 0, 0, 0, 0, 0, 0, 0, 0, 0, 0, 0, 0, 0
L1-I.coherency-writebacks = 0, 0, 0, 0, 0, 0, 0, 0, 0, 0, 0, 0, 0, 0, 0, 0
L1-I.evict-D = 0, 0, 0, 0, 0, 0, 0, 0, 0, 0, 0, 0, 0, 0, 0, 0
L1-I.evict-E = 0, 0, 0, 0, 0, 0, 0, 0, 0, 0, 0, 0, 0, 0, 0, 0
L1-I.evict-I = 0, 0, 0, 0, 0, 0, 0, 0, 0, 0, 0, 0, 0, 0, 0, 0
L1-I.evict-M = 0, 0, 0, 0, 0, 0, 0, 0, 0, 0, 0, 0, 0, 0, 0, 0
L1-I.evict-O = 0, 0, 0, 0, 0, 0, 0, 0, 0, 0, 0, 0, 0, 0, 0, 0
L1-I.evict-prefetch = 0, 0, 0, 0, 0, 0, 0, 0, 0, 0, 0, 0, 0, 0, 0, 0
L1-I.evict-S = 0, 0, 0, 0, 0, 0, 0, 0, 0, 0, 0, 0, 0, 0, 0, 0
L1-I.evict-u = 0, 0, 0, 0, 0, 0, 0, 0, 0, 0, 0, 0, 0, 0, 0, 0
L1-I.evict-warmup = 0, 0, 0, 0, 0, 0, 0, 0, 0, 0, 0, 0, 0, 0, 0, 0
L1-I.hits-prefetch = 0, 0, 0, 0, 0, 0, 0, 0, 0, 0, 0, 0, 0, 0, 0, 0
L1-I.hits-warmup = 0, 0, 0, 0, 0, 0, 0, 0, 0, 0, 0, 0, 0, 0, 0, 0
L1-I.invalidate-prefetch = 0, 0, 0, 0, 0, 0, 0, 0, 0, 0, 0, 0, 0, 0, 0, 0
L1-I.invalidate-warmup = 0, 0, 0, 0, 0, 0, 0, 0, 0, 0, 0, 0, 0, 0, 0, 0
L1-I.load-misses = 55527, 11330, 10711, 13015, 10993, 11341, 10479, 12426, 11280, 12546, 11812, 13175, 12820, 10148, 10210, 11400
L1-I.load-misses-D = 0, 0, 0, 0, 0, 0, 0, 0, 0, 0, 0, 0, 0, 0, 0, 0
L1-I.load-misses-E = 0, 0, 0, 0, 0, 0, 0, 0, 0, 0, 0, 0, 0, 0, 0, 0
L1-I.load-misses-I = 55527, 11330, 10711, 13015, 10993, 11341, 10479, 12426, 11280, 12546, 11812, 13175, 12820, 10148, 10210, 11400
L1-I.load-misses-M = 0, 0, 0, 0, 0, 0, 0, 0, 0, 0, 0, 0, 0, 0, 0, 0
L1-I.load-misses-O = 0, 0, 0, 0, 0, 0, 0, 0, 0, 0, 0, 0, 0, 0, 0, 0
L1-I.load-misses-S = 0, 0, 0, 0, 0, 0, 0, 0, 0, 0, 0, 0, 0, 0, 0, 0
L1-I.load-misses-u = 0, 0, 0, 0, 0, 0, 0, 0, 0, 0, 0, 0, 0, 0, 0, 0
L1-I.load-overlapping-misses = 0, 0, 0, 0, 0, 0, 0, 0, 0, 0, 0, 0, 0, 0, 0, 0
L1-I.loads = 40163156, 16171388, 14288487, 15606435, 15590092, 13940753, 11440032, 12499624, 13113840, 15500274, 12570997, 13984187, 14543105, 15171933, 12957572, 14311819
L1-I.loads-D = 0, 0, 0, 0, 0, 0, 0, 0, 0, 0, 0, 0, 0, 0, 0, 0
L1-I.loads-E = 25629437, 3252, 0, 21, 6, 66, 766036, 30, 7, 31, 296, 42, 2, 222, 1825, 9
L1-I.loads-I = 55527, 11330, 10711, 13015, 10993, 11341, 10479, 12426, 11280, 12546, 11812, 13175, 12820, 10148, 10210, 11400
L1-I.loads-M = 0, 0, 0, 0, 0, 0, 0, 0, 0, 0, 0, 0, 0, 0, 0, 0
L1-I.loads-O = 0, 0, 0, 0, 0, 0, 0, 0, 0, 0, 0, 0, 0, 0, 0, 0
L1-I.loads-prefetch = 0, 0, 0, 0, 0, 0, 0, 0, 0, 0, 0, 0, 0, 0, 0, 0
L1-I.loads-S = 14478192, 16156806, 14277776, 15593399, 15579093, 13929346, 10663517, 12487168, 13102553, 15487697, 12558889, 13970970, 14530283, 15161563, 12945537, 14300410
L1-I.loads-u = 0, 0, 0, 0, 0, 0, 0, 0, 0, 0, 0, 0, 0, 0, 0, 0
L1-I.loads-where-cache-remote = 15, 107, 76, 41, 78, 74, 275, 388, 116, 50, 167, 145, 51, 97, 116, 54
L1-I.loads-where-dram = 0, 0, 0, 0, 0, 0, 0, 0, 0, 0, 0, 0, 0, 0, 0, 0
L1-I.loads-where-dram-cache = 0, 0, 0, 0, 0, 0, 0, 0, 0, 0, 0, 0, 0, 0, 0, 0
L1-I.loads-where-dram-local = 433, 0, 0, 0, 8, 0, 0, 0, 0, 0, 0, 0, 0, 0, 0, 0
L1-I.loads-where-dram-remote = 1292, 67, 1, 3, 17, 22, 25, 11, 2, 5, 0, 19, 0, 45, 6, 3
L1-I.loads-where-L1 = 0, 0, 0, 0, 0, 0, 0, 0, 0, 0, 0, 0, 0, 0, 0, 0
L1-I.loads-where-L1_S = 0, 0, 0, 0, 0, 0, 0, 0, 0, 0, 0, 0, 0, 0, 0, 0
L1-I.loads-where-L1I = 40107629, 16160058, 14277776, 15593420, 15579099, 13929412, 11429553, 12487198, 13102560, 15487728, 12559185, 13971012, 14530285, 15161785, 12947362, 14300419
L1-I.loads-where-L2 = 2, 0, 0, 0, 0, 0, 0, 0, 0, 0, 0, 0, 0, 0, 0, 0
L1-I.loads-where-L2_S = 0, 0, 0, 0, 0, 0, 0, 0, 0, 0, 0, 0, 0, 0, 0, 0
L1-I.loads-where-L3 = 0, 0, 0, 0, 0, 0, 0, 0, 0, 0, 0, 0, 0, 0, 0, 0
L1-I.loads-where-L3_S = 0, 0, 0, 0, 0, 0, 0, 0, 0, 0, 0, 0, 0, 0, 0, 0
L1-I.loads-where-L4 = 0, 0, 0, 0, 0, 0, 0, 0, 0, 0, 0, 0, 0, 0, 0, 0
L1-I.loads-where-L4_S = 0, 0, 0, 0, 0, 0, 0, 0, 0, 0, 0, 0, 0, 0, 0, 0
L1-I.loads-where-miss = 0, 0, 0, 0, 0, 0, 0, 0, 0, 0, 0, 0, 0, 0, 0, 0
L1-I.loads-where-nuca-cache = 53785, 11156, 10634, 12971, 10890, 11245, 10179, 12027, 11162, 12491, 11645, 13011, 12769, 10006, 10088, 11343
L1-I.loads-where-nuca-local = 0, 0, 0, 0, 0, 0, 0, 0, 0, 0, 0, 0, 0, 0, 0, 0
L1-I.loads-where-nuca-remote = 0, 0, 0, 0, 0, 0, 0, 0, 0, 0, 0, 0, 0, 0, 0, 0
L1-I.loads-where-predicate-false = 0, 0, 0, 0, 0, 0, 0, 0, 0, 0, 0, 0, 0, 0, 0, 0
L1-I.loads-where-prefetch-no-mapping = 0, 0, 0, 0, 0, 0, 0, 0, 0, 0, 0, 0, 0, 0, 0, 0
L1-I.loads-where-unknown = 0, 0, 0, 0, 0, 0, 0, 0, 0, 0, 0, 0, 0, 0, 0, 0
L1-I.mshr-latency = 0, 0, 0, 0, 0, 0, 0, 0, 0, 0, 0, 0, 0, 0, 0, 0
L1-I.next_read.no-free-slots = 0, 0, 0, 0, 0, 0, 0, 0, 0, 0, 0, 0, 0, 0, 0, 0
L1-I.next_read.num-barriers = 0, 0, 0, 0, 0, 0, 0, 0, 0, 0, 0, 0, 0, 0, 0, 0
L1-I.next_read.num-requests = 0, 0, 0, 0, 0, 0, 0, 0, 0, 0, 0, 0, 0, 0, 0, 0
L1-I.next_read.requests-out-of-order = 0, 0, 0, 0, 0, 0, 0, 0, 0, 0, 0, 0, 0, 0, 0, 0
L1-I.next_read.requests-simultaneous = 0, 0, 0, 0, 0, 0, 0, 0, 0, 0, 0, 0, 0, 0, 0, 0
L1-I.next_read.total-barrier-delay = 0, 0, 0, 0, 0, 0, 0, 0, 0, 0, 0, 0, 0, 0, 0, 0
L1-I.next_read.total-delay = 0, 0, 0, 0, 0, 0, 0, 0, 0, 0, 0, 0, 0, 0, 0, 0
L1-I.prefetches = 0, 0, 0, 0, 0, 0, 0, 0, 0, 0, 0, 0, 0, 0, 0, 0
L1-I.qbs-query-latency = 0, 0, 0, 0, 0, 0, 0, 0, 0, 0, 0, 0, 0, 0, 0, 0
L1-I.snoop-latency = 0, 0, 0, 0, 0, 0, 0, 0, 0, 0, 0, 0, 0, 0, 0, 0
L1-I.store-misses = 0, 0, 0, 0, 0, 0, 0, 0, 0, 0, 0, 0, 0, 0, 0, 0
L1-I.store-misses-D = 0, 0, 0, 0, 0, 0, 0, 0, 0, 0, 0, 0, 0, 0, 0, 0
L1-I.store-misses-E = 0, 0, 0, 0, 0, 0, 0, 0, 0, 0, 0, 0, 0, 0, 0, 0
L1-I.store-misses-I = 0, 0, 0, 0, 0, 0, 0, 0, 0, 0, 0, 0, 0, 0, 0, 0
L1-I.store-misses-M = 0, 0, 0, 0, 0, 0, 0, 0, 0, 0, 0, 0, 0, 0, 0, 0
L1-I.store-misses-O = 0, 0, 0, 0, 0, 0, 0, 0, 0, 0, 0, 0, 0, 0, 0, 0
L1-I.store-misses-S = 0, 0, 0, 0, 0, 0, 0, 0, 0, 0, 0, 0, 0, 0, 0, 0
L1-I.store-misses-u = 0, 0, 0, 0, 0, 0, 0, 0, 0, 0, 0, 0, 0, 0, 0, 0
L1-I.store-overlapping-misses = 0, 0, 0, 0, 0, 0, 0, 0, 0, 0, 0, 0, 0, 0, 0, 0
L1-I.stores = 0, 0, 0, 0, 0, 0, 0, 0, 0, 0, 0, 0, 0, 0, 0, 0
L1-I.stores-D = 0, 0, 0, 0, 0, 0, 0, 0, 0, 0, 0, 0, 0, 0, 0, 0
L1-I.stores-E = 0, 0, 0, 0, 0, 0, 0, 0, 0, 0, 0, 0, 0, 0, 0, 0
L1-I.stores-I = 0, 0, 0, 0, 0, 0, 0, 0, 0, 0, 0, 0, 0, 0, 0, 0
L1-I.stores-M = 0, 0, 0, 0, 0, 0, 0, 0, 0, 0, 0, 0, 0, 0, 0, 0
L1-I.stores-O = 0, 0, 0, 0, 0, 0, 0, 0, 0, 0, 0, 0, 0, 0, 0, 0
L1-I.stores-prefetch = 0, 0, 0, 0, 0, 0, 0, 0, 0, 0, 0, 0, 0, 0, 0, 0
L1-I.stores-S = 0, 0, 0, 0, 0, 0, 0, 0, 0, 0, 0, 0, 0, 0, 0, 0
L1-I.stores-u = 0, 0, 0, 0, 0, 0, 0, 0, 0, 0, 0, 0, 0, 0, 0, 0
L1-I.stores-where-cache-remote = 0, 0, 0, 0, 0, 0, 0, 0, 0, 0, 0, 0, 0, 0, 0, 0
L1-I.stores-where-dram = 0, 0, 0, 0, 0, 0, 0, 0, 0, 0, 0, 0, 0, 0, 0, 0
L1-I.stores-where-dram-cache = 0, 0, 0, 0, 0, 0, 0, 0, 0, 0, 0, 0, 0, 0, 0, 0
L1-I.stores-where-dram-local = 0, 0, 0, 0, 0, 0, 0, 0, 0, 0, 0, 0, 0, 0, 0, 0
L1-I.stores-where-dram-remote = 0, 0, 0, 0, 0, 0, 0, 0, 0, 0, 0, 0, 0, 0, 0, 0
L1-I.stores-where-L1 = 0, 0, 0, 0, 0, 0, 0, 0, 0, 0, 0, 0, 0, 0, 0, 0
L1-I.stores-where-L1_S = 0, 0, 0, 0, 0, 0, 0, 0, 0, 0, 0, 0, 0, 0, 0, 0
L1-I.stores-where-L1I = 0, 0, 0, 0, 0, 0, 0, 0, 0, 0, 0, 0, 0, 0, 0, 0
L1-I.stores-where-L2 = 0, 0, 0, 0, 0, 0, 0, 0, 0, 0, 0, 0, 0, 0, 0, 0
L1-I.stores-where-L2_S = 0, 0, 0, 0, 0, 0, 0, 0, 0, 0, 0, 0, 0, 0, 0, 0
L1-I.stores-where-L3 = 0, 0, 0, 0, 0, 0, 0, 0, 0, 0, 0, 0, 0, 0, 0, 0
L1-I.stores-where-L3_S = 0, 0, 0, 0, 0, 0, 0, 0, 0, 0, 0, 0, 0, 0, 0, 0
L1-I.stores-where-L4 = 0, 0, 0, 0, 0, 0, 0, 0, 0, 0, 0, 0, 0, 0, 0, 0
L1-I.stores-where-L4_S = 0, 0, 0, 0, 0, 0, 0, 0, 0, 0, 0, 0, 0, 0, 0, 0
L1-I.stores-where-miss = 0, 0, 0, 0, 0, 0, 0, 0, 0, 0, 0, 0, 0, 0, 0, 0
L1-I.stores-where-nuca-cache = 0, 0, 0, 0, 0, 0, 0, 0, 0, 0, 0, 0, 0, 0, 0, 0
L1-I.stores-where-nuca-local = 0, 0, 0, 0, 0, 0, 0, 0, 0, 0, 0, 0, 0, 0, 0, 0
L1-I.stores-where-nuca-remote = 0, 0, 0, 0, 0, 0, 0, 0, 0, 0, 0, 0, 0, 0, 0, 0
L1-I.stores-where-predicate-false = 0, 0, 0, 0, 0, 0, 0, 0, 0, 0, 0, 0, 0, 0, 0, 0
L1-I.stores-where-prefetch-no-mapping = 0, 0, 0, 0, 0, 0, 0, 0, 0, 0, 0, 0, 0, 0, 0, 0
L1-I.stores-where-unknown = 0, 0, 0, 0, 0, 0, 0, 0, 0, 0, 0, 0, 0, 0, 0, 0
L1-I.total-latency = 1728146784733, 308718533128, 313471549877, 439768225892, 706960751481, 808022478595, 335583350497, 554582632824, 298002562257, 340977569652, 311225631348, 468104175815, 352442000213, 285192198031, 282958172414, 317013727347
l1misslat = 82736821.4886
L2.access-mru-0 = 1, 0, 0, 0, 0, 0, 0, 0, 0, 0, 0, 0, 0, 0, 0, 0
L2.access-mru-1 = 0, 0, 0, 0, 0, 0, 0, 0, 0, 0, 0, 0, 0, 0, 0, 0
L2.access-mru-2 = 1, 0, 0, 0, 0, 0, 0, 0, 0, 0, 0, 0, 0, 0, 0, 0
L2.access-mru-3 = 1, 0, 0, 0, 0, 0, 0, 0, 0, 0, 0, 0, 0, 0, 0, 0
L2.backinval-D = 0, 0, 0, 0, 0, 0, 0, 0, 0, 0, 0, 0, 0, 0, 0, 0
L2.backinval-E = 0, 0, 0, 0, 0, 0, 0, 0, 0, 0, 0, 0, 0, 0, 0, 0
L2.backinval-I = 0, 0, 0, 0, 0, 0, 0, 0, 0, 0, 0, 0, 0, 0, 0, 0
L2.backinval-M = 0, 0, 0, 0, 0, 0, 0, 0, 0, 0, 0, 0, 0, 0, 0, 0
L2.backinval-O = 0, 0, 0, 0, 0, 0, 0, 0, 0, 0, 0, 0, 0, 0, 0, 0
L2.backinval-S = 0, 0, 0, 0, 0, 0, 0, 0, 0, 0, 0, 0, 0, 0, 0, 0
L2.backinval-u = 0, 0, 0, 0, 0, 0, 0, 0, 0, 0, 0, 0, 0, 0, 0, 0
L2.coherency-downgrades = 14786, 8629, 3620, 3840, 3494, 26545, 24220, 25293, 26660, 9948, 13419, 14586, 8297, 16901, 14721, 16283
L2.coherency-invalidates = 6227, 4232, 3172, 2932, 3054, 9258, 7273, 7414, 8211, 7619, 8575, 8822, 6256, 7757, 7350, 8615
L2.coherency-upgrades = 1968, 5094, 3956, 3452, 4062, 6045, 5366, 5470, 5295, 12223, 11279, 12582, 10755, 2299, 4100, 4083
L2.coherency-writebacks = 1977, 2288, 1704, 1633, 2208, 3230, 2823, 3134, 2568, 2455, 2591, 2358, 1835, 2205, 2067, 2774
L2.evict-D = 0, 0, 0, 0, 0, 0, 0, 0, 0, 0, 0, 0, 0, 0, 0, 0
L2.evict-E = 174174, 61439, 52366, 59571, 57448, 50444, 41061, 49239, 46940, 51274, 43330, 48931, 49119, 49970, 42973, 49132
L2.evict-I = 0, 0, 0, 0, 0, 0, 0, 0, 0, 0, 0, 0, 0, 0, 0, 0
L2.evict-M = 512476, 57783, 55447, 60919, 58316, 48841, 45549, 49581, 48428, 59626, 52633, 59568, 59946, 47748, 45692, 50547
L2.evict-O = 0, 0, 0, 0, 0, 0, 0, 0, 0, 0, 0, 0, 0, 0, 0, 0
L2.evict-prefetch = 0, 0, 0, 0, 0, 0, 0, 0, 0, 0, 0, 0, 0, 0, 0, 0
L2.evict-S = 42652, 37228, 35273, 39210, 35380, 40431, 38642, 41561, 38452, 49833, 47110, 50764, 47561, 38717, 37050, 41720
L2.evict-u = 0, 0, 0, 0, 0, 0, 0, 0, 0, 0, 0, 0, 0, 0, 0, 0
L2.evict-warmup = 0, 0, 0, 0, 0, 0, 0, 0, 0, 0, 0, 0, 0, 0, 0, 0
L2.hits-prefetch = 0, 0, 0, 0, 0, 0, 0, 0, 0, 0, 0, 0, 0, 0, 0, 0
L2.hits-warmup = 0, 0, 0, 0, 0, 0, 0, 0, 0, 0, 0, 0, 0, 0, 0, 0
L2.invalidate-prefetch = 0, 0, 0, 0, 0, 0, 0, 0, 0, 0, 0, 0, 0, 0, 0, 0
L2.invalidate-warmup = 0, 0, 0, 0, 0, 0, 0, 0, 0, 0, 0, 0, 0, 0, 0, 0
L2.load-misses = 465776, 145082, 139720, 153641, 144568, 144083, 132535, 146905, 140047, 160736, 150750, 165505, 158997, 132106, 129617, 144720
L2.load-misses-D = 0, 0, 0, 0, 0, 0, 0, 0, 0, 0, 0, 0, 0, 0, 0, 0
L2.load-misses-E = 9713, 5138, 10025, 10201, 8414, 8911, 10714, 11327, 10548, 7172, 9671, 9774, 9505, 6585, 9900, 10169
L2.load-misses-I = 455517, 138330, 128471, 142402, 134813, 132957, 119913, 133554, 127555, 148434, 136473, 150215, 144820, 124960, 118285, 133229
L2.load-misses-M = 0, 0, 0, 0, 0, 0, 0, 0, 0, 0, 0, 0, 0, 0, 0, 0
L2.load-misses-O = 0, 0, 0, 0, 0, 0, 0, 0, 0, 0, 0, 0, 0, 0, 0, 0
L2.load-misses-S = 546, 1614, 1224, 1038, 1341, 2215, 1908, 2024, 1944, 5130, 4606, 5516, 4672, 561, 1432, 1322
L2.load-misses-u = 0, 0, 0, 0, 0, 0, 0, 0, 0, 0, 0, 0, 0, 0, 0, 0
L2.load-overlapping-misses = 8446, 5797, 9264, 9114, 8069, 8973, 10163, 10817, 10281, 10229, 11816, 12492, 11830, 5852, 9167, 9045
L2.loads = 465779, 145082, 139720, 153641, 144568, 144083, 132535, 146905, 140047, 160736, 150750, 165505, 158997, 132106, 129617, 144720
L2.loads-D = 0, 0, 0, 0, 0, 0, 0, 0, 0, 0, 0, 0, 0, 0, 0, 0
L2.loads-E = 9716, 5138, 10025, 10201, 8414, 8911, 10714, 11327, 10548, 7172, 9671, 9774, 9505, 6585, 9900, 10169
L2.loads-I = 455517, 138330, 128471, 142402, 134813, 132957, 119913, 133554, 127555, 148434, 136473, 150215, 144820, 124960, 118285, 133229
L2.loads-M = 0, 0, 0, 0, 0, 0, 0, 0, 0, 0, 0, 0, 0, 0, 0, 0
L2.loads-O = 0, 0, 0, 0, 0, 0, 0, 0, 0, 0, 0, 0, 0, 0, 0, 0
L2.loads-prefetch = 0, 0, 0, 0, 0, 0, 0, 0, 0, 0, 0, 0, 0, 0, 0, 0
L2.loads-S = 546, 1614, 1224, 1038, 1341, 2215, 1908, 2024, 1944, 5130, 4606, 5516, 4672, 561, 1432, 1322
L2.loads-u = 0, 0, 0, 0, 0, 0, 0, 0, 0, 0, 0, 0, 0, 0, 0, 0
L2.mshr-latency = 0, 0, 0, 0, 0, 0, 0, 0, 0, 0, 0, 0, 0, 0, 0, 0
L2.next_read.no-free-slots = 0, 0, 0, 0, 0, 0, 0, 0, 0, 0, 0, 0, 0, 0, 0, 0
L2.next_read.num-barriers = 0, 0, 0, 0, 0, 0, 0, 0, 0, 0, 0, 0, 0, 0, 0, 0
L2.next_read.num-requests = 0, 0, 0, 0, 0, 0, 0, 0, 0, 0, 0, 0, 0, 0, 0, 0
L2.next_read.requests-out-of-order = 0, 0, 0, 0, 0, 0, 0, 0, 0, 0, 0, 0, 0, 0, 0, 0
L2.next_read.requests-simultaneous = 0, 0, 0, 0, 0, 0, 0, 0, 0, 0, 0, 0, 0, 0, 0, 0
L2.next_read.total-barrier-delay = 0, 0, 0, 0, 0, 0, 0, 0, 0, 0, 0, 0, 0, 0, 0, 0
L2.next_read.total-delay = 0, 0, 0, 0, 0, 0, 0, 0, 0, 0, 0, 0, 0, 0, 0, 0
L2.prefetches = 0, 0, 0, 0, 0, 0, 0, 0, 0, 0, 0, 0, 0, 0, 0, 0
L2.qbs-query-latency = 0, 0, 0, 0, 0, 0, 0, 0, 0, 0, 0, 0, 0, 0, 0, 0
L2.snoop-latency = 0, 0, 0, 0, 0, 0, 0, 0, 0, 0, 0, 0, 0, 0, 0, 0
L2.store-misses = 507627, 56166, 46260, 51692, 51247, 47281, 39895, 43690, 43725, 54642, 46039, 51853, 50637, 49030, 41532, 47339
L2.store-misses-D = 0, 0, 0, 0, 0, 0, 0, 0, 0, 0, 0, 0, 0, 0, 0, 0
L2.store-misses-E = 223704, 27549, 23540, 26917, 26434, 23706, 20504, 22371, 22830, 24678, 21102, 24060, 24159, 25355, 21520, 24519
L2.store-misses-I = 282359, 24727, 19688, 22087, 21825, 19431, 15704, 17638, 17292, 22414, 17951, 20442, 20085, 21746, 17185, 19923
L2.store-misses-M = 0, 0, 0, 0, 0, 0, 0, 0, 0, 0, 0, 0, 0, 0, 0, 0
L2.store-misses-O = 0, 0, 0, 0, 0, 0, 0, 0, 0, 0, 0, 0, 0, 0, 0, 0
L2.store-misses-S = 1564, 3890, 3032, 2688, 2988, 4144, 3687, 3681, 3603, 7550, 6986, 7351, 6393, 1929, 2827, 2897
L2.store-misses-u = 0, 0, 0, 0, 0, 0, 0, 0, 0, 0, 0, 0, 0, 0, 0, 0
L2.store-overlapping-misses = 184055, 27236, 22644, 25068, 24903, 23771, 20640, 22496, 22446, 27436, 24963, 27141, 26268, 22956, 20890, 23381
L2.stores = 507627, 56166, 46260, 51692, 51247, 47281, 39895, 43690, 43725, 54642, 46039, 51853, 50637, 49030, 41532, 47339
L2.stores-D = 0, 0, 0, 0, 0, 0, 0, 0, 0, 0, 0, 0, 0, 0, 0, 0
L2.stores-E = 223704, 27549, 23540, 26917, 26434, 23706, 20504, 22371, 22830, 24678, 21102, 24060, 24159, 25355, 21520, 24519
L2.stores-I = 282359, 24727, 19688, 22087, 21825, 19431, 15704, 17638, 17292, 22414, 17951, 20442, 20085, 21746, 17185, 19923
L2.stores-M = 0, 0, 0, 0, 0, 0, 0, 0, 0, 0, 0, 0, 0, 0, 0, 0
L2.stores-O = 0, 0, 0, 0, 0, 0, 0, 0, 0, 0, 0, 0, 0, 0, 0, 0
L2.stores-prefetch = 0, 0, 0, 0, 0, 0, 0, 0, 0, 0, 0, 0, 0, 0, 0, 0
L2.stores-S = 1564, 3890, 3032, 2688, 2988, 4144, 3687, 3681, 3603, 7550, 6986, 7351, 6393, 1929, 2827, 2897
L2.stores-u = 0, 0, 0, 0, 0, 0, 0, 0, 0, 0, 0, 0, 0, 0, 0, 0
L2.total-latency = 0, 0, 0, 0, 0, 0, 0, 0, 0, 0, 0, 0, 0, 0, 0, 0
L2.uncore-requests = 739826, 168120, 152047, 167888, 160511, 158289, 140857, 156570, 149982, 182782, 165380, 182924, 175312, 149036, 139429, 157149
L2.uncore-time-dram = 0, 0, 0, 0, 0, 0, 0, 0, 0, 0, 0, 0, 0, 0, 0, 0
L2.uncore-time-dram-bus = 2088960036872, 34349299700, 25034949720, 27985196320, 27841898628, 24723066508, 22506166920, 24916939856, 23947573116, 27589020348, 21309209728, 24352178364, 23837992528, 27125410168, 20677014028, 23694694836
L2.uncore-time-dram-cache = 0, 0, 0, 0, 0, 0, 0, 0, 0, 0, 0, 0, 0, 0, 0, 0
L2.uncore-time-dram-cache-bus = 0, 0, 0, 0, 0, 0, 0, 0, 0, 0, 0, 0, 0, 0, 0, 0
L2.uncore-time-dram-cache-data = 0, 0, 0, 0, 0, 0, 0, 0, 0, 0, 0, 0, 0, 0, 0, 0
L2.uncore-time-dram-cache-queue = 0, 0, 0, 0, 0, 0, 0, 0, 0, 0, 0, 0, 0, 0, 0, 0
L2.uncore-time-dram-cache-tags = 0, 0, 0, 0, 0, 0, 0, 0, 0, 0, 0, 0, 0, 0, 0, 0
L2.uncore-time-dram-device = 11151990000000, 183375000000, 133650000000, 149400000000, 148635000000, 131985000000, 120150000000, 133020000000, 127845000000, 147285000000, 113760000000, 130005000000, 127260000000, 144810000000, 110385000000, 126495000000
L2.uncore-time-dram-queue = 13131206342658, 17081000933868, 11521507010200, 14961882655247, 15009824201708, 11712763128993, 8448291885762, 12279915169266, 9755937370363, 15352469037213, 10671002362199, 13761031153438, 13084905050785, 14579745380740, 13135452512162, 12258483394080
L2.uncore-time-inv-imbalance = 30472016065, 61154520093, 44576223122, 38762391298, 43123481823, 47575939504, 40977274904, 50425241595, 40156379991, 67072795724, 68203000404, 81318270236, 1383725961, 1486392674, 2187899107, 1325626095
L2.uncore-time-noc-base = 9193609576652, 1683522642503, 1501171934428, 1817418229067, 1598529399457, 1418040857288, 1256426538681, 1543089558957, 1485422390634, 1766329987315, 1600081613862, 1991933536045, 2126562585508, 1541073826428, 1415519151208, 1798813892641
L2.uncore-time-noc-queue = 2096472824353, 649744254446, 573712308153, 585795505125, 623620372587, 669573436860, 573442547015, 599818121983, 586451721502, 806975705349, 721125077001, 736631334803, 680748704649, 619022980649, 529099556790, 572035054904
L2.uncore-time-nuca-bus = 6634446953, 6944662411, 6286921136, 6677359995, 6785107934, 6591671947, 5492941776, 6358464069, 6245112949, 6713122485, 6049880440, 6897291926, 6793502441, 6981412778, 5444794084, 6019649482
L2.uncore-time-nuca-data = 1431360124804, 436447894696, 406491665278, 454081339349, 428507591401, 407136939146, 365206195819, 413501910639, 397895539570, 407964657371, 365227507163, 405407372296, 399342065210, 403774410783, 362545447789, 405357817942
L2.uncore-time-nuca-ecc = 0, 0, 0, 0, 0, 0, 0, 0, 0, 0, 0, 0, 0, 0, 0, 0
L2.uncore-time-nuca-queue = 476297413008, 145197574656, 135229855648, 151065295968, 142556999968, 135468087936, 121491460048, 137535103376, 132391087712, 135688302656, 121461430768, 134842477936, 132799485920, 134289939184, 120610601168, 134829465248
L2.uncore-time-nuca-tags = 544100274090, 112128318018, 103810291704, 115968158964, 109564414038, 103961419182, 93265202754, 105531340446, 101580973434, 104382470862, 93135879738, 103458412800, 101877965244, 103290744006, 92440392588, 103389991902
L2.uncore-time-remote-cache-inv = 0, 0, 0, 0, 0, 0, 0, 0, 0, 0, 0, 0, 0, 0, 0, 0
L2.uncore-time-remote-cache-wb = 0, 0, 0, 0, 0, 0, 0, 0, 0, 0, 0, 0, 0, 0, 0, 0
L2.uncore-time-td-access = 2834525560592, 685175736506, 610801262912, 670541729402, 645691524166, 655428981602, 579072517408, 633855710340, 606906534872, 829270181122, 753788727588, 830901192242, 807746816900, 603178814796, 585951201126, 664048981153
L2.uncore-time-unknown = 2856563964207, 871344000000, 811536000000, 906647002101, 855480000000, 812580000000, 729156000000, 825762000000, 794118000000, 814896000000, 729594000000, 809676000000, 797730000000, 806568000000, 723798000000, 809484000000
L2.uncore-totaltime = 45842192580254, 21950384836897, 15873808422301, 19886224862836, 19640159991710, 16125828528966, 12355478731087, 16753729560527, 14058897684143, 20466636280445, 15264738688891, 19016454220086, 18290987895146, 18971347312206, 17104111570050, 16903977568283
ncores = 16
network.shmem-1.mesh.bytes-in = 73234300, 26842072, 26082176, 26402050, 27754440, 25982388, 24885960, 26058000, 27702446, 28061374, 25449880, 26711666, 28301692, 24663880, 23899716, 25306178
network.shmem-1.mesh.bytes-out = 76003308, 25562706, 25651876, 24673022, 29732534, 25288242, 25501320, 26189160, 31664900, 27355400, 23826420, 24901162, 30213874, 23546172, 23079950, 24148172
network.shmem-1.mesh.contention-delay = 2144166389976, 1103659461727, 1061793261215, 1091620752713, 1232503203531, 1122477820205, 1023226966031, 1111602482732, 1221251497831, 1418502757234, 1061545131596, 1138446143734, 1251347050993, 1068657064690, 974191996238, 1090854959572
network.shmem-1.mesh.link-down.num-requests = 0, 0, 0, 0, 879045, 407844, 411978, 396132, 874772, 518381, 561898, 563173, 575640, 384343, 369654, 434266
network.shmem-1.mesh.link-down.num-requests-analytical = 0, 0, 0, 0, 5181, 2562, 2567, 2630, 6812, 3725, 3685, 3597, 5198, 2760, 2627, 2693
network.shmem-1.mesh.link-down.total-queue-delay = 0, 0, 0, 0, 421552814041, 160614646737, 140380310719, 135350740137, 446514147936, 301574216949, 287803377244, 279387375035, 123674596369, 136014244199, 117990000045, 101091066388
network.shmem-1.mesh.link-down.total-time-used = 0, 0, 0, 0, 2431174824966, 856314224352, 829743906156, 842063319912, 2166363720544, 1022593262062, 1114370007620, 1155741797582, 1329234127056, 755569213514, 705233802036, 939678285068
network.shmem-1.mesh.link-in.num-requests = 1622824, 554343, 535255, 542577, 601141, 543586, 523040, 548449, 612726, 597352, 532467, 565868, 622736, 511945, 493696, 528109
network.shmem-1.mesh.link-in.num-requests-analytical = 3822, 4258, 3939, 4240, 4816, 4537, 4137, 4122, 5098, 4470, 3940, 3986, 4502, 4178, 3871, 4667
network.shmem-1.mesh.link-in.total-queue-delay = 1162382630887, 331701676130, 302548477366, 298518747653, 356508537197, 350565865222, 332912961573, 352885259957, 375457585403, 583131889826, 303293313300, 325150219302, 338094582695, 311226119414, 287505805304, 323172976567
network.shmem-1.mesh.link-in.total-time-used = 3156739907912, 1133446555506, 1142369425898, 1095157012974, 1337761159670, 1125718459724, 1140625192696, 1165073347718, 1424195644548, 1211200412312, 1060103153466, 1107778485952, 1356034781992, 1052258880518, 1032725726528, 1077773585822
network.shmem-1.mesh.link-left.num-requests = 0, 553200, 627517, 446560, 0, 556015, 631555, 454404, 0, 580035, 641150, 465468, 0, 532136, 599874, 430029
network.shmem-1.mesh.link-left.num-requests-analytical = 0, 5083, 5198, 3508, 0, 5213, 5234, 3418, 0, 5080, 5008, 3295, 0, 5149, 5380, 3819
network.shmem-1.mesh.link-left.total-queue-delay = 0, 118426787450, 223787220891, 49284426735, 0, 128590039201, 241758725239, 64516995841, 0, 133582578830, 223211722460, 50961817909, 0, 122854591135, 219338794124, 52778663132
network.shmem-1.mesh.link-left.total-time-used = 0, 1236910540152, 1338553655366, 904515408872, 0, 1258990279778, 1387285140698, 964456730376, 0, 1253125119642, 1313737263292, 917635945008, 0, 1196097644728, 1287203699676, 889449884118
network.shmem-1.mesh.link-out.num-requests = 1082112, 583788, 592409, 560927, 636516, 578585, 586656, 596237, 678553, 630133, 552369, 571368, 648643, 543731, 536749, 557338
network.shmem-1.mesh.link-out.num-requests-analytical = 5844, 3218, 3222, 3270, 6579, 3772, 3637, 3449, 7535, 3510, 3211, 3192, 6550, 3200, 3265, 3807
network.shmem-1.mesh.link-out.total-queue-delay = 723962578960, 222337431951, 194499118462, 190558932766, 308427805013, 301322363926, 259027334497, 264866201680, 274847724685, 509325766818, 273843375568, 279160622415, 195078526414, 193258105665, 172641905732, 189979583441
network.shmem-1.mesh.link-out.total-time-used = 3025029709632, 1193653474944, 1162758091870, 1176462034498, 1244909712168, 1158440812174, 1111894789104, 1159050169222, 1238183837702, 1244472076862, 1136451841782, 1192874520984, 1266252890762, 1104875981530, 1071374913710, 1132276876292
network.shmem-1.mesh.link-right.num-requests = 1254447, 1091992, 677431, 0, 450651, 502970, 377491, 0, 461100, 614217, 398161, 0, 468791, 575509, 444245, 0
network.shmem-1.mesh.link-right.num-requests-analytical = 2608, 3549, 2611, 0, 3117, 3653, 2700, 0, 3357, 4416, 2737, 0, 2790, 3700, 2752, 0
network.shmem-1.mesh.link-right.total-queue-delay = 166592829569, 206103583385, 107053802678, 0, 62236062158, 223582543175, 101193908448, 0, 71969960719, 273562208205, 105489944175, 0, 58291406272, 225237470674, 108120072945, 0
network.shmem-1.mesh.link-right.total-time-used = 2362287031434, 2075633050880, 1327487295722, 0, 1000662262242, 987410771188, 768887782562, 0, 1067158117680, 1355608166982, 800628300806, 0, 1015371516802, 1229665076390, 993935757814, 0
network.shmem-1.mesh.link-up.num-requests = 718510, 615171, 588428, 608653, 784226, 713930, 623060, 650993, 538202, 455109, 451288, 449279, 0, 0, 0, 0
network.shmem-1.mesh.link-up.num-requests-analytical = 5851, 2743, 2543, 2632, 7699, 3613, 3348, 3710, 5032, 2558, 2574, 2979, 0, 0, 0, 0
network.shmem-1.mesh.link-up.total-queue-delay = 131835142503, 147933241891, 117031272715, 99963766890, 285911991604, 367476566674, 253391462732, 266062481440, 146867384846, 149261947478, 134207677813, 137236286494, 0, 0, 0, 0
network.shmem-1.mesh.link-up.total-time-used = 1437508531964, 1184404400682, 1123462748848, 1183730185238, 1523876892580, 1459507437916, 1232513832208, 1307862893590, 1058726107900, 931373819166, 905907486200, 889695701842, 0, 0, 0, 0
network.shmem-1.mesh.packets-in = 1261810, 618516, 624480, 593783, 666716, 610998, 616700, 630616, 712305, 669993, 583892, 604191, 682130, 571708, 563694, 587191
network.shmem-1.mesh.packets-out = 1802522, 589071, 567326, 575433, 631341, 575999, 553084, 582828, 646478, 637212, 563990, 598691, 656223, 539922, 520641, 557962
network.shmem-1.mesh.total-delay = 7707455024784, 3351668448559, 3378790097883, 3642138328455, 3588150255051, 3177367734219, 3134487165737, 3572599333608, 3790439094375, 3723726572130, 3178543629518, 3623613984730, 4154581956453, 3340392815126, 3258752889946, 3720267550074
nuca-cache-queue.num-requests = 235030, 249292, 265245, 238637, 232961, 236713, 249671, 249032, 246303, 256767, 219981, 222234, 225661, 225197, 225600, 227251
nuca-cache-queue.num-requests-analytical = 891, 834, 882, 863, 841, 859, 912, 950, 905, 913, 824, 849, 818, 820, 809, 849
nuca-cache-queue.total-queue-delay = 6863849407, 6876304260, 7342032491, 6938441333, 6719488603, 7026364384, 7188073208, 7375476638, 6812298190, 7849218798, 6354037629, 7028346605, 6517864082, 6795034699, 6542754524, 6881590821
nuca-cache-queue.total-time-used = 235259389280, 249535308992, 265503879120, 238869909712, 233188369936, 236944031888, 249914678896, 249275055232, 246543391728, 257017604592, 220195701456, 222450900384, 225881245136, 225416792272, 225820185600, 227472796976
nuca-cache.access-mru-0 = 129873, 142192, 157652, 132712, 127079, 130453, 142822, 141116, 140269, 150925, 116204, 117434, 120543, 120404, 120481, 122715
nuca-cache.access-mru-1 = 35969, 36910, 37916, 36325, 35669, 36110, 37623, 36668, 36413, 37002, 33664, 34991, 35409, 34425, 34771, 34992
nuca-cache.access-mru-10 = 482, 464, 325, 370, 399, 340, 484, 463, 419, 470, 313, 382, 361, 454, 432, 432
nuca-cache.access-mru-11 = 1348, 1280, 1361, 1384, 1356, 1483, 1409, 1173, 1283, 1381, 1290, 1310, 1357, 1358, 1380, 1511
nuca-cache.access-mru-12 = 2402, 2392, 2487, 2313, 2366, 2420, 2261, 2459, 2347, 2240, 2515, 2492, 2276, 2314, 2376, 2236
nuca-cache.access-mru-13 = 1042, 1230, 1131, 1233, 1142, 1171, 1280, 1178, 1250, 1259, 1003, 1135, 1239, 1102, 1193, 1222
nuca-cache.access-mru-14 = 911, 696, 760, 652, 816, 813, 733, 886, 802, 725, 866, 755, 847, 962, 844, 803
nuca-cache.access-mru-15 = 805, 1019, 1029, 984, 943, 994, 897, 837, 982, 1043, 879, 1000, 1013, 943, 984, 1124
nuca-cache.access-mru-2 = 21160, 21205, 21366, 21212, 21020, 21387, 20945, 21746, 20449, 20940, 21162, 21149, 20760, 21347, 21001, 21105
nuca-cache.access-mru-3 = 16972, 16989, 16876, 16849, 17263, 17307, 16821, 17429, 17027, 16439, 17543, 17349, 17209, 17314, 17353, 16634
nuca-cache.access-mru-4 = 9317, 10030, 9655, 10001, 9827, 9641, 9968, 10070, 9781, 9788, 9745, 9387, 9919, 9764, 9882, 9619
nuca-cache.access-mru-5 = 5693, 5707, 5655, 5722, 5707, 5692, 5503, 5533, 6193, 5851, 5374, 5657, 5772, 5356, 5633, 5929
nuca-cache.access-mru-6 = 4488, 4535, 4717, 4464, 4623, 4491, 4720, 4573, 4406, 4301, 4651, 4511, 4719, 4627, 4594, 4486
nuca-cache.access-mru-7 = 2979, 2894, 2702, 2724, 2907, 2832, 2716, 3307, 2954, 2899, 3151, 2994, 2708, 3283, 2717, 2789
nuca-cache.access-mru-8 = 1205, 1220, 1080, 1275, 1418, 1108, 980, 1099, 1305, 1090, 1227, 1328, 1055, 982, 1401, 1141
nuca-cache.access-mru-9 = 384, 529, 533, 417, 426, 471, 509, 495, 423, 414, 394, 360, 474, 562, 558, 513
nuca-cache.read-misses = 18370, 18323, 18184, 18310, 18372, 18196, 18324, 18456, 18281, 18235, 18409, 18306, 18326, 18321, 18301, 18176
nuca-cache.reads = 171115, 181882, 195899, 173609, 168998, 170357, 184849, 184183, 181740, 192670, 159204, 161421, 164930, 164008, 164313, 166187
nuca-cache.write-misses = 18370, 18323, 18184, 18310, 18372, 18196, 18324, 18456, 18281, 18235, 18409, 18306, 18326, 18321, 18301, 18176
nuca-cache.writes = 100655, 104056, 105714, 101648, 100707, 102748, 101470, 101761, 101125, 100567, 97595, 97425, 97383, 97831, 97889, 97416
performance_model.cpiDTLBMiss = 0, 0, 0, 0, 0, 0, 0, 0, 0, 0, 0, 0, 0, 0, 0, 0
performance_model.cpiFastforwardTime = 0, 0, 0, 0, 0, 0, 0, 0, 0, 0, 0, 0, 0, 0, 0, 0
performance_model.cpiITLBMiss = 0, 0, 0, 0, 0, 0, 0, 0, 0, 0, 0, 0, 0, 0, 0, 0
performance_model.cpiRecv = 0, 0, 0, 0, 0, 0, 0, 0, 0, 0, 0, 0, 0, 0, 0, 0
performance_model.cpiStartTime = 0, 16197227726148, 16198012310841, 16198237498302, 16198557046452, 16198803662436, 16198964564328, 16199285992173, 16199740126485, 16200085990365, 16200280726767, 16200621327501, 16200819071415, 16201871324676, 16203033728064, 16203286735011
performance_model.cpiSyncDvfsTransition = 0, 0, 0, 0, 0, 0, 0, 0, 0, 0, 0, 0, 0, 0, 0, 0
performance_model.cpiSyncFutex = 8006788320455, 8328568426, 9391882178097, 4542944271321, 3668185721964, 9541740861972, 18033878805774, 14445171880936, 12774607237628, 4144771111044, 14117621117443, 9128192926672, 7413644924120, 4589484767643, 13232672743751, 8781296718178
performance_model.cpiSyncJoin = 0, 0, 0, 0, 0, 0, 0, 0, 0, 0, 0, 0, 0, 0, 0, 0
performance_model.cpiSyncMemAccess = 0, 0, 0, 0, 0, 0, 0, 0, 0, 0, 0, 0, 0, 0, 0, 0
performance_model.cpiSyncPause = 0, 0, 0, 0, 0, 0, 0, 0, 0, 0, 0, 0, 0, 0, 0, 0
performance_model.cpiSyncPthreadBarrier = 0, 0, 0, 0, 0, 0, 0, 0, 0, 0, 0, 0, 0, 0, 0, 0
performance_model.cpiSyncPthreadCond = 0, 0, 0, 0, 0, 0, 0, 0, 0, 0, 0, 0, 0, 0, 0, 0
performance_model.cpiSyncPthreadMutex = 0, 0, 0, 0, 0, 0, 0, 0, 0, 0, 0, 0, 0, 0, 0, 0
performance_model.cpiSyncSleep = 0, 0, 0, 0, 0, 0, 0, 0, 0, 0, 0, 0, 0, 0, 0, 0
performance_model.cpiSyncSyscall = 8346267990, 0, 0, 0, 0, 0, 0, 0, 0, 0, 0, 0, 0, 0, 0, 0
performance_model.cpiSyncUnscheduled = 0, 0, 0, 0, 0, 0, 0, 0, 0, 0, 0, 0, 0, 0, 0, 0
performance_model.cpiUnknown = 136634653611, 0, 0, 0, 0, 0, 0, 0, 0, 0, 0, 0, 0, 0, 0, 0
performance_model.cycle_count = 209629969.424, 176908474.351, 176906730.367, 176907100.384, 176906053.387, 176906706.367, 176906514.349, 176906424.356, 176907827.359, 176906313.386, 176907352.354, 176906297.374, 176907702.377, 176906186.386, 176907815.359, 176907105.372
performance_model.dyninsn_cost = 0, 0, 0, 0, 0, 0, 0, 0, 0, 0, 0, 0, 0, 0, 0, 0
performance_model.dyninsn_count = 0, 0, 0, 0, 0, 0, 0, 0, 0, 0, 0, 0, 0, 0, 0, 0
performance_model.dyninsn_zero_count = 0, 0, 0, 0, 0, 0, 0, 0, 0, 0, 0, 0, 0, 0, 0, 0
performance_model.elapsed_time = 78808259182088, 66506945244757, 66506289611661, 66506428715871, 66506035107738, 66506280589125, 66506208402057, 66506174569807, 66506702014484, 66506132851878, 66506523441199, 66506126832334, 66506655028889, 66506085107625, 66506697503216, 66506430591046
performance_model.elapsed_time_begin = 0, 0, 0, 0, 0, 0, 0, 0, 0, 0, 0, 0, 0, 0, 0, 0
performance_model.elapsed_time_end = 78808259182088, 66506945244757, 66506289611661, 66506428715871, 66506035107738, 66506280589125, 66506208402057, 66506174569807, 66506702014484, 66506132851878, 66506523441199, 66506126832334, 66506655028889, 66506085107625, 66506697503216, 66506430591046
performance_model.idle_elapsed_time = 8015134588445, 16205556294574, 25589894488938, 20741181769623, 19866742768416, 25740544524408, 34232843370102, 30644457873109, 28974347364113, 20344857101409, 30317901844210, 25328814254173, 23614463995535, 20791356092319, 29435706471815, 24984583453189
performance_model.instruction_count = 279099228, 129136060, 108778226, 120260696, 122275704, 105869242, 83862332, 92664122, 99323711, 119176608, 93401861, 105137582, 111587048, 118388821, 97612070, 109259707
pthread.pthread_barrier_wait_count = 0, 0, 0, 0, 0, 0, 0, 0, 0, 0, 0, 0, 0, 0, 0, 0
pthread.pthread_barrier_wait_delay_mem = 0, 0, 0, 0, 0, 0, 0, 0, 0, 0, 0, 0, 0, 0, 0, 0
pthread.pthread_barrier_wait_delay_sync = 0, 0, 0, 0, 0, 0, 0, 0, 0, 0, 0, 0, 0, 0, 0, 0
pthread.pthread_cond_broadcast_count = 0, 0, 0, 0, 0, 0, 0, 0, 0, 0, 0, 0, 0, 0, 0, 0
pthread.pthread_cond_broadcast_delay_mem = 0, 0, 0, 0, 0, 0, 0, 0, 0, 0, 0, 0, 0, 0, 0, 0
pthread.pthread_cond_broadcast_delay_sync = 0, 0, 0, 0, 0, 0, 0, 0, 0, 0, 0, 0, 0, 0, 0, 0
pthread.pthread_cond_signal_count = 0, 0, 0, 0, 0, 0, 0, 0, 0, 0, 0, 0, 0, 0, 0, 0
pthread.pthread_cond_signal_delay_mem = 0, 0, 0, 0, 0, 0, 0, 0, 0, 0, 0, 0, 0, 0, 0, 0
pthread.pthread_cond_signal_delay_sync = 0, 0, 0, 0, 0, 0, 0, 0, 0, 0, 0, 0, 0, 0, 0, 0
pthread.pthread_cond_wait_count = 0, 0, 0, 0, 0, 0, 0, 0, 0, 0, 0, 0, 0, 0, 0, 0
pthread.pthread_cond_wait_delay_mem = 0, 0, 0, 0, 0, 0, 0, 0, 0, 0, 0, 0, 0, 0, 0, 0
pthread.pthread_cond_wait_delay_sync = 0, 0, 0, 0, 0, 0, 0, 0, 0, 0, 0, 0, 0, 0, 0, 0
pthread.pthread_mutex_lock_contended = 0, 0, 0, 0, 0, 0, 0, 0, 0, 0, 0, 0, 0, 0, 0, 0
pthread.pthread_mutex_lock_count = 0, 0, 0, 0, 0, 0, 0, 0, 0, 0, 0, 0, 0, 0, 0, 0
pthread.pthread_mutex_lock_delay_mem = 0, 0, 0, 0, 0, 0, 0, 0, 0, 0, 0, 0, 0, 0, 0, 0
pthread.pthread_mutex_lock_delay_sync = 0, 0, 0, 0, 0, 0, 0, 0, 0, 0, 0, 0, 0, 0, 0, 0
pthread.pthread_mutex_trylock_count = 0, 0, 0, 0, 0, 0, 0, 0, 0, 0, 0, 0, 0, 0, 0, 0
pthread.pthread_mutex_trylock_delay_mem = 0, 0, 0, 0, 0, 0, 0, 0, 0, 0, 0, 0, 0, 0, 0, 0
pthread.pthread_mutex_trylock_delay_sync = 0, 0, 0, 0, 0, 0, 0, 0, 0, 0, 0, 0, 0, 0, 0, 0
pthread.pthread_mutex_unlock_contended = 0, 0, 0, 0, 0, 0, 0, 0, 0, 0, 0, 0, 0, 0, 0, 0
pthread.pthread_mutex_unlock_count = 0, 0, 0, 0, 0, 0, 0, 0, 0, 0, 0, 0, 0, 0, 0, 0
pthread.pthread_mutex_unlock_delay_mem = 0, 0, 0, 0, 0, 0, 0, 0, 0, 0, 0, 0, 0, 0, 0, 0
pthread.pthread_mutex_unlock_delay_sync = 0, 0, 0, 0, 0, 0, 0, 0, 0, 0, 0, 0, 0, 0, 0, 0
pthread_locks_contended = 0.0
roi.instrs = 1896198110
roi.ipscore = 61053.5740594
roi.ipstotal = 976857.18495
roi.walltime = 1941.121117
stlb.access = 61268, 7144, 6710, 7519, 7586, 10848, 6714, 6252, 8148, 8719, 6752, 7815, 8197, 8295, 10005, 11007
stlb.miss = 21190, 2719, 2081, 2627, 2515, 2047, 2020, 2299, 2008, 2424, 2047, 2758, 2385, 2672, 1956, 2763
stlb_cache.access-mru-0 = 6633, 598, 662, 589, 808, 1050, 705, 399, 841, 987, 822, 845, 863, 551, 1244, 761
stlb_cache.access-mru-1 = 18194, 953, 1436, 1450, 1383, 3974, 1824, 846, 2571, 2453, 1795, 1258, 1689, 2230, 4265, 4550
stlb_cache.access-mru-2 = 7348, 958, 696, 895, 835, 1348, 826, 967, 1000, 1246, 762, 961, 1072, 833, 1047, 964
stlb_cache.access-mru-3 = 7903, 1916, 1835, 1958, 2045, 2429, 1339, 1741, 1728, 1609, 1326, 1993, 2188, 2009, 1493, 1969
syscall.stderr-bytes = 0, 0, 0, 0, 0, 0, 0, 0, 0, 0, 0, 0, 0, 0, 0, 0
syscall.stdout-bytes = 272, 0, 0, 0, 0, 0, 0, 0, 0, 0, 0, 0, 0, 0, 0, 0
thread.bottle_contrib_time = 28491573580568, 7425827317346, 2700216981721, 3585017579310, 3931495595524, 2684870832229, 2033166472544, 2267607790961, 2391669296962, 3718015595962, 2288550143567, 2729454255874, 2982359941372, 3561850539082, 2354458561362, 2771628844012, 2882149584043
thread.bottle_runtime_time = 28500040488281, 50305388950183, 40928050755819, 45775763475134, 46645202476341, 40779400720349, 32287101874655, 35875487371648, 37544597880644, 46171088143348, 36204043400547, 41193130990584, 42904465083845, 45729589152438, 37085238772942, 41532361791568, 42307543507340
thread.elapsed_time = 78808200000000, 50308672273852, 50308187689159, 50308162501698, 50307442953548, 50307396337564, 50307235435672, 50306814007827, 50306959873515, 50306014009635, 50306219273233, 50305478672499, 50305780928585, 50304128675324, 50303566271936, 50303113264989, 50303340708988
thread.instruction_count = 168625097, 129136032, 108778111, 120260592, 122275600, 105869168, 83862263, 92664020, 99323698, 119176506, 93401763, 105137480, 111586946, 118388717, 97611979, 109259605, 110473967
thread.instructions_by_core[0] = 168625097, 0, 0, 0, 0, 0, 0, 0, 0, 0, 0, 0, 0, 0, 0, 0, 110473967
thread.instructions_by_core[10] = 0, 0, 0, 0, 0, 0, 0, 0, 0, 0, 93401763, 0, 0, 0, 0, 0
thread.instructions_by_core[11] = 0, 0, 0, 0, 0, 0, 0, 0, 0, 0, 0, 105137480, 0, 0, 0, 0
thread.instructions_by_core[12] = 0, 0, 0, 0, 0, 0, 0, 0, 0, 0, 0, 0, 111586946, 0, 0, 0
thread.instructions_by_core[13] = 0, 0, 0, 0, 0, 0, 0, 0, 0, 0, 0, 0, 0, 118388717, 0, 0
thread.instructions_by_core[14] = 0, 0, 0, 0, 0, 0, 0, 0, 0, 0, 0, 0, 0, 0, 97611979, 0
thread.instructions_by_core[15] = 0, 0, 0, 0, 0, 0, 0, 0, 0, 0, 0, 0, 0, 0, 0, 109259605
thread.instructions_by_core[1] = 0, 129136032, 0, 0, 0, 0, 0, 0, 0, 0, 0, 0, 0, 0, 0, 0
thread.instructions_by_core[2] = 0, 0, 108778111, 0, 0, 0, 0, 0, 0, 0, 0, 0, 0, 0, 0, 0
thread.instructions_by_core[3] = 0, 0, 0, 120260592, 0, 0, 0, 0, 0, 0, 0, 0, 0, 0, 0, 0
thread.instructions_by_core[4] = 0, 0, 0, 0, 122275600, 0, 0, 0, 0, 0, 0, 0, 0, 0, 0, 0
thread.instructions_by_core[5] = 0, 0, 0, 0, 0, 105869168, 0, 0, 0, 0, 0, 0, 0, 0, 0, 0
thread.instructions_by_core[6] = 0, 0, 0, 0, 0, 0, 83862263, 0, 0, 0, 0, 0, 0, 0, 0, 0
thread.instructions_by_core[7] = 0, 0, 0, 0, 0, 0, 0, 92664020, 0, 0, 0, 0, 0, 0, 0, 0
thread.instructions_by_core[8] = 0, 0, 0, 0, 0, 0, 0, 0, 99323698, 0, 0, 0, 0, 0, 0, 0
thread.instructions_by_core[9] = 0, 0, 0, 0, 0, 0, 0, 0, 0, 119176506, 0, 0, 0, 0, 0, 0
thread.nonidle_cycle_count = 75807937, 133801574, 108837424, 121735498, 124060459, 108436643, 85847128, 95392094, 99836058, 122788921, 96261672, 109531590, 114093156, 121600963, 98608637, 110448041, 112501601
thread.nonidle_elapsed_time = 28499224689351, 50301343837503, 40916324822130, 45765225141786, 46639270534860, 40765655613771, 32273356761297, 35861689629090, 37532352770676, 46161248682861, 36188598664710, 41177289645882, 42892163965746, 45714647812482, 37070916219540, 41521820070249, 42293835242784
thread.time_by_core[0] = 28499224689351, 0, 0, 0, 0, 0, 0, 0, 0, 0, 0, 0, 0, 0, 0, 0, 42293835242784
thread.time_by_core[10] = 0, 0, 0, 0, 0, 0, 0, 0, 0, 0, 36188598664710, 0, 0, 0, 0, 0
thread.time_by_core[11] = 0, 0, 0, 0, 0, 0, 0, 0, 0, 0, 0, 41177289645882, 0, 0, 0, 0
thread.time_by_core[12] = 0, 0, 0, 0, 0, 0, 0, 0, 0, 0, 0, 0, 42892163965746, 0, 0, 0
thread.time_by_core[13] = 0, 0, 0, 0, 0, 0, 0, 0, 0, 0, 0, 0, 0, 45714647812482, 0, 0
thread.time_by_core[14] = 0, 0, 0, 0, 0, 0, 0, 0, 0, 0, 0, 0, 0, 0, 37070916219540, 0
thread.time_by_core[15] = 0, 0, 0, 0, 0, 0, 0, 0, 0, 0, 0, 0, 0, 0, 0, 41521820070249
thread.time_by_core[1] = 0, 50301343837503, 0, 0, 0, 0, 0, 0, 0, 0, 0, 0, 0, 0, 0, 0
thread.time_by_core[2] = 0, 0, 40916324822130, 0, 0, 0, 0, 0, 0, 0, 0, 0, 0, 0, 0, 0
thread.time_by_core[3] = 0, 0, 0, 45765225141786, 0, 0, 0, 0, 0, 0, 0, 0, 0, 0, 0, 0
thread.time_by_core[4] = 0, 0, 0, 0, 46639270534860, 0, 0, 0, 0, 0, 0, 0, 0, 0, 0, 0
thread.time_by_core[5] = 0, 0, 0, 0, 0, 40765655613771, 0, 0, 0, 0, 0, 0, 0, 0, 0, 0
thread.time_by_core[6] = 0, 0, 0, 0, 0, 0, 32273356761297, 0, 0, 0, 0, 0, 0, 0, 0, 0
thread.time_by_core[7] = 0, 0, 0, 0, 0, 0, 0, 35861689629090, 0, 0, 0, 0, 0, 0, 0, 0
thread.time_by_core[8] = 0, 0, 0, 0, 0, 0, 0, 0, 37532352770676, 0, 0, 0, 0, 0, 0, 0
thread.time_by_core[9] = 0, 0, 0, 0, 0, 0, 0, 0, 0, 46161248682861, 0, 0, 0, 0, 0, 0
thread.unscheduled_time = 50309114934643, 4328568426, 9380882178097, 4532944271321, 3663185721964, 9528740861972, 18020878805774, 14432171880936, 12762607237628, 4135771111044, 14102621117443, 9113192926672, 7401644924120, 4575484767643, 13218672743751, 8771296718178, 7999505607547
time.walltime = 1941121117, 0, 0, 0, 0, 0, 0, 0, 0, 0, 0, 0, 0, 0, 0, 0
vmem = 2763186176
walltime = 1941.6947248
