barrier.global_time = 52728700000000, 0, 0, 0, 0, 0, 0, 0, 0, 0, 0, 0, 0, 0, 0, 0
barrier.global_time_begin = 0, 0, 0, 0, 0, 0, 0, 0, 0, 0, 0, 0, 0, 0, 0, 0
barrier.global_time_end = 52728700000000, 0, 0, 0, 0, 0, 0, 0, 0, 0, 0, 0, 0, 0, 0, 0
branch_predictor.num-correct = 5500587, 6303610, 6328322, 6403042, 7922788, 6276889, 6282207, 6260933, 6207888, 6326222, 6214611, 6082110, 6038109, 6199919, 6245591, 6165030
branch_predictor.num-incorrect = 138870, 126690, 126722, 129515, 137858, 125149, 127425, 126488, 123679, 127203, 124836, 120262, 120300, 125089, 124910, 122478
core.instructions = 96762880, 78319177, 78507528, 79518674, 106463914, 77970508, 78071494, 77775908, 77042614, 78624870, 77151505, 75252047, 74917941, 77121902, 77557187, 76480535
core.spin_elapsed_time = 0, 0, 0, 0, 0, 0, 0, 0, 0, 0, 0, 0, 0, 0, 0, 0
core.spin_instructions = 0, 0, 0, 0, 0, 0, 0, 0, 0, 0, 0, 0, 0, 0, 0, 0
core.spin_loops = 0, 0, 0, 0, 0, 0, 0, 0, 0, 0, 0, 0, 0, 0, 0, 0
corefreq = 2660000000.0, 2660000000.0, 2660000000.0, 2660000000.0, 2660000000.0, 2660000000.0, 2660000000.0, 2660000000.0, 2660000000.0, 2660000000.0, 2660000000.0, 2660000000.0, 2660000000.0, 2660000000.0, 2660000000.0, 2660000000.0
directory.entries-allocated = 65536, 65536, 65536, 65536, 65536, 65536, 65536, 65536, 65536, 65536, 65536, 65536, 65536, 65536, 65536, 65536
directory.evict-E = 0, 0, 0, 0, 0, 0, 0, 0, 0, 0, 0, 0, 0, 0, 0, 0
directory.evict-M = 0, 0, 1, 0, 0, 0, 0, 0, 0, 0, 0, 0, 0, 0, 0, 0
directory.evict-O = 0, 0, 0, 0, 0, 0, 0, 0, 0, 0, 0, 0, 0, 0, 0, 0
directory.evict-S = 0, 0, 0, 0, 0, 0, 0, 0, 0, 0, 0, 0, 0, 0, 0, 0
directory.forward = 0, 0, 0, 0, 0, 0, 0, 0, 0, 0, 0, 0, 0, 0, 0, 0
directory.forward-failed = 0, 0, 0, 0, 0, 0, 0, 0, 0, 0, 0, 0, 0, 0, 0, 0
dram-queue.num-requests = 33996, 0, 0, 0, 33949, 0, 0, 0, 34098, 0, 0, 0, 34005, 0, 0, 0
dram-queue.num-requests-analytical = 0, 0, 0, 0, 0, 0, 0, 0, 0, 0, 0, 0, 0, 0, 0, 0
dram-queue.total-queue-delay = 164499070562, 0, 0, 0, 151327878425, 0, 0, 0, 158896307694, 0, 0, 0, 161254029857, 0, 0, 0
dram-queue.total-time-used = 286561666896, 0, 0, 0, 286165490924, 0, 0, 0, 287421453048, 0, 0, 0, 286637530380, 0, 0, 0
dram.reads = 33384, 0, 0, 0, 33326, 0, 0, 0, 33419, 0, 0, 0, 33351, 0, 0, 0
dram.total-access-latency = 1980880737458, 0, 0, 0, 1965198369349, 0, 0, 0, 1980727760742, 0, 0, 0, 1978116560237, 0, 0, 0
dram.total-queueing-delay = 164499070562, 0, 0, 0, 151327878425, 0, 0, 0, 158896307694, 0, 0, 0, 161254029857, 0, 0, 0
dram.writes = 612, 0, 0, 0, 623, 0, 0, 0, 679, 0, 0, 0, 654, 0, 0, 0
dtlb.access = 40806009, 21937422, 21987990, 22610179, 29848434, 21826079, 21833846, 21785152, 21559947, 22007142, 21599983, 21070359, 20938950, 21553288, 21706651, 21404970
dtlb.miss = 18343, 74787, 74756, 75196, 76584, 73130, 74395, 72864, 72952, 75642, 73015, 70449, 70387, 72777, 73218, 72458
dtlb_cache.access-mru-0 = 38832733, 21205837, 19911869, 21439116, 28422554, 21013545, 21208150, 21136118, 20109453, 21006911, 19497712, 20388909, 20266506, 20907161, 21142407, 20668814
dtlb_cache.access-mru-1 = 1868237, 601915, 1881585, 1041067, 1274117, 687701, 505163, 517160, 1328199, 870238, 1913676, 562913, 551048, 527684, 442129, 606288
dtlb_cache.access-mru-2 = 65501, 50389, 113603, 49277, 70850, 47882, 42352, 52666, 45647, 50144, 109762, 44384, 47862, 42535, 45699, 50745
dtlb_cache.access-mru-3 = 21195, 4494, 6177, 5523, 4329, 3821, 3786, 6344, 3696, 4207, 5818, 3704, 3147, 3131, 3198, 6665
fastforward_performance_model.fastforwarded_time = 0, 0, 0, 0, 0, 0, 0, 0, 0, 0, 0, 0, 0, 0, 0, 0
fastforward_timer.cpiBase = 0, 0, 0, 0, 0, 0, 0, 0, 0, 0, 0, 0, 0, 0, 0, 0
fastforward_timer.cpiBranchPredictor = 0, 0, 0, 0, 0, 0, 0, 0, 0, 0, 0, 0, 0, 0, 0, 0
fastforward_timer.cpiDataCachecache-remote = 0, 0, 0, 0, 0, 0, 0, 0, 0, 0, 0, 0, 0, 0, 0, 0
fastforward_timer.cpiDataCachedram = 0, 0, 0, 0, 0, 0, 0, 0, 0, 0, 0, 0, 0, 0, 0, 0
fastforward_timer.cpiDataCachedram-cache = 0, 0, 0, 0, 0, 0, 0, 0, 0, 0, 0, 0, 0, 0, 0, 0
fastforward_timer.cpiDataCachedram-local = 0, 0, 0, 0, 0, 0, 0, 0, 0, 0, 0, 0, 0, 0, 0, 0
fastforward_timer.cpiDataCachedram-remote = 0, 0, 0, 0, 0, 0, 0, 0, 0, 0, 0, 0, 0, 0, 0, 0
fastforward_timer.cpiDataCacheL1 = 0, 0, 0, 0, 0, 0, 0, 0, 0, 0, 0, 0, 0, 0, 0, 0
fastforward_timer.cpiDataCacheL1_S = 0, 0, 0, 0, 0, 0, 0, 0, 0, 0, 0, 0, 0, 0, 0, 0
fastforward_timer.cpiDataCacheL1I = 0, 0, 0, 0, 0, 0, 0, 0, 0, 0, 0, 0, 0, 0, 0, 0
fastforward_timer.cpiDataCacheL2 = 0, 0, 0, 0, 0, 0, 0, 0, 0, 0, 0, 0, 0, 0, 0, 0
fastforward_timer.cpiDataCacheL2_S = 0, 0, 0, 0, 0, 0, 0, 0, 0, 0, 0, 0, 0, 0, 0, 0
fastforward_timer.cpiDataCacheL3 = 0, 0, 0, 0, 0, 0, 0, 0, 0, 0, 0, 0, 0, 0, 0, 0
fastforward_timer.cpiDataCacheL3_S = 0, 0, 0, 0, 0, 0, 0, 0, 0, 0, 0, 0, 0, 0, 0, 0
fastforward_timer.cpiDataCacheL4 = 0, 0, 0, 0, 0, 0, 0, 0, 0, 0, 0, 0, 0, 0, 0, 0
fastforward_timer.cpiDataCacheL4_S = 0, 0, 0, 0, 0, 0, 0, 0, 0, 0, 0, 0, 0, 0, 0, 0
fastforward_timer.cpiDataCachemiss = 0, 0, 0, 0, 0, 0, 0, 0, 0, 0, 0, 0, 0, 0, 0, 0
fastforward_timer.cpiDataCachenuca-cache = 0, 0, 0, 0, 0, 0, 0, 0, 0, 0, 0, 0, 0, 0, 0, 0
fastforward_timer.cpiDataCachenuca-local = 0, 0, 0, 0, 0, 0, 0, 0, 0, 0, 0, 0, 0, 0, 0, 0
fastforward_timer.cpiDataCachenuca-remote = 0, 0, 0, 0, 0, 0, 0, 0, 0, 0, 0, 0, 0, 0, 0, 0
fastforward_timer.cpiDataCachepredicate-false = 0, 0, 0, 0, 0, 0, 0, 0, 0, 0, 0, 0, 0, 0, 0, 0
fastforward_timer.cpiDataCacheprefetch-no-mapping = 0, 0, 0, 0, 0, 0, 0, 0, 0, 0, 0, 0, 0, 0, 0, 0
fastforward_timer.cpiDataCacheunknown = 0, 0, 0, 0, 0, 0, 0, 0, 0, 0, 0, 0, 0, 0, 0, 0
fs_to_cycles = 2.66e-06
fs_to_cycles_cores = 2.66e-06, 2.66e-06, 2.66e-06, 2.66e-06, 2.66e-06, 2.66e-06, 2.66e-06, 2.66e-06, 2.66e-06, 2.66e-06, 2.66e-06, 2.66e-06, 2.66e-06, 2.66e-06, 2.66e-06, 2.66e-06
futex.futex_cmp_requeue_count = 24, 0, 0, 0, 0, 0, 0, 0, 0, 0, 0, 0, 0, 0, 0, 0
futex.futex_cmp_requeue_delay = 0, 0, 0, 0, 0, 0, 0, 0, 0, 0, 0, 0, 0, 0, 0, 0
futex.futex_cmp_requeue_pi_count = 0, 0, 0, 0, 0, 0, 0, 0, 0, 0, 0, 0, 0, 0, 0, 0
futex.futex_cmp_requeue_pi_delay = 0, 0, 0, 0, 0, 0, 0, 0, 0, 0, 0, 0, 0, 0, 0, 0
futex.futex_fd_count = 0, 0, 0, 0, 0, 0, 0, 0, 0, 0, 0, 0, 0, 0, 0, 0
futex.futex_fd_delay = 0, 0, 0, 0, 0, 0, 0, 0, 0, 0, 0, 0, 0, 0, 0, 0
futex.futex_lock_pi_count = 0, 0, 0, 0, 0, 0, 0, 0, 0, 0, 0, 0, 0, 0, 0, 0
futex.futex_lock_pi_delay = 0, 0, 0, 0, 0, 0, 0, 0, 0, 0, 0, 0, 0, 0, 0, 0
futex.futex_requeue_count = 0, 0, 0, 0, 0, 0, 0, 0, 0, 0, 0, 0, 0, 0, 0, 0
futex.futex_requeue_delay = 0, 0, 0, 0, 0, 0, 0, 0, 0, 0, 0, 0, 0, 0, 0, 0
futex.futex_trylock_pi_count = 0, 0, 0, 0, 0, 0, 0, 0, 0, 0, 0, 0, 0, 0, 0, 0
futex.futex_trylock_pi_delay = 0, 0, 0, 0, 0, 0, 0, 0, 0, 0, 0, 0, 0, 0, 0, 0
futex.futex_unlock_pi_count = 0, 0, 0, 0, 0, 0, 0, 0, 0, 0, 0, 0, 0, 0, 0, 0
futex.futex_unlock_pi_delay = 0, 0, 0, 0, 0, 0, 0, 0, 0, 0, 0, 0, 0, 0, 0, 0
futex.futex_wait_bitset_count = 1, 0, 0, 0, 0, 0, 0, 0, 0, 0, 0, 0, 0, 0, 0, 0
futex.futex_wait_bitset_delay = 0, 0, 0, 0, 0, 0, 0, 0, 0, 0, 0, 0, 0, 0, 0, 0
futex.futex_wait_count = 43, 151, 132, 109, 153, 147, 140, 148, 152, 146, 159, 155, 155, 157, 143, 149, 114
futex.futex_wait_delay = 31864430977027, 25508293466351, 25649583003440, 28340101506230, 25261803791075, 25756433137898, 25611394358902, 25784808617339, 25975217225391, 25624061643847, 25936248894667, 26621471394911, 26644678118421, 25793598823037, 25751083901867, 26159138224740, 33235681990551
futex.futex_wait_requeue_pi_count = 0, 0, 0, 0, 0, 0, 0, 0, 0, 0, 0, 0, 0, 0, 0, 0
futex.futex_wait_requeue_pi_delay = 0, 0, 0, 0, 0, 0, 0, 0, 0, 0, 0, 0, 0, 0, 0, 0
futex.futex_wake_bitset_count = 0, 0, 0, 0, 0, 0, 0, 0, 0, 0, 0, 0, 0, 0, 0, 0
futex.futex_wake_bitset_delay = 0, 0, 0, 0, 0, 0, 0, 0, 0, 0, 0, 0, 0, 0, 0, 0
futex.futex_wake_count = 26, 69, 55, 70, 74, 64, 68, 77, 73, 61, 72, 76, 63, 83, 67, 76, 70, 1
futex.futex_wake_delay = 17000000000, 46000000000, 43000000000, 53000000000, 48000000000, 42000000000, 46000000000, 52000000000, 44000000000, 38000000000, 43000000000, 48000000000, 44000000000, 51000000000, 42000000000, 51000000000, 53000000000
futex.futex_wake_op_count = 0, 0, 0, 0, 0, 0, 0, 0, 0, 0, 0, 0, 0, 0, 0, 0, 0, 1
futex.futex_wake_op_delay = 0, 0, 0, 0, 0, 0, 0, 0, 0, 0, 0, 0, 0, 0, 0, 0, 0, 1000000000
global.time = 52728700000000
global.time_begin = 0
global.time_end = 52728700000000
interval_timer.cpContr_branch = 1247502951956, 826608932098, 826444204740, 844238823213, 932438968657, 813309168276, 827422012590, 823238628311, 794814801863, 806931864125, 802989274923, 777066658856, 784509421791, 812387240851, 810001666356, 790901583400
interval_timer.cpContr_fp_addsub = 7264685401142, 7392076622646, 7352112073512, 7393342367895, 7440638543964, 7329805998893, 7320439211730, 7313567961073, 7254459363858, 7423293153321, 7270973117174, 7094744972898, 7058199693778, 7242067149800, 7318319319335, 7212791474788
interval_timer.cpContr_fp_muldiv = 3704562849398, 7110038932392, 7044133330360, 7168845228542, 7146747222246, 7073294041445, 7118318086572, 6970100106183, 6948273818669, 7081120671248, 6955376172256, 6719038851364, 6751078347303, 6984026627997, 6999699231925, 6861447714519
interval_timer.cpContr_generic = 11878908289135, 13769783322674, 13832656885252, 13869065607192, 15691449542381, 13682383782603, 13813965492574, 13649402587715, 13494651430052, 13809539128634, 13531197302412, 13123084098689, 13131305426338, 13588212004241, 13609983675486, 13359586586695
interval_timer.cpContr_load_l1 = 2788751523291, 6662592064658, 6648240828527, 6742415824979, 11341746657660, 6629969655108, 6663076216365, 6522736759016, 6519808503323, 6613707242730, 6522856301473, 6327951607465, 6282795668474, 6521957069922, 6591395605884, 6439132915761
interval_timer.cpContr_load_l2 = 0, 9587361, 34510637, 0, 0, 0, 0, 0, 0, 0, 0, 0, 0, 40296577, 0, 0
interval_timer.cpContr_load_l3 = 0, 0, 0, 0, 0, 0, 0, 0, 0, 0, 0, 0, 0, 0, 0, 0
interval_timer.cpContr_load_other = 70238209, 572813936, 256263309, 70897650, 543417689, 385840299, 580564864, 346935590, 330289275, 576016098, 567102142, 117887460, 84191423, 467164556, 389900034, 83496426
interval_timer.cpContr_port0 = 662877997, 276906015364, 282750120935, 275884715491, 282172856556, 274856889830, 279108706814, 277458236407, 271497253343, 279182860213, 272616866081, 266157591742, 263300320962, 276888046419, 272100733348, 270268186196
interval_timer.cpContr_port015 = 696657882216, 1297869872891, 1304022065108, 1301896761930, 2185420925233, 1297726622425, 1301792672224, 1290852936224, 1283380691163, 1306776077042, 1283506916816, 1265807799537, 1260129164276, 1286576859955, 1289990220735, 1278015639995
interval_timer.cpContr_port05 = 0, 0, 0, 0, 0, 0, 0, 0, 0, 0, 0, 0, 0, 0, 0, 0
interval_timer.cpContr_port1 = 2437918919806, 515012139675, 495600370027, 514727361164, 516369167930, 513952251353, 494348632312, 514208815161, 513322390730, 514490957965, 513803982180, 494008252079, 505505891299, 513874812812, 511746394649, 513811530929
interval_timer.cpContr_port2 = 7487359416246, 1015479638118, 1020863506408, 1160091032493, 1377352278946, 1005691469909, 1001050007036, 1018572312043, 1002363009035, 1023543631107, 1006071261063, 995223130010, 972744428455, 997750659675, 1000692961456, 1006403590150
interval_timer.cpContr_port34 = 155233286193, 64618807792, 67487930465, 115780718817, 135161090339, 67163059347, 64628483627, 68906612500, 71093105787, 72361546873, 72190523611, 65965538120, 65110992929, 68771972476, 67239925705, 65435512724
interval_timer.cpContr_port5 = 81466933225, 38741345583, 38134042675, 37637113599, 48328880753, 41619958878, 38876025209, 39595659369, 32029002217, 36781577752, 31773195164, 34582830747, 32114927402, 39824978052, 38093921807, 32281727625
interval_timer.cpContr_store = 3396345925203, 2403347351085, 2413923370027, 2506154091843, 3754148182929, 2403366088444, 2422969318067, 2380740415699, 2370833878450, 2416785646235, 2367843329594, 2300282696623, 2300572482088, 2377659386692, 2376700529123, 2347321006898
interval_timer.cpiBase = 15468033087279, 15570605411856, 15552805828023, 15778991407068, 19135019536713, 15480201480831, 15559622353971, 15380948697624, 15263644827393, 15574789612926, 15291561681594, 14852543124906, 14830247310633, 15320464999731, 15387267480336, 15120762819480
interval_timer.cpiBranchPredictor = 1754315584110, 859023246573, 844200347742, 895444592832, 951127925634, 841049602983, 851188301874, 878124331224, 827877452301, 862248051315, 835777434447, 819417696984, 816811687836, 847233799533, 842781178017, 825308661114
interval_timer.cpiDataCachecache-remote = 8478552267, 1108494111339, 818821833669, 290640696534, 965783155671, 1032356689425, 906973890084, 788364007767, 775889223930, 849751087077, 947948233572, 566273532249, 304745175936, 974518098336, 856438665948, 613859138991
interval_timer.cpiDataCachedram = 0, 0, 0, 0, 0, 0, 0, 0, 0, 0, 0, 0, 0, 0, 0, 0
interval_timer.cpiDataCachedram-cache = 0, 0, 0, 0, 0, 0, 0, 0, 0, 0, 0, 0, 0, 0, 0, 0
interval_timer.cpiDataCachedram-local = 158607536283, 0, 0, 0, 34246163205, 0, 0, 0, 0, 0, 0, 0, 0, 0, 0, 0
interval_timer.cpiDataCachedram-remote = 618886571238, 1456011747, 2634956451, 2848865742, 88452055737, 1695860829, 93608811, 173307879, 83834397, 385713414, 1463154588, 228946851, 525938661, 441728325, 164285343, 1638718101
interval_timer.cpiDataCacheL1 = 12781926, 0, 0, 0, 0, 0, 0, 0, 0, 0, 0, 0, 0, 0, 0, 0
interval_timer.cpiDataCacheL1_S = 0, 0, 0, 0, 0, 0, 0, 0, 0, 0, 0, 0, 0, 0, 0, 0
interval_timer.cpiDataCacheL1I = 0, 0, 0, 0, 0, 0, 0, 0, 0, 0, 0, 0, 0, 0, 0, 0
interval_timer.cpiDataCacheL2 = 5248860318, 17508607047, 16627030092, 21101456070, 19127400381, 17946200043, 20148074766, 19941308316, 18358981065, 20735667423, 20881907694, 19804466520, 19686797613, 19108979370, 19218377619, 19058979483
interval_timer.cpiDataCacheL2_S = 0, 0, 0, 0, 0, 0, 0, 0, 0, 0, 0, 0, 0, 0, 0, 0
interval_timer.cpiDataCacheL3 = 0, 0, 0, 0, 0, 0, 0, 0, 0, 0, 0, 0, 0, 0, 0, 0
interval_timer.cpiDataCacheL3_S = 0, 0, 0, 0, 0, 0, 0, 0, 0, 0, 0, 0, 0, 0, 0, 0
interval_timer.cpiDataCacheL4 = 0, 0, 0, 0, 0, 0, 0, 0, 0, 0, 0, 0, 0, 0, 0, 0
interval_timer.cpiDataCacheL4_S = 0, 0, 0, 0, 0, 0, 0, 0, 0, 0, 0, 0, 0, 0, 0, 0
interval_timer.cpiDataCachemiss = 0, 0, 0, 0, 0, 0, 0, 0, 0, 0, 0, 0, 0, 0, 0, 0
interval_timer.cpiDataCachenuca-cache = 0, 0, 0, 0, 0, 0, 0, 0, 0, 0, 0, 0, 0, 0, 0, 0
interval_timer.cpiDataCachenuca-local = 145484257671, 254843033076, 265078348290, 310099675113, 304613597286, 262851661593, 256371225111, 232493835465, 274615920720, 283583193687, 288291077784, 251838904527, 278526438198, 255492655668, 314048162430, 281989212327
interval_timer.cpiDataCachenuca-remote = 2038029604569, 3740690794140, 3963921116706, 4584616330473, 4478976343656, 3661292477340, 3826475186733, 4047614912520, 4027280372010, 3919029488838, 3732909232779, 4091329475379, 4368740878503, 3897511868295, 3838746963510, 4070838168306
interval_timer.cpiDataCachepredicate-false = 0, 0, 0, 0, 0, 0, 0, 0, 0, 0, 0, 0, 0, 0, 0, 0
interval_timer.cpiDataCacheprefetch-no-mapping = 0, 0, 0, 0, 0, 0, 0, 0, 0, 0, 0, 0, 0, 0, 0, 0
interval_timer.cpiDataCacheunknown = 0, 0, 0, 0, 0, 0, 0, 0, 0, 0, 0, 0, 0, 0, 0, 0
interval_timer.cpiInstructionCachecache-remote = 255262581, 535439391408, 562372037307, 120880553877, 526419486981, 581870113542, 688951826424, 474182386992, 231292710360, 728400609450, 363390156180, 100836614214, 7533065682, 242782534017, 202315332240, 65479927203
interval_timer.cpiInstructionCachedram = 0, 0, 0, 0, 0, 0, 0, 0, 0, 0, 0, 0, 0, 0, 0, 0
interval_timer.cpiInstructionCachedram-cache = 0, 0, 0, 0, 0, 0, 0, 0, 0, 0, 0, 0, 0, 0, 0, 0
interval_timer.cpiInstructionCachedram-local = 23951825568, 0, 0, 0, 2372926968, 0, 0, 0, 708269076, 0, 0, 0, 78947190, 0, 0, 0
interval_timer.cpiInstructionCachedram-remote = 79672752270, 2398114881, 3156007905, 1689469866, 7519907817, 3231947583, 5452619256, 4513523634, 2324806776, 2291724144, 2256385878, 3395105109, 0, 2333453373, 1933830216, 1005636825
interval_timer.cpiInstructionCacheL1 = 0, 0, 0, 0, 0, 0, 0, 0, 0, 0, 0, 0, 0, 0, 0, 0
interval_timer.cpiInstructionCacheL1_S = 0, 0, 0, 0, 0, 0, 0, 0, 0, 0, 0, 0, 0, 0, 0, 0
interval_timer.cpiInstructionCacheL1I = 0, 0, 0, 0, 0, 0, 0, 0, 0, 0, 0, 0, 0, 0, 0, 0
interval_timer.cpiInstructionCacheL2 = 0, 0, 0, 0, 0, 0, 0, 0, 0, 0, 0, 0, 0, 0, 0, 0
interval_timer.cpiInstructionCacheL2_S = 0, 0, 0, 0, 0, 0, 0, 0, 0, 0, 0, 0, 0, 0, 0, 0
interval_timer.cpiInstructionCacheL3 = 0, 0, 0, 0, 0, 0, 0, 0, 0, 0, 0, 0, 0, 0, 0, 0
interval_timer.cpiInstructionCacheL3_S = 0, 0, 0, 0, 0, 0, 0, 0, 0, 0, 0, 0, 0, 0, 0, 0
interval_timer.cpiInstructionCacheL4 = 0, 0, 0, 0, 0, 0, 0, 0, 0, 0, 0, 0, 0, 0, 0, 0
interval_timer.cpiInstructionCacheL4_S = 0, 0, 0, 0, 0, 0, 0, 0, 0, 0, 0, 0, 0, 0, 0, 0
interval_timer.cpiInstructionCachemiss = 0, 0, 0, 0, 0, 0, 0, 0, 0, 0, 0, 0, 0, 0, 0, 0
interval_timer.cpiInstructionCachenuca-cache = 0, 0, 0, 0, 0, 0, 0, 0, 0, 0, 0, 0, 0, 0, 0, 0
interval_timer.cpiInstructionCachenuca-local = 20414239578, 223376186898, 205094273328, 215107784532, 186383413359, 214228839150, 221679950130, 207432989847, 210614937543, 207190885131, 235911120975, 201846160368, 202075859097, 212350647906, 236312999766, 211908167703
interval_timer.cpiInstructionCachenuca-remote = 374038628355, 3824319176568, 3763582471728, 4347024386229, 3998839458843, 3794155710903, 3694508567685, 3818634227010, 4036294261413, 3577918229676, 3988255648176, 4110755747265, 4169919899268, 4070018997225, 4193987138109, 4265253518400
interval_timer.cpiInstructionCachepredicate-false = 0, 0, 0, 0, 0, 0, 0, 0, 0, 0, 0, 0, 0, 0, 0, 0
interval_timer.cpiInstructionCacheprefetch-no-mapping = 0, 0, 0, 0, 0, 0, 0, 0, 0, 0, 0, 0, 0, 0, 0, 0
interval_timer.cpiInstructionCacheunknown = 0, 0, 0, 0, 0, 0, 0, 0, 0, 0, 0, 0, 0, 0, 0, 0
interval_timer.cpiLongLatency = 6030437499, 11376290079, 11323658619, 11576665566, 11609748198, 11008621737, 11307493242, 11244711429, 11014260822, 11179298043, 11072907306, 10664637552, 10733434389, 11160877032, 11085313293, 10895088159
interval_timer.cpiSerialization = 124811748, 0, 0, 0, 0, 0, 0, 0, 0, 0, 0, 0, 0, 0, 0, 0
interval_timer.detailed-cpiBase-BranchMispredict = 0, 0, 0, 0, 0, 0, 0, 0, 0, 0, 0, 0, 0, 0, 0, 0
interval_timer.detailed-cpiBase-DispatchRate = 35736509, 38145236, 38077843, 38687134, 44958775, 37904947, 38159574, 37640823, 37354690, 38124996, 37428208, 36295545, 36296118, 37542906, 37679394, 36981711
interval_timer.detailed-cpiBase-DispatchRate+BranchMispredict = 0, 0, 0, 0, 0, 0, 0, 0, 0, 0, 0, 0, 0, 0, 0, 0
interval_timer.detailed-cpiBase-DispatchRate+ICacheMiss = 0, 0, 0, 0, 0, 0, 0, 0, 0, 0, 0, 0, 0, 0, 0, 0
interval_timer.detailed-cpiBase-DispatchRate+ICacheMiss+BranchMispredict = 0, 0, 0, 0, 0, 0, 0, 0, 0, 0, 0, 0, 0, 0, 0, 0
interval_timer.detailed-cpiBase-DispatchWidth = 4885, 44189, 43840, 42003, 46676, 43847, 42056, 43631, 44473, 43886, 43824, 43767, 41041, 41968, 43813, 43783
interval_timer.detailed-cpiBase-DispatchWidth+BranchMispredict = 0, 0, 0, 0, 0, 0, 0, 0, 0, 0, 0, 0, 0, 0, 0, 0
interval_timer.detailed-cpiBase-DispatchWidth+DispatchRate = 5403667, 3228479, 3248874, 3243075, 5893816, 3228635, 3187059, 3228962, 3202224, 3260152, 3203614, 3168542, 3111388, 3167655, 3207017, 3195826
interval_timer.detailed-cpiBase-DispatchWidth+DispatchRate+BranchMispredict = 0, 0, 0, 0, 0, 0, 0, 0, 0, 0, 0, 0, 0, 0, 0, 0
interval_timer.detailed-cpiBase-DispatchWidth+DispatchRate+ICacheMiss = 0, 0, 0, 0, 0, 0, 0, 0, 0, 0, 0, 0, 0, 0, 0, 0
interval_timer.detailed-cpiBase-DispatchWidth+DispatchRate+ICacheMiss+BranchMispredict = 0, 0, 0, 0, 0, 0, 0, 0, 0, 0, 0, 0, 0, 0, 0, 0
interval_timer.detailed-cpiBase-DispatchWidth+ICacheMiss = 0, 0, 0, 0, 0, 0, 0, 0, 0, 0, 0, 0, 0, 0, 0, 0
interval_timer.detailed-cpiBase-DispatchWidth+ICacheMiss+BranchMispredict = 0, 0, 0, 0, 0, 0, 0, 0, 0, 0, 0, 0, 0, 0, 0, 0
interval_timer.detailed-cpiBase-ICacheMiss = 0, 0, 0, 0, 0, 0, 0, 0, 0, 0, 0, 0, 0, 0, 0, 0
interval_timer.detailed-cpiBase-ICacheMiss+BranchMispredict = 0, 0, 0, 0, 0, 0, 0, 0, 0, 0, 0, 0, 0, 0, 0, 0
interval_timer.detailed-cpiBase-NoReason = 0, 0, 0, 0, 0, 0, 0, 0, 0, 0, 0, 0, 0, 0, 0, 0
interval_timer.detailed-cpiBase-WindowEmpty = 0, 0, 0, 0, 0, 0, 0, 0, 0, 0, 0, 0, 0, 0, 0, 0
interval_timer.detailed-cpiBase-WindowEmpty+BranchMispredict = 0, 0, 0, 0, 0, 0, 0, 0, 0, 0, 0, 0, 0, 0, 0, 0
interval_timer.detailed-cpiBase-WindowEmpty+DispatchRate = 0, 0, 0, 0, 0, 0, 0, 0, 0, 0, 0, 0, 0, 0, 0, 0
interval_timer.detailed-cpiBase-WindowEmpty+DispatchRate+BranchMispredict = 0, 0, 0, 0, 0, 0, 0, 0, 0, 0, 0, 0, 0, 0, 0, 0
interval_timer.detailed-cpiBase-WindowEmpty+DispatchRate+ICacheMiss = 0, 0, 0, 0, 0, 0, 0, 0, 0, 0, 0, 0, 0, 0, 0, 0
interval_timer.detailed-cpiBase-WindowEmpty+DispatchRate+ICacheMiss+BranchMispredict = 0, 0, 0, 0, 0, 0, 0, 0, 0, 0, 0, 0, 0, 0, 0, 0
interval_timer.detailed-cpiBase-WindowEmpty+DispatchWidth = 0, 0, 0, 0, 0, 0, 0, 0, 0, 0, 0, 0, 0, 0, 0, 0
interval_timer.detailed-cpiBase-WindowEmpty+DispatchWidth+BranchMispredict = 0, 0, 0, 0, 0, 0, 0, 0, 0, 0, 0, 0, 0, 0, 0, 0
interval_timer.detailed-cpiBase-WindowEmpty+DispatchWidth+DispatchRate = 0, 0, 0, 0, 0, 0, 0, 0, 0, 0, 0, 0, 0, 0, 0, 0
interval_timer.detailed-cpiBase-WindowEmpty+DispatchWidth+DispatchRate+BranchMispredict = 0, 0, 0, 0, 0, 0, 0, 0, 0, 0, 0, 0, 0, 0, 0, 0
interval_timer.detailed-cpiBase-WindowEmpty+DispatchWidth+DispatchRate+ICacheMiss = 0, 0, 0, 0, 0, 0, 0, 0, 0, 0, 0, 0, 0, 0, 0, 0
interval_timer.detailed-cpiBase-WindowEmpty+DispatchWidth+DispatchRate+ICacheMiss+BranchMispredict = 0, 0, 0, 0, 0, 0, 0, 0, 0, 0, 0, 0, 0, 0, 0, 0
interval_timer.detailed-cpiBase-WindowEmpty+DispatchWidth+ICacheMiss = 0, 0, 0, 0, 0, 0, 0, 0, 0, 0, 0, 0, 0, 0, 0, 0
interval_timer.detailed-cpiBase-WindowEmpty+DispatchWidth+ICacheMiss+BranchMispredict = 0, 0, 0, 0, 0, 0, 0, 0, 0, 0, 0, 0, 0, 0, 0, 0
interval_timer.detailed-cpiBase-WindowEmpty+ICacheMiss = 0, 0, 0, 0, 0, 0, 0, 0, 0, 0, 0, 0, 0, 0, 0, 0
interval_timer.detailed-cpiBase-WindowEmpty+ICacheMiss+BranchMispredict = 0, 0, 0, 0, 0, 0, 0, 0, 0, 0, 0, 0, 0, 0, 0, 0
interval_timer.loadstore_contention.no-free-slots = 0, 0, 0, 0, 0, 0, 0, 0, 0, 0, 0, 0, 0, 0, 0, 0
interval_timer.loadstore_contention.num-barriers = 0, 0, 0, 0, 0, 0, 0, 0, 0, 0, 0, 0, 0, 0, 0, 0
interval_timer.loadstore_contention.num-requests = 26676731, 13352606, 13405707, 13639788, 18724323, 13326645, 13278243, 13277814, 13169575, 13376355, 13196795, 12925897, 12799245, 13132668, 13238965, 13115916
interval_timer.loadstore_contention.requests-out-of-order = 9301655, 6547909, 6579573, 6488273, 10255511, 6513925, 6478763, 6525112, 6463059, 6562369, 6487502, 6373593, 6275115, 6408728, 6496660, 6439438
interval_timer.loadstore_contention.requests-simultaneous = 11849948, 3192847, 3212915, 3457611, 3540083, 3209709, 3218779, 3163079, 3142828, 3195235, 3140302, 3070570, 3064971, 3169776, 3164931, 3133613
interval_timer.loadstore_contention.total-barrier-delay = 0, 0, 0, 0, 0, 0, 0, 0, 0, 0, 0, 0, 0, 0, 0, 0
interval_timer.loadstore_contention.total-delay = 8663629292334, 1824347380725, 1899742323114, 3059764513488, 2086611449661, 1847473268310, 1934496379908, 1832448490236, 1836446977440, 1839532684752, 1781720033454, 1786833931671, 1804023742446, 1847900335014, 1809716962662, 1820491750341
interval_timer.numBPredOverlapped = 738644, 2482719, 2501525, 2510626, 2730736, 2472574, 2497876, 2454675, 2437527, 2508788, 2430533, 2358906, 2354883, 2452793, 2454343, 2404465
interval_timer.numDCacheOverlapped = 3192230, 3928170, 3919582, 3977982, 4474915, 3877056, 3920547, 3885848, 3830060, 3967916, 3828219, 3692624, 3711576, 3853739, 3873303, 3763888
interval_timer.numHiddenLongerDCacheLatency = 96816, 205854, 207759, 207528, 258389, 203434, 205063, 202507, 200794, 204983, 199782, 193392, 193920, 202341, 202695, 200896
interval_timer.numICacheOverlapped = 14271314, 29802779, 29844078, 30225753, 33862209, 29545662, 30006279, 29421020, 29282783, 30115395, 29103835, 28191585, 28248841, 29371497, 29465856, 28734751
interval_timer.numLongLatencyLoads = 113427, 236384, 236710, 239752, 268697, 234357, 237998, 233351, 232255, 238863, 230850, 223596, 224076, 232962, 233726, 227915
interval_timer.numMfenceInsns = 0, 0, 0, 0, 0, 0, 0, 0, 0, 0, 0, 0, 0, 0, 0, 0
interval_timer.numSerializationInsns = 133, 0, 0, 0, 0, 0, 0, 0, 0, 0, 0, 0, 0, 0, 0, 0
interval_timer.numTotalLongLatencyLoadLatency = 7912848, 13627191, 13478472, 13856788, 15670624, 13236570, 13326795, 13535673, 13555998, 13495501, 13277403, 13112434, 13226149, 13691246, 13376150, 13266472
interval_timer.outstandingLongLatencyCycles = 8291740, 20379694, 20293432, 20634440, 22489741, 19944010, 20091046, 20170520, 20109884, 20221824, 19820732, 19437751, 19579018, 20344409, 19980819, 19790120
interval_timer.outstandingLongLatencyInsns = 24049214, 37130023, 36514482, 36800928, 50167585, 36039608, 36033850, 36637442, 36709324, 36466835, 36231204, 35394227, 35404550, 37306751, 36315402, 36030582
interval_timer.totalHiddenDCacheLatency = 30409245, 39456003, 38898178, 39094017, 52282780, 38489920, 38570883, 38877976, 38657913, 39066681, 38465360, 37195561, 37210149, 39201952, 38655319, 37968009
interval_timer.totalHiddenLongerDCacheLatency = 4525297, 4162181, 3924552, 3586335, 8826424, 4000409, 3962426, 3926948, 3982912, 3990955, 4147819, 3761003, 3532689, 4151792, 3949724, 3807168
interval_timer.totalMfenceLatency = 0, 0, 0, 0, 0, 0, 0, 0, 0, 0, 0, 0, 0, 0, 0, 0
interval_timer.totalSerializationLatency = 332, 0, 0, 0, 0, 0, 0, 0, 0, 0, 0, 0, 0, 0, 0, 0
interval_timer.uop_branch = 7186692, 7631281, 7654702, 7748784, 9368272, 7590376, 7601657, 7580336, 7506539, 7650755, 7520135, 7355327, 7303222, 7499870, 7552864, 7455006
interval_timer.uop_fp_addsub = 10019304, 10876855, 10917606, 10939395, 10978276, 10842753, 10891097, 10790895, 10693211, 10947533, 10699874, 10398455, 10393516, 10750496, 10776961, 10603778
interval_timer.uop_fp_muldiv = 9514404, 9234517, 9257691, 9279318, 9315520, 9209302, 9230975, 9165143, 9086447, 9292918, 9091701, 8839823, 8836137, 9128027, 9154679, 9015619
interval_timer.uop_generic = 45872201, 38588597, 38686003, 38898426, 60961179, 38415913, 38425986, 38334379, 37989100, 38724351, 38042601, 37166992, 36944643, 37966425, 38226062, 37722459
interval_timer.uop_load = 29868993, 17280791, 17325304, 17617786, 23199254, 17203716, 17198805, 17163678, 16999651, 17344286, 17025029, 16618537, 16510837, 16986422, 17112283, 16879820
interval_timer.uop_store = 8048028, 4413582, 4422757, 4753531, 6354950, 4379314, 4399708, 4378445, 4318079, 4419789, 4331945, 4212781, 4190968, 4328417, 4351339, 4282945
interval_timer.uops_pause = 0, 0, 0, 0, 0, 0, 0, 0, 0, 0, 0, 0, 0, 0, 0, 0
interval_timer.uops_total = 110509622, 88025623, 88264063, 89237240, 120177451, 87641374, 87748228, 87412876, 86593027, 88379632, 86711285, 84591915, 84179323, 86659657, 87174188, 85959627
interval_timer.uops_x87 = 0, 0, 0, 0, 0, 0, 0, 0, 0, 0, 0, 0, 0, 0, 0, 0
ipc = 0.576073966366
itlb.access = 9967821, 7225370, 7235077, 7366986, 10115478, 7184491, 7188759, 7177932, 7102899, 7240602, 7118455, 6951360, 6912091, 7102700, 7148145, 7054943
itlb.miss = 575, 69, 69, 68, 124, 69, 69, 67, 64, 69, 69, 64, 69, 62, 64, 69
itlb_cache.access-mru-0 = 9681530, 7218086, 7227990, 7359657, 10105751, 7177482, 7181674, 7170960, 7096017, 7233528, 7111562, 6944664, 6905382, 7095741, 7141199, 7048106
itlb_cache.access-mru-1 = 278253, 7161, 6954, 7139, 9254, 6883, 6959, 6847, 6765, 6949, 6767, 6579, 6583, 6844, 6829, 6711
itlb_cache.access-mru-2 = 5973, 34, 41, 101, 227, 37, 37, 39, 33, 36, 37, 33, 37, 34, 33, 37
itlb_cache.access-mru-3 = 1490, 20, 23, 21, 122, 20, 20, 19, 20, 20, 20, 20, 20, 19, 20, 20
L1-D.access-mru-0 = 38018437, 21031272, 21039915, 21590355, 28580347, 20904638, 20918990, 20809857, 20588788, 21058799, 20703957, 20150808, 19953945, 20642565, 20810837, 20509441
L1-D.access-mru-1 = 2219137, 238918, 278589, 288558, 404260, 256927, 244747, 314349, 306020, 268194, 243708, 283998, 352823, 250608, 236318, 251022
L1-D.access-mru-2 = 70440, 12339, 12186, 30407, 17562, 12068, 12089, 13295, 22453, 17290, 11634, 15833, 11781, 13857, 13315, 12120
L1-D.access-mru-3 = 3868, 1336, 1162, 2255, 1586, 1157, 1256, 1232, 1756, 1466, 1127, 1217, 1173, 1162, 1115, 1252
L1-D.backinval-D = 0, 0, 0, 0, 0, 0, 0, 0, 0, 0, 0, 0, 0, 0, 0, 0
L1-D.backinval-E = 169081, 53610, 135834, 79934, 159667, 83916, 104782, 98449, 33791, 128562, 32279, 30100, 29708, 31531, 32148, 29764
L1-D.backinval-I = 0, 0, 0, 0, 0, 0, 0, 0, 0, 0, 0, 0, 0, 0, 0, 0
L1-D.backinval-M = 226951, 54065, 54018, 93949, 137492, 54527, 53822, 53987, 52192, 55553, 52706, 50474, 51120, 52897, 52730, 52602
L1-D.backinval-O = 0, 0, 0, 0, 0, 0, 0, 0, 0, 0, 0, 0, 0, 0, 0, 0
L1-D.backinval-S = 2242, 529741, 450786, 509177, 490917, 497243, 482744, 478187, 539840, 461674, 538852, 522603, 524719, 545173, 544284, 533291
L1-D.backinval-u = 0, 0, 0, 0, 0, 0, 0, 0, 0, 0, 0, 0, 0, 0, 0, 0
L1-D.coherency-downgrades = 2451, 99758, 147786, 40995, 120666, 131277, 109960, 86907, 38353, 130090, 56673, 22111, 7012, 55051, 45450, 26369
L1-D.coherency-invalidates = 947, 1243, 978, 1040, 1751, 1322, 1718, 1533, 1537, 1150, 1275, 1659, 1669, 1816, 1273, 1816
L1-D.coherency-upgrades = 0, 0, 0, 0, 0, 0, 0, 0, 0, 0, 0, 0, 0, 0, 0, 0
L1-D.coherency-writebacks = 348, 1674, 1352, 991, 1484, 1227, 1198, 1172, 1219, 1434, 1319, 1493, 1093, 1315, 1563, 1543
L1-D.evict-D = 0, 0, 0, 0, 0, 0, 0, 0, 0, 0, 0, 0, 0, 0, 0, 0
L1-D.evict-E = 0, 0, 0, 0, 0, 0, 0, 0, 0, 0, 0, 0, 0, 0, 0, 0
L1-D.evict-I = 0, 0, 0, 0, 0, 0, 0, 0, 0, 0, 0, 0, 0, 0, 0, 0
L1-D.evict-M = 0, 0, 0, 0, 0, 0, 0, 0, 0, 0, 0, 0, 0, 0, 0, 0
L1-D.evict-O = 0, 0, 0, 0, 0, 0, 0, 0, 0, 0, 0, 0, 0, 0, 0, 0
L1-D.evict-prefetch = 0, 0, 0, 0, 0, 0, 0, 0, 0, 0, 0, 0, 0, 0, 0, 0
L1-D.evict-S = 0, 0, 0, 0, 0, 0, 0, 0, 0, 0, 0, 0, 0, 0, 0, 0
L1-D.evict-u = 0, 0, 0, 0, 0, 0, 0, 0, 0, 0, 0, 0, 0, 0, 0, 0
L1-D.evict-warmup = 0, 0, 0, 0, 0, 0, 0, 0, 0, 0, 0, 0, 0, 0, 0, 0
L1-D.hits-prefetch = 0, 0, 0, 0, 0, 0, 0, 0, 0, 0, 0, 0, 0, 0, 0, 0
L1-D.hits-warmup = 0, 0, 0, 0, 0, 0, 0, 0, 0, 0, 0, 0, 0, 0, 0, 0
L1-D.invalidate-prefetch = 0, 0, 0, 0, 0, 0, 0, 0, 0, 0, 0, 0, 0, 0, 0, 0
L1-D.invalidate-warmup = 0, 0, 0, 0, 0, 0, 0, 0, 0, 0, 0, 0, 0, 0, 0, 0
L1-D.load-misses = 265566, 596603, 599656, 603177, 705235, 594524, 601311, 590077, 586834, 603689, 584216, 565837, 566573, 590171, 589435, 576290
L1-D.load-misses-D = 0, 0, 0, 0, 0, 0, 0, 0, 0, 0, 0, 0, 0, 0, 0, 0
L1-D.load-misses-E = 305, 33, 68, 128, 182, 48, 58, 38, 20, 64, 23, 20, 20, 22, 20, 22
L1-D.load-misses-I = 265189, 596303, 599357, 602737, 704798, 594228, 600985, 589777, 586536, 603375, 583918, 565546, 566268, 589867, 589151, 576004
L1-D.load-misses-M = 0, 0, 0, 0, 0, 0, 0, 0, 0, 0, 0, 0, 0, 0, 0, 0
L1-D.load-misses-O = 0, 0, 0, 0, 0, 0, 0, 0, 0, 0, 0, 0, 0, 0, 0, 0
L1-D.load-misses-S = 72, 267, 231, 312, 255, 248, 268, 262, 278, 250, 275, 271, 285, 282, 264, 264
L1-D.load-misses-u = 0, 0, 0, 0, 0, 0, 0, 0, 0, 0, 0, 0, 0, 0, 0, 0
L1-D.load-overlapping-misses = 0, 0, 0, 0, 0, 0, 0, 0, 0, 0, 0, 0, 0, 0, 0, 0
L1-D.loads = 32726372, 17521819, 17563192, 17855038, 23457688, 17444744, 17432913, 17404706, 17240679, 17585313, 17266057, 16856425, 16746829, 17223670, 17353311, 17120848
L1-D.loads-D = 0, 0, 0, 0, 0, 0, 0, 0, 0, 0, 0, 0, 0, 0, 0, 0
L1-D.loads-E = 28132092, 2820090, 3023575, 2928688, 6968467, 3077439, 3290754, 3050704, 2555614, 3127909, 2494338, 2150568, 2358229, 2451770, 2430923, 2131560
L1-D.loads-I = 265189, 596303, 599357, 602737, 704798, 594228, 600985, 589777, 586536, 603375, 583918, 565546, 566268, 589867, 589151, 576004
L1-D.loads-M = 4012388, 7962846, 8382929, 8068896, 9897743, 7927100, 7809482, 8080959, 7819192, 8234548, 7927074, 7990020, 7675649, 7884492, 8056981, 8109834
L1-D.loads-O = 0, 0, 0, 0, 0, 0, 0, 0, 0, 0, 0, 0, 0, 0, 0, 0
L1-D.loads-prefetch = 0, 0, 0, 0, 0, 0, 0, 0, 0, 0, 0, 0, 0, 0, 0, 0
L1-D.loads-S = 316703, 6142580, 5557331, 6254717, 5886680, 5845977, 5731692, 5683266, 6279337, 5619481, 6260727, 6150291, 6146683, 6297541, 6276256, 6303450
L1-D.loads-u = 0, 0, 0, 0, 0, 0, 0, 0, 0, 0, 0, 0, 0, 0, 0, 0
L1-D.loads-where-cache-remote = 435, 110067, 77561, 24153, 92183, 100250, 87656, 74054, 73998, 78858, 89919, 51680, 25424, 92824, 83376, 58473
L1-D.loads-where-dram = 0, 0, 0, 0, 0, 0, 0, 0, 0, 0, 0, 0, 0, 0, 0, 0
L1-D.loads-where-dram-cache = 0, 0, 0, 0, 0, 0, 0, 0, 0, 0, 0, 0, 0, 0, 0, 0
L1-D.loads-where-dram-local = 9741, 0, 0, 0, 6987, 0, 0, 0, 0, 0, 0, 0, 1, 0, 0, 0
L1-D.loads-where-dram-remote = 29748, 32, 48, 58, 20950, 32, 6, 5, 3, 7, 29, 7, 8, 10, 5, 33
L1-D.loads-where-L1 = 32460806, 16925216, 16963536, 17251861, 22752453, 16850220, 16831602, 16814629, 16653845, 16981624, 16681841, 16290588, 16180256, 16633499, 16763876, 16544558
L1-D.loads-where-L1_S = 0, 0, 0, 0, 0, 0, 0, 0, 0, 0, 0, 0, 0, 0, 0, 0
L1-D.loads-where-L1I = 0, 0, 0, 0, 0, 0, 0, 0, 0, 0, 0, 0, 0, 0, 0, 0
L1-D.loads-where-L2 = 555, 558, 512, 757, 719, 542, 556, 536, 542, 552, 561, 531, 532, 561, 531, 545
L1-D.loads-where-L2_S = 0, 0, 0, 0, 0, 0, 0, 0, 0, 0, 0, 0, 0, 0, 0, 0
L1-D.loads-where-L3 = 0, 0, 0, 0, 0, 0, 0, 0, 0, 0, 0, 0, 0, 0, 0, 0
L1-D.loads-where-L3_S = 0, 0, 0, 0, 0, 0, 0, 0, 0, 0, 0, 0, 0, 0, 0, 0
L1-D.loads-where-L4 = 0, 0, 0, 0, 0, 0, 0, 0, 0, 0, 0, 0, 0, 0, 0, 0
L1-D.loads-where-L4_S = 0, 0, 0, 0, 0, 0, 0, 0, 0, 0, 0, 0, 0, 0, 0, 0
L1-D.loads-where-miss = 0, 0, 0, 0, 0, 0, 0, 0, 0, 0, 0, 0, 0, 0, 0, 0
L1-D.loads-where-nuca-cache = 0, 0, 0, 0, 0, 0, 0, 0, 0, 0, 0, 0, 0, 0, 0, 0
L1-D.loads-where-nuca-local = 14049, 28377, 31377, 35802, 36648, 30410, 31555, 30220, 32877, 32692, 33439, 31498, 33722, 30010, 33258, 31747
L1-D.loads-where-nuca-remote = 211038, 457569, 490158, 542407, 547748, 463290, 481538, 485262, 479414, 491580, 460268, 482121, 506886, 466766, 472265, 485492
L1-D.loads-where-predicate-false = 0, 0, 0, 0, 0, 0, 0, 0, 0, 0, 0, 0, 0, 0, 0, 0
L1-D.loads-where-prefetch-no-mapping = 0, 0, 0, 0, 0, 0, 0, 0, 0, 0, 0, 0, 0, 0, 0, 0
L1-D.loads-where-unknown = 0, 0, 0, 0, 0, 0, 0, 0, 0, 0, 0, 0, 0, 0, 0, 0
L1-D.mshr-latency = 0, 0, 0, 0, 0, 0, 0, 0, 0, 0, 0, 0, 0, 0, 0, 0
L1-D.next_read.no-free-slots = 0, 0, 0, 0, 0, 0, 0, 0, 0, 0, 0, 0, 0, 0, 0, 0
L1-D.next_read.num-barriers = 0, 0, 0, 0, 0, 0, 0, 0, 0, 0, 0, 0, 0, 0, 0, 0
L1-D.next_read.num-requests = 0, 0, 0, 0, 0, 0, 0, 0, 0, 0, 0, 0, 0, 0, 0, 0
L1-D.next_read.requests-out-of-order = 0, 0, 0, 0, 0, 0, 0, 0, 0, 0, 0, 0, 0, 0, 0, 0
L1-D.next_read.requests-simultaneous = 0, 0, 0, 0, 0, 0, 0, 0, 0, 0, 0, 0, 0, 0, 0, 0
L1-D.next_read.total-barrier-delay = 0, 0, 0, 0, 0, 0, 0, 0, 0, 0, 0, 0, 0, 0, 0, 0
L1-D.next_read.total-delay = 0, 0, 0, 0, 0, 0, 0, 0, 0, 0, 0, 0, 0, 0, 0, 0
L1-D.prefetches = 0, 0, 0, 0, 0, 0, 0, 0, 0, 0, 0, 0, 0, 0, 0, 0
L1-D.qbs-query-latency = 0, 0, 0, 0, 0, 0, 0, 0, 0, 0, 0, 0, 0, 0, 0, 0
L1-D.snoop-latency = 0, 0, 0, 0, 0, 0, 0, 0, 0, 0, 0, 0, 0, 0, 0, 0
L1-D.store-misses = 228561, 56954, 56482, 95427, 139444, 56765, 55453, 56342, 54096, 57704, 55341, 52666, 52655, 54925, 55631, 54845
L1-D.store-misses-D = 0, 0, 0, 0, 0, 0, 0, 0, 0, 0, 0, 0, 0, 0, 0, 0
L1-D.store-misses-E = 93572, 11397, 11549, 11843, 52004, 11365, 11312, 11343, 11160, 11427, 11205, 10978, 9758, 11147, 11194, 10895
L1-D.store-misses-I = 134660, 44419, 44001, 82738, 86904, 44399, 43669, 43939, 42429, 45388, 42903, 41172, 42430, 43251, 43237, 43401
L1-D.store-misses-M = 0, 0, 0, 0, 0, 0, 0, 0, 0, 0, 0, 0, 0, 0, 0, 0
L1-D.store-misses-O = 0, 0, 0, 0, 0, 0, 0, 0, 0, 0, 0, 0, 0, 0, 0, 0
L1-D.store-misses-S = 329, 1138, 932, 846, 536, 1001, 472, 1060, 507, 889, 1233, 516, 467, 527, 1200, 549
L1-D.store-misses-u = 0, 0, 0, 0, 0, 0, 0, 0, 0, 0, 0, 0, 0, 0, 0, 0
L1-D.store-overlapping-misses = 0, 0, 0, 0, 0, 0, 0, 0, 0, 0, 0, 0, 0, 0, 0, 0
L1-D.stores = 8079637, 4415603, 4424798, 4755141, 6390746, 4381335, 4400933, 4380446, 4319268, 4421829, 4333926, 4213934, 4192121, 4329618, 4353340, 4284122
L1-D.stores-D = 0, 0, 0, 0, 0, 0, 0, 0, 0, 0, 0, 0, 0, 0, 0, 0
L1-D.stores-E = 93572, 11397, 11549, 11843, 52004, 11365, 11312, 11343, 11160, 11427, 11205, 10978, 9758, 11147, 11194, 10895
L1-D.stores-I = 134660, 44419, 44001, 82738, 86904, 44399, 43669, 43939, 42429, 45388, 42903, 41172, 42430, 43251, 43237, 43401
L1-D.stores-M = 7851076, 4358649, 4368316, 4659714, 6251302, 4324570, 4345480, 4324104, 4265172, 4364125, 4278585, 4161268, 4139466, 4274693, 4297709, 4229277
L1-D.stores-O = 0, 0, 0, 0, 0, 0, 0, 0, 0, 0, 0, 0, 0, 0, 0, 0
L1-D.stores-prefetch = 0, 0, 0, 0, 0, 0, 0, 0, 0, 0, 0, 0, 0, 0, 0, 0
L1-D.stores-S = 329, 1138, 932, 846, 536, 1001, 472, 1060, 507, 889, 1233, 516, 467, 527, 1200, 549
L1-D.stores-u = 0, 0, 0, 0, 0, 0, 0, 0, 0, 0, 0, 0, 0, 0, 0, 0
L1-D.stores-where-cache-remote = 0, 0, 0, 0, 0, 0, 0, 0, 0, 0, 0, 0, 0, 0, 0, 0
L1-D.stores-where-dram = 0, 0, 0, 0, 0, 0, 0, 0, 0, 0, 0, 0, 0, 0, 0, 0
L1-D.stores-where-dram-cache = 0, 0, 0, 0, 0, 0, 0, 0, 0, 0, 0, 0, 0, 0, 0, 0
L1-D.stores-where-dram-local = 0, 0, 0, 0, 0, 0, 0, 0, 0, 0, 0, 0, 0, 0, 0, 0
L1-D.stores-where-dram-remote = 0, 0, 0, 0, 0, 0, 0, 0, 0, 0, 0, 0, 0, 0, 0, 0
L1-D.stores-where-L1 = 7851076, 4358649, 4368316, 4659714, 6251302, 4324570, 4345480, 4324104, 4265172, 4364125, 4278585, 4161268, 4139466, 4274693, 4297709, 4229277
L1-D.stores-where-L1_S = 0, 0, 0, 0, 0, 0, 0, 0, 0, 0, 0, 0, 0, 0, 0, 0
L1-D.stores-where-L1I = 0, 0, 0, 0, 0, 0, 0, 0, 0, 0, 0, 0, 0, 0, 0, 0
L1-D.stores-where-L2 = 228561, 56954, 56482, 95427, 139444, 56765, 55453, 56342, 54096, 57704, 55341, 52666, 52655, 54925, 55631, 54845
L1-D.stores-where-L2_S = 0, 0, 0, 0, 0, 0, 0, 0, 0, 0, 0, 0, 0, 0, 0, 0
L1-D.stores-where-L3 = 0, 0, 0, 0, 0, 0, 0, 0, 0, 0, 0, 0, 0, 0, 0, 0
L1-D.stores-where-L3_S = 0, 0, 0, 0, 0, 0, 0, 0, 0, 0, 0, 0, 0, 0, 0, 0
L1-D.stores-where-L4 = 0, 0, 0, 0, 0, 0, 0, 0, 0, 0, 0, 0, 0, 0, 0, 0
L1-D.stores-where-L4_S = 0, 0, 0, 0, 0, 0, 0, 0, 0, 0, 0, 0, 0, 0, 0, 0
L1-D.stores-where-miss = 0, 0, 0, 0, 0, 0, 0, 0, 0, 0, 0, 0, 0, 0, 0, 0
L1-D.stores-where-nuca-cache = 0, 0, 0, 0, 0, 0, 0, 0, 0, 0, 0, 0, 0, 0, 0, 0
L1-D.stores-where-nuca-local = 0, 0, 0, 0, 0, 0, 0, 0, 0, 0, 0, 0, 0, 0, 0, 0
L1-D.stores-where-nuca-remote = 0, 0, 0, 0, 0, 0, 0, 0, 0, 0, 0, 0, 0, 0, 0, 0
L1-D.stores-where-predicate-false = 0, 0, 0, 0, 0, 0, 0, 0, 0, 0, 0, 0, 0, 0, 0, 0
L1-D.stores-where-prefetch-no-mapping = 0, 0, 0, 0, 0, 0, 0, 0, 0, 0, 0, 0, 0, 0, 0, 0
L1-D.stores-where-unknown = 0, 0, 0, 0, 0, 0, 0, 0, 0, 0, 0, 0, 0, 0, 0, 0
L1-D.total-latency = 15485193102414, 15076460547825, 14840502713961, 20331257698408, 22797526924039, 14654304574082, 14612762455562, 14892347612973, 14864265990685, 14785854429106, 14709953371098, 14362395449448, 14412972586811, 15126546838561, 14778520351473, 14668128697281
L1-I.access-mru-0 = 9688544, 6532618, 6540464, 6657676, 9366536, 6497658, 6493224, 6492143, 6427343, 6546001, 6441425, 6295485, 6256314, 6421471, 6466935, 6385838
L1-I.access-mru-1 = 219690, 370312, 370655, 382919, 411510, 363843, 369755, 367589, 359938, 369073, 360161, 350112, 349531, 363361, 363179, 356968
L1-I.access-mru-2 = 12854, 17277, 19428, 18959, 20789, 15331, 19389, 19083, 18062, 19424, 18105, 18311, 17931, 18989, 19056, 18251
L1-I.access-mru-3 = 1076, 695, 421, 895, 911, 751, 713, 691, 696, 719, 698, 681, 663, 711, 700, 691
L1-I.backinval-D = 0, 0, 0, 0, 0, 0, 0, 0, 0, 0, 0, 0, 0, 0, 0, 0
L1-I.backinval-E = 44247, 6865, 28629, 4623, 26957, 13642, 23219, 17708, 62, 21706, 57, 48, 67, 40, 53, 14
L1-I.backinval-I = 0, 0, 0, 0, 0, 0, 0, 0, 0, 0, 0, 0, 0, 0, 0, 0
L1-I.backinval-M = 0, 0, 0, 0, 0, 0, 0, 0, 0, 0, 0, 0, 0, 0, 0, 0
L1-I.backinval-O = 0, 0, 0, 0, 0, 0, 0, 0, 0, 0, 0, 0, 0, 0, 0, 0
L1-I.backinval-S = 1178, 297501, 275378, 301811, 288672, 293166, 282360, 280614, 296694, 283578, 297908, 286620, 287483, 298025, 298122, 293078
L1-I.backinval-u = 0, 0, 0, 0, 0, 0, 0, 0, 0, 0, 0, 0, 0, 0, 0, 0
L1-I.coherency-downgrades = 256, 11443, 43205, 15500, 32116, 34544, 31967, 26798, 1184, 45296, 2625, 441, 745, 1730, 976, 293
L1-I.coherency-invalidates = 0, 0, 0, 0, 0, 0, 0, 0, 0, 0, 0, 0, 0, 0, 0, 0
L1-I.coherency-upgrades = 0, 0, 0, 0, 0, 0, 0, 0, 0, 0, 0, 0, 0, 0, 0, 0
L1-I.coherency-writebacks = 0, 0, 0, 0, 0, 0, 0, 0, 0, 0, 0, 0, 0, 0, 0, 0
L1-I.evict-D = 0, 0, 0, 0, 0, 0, 0, 0, 0, 0, 0, 0, 0, 0, 0, 0
L1-I.evict-E = 0, 0, 0, 0, 0, 0, 0, 0, 0, 0, 0, 0, 0, 0, 0, 0
L1-I.evict-I = 0, 0, 0, 0, 0, 0, 0, 0, 0, 0, 0, 0, 0, 0, 0, 0
L1-I.evict-M = 0, 0, 0, 0, 0, 0, 0, 0, 0, 0, 0, 0, 0, 0, 0, 0
L1-I.evict-O = 0, 0, 0, 0, 0, 0, 0, 0, 0, 0, 0, 0, 0, 0, 0, 0
L1-I.evict-prefetch = 0, 0, 0, 0, 0, 0, 0, 0, 0, 0, 0, 0, 0, 0, 0, 0
L1-I.evict-S = 0, 0, 0, 0, 0, 0, 0, 0, 0, 0, 0, 0, 0, 0, 0, 0
L1-I.evict-u = 0, 0, 0, 0, 0, 0, 0, 0, 0, 0, 0, 0, 0, 0, 0, 0
L1-I.evict-warmup = 0, 0, 0, 0, 0, 0, 0, 0, 0, 0, 0, 0, 0, 0, 0, 0
L1-I.hits-prefetch = 0, 0, 0, 0, 0, 0, 0, 0, 0, 0, 0, 0, 0, 0, 0, 0
L1-I.hits-warmup = 0, 0, 0, 0, 0, 0, 0, 0, 0, 0, 0, 0, 0, 0, 0, 0
L1-I.invalidate-prefetch = 0, 0, 0, 0, 0, 0, 0, 0, 0, 0, 0, 0, 0, 0, 0, 0
L1-I.invalidate-warmup = 0, 0, 0, 0, 0, 0, 0, 0, 0, 0, 0, 0, 0, 0, 0, 0
L1-I.load-misses = 45657, 304468, 304109, 306537, 315732, 306908, 305678, 298426, 296860, 305385, 298066, 286771, 287652, 298168, 298275, 293195
L1-I.load-misses-D = 0, 0, 0, 0, 0, 0, 0, 0, 0, 0, 0, 0, 0, 0, 0, 0
L1-I.load-misses-E = 0, 0, 0, 0, 0, 0, 0, 0, 0, 0, 0, 0, 0, 0, 0, 0
L1-I.load-misses-I = 45657, 304468, 304109, 306537, 315732, 306908, 305678, 298426, 296860, 305385, 298066, 286771, 287652, 298168, 298275, 293195
L1-I.load-misses-M = 0, 0, 0, 0, 0, 0, 0, 0, 0, 0, 0, 0, 0, 0, 0, 0
L1-I.load-misses-O = 0, 0, 0, 0, 0, 0, 0, 0, 0, 0, 0, 0, 0, 0, 0, 0
L1-I.load-misses-S = 0, 0, 0, 0, 0, 0, 0, 0, 0, 0, 0, 0, 0, 0, 0, 0
L1-I.load-misses-u = 0, 0, 0, 0, 0, 0, 0, 0, 0, 0, 0, 0, 0, 0, 0, 0
L1-I.load-overlapping-misses = 0, 0, 0, 0, 0, 0, 0, 0, 0, 0, 0, 0, 0, 0, 0, 0
L1-I.loads = 9967821, 7225370, 7235077, 7366986, 10115478, 7184491, 7188759, 7177932, 7102899, 7240602, 7118455, 6951360, 6912091, 7102700, 7148145, 7054943
L1-I.loads-D = 0, 0, 0, 0, 0, 0, 0, 0, 0, 0, 0, 0, 0, 0, 0, 0
L1-I.loads-E = 9914270, 136357, 558455, 170531, 3155679, 333212, 438732, 376819, 634, 445573, 617, 474, 1050, 223, 118, 42
L1-I.loads-I = 45657, 304468, 304109, 306537, 315732, 306908, 305678, 298426, 296860, 305385, 298066, 286771, 287652, 298168, 298275, 293195
L1-I.loads-M = 0, 0, 0, 0, 0, 0, 0, 0, 0, 0, 0, 0, 0, 0, 0, 0
L1-I.loads-O = 0, 0, 0, 0, 0, 0, 0, 0, 0, 0, 0, 0, 0, 0, 0, 0
L1-I.loads-prefetch = 0, 0, 0, 0, 0, 0, 0, 0, 0, 0, 0, 0, 0, 0, 0, 0
L1-I.loads-S = 7894, 6784545, 6372513, 6889918, 6644067, 6544371, 6444349, 6502687, 6805405, 6489644, 6819772, 6664115, 6623389, 6804309, 6849752, 6761706
L1-I.loads-u = 0, 0, 0, 0, 0, 0, 0, 0, 0, 0, 0, 0, 0, 0, 0, 0
L1-I.loads-where-cache-remote = 44, 25258, 30294, 5347, 25583, 28213, 29359, 19734, 8915, 34716, 15003, 3830, 348, 10635, 8898, 2941
L1-I.loads-where-dram = 0, 0, 0, 0, 0, 0, 0, 0, 0, 0, 0, 0, 0, 0, 0, 0
L1-I.loads-where-dram-cache = 0, 0, 0, 0, 0, 0, 0, 0, 0, 0, 0, 0, 0, 0, 0, 0
L1-I.loads-where-dram-local = 867, 0, 0, 0, 83, 0, 0, 0, 12, 0, 0, 0, 2, 0, 0, 0
L1-I.loads-where-dram-remote = 2538, 65, 79, 53, 244, 64, 95, 75, 38, 50, 74, 50, 7, 40, 47, 14
L1-I.loads-where-L1 = 0, 0, 0, 0, 0, 0, 0, 0, 0, 0, 0, 0, 0, 0, 0, 0
L1-I.loads-where-L1_S = 0, 0, 0, 0, 0, 0, 0, 0, 0, 0, 0, 0, 0, 0, 0, 0
L1-I.loads-where-L1I = 9922164, 6920902, 6930968, 7060449, 9799746, 6877583, 6883081, 6879506, 6806039, 6935217, 6820389, 6664589, 6624439, 6804532, 6849870, 6761748
L1-I.loads-where-L2 = 1, 0, 0, 0, 0, 0, 0, 0, 0, 0, 0, 0, 0, 0, 0, 0
L1-I.loads-where-L2_S = 0, 0, 0, 0, 0, 0, 0, 0, 0, 0, 0, 0, 0, 0, 0, 0
L1-I.loads-where-L3 = 0, 0, 0, 0, 0, 0, 0, 0, 0, 0, 0, 0, 0, 0, 0, 0
L1-I.loads-where-L3_S = 0, 0, 0, 0, 0, 0, 0, 0, 0, 0, 0, 0, 0, 0, 0, 0
L1-I.loads-where-L4 = 0, 0, 0, 0, 0, 0, 0, 0, 0, 0, 0, 0, 0, 0, 0, 0
L1-I.loads-where-L4_S = 0, 0, 0, 0, 0, 0, 0, 0, 0, 0, 0, 0, 0, 0, 0, 0
L1-I.loads-where-miss = 0, 0, 0, 0, 0, 0, 0, 0, 0, 0, 0, 0, 0, 0, 0, 0
L1-I.loads-where-nuca-cache = 0, 0, 0, 0, 0, 0, 0, 0, 0, 0, 0, 0, 0, 0, 0, 0
L1-I.loads-where-nuca-local = 2317, 17093, 17218, 19375, 17915, 19395, 20156, 17145, 18309, 17857, 18305, 16480, 16758, 16688, 16500, 16894
L1-I.loads-where-nuca-remote = 39890, 262052, 256518, 281762, 271907, 259236, 256068, 261472, 269586, 252762, 264684, 266411, 270537, 270805, 272830, 273346
L1-I.loads-where-predicate-false = 0, 0, 0, 0, 0, 0, 0, 0, 0, 0, 0, 0, 0, 0, 0, 0
L1-I.loads-where-prefetch-no-mapping = 0, 0, 0, 0, 0, 0, 0, 0, 0, 0, 0, 0, 0, 0, 0, 0
L1-I.loads-where-unknown = 0, 0, 0, 0, 0, 0, 0, 0, 0, 0, 0, 0, 0, 0, 0, 0
L1-I.mshr-latency = 0, 0, 0, 0, 0, 0, 0, 0, 0, 0, 0, 0, 0, 0, 0, 0
L1-I.next_read.no-free-slots = 0, 0, 0, 0, 0, 0, 0, 0, 0, 0, 0, 0, 0, 0, 0, 0
L1-I.next_read.num-barriers = 0, 0, 0, 0, 0, 0, 0, 0, 0, 0, 0, 0, 0, 0, 0, 0
L1-I.next_read.num-requests = 0, 0, 0, 0, 0, 0, 0, 0, 0, 0, 0, 0, 0, 0, 0, 0
L1-I.next_read.requests-out-of-order = 0, 0, 0, 0, 0, 0, 0, 0, 0, 0, 0, 0, 0, 0, 0, 0
L1-I.next_read.requests-simultaneous = 0, 0, 0, 0, 0, 0, 0, 0, 0, 0, 0, 0, 0, 0, 0, 0
L1-I.next_read.total-barrier-delay = 0, 0, 0, 0, 0, 0, 0, 0, 0, 0, 0, 0, 0, 0, 0, 0
L1-I.next_read.total-delay = 0, 0, 0, 0, 0, 0, 0, 0, 0, 0, 0, 0, 0, 0, 0, 0
L1-I.prefetches = 0, 0, 0, 0, 0, 0, 0, 0, 0, 0, 0, 0, 0, 0, 0, 0
L1-I.qbs-query-latency = 0, 0, 0, 0, 0, 0, 0, 0, 0, 0, 0, 0, 0, 0, 0, 0
L1-I.snoop-latency = 0, 0, 0, 0, 0, 0, 0, 0, 0, 0, 0, 0, 0, 0, 0, 0
L1-I.store-misses = 0, 0, 0, 0, 0, 0, 0, 0, 0, 0, 0, 0, 0, 0, 0, 0
L1-I.store-misses-D = 0, 0, 0, 0, 0, 0, 0, 0, 0, 0, 0, 0, 0, 0, 0, 0
L1-I.store-misses-E = 0, 0, 0, 0, 0, 0, 0, 0, 0, 0, 0, 0, 0, 0, 0, 0
L1-I.store-misses-I = 0, 0, 0, 0, 0, 0, 0, 0, 0, 0, 0, 0, 0, 0, 0, 0
L1-I.store-misses-M = 0, 0, 0, 0, 0, 0, 0, 0, 0, 0, 0, 0, 0, 0, 0, 0
L1-I.store-misses-O = 0, 0, 0, 0, 0, 0, 0, 0, 0, 0, 0, 0, 0, 0, 0, 0
L1-I.store-misses-S = 0, 0, 0, 0, 0, 0, 0, 0, 0, 0, 0, 0, 0, 0, 0, 0
L1-I.store-misses-u = 0, 0, 0, 0, 0, 0, 0, 0, 0, 0, 0, 0, 0, 0, 0, 0
L1-I.store-overlapping-misses = 0, 0, 0, 0, 0, 0, 0, 0, 0, 0, 0, 0, 0, 0, 0, 0
L1-I.stores = 0, 0, 0, 0, 0, 0, 0, 0, 0, 0, 0, 0, 0, 0, 0, 0
L1-I.stores-D = 0, 0, 0, 0, 0, 0, 0, 0, 0, 0, 0, 0, 0, 0, 0, 0
L1-I.stores-E = 0, 0, 0, 0, 0, 0, 0, 0, 0, 0, 0, 0, 0, 0, 0, 0
L1-I.stores-I = 0, 0, 0, 0, 0, 0, 0, 0, 0, 0, 0, 0, 0, 0, 0, 0
L1-I.stores-M = 0, 0, 0, 0, 0, 0, 0, 0, 0, 0, 0, 0, 0, 0, 0, 0
L1-I.stores-O = 0, 0, 0, 0, 0, 0, 0, 0, 0, 0, 0, 0, 0, 0, 0, 0
L1-I.stores-prefetch = 0, 0, 0, 0, 0, 0, 0, 0, 0, 0, 0, 0, 0, 0, 0, 0
L1-I.stores-S = 0, 0, 0, 0, 0, 0, 0, 0, 0, 0, 0, 0, 0, 0, 0, 0
L1-I.stores-u = 0, 0, 0, 0, 0, 0, 0, 0, 0, 0, 0, 0, 0, 0, 0, 0
L1-I.stores-where-cache-remote = 0, 0, 0, 0, 0, 0, 0, 0, 0, 0, 0, 0, 0, 0, 0, 0
L1-I.stores-where-dram = 0, 0, 0, 0, 0, 0, 0, 0, 0, 0, 0, 0, 0, 0, 0, 0
L1-I.stores-where-dram-cache = 0, 0, 0, 0, 0, 0, 0, 0, 0, 0, 0, 0, 0, 0, 0, 0
L1-I.stores-where-dram-local = 0, 0, 0, 0, 0, 0, 0, 0, 0, 0, 0, 0, 0, 0, 0, 0
L1-I.stores-where-dram-remote = 0, 0, 0, 0, 0, 0, 0, 0, 0, 0, 0, 0, 0, 0, 0, 0
L1-I.stores-where-L1 = 0, 0, 0, 0, 0, 0, 0, 0, 0, 0, 0, 0, 0, 0, 0, 0
L1-I.stores-where-L1_S = 0, 0, 0, 0, 0, 0, 0, 0, 0, 0, 0, 0, 0, 0, 0, 0
L1-I.stores-where-L1I = 0, 0, 0, 0, 0, 0, 0, 0, 0, 0, 0, 0, 0, 0, 0, 0
L1-I.stores-where-L2 = 0, 0, 0, 0, 0, 0, 0, 0, 0, 0, 0, 0, 0, 0, 0, 0
L1-I.stores-where-L2_S = 0, 0, 0, 0, 0, 0, 0, 0, 0, 0, 0, 0, 0, 0, 0, 0
L1-I.stores-where-L3 = 0, 0, 0, 0, 0, 0, 0, 0, 0, 0, 0, 0, 0, 0, 0, 0
L1-I.stores-where-L3_S = 0, 0, 0, 0, 0, 0, 0, 0, 0, 0, 0, 0, 0, 0, 0, 0
L1-I.stores-where-L4 = 0, 0, 0, 0, 0, 0, 0, 0, 0, 0, 0, 0, 0, 0, 0, 0
L1-I.stores-where-L4_S = 0, 0, 0, 0, 0, 0, 0, 0, 0, 0, 0, 0, 0, 0, 0, 0
L1-I.stores-where-miss = 0, 0, 0, 0, 0, 0, 0, 0, 0, 0, 0, 0, 0, 0, 0, 0
L1-I.stores-where-nuca-cache = 0, 0, 0, 0, 0, 0, 0, 0, 0, 0, 0, 0, 0, 0, 0, 0
L1-I.stores-where-nuca-local = 0, 0, 0, 0, 0, 0, 0, 0, 0, 0, 0, 0, 0, 0, 0, 0
L1-I.stores-where-nuca-remote = 0, 0, 0, 0, 0, 0, 0, 0, 0, 0, 0, 0, 0, 0, 0, 0
L1-I.stores-where-predicate-false = 0, 0, 0, 0, 0, 0, 0, 0, 0, 0, 0, 0, 0, 0, 0, 0
L1-I.stores-where-prefetch-no-mapping = 0, 0, 0, 0, 0, 0, 0, 0, 0, 0, 0, 0, 0, 0, 0, 0
L1-I.stores-where-unknown = 0, 0, 0, 0, 0, 0, 0, 0, 0, 0, 0, 0, 0, 0, 0, 0
L1-I.total-latency = 1398634442531, 8630245014308, 8853184991557, 8817944556572, 9016949859024, 8491313081373, 8563450985152, 8671730902113, 8444835825888, 8714785334933, 8561748862551, 8370852094205, 8480371401469, 8740893011774, 8804019026334, 8667551603369
l1misslat = 24071074.6849
L2.access-mru-0 = 1, 0, 0, 0, 0, 0, 0, 0, 0, 0, 0, 0, 0, 0, 0, 0
L2.access-mru-1 = 0, 0, 0, 0, 0, 0, 0, 0, 0, 0, 0, 0, 0, 0, 0, 0
L2.access-mru-2 = 1, 0, 0, 0, 0, 0, 0, 0, 0, 0, 0, 0, 0, 0, 0, 0
L2.access-mru-3 = 0, 0, 0, 0, 0, 0, 0, 0, 0, 0, 0, 0, 0, 0, 0, 0
L2.backinval-D = 0, 0, 0, 0, 0, 0, 0, 0, 0, 0, 0, 0, 0, 0, 0, 0
L2.backinval-E = 0, 0, 0, 0, 0, 0, 0, 0, 0, 0, 0, 0, 0, 0, 0, 0
L2.backinval-I = 0, 0, 0, 0, 0, 0, 0, 0, 0, 0, 0, 0, 0, 0, 0, 0
L2.backinval-M = 0, 0, 0, 0, 0, 0, 0, 0, 0, 0, 0, 0, 0, 0, 0, 0
L2.backinval-O = 0, 0, 0, 0, 0, 0, 0, 0, 0, 0, 0, 0, 0, 0, 0, 0
L2.backinval-S = 0, 0, 0, 0, 0, 0, 0, 0, 0, 0, 0, 0, 0, 0, 0, 0
L2.backinval-u = 0, 0, 0, 0, 0, 0, 0, 0, 0, 0, 0, 0, 0, 0, 0, 0
L2.coherency-downgrades = 2704, 111201, 190991, 56495, 152782, 165821, 141927, 113705, 39537, 175386, 59298, 22552, 7757, 56781, 46426, 26662
L2.coherency-invalidates = 961, 1445, 1153, 1181, 1938, 1508, 1927, 1735, 1713, 1354, 1488, 1851, 1847, 2010, 1508, 2015
L2.coherency-upgrades = 387, 1201, 987, 1017, 603, 1063, 528, 1120, 607, 933, 1295, 595, 574, 613, 1228, 614
L2.coherency-writebacks = 348, 1674, 1352, 991, 1484, 1227, 1198, 1172, 1219, 1434, 1319, 1493, 1093, 1315, 1563, 1543
L2.evict-D = 0, 0, 0, 0, 0, 0, 0, 0, 0, 0, 0, 0, 0, 0, 0, 0
L2.evict-E = 213328, 60475, 164463, 84557, 186624, 97558, 128001, 116157, 33853, 150268, 32336, 30148, 29775, 31571, 32201, 29778
L2.evict-I = 0, 0, 0, 0, 0, 0, 0, 0, 0, 0, 0, 0, 0, 0, 0, 0
L2.evict-M = 226951, 54065, 54018, 93949, 137492, 54527, 53822, 53987, 52192, 55553, 52706, 50474, 51120, 52897, 52730, 52602
L2.evict-O = 0, 0, 0, 0, 0, 0, 0, 0, 0, 0, 0, 0, 0, 0, 0, 0
L2.evict-prefetch = 0, 0, 0, 0, 0, 0, 0, 0, 0, 0, 0, 0, 0, 0, 0, 0
L2.evict-S = 3418, 827242, 726164, 810988, 779589, 790409, 765104, 758801, 836534, 745252, 836760, 809223, 812202, 843198, 842406, 826369
L2.evict-u = 0, 0, 0, 0, 0, 0, 0, 0, 0, 0, 0, 0, 0, 0, 0, 0
L2.evict-warmup = 0, 0, 0, 0, 0, 0, 0, 0, 0, 0, 0, 0, 0, 0, 0, 0
L2.hits-prefetch = 0, 0, 0, 0, 0, 0, 0, 0, 0, 0, 0, 0, 0, 0, 0, 0
L2.hits-warmup = 0, 0, 0, 0, 0, 0, 0, 0, 0, 0, 0, 0, 0, 0, 0, 0
L2.invalidate-prefetch = 0, 0, 0, 0, 0, 0, 0, 0, 0, 0, 0, 0, 0, 0, 0, 0
L2.invalidate-warmup = 0, 0, 0, 0, 0, 0, 0, 0, 0, 0, 0, 0, 0, 0, 0, 0
L2.load-misses = 311221, 901071, 903765, 909714, 1020967, 901432, 906989, 888503, 883694, 909074, 882282, 852608, 854225, 888339, 887710, 869485
L2.load-misses-D = 0, 0, 0, 0, 0, 0, 0, 0, 0, 0, 0, 0, 0, 0, 0, 0
L2.load-misses-E = 305, 33, 68, 128, 182, 48, 58, 38, 20, 64, 23, 20, 20, 22, 20, 22
L2.load-misses-I = 310844, 900772, 903466, 909274, 1020531, 901136, 906664, 888203, 883397, 908761, 881984, 852317, 853920, 888037, 887426, 869199
L2.load-misses-M = 0, 0, 0, 0, 0, 0, 0, 0, 0, 0, 0, 0, 0, 0, 0, 0
L2.load-misses-O = 0, 0, 0, 0, 0, 0, 0, 0, 0, 0, 0, 0, 0, 0, 0, 0
L2.load-misses-S = 72, 266, 231, 312, 254, 248, 267, 262, 277, 249, 275, 271, 285, 280, 264, 264
L2.load-misses-u = 0, 0, 0, 0, 0, 0, 0, 0, 0, 0, 0, 0, 0, 0, 0, 0
L2.load-overlapping-misses = 261, 667, 551, 591, 739, 664, 639, 663, 616, 645, 706, 611, 509, 681, 635, 622
L2.loads = 311223, 901071, 903765, 909714, 1020967, 901432, 906989, 888503, 883694, 909074, 882282, 852608, 854225, 888339, 887710, 869485
L2.loads-D = 0, 0, 0, 0, 0, 0, 0, 0, 0, 0, 0, 0, 0, 0, 0, 0
L2.loads-E = 307, 33, 68, 128, 182, 48, 58, 38, 20, 64, 23, 20, 20, 22, 20, 22
L2.loads-I = 310844, 900772, 903466, 909274, 1020531, 901136, 906664, 888203, 883397, 908761, 881984, 852317, 853920, 888037, 887426, 869199
L2.loads-M = 0, 0, 0, 0, 0, 0, 0, 0, 0, 0, 0, 0, 0, 0, 0, 0
L2.loads-O = 0, 0, 0, 0, 0, 0, 0, 0, 0, 0, 0, 0, 0, 0, 0, 0
L2.loads-prefetch = 0, 0, 0, 0, 0, 0, 0, 0, 0, 0, 0, 0, 0, 0, 0, 0
L2.loads-S = 72, 266, 231, 312, 254, 248, 267, 262, 277, 249, 275, 271, 285, 280, 264, 264
L2.loads-u = 0, 0, 0, 0, 0, 0, 0, 0, 0, 0, 0, 0, 0, 0, 0, 0
L2.mshr-latency = 0, 0, 0, 0, 0, 0, 0, 0, 0, 0, 0, 0, 0, 0, 0, 0
L2.next_read.no-free-slots = 0, 0, 0, 0, 0, 0, 0, 0, 0, 0, 0, 0, 0, 0, 0, 0
L2.next_read.num-barriers = 0, 0, 0, 0, 0, 0, 0, 0, 0, 0, 0, 0, 0, 0, 0, 0
L2.next_read.num-requests = 0, 0, 0, 0, 0, 0, 0, 0, 0, 0, 0, 0, 0, 0, 0, 0
L2.next_read.requests-out-of-order = 0, 0, 0, 0, 0, 0, 0, 0, 0, 0, 0, 0, 0, 0, 0, 0
L2.next_read.requests-simultaneous = 0, 0, 0, 0, 0, 0, 0, 0, 0, 0, 0, 0, 0, 0, 0, 0
L2.next_read.total-barrier-delay = 0, 0, 0, 0, 0, 0, 0, 0, 0, 0, 0, 0, 0, 0, 0, 0
L2.next_read.total-delay = 0, 0, 0, 0, 0, 0, 0, 0, 0, 0, 0, 0, 0, 0, 0, 0
L2.prefetches = 0, 0, 0, 0, 0, 0, 0, 0, 0, 0, 0, 0, 0, 0, 0, 0
L2.qbs-query-latency = 0, 0, 0, 0, 0, 0, 0, 0, 0, 0, 0, 0, 0, 0, 0, 0
L2.snoop-latency = 0, 0, 0, 0, 0, 0, 0, 0, 0, 0, 0, 0, 0, 0, 0, 0
L2.store-misses = 228561, 56954, 56482, 95427, 139444, 56765, 55453, 56342, 54096, 57704, 55341, 52666, 52655, 54925, 55631, 54845
L2.store-misses-D = 0, 0, 0, 0, 0, 0, 0, 0, 0, 0, 0, 0, 0, 0, 0, 0
L2.store-misses-E = 93572, 11397, 11549, 11843, 52004, 11365, 11312, 11343, 11160, 11427, 11205, 10978, 9758, 11147, 11194, 10895
L2.store-misses-I = 134660, 44420, 44002, 82738, 86904, 44399, 43671, 43939, 42430, 45389, 42903, 41172, 42430, 43251, 43238, 43401
L2.store-misses-M = 0, 0, 0, 0, 0, 0, 0, 0, 0, 0, 0, 0, 0, 0, 0, 0
L2.store-misses-O = 0, 0, 0, 0, 0, 0, 0, 0, 0, 0, 0, 0, 0, 0, 0, 0
L2.store-misses-S = 329, 1137, 931, 846, 536, 1001, 470, 1060, 506, 888, 1233, 516, 467, 527, 1199, 549
L2.store-misses-u = 0, 0, 0, 0, 0, 0, 0, 0, 0, 0, 0, 0, 0, 0, 0, 0
L2.store-overlapping-misses = 26669, 4655, 4443, 4477, 16691, 4359, 3995, 3935, 4035, 4479, 4623, 4021, 3480, 4168, 4447, 4173
L2.stores = 228561, 56954, 56482, 95427, 139444, 56765, 55453, 56342, 54096, 57704, 55341, 52666, 52655, 54925, 55631, 54845
L2.stores-D = 0, 0, 0, 0, 0, 0, 0, 0, 0, 0, 0, 0, 0, 0, 0, 0
L2.stores-E = 93572, 11397, 11549, 11843, 52004, 11365, 11312, 11343, 11160, 11427, 11205, 10978, 9758, 11147, 11194, 10895
L2.stores-I = 134660, 44420, 44002, 82738, 86904, 44399, 43671, 43939, 42430, 45389, 42903, 41172, 42430, 43251, 43238, 43401
L2.stores-M = 0, 0, 0, 0, 0, 0, 0, 0, 0, 0, 0, 0, 0, 0, 0, 0
L2.stores-O = 0, 0, 0, 0, 0, 0, 0, 0, 0, 0, 0, 0, 0, 0, 0, 0
L2.stores-prefetch = 0, 0, 0, 0, 0, 0, 0, 0, 0, 0, 0, 0, 0, 0, 0, 0
L2.stores-S = 329, 1137, 931, 846, 536, 1001, 470, 1060, 506, 888, 1233, 516, 467, 527, 1199, 549
L2.stores-u = 0, 0, 0, 0, 0, 0, 0, 0, 0, 0, 0, 0, 0, 0, 0, 0
L2.total-latency = 0, 0, 0, 0, 0, 0, 0, 0, 0, 0, 0, 0, 0, 0, 0, 0
L2.uncore-requests = 445891, 946507, 948551, 993084, 1108144, 946702, 950985, 933382, 926539, 955215, 926317, 894194, 897037, 932016, 932050, 913339
L2.uncore-time-dram = 0, 0, 0, 0, 0, 0, 0, 0, 0, 0, 0, 0, 0, 0, 0, 0
L2.uncore-time-dram-bus = 459488264036, 6414679036, 6288239896, 210858339140, 379013966064, 5959498132, 5925781028, 5866776096, 5748766232, 3919613340, 6187088584, 6187088584, 5639185644, 5689761300, 5782483336, 6170230032
L2.uncore-time-dram-cache = 0, 0, 0, 0, 0, 0, 0, 0, 0, 0, 0, 0, 0, 0, 0, 0
L2.uncore-time-dram-cache-bus = 0, 0, 0, 0, 0, 0, 0, 0, 0, 0, 0, 0, 0, 0, 0, 0
L2.uncore-time-dram-cache-data = 0, 0, 0, 0, 0, 0, 0, 0, 0, 0, 0, 0, 0, 0, 0, 0
L2.uncore-time-dram-cache-queue = 0, 0, 0, 0, 0, 0, 0, 0, 0, 0, 0, 0, 0, 0, 0, 0
L2.uncore-time-dram-cache-tags = 0, 0, 0, 0, 0, 0, 0, 0, 0, 0, 0, 0, 0, 0, 0, 0
L2.uncore-time-dram-device = 2452995000000, 34245000000, 33570000000, 1125675000000, 2023380000000, 31815000000, 31635000000, 31320000000, 30690000000, 20925000000, 33030000000, 33030000000, 30105000000, 30375000000, 30870000000, 32940000000
L2.uncore-time-dram-queue = 125911012875, 6723564878, 3950292011, 333922511654, 104046119497, 4959027402, 5625568271, 4769098058, 8663853530, 1743202818, 6430142486, 7804174250, 3894855465, 7671431061, 5858508562, 3456706427
L2.uncore-time-inv-imbalance = 4928043537, 26359705792, 18922993754, 15381916250, 11816299518, 10297465088, 8379372815, 17881345171, 11485913694, 6657367614, 16888847701, 6954753751, 4081476937, 4959611166, 16340658101, 2359624096
L2.uncore-time-noc-base = 5718061488293, 10444198155097, 10266387785724, 11474151646585, 11724070614215, 9045698649227, 8931180460238, 9533101137402, 9640663887838, 9113153623517, 8942470292552, 9134004390348, 10357254204436, 10401232218411, 10258022696544, 10624256296427
L2.uncore-time-noc-queue = 4049483227284, 4323085683081, 4417591619852, 6550919352460, 7264584859510, 5106895770104, 5181214265905, 5150035601437, 4778045958474, 5310445535024, 5460285129797, 5002166498290, 3869151036522, 4620420953332, 4415082371634, 3967742257784
L2.uncore-time-nuca-bus = 2151505997, 29178549566, 26920404704, 27108147410, 31335898174, 29612208088, 31032430526, 33319783477, 37421405573, 32534948347, 38594629334, 36633721462, 31866729713, 37335270204, 32650871106, 29431897289
L2.uncore-time-nuca-data = 1170473540214, 2416987664659, 2511288276721, 2815361173766, 2825051629485, 2440285330087, 2488654827901, 2505841031751, 2521390008700, 2513194750767, 2448705051151, 2510354035550, 2612014779368, 2473938700864, 2506763428802, 2549818228172
L2.uncore-time-nuca-ecc = 0, 0, 0, 0, 0, 0, 0, 0, 0, 0, 0, 0, 0, 0, 0, 0
L2.uncore-time-nuca-queue = 389557837728, 802080370649, 834191376928, 936834458896, 937965561776, 810096883632, 825984374704, 832249483488, 837690789024, 834504682416, 812983365433, 834792963504, 869237548640, 821729225728, 832791011504, 847945788144
L2.uncore-time-nuca-tags = 333599997942, 603050516802, 627160236750, 722506637808, 738355474170, 609031706292, 620962506396, 625663247652, 629739245292, 627183544968, 611219671272, 627602341014, 653426342802, 617745220434, 626061742992, 637480514178
L2.uncore-time-remote-cache-inv = 0, 0, 0, 0, 0, 0, 0, 0, 0, 0, 0, 0, 0, 0, 0, 0
L2.uncore-time-remote-cache-wb = 0, 0, 0, 0, 0, 0, 0, 0, 0, 0, 0, 0, 0, 0, 0, 0
L2.uncore-time-td-access = 1686842052390, 4071819756230, 3975666228814, 3851045886644, 4614803674138, 4049835709930, 4020082438326, 3868107960940, 3801339404789, 4025138151155, 3884552711753, 3577507639662, 3476316591344, 3901167275903, 3859175421216, 3672967096668
L2.uncore-time-unknown = 286776000000, 576096000000, 604368000000, 701856000000, 716964000000, 633036000000, 656388000000, 593853839865, 648444000000, 642605736135, 651000934552, 608700000000, 634788000000, 584022016637, 631872000000, 608388000000
L2.uncore-totaltime = 16680267970296, 23340239645790, 23326305455154, 28765621070613, 31371388096547, 22777523247982, 22807065026110, 23202009305337, 22951323233146, 23132006156101, 22912346259063, 22385737606415, 22547775750871, 23506284110982, 23221271193797, 22982956639217
ncores = 16
network.shmem-1.mesh.bytes-in = 73104152, 110753312, 113318002, 115912204, 128297222, 115739462, 115933194, 110386294, 112400072, 115019022, 112341686, 107153910, 107767398, 109115384, 110782280, 107948784
network.shmem-1.mesh.bytes-out = 103674988, 107404322, 116370786, 110374828, 127779080, 118180776, 117935508, 107966850, 110837342, 118387222, 111819978, 101831590, 103611608, 102971368, 105216510, 101609622
network.shmem-1.mesh.contention-delay = 5099735173923, 7165578893487, 7615189806838, 8630594145172, 9013413853924, 7649825905613, 7583735567689, 7792454372883, 7859299637218, 7777874586341, 8010553690221, 7804219382324, 7581477877161, 7401908702154, 7514465951128, 7450303578301
network.shmem-1.mesh.link-down.num-requests = 0, 0, 0, 0, 1859403, 2196800, 2320901, 2255089, 2814347, 2974055, 3083079, 2903535, 2110242, 2214358, 2245506, 2112295
network.shmem-1.mesh.link-down.num-requests-analytical = 0, 0, 0, 0, 0, 0, 0, 0, 0, 0, 0, 0, 0, 0, 0, 0
network.shmem-1.mesh.link-down.total-queue-delay = 0, 0, 0, 0, 1036123347556, 1336893426750, 1517163267703, 1743415083487, 1462062259790, 2084837884205, 2041312399234, 1745612282114, 396770550575, 855702487878, 874185570014, 566450813878
network.shmem-1.mesh.link-down.total-time-used = 0, 0, 0, 0, 2546418487002, 3915263671096, 4022280797206, 4103132829374, 4550662004554, 5157815746138, 5291660432634, 5177926645722, 3432326164260, 3740232359564, 3754298613900, 3716410028834
network.shmem-1.mesh.link-in.num-requests = 1854139, 2779236, 2887494, 2850825, 3195205, 2897524, 2902326, 2765827, 2796255, 2910897, 2803645, 2641958, 2673076, 2710634, 2729172, 2665696
network.shmem-1.mesh.link-in.num-requests-analytical = 64, 0, 0, 0, 474, 0, 0, 0, 0, 0, 0, 0, 0, 0, 0, 0
network.shmem-1.mesh.link-in.total-queue-delay = 2867918344879, 1761096100066, 2238852414613, 3417767254402, 2828844839150, 2196163691405, 2159999500478, 1712421946142, 1851245709516, 2153900770955, 1974016688721, 1506944345583, 1438724430986, 1507895264774, 1515514466566, 1393658949742
network.shmem-1.mesh.link-in.total-time-used = 4661292985130, 4736647099584, 5130078235572, 4852376156454, 5593190729678, 5198573889824, 5190165266772, 4767259625114, 4897700945586, 5209793118918, 4932503208662, 4505196162316, 4594307083760, 4546447001908, 4638555934584, 4496681495792
network.shmem-1.mesh.link-left.num-requests = 0, 2244723, 3070321, 2303367, 0, 2246196, 3019543, 2225885, 0, 2190082, 2900946, 2128564, 0, 2118710, 2869701, 2146769
network.shmem-1.mesh.link-left.num-requests-analytical = 0, 0, 0, 0, 0, 0, 0, 0, 0, 0, 0, 0, 0, 0, 0, 0
network.shmem-1.mesh.link-left.total-queue-delay = 0, 578847575038, 1276125021485, 279850367343, 0, 627136105872, 1321940495252, 275810988712, 0, 592387865964, 1286198972871, 220431349189, 0, 481695135166, 1020312589024, 208315237884
network.shmem-1.mesh.link-left.total-time-used = 0, 3789462306378, 5299536293558, 3903605324202, 0, 3862898703096, 5255604751418, 3812851103830, 0, 3723558472964, 4981584617772, 3605047062368, 0, 3486463316380, 4814579420454, 3593330157766
network.shmem-1.mesh.link-out.num-requests = 2336725, 2695917, 2835454, 2766265, 3010318, 2898733, 2918755, 2708537, 2821314, 2893589, 2853271, 2649630, 2680917, 2645826, 2706567, 2642091
network.shmem-1.mesh.link-out.num-requests-analytical = 0, 0, 0, 0, 4, 0, 0, 0, 0, 0, 0, 0, 0, 0, 0, 0
network.shmem-1.mesh.link-out.total-queue-delay = 1521185850188, 1803514925081, 1923852131240, 2370965041426, 4381246913436, 2892133850479, 2817017809422, 2777490066792, 2753573992279, 2792995058183, 2739335464340, 2524411863339, 1590806638109, 1640476784557, 1710275736596, 1523488641377
network.shmem-1.mesh.link-out.total-time-used = 3226114030190, 4893779406462, 4986467836580, 5112342274382, 5616996485948, 5083854297374, 5096120024282, 4880786798446, 4971210931788, 5051462572174, 4957165245794, 4755327150372, 4789620552918, 4834978580892, 4900038300354, 4794504451698
network.shmem-1.mesh.link-right.num-requests = 1463018, 2459834, 1957510, 0, 2592423, 3264499, 2359096, 0, 2258635, 3085076, 2213776, 0, 2155036, 2884729, 2116420, 0
network.shmem-1.mesh.link-right.num-requests-analytical = 64, 13, 12, 0, 362, 97, 0, 0, 0, 0, 0, 0, 0, 0, 0, 0
network.shmem-1.mesh.link-right.total-queue-delay = 238062429993, 916251102444, 674803295442, 0, 541901385236, 1790829106334, 974932892740, 0, 333146307210, 1645833017103, 872085342170, 0, 209230696263, 1219287894012, 657980471724, 0
network.shmem-1.mesh.link-right.total-time-used = 3626057317876, 4975608741556, 3827148539756, 0, 4607854123482, 5813733768458, 4272230465648, 0, 4014342503930, 5542732929160, 3998448675824, 0, 3756678596840, 4989165640670, 3738453202160, 0
network.shmem-1.mesh.link-up.num-requests = 2158522, 2108901, 2108311, 1993792, 2952126, 2986218, 2965805, 2832739, 2154409, 2128252, 2177524, 2119039, 0, 0, 0, 0
network.shmem-1.mesh.link-up.num-requests-analytical = 0, 0, 0, 0, 0, 0, 0, 0, 0, 0, 0, 0, 0, 0, 0, 0
network.shmem-1.mesh.link-up.total-queue-delay = 504018430471, 844493841888, 948172085576, 607150641699, 2001916419557, 2343291847012, 2556986153469, 2150213044078, 1453388399452, 1461193769067, 1496699647435, 1391446342196, 0, 0, 0, 0
network.shmem-1.mesh.link-up.total-time-used = 4145002430444, 3918653927718, 3918420428642, 3766709927000, 5380484771340, 5462751998556, 5380594961782, 5187355931834, 3897854913878, 3933134878304, 3986317803848, 3869109940346, 0, 0, 0, 0
network.shmem-1.mesh.packets-in = 2435956, 2878544, 3032575, 2958986, 3239237, 3103045, 3123443, 2887917, 3006204, 3098849, 3045165, 2816781, 2845909, 2819652, 2887324, 2808424
network.shmem-1.mesh.packets-out = 1953370, 2961863, 3084615, 3043546, 3424124, 3101836, 3107014, 2945207, 2981145, 3116157, 2995539, 2809109, 2838068, 2884460, 2909929, 2832029
network.shmem-1.mesh.total-delay = 13824846550787, 17458543090245, 18289838021184, 20404749183372, 20699870307072, 17325058548253, 17287556456739, 18019124578327, 18502946621452, 17430331271523, 17435228388293, 17804766257420, 18861967971207, 17497819754214, 17776780854514, 18537494560375
nuca-cache-queue.num-requests = 902072, 831495, 861856, 890633, 916057, 937838, 950995, 850116, 930223, 909501, 943013, 875776, 876647, 833542, 887031, 864795
nuca-cache-queue.num-requests-analytical = 0, 0, 0, 0, 0, 0, 0, 0, 0, 0, 0, 0, 0, 0, 0, 0
nuca-cache-queue.total-queue-delay = 24104115267, 28916135173, 32829836582, 30672028865, 35679740087, 38253805712, 37985699854, 27101167787, 34502023822, 31639189548, 38840393735, 30167284057, 28297677497, 24912268753, 28214866420, 27169003970
nuca-cache-queue.total-time-used = 902952422272, 832306539120, 862697171456, 891502257808, 916951071632, 938753329888, 951923171120, 850945713216, 931130897648, 910388672976, 943933380688, 876630757376, 877502607472, 834355536992, 887896742256, 865639039920
nuca-cache.access-mru-0 = 795605, 750187, 773844, 794106, 808217, 832451, 844930, 762763, 825888, 800679, 826536, 766384, 766994, 735623, 781479, 763540
nuca-cache.access-mru-1 = 61498, 57535, 61120, 61147, 68075, 68983, 64001, 61552, 64890, 65231, 65432, 60099, 65460, 57231, 61095, 58871
nuca-cache.access-mru-10 = 4553, 1489, 1501, 2547, 2583, 2448, 2707, 1473, 2648, 3099, 3873, 3888, 3893, 3949, 3545, 4329
nuca-cache.access-mru-11 = 5685, 1869, 1920, 3659, 3525, 3190, 3503, 2037, 3414, 4140, 4872, 4800, 5071, 4804, 4786, 5156
nuca-cache.access-mru-12 = 7372, 2718, 2780, 4412, 4357, 4337, 4522, 2726, 4661, 5765, 6349, 6028, 5955, 5705, 6158, 6026
nuca-cache.access-mru-13 = 6771, 4125, 4181, 5546, 5418, 6130, 5881, 3702, 6822, 7576, 7460, 6982, 5808, 6438, 6565, 5211
nuca-cache.access-mru-14 = 641, 4547, 4700, 7484, 7069, 7229, 6895, 4270, 5146, 4086, 6831, 7023, 6682, 3692, 5233, 4245
nuca-cache.access-mru-15 = 151, 175, 186, 209, 243, 237, 266, 244, 276, 2962, 3627, 3572, 234, 210, 150, 180
nuca-cache.access-mru-2 = 4360, 3114, 5693, 3612, 6343, 3503, 7287, 4375, 6413, 3652, 5012, 3582, 4515, 3419, 5566, 4086
nuca-cache.access-mru-3 = 1436, 799, 943, 993, 1756, 1219, 1104, 1171, 1206, 1420, 1380, 1378, 1320, 1153, 1294, 1120
nuca-cache.access-mru-4 = 1313, 484, 604, 649, 1220, 897, 952, 733, 890, 1003, 1020, 1030, 886, 868, 1015, 876
nuca-cache.access-mru-5 = 1617, 562, 609, 725, 1097, 949, 1200, 829, 1091, 1292, 1307, 1313, 1127, 1151, 1369, 1201
nuca-cache.access-mru-6 = 2016, 686, 763, 891, 1136, 1150, 1505, 890, 1369, 1650, 1623, 1678, 1348, 1539, 1601, 1574
nuca-cache.access-mru-7 = 2381, 869, 846, 1161, 1341, 1373, 1765, 967, 1594, 1920, 2073, 2109, 1894, 1961, 2038, 2142
nuca-cache.access-mru-8 = 3045, 1053, 1023, 1533, 1669, 1682, 2134, 1107, 1875, 2328, 2471, 2686, 2370, 2567, 2344, 2712
nuca-cache.access-mru-9 = 3628, 1283, 1143, 1959, 2008, 2060, 2343, 1277, 2040, 2698, 3147, 3224, 3090, 3232, 2793, 3526
nuca-cache.read-misses = 8321, 8302, 8313, 8318, 8323, 8344, 8354, 8339, 8344, 8369, 8382, 8388, 8396, 8311, 8370, 8306
nuca-cache.reads = 842269, 777885, 807934, 821363, 833520, 858322, 877940, 789881, 863990, 848391, 886984, 814998, 816937, 780141, 820924, 804525
nuca-cache.write-misses = 8322, 8302, 8313, 8318, 8323, 8348, 8354, 8340, 8345, 8369, 8382, 8396, 8396, 8311, 8370, 8306
nuca-cache.writes = 76446, 70214, 70548, 85906, 99183, 96208, 89763, 76914, 82922, 77848, 72793, 77562, 76502, 70023, 82847, 76882
performance_model.cpiDTLBMiss = 0, 0, 0, 0, 0, 0, 0, 0, 0, 0, 0, 0, 0, 0, 0, 0
performance_model.cpiFastforwardTime = 0, 0, 0, 0, 0, 0, 0, 0, 0, 0, 0, 0, 0, 0, 0, 0
performance_model.cpiITLBMiss = 0, 0, 0, 0, 0, 0, 0, 0, 0, 0, 0, 0, 0, 0, 0, 0
performance_model.cpiRecv = 0, 0, 0, 0, 0, 0, 0, 0, 0, 0, 0, 0, 0, 0, 0, 0
performance_model.cpiStartTime = 0, 781736613262, 783326835232, 784004277310, 784366682506, 784657659292, 785024951695, 785312920969, 785722318540, 786033971971, 786317805916, 786565173778, 786897127915, 787118180047, 787303142035, 787592991004
performance_model.cpiSyncDvfsTransition = 0, 0, 0, 0, 0, 0, 0, 0, 0, 0, 0, 0, 0, 0, 0, 0
performance_model.cpiSyncFutex = 31881430977027, 25554293466351, 25692583003440, 25120009485429, 20603577709534, 25798433137898, 25657394358902, 25836808617339, 26019217225391, 25662061643847, 25979248894667, 26669471394911, 26688678118421, 25844598823037, 25793083901867, 26210138224740
performance_model.cpiSyncJoin = 0, 0, 0, 0, 0, 0, 0, 0, 0, 0, 0, 0, 0, 0, 0, 0
performance_model.cpiSyncMemAccess = 0, 0, 0, 0, 0, 0, 0, 0, 0, 0, 0, 0, 0, 0, 0, 0
performance_model.cpiSyncPause = 0, 0, 0, 0, 0, 0, 0, 0, 0, 0, 0, 0, 0, 0, 0, 0
performance_model.cpiSyncPthreadBarrier = 0, 0, 0, 0, 0, 0, 0, 0, 0, 0, 0, 0, 0, 0, 0, 0
performance_model.cpiSyncPthreadCond = 0, 0, 0, 0, 0, 0, 0, 0, 0, 0, 0, 0, 0, 0, 0, 0
performance_model.cpiSyncPthreadMutex = 0, 0, 0, 0, 0, 0, 0, 0, 0, 0, 0, 0, 0, 0, 0, 0
performance_model.cpiSyncSleep = 0, 0, 0, 0, 0, 0, 0, 0, 0, 0, 0, 0, 0, 0, 0, 0
performance_model.cpiSyncSyscall = 15155708632, 0, 0, 0, 29541486942, 0, 0, 0, 0, 0, 0, 0, 0, 0, 0, 0
performance_model.cpiSyncUnscheduled = 0, 0, 0, 684206720, 356557891942, 0, 0, 0, 0, 0, 0, 0, 0, 0, 0, 0
performance_model.cpiUnknown = 130599328905, 0, 0, 0, 0, 0, 0, 0, 0, 0, 0, 0, 0, 0, 0, 0
performance_model.cycle_count = 140258530.349, 139611590.811, 139611503.811, 139609354.81, 139608862.811, 139610046.808, 139610611.807, 139612200.81, 139609938.809, 139611693.811, 139610859.807, 139610022.808, 139610633.807, 139610460.807, 139609266.81, 139612039.81
performance_model.dyninsn_cost = 0, 0, 0, 0, 0, 0, 0, 0, 0, 0, 0, 0, 0, 0, 0, 0
performance_model.dyninsn_count = 0, 0, 0, 0, 0, 0, 0, 0, 0, 0, 0, 0, 0, 0, 0, 0
performance_model.dyninsn_zero_count = 0, 0, 0, 0, 0, 0, 0, 0, 0, 0, 0, 0, 0, 0, 0, 0
performance_model.elapsed_time = 52728770807824, 52485560455225, 52485527748532, 52484719853361, 52484534891373, 52484980003149, 52485192408684, 52485789778015, 52484939401737, 52485599176942, 52485285641556, 52484970980613, 52485200679342, 52485135641895, 52484686770729, 52485729251836
performance_model.elapsed_time_begin = 0, 0, 0, 0, 0, 0, 0, 0, 0, 0, 0, 0, 0, 0, 0, 0
performance_model.elapsed_time_end = 52728770807824, 52485560455225, 52485527748532, 52484719853361, 52484534891373, 52484980003149, 52485192408684, 52485789778015, 52484939401737, 52485599176942, 52485285641556, 52484970980613, 52485200679342, 52485135641895, 52484686770729, 52485729251836
performance_model.idle_elapsed_time = 31896586685659, 26336030079613, 26475909838672, 25904697969459, 21774043770924, 26583090797190, 26442419310597, 26622121538308, 26804939543931, 26448095615818, 26765566700583, 27456036568689, 27475575246336, 26631717003084, 26580387043902, 26997731215744
performance_model.instruction_count = 96415496, 78319079, 78507430, 79518576, 106463815, 77970410, 78071396, 77775807, 77042516, 78624772, 77151407, 75251949, 74917843, 77121804, 77557086, 76480434
pthread.pthread_barrier_wait_count = 0, 0, 0, 0, 0, 0, 0, 0, 0, 0, 0, 0, 0, 0, 0, 0
pthread.pthread_barrier_wait_delay_mem = 0, 0, 0, 0, 0, 0, 0, 0, 0, 0, 0, 0, 0, 0, 0, 0
pthread.pthread_barrier_wait_delay_sync = 0, 0, 0, 0, 0, 0, 0, 0, 0, 0, 0, 0, 0, 0, 0, 0
pthread.pthread_cond_broadcast_count = 0, 0, 0, 0, 0, 0, 0, 0, 0, 0, 0, 0, 0, 0, 0, 0
pthread.pthread_cond_broadcast_delay_mem = 0, 0, 0, 0, 0, 0, 0, 0, 0, 0, 0, 0, 0, 0, 0, 0
pthread.pthread_cond_broadcast_delay_sync = 0, 0, 0, 0, 0, 0, 0, 0, 0, 0, 0, 0, 0, 0, 0, 0
pthread.pthread_cond_signal_count = 0, 0, 0, 0, 0, 0, 0, 0, 0, 0, 0, 0, 0, 0, 0, 0
pthread.pthread_cond_signal_delay_mem = 0, 0, 0, 0, 0, 0, 0, 0, 0, 0, 0, 0, 0, 0, 0, 0
pthread.pthread_cond_signal_delay_sync = 0, 0, 0, 0, 0, 0, 0, 0, 0, 0, 0, 0, 0, 0, 0, 0
pthread.pthread_cond_wait_count = 0, 0, 0, 0, 0, 0, 0, 0, 0, 0, 0, 0, 0, 0, 0, 0
pthread.pthread_cond_wait_delay_mem = 0, 0, 0, 0, 0, 0, 0, 0, 0, 0, 0, 0, 0, 0, 0, 0
pthread.pthread_cond_wait_delay_sync = 0, 0, 0, 0, 0, 0, 0, 0, 0, 0, 0, 0, 0, 0, 0, 0
pthread.pthread_mutex_lock_contended = 0, 0, 0, 0, 0, 0, 0, 0, 0, 0, 0, 0, 0, 0, 0, 0
pthread.pthread_mutex_lock_count = 0, 0, 0, 0, 0, 0, 0, 0, 0, 0, 0, 0, 0, 0, 0, 0
pthread.pthread_mutex_lock_delay_mem = 0, 0, 0, 0, 0, 0, 0, 0, 0, 0, 0, 0, 0, 0, 0, 0
pthread.pthread_mutex_lock_delay_sync = 0, 0, 0, 0, 0, 0, 0, 0, 0, 0, 0, 0, 0, 0, 0, 0
pthread.pthread_mutex_trylock_count = 0, 0, 0, 0, 0, 0, 0, 0, 0, 0, 0, 0, 0, 0, 0, 0
pthread.pthread_mutex_trylock_delay_mem = 0, 0, 0, 0, 0, 0, 0, 0, 0, 0, 0, 0, 0, 0, 0, 0
pthread.pthread_mutex_trylock_delay_sync = 0, 0, 0, 0, 0, 0, 0, 0, 0, 0, 0, 0, 0, 0, 0, 0
pthread.pthread_mutex_unlock_contended = 0, 0, 0, 0, 0, 0, 0, 0, 0, 0, 0, 0, 0, 0, 0, 0
pthread.pthread_mutex_unlock_count = 0, 0, 0, 0, 0, 0, 0, 0, 0, 0, 0, 0, 0, 0, 0, 0
pthread.pthread_mutex_unlock_delay_mem = 0, 0, 0, 0, 0, 0, 0, 0, 0, 0, 0, 0, 0, 0, 0, 0
pthread.pthread_mutex_unlock_delay_sync = 0, 0, 0, 0, 0, 0, 0, 0, 0, 0, 0, 0, 0, 0, 0, 0
pthread_locks_contended = 0.0
roi.instrs = 1287538684
roi.ipscore = 48021.5718758
roi.ipstotal = 768345.150012
roi.walltime = 1675.729565
stlb.access = 18918, 74856, 74825, 75264, 76708, 73199, 74464, 72931, 73016, 75711, 73084, 70513, 70456, 72839, 73282, 72527
stlb.miss = 3195, 4694, 4862, 5388, 5786, 4347, 4526, 4673, 4682, 5189, 4893, 4853, 4803, 4635, 4241, 4722
stlb_cache.access-mru-0 = 2816, 345, 344, 468, 706, 305, 288, 354, 332, 310, 316, 286, 327, 282, 301, 319
stlb_cache.access-mru-1 = 8164, 20330, 20281, 20816, 19903, 18665, 20524, 20072, 20738, 21707, 19751, 19011, 19149, 19029, 19596, 19418
stlb_cache.access-mru-2 = 1221, 11915, 12101, 12533, 12132, 11905, 10980, 11963, 11818, 11310, 11806, 11759, 11366, 12039, 11304, 11810
stlb_cache.access-mru-3 = 3522, 37572, 37237, 36059, 38181, 37977, 38146, 35869, 35446, 37195, 36318, 34604, 34811, 36854, 37840, 36258
syscall.stderr-bytes = 0, 0, 0, 0, 0, 0, 0, 0, 0, 0, 0, 0, 0, 0, 0, 0
syscall.stdout-bytes = 289, 0, 0, 0, 0, 0, 0, 0, 0, 0, 0, 0, 0, 0, 0, 0
thread.bottle_contrib_time = 20781182051184, 1795925637219, 1707191892530, 1917052830761, 1914450170036, 1687649588460, 1717894370600, 1771767483013, 1673477087686, 1699876471360, 1695422267366, 1601789095747, 1601462139619, 1698837238934, 1705608269280, 1659139281743, 1735849597883, 4319498134909
thread.bottle_runtime_time = 20862785259926, 26216863833505, 26073544228076, 26275661071304, 26464276810445, 25967697853008, 26114012575750, 25941558859538, 25744895353544, 26100417462053, 25790838863254, 25104386662021, 25081260403017, 25926696457732, 25969115897176, 25560185638693, 25728550259622, 4321126702657
thread.elapsed_time = 52728700000000, 51703763386738, 51702173164768, 51700495722690, 51700133317494, 51700242340708, 51700075048305, 51700387079031, 51699177681460, 51699466028029, 51698882194084, 51698334826222, 51698302872085, 51697981819953, 51697296857965, 51698107008996, 51697199796783, 4350622422673
thread.instruction_count = 96415399, 78319066, 78507421, 48366971, 79083988, 77970392, 78071378, 77775788, 77042512, 78624750, 77151387, 75251931, 74917839, 77121795, 77557067, 76480429, 31151602, 27379712
thread.instructions_by_core[0] = 96415399, 0, 0, 0, 0, 0, 0, 0, 0, 0, 0, 0, 0, 0, 0, 0
thread.instructions_by_core[10] = 0, 0, 0, 0, 0, 0, 0, 0, 0, 0, 77151387, 0, 0, 0, 0, 0
thread.instructions_by_core[11] = 0, 0, 0, 0, 0, 0, 0, 0, 0, 0, 0, 75251931, 0, 0, 0, 0
thread.instructions_by_core[12] = 0, 0, 0, 0, 0, 0, 0, 0, 0, 0, 0, 0, 74917839, 0, 0, 0
thread.instructions_by_core[13] = 0, 0, 0, 0, 0, 0, 0, 0, 0, 0, 0, 0, 0, 77121795, 0, 0
thread.instructions_by_core[14] = 0, 0, 0, 0, 0, 0, 0, 0, 0, 0, 0, 0, 0, 0, 77557067, 0
thread.instructions_by_core[15] = 0, 0, 0, 0, 0, 0, 0, 0, 0, 0, 0, 0, 0, 0, 0, 76480429
thread.instructions_by_core[1] = 0, 78319066, 0, 0, 0, 0, 0, 0, 0, 0, 0, 0, 0, 0, 0, 0
thread.instructions_by_core[2] = 0, 0, 78507421, 0, 0, 0, 0, 0, 0, 0, 0, 0, 0, 0, 0, 0
thread.instructions_by_core[3] = 0, 0, 0, 48366971, 0, 0, 0, 0, 0, 0, 0, 0, 0, 0, 0, 0, 31151602
thread.instructions_by_core[4] = 0, 0, 0, 0, 79083988, 0, 0, 0, 0, 0, 0, 0, 0, 0, 0, 0, 0, 27379712
thread.instructions_by_core[5] = 0, 0, 0, 0, 0, 77970392, 0, 0, 0, 0, 0, 0, 0, 0, 0, 0
thread.instructions_by_core[6] = 0, 0, 0, 0, 0, 0, 78071378, 0, 0, 0, 0, 0, 0, 0, 0, 0
thread.instructions_by_core[7] = 0, 0, 0, 0, 0, 0, 0, 77775788, 0, 0, 0, 0, 0, 0, 0, 0
thread.instructions_by_core[8] = 0, 0, 0, 0, 0, 0, 0, 0, 77042512, 0, 0, 0, 0, 0, 0, 0
thread.instructions_by_core[9] = 0, 0, 0, 0, 0, 0, 0, 0, 0, 78624750, 0, 0, 0, 0, 0, 0
thread.nonidle_cycle_count = 55413465, 69557591, 69185513, 40497734, 70198315, 68898864, 69273608, 68797164, 68308798, 69259499, 68414303, 66576816, 66525602, 68770001, 68905260, 67798016, 30205075, 11491422
thread.nonidle_elapsed_time = 20832129986949, 26149470601311, 26009591594130, 15224712208614, 26390344117086, 25901828679780, 26042709940335, 25863595683480, 25679999481867, 26037405816984, 25719662926062, 25028878397013, 25009625057067, 25853384052423, 25904233185624, 25487976231630, 11355291630216, 4320083469672
thread.time_by_core[0] = 20832129986949, 0, 0, 0, 0, 0, 0, 0, 0, 0, 0, 0, 0, 0, 0, 0
thread.time_by_core[10] = 0, 0, 0, 0, 0, 0, 0, 0, 0, 0, 25719662926062, 0, 0, 0, 0, 0
thread.time_by_core[11] = 0, 0, 0, 0, 0, 0, 0, 0, 0, 0, 0, 25028878397013, 0, 0, 0, 0
thread.time_by_core[12] = 0, 0, 0, 0, 0, 0, 0, 0, 0, 0, 0, 0, 25009625057067, 0, 0, 0
thread.time_by_core[13] = 0, 0, 0, 0, 0, 0, 0, 0, 0, 0, 0, 0, 0, 25853384052423, 0, 0
thread.time_by_core[14] = 0, 0, 0, 0, 0, 0, 0, 0, 0, 0, 0, 0, 0, 0, 25904233185624, 0
thread.time_by_core[15] = 0, 0, 0, 0, 0, 0, 0, 0, 0, 0, 0, 0, 0, 0, 0, 25487976231630
thread.time_by_core[1] = 0, 26149470601311, 0, 0, 0, 0, 0, 0, 0, 0, 0, 0, 0, 0, 0, 0
thread.time_by_core[2] = 0, 0, 26009591594130, 0, 0, 0, 0, 0, 0, 0, 0, 0, 0, 0, 0, 0
thread.time_by_core[3] = 0, 0, 0, 15224712208614, 0, 0, 0, 0, 0, 0, 0, 0, 0, 0, 0, 0, 11355291630216
thread.time_by_core[4] = 0, 0, 0, 0, 26390344117086, 0, 0, 0, 0, 0, 0, 0, 0, 0, 0, 0, 0, 4320083469672
thread.time_by_core[5] = 0, 0, 0, 0, 0, 25901828679780, 0, 0, 0, 0, 0, 0, 0, 0, 0, 0
thread.time_by_core[6] = 0, 0, 0, 0, 0, 0, 26042709940335, 0, 0, 0, 0, 0, 0, 0, 0, 0
thread.time_by_core[7] = 0, 0, 0, 0, 0, 0, 0, 25863595683480, 0, 0, 0, 0, 0, 0, 0, 0
thread.time_by_core[8] = 0, 0, 0, 0, 0, 0, 0, 0, 25679999481867, 0, 0, 0, 0, 0, 0, 0
thread.time_by_core[9] = 0, 0, 0, 0, 0, 0, 0, 0, 0, 26037405816984, 0, 0, 0, 0, 0, 0
thread.unscheduled_time = 31879586685659, 25508293466351, 25649583003440, 36423393390221, 25261803791075, 25756433137898, 25611394358902, 25784808617339, 25975217225391, 25624061643847, 25936248894667, 26621471394911, 26644678118421, 25793598823037, 25751083901867, 26159138224740, 40293256487979, 29541486942
time.walltime = 1675729565, 0, 0, 0, 0, 0, 0, 0, 0, 0, 0, 0, 0, 0, 0, 0
vmem = 2841784320
walltime = 1676.42098117
