barrier.global_time = 1794607800000000, 0, 0, 0, 0, 0, 0, 0, 0, 0, 0, 0, 0, 0, 0, 0
barrier.global_time_begin = 0, 0, 0, 0, 0, 0, 0, 0, 0, 0, 0, 0, 0, 0, 0, 0
barrier.global_time_end = 1794607800000000, 0, 0, 0, 0, 0, 0, 0, 0, 0, 0, 0, 0, 0, 0, 0
branch_predictor.num-correct = 667794, 1353033915, 1358566626, 1483732685, 1360302228, 1355356836, 1361701892, 1359599476, 1356461053, 1356123411, 1357977480, 1361478802, 1356079228, 1353418547, 1356613780, 1356060321
branch_predictor.num-incorrect = 13885, 156344, 155235, 226572, 158482, 156248, 150743, 154257, 156195, 155567, 154827, 153029, 156260, 153131, 151963, 154451
core.instructions = 12353755, 6152714888, 6174361762, 6791636269, 6182193305, 6159807643, 6188489339, 6179052831, 6165319814, 6162996444, 6173793213, 6187846237, 6163010453, 6151494383, 6166350698, 6162942289
core.spin_elapsed_time = 0, 0, 0, 0, 0, 0, 0, 0, 0, 0, 0, 0, 0, 0, 0, 0
core.spin_instructions = 0, 0, 0, 0, 0, 0, 0, 0, 0, 0, 0, 0, 0, 0, 0, 0
core.spin_loops = 0, 0, 0, 0, 0, 0, 0, 0, 0, 0, 0, 0, 0, 0, 0, 0
corefreq = 2660000000.0, 2660000000.0, 2660000000.0, 2660000000.0, 2660000000.0, 2660000000.0, 2660000000.0, 2660000000.0, 2660000000.0, 2660000000.0, 2660000000.0, 2660000000.0, 2660000000.0, 2660000000.0, 2660000000.0, 2660000000.0
directory.entries-allocated = 16784, 16416, 16416, 16368, 16576, 16768, 16880, 16960, 16528, 16672, 16704, 16704, 17088, 16848, 16752, 16576
directory.evict-E = 0, 0, 0, 0, 0, 0, 0, 0, 0, 0, 0, 0, 0, 0, 0, 0
directory.evict-M = 0, 0, 0, 0, 0, 0, 0, 0, 0, 0, 0, 0, 0, 0, 0, 0
directory.evict-O = 0, 0, 0, 0, 0, 0, 0, 0, 0, 0, 0, 0, 0, 0, 0, 0
directory.evict-S = 0, 0, 0, 0, 0, 0, 0, 0, 0, 0, 0, 0, 0, 0, 0, 0
directory.forward = 0, 0, 0, 0, 0, 0, 0, 0, 0, 0, 0, 0, 0, 0, 0, 0
directory.forward-failed = 0, 0, 0, 0, 0, 0, 0, 0, 0, 0, 0, 0, 0, 0, 0, 0
dram-queue.num-requests = 4953, 0, 0, 0, 4920, 0, 0, 0, 4918, 0, 0, 0, 4918, 0, 0, 0
dram-queue.num-requests-analytical = 0, 0, 0, 0, 0, 0, 0, 0, 0, 0, 0, 0, 0, 0, 0, 0
dram-queue.total-queue-delay = 28757705745, 0, 0, 0, 95104241092, 0, 0, 0, 97306259672, 0, 0, 0, 97609513957, 0, 0, 0
dram-queue.total-time-used = 41750204028, 0, 0, 0, 41472037920, 0, 0, 0, 41455179368, 0, 0, 0, 41455179368, 0, 0, 0
dram.reads = 4953, 0, 0, 0, 4920, 0, 0, 0, 4918, 0, 0, 0, 4918, 0, 0, 0
dram.total-access-latency = 293392909773, 0, 0, 0, 357976279012, 0, 0, 0, 360071439040, 0, 0, 0, 360374693325, 0, 0, 0
dram.total-queueing-delay = 28757705745, 0, 0, 0, 95104241092, 0, 0, 0, 97306259672, 0, 0, 0, 97609513957, 0, 0, 0
dram.writes = 0, 0, 0, 0, 0, 0, 0, 0, 0, 0, 0, 0, 0, 0, 0, 0
dtlb.access = 5057254, 2731029429, 2740652272, 3011346091, 2744129792, 2734184026, 2746937038, 2742737607, 2736650940, 2735599086, 2740443704, 2746654903, 2735602044, 2730500553, 2737118293, 2735582433
dtlb.miss = 4585, 227771, 209549, 432738, 203752, 216468, 209775, 196579, 231575, 209963, 219386, 228657, 209206, 215703, 205083, 199352
dtlb_cache.access-mru-0 = 4398925, 2728757588, 2738599115, 3006676937, 2742168813, 2731443671, 2744972110, 2740147950, 2733611582, 2733453362, 2738388167, 2743392471, 2732925062, 2727935539, 2734267540, 2732630074
dtlb_cache.access-mru-1 = 622625, 1903352, 1711015, 3983658, 1636145, 2425031, 1638896, 2278376, 2638116, 1801757, 1716064, 2891549, 2260450, 2175951, 2527937, 2608541
dtlb_cache.access-mru-2 = 26630, 97692, 85226, 163802, 72244, 57671, 76346, 77272, 125145, 93717, 86414, 94991, 149826, 127632, 68116, 99839
dtlb_cache.access-mru-3 = 4489, 43026, 47367, 88956, 48838, 41185, 39911, 37430, 44522, 40287, 33673, 47235, 57500, 45728, 49617, 44627
fastforward_performance_model.fastforwarded_time = 0, 0, 0, 0, 0, 0, 0, 0, 0, 0, 0, 0, 0, 0, 0, 0
fastforward_timer.cpiBase = 0, 0, 0, 0, 0, 0, 0, 0, 0, 0, 0, 0, 0, 0, 0, 0
fastforward_timer.cpiBranchPredictor = 0, 0, 0, 0, 0, 0, 0, 0, 0, 0, 0, 0, 0, 0, 0, 0
fastforward_timer.cpiDataCachecache-remote = 0, 0, 0, 0, 0, 0, 0, 0, 0, 0, 0, 0, 0, 0, 0, 0
fastforward_timer.cpiDataCachedram = 0, 0, 0, 0, 0, 0, 0, 0, 0, 0, 0, 0, 0, 0, 0, 0
fastforward_timer.cpiDataCachedram-cache = 0, 0, 0, 0, 0, 0, 0, 0, 0, 0, 0, 0, 0, 0, 0, 0
fastforward_timer.cpiDataCachedram-local = 0, 0, 0, 0, 0, 0, 0, 0, 0, 0, 0, 0, 0, 0, 0, 0
fastforward_timer.cpiDataCachedram-remote = 0, 0, 0, 0, 0, 0, 0, 0, 0, 0, 0, 0, 0, 0, 0, 0
fastforward_timer.cpiDataCacheL1 = 0, 0, 0, 0, 0, 0, 0, 0, 0, 0, 0, 0, 0, 0, 0, 0
fastforward_timer.cpiDataCacheL1_S = 0, 0, 0, 0, 0, 0, 0, 0, 0, 0, 0, 0, 0, 0, 0, 0
fastforward_timer.cpiDataCacheL1I = 0, 0, 0, 0, 0, 0, 0, 0, 0, 0, 0, 0, 0, 0, 0, 0
fastforward_timer.cpiDataCacheL2 = 0, 0, 0, 0, 0, 0, 0, 0, 0, 0, 0, 0, 0, 0, 0, 0
fastforward_timer.cpiDataCacheL2_S = 0, 0, 0, 0, 0, 0, 0, 0, 0, 0, 0, 0, 0, 0, 0, 0
fastforward_timer.cpiDataCacheL3 = 0, 0, 0, 0, 0, 0, 0, 0, 0, 0, 0, 0, 0, 0, 0, 0
fastforward_timer.cpiDataCacheL3_S = 0, 0, 0, 0, 0, 0, 0, 0, 0, 0, 0, 0, 0, 0, 0, 0
fastforward_timer.cpiDataCacheL4 = 0, 0, 0, 0, 0, 0, 0, 0, 0, 0, 0, 0, 0, 0, 0, 0
fastforward_timer.cpiDataCacheL4_S = 0, 0, 0, 0, 0, 0, 0, 0, 0, 0, 0, 0, 0, 0, 0, 0
fastforward_timer.cpiDataCachemiss = 0, 0, 0, 0, 0, 0, 0, 0, 0, 0, 0, 0, 0, 0, 0, 0
fastforward_timer.cpiDataCachenuca-cache = 0, 0, 0, 0, 0, 0, 0, 0, 0, 0, 0, 0, 0, 0, 0, 0
fastforward_timer.cpiDataCachenuca-local = 0, 0, 0, 0, 0, 0, 0, 0, 0, 0, 0, 0, 0, 0, 0, 0
fastforward_timer.cpiDataCachenuca-remote = 0, 0, 0, 0, 0, 0, 0, 0, 0, 0, 0, 0, 0, 0, 0, 0
fastforward_timer.cpiDataCachepredicate-false = 0, 0, 0, 0, 0, 0, 0, 0, 0, 0, 0, 0, 0, 0, 0, 0
fastforward_timer.cpiDataCacheprefetch-no-mapping = 0, 0, 0, 0, 0, 0, 0, 0, 0, 0, 0, 0, 0, 0, 0, 0
fastforward_timer.cpiDataCacheunknown = 0, 0, 0, 0, 0, 0, 0, 0, 0, 0, 0, 0, 0, 0, 0, 0
fs_to_cycles = 2.66e-06
fs_to_cycles_cores = 2.66e-06, 2.66e-06, 2.66e-06, 2.66e-06, 2.66e-06, 2.66e-06, 2.66e-06, 2.66e-06, 2.66e-06, 2.66e-06, 2.66e-06, 2.66e-06, 2.66e-06, 2.66e-06, 2.66e-06, 2.66e-06
futex.futex_cmp_requeue_count = 0, 415, 329, 7791, 386, 373, 360, 341, 377, 408, 369, 337, 380, 384, 362, 383, 7915, 1, 0, 0, 0, 0, 0, 0, 0, 0, 0, 0, 0, 0, 0, 0, 2
futex.futex_cmp_requeue_delay = 0, 0, 0, 0, 0, 0, 0, 0, 0, 0, 0, 0, 0, 0, 0, 0
futex.futex_cmp_requeue_pi_count = 0, 0, 0, 0, 0, 0, 0, 0, 0, 0, 0, 0, 0, 0, 0, 0
futex.futex_cmp_requeue_pi_delay = 0, 0, 0, 0, 0, 0, 0, 0, 0, 0, 0, 0, 0, 0, 0, 0
futex.futex_fd_count = 0, 0, 0, 0, 0, 0, 0, 0, 0, 0, 0, 0, 0, 0, 0, 0
futex.futex_fd_delay = 0, 0, 0, 0, 0, 0, 0, 0, 0, 0, 0, 0, 0, 0, 0, 0
futex.futex_lock_pi_count = 0, 0, 0, 0, 0, 0, 0, 0, 0, 0, 0, 0, 0, 0, 0, 0
futex.futex_lock_pi_delay = 0, 0, 0, 0, 0, 0, 0, 0, 0, 0, 0, 0, 0, 0, 0, 0
futex.futex_requeue_count = 0, 0, 0, 0, 0, 0, 0, 0, 0, 0, 0, 0, 0, 0, 0, 0
futex.futex_requeue_delay = 0, 0, 0, 0, 0, 0, 0, 0, 0, 0, 0, 0, 0, 0, 0, 0
futex.futex_trylock_pi_count = 0, 0, 0, 0, 0, 0, 0, 0, 0, 0, 0, 0, 0, 0, 0, 0
futex.futex_trylock_pi_delay = 0, 0, 0, 0, 0, 0, 0, 0, 0, 0, 0, 0, 0, 0, 0, 0
futex.futex_unlock_pi_count = 0, 0, 0, 0, 0, 0, 0, 0, 0, 0, 0, 0, 0, 0, 0, 0
futex.futex_unlock_pi_delay = 0, 0, 0, 0, 0, 0, 0, 0, 0, 0, 0, 0, 0, 0, 0, 0
futex.futex_wait_bitset_count = 1, 0, 0, 0, 0, 0, 0, 0, 0, 0, 0, 0, 0, 0, 0, 0
futex.futex_wait_bitset_delay = 0, 0, 0, 0, 0, 0, 0, 0, 0, 0, 0, 0, 0, 0, 0, 0
futex.futex_wait_count = 3, 24973, 25448, 19961, 27007, 26441, 25944, 24463, 27291, 26793, 25850, 24747, 26285, 27247, 27309, 26742, 20143, 4, 5, 3, 2, 2, 2, 2, 1, 3, 1, 2, 1, 3, 3, 3, 2
futex.futex_wait_delay = 1791656395904640, 212740335823798, 207950262254244, 910784483471957, 207053629423751, 212098377814331, 204737546580407, 206225998517297, 211214893624383, 212782401820341, 209600028919954, 205264802537664, 211403693620315, 215267297114545, 211291479317784, 211684168401190, 916270961517541, 83590421629, 4727441965, 1478570347, 1510534202, 2839476307, 2827822198, 3970303079, 5617670037, 6513534934, 4545865688, 1599255806, 920307712, 6369550297, 5332332336, 2332334596, 81794936965
futex.futex_wait_requeue_pi_count = 0, 0, 0, 0, 0, 0, 0, 0, 0, 0, 0, 0, 0, 0, 0, 0
futex.futex_wait_requeue_pi_delay = 0, 0, 0, 0, 0, 0, 0, 0, 0, 0, 0, 0, 0, 0, 0, 0
futex.futex_wake_bitset_count = 0, 0, 0, 0, 0, 0, 0, 0, 0, 0, 0, 0, 0, 0, 0, 0
futex.futex_wake_bitset_delay = 0, 0, 0, 0, 0, 0, 0, 0, 0, 0, 0, 0, 0, 0, 0, 0
futex.futex_wake_count = 2, 15041, 14597, 14590, 15025, 14696, 14664, 14315, 15110, 15111, 14805, 14424, 14857, 15151, 15195, 14905, 14619, 3, 4, 5, 3, 2, 2, 2, 3, 2, 2, 2, 2, 3, 2, 3, 2
futex.futex_wake_delay = 0, 12245000000000, 11992000000000, 12709000000000, 12278000000000, 12103000000000, 11992000000000, 11809000000000, 12316000000000, 12443000000000, 12118000000000, 11825000000000, 12127000000000, 12372000000000, 12411000000000, 12195000000000, 12793000000000, 2000000000, 2000000000, 4000000000, 1000000000, 1000000000, 1000000000, 1000000000, 1000000000, 0, 1000000000, 1000000000, 1000000000, 0, 1000000000, 1000000000, 1000000000
futex.futex_wake_op_count = 0, 0, 0, 0, 0, 0, 0, 0, 0, 0, 0, 0, 0, 0, 0, 0
futex.futex_wake_op_delay = 0, 0, 0, 0, 0, 0, 0, 0, 0, 0, 0, 0, 0, 0, 0, 0
global.time = 1794607800000000
global.time_begin = 0
global.time_end = 1794607800000000
interval_timer.cpContr_branch = 146387262584, 669948649018870, 672593044892989, 731755970697195, 673381168831145, 670988345522547, 674162308232087, 673122612293281, 671971033513608, 671368358880578, 672449070480235, 674090323255770, 671403117725261, 670407589264851, 671664509831439, 671336832830957
interval_timer.cpContr_fp_addsub = 241104443709, 28590003029896, 28338148522727, 56542324290472, 28295121846266, 28137935676409, 28116542255945, 28174775039591, 28230942500983, 28110114409413, 28148287447270, 28125944952405, 28135501485728, 28076954105488, 28157245647922, 28158605782411
interval_timer.cpContr_fp_muldiv = 847663327108, 3008631084985, 2270098542238, 4904959663072, 2289857755629, 2312786570866, 2111253664098, 2180013704860, 2311756804824, 2140205545052, 2212742195845, 2139238562278, 2131701987318, 2118055341664, 2199395143983, 2311393623584
interval_timer.cpContr_generic = 1328994898773, 679446841032561, 681584812784820, 742949335638974, 682353142824561, 679884409183982, 683012060196259, 681855486299454, 680798116055612, 680146700248978, 681333211295022, 682921793181322, 680266978405779, 679224080908480, 680502649043479, 680114427601014
interval_timer.cpContr_load_l1 = 1035837166945, 2678214635754878, 2689274065470177, 2924485053837073, 2692460170320520, 2682673265716605, 2695147009173215, 2691145492902031, 2687148386687878, 2684243087143288, 2687542209176629, 2694913644503853, 2684568788786079, 2680944069463484, 2684860846560844, 2684043403049203
interval_timer.cpContr_load_l2 = 18756186, 0, 0, 0, 0, 0, 70730628213, 1651559107, 0, 61689635328, 112528191532, 71603431683, 1151514, 34502481, 139086723455, 1335629057
interval_timer.cpContr_load_l3 = 0, 0, 0, 0, 0, 0, 0, 0, 0, 0, 0, 0, 0, 0, 0, 0
interval_timer.cpContr_load_other = 2610354, 37914211, 0, 0, 0, 2782926, 1313879131, 28376633805, 108478636485, 880661289, 21638036564, 4751867603, 5525237723, 95449456312, 1133805882, 28616819123
interval_timer.cpContr_port0 = 0, 0, 0, 0, 0, 0, 0, 0, 0, 0, 0, 0, 0, 0, 0, 0
interval_timer.cpContr_port015 = 64663540169, 879001730229, 859940651373, 1746254191413, 834190253789, 848876699079, 879654903763, 877978829206, 887537103732, 873192916097, 883928699028, 879067710458, 839472510634, 872929794398, 897301951508, 898412708732
interval_timer.cpContr_port05 = 0, 0, 0, 0, 0, 0, 0, 0, 0, 0, 0, 0, 0, 0, 0, 0
interval_timer.cpContr_port1 = 969049531, 3663282549, 2611726984, 5112224778, 2504769727, 2496167973, 2586850055, 2494621637, 2553691894, 2544427343, 2503362881, 2563656320, 2688792554, 2535428082, 2661445768, 2477120469
interval_timer.cpContr_port2 = 403668573492, 12730698168501, 12689208517396, 21135840116680, 12777850079082, 12700000912712, 12712673935649, 12672610411806, 11590824016012, 12641624103077, 12796640544529, 12666927283648, 12491922883192, 11724603898440, 12759944097998, 12692372640582
interval_timer.cpContr_port34 = 28640798455, 130527662470, 69681806233, 98588090559, 67833940103, 71941006415, 72528392369, 75466400797, 64862162879, 67242141249, 68073916168, 69789297155, 68225301583, 68911334780, 66206284951, 67056509037
interval_timer.cpContr_port5 = 18720215876, 115698958935, 98880364511, 222965396426, 104754239876, 104585784936, 100943901195, 98493544701, 96168069160, 100389687220, 100269982216, 97645465244, 109113202147, 99788912562, 100259255536, 101499322341
interval_timer.cpContr_store = 571654349111, 1481195746408, 1615644788683, 2052651506501, 1762001547852, 1830966669636, 1849615310586, 1853491288825, 1938979259926, 1831431070114, 2066049494199, 1874918029132, 1814420810699, 1857426518847, 1918959087487, 1806927187356
interval_timer.cpiBase = 1767423825162, 1531789948673208, 1537370056362888, 1686433042788048, 1539224347660902, 1533670388408367, 1540694489075217, 1538382416856903, 1535773380272136, 1534434417132786, 1536746299125966, 1540551244286169, 1534528524438900, 1532142930582234, 1535066817583257, 1534425207003225
interval_timer.cpiBranchPredictor = 147980116692, 3152182349736, 3180155218848, 4568906215602, 3217803630003, 3186084904695, 3139770347712, 3189108582072, 3198271719258, 3178408230315, 3026579626080, 3187128887298, 3275239966362, 3211623944721, 3081546419148, 3177082669401
interval_timer.cpiDataCachecache-remote = 48775077738, 7525370586609, 7027566448491, 8304657171282, 7806098899530, 7375387842864, 7194981859605, 7084933988013, 6952032408672, 6527695397751, 6516767978838, 6352924364163, 7484407897230, 7424794122183, 7558739308188, 7331725535526
interval_timer.cpiDataCachedram = 0, 0, 0, 0, 0, 0, 0, 0, 0, 0, 0, 0, 0, 0, 0, 0
interval_timer.cpiDataCachedram-cache = 0, 0, 0, 0, 0, 0, 0, 0, 0, 0, 0, 0, 0, 0, 0, 0
interval_timer.cpiDataCachedram-local = 52624693098, 0, 0, 0, 74435922, 0, 0, 0, 92480994, 0, 0, 0, 0, 0, 0, 0
interval_timer.cpiDataCachedram-remote = 486873711693, 998493984, 715787856, 460149336, 0, 72932166, 71428410, 239849082, 147744027, 150375600, 382705902, 0, 225563400, 270676080, 151879356, 72932166
interval_timer.cpiDataCacheL1 = 0, 25563852, 127819260, 0, 102255408, 204510816, 12781926, 25563852, 230074668, 25563852, 115037334, 25563852, 115037334, 12781926, 0, 0
interval_timer.cpiDataCacheL1_S = 0, 0, 0, 0, 0, 0, 0, 0, 0, 0, 0, 0, 0, 0, 0, 0
interval_timer.cpiDataCacheL1I = 0, 0, 0, 0, 0, 0, 0, 0, 0, 0, 0, 0, 0, 0, 0, 0
interval_timer.cpiDataCacheL2 = 1488342501, 11560276129356, 10585346001876, 9041961895947, 10806802268301, 10777475266911, 10573210690956, 10880381801259, 11479096613574, 10265066650521, 9700125446088, 10390059977058, 10907461063368, 10760708763450, 10871502498018, 10591744107717
interval_timer.cpiDataCacheL2_S = 0, 0, 0, 0, 0, 0, 0, 0, 0, 0, 0, 0, 0, 0, 0, 0
interval_timer.cpiDataCacheL3 = 0, 0, 0, 0, 0, 0, 0, 0, 0, 0, 0, 0, 0, 0, 0, 0
interval_timer.cpiDataCacheL3_S = 0, 0, 0, 0, 0, 0, 0, 0, 0, 0, 0, 0, 0, 0, 0, 0
interval_timer.cpiDataCacheL4 = 0, 0, 0, 0, 0, 0, 0, 0, 0, 0, 0, 0, 0, 0, 0, 0
interval_timer.cpiDataCacheL4_S = 0, 0, 0, 0, 0, 0, 0, 0, 0, 0, 0, 0, 0, 0, 0, 0
interval_timer.cpiDataCachemiss = 0, 0, 0, 0, 0, 0, 0, 0, 0, 0, 0, 0, 0, 0, 0, 0
interval_timer.cpiDataCachenuca-cache = 0, 0, 0, 0, 0, 0, 0, 0, 0, 0, 0, 0, 0, 0, 0, 0
interval_timer.cpiDataCachenuca-local = 18261612864, 291871144881, 489947764896, 532900675341, 471353821956, 166839472566, 566494208442, 202053302757, 603029464218, 107467426296, 558332948691, 1076304334464, 4987060157790, 246360345480, 618981307866, 214399515456
interval_timer.cpiDataCachenuca-remote = 206995772790, 11556602077509, 12247449764310, 19975381923204, 10006413475680, 11439942566724, 12134885732991, 13024018685952, 9174619114938, 11194346129292, 12569152796658, 12254987717199, 6161195850102, 9513669100563, 9934215518547, 11072373472620
interval_timer.cpiDataCachepredicate-false = 0, 0, 0, 0, 0, 0, 0, 0, 0, 0, 0, 0, 0, 0, 0, 0
interval_timer.cpiDataCacheprefetch-no-mapping = 0, 0, 0, 0, 0, 0, 0, 0, 0, 0, 0, 0, 0, 0, 0, 0
interval_timer.cpiDataCacheunknown = 0, 0, 0, 0, 0, 0, 0, 0, 0, 0, 0, 0, 0, 0, 0, 0
interval_timer.cpiInstructionCachecache-remote = 63909630, 7125547806, 6355248795, 42388626006, 10597344471, 9498850713, 9440204229, 7569531765, 10650351870, 12303355653, 11921401629, 8428552380, 9345843540, 13721773500, 14581170054, 12497716116
interval_timer.cpiInstructionCachedram = 0, 0, 0, 0, 0, 0, 0, 0, 0, 0, 0, 0, 0, 0, 0, 0
interval_timer.cpiInstructionCachedram-cache = 0, 0, 0, 0, 0, 0, 0, 0, 0, 0, 0, 0, 0, 0, 0, 0
interval_timer.cpiInstructionCachedram-local = 7821410895, 0, 0, 0, 0, 0, 0, 0, 159022197, 0, 0, 0, 0, 0, 0, 0
interval_timer.cpiInstructionCachedram-remote = 28386026073, 1324809036, 0, 1584582885, 157142502, 0, 851501835, 0, 443608020, 506389833, 94360689, 0, 0, 0, 0, 728945721
interval_timer.cpiInstructionCacheL1 = 0, 0, 0, 0, 0, 0, 0, 0, 0, 0, 0, 0, 0, 0, 0, 0
interval_timer.cpiInstructionCacheL1_S = 0, 0, 0, 0, 0, 0, 0, 0, 0, 0, 0, 0, 0, 0, 0, 0
interval_timer.cpiInstructionCacheL1I = 0, 0, 0, 0, 0, 0, 0, 0, 0, 0, 0, 0, 0, 0, 0, 0
interval_timer.cpiInstructionCacheL2 = 0, 0, 0, 0, 0, 0, 0, 0, 0, 0, 0, 0, 0, 0, 0, 0
interval_timer.cpiInstructionCacheL2_S = 0, 0, 0, 0, 0, 0, 0, 0, 0, 0, 0, 0, 0, 0, 0, 0
interval_timer.cpiInstructionCacheL3 = 0, 0, 0, 0, 0, 0, 0, 0, 0, 0, 0, 0, 0, 0, 0, 0
interval_timer.cpiInstructionCacheL3_S = 0, 0, 0, 0, 0, 0, 0, 0, 0, 0, 0, 0, 0, 0, 0, 0
interval_timer.cpiInstructionCacheL4 = 0, 0, 0, 0, 0, 0, 0, 0, 0, 0, 0, 0, 0, 0, 0, 0
interval_timer.cpiInstructionCacheL4_S = 0, 0, 0, 0, 0, 0, 0, 0, 0, 0, 0, 0, 0, 0, 0, 0
interval_timer.cpiInstructionCachemiss = 0, 0, 0, 0, 0, 0, 0, 0, 0, 0, 0, 0, 0, 0, 0, 0
interval_timer.cpiInstructionCachenuca-cache = 0, 0, 0, 0, 0, 0, 0, 0, 0, 0, 0, 0, 0, 0, 0, 0
interval_timer.cpiInstructionCachenuca-local = 20519502498, 34046163657, 40089759021, 83657705670, 118235071134, 118738077516, 59357760588, 91826484201, 118380935466, 32316844257, 54200253447, 4918785876, 102375708480, 65110003227, 4296606831, 2507889069
interval_timer.cpiInstructionCachenuca-remote = 61103997243, 748448308503, 762108428007, 1529020980495, 665469924606, 709723959930, 551468678490, 760914069804, 818052286536, 677814633549, 751824240723, 736734801141, 664996617405, 632340676170, 801927135009, 950942211768
interval_timer.cpiInstructionCachepredicate-false = 0, 0, 0, 0, 0, 0, 0, 0, 0, 0, 0, 0, 0, 0, 0, 0
interval_timer.cpiInstructionCacheprefetch-no-mapping = 0, 0, 0, 0, 0, 0, 0, 0, 0, 0, 0, 0, 0, 0, 0, 0
interval_timer.cpiInstructionCacheunknown = 0, 0, 0, 0, 0, 0, 0, 0, 0, 0, 0, 0, 0, 0, 0, 0
interval_timer.cpiLongLatency = 0, 0, 0, 0, 0, 0, 3007512, 1879695, 0, 751878, 1503756, 5263146, 0, 751878, 2255634, 1127817
interval_timer.cpiSerialization = 116917029, 0, 0, 0, 0, 0, 0, 0, 0, 0, 0, 0, 0, 0, 0, 0
interval_timer.detailed-cpiBase-BranchMispredict = 0, 0, 0, 0, 0, 0, 0, 0, 0, 0, 0, 0, 0, 0, 0, 0
interval_timer.detailed-cpiBase-DispatchRate = 3393270, 4071097110, 4086235510, 4480646771, 4091124495, 4076440187, 4095132561, 4088955667, 4082253119, 4078519813, 4084443208, 4094705246, 4078723943, 4072494269, 4080057009, 4078418978
interval_timer.detailed-cpiBase-DispatchRate+BranchMispredict = 0, 0, 0, 0, 0, 0, 0, 0, 0, 0, 0, 0, 0, 0, 0, 0
interval_timer.detailed-cpiBase-DispatchRate+ICacheMiss = 0, 0, 0, 0, 0, 0, 0, 0, 0, 0, 0, 0, 0, 0, 0, 0
interval_timer.detailed-cpiBase-DispatchRate+ICacheMiss+BranchMispredict = 0, 0, 0, 0, 0, 0, 0, 0, 0, 0, 0, 0, 0, 0, 0, 0
interval_timer.detailed-cpiBase-DispatchWidth = 13026, 13470, 10008, 14842, 9967, 9413, 9920, 10083, 9347, 9882, 9800, 9899, 10210, 9556, 9330, 9483
interval_timer.detailed-cpiBase-DispatchWidth+BranchMispredict = 0, 0, 0, 0, 0, 0, 0, 0, 0, 0, 0, 0, 0, 0, 0, 0
interval_timer.detailed-cpiBase-DispatchWidth+DispatchRate = 1295062, 3459892, 3168074, 5260419, 3211556, 3122853, 3114122, 3140727, 2903958, 3075079, 3301386, 3160426, 3120947, 3005581, 3220624, 3151814
interval_timer.detailed-cpiBase-DispatchWidth+DispatchRate+BranchMispredict = 0, 0, 0, 0, 0, 0, 0, 0, 0, 0, 0, 0, 0, 0, 0, 0
interval_timer.detailed-cpiBase-DispatchWidth+DispatchRate+ICacheMiss = 0, 0, 0, 0, 0, 0, 0, 0, 0, 0, 0, 0, 0, 0, 0, 0
interval_timer.detailed-cpiBase-DispatchWidth+DispatchRate+ICacheMiss+BranchMispredict = 0, 0, 0, 0, 0, 0, 0, 0, 0, 0, 0, 0, 0, 0, 0, 0
interval_timer.detailed-cpiBase-DispatchWidth+ICacheMiss = 0, 0, 0, 0, 0, 0, 0, 0, 0, 0, 0, 0, 0, 0, 0, 0
interval_timer.detailed-cpiBase-DispatchWidth+ICacheMiss+BranchMispredict = 0, 0, 0, 0, 0, 0, 0, 0, 0, 0, 0, 0, 0, 0, 0, 0
interval_timer.detailed-cpiBase-ICacheMiss = 0, 0, 0, 0, 0, 0, 0, 0, 0, 0, 0, 0, 0, 0, 0, 0
interval_timer.detailed-cpiBase-ICacheMiss+BranchMispredict = 0, 0, 0, 0, 0, 0, 0, 0, 0, 0, 0, 0, 0, 0, 0, 0
interval_timer.detailed-cpiBase-NoReason = 0, 0, 0, 0, 0, 0, 0, 0, 0, 0, 0, 0, 0, 0, 0, 0
interval_timer.detailed-cpiBase-WindowEmpty = 0, 0, 0, 0, 0, 0, 0, 0, 0, 0, 0, 0, 0, 0, 0, 0
interval_timer.detailed-cpiBase-WindowEmpty+BranchMispredict = 0, 0, 0, 0, 0, 0, 0, 0, 0, 0, 0, 0, 0, 0, 0, 0
interval_timer.detailed-cpiBase-WindowEmpty+DispatchRate = 0, 0, 0, 0, 0, 0, 0, 0, 0, 0, 0, 0, 0, 0, 0, 0
interval_timer.detailed-cpiBase-WindowEmpty+DispatchRate+BranchMispredict = 0, 0, 0, 0, 0, 0, 0, 0, 0, 0, 0, 0, 0, 0, 0, 0
interval_timer.detailed-cpiBase-WindowEmpty+DispatchRate+ICacheMiss = 0, 0, 0, 0, 0, 0, 0, 0, 0, 0, 0, 0, 0, 0, 0, 0
interval_timer.detailed-cpiBase-WindowEmpty+DispatchRate+ICacheMiss+BranchMispredict = 0, 0, 0, 0, 0, 0, 0, 0, 0, 0, 0, 0, 0, 0, 0, 0
interval_timer.detailed-cpiBase-WindowEmpty+DispatchWidth = 0, 0, 0, 0, 0, 0, 0, 0, 0, 0, 0, 0, 0, 0, 0, 0
interval_timer.detailed-cpiBase-WindowEmpty+DispatchWidth+BranchMispredict = 0, 0, 0, 0, 0, 0, 0, 0, 0, 0, 0, 0, 0, 0, 0, 0
interval_timer.detailed-cpiBase-WindowEmpty+DispatchWidth+DispatchRate = 0, 0, 0, 0, 0, 0, 0, 0, 0, 0, 0, 0, 0, 0, 0, 0
interval_timer.detailed-cpiBase-WindowEmpty+DispatchWidth+DispatchRate+BranchMispredict = 0, 0, 0, 0, 0, 0, 0, 0, 0, 0, 0, 0, 0, 0, 0, 0
interval_timer.detailed-cpiBase-WindowEmpty+DispatchWidth+DispatchRate+ICacheMiss = 0, 0, 0, 0, 0, 0, 0, 0, 0, 0, 0, 0, 0, 0, 0, 0
interval_timer.detailed-cpiBase-WindowEmpty+DispatchWidth+DispatchRate+ICacheMiss+BranchMispredict = 0, 0, 0, 0, 0, 0, 0, 0, 0, 0, 0, 0, 0, 0, 0, 0
interval_timer.detailed-cpiBase-WindowEmpty+DispatchWidth+ICacheMiss = 0, 0, 0, 0, 0, 0, 0, 0, 0, 0, 0, 0, 0, 0, 0, 0
interval_timer.detailed-cpiBase-WindowEmpty+DispatchWidth+ICacheMiss+BranchMispredict = 0, 0, 0, 0, 0, 0, 0, 0, 0, 0, 0, 0, 0, 0, 0, 0
interval_timer.detailed-cpiBase-WindowEmpty+ICacheMiss = 0, 0, 0, 0, 0, 0, 0, 0, 0, 0, 0, 0, 0, 0, 0, 0
interval_timer.detailed-cpiBase-WindowEmpty+ICacheMiss+BranchMispredict = 0, 0, 0, 0, 0, 0, 0, 0, 0, 0, 0, 0, 0, 0, 0, 0
interval_timer.loadstore_contention.no-free-slots = 0, 0, 0, 0, 0, 0, 0, 0, 0, 0, 0, 0, 0, 0, 0, 0
interval_timer.loadstore_contention.num-barriers = 0, 0, 0, 0, 0, 0, 0, 0, 0, 0, 0, 0, 0, 0, 0, 0
interval_timer.loadstore_contention.num-requests = 2831625, 2034373293, 2042158598, 2236901510, 2044597784, 2037153217, 2046701908, 2043597388, 2039955745, 2038284798, 2041594877, 2046534730, 2038414035, 2035326862, 2039326968, 2038298010
interval_timer.loadstore_contention.requests-out-of-order = 2081666, 674137940, 676800131, 739000851, 677759084, 675315061, 678434459, 677333405, 676293098, 675581097, 676940974, 678415572, 675781673, 674889397, 676002860, 675619068
interval_timer.loadstore_contention.requests-simultaneous = 249776, 681114434, 683519276, 749728292, 684238171, 681714003, 684877455, 683949979, 682458259, 682090343, 683089489, 684833933, 681991167, 680740494, 682451458, 682138685
interval_timer.loadstore_contention.total-barrier-delay = 0, 0, 0, 0, 0, 0, 0, 0, 0, 0, 0, 0, 0, 0, 0, 0
interval_timer.loadstore_contention.total-delay = 25195055841, 2997905630733, 2904495315525, 4900450579092, 2867177730690, 2929835859759, 2919065583348, 2972923356366, 2763805031982, 2899826153145, 2956592942145, 2956071514752, 2690017980696, 2682161607474, 2979482364099, 3029416461774
interval_timer.numBPredOverlapped = 118077, 8761103, 8399283, 11114678, 8307138, 8321561, 8323455, 8338795, 7914295, 8208986, 8625577, 8282404, 8190841, 7726931, 8423461, 8282870
interval_timer.numDCacheOverlapped = 365729, 18554789, 18214468, 31992818, 18388160, 18378661, 18380113, 18335942, 17370570, 18325980, 18425206, 18303706, 18190278, 17398816, 18317666, 18278879
interval_timer.numHiddenLongerDCacheLatency = 9666, 610191, 579955, 1137357, 590737, 590561, 566126, 568339, 611149, 624361, 588301, 594513, 613375, 593331, 567155, 570045
interval_timer.numICacheOverlapped = 2435824, 131235914, 124792911, 174147890, 123574601, 124685703, 125007574, 125017036, 123129770, 122675789, 131402976, 124757120, 122787891, 119566460, 127470208, 124198235
interval_timer.numLongLatencyLoads = 19342, 1038729, 987671, 1378579, 977966, 986716, 989282, 989301, 974442, 970882, 1039922, 987320, 971675, 946322, 1008743, 982821
interval_timer.numMfenceInsns = 0, 0, 0, 0, 0, 0, 0, 0, 0, 0, 0, 0, 0, 0, 0, 0
interval_timer.numSerializationInsns = 130, 0, 0, 0, 0, 0, 0, 0, 0, 0, 0, 0, 0, 0, 0, 0
interval_timer.numTotalLongLatencyLoadLatency = 2167956, 82287669, 80734251, 100695490, 77381823, 79161573, 81049470, 82969985, 75036769, 74732208, 78057549, 79997824, 78577816, 74336038, 77096525, 77699615
interval_timer.outstandingLongLatencyCycles = 2528604, 100523249, 98636683, 142206313, 95912629, 96619107, 97882460, 100075108, 94124167, 93266538, 95600103, 98445573, 98726444, 92658127, 94415593, 95850957
interval_timer.outstandingLongLatencyInsns = 3966196, 152090176, 150896517, 228261099, 151363138, 150704274, 152585077, 154525605, 146852942, 145302580, 149488621, 152815852, 157446464, 146584453, 149630082, 151266795
interval_timer.totalHiddenDCacheLatency = 3368191, 161089936, 160530345, 290839515, 165226989, 162904014, 162896207, 162684431, 159119203, 161732296, 163048720, 163798241, 169455428, 159718598, 163565706, 164479574
interval_timer.totalHiddenLongerDCacheLatency = 429322, 27435794, 27087405, 52033550, 27991945, 26356429, 25120713, 25524521, 28169307, 27603802, 25836853, 26996027, 30244019, 26957071, 25431613, 26489447
interval_timer.totalMfenceLatency = 0, 0, 0, 0, 0, 0, 0, 0, 0, 0, 0, 0, 0, 0, 0, 0
interval_timer.totalSerializationLatency = 311, 0, 0, 0, 0, 0, 0, 0, 0, 0, 0, 0, 0, 0, 0, 0
interval_timer.uop_branch = 1677297, 1355751712, 1360895954, 1487061500, 1362638446, 1357670045, 1364037532, 1361933225, 1358881812, 1358391113, 1360694926, 1363876736, 1358379498, 1355810726, 1359097570, 1358372465
interval_timer.uop_fp_addsub = 142907, 21937374, 21914033, 43831919, 21935472, 21914590, 21906952, 21909576, 21907341, 21911469, 21914972, 21907942, 21928066, 21912010, 21905736, 21903462
interval_timer.uop_fp_muldiv = 396469, 11002937, 10962711, 21926577, 10962546, 10962117, 10963536, 10964889, 10960830, 10963074, 10965054, 10964064, 10964460, 10963239, 10962909, 10961754
interval_timer.uop_generic = 6451116, 2053623932, 2060032523, 2266014126, 2062680085, 2055165282, 2064746585, 2061588143, 2057146395, 2056169490, 2060362376, 2064606543, 2056224396, 2052505232, 2057570963, 2056203487
interval_timer.uop_load = 3197392, 2052928096, 2060373080, 2268894343, 2062985959, 2055531893, 2065082035, 2061933345, 2057326329, 2056610792, 2060020098, 2064838451, 2056604327, 2052725692, 2057644649, 2056576904
interval_timer.uop_store = 1849586, 677074975, 679253495, 740401361, 680117043, 677626504, 680830777, 679779241, 678299306, 677961481, 679396922, 680791676, 677970894, 676748743, 678449508, 677980314
interval_timer.uops_pause = 0, 0, 0, 0, 0, 0, 0, 0, 0, 0, 0, 0, 0, 0, 0, 0
interval_timer.uops_total = 13714767, 6172319026, 6193431796, 6828129826, 6201319551, 6178870431, 6207567417, 6198108419, 6184522013, 6182007419, 6193354348, 6206985412, 6182071641, 6170665642, 6185631335, 6181998386
interval_timer.uops_x87 = 0, 0, 0, 0, 0, 0, 0, 0, 0, 0, 0, 0, 0, 0, 0, 0
ipc = 1.22003723805
itlb.access = 1666373, 1355821836, 1360943158, 1487559384, 1362659771, 1357713279, 1364085372, 1361990609, 1358894868, 1358442476, 1360641806, 1363917554, 1358421471, 1355829699, 1359098753, 1358417592
itlb.miss = 127, 42, 35, 35, 39, 35, 35, 35, 35, 35, 35, 30, 30, 35, 35, 35
itlb_cache.access-mru-0 = 1660574, 1355774720, 1360940572, 1487554247, 1362657157, 1357710686, 1364082784, 1361988021, 1358892284, 1358439887, 1360639218, 1363914975, 1358418892, 1355827114, 1359096164, 1358415007
itlb_cache.access-mru-1 = 3455, 47056, 2549, 5098, 2570, 2554, 2550, 2550, 2547, 2551, 2551, 2547, 2547, 2548, 2551, 2548
itlb_cache.access-mru-2 = 2206, 16, 2, 4, 5, 4, 3, 3, 2, 3, 2, 2, 2, 2, 3, 2
itlb_cache.access-mru-3 = 11, 2, 0, 0, 0, 0, 0, 0, 0, 0, 0, 0, 0, 0, 0, 0
L1-D.access-mru-0 = 4954767, 2727952926, 2737607985, 3006242043, 2740994729, 2731181740, 2743900360, 2739764896, 2733471546, 2732509436, 2737215510, 2743651965, 2732490858, 2727487399, 2733989905, 2732539343
L1-D.access-mru-1 = 42294, 735635, 762902, 1394210, 782468, 661528, 685529, 626802, 809319, 756249, 764161, 641524, 772925, 669802, 749012, 704728
L1-D.access-mru-2 = 6661, 40038, 42584, 50411, 48389, 29297, 32399, 56239, 53336, 30932, 21791, 55696, 41029, 44210, 39750, 35231
L1-D.access-mru-3 = 1041, 36786, 39779, 23480, 35045, 21782, 23066, 21924, 33646, 32930, 40078, 24455, 28166, 32579, 38586, 36989
L1-D.backinval-D = 0, 0, 0, 0, 0, 0, 0, 0, 0, 0, 0, 0, 0, 0, 0, 0
L1-D.backinval-E = 19521, 718212, 669738, 1615080, 688924, 683884, 681239, 663247, 658136, 693864, 686434, 668489, 680297, 654760, 660312, 668471
L1-D.backinval-I = 0, 0, 0, 0, 0, 0, 0, 0, 0, 0, 0, 0, 0, 0, 0, 0
L1-D.backinval-M = 18189, 46922, 24013, 74996, 26735, 23542, 25221, 23443, 16604, 21130, 22073, 23947, 23549, 21455, 25455, 25780
L1-D.backinval-O = 0, 0, 0, 0, 0, 0, 0, 0, 0, 0, 0, 0, 0, 0, 0, 0
L1-D.backinval-S = 6745, 465541, 456763, 751096, 457937, 471712, 461612, 467773, 464947, 441725, 447755, 470161, 460540, 478369, 472118, 470137
L1-D.backinval-u = 0, 0, 0, 0, 0, 0, 0, 0, 0, 0, 0, 0, 0, 0, 0, 0
L1-D.coherency-downgrades = 397, 305812, 350976, 446988, 387575, 393582, 403453, 395770, 398766, 393757, 393779, 400295, 394406, 399870, 393139, 398629
L1-D.coherency-invalidates = 137, 404525, 441649, 498639, 463358, 464117, 462108, 462818, 464940, 464606, 466071, 464323, 470641, 457902, 449913, 451107
L1-D.coherency-upgrades = 0, 0, 0, 0, 0, 0, 0, 0, 0, 0, 0, 0, 0, 0, 0, 0
L1-D.coherency-writebacks = 127, 460306, 427011, 406625, 420354, 429915, 444587, 433302, 459673, 426328, 560201, 438525, 415296, 435163, 473644, 433857
L1-D.evict-D = 0, 0, 0, 0, 0, 0, 0, 0, 0, 0, 0, 0, 0, 0, 0, 0
L1-D.evict-E = 0, 0, 0, 0, 0, 0, 0, 0, 0, 0, 0, 0, 0, 0, 0, 0
L1-D.evict-I = 0, 0, 0, 0, 0, 0, 0, 0, 0, 0, 0, 0, 0, 0, 0, 0
L1-D.evict-M = 0, 0, 0, 0, 0, 0, 0, 0, 0, 0, 0, 0, 0, 0, 0, 0
L1-D.evict-O = 0, 0, 0, 0, 0, 0, 0, 0, 0, 0, 0, 0, 0, 0, 0, 0
L1-D.evict-prefetch = 0, 0, 0, 0, 0, 0, 0, 0, 0, 0, 0, 0, 0, 0, 0, 0
L1-D.evict-S = 0, 0, 0, 0, 0, 0, 0, 0, 0, 0, 0, 0, 0, 0, 0, 0
L1-D.evict-u = 0, 0, 0, 0, 0, 0, 0, 0, 0, 0, 0, 0, 0, 0, 0, 0
L1-D.evict-warmup = 0, 0, 0, 0, 0, 0, 0, 0, 0, 0, 0, 0, 0, 0, 0, 0
L1-D.hits-prefetch = 0, 0, 0, 0, 0, 0, 0, 0, 0, 0, 0, 0, 0, 0, 0, 0
L1-D.hits-warmup = 0, 0, 0, 0, 0, 0, 0, 0, 0, 0, 0, 0, 0, 0, 0, 0
L1-D.invalidate-prefetch = 0, 0, 0, 0, 0, 0, 0, 0, 0, 0, 0, 0, 0, 0, 0, 0
L1-D.invalidate-warmup = 0, 0, 0, 0, 0, 0, 0, 0, 0, 0, 0, 0, 0, 0, 0, 0
L1-D.load-misses = 33855, 2036815, 1955671, 3275558, 1996801, 2012199, 2008589, 1988715, 2007860, 1986693, 2058297, 1999455, 1994624, 1989891, 2019376, 1989785
L1-D.load-misses-D = 0, 0, 0, 0, 0, 0, 0, 0, 0, 0, 0, 0, 0, 0, 0, 0
L1-D.load-misses-E = 10, 2569, 1302, 5199, 1305, 1300, 1296, 1303, 1308, 111, 1300, 1298, 1300, 1301, 1298, 1299
L1-D.load-misses-I = 33814, 2013216, 1932016, 3231577, 1972165, 1987656, 1984385, 1965887, 1983060, 1963321, 2034930, 1977144, 1970981, 1964867, 1994597, 1964565
L1-D.load-misses-M = 0, 0, 0, 0, 0, 0, 0, 0, 0, 0, 0, 0, 0, 0, 0, 0
L1-D.load-misses-O = 0, 0, 0, 0, 0, 0, 0, 0, 0, 0, 0, 0, 0, 0, 0, 0
L1-D.load-misses-S = 31, 21030, 22353, 38782, 23331, 23243, 22908, 21525, 23492, 23261, 22067, 21013, 22343, 23723, 23481, 23921
L1-D.load-misses-u = 0, 0, 0, 0, 0, 0, 0, 0, 0, 0, 0, 0, 0, 0, 0, 0
L1-D.load-overlapping-misses = 0, 0, 0, 0, 0, 0, 0, 0, 0, 0, 0, 0, 0, 0, 0, 0
L1-D.loads = 3207668, 2053954454, 2061398777, 2270944730, 2064012749, 2056557522, 2066106261, 2062958366, 2058351634, 2057637605, 2061046782, 2065863227, 2057631150, 2053751810, 2058668785, 2057602119
L1-D.loads-D = 0, 0, 0, 0, 0, 0, 0, 0, 0, 0, 0, 0, 0, 0, 0, 0
L1-D.loads-E = 531698, 11551122, 12325917, 22836814, 12581878, 12092399, 12887311, 11994348, 11179469, 12322133, 12113325, 11471229, 12163386, 11651031, 12470935, 11486282
L1-D.loads-I = 33814, 2013216, 1932016, 3231577, 1972165, 1987656, 1984385, 1965887, 1983060, 1963321, 2034930, 1977144, 1970981, 1964867, 1994597, 1964565
L1-D.loads-M = 2577699, 1352817528, 1357241704, 1481380343, 1358921002, 1354218178, 1360068374, 1358174532, 1355942666, 1354572094, 1357340716, 1360058471, 1354597651, 1352033957, 1355109634, 1354293372
L1-D.loads-O = 0, 0, 0, 0, 0, 0, 0, 0, 0, 0, 0, 0, 0, 0, 0, 0
L1-D.loads-prefetch = 0, 0, 0, 0, 0, 0, 0, 0, 0, 0, 0, 0, 0, 0, 0, 0
L1-D.loads-S = 64457, 687572588, 689899140, 763495996, 690537704, 688259289, 691166191, 690823599, 689246439, 688780057, 689557811, 692356383, 688899132, 688101955, 689093619, 689857900
L1-D.loads-u = 0, 0, 0, 0, 0, 0, 0, 0, 0, 0, 0, 0, 0, 0, 0, 0
L1-D.loads-where-cache-remote = 3114, 400052, 363649, 595605, 394984, 374857, 359774, 361035, 387817, 363523, 353532, 358973, 399896, 390746, 383011, 366631
L1-D.loads-where-dram = 0, 0, 0, 0, 0, 0, 0, 0, 0, 0, 0, 0, 0, 0, 0, 0
L1-D.loads-where-dram-cache = 0, 0, 0, 0, 0, 0, 0, 0, 0, 0, 0, 0, 0, 0, 0, 0
L1-D.loads-where-dram-local = 1352, 0, 0, 0, 1, 0, 0, 0, 1, 0, 0, 0, 2, 0, 0, 0
L1-D.loads-where-dram-remote = 8163, 42, 15, 18, 5, 3, 2, 16, 5, 6, 11, 2, 3, 5, 3, 4
L1-D.loads-where-L1 = 3173813, 2051917639, 2059443106, 2267669172, 2062015948, 2054545323, 2064097672, 2060969651, 2056343774, 2055650912, 2058988485, 2063863772, 2055636526, 2051761919, 2056649409, 2055612334
L1-D.loads-where-L1_S = 0, 0, 0, 0, 0, 0, 0, 0, 0, 0, 0, 0, 0, 0, 0, 0
L1-D.loads-where-L1I = 0, 0, 0, 0, 0, 0, 0, 0, 0, 0, 0, 0, 0, 0, 0, 0
L1-D.loads-where-L2 = 89, 396929, 365929, 358595, 360105, 366557, 375129, 368181, 399683, 361907, 432526, 376078, 357489, 372576, 409308, 371364
L1-D.loads-where-L2_S = 0, 0, 0, 0, 0, 0, 0, 0, 0, 0, 0, 0, 0, 0, 0, 0
L1-D.loads-where-L3 = 0, 0, 0, 0, 0, 0, 0, 0, 0, 0, 0, 0, 0, 0, 0, 0
L1-D.loads-where-L3_S = 0, 0, 0, 0, 0, 0, 0, 0, 0, 0, 0, 0, 0, 0, 0, 0
L1-D.loads-where-L4 = 0, 0, 0, 0, 0, 0, 0, 0, 0, 0, 0, 0, 0, 0, 0, 0
L1-D.loads-where-L4_S = 0, 0, 0, 0, 0, 0, 0, 0, 0, 0, 0, 0, 0, 0, 0, 0
L1-D.loads-where-miss = 0, 0, 0, 0, 0, 0, 0, 0, 0, 0, 0, 0, 0, 0, 0, 0
L1-D.loads-where-nuca-cache = 0, 0, 0, 0, 0, 0, 0, 0, 0, 0, 0, 0, 0, 0, 0, 0
L1-D.loads-where-nuca-local = 1741, 73054, 74591, 110532, 70673, 52136, 70182, 49507, 77836, 13791, 73223, 93579, 277305, 56600, 75349, 51904
L1-D.loads-where-nuca-remote = 19396, 1166738, 1151487, 2210808, 1171033, 1218646, 1203502, 1209976, 1142518, 1247466, 1199005, 1170823, 959929, 1169964, 1151705, 1199882
L1-D.loads-where-predicate-false = 0, 0, 0, 0, 0, 0, 0, 0, 0, 0, 0, 0, 0, 0, 0, 0
L1-D.loads-where-prefetch-no-mapping = 0, 0, 0, 0, 0, 0, 0, 0, 0, 0, 0, 0, 0, 0, 0, 0
L1-D.loads-where-unknown = 0, 0, 0, 0, 0, 0, 0, 0, 0, 0, 0, 0, 0, 0, 0, 0
L1-D.mshr-latency = 0, 0, 0, 0, 0, 0, 0, 0, 0, 0, 0, 0, 0, 0, 0, 0
L1-D.next_read.no-free-slots = 0, 0, 0, 0, 0, 0, 0, 0, 0, 0, 0, 0, 0, 0, 0, 0
L1-D.next_read.num-barriers = 0, 0, 0, 0, 0, 0, 0, 0, 0, 0, 0, 0, 0, 0, 0, 0
L1-D.next_read.num-requests = 0, 0, 0, 0, 0, 0, 0, 0, 0, 0, 0, 0, 0, 0, 0, 0
L1-D.next_read.requests-out-of-order = 0, 0, 0, 0, 0, 0, 0, 0, 0, 0, 0, 0, 0, 0, 0, 0
L1-D.next_read.requests-simultaneous = 0, 0, 0, 0, 0, 0, 0, 0, 0, 0, 0, 0, 0, 0, 0, 0
L1-D.next_read.total-barrier-delay = 0, 0, 0, 0, 0, 0, 0, 0, 0, 0, 0, 0, 0, 0, 0, 0
L1-D.next_read.total-delay = 0, 0, 0, 0, 0, 0, 0, 0, 0, 0, 0, 0, 0, 0, 0, 0
L1-D.prefetches = 0, 0, 0, 0, 0, 0, 0, 0, 0, 0, 0, 0, 0, 0, 0, 0
L1-D.qbs-query-latency = 0, 0, 0, 0, 0, 0, 0, 0, 0, 0, 0, 0, 0, 0, 0, 0
L1-D.snoop-latency = 0, 0, 0, 0, 0, 0, 0, 0, 0, 0, 0, 0, 0, 0, 0, 0
L1-D.store-misses = 18636, 227229, 243351, 360389, 272360, 277480, 287095, 279031, 275233, 282846, 343867, 281808, 274442, 276672, 281664, 276357
L1-D.store-misses-D = 0, 0, 0, 0, 0, 0, 0, 0, 0, 0, 0, 0, 0, 0, 0, 0
L1-D.store-misses-E = 7415, 23084, 10270, 32135, 10347, 8140, 9608, 10095, 6421, 9530, 9973, 10097, 9824, 9359, 9006, 9696
L1-D.store-misses-I = 11133, 82106, 86915, 114652, 84881, 85348, 90142, 84473, 81021, 84154, 147083, 88027, 79226, 82573, 86655, 84679
L1-D.store-misses-M = 0, 0, 0, 0, 0, 0, 0, 0, 0, 0, 0, 0, 0, 0, 0, 0
L1-D.store-misses-O = 0, 0, 0, 0, 0, 0, 0, 0, 0, 0, 0, 0, 0, 0, 0, 0
L1-D.store-misses-S = 88, 122039, 146166, 213602, 177132, 183992, 187345, 184463, 187791, 189162, 186811, 183684, 185392, 184740, 186003, 181982
L1-D.store-misses-u = 0, 0, 0, 0, 0, 0, 0, 0, 0, 0, 0, 0, 0, 0, 0, 0
L1-D.store-overlapping-misses = 0, 0, 0, 0, 0, 0, 0, 0, 0, 0, 0, 0, 0, 0, 0, 0
L1-D.stores = 1849586, 677074975, 679253495, 740401361, 680117043, 677626504, 680830777, 679779241, 678299306, 677961481, 679396922, 680791676, 677970894, 676748743, 678449508, 677980314
L1-D.stores-D = 0, 0, 0, 0, 0, 0, 0, 0, 0, 0, 0, 0, 0, 0, 0, 0
L1-D.stores-E = 7415, 23084, 10270, 32135, 10347, 8140, 9608, 10095, 6421, 9530, 9973, 10097, 9824, 9359, 9006, 9696
L1-D.stores-I = 11133, 82106, 86915, 114652, 84881, 85348, 90142, 84473, 81021, 84154, 147083, 88027, 79226, 82573, 86655, 84679
L1-D.stores-M = 1830950, 676847746, 679010144, 740040972, 679844683, 677349024, 680543682, 679500210, 678024073, 677678635, 679053055, 680509868, 677696452, 676472071, 678167844, 677703957
L1-D.stores-O = 0, 0, 0, 0, 0, 0, 0, 0, 0, 0, 0, 0, 0, 0, 0, 0
L1-D.stores-prefetch = 0, 0, 0, 0, 0, 0, 0, 0, 0, 0, 0, 0, 0, 0, 0, 0
L1-D.stores-S = 88, 122039, 146166, 213602, 177132, 183992, 187345, 184463, 187791, 189162, 186811, 183684, 185392, 184740, 186003, 181982
L1-D.stores-u = 0, 0, 0, 0, 0, 0, 0, 0, 0, 0, 0, 0, 0, 0, 0, 0
L1-D.stores-where-cache-remote = 0, 0, 0, 0, 0, 0, 0, 0, 0, 0, 0, 0, 0, 0, 0, 0
L1-D.stores-where-dram = 0, 0, 0, 0, 0, 0, 0, 0, 0, 0, 0, 0, 0, 0, 0, 0
L1-D.stores-where-dram-cache = 0, 0, 0, 0, 0, 0, 0, 0, 0, 0, 0, 0, 0, 0, 0, 0
L1-D.stores-where-dram-local = 0, 0, 0, 0, 0, 0, 0, 0, 0, 0, 0, 0, 0, 0, 0, 0
L1-D.stores-where-dram-remote = 0, 0, 0, 0, 0, 0, 0, 0, 0, 0, 0, 0, 0, 0, 0, 0
L1-D.stores-where-L1 = 1830950, 676847746, 679010144, 740040972, 679844683, 677349024, 680543682, 679500210, 678024073, 677678635, 679053055, 680509868, 677696452, 676472071, 678167844, 677703957
L1-D.stores-where-L1_S = 0, 0, 0, 0, 0, 0, 0, 0, 0, 0, 0, 0, 0, 0, 0, 0
L1-D.stores-where-L1I = 0, 0, 0, 0, 0, 0, 0, 0, 0, 0, 0, 0, 0, 0, 0, 0
L1-D.stores-where-L2 = 18636, 227229, 243351, 360389, 272360, 277480, 287095, 279031, 275233, 282846, 343867, 281808, 274442, 276672, 281664, 276357
L1-D.stores-where-L2_S = 0, 0, 0, 0, 0, 0, 0, 0, 0, 0, 0, 0, 0, 0, 0, 0
L1-D.stores-where-L3 = 0, 0, 0, 0, 0, 0, 0, 0, 0, 0, 0, 0, 0, 0, 0, 0
L1-D.stores-where-L3_S = 0, 0, 0, 0, 0, 0, 0, 0, 0, 0, 0, 0, 0, 0, 0, 0
L1-D.stores-where-L4 = 0, 0, 0, 0, 0, 0, 0, 0, 0, 0, 0, 0, 0, 0, 0, 0
L1-D.stores-where-L4_S = 0, 0, 0, 0, 0, 0, 0, 0, 0, 0, 0, 0, 0, 0, 0, 0
L1-D.stores-where-miss = 0, 0, 0, 0, 0, 0, 0, 0, 0, 0, 0, 0, 0, 0, 0, 0
L1-D.stores-where-nuca-cache = 0, 0, 0, 0, 0, 0, 0, 0, 0, 0, 0, 0, 0, 0, 0, 0
L1-D.stores-where-nuca-local = 0, 0, 0, 0, 0, 0, 0, 0, 0, 0, 0, 0, 0, 0, 0, 0
L1-D.stores-where-nuca-remote = 0, 0, 0, 0, 0, 0, 0, 0, 0, 0, 0, 0, 0, 0, 0, 0
L1-D.stores-where-predicate-false = 0, 0, 0, 0, 0, 0, 0, 0, 0, 0, 0, 0, 0, 0, 0, 0
L1-D.stores-where-prefetch-no-mapping = 0, 0, 0, 0, 0, 0, 0, 0, 0, 0, 0, 0, 0, 0, 0, 0
L1-D.stores-where-unknown = 0, 0, 0, 0, 0, 0, 0, 0, 0, 0, 0, 0, 0, 0, 0, 0
L1-D.total-latency = 7470384717747, 65826730413258, 66205615777075, 97693645993608, 67264962906341, 67264312609938, 68475835537345, 68899659227687, 65211056973635, 64538392631410, 67805858745652, 67516232945662, 69641958552992, 65773460126331, 66957282453480, 67495292390920
L1-I.access-mru-0 = 1616503, 1355472363, 1360676822, 1487072639, 1362389415, 1357436750, 1363829273, 1361724368, 1358615527, 1358173015, 1360379518, 1363660635, 1358158388, 1355564079, 1358827966, 1358144407
L1-I.access-mru-1 = 36487, 110857, 112003, 220184, 114599, 113200, 110051, 111048, 117896, 116169, 116238, 109579, 110044, 115581, 115047, 112585
L1-I.access-mru-2 = 5526, 17947, 4421, 7154, 6356, 3948, 3130, 3070, 3963, 4005, 3853, 3084, 6223, 3977, 3109, 3107
L1-I.access-mru-3 = 705, 4, 11, 31, 18, 10, 10, 11, 9, 10, 10, 11, 1, 9, 10, 10
L1-I.backinval-D = 0, 0, 0, 0, 0, 0, 0, 0, 0, 0, 0, 0, 0, 0, 0, 0
L1-I.backinval-E = 6540, 49225, 71, 3993, 195, 76, 72, 86, 67, 110, 79, 84, 71, 90, 78, 66
L1-I.backinval-I = 0, 0, 0, 0, 0, 0, 0, 0, 0, 0, 0, 0, 0, 0, 0, 0
L1-I.backinval-M = 0, 0, 0, 0, 0, 0, 0, 0, 0, 0, 0, 0, 0, 0, 0, 0
L1-I.backinval-O = 0, 0, 0, 0, 0, 0, 0, 0, 0, 0, 0, 0, 0, 0, 0, 0
L1-I.backinval-S = 328, 171260, 149704, 255215, 148971, 159133, 142678, 151869, 157274, 149037, 141980, 144039, 146618, 145802, 152387, 157290
L1-I.backinval-u = 0, 0, 0, 0, 0, 0, 0, 0, 0, 0, 0, 0, 0, 0, 0, 0
L1-I.coherency-downgrades = 98, 4333, 1939, 18467, 3208, 1862, 2029, 1525, 2492, 4816, 2099, 1762, 2584, 2492, 2404, 1745
L1-I.coherency-invalidates = 0, 0, 0, 0, 0, 0, 0, 0, 0, 0, 0, 0, 0, 0, 0, 0
L1-I.coherency-upgrades = 0, 0, 0, 0, 0, 0, 0, 0, 0, 0, 0, 0, 0, 0, 0, 0
L1-I.coherency-writebacks = 0, 0, 0, 0, 0, 0, 0, 0, 0, 0, 0, 0, 0, 0, 0, 0
L1-I.evict-D = 0, 0, 0, 0, 0, 0, 0, 0, 0, 0, 0, 0, 0, 0, 0, 0
L1-I.evict-E = 0, 0, 0, 0, 0, 0, 0, 0, 0, 0, 0, 0, 0, 0, 0, 0
L1-I.evict-I = 0, 0, 0, 0, 0, 0, 0, 0, 0, 0, 0, 0, 0, 0, 0, 0
L1-I.evict-M = 0, 0, 0, 0, 0, 0, 0, 0, 0, 0, 0, 0, 0, 0, 0, 0
L1-I.evict-O = 0, 0, 0, 0, 0, 0, 0, 0, 0, 0, 0, 0, 0, 0, 0, 0
L1-I.evict-prefetch = 0, 0, 0, 0, 0, 0, 0, 0, 0, 0, 0, 0, 0, 0, 0, 0
L1-I.evict-S = 0, 0, 0, 0, 0, 0, 0, 0, 0, 0, 0, 0, 0, 0, 0, 0
L1-I.evict-u = 0, 0, 0, 0, 0, 0, 0, 0, 0, 0, 0, 0, 0, 0, 0, 0
L1-I.evict-warmup = 0, 0, 0, 0, 0, 0, 0, 0, 0, 0, 0, 0, 0, 0, 0, 0
L1-I.hits-prefetch = 0, 0, 0, 0, 0, 0, 0, 0, 0, 0, 0, 0, 0, 0, 0, 0
L1-I.hits-warmup = 0, 0, 0, 0, 0, 0, 0, 0, 0, 0, 0, 0, 0, 0, 0, 0
L1-I.invalidate-prefetch = 0, 0, 0, 0, 0, 0, 0, 0, 0, 0, 0, 0, 0, 0, 0, 0
L1-I.invalidate-warmup = 0, 0, 0, 0, 0, 0, 0, 0, 0, 0, 0, 0, 0, 0, 0, 0
L1-I.load-misses = 7152, 220665, 149901, 259376, 149383, 159371, 142908, 152112, 157473, 149277, 142187, 144245, 146815, 146053, 152621, 157483
L1-I.load-misses-D = 0, 0, 0, 0, 0, 0, 0, 0, 0, 0, 0, 0, 0, 0, 0, 0
L1-I.load-misses-E = 0, 0, 0, 0, 0, 0, 0, 0, 0, 0, 0, 0, 0, 0, 0, 0
L1-I.load-misses-I = 7152, 220665, 149901, 259376, 149383, 159371, 142908, 152112, 157473, 149277, 142187, 144245, 146815, 146053, 152621, 157483
L1-I.load-misses-M = 0, 0, 0, 0, 0, 0, 0, 0, 0, 0, 0, 0, 0, 0, 0, 0
L1-I.load-misses-O = 0, 0, 0, 0, 0, 0, 0, 0, 0, 0, 0, 0, 0, 0, 0, 0
L1-I.load-misses-S = 0, 0, 0, 0, 0, 0, 0, 0, 0, 0, 0, 0, 0, 0, 0, 0
L1-I.load-misses-u = 0, 0, 0, 0, 0, 0, 0, 0, 0, 0, 0, 0, 0, 0, 0, 0
L1-I.load-overlapping-misses = 0, 0, 0, 0, 0, 0, 0, 0, 0, 0, 0, 0, 0, 0, 0, 0
L1-I.loads = 1666373, 1355821836, 1360943158, 1487559384, 1362659771, 1357713279, 1364085372, 1361990609, 1358894868, 1358442476, 1360641806, 1363917554, 1358421471, 1355829699, 1359098753, 1358417592
L1-I.loads-D = 0, 0, 0, 0, 0, 0, 0, 0, 0, 0, 0, 0, 0, 0, 0, 0
L1-I.loads-E = 1652907, 582151, 5382, 149257, 7370, 8692, 9446, 4512, 7865, 37499, 7905, 7054, 3610, 10628, 7930, 3952
L1-I.loads-I = 7152, 220665, 149901, 259376, 149383, 159371, 142908, 152112, 157473, 149277, 142187, 144245, 146815, 146053, 152621, 157483
L1-I.loads-M = 0, 0, 0, 0, 0, 0, 0, 0, 0, 0, 0, 0, 0, 0, 0, 0
L1-I.loads-O = 0, 0, 0, 0, 0, 0, 0, 0, 0, 0, 0, 0, 0, 0, 0, 0
L1-I.loads-prefetch = 0, 0, 0, 0, 0, 0, 0, 0, 0, 0, 0, 0, 0, 0, 0, 0
L1-I.loads-S = 6314, 1355019020, 1360787875, 1487150751, 1362503018, 1357545216, 1363933018, 1361833985, 1358729530, 1358255700, 1360491714, 1363766255, 1358271046, 1355673018, 1358938202, 1358256157
L1-I.loads-u = 0, 0, 0, 0, 0, 0, 0, 0, 0, 0, 0, 0, 0, 0, 0, 0
L1-I.loads-where-cache-remote = 18, 3930, 2810, 8220, 4221, 3066, 2628, 2093, 3635, 4305, 3120, 2444, 3749, 3558, 3456, 2600
L1-I.loads-where-dram = 0, 0, 0, 0, 0, 0, 0, 0, 0, 0, 0, 0, 0, 0, 0, 0
L1-I.loads-where-dram-cache = 0, 0, 0, 0, 0, 0, 0, 0, 0, 0, 0, 0, 0, 0, 0, 0
L1-I.loads-where-dram-local = 353, 0, 0, 0, 5, 0, 0, 0, 7, 0, 0, 0, 4, 0, 0, 0
L1-I.loads-where-dram-remote = 1033, 154, 2, 66, 13, 0, 21, 8, 21, 20, 14, 10, 8, 1, 4, 27
L1-I.loads-where-L1 = 0, 0, 0, 0, 0, 0, 0, 0, 0, 0, 0, 0, 0, 0, 0, 0
L1-I.loads-where-L1_S = 0, 0, 0, 0, 0, 0, 0, 0, 0, 0, 0, 0, 0, 0, 0, 0
L1-I.loads-where-L1I = 1659221, 1355601171, 1360793257, 1487300008, 1362510388, 1357553908, 1363942464, 1361838497, 1358737395, 1358293199, 1360499619, 1363773309, 1358274656, 1355683646, 1358946132, 1358260109
L1-I.loads-where-L2 = 0, 0, 0, 0, 0, 0, 0, 0, 0, 0, 0, 0, 0, 0, 0, 0
L1-I.loads-where-L2_S = 0, 0, 0, 0, 0, 0, 0, 0, 0, 0, 0, 0, 0, 0, 0, 0
L1-I.loads-where-L3 = 0, 0, 0, 0, 0, 0, 0, 0, 0, 0, 0, 0, 0, 0, 0, 0
L1-I.loads-where-L3_S = 0, 0, 0, 0, 0, 0, 0, 0, 0, 0, 0, 0, 0, 0, 0, 0
L1-I.loads-where-L4 = 0, 0, 0, 0, 0, 0, 0, 0, 0, 0, 0, 0, 0, 0, 0, 0
L1-I.loads-where-L4_S = 0, 0, 0, 0, 0, 0, 0, 0, 0, 0, 0, 0, 0, 0, 0, 0
L1-I.loads-where-miss = 0, 0, 0, 0, 0, 0, 0, 0, 0, 0, 0, 0, 0, 0, 0, 0
L1-I.loads-where-nuca-cache = 0, 0, 0, 0, 0, 0, 0, 0, 0, 0, 0, 0, 0, 0, 0, 0
L1-I.loads-where-nuca-local = 1242, 12645, 10424, 15918, 7378, 6978, 6355, 8088, 10927, 2780, 5397, 6409, 11803, 9318, 11907, 9672
L1-I.loads-where-nuca-remote = 4506, 203936, 136665, 235172, 137766, 149327, 133904, 141923, 142883, 142172, 133656, 135382, 131251, 133176, 137254, 145184
L1-I.loads-where-predicate-false = 0, 0, 0, 0, 0, 0, 0, 0, 0, 0, 0, 0, 0, 0, 0, 0
L1-I.loads-where-prefetch-no-mapping = 0, 0, 0, 0, 0, 0, 0, 0, 0, 0, 0, 0, 0, 0, 0, 0
L1-I.loads-where-unknown = 0, 0, 0, 0, 0, 0, 0, 0, 0, 0, 0, 0, 0, 0, 0, 0
L1-I.mshr-latency = 0, 0, 0, 0, 0, 0, 0, 0, 0, 0, 0, 0, 0, 0, 0, 0
L1-I.next_read.no-free-slots = 0, 0, 0, 0, 0, 0, 0, 0, 0, 0, 0, 0, 0, 0, 0, 0
L1-I.next_read.num-barriers = 0, 0, 0, 0, 0, 0, 0, 0, 0, 0, 0, 0, 0, 0, 0, 0
L1-I.next_read.num-requests = 0, 0, 0, 0, 0, 0, 0, 0, 0, 0, 0, 0, 0, 0, 0, 0
L1-I.next_read.requests-out-of-order = 0, 0, 0, 0, 0, 0, 0, 0, 0, 0, 0, 0, 0, 0, 0, 0
L1-I.next_read.requests-simultaneous = 0, 0, 0, 0, 0, 0, 0, 0, 0, 0, 0, 0, 0, 0, 0, 0
L1-I.next_read.total-barrier-delay = 0, 0, 0, 0, 0, 0, 0, 0, 0, 0, 0, 0, 0, 0, 0, 0
L1-I.next_read.total-delay = 0, 0, 0, 0, 0, 0, 0, 0, 0, 0, 0, 0, 0, 0, 0, 0
L1-I.prefetches = 0, 0, 0, 0, 0, 0, 0, 0, 0, 0, 0, 0, 0, 0, 0, 0
L1-I.qbs-query-latency = 0, 0, 0, 0, 0, 0, 0, 0, 0, 0, 0, 0, 0, 0, 0, 0
L1-I.snoop-latency = 0, 0, 0, 0, 0, 0, 0, 0, 0, 0, 0, 0, 0, 0, 0, 0
L1-I.store-misses = 0, 0, 0, 0, 0, 0, 0, 0, 0, 0, 0, 0, 0, 0, 0, 0
L1-I.store-misses-D = 0, 0, 0, 0, 0, 0, 0, 0, 0, 0, 0, 0, 0, 0, 0, 0
L1-I.store-misses-E = 0, 0, 0, 0, 0, 0, 0, 0, 0, 0, 0, 0, 0, 0, 0, 0
L1-I.store-misses-I = 0, 0, 0, 0, 0, 0, 0, 0, 0, 0, 0, 0, 0, 0, 0, 0
L1-I.store-misses-M = 0, 0, 0, 0, 0, 0, 0, 0, 0, 0, 0, 0, 0, 0, 0, 0
L1-I.store-misses-O = 0, 0, 0, 0, 0, 0, 0, 0, 0, 0, 0, 0, 0, 0, 0, 0
L1-I.store-misses-S = 0, 0, 0, 0, 0, 0, 0, 0, 0, 0, 0, 0, 0, 0, 0, 0
L1-I.store-misses-u = 0, 0, 0, 0, 0, 0, 0, 0, 0, 0, 0, 0, 0, 0, 0, 0
L1-I.store-overlapping-misses = 0, 0, 0, 0, 0, 0, 0, 0, 0, 0, 0, 0, 0, 0, 0, 0
L1-I.stores = 0, 0, 0, 0, 0, 0, 0, 0, 0, 0, 0, 0, 0, 0, 0, 0
L1-I.stores-D = 0, 0, 0, 0, 0, 0, 0, 0, 0, 0, 0, 0, 0, 0, 0, 0
L1-I.stores-E = 0, 0, 0, 0, 0, 0, 0, 0, 0, 0, 0, 0, 0, 0, 0, 0
L1-I.stores-I = 0, 0, 0, 0, 0, 0, 0, 0, 0, 0, 0, 0, 0, 0, 0, 0
L1-I.stores-M = 0, 0, 0, 0, 0, 0, 0, 0, 0, 0, 0, 0, 0, 0, 0, 0
L1-I.stores-O = 0, 0, 0, 0, 0, 0, 0, 0, 0, 0, 0, 0, 0, 0, 0, 0
L1-I.stores-prefetch = 0, 0, 0, 0, 0, 0, 0, 0, 0, 0, 0, 0, 0, 0, 0, 0
L1-I.stores-S = 0, 0, 0, 0, 0, 0, 0, 0, 0, 0, 0, 0, 0, 0, 0, 0
L1-I.stores-u = 0, 0, 0, 0, 0, 0, 0, 0, 0, 0, 0, 0, 0, 0, 0, 0
L1-I.stores-where-cache-remote = 0, 0, 0, 0, 0, 0, 0, 0, 0, 0, 0, 0, 0, 0, 0, 0
L1-I.stores-where-dram = 0, 0, 0, 0, 0, 0, 0, 0, 0, 0, 0, 0, 0, 0, 0, 0
L1-I.stores-where-dram-cache = 0, 0, 0, 0, 0, 0, 0, 0, 0, 0, 0, 0, 0, 0, 0, 0
L1-I.stores-where-dram-local = 0, 0, 0, 0, 0, 0, 0, 0, 0, 0, 0, 0, 0, 0, 0, 0
L1-I.stores-where-dram-remote = 0, 0, 0, 0, 0, 0, 0, 0, 0, 0, 0, 0, 0, 0, 0, 0
L1-I.stores-where-L1 = 0, 0, 0, 0, 0, 0, 0, 0, 0, 0, 0, 0, 0, 0, 0, 0
L1-I.stores-where-L1_S = 0, 0, 0, 0, 0, 0, 0, 0, 0, 0, 0, 0, 0, 0, 0, 0
L1-I.stores-where-L1I = 0, 0, 0, 0, 0, 0, 0, 0, 0, 0, 0, 0, 0, 0, 0, 0
L1-I.stores-where-L2 = 0, 0, 0, 0, 0, 0, 0, 0, 0, 0, 0, 0, 0, 0, 0, 0
L1-I.stores-where-L2_S = 0, 0, 0, 0, 0, 0, 0, 0, 0, 0, 0, 0, 0, 0, 0, 0
L1-I.stores-where-L3 = 0, 0, 0, 0, 0, 0, 0, 0, 0, 0, 0, 0, 0, 0, 0, 0
L1-I.stores-where-L3_S = 0, 0, 0, 0, 0, 0, 0, 0, 0, 0, 0, 0, 0, 0, 0, 0
L1-I.stores-where-L4 = 0, 0, 0, 0, 0, 0, 0, 0, 0, 0, 0, 0, 0, 0, 0, 0
L1-I.stores-where-L4_S = 0, 0, 0, 0, 0, 0, 0, 0, 0, 0, 0, 0, 0, 0, 0, 0
L1-I.stores-where-miss = 0, 0, 0, 0, 0, 0, 0, 0, 0, 0, 0, 0, 0, 0, 0, 0
L1-I.stores-where-nuca-cache = 0, 0, 0, 0, 0, 0, 0, 0, 0, 0, 0, 0, 0, 0, 0, 0
L1-I.stores-where-nuca-local = 0, 0, 0, 0, 0, 0, 0, 0, 0, 0, 0, 0, 0, 0, 0, 0
L1-I.stores-where-nuca-remote = 0, 0, 0, 0, 0, 0, 0, 0, 0, 0, 0, 0, 0, 0, 0, 0
L1-I.stores-where-predicate-false = 0, 0, 0, 0, 0, 0, 0, 0, 0, 0, 0, 0, 0, 0, 0, 0
L1-I.stores-where-prefetch-no-mapping = 0, 0, 0, 0, 0, 0, 0, 0, 0, 0, 0, 0, 0, 0, 0, 0
L1-I.stores-where-unknown = 0, 0, 0, 0, 0, 0, 0, 0, 0, 0, 0, 0, 0, 0, 0, 0
L1-I.total-latency = 330735242098, 6135522087268, 4097141792934, 7114804513139, 4198994913705, 4221383924870, 4000427758739, 4063650679767, 4141709660888, 4062448265363, 4342063018538, 4167256600276, 4576775953896, 4134532042872, 4267763708534, 4391093042609
l1misslat = 29316573.1251
L2.access-mru-0 = 1, 0, 0, 0, 0, 0, 0, 0, 0, 0, 0, 0, 0, 0, 0, 0
L2.access-mru-1 = 0, 0, 0, 0, 0, 0, 0, 0, 0, 0, 0, 0, 0, 0, 0, 0
L2.access-mru-2 = 1, 0, 0, 0, 0, 0, 0, 0, 0, 0, 0, 0, 0, 0, 0, 0
L2.access-mru-3 = 0, 0, 0, 0, 0, 0, 0, 0, 0, 0, 0, 0, 0, 0, 0, 0
L2.backinval-D = 0, 0, 0, 0, 0, 0, 0, 0, 0, 0, 0, 0, 0, 0, 0, 0
L2.backinval-E = 0, 0, 0, 0, 0, 0, 0, 0, 0, 0, 0, 0, 0, 0, 0, 0
L2.backinval-I = 0, 0, 0, 0, 0, 0, 0, 0, 0, 0, 0, 0, 0, 0, 0, 0
L2.backinval-M = 0, 0, 0, 0, 0, 0, 0, 0, 0, 0, 0, 0, 0, 0, 0, 0
L2.backinval-O = 0, 0, 0, 0, 0, 0, 0, 0, 0, 0, 0, 0, 0, 0, 0, 0
L2.backinval-S = 0, 0, 0, 0, 0, 0, 0, 0, 0, 0, 0, 0, 0, 0, 0, 0
L2.backinval-u = 0, 0, 0, 0, 0, 0, 0, 0, 0, 0, 0, 0, 0, 0, 0, 0
L2.coherency-downgrades = 492, 310145, 352915, 465455, 390783, 395444, 405482, 397295, 401258, 398573, 395878, 402057, 396990, 402362, 395543, 400374
L2.coherency-invalidates = 137, 428306, 472267, 529572, 500353, 500548, 499724, 500064, 501596, 498916, 498995, 497838, 507624, 493709, 487478, 490524
L2.coherency-upgrades = 119, 118786, 137289, 220921, 162921, 170305, 172057, 168178, 174047, 177567, 175069, 170539, 170272, 172112, 171392, 166009
L2.coherency-writebacks = 127, 460306, 427011, 406625, 420354, 429915, 444587, 433302, 459673, 426328, 560201, 438525, 415296, 435163, 473644, 433857
L2.evict-D = 0, 0, 0, 0, 0, 0, 0, 0, 0, 0, 0, 0, 0, 0, 0, 0
L2.evict-E = 26061, 767437, 669809, 1619073, 689119, 683960, 681311, 663333, 658203, 693974, 686513, 668573, 680368, 654850, 660390, 668537
L2.evict-I = 0, 0, 0, 0, 0, 0, 0, 0, 0, 0, 0, 0, 0, 0, 0, 0
L2.evict-M = 18189, 46922, 24013, 74996, 26735, 23542, 25221, 23443, 16604, 21130, 22073, 23947, 23549, 21455, 25455, 25780
L2.evict-O = 0, 0, 0, 0, 0, 0, 0, 0, 0, 0, 0, 0, 0, 0, 0, 0
L2.evict-prefetch = 0, 0, 0, 0, 0, 0, 0, 0, 0, 0, 0, 0, 0, 0, 0, 0
L2.evict-S = 7071, 636801, 606467, 1006311, 606908, 630845, 604290, 619642, 622221, 590762, 589735, 614200, 607158, 624171, 624505, 627427
L2.evict-u = 0, 0, 0, 0, 0, 0, 0, 0, 0, 0, 0, 0, 0, 0, 0, 0
L2.evict-warmup = 0, 0, 0, 0, 0, 0, 0, 0, 0, 0, 0, 0, 0, 0, 0, 0
L2.hits-prefetch = 0, 0, 0, 0, 0, 0, 0, 0, 0, 0, 0, 0, 0, 0, 0, 0
L2.hits-warmup = 0, 0, 0, 0, 0, 0, 0, 0, 0, 0, 0, 0, 0, 0, 0, 0
L2.invalidate-prefetch = 0, 0, 0, 0, 0, 0, 0, 0, 0, 0, 0, 0, 0, 0, 0, 0
L2.invalidate-warmup = 0, 0, 0, 0, 0, 0, 0, 0, 0, 0, 0, 0, 0, 0, 0, 0
L2.load-misses = 41005, 2257480, 2105572, 3534934, 2146184, 2171570, 2151497, 2140827, 2165333, 2135970, 2200484, 2143700, 2141439, 2135944, 2171997, 2147268
L2.load-misses-D = 0, 0, 0, 0, 0, 0, 0, 0, 0, 0, 0, 0, 0, 0, 0, 0
L2.load-misses-E = 10, 2569, 1302, 5199, 1305, 1300, 1296, 1303, 1308, 111, 1300, 1298, 1300, 1301, 1298, 1299
L2.load-misses-I = 40964, 2233925, 2081974, 3490994, 2121576, 2147053, 2127333, 2118036, 2140572, 2112642, 2177155, 2121416, 2117843, 2110947, 2147246, 2122079
L2.load-misses-M = 0, 0, 0, 0, 0, 0, 0, 0, 0, 0, 0, 0, 0, 0, 0, 0
L2.load-misses-O = 0, 0, 0, 0, 0, 0, 0, 0, 0, 0, 0, 0, 0, 0, 0, 0
L2.load-misses-S = 31, 20986, 22296, 38741, 23303, 23217, 22868, 21488, 23453, 23217, 22029, 20986, 22296, 23696, 23453, 23890
L2.load-misses-u = 0, 0, 0, 0, 0, 0, 0, 0, 0, 0, 0, 0, 0, 0, 0, 0
L2.load-overlapping-misses = 25, 240597, 241149, 228028, 228214, 236689, 246507, 240970, 236467, 231921, 260620, 238885, 233964, 227236, 243313, 233722
L2.loads = 41007, 2257480, 2105572, 3534934, 2146184, 2171570, 2151497, 2140827, 2165333, 2135970, 2200484, 2143700, 2141439, 2135944, 2171997, 2147268
L2.loads-D = 0, 0, 0, 0, 0, 0, 0, 0, 0, 0, 0, 0, 0, 0, 0, 0
L2.loads-E = 12, 2569, 1302, 5199, 1305, 1300, 1296, 1303, 1308, 111, 1300, 1298, 1300, 1301, 1298, 1299
L2.loads-I = 40964, 2233925, 2081974, 3490994, 2121576, 2147053, 2127333, 2118036, 2140572, 2112642, 2177155, 2121416, 2117843, 2110947, 2147246, 2122079
L2.loads-M = 0, 0, 0, 0, 0, 0, 0, 0, 0, 0, 0, 0, 0, 0, 0, 0
L2.loads-O = 0, 0, 0, 0, 0, 0, 0, 0, 0, 0, 0, 0, 0, 0, 0, 0
L2.loads-prefetch = 0, 0, 0, 0, 0, 0, 0, 0, 0, 0, 0, 0, 0, 0, 0, 0
L2.loads-S = 31, 20986, 22296, 38741, 23303, 23217, 22868, 21488, 23453, 23217, 22029, 20986, 22296, 23696, 23453, 23890
L2.loads-u = 0, 0, 0, 0, 0, 0, 0, 0, 0, 0, 0, 0, 0, 0, 0, 0
L2.mshr-latency = 0, 0, 0, 0, 0, 0, 0, 0, 0, 0, 0, 0, 0, 0, 0, 0
L2.next_read.no-free-slots = 0, 0, 0, 0, 0, 0, 0, 0, 0, 0, 0, 0, 0, 0, 0, 0
L2.next_read.num-barriers = 0, 0, 0, 0, 0, 0, 0, 0, 0, 0, 0, 0, 0, 0, 0, 0
L2.next_read.num-requests = 0, 0, 0, 0, 0, 0, 0, 0, 0, 0, 0, 0, 0, 0, 0, 0
L2.next_read.requests-out-of-order = 0, 0, 0, 0, 0, 0, 0, 0, 0, 0, 0, 0, 0, 0, 0, 0
L2.next_read.requests-simultaneous = 0, 0, 0, 0, 0, 0, 0, 0, 0, 0, 0, 0, 0, 0, 0, 0
L2.next_read.total-barrier-delay = 0, 0, 0, 0, 0, 0, 0, 0, 0, 0, 0, 0, 0, 0, 0, 0
L2.next_read.total-delay = 0, 0, 0, 0, 0, 0, 0, 0, 0, 0, 0, 0, 0, 0, 0, 0
L2.prefetches = 0, 0, 0, 0, 0, 0, 0, 0, 0, 0, 0, 0, 0, 0, 0, 0
L2.qbs-query-latency = 0, 0, 0, 0, 0, 0, 0, 0, 0, 0, 0, 0, 0, 0, 0, 0
L2.snoop-latency = 0, 0, 0, 0, 0, 0, 0, 0, 0, 0, 0, 0, 0, 0, 0, 0
L2.store-misses = 18636, 227229, 243351, 360389, 272360, 277480, 287095, 279031, 275233, 282846, 343867, 281808, 274442, 276672, 281664, 276357
L2.store-misses-D = 0, 0, 0, 0, 0, 0, 0, 0, 0, 0, 0, 0, 0, 0, 0, 0
L2.store-misses-E = 7415, 23084, 10270, 32135, 10347, 8140, 9608, 10095, 6421, 9530, 9973, 10097, 9824, 9359, 9006, 9696
L2.store-misses-I = 11133, 82564, 87470, 115141, 85400, 85821, 90682, 85000, 81562, 84656, 147930, 88643, 79659, 83090, 87154, 85125
L2.store-misses-M = 0, 0, 0, 0, 0, 0, 0, 0, 0, 0, 0, 0, 0, 0, 0, 0
L2.store-misses-O = 0, 0, 0, 0, 0, 0, 0, 0, 0, 0, 0, 0, 0, 0, 0, 0
L2.store-misses-S = 88, 121581, 145611, 213113, 176613, 183519, 186805, 183936, 187250, 188660, 185964, 183068, 184959, 184223, 185504, 181536
L2.store-misses-u = 0, 0, 0, 0, 0, 0, 0, 0, 0, 0, 0, 0, 0, 0, 0, 0
L2.store-overlapping-misses = 1998, 167739, 176347, 221036, 194407, 203684, 210511, 206139, 206995, 211269, 268685, 207303, 199236, 204001, 202948, 198980
L2.stores = 18636, 227229, 243351, 360389, 272360, 277480, 287095, 279031, 275233, 282846, 343867, 281808, 274442, 276672, 281664, 276357
L2.stores-D = 0, 0, 0, 0, 0, 0, 0, 0, 0, 0, 0, 0, 0, 0, 0, 0
L2.stores-E = 7415, 23084, 10270, 32135, 10347, 8140, 9608, 10095, 6421, 9530, 9973, 10097, 9824, 9359, 9006, 9696
L2.stores-I = 11133, 82564, 87470, 115141, 85400, 85821, 90682, 85000, 81562, 84656, 147930, 88643, 79659, 83090, 87154, 85125
L2.stores-M = 0, 0, 0, 0, 0, 0, 0, 0, 0, 0, 0, 0, 0, 0, 0, 0
L2.stores-O = 0, 0, 0, 0, 0, 0, 0, 0, 0, 0, 0, 0, 0, 0, 0, 0
L2.stores-prefetch = 0, 0, 0, 0, 0, 0, 0, 0, 0, 0, 0, 0, 0, 0, 0, 0
L2.stores-S = 88, 121581, 145611, 213113, 176613, 183519, 186805, 183936, 187250, 188660, 185964, 183068, 184959, 184223, 185504, 181536
L2.stores-u = 0, 0, 0, 0, 0, 0, 0, 0, 0, 0, 0, 0, 0, 0, 0, 0
L2.total-latency = 0, 0, 0, 0, 0, 0, 0, 0, 0, 0, 0, 0, 0, 0, 0, 0
L2.uncore-requests = 52216, 2452538, 2325782, 3846725, 2392545, 2426953, 2412756, 2395979, 2417283, 2396470, 2517314, 2399611, 2389574, 2387947, 2428166, 2397870
L2.uncore-time-dram = 0, 0, 0, 0, 0, 0, 0, 0, 0, 0, 0, 0, 0, 0, 0, 0
L2.uncore-time-dram-bus = 154626638944, 4433799176, 455180904, 1272820676, 573190768, 286595384, 396175972, 488898008, 514185836, 581620044, 531044388, 370888144, 421463800, 320312488, 303453936, 556332216
L2.uncore-time-dram-cache = 0, 0, 0, 0, 0, 0, 0, 0, 0, 0, 0, 0, 0, 0, 0, 0
L2.uncore-time-dram-cache-bus = 0, 0, 0, 0, 0, 0, 0, 0, 0, 0, 0, 0, 0, 0, 0, 0
L2.uncore-time-dram-cache-data = 0, 0, 0, 0, 0, 0, 0, 0, 0, 0, 0, 0, 0, 0, 0, 0
L2.uncore-time-dram-cache-queue = 0, 0, 0, 0, 0, 0, 0, 0, 0, 0, 0, 0, 0, 0, 0, 0
L2.uncore-time-dram-cache-tags = 0, 0, 0, 0, 0, 0, 0, 0, 0, 0, 0, 0, 0, 0, 0, 0
L2.uncore-time-dram-device = 825480000000, 23670000000, 2430000000, 6795000000, 3060000000, 1530000000, 2115000000, 2610000000, 2745000000, 3105000000, 2835000000, 1980000000, 2250000000, 1710000000, 1620000000, 2970000000
L2.uncore-time-dram-queue = 314859777766, 1990980956, 91027150, 202204881, 125250742, 85875407, 46576003, 143375192, 156118878, 179151544, 656725659, 62556323, 47332825, 36242434, 46149250, 48375456
L2.uncore-time-inv-imbalance = 1471714958, 2538289504227, 2108776947643, 2388008828815, 2095713357448, 1190472875553, 2115725147731, 984886707816, 1553924649225, 879060675995, 1596767143808, 721527163532, 1531848960976, 712947526699, 1779922907504, 392124362554
L2.uncore-time-noc-base = 1768490912459, 30302250857365, 29007310422105, 48217839569841, 29557716915138, 28945878291486, 27508271621016, 30452080663676, 26501529661126, 25817774869957, 23305869024814, 27033830968101, 28911468985782, 28086001348768, 28369902411080, 31182660823520
L2.uncore-time-noc-queue = 4290923603250, 17245786339157, 18297594223398, 19567573241620, 18280323021895, 19821283785631, 21311381455035, 20268546839024, 19599626564810, 21305488521050, 24619490964159, 21757629617850, 18898825297647, 19710184790882, 19229920748523, 18745183911963
L2.uncore-time-nuca-bus = 133322211, 62347177611, 73620762221, 85150333952, 72096305318, 86530042073, 97924594336, 103062569913, 82376200287, 99933316851, 99706402190, 100081430419, 85751861556, 72529454835, 56293060746, 57948665510
L2.uncore-time-nuca-data = 91813326336, 4304430069829, 3978450953727, 7578344114833, 4046553767329, 4123675780342, 4073004289883, 4056506459970, 3956944412884, 4050805600161, 4064016868154, 4058585276242, 3997230199953, 3948807690962, 3964193703897, 4043774042355
L2.uncore-time-nuca-ecc = 0, 0, 0, 0, 0, 0, 0, 0, 0, 0, 0, 0, 0, 0, 0, 0
L2.uncore-time-nuca-queue = 30557795328, 1391241333917, 1263871217863, 2449863080998, 1294146855760, 1306352527468, 1284268223616, 1277399526304, 1258078687552, 1280537838804, 1282397023533, 1281896911472, 1276223379504, 1259244221724, 1260372924544, 1282199206224
L2.uncore-time-nuca-tags = 36745781616, 1045418689980, 949390280704, 1840315389750, 972142915734, 981284104862, 964706842314, 959555058074, 945044607960, 961920382446, 963312199672, 962923387698, 958666339544, 945903125412, 946749740040, 963166996170
L2.uncore-time-remote-cache-inv = 0, 0, 0, 0, 0, 0, 0, 0, 0, 0, 0, 0, 0, 0, 0, 0
L2.uncore-time-remote-cache-wb = 0, 0, 0, 0, 0, 0, 0, 0, 0, 0, 0, 0, 0, 0, 0, 0
L2.uncore-time-td-access = 208570957200, 12345352874013, 11823262796302, 18655437997933, 12249701939574, 12577254318422, 12310178619512, 12449212000593, 12514250025030, 12488778883650, 13255574195477, 12528450973068, 12366263865600, 12608654347932, 12611923552213, 12597770909056
L2.uncore-time-unknown = 55024000000, 1393355806414, 1381097781962, 2044528000000, 1347232000000, 954247696425, 1224970987082, 924064000000, 1420270836390, 270432000000, 1414958836390, 1751552000000, 4627504000000, 1057136000000, 1397712000000, 1022640240610
L2.uncore-totaltime = 7778697830068, 70658565057397, 68886351545987, 102835328667811, 69919383604218, 69988881893053, 70892989532500, 71478556098570, 67835421615354, 67158594589721, 70606113833440, 70198889700954, 72656501687187, 68403473558380, 69618960651733, 70291043865634
ncores = 16
network.shmem-1.mesh.bytes-in = 108705638, 238452162, 275863380, 340897408, 279305468, 232944890, 281060840, 229225834, 280296684, 224172886, 877136510, 383005246, 468786006, 247612200, 299376912, 247623190
network.shmem-1.mesh.bytes-out = 171246544, 207201788, 263755946, 251777654, 264422092, 202814490, 268488336, 206316912, 270642386, 197575640, 873096790, 419645478, 674266186, 228233422, 291395806, 223585784
network.shmem-1.mesh.contention-delay = 9043625338086, 19954745797597, 21858100749094, 22326412391054, 22006839469592, 21289313872771, 23758204420671, 20890239761700, 23178526419463, 21382510023980, 97433968961115, 44175894524535, 36560452965344, 22165076945284, 24040635497389, 22260153773368
network.shmem-1.mesh.link-down.num-requests = 0, 0, 0, 0, 3717461, 4745013, 6144903, 6099556, 7574815, 7852816, 9675493, 8656856, 5906974, 5055732, 10030455, 7104947
network.shmem-1.mesh.link-down.num-requests-analytical = 0, 0, 0, 0, 0, 0, 0, 0, 0, 0, 0, 0, 0, 0, 0, 0
network.shmem-1.mesh.link-down.total-queue-delay = 0, 0, 0, 0, 1378667865929, 1758546451773, 2097269705973, 2175722533116, 3068782817445, 4223404132231, 6204966206590, 4582629644521, 1442074214385, 1880099218396, 5263431296762, 1842840495076
network.shmem-1.mesh.link-down.total-time-used = 0, 0, 0, 0, 4100527841878, 9196724972046, 10725960283794, 13135654277552, 11765237689706, 14978948257760, 17223413519222, 17580830714968, 9486265943684, 9548523243216, 18626720265954, 12722467292530
network.shmem-1.mesh.link-in.num-requests = 2952940, 6032538, 6749604, 8710802, 6839952, 6062052, 6925823, 5978227, 6913614, 5921183, 18138340, 11021383, 15500488, 6629534, 7493815, 6555154
network.shmem-1.mesh.link-in.num-requests-analytical = 796, 0, 0, 0, 0, 0, 0, 0, 0, 0, 0, 0, 0, 0, 0, 0
network.shmem-1.mesh.link-in.total-queue-delay = 4092735727541, 2709912048068, 4267850863168, 3713630223115, 4419367707011, 3039508890947, 4686693566937, 3012550183786, 4578879423148, 3009803932371, 47616034902426, 29597950872392, 56493809641592, 4245939055754, 5761353367076, 3840567068295
network.shmem-1.mesh.link-in.total-time-used = 8022679874696, 9268960373676, 11753647636680, 11193390606964, 11801803459440, 9231952959816, 12008440982938, 9352077285386, 12062814873612, 9123981329170, 35798539993016, 18500928408986, 29314067693024, 10404767805628, 12985033897778, 10196147961452
network.shmem-1.mesh.link-left.num-requests = 0, 6750343, 7259303, 7267368, 0, 6164693, 6154269, 4931487, 0, 9411259, 14468921, 9195819, 0, 6738769, 6744249, 5472923
network.shmem-1.mesh.link-left.num-requests-analytical = 0, 0, 0, 0, 0, 0, 0, 0, 0, 0, 0, 0, 0, 0, 0, 0
network.shmem-1.mesh.link-left.total-queue-delay = 0, 896573492167, 1883669071576, 307878073644, 0, 1019692536728, 2312911771216, 290173082839, 0, 2392367258956, 15696327421301, 6264895151401, 0, 1741650571119, 2909321261638, 419083884929
network.shmem-1.mesh.link-left.total-time-used = 0, 8155996753442, 9625713687442, 9282075649008, 0, 7951053432910, 9309590426550, 7599848202234, 0, 14801953715066, 26029378643926, 15221089997778, 0, 9019880171942, 10128774210390, 8475767491426
network.shmem-1.mesh.link-out.num-requests = 4726921, 5544159, 7160775, 6948197, 7195832, 5598036, 7307539, 5620846, 7322585, 5497960, 18503728, 10659259, 15940146, 6289897, 7916662, 6192907
network.shmem-1.mesh.link-out.num-requests-analytical = 0, 0, 0, 0, 0, 0, 0, 0, 0, 0, 0, 0, 0, 0, 0, 0
network.shmem-1.mesh.link-out.total-queue-delay = 1677661868843, 2293770959669, 2150520991426, 2740020000613, 3697887192874, 3019219867788, 3742733835933, 2523064285689, 3930421381502, 3463977059721, 59438769023551, 15925045758323, 7411738294113, 2672981170977, 2929123626840, 2409118528228
network.shmem-1.mesh.link-out.total-time-used = 5088943905806, 10736055420546, 12323812221930, 15376163176606, 12502253776288, 10646489316528, 12600373810058, 10427572400204, 12517694311174, 10372606187024, 35989449083360, 16778053419098, 19659357185028, 11314425179486, 13361326819772, 11324658929354
network.shmem-1.mesh.link-right.num-requests = 2455575, 5301637, 3689592, 0, 5156278, 7647307, 4818470, 0, 5238198, 7143958, 7659224, 0, 13236523, 13270605, 7855954, 0
network.shmem-1.mesh.link-right.num-requests-analytical = 828, 497, 229, 0, 0, 0, 0, 0, 0, 0, 0, 0, 0, 0, 0, 0
network.shmem-1.mesh.link-right.total-queue-delay = 716702425035, 2463580613084, 1096072214800, 0, 528829912105, 3546845846138, 1328933100330, 0, 540668923446, 3287163063741, 2523644254751, 0, 8985725829772, 7623112473648, 2465091867565, 0
network.shmem-1.mesh.link-right.total-time-used = 6593536468362, 10707070513598, 7395890147616, 0, 9616512917564, 13472362888370, 8441931031036, 0, 9868638641148, 12898736817116, 15106459888120, 0, 25283312768762, 24408489836406, 14298403936148, 0
network.shmem-1.mesh.link-up.num-requests = 6238248, 2896290, 7353842, 4284385, 10748137, 3966656, 12108771, 7086049, 12844386, 4744697, 6309977, 4359669, 0, 0, 0, 0
network.shmem-1.mesh.link-up.num-requests-analytical = 174, 137, 126, 122, 14, 14, 14, 14, 0, 0, 0, 0, 0, 0, 0, 0
network.shmem-1.mesh.link-up.total-queue-delay = 1121209940122, 1074158267705, 3162198038679, 1095897889995, 4275504473941, 2145918493517, 11209860093511, 4191210969254, 5256871023688, 1985531074721, 2884915234739, 1649435407328, 0, 0, 0, 0
network.shmem-1.mesh.link-up.total-time-used = 8596724095848, 5085812813940, 13123338026092, 7066696206518, 13895524142174, 6956186765776, 22349548067418, 11278460357918, 16094988032508, 8474463646270, 10545934006654, 8028341815710, 0, 0, 0, 0
network.shmem-1.mesh.packets-in = 4743509, 5830583, 7541222, 7333984, 7558322, 5783899, 7665292, 5844803, 7709370, 5611837, 21050633, 11464809, 17560349, 6496428, 8342456, 6385885
network.shmem-1.mesh.packets-out = 2969528, 6318962, 7130051, 9096589, 7202442, 6247915, 7283576, 6202184, 7300399, 6035060, 20685245, 11826933, 17120691, 6836065, 7919609, 6748132
network.shmem-1.mesh.total-delay = 26329231904936, 42951945688345, 49001403539050, 55751821994316, 49857590889024, 41765265185191, 48458323817573, 43139399730770, 49576185602447, 39637851779440, 161737613452745, 81303033533543, 95982120287348, 44468378041734, 51522021383199, 47153542187700
nuca-cache-queue.num-requests = 1472690, 985659, 1363418, 977998, 1379713, 904043, 1330509, 972585, 1388120, 895303, 1428220, 1898603, 4736488, 1013070, 1375538, 992279
nuca-cache-queue.num-requests-analytical = 0, 0, 0, 0, 0, 0, 0, 0, 0, 0, 0, 0, 0, 0, 0, 0
nuca-cache-queue.total-queue-delay = 35535850254, 16825607036, 38014220139, 20578123742, 40338322489, 14163896139, 34506639113, 16521437419, 39745762935, 14966408212, 40604771285, 90762392218, 1353924278347, 19338004931, 38215611132, 16662360008
nuca-cache-queue.total-time-used = 1474127345440, 986621003184, 1364748695968, 978952526048, 1381059599888, 904925345968, 1331807576784, 973534242960, 1389474805120, 896176815728, 1429613942720, 1900456036528, 4741110812288, 1014058756320, 1376880525088, 993247464304
nuca-cache.access-mru-0 = 1420122, 950698, 1309887, 931077, 1322423, 861789, 1274529, 929946, 1331923, 874324, 1406419, 1879480, 4707298, 964331, 1350597, 945191
nuca-cache.access-mru-1 = 52561, 34953, 53527, 46917, 57276, 42246, 55970, 42636, 56196, 20969, 21800, 19117, 29181, 48730, 24930, 47078
nuca-cache.access-mru-10 = 0, 0, 0, 0, 0, 0, 0, 0, 0, 0, 0, 0, 0, 0, 0, 0
nuca-cache.access-mru-11 = 0, 0, 0, 0, 0, 0, 0, 0, 0, 0, 0, 0, 0, 0, 0, 0
nuca-cache.access-mru-12 = 0, 0, 0, 0, 0, 0, 0, 0, 0, 0, 0, 0, 0, 0, 0, 0
nuca-cache.access-mru-13 = 0, 0, 0, 0, 0, 0, 0, 0, 0, 0, 0, 0, 0, 0, 0, 0
nuca-cache.access-mru-14 = 0, 0, 0, 0, 0, 0, 0, 0, 0, 0, 0, 0, 0, 0, 0, 0
nuca-cache.access-mru-15 = 0, 0, 0, 0, 0, 0, 0, 0, 0, 0, 0, 0, 0, 0, 0, 0
nuca-cache.access-mru-2 = 6, 7, 3, 4, 14, 6, 8, 3, 1, 8, 1, 5, 7, 6, 7, 8
nuca-cache.access-mru-3 = 0, 0, 1, 0, 0, 2, 0, 0, 0, 1, 0, 1, 2, 3, 1, 2
nuca-cache.access-mru-4 = 1, 1, 0, 0, 0, 0, 2, 0, 0, 1, 0, 0, 0, 0, 3, 0
nuca-cache.access-mru-5 = 0, 0, 0, 0, 0, 0, 0, 0, 0, 0, 0, 0, 0, 0, 0, 0
nuca-cache.access-mru-6 = 0, 0, 0, 0, 0, 0, 0, 0, 0, 0, 0, 0, 0, 0, 0, 0
nuca-cache.access-mru-7 = 0, 0, 0, 0, 0, 0, 0, 0, 0, 0, 0, 0, 0, 0, 0, 0
nuca-cache.access-mru-8 = 0, 0, 0, 0, 0, 0, 0, 0, 0, 0, 0, 0, 0, 0, 0, 0
nuca-cache.access-mru-9 = 0, 0, 0, 0, 0, 0, 0, 0, 0, 0, 0, 0, 0, 0, 0, 0
nuca-cache.read-misses = 1226, 1192, 1192, 1197, 1223, 1240, 1255, 1268, 1232, 1236, 1242, 1229, 1272, 1252, 1229, 1224
nuca-cache.reads = 1434369, 954661, 1328532, 944082, 1312041, 875089, 1298434, 960860, 1351179, 886416, 1412868, 1885710, 4718852, 1003895, 1360973, 962930
nuca-cache.write-misses = 1226, 1192, 1192, 1197, 1223, 1240, 1255, 1268, 1232, 1236, 1242, 1229, 1272, 1252, 1229, 1224
nuca-cache.writes = 40773, 33382, 37270, 36310, 70118, 31434, 34585, 14261, 39405, 11359, 17836, 15351, 20180, 11679, 17023, 31797
performance_model.cpiDTLBMiss = 0, 0, 0, 0, 0, 0, 0, 0, 0, 0, 0, 0, 0, 0, 0, 0
performance_model.cpiFastforwardTime = 0, 0, 0, 0, 0, 0, 0, 0, 0, 0, 0, 0, 0, 0, 0, 0
performance_model.cpiITLBMiss = 0, 0, 0, 0, 0, 0, 0, 0, 0, 0, 0, 0, 0, 0, 0, 0
performance_model.cpiRecv = 0, 0, 0, 0, 0, 0, 0, 0, 0, 0, 0, 0, 0, 0, 0, 0
performance_model.cpiStartTime = 0, 1982141041617, 1982745175590, 1983037656132, 1983300813432, 1983533143734, 1983788782254, 1983874120407, 1984060962090, 1984240284993, 1984712464377, 1984945922496, 1985150057373, 1985499680643, 1985733514701, 1985916972933
performance_model.cpiSyncDvfsTransition = 0, 0, 0, 0, 0, 0, 0, 0, 0, 0, 0, 0, 0, 0, 0, 0
performance_model.cpiSyncFutex = 1791656395904640, 224991705374095, 219948594586580, 61146190698869, 219335639954563, 224208105256296, 216735025150754, 218037509051499, 223534733100690, 225229229642539, 221722999223033, 217096420207701, 223537207155249, 227644842980233, 223705078573590, 223881088708902
performance_model.cpiSyncJoin = 0, 0, 0, 0, 0, 0, 0, 0, 0, 0, 0, 0, 0, 0, 0, 0
performance_model.cpiSyncMemAccess = 0, 0, 0, 0, 0, 0, 0, 0, 0, 0, 0, 0, 0, 0, 0, 0
performance_model.cpiSyncPause = 0, 0, 0, 0, 0, 0, 0, 0, 0, 0, 0, 0, 0, 0, 0, 0
performance_model.cpiSyncPthreadBarrier = 0, 0, 0, 0, 0, 0, 0, 0, 0, 0, 0, 0, 0, 0, 0, 0
performance_model.cpiSyncPthreadCond = 0, 0, 0, 0, 0, 0, 0, 0, 0, 0, 0, 0, 0, 0, 0, 0
performance_model.cpiSyncPthreadMutex = 0, 0, 0, 0, 0, 0, 0, 0, 0, 0, 0, 0, 0, 0, 0, 0
performance_model.cpiSyncSleep = 0, 0, 0, 0, 0, 0, 0, 0, 0, 0, 0, 0, 0, 0, 0, 0
performance_model.cpiSyncSyscall = 383490324, 0, 0, 0, 0, 0, 0, 0, 0, 0, 0, 0, 0, 0, 0, 0
performance_model.cpiSyncUnscheduled = 0, 748638157698, 749479513700, 748035903420, 746658091505, 746583657843, 747203581254, 747737414634, 743453956628, 746878013560, 747301320874, 746471623501, 747411095062, 748861845923, 748994554650, 745251696926
performance_model.cpiUnknown = 102665933388, 0, 0, 0, 0, 0, 0, 0, 0, 0, 0, 0, 0, 0, 0, 0
performance_model.cycle_count = 4773656961.45, 4773079273.76, 4773079362.76, 4773080663.75, 4773085525.74, 4773084259.74, 4773080205.75, 4773084345.74, 4773079618.75, 4773079705.75, 4773079555.75, 4773078996.76, 4773079305.76, 4773079389.76, 4773084231.74, 4773081497.74
performance_model.dyninsn_cost = 0, 0, 0, 0, 0, 0, 0, 0, 0, 0, 0, 0, 0, 0, 0, 0
performance_model.dyninsn_count = 0, 0, 0, 0, 0, 0, 0, 0, 0, 0, 0, 0, 0, 0, 0, 0
performance_model.dyninsn_zero_count = 0, 0, 0, 0, 0, 0, 0, 0, 0, 0, 0, 0, 0, 0, 0, 0
performance_model.elapsed_time = 1794607880244258, 1794390704421547, 1794390737880118, 1794391226972237, 1794393054789915, 1794392578851141, 1794391054792175, 1794392611181895, 1794390834115982, 1794390866822675, 1794390810434085, 1794390600286444, 1794390716451595, 1794390748028211, 1794392568324849, 1794391540505363
performance_model.elapsed_time_begin = 0, 0, 0, 0, 0, 0, 0, 0, 0, 0, 0, 0, 0, 0, 0, 0
performance_model.elapsed_time_end = 1794607880244258, 1794390704421547, 1794390737880118, 1794391226972237, 1794393054789915, 1794392578851141, 1794391054792175, 1794392611181895, 1794390834115982, 1794390866822675, 1794390810434085, 1794390600286444, 1794390716451595, 1794390748028211, 1794392568324849, 1794391540505363
performance_model.idle_elapsed_time = 1791656779394964, 227722484573410, 222680819275870, 63877264258421, 222065598859500, 226938222057873, 219466017514262, 220769120586540, 226262248019408, 227960347941092, 224455013008284, 219827837753698, 226269768307684, 230379204506799, 226439806642941, 226612257378761
performance_model.instruction_count = 12080687, 6152714791, 6174361665, 6791636175, 6182193209, 6159807546, 6188489242, 6179052734, 6165319717, 6162996347, 6173793116, 6187846140, 6163010356, 6151494286, 6166350601, 6162942192
pthread.pthread_barrier_wait_count = 0, 0, 0, 0, 0, 0, 0, 0, 0, 0, 0, 0, 0, 0, 0, 0
pthread.pthread_barrier_wait_delay_mem = 0, 0, 0, 0, 0, 0, 0, 0, 0, 0, 0, 0, 0, 0, 0, 0
pthread.pthread_barrier_wait_delay_sync = 0, 0, 0, 0, 0, 0, 0, 0, 0, 0, 0, 0, 0, 0, 0, 0
pthread.pthread_cond_broadcast_count = 0, 0, 0, 0, 0, 0, 0, 0, 0, 0, 0, 0, 0, 0, 0, 0
pthread.pthread_cond_broadcast_delay_mem = 0, 0, 0, 0, 0, 0, 0, 0, 0, 0, 0, 0, 0, 0, 0, 0
pthread.pthread_cond_broadcast_delay_sync = 0, 0, 0, 0, 0, 0, 0, 0, 0, 0, 0, 0, 0, 0, 0, 0
pthread.pthread_cond_signal_count = 0, 0, 0, 0, 0, 0, 0, 0, 0, 0, 0, 0, 0, 0, 0, 0
pthread.pthread_cond_signal_delay_mem = 0, 0, 0, 0, 0, 0, 0, 0, 0, 0, 0, 0, 0, 0, 0, 0
pthread.pthread_cond_signal_delay_sync = 0, 0, 0, 0, 0, 0, 0, 0, 0, 0, 0, 0, 0, 0, 0, 0
pthread.pthread_cond_wait_count = 0, 0, 0, 0, 0, 0, 0, 0, 0, 0, 0, 0, 0, 0, 0, 0
pthread.pthread_cond_wait_delay_mem = 0, 0, 0, 0, 0, 0, 0, 0, 0, 0, 0, 0, 0, 0, 0, 0
pthread.pthread_cond_wait_delay_sync = 0, 0, 0, 0, 0, 0, 0, 0, 0, 0, 0, 0, 0, 0, 0, 0
pthread.pthread_mutex_lock_contended = 0, 0, 0, 0, 0, 0, 0, 0, 0, 0, 0, 0, 0, 0, 0, 0
pthread.pthread_mutex_lock_count = 0, 0, 0, 0, 0, 0, 0, 0, 0, 0, 0, 0, 0, 0, 0, 0
pthread.pthread_mutex_lock_delay_mem = 0, 0, 0, 0, 0, 0, 0, 0, 0, 0, 0, 0, 0, 0, 0, 0
pthread.pthread_mutex_lock_delay_sync = 0, 0, 0, 0, 0, 0, 0, 0, 0, 0, 0, 0, 0, 0, 0, 0
pthread.pthread_mutex_trylock_count = 0, 0, 0, 0, 0, 0, 0, 0, 0, 0, 0, 0, 0, 0, 0, 0
pthread.pthread_mutex_trylock_delay_mem = 0, 0, 0, 0, 0, 0, 0, 0, 0, 0, 0, 0, 0, 0, 0, 0
pthread.pthread_mutex_trylock_delay_sync = 0, 0, 0, 0, 0, 0, 0, 0, 0, 0, 0, 0, 0, 0, 0, 0
pthread.pthread_mutex_unlock_contended = 0, 0, 0, 0, 0, 0, 0, 0, 0, 0, 0, 0, 0, 0, 0, 0
pthread.pthread_mutex_unlock_count = 0, 0, 0, 0, 0, 0, 0, 0, 0, 0, 0, 0, 0, 0, 0, 0
pthread.pthread_mutex_unlock_delay_mem = 0, 0, 0, 0, 0, 0, 0, 0, 0, 0, 0, 0, 0, 0, 0, 0
pthread.pthread_mutex_unlock_delay_sync = 0, 0, 0, 0, 0, 0, 0, 0, 0, 0, 0, 0, 0, 0, 0, 0
pthread_locks_contended = 0.0
roi.instrs = 93174363323
roi.ipscore = 188941.506157
roi.ipstotal = 3023064.09851
roi.walltime = 30821.166964
stlb.access = 4712, 227813, 209584, 432773, 203791, 216503, 209810, 196614, 231610, 209998, 219421, 228687, 209236, 215738, 205118, 199387
stlb.miss = 713, 3208, 1235, 4406, 1420, 1242, 1401, 1269, 1930, 2388, 1091, 1434, 2535, 1384, 1211, 1304
stlb_cache.access-mru-0 = 646, 1956, 3726, 3833, 846, 1207, 1224, 2141, 1589, 1842, 1073, 748, 3777, 1409, 2084, 1462
stlb_cache.access-mru-1 = 2746, 179692, 176214, 360823, 173515, 183842, 180141, 165044, 194292, 177931, 195586, 201409, 184106, 189731, 178089, 170825
stlb_cache.access-mru-2 = 250, 18405, 9225, 36284, 6856, 13306, 7223, 9032, 17540, 12412, 4688, 11938, 7577, 6655, 4063, 4481
stlb_cache.access-mru-3 = 357, 24552, 19184, 27427, 21154, 16906, 19821, 19128, 16259, 15425, 16983, 13158, 11241, 16559, 19671, 21315
syscall.stderr-bytes = 52, 0, 0, 0, 0, 0, 0, 0, 0, 0, 0, 0, 0, 0, 0, 0
syscall.stdout-bytes = 114, 0, 0, 0, 0, 0, 0, 0, 0, 0, 0, 0, 0, 0, 0, 0
thread.bottle_contrib_time = 2941475775645, 109423994919179, 109135508311640, 131459089259857, 109494322926332, 108926054222933, 109412912221184, 109377247289014, 109138005312331, 108748383114028, 109032513764683, 109392671030531, 109067295417167, 108832865007706, 109321786349020, 109025202076978, 131632948121825, 15871783465, 15664236923, 15854957308, 16153908076, 15252681184, 15222606064, 15074314884, 14913267481, 14882859699, 14934159983, 15930820589, 15796710805, 14746271756, 14779322361, 15049765135, 15092526316
thread.bottle_runtime_time = 2952122280077, 1580859560555168, 1585636745217346, 1708329189321585, 1586435349345395, 1581469423577926, 1588800261626212, 1587312661387777, 1582359162405137, 1580759369166057, 1583900259960524, 1588369834773506, 1582168042588297, 1578294705306339, 1582281129531127, 1581899561027662, 1708918818274235, 240092312273, 240746076974, 242134800160, 243368249239, 240055098832, 239874648112, 238592317923, 236606981804, 236326155371, 237219012756, 241630283242, 241345323740, 234499841449, 235245330746, 237914878105, 236914128487
thread.elapsed_time = 1794607800000000, 1791418658958383, 1791418454824410, 1791418262343868, 1791417099186568, 1791417366856266, 1791416711217746, 1791416525879593, 1791420839037910, 1791417459715007, 1791416687535623, 1791417654077504, 1791416749942627, 1791415100319357, 1791415066485299, 1791418883027067, 1791417415734664, 245224647321, 244918729024, 243295421032, 244423993526, 242376625664, 242196174944, 242044671527, 241506702366, 241363093894, 241146928969, 242674749133, 241409712138, 240251442271, 239959713607, 240168736821, 240278511687
thread.instruction_count = 12080687, 6151793438, 6173442362, 3406752954, 6181242539, 6158861132, 6187546944, 6178104422, 6164382423, 6162057046, 6172859776, 6186920860, 6162087078, 6150564895, 6165407714, 6162001988, 3383951871, 631522, 946250, 942184, 948179, 937216, 939145, 933240, 925264, 923227, 929197, 942739, 940123, 921242, 919184, 931251, 318889
thread.instructions_by_core[0] = 12080687, 0, 0, 0, 0, 0, 0, 0, 0, 0, 0, 0, 0, 0, 0, 0
thread.instructions_by_core[10] = 0, 0, 0, 0, 0, 0, 0, 0, 0, 0, 6172859776, 0, 0, 0, 0, 0, 0, 0, 0, 0, 0, 0, 0, 933240
thread.instructions_by_core[11] = 0, 0, 0, 0, 0, 0, 0, 0, 0, 0, 0, 6186920860, 0, 0, 0, 0, 0, 0, 0, 0, 0, 0, 0, 0, 925264
thread.instructions_by_core[12] = 0, 0, 0, 0, 0, 0, 0, 0, 0, 0, 0, 0, 6162087078, 0, 0, 0, 0, 0, 0, 0, 0, 0, 0, 0, 0, 923227
thread.instructions_by_core[13] = 0, 0, 0, 0, 0, 0, 0, 0, 0, 0, 0, 0, 0, 6150564895, 0, 0, 0, 0, 0, 0, 0, 0, 0, 0, 0, 0, 929197
thread.instructions_by_core[14] = 0, 0, 0, 0, 0, 0, 0, 0, 0, 0, 0, 0, 0, 0, 6165407714, 0, 0, 0, 0, 0, 0, 0, 0, 0, 0, 0, 0, 942739
thread.instructions_by_core[15] = 0, 0, 0, 0, 0, 0, 0, 0, 0, 0, 0, 0, 0, 0, 0, 6162001988, 0, 0, 0, 0, 0, 0, 0, 0, 0, 0, 0, 0, 940123
thread.instructions_by_core[1] = 0, 6151793438, 0, 0, 0, 0, 0, 0, 0, 0, 0, 0, 0, 0, 0, 0, 0, 0, 0, 0, 0, 0, 0, 0, 0, 0, 0, 0, 0, 921242
thread.instructions_by_core[2] = 0, 0, 6173442362, 0, 0, 0, 0, 0, 0, 0, 0, 0, 0, 0, 0, 0, 0, 0, 0, 0, 0, 0, 0, 0, 0, 0, 0, 0, 0, 0, 919184
thread.instructions_by_core[3] = 0, 0, 0, 3406752954, 0, 0, 0, 0, 0, 0, 0, 0, 0, 0, 0, 0, 3383951871, 0, 0, 0, 0, 0, 0, 0, 0, 0, 0, 0, 0, 0, 0, 931251
thread.instructions_by_core[4] = 0, 0, 0, 0, 6181242539, 0, 0, 0, 0, 0, 0, 0, 0, 0, 0, 0, 0, 631522, 0, 0, 0, 0, 0, 0, 0, 0, 0, 0, 0, 0, 0, 0, 318889
thread.instructions_by_core[5] = 0, 0, 0, 0, 0, 6158861132, 0, 0, 0, 0, 0, 0, 0, 0, 0, 0, 0, 0, 946250
thread.instructions_by_core[6] = 0, 0, 0, 0, 0, 0, 6187546944, 0, 0, 0, 0, 0, 0, 0, 0, 0, 0, 0, 0, 942184
thread.instructions_by_core[7] = 0, 0, 0, 0, 0, 0, 0, 6178104422, 0, 0, 0, 0, 0, 0, 0, 0, 0, 0, 0, 0, 948179
thread.instructions_by_core[8] = 0, 0, 0, 0, 0, 0, 0, 0, 6164382423, 0, 0, 0, 0, 0, 0, 0, 0, 0, 0, 0, 0, 937216
thread.instructions_by_core[9] = 0, 0, 0, 0, 0, 0, 0, 0, 0, 6162057046, 0, 0, 0, 0, 0, 0, 0, 0, 0, 0, 0, 0, 939145
thread.nonidle_cycle_count = 7849928, 4166715300, 4180126672, 2308679706, 4181747369, 4168794594, 4188667858, 4185194904, 4170587281, 4166070874, 4175398479, 4187712132, 4170576970, 4159643663, 4170115555, 4169655665, 2293857323, 426401, 633589, 632593, 643508, 634510, 634060, 630634, 624805, 624732, 626699, 638603, 637042, 622126, 621449, 630055, 216859
thread.nonidle_elapsed_time = 2951100849294, 1566434323384263, 1571476192816680, 867924701643636, 1572085477153980, 1567216012971024, 1574687164883175, 1573381543021857, 1567889955432873, 1566192058142310, 1569698676533124, 1574327869454583, 1567886079125844, 1563775813227096, 1567712614856220, 1567539723893571, 862352377395012, 160301141478, 238191566949, 237817131705, 241920505890, 238537806768, 238368634218, 237080667204, 234889318773, 234861875226, 235601347239, 240076525095, 239489684316, 233882178192, 233627667489, 236862998523, 81526131540
thread.time_by_core[0] = 2951100849294, 0, 0, 0, 0, 0, 0, 0, 0, 0, 0, 0, 0, 0, 0, 0
thread.time_by_core[10] = 0, 0, 0, 0, 0, 0, 0, 0, 0, 0, 1569698676533124, 0, 0, 0, 0, 0, 0, 0, 0, 0, 0, 0, 0, 237080667204
thread.time_by_core[11] = 0, 0, 0, 0, 0, 0, 0, 0, 0, 0, 0, 1574327869454583, 0, 0, 0, 0, 0, 0, 0, 0, 0, 0, 0, 0, 234889318773
thread.time_by_core[12] = 0, 0, 0, 0, 0, 0, 0, 0, 0, 0, 0, 0, 1567886079125844, 0, 0, 0, 0, 0, 0, 0, 0, 0, 0, 0, 0, 234861875226
thread.time_by_core[13] = 0, 0, 0, 0, 0, 0, 0, 0, 0, 0, 0, 0, 0, 1563775813227096, 0, 0, 0, 0, 0, 0, 0, 0, 0, 0, 0, 0, 235601347239
thread.time_by_core[14] = 0, 0, 0, 0, 0, 0, 0, 0, 0, 0, 0, 0, 0, 0, 1567712614856220, 0, 0, 0, 0, 0, 0, 0, 0, 0, 0, 0, 0, 240076525095
thread.time_by_core[15] = 0, 0, 0, 0, 0, 0, 0, 0, 0, 0, 0, 0, 0, 0, 0, 1567539723893571, 0, 0, 0, 0, 0, 0, 0, 0, 0, 0, 0, 0, 239489684316
thread.time_by_core[1] = 0, 1566434323384263, 0, 0, 0, 0, 0, 0, 0, 0, 0, 0, 0, 0, 0, 0, 0, 0, 0, 0, 0, 0, 0, 0, 0, 0, 0, 0, 0, 233882178192
thread.time_by_core[2] = 0, 0, 1571476192816680, 0, 0, 0, 0, 0, 0, 0, 0, 0, 0, 0, 0, 0, 0, 0, 0, 0, 0, 0, 0, 0, 0, 0, 0, 0, 0, 0, 233627667489
thread.time_by_core[3] = 0, 0, 0, 867924701643636, 0, 0, 0, 0, 0, 0, 0, 0, 0, 0, 0, 0, 862352377395012, 0, 0, 0, 0, 0, 0, 0, 0, 0, 0, 0, 0, 0, 0, 236862998523
thread.time_by_core[4] = 0, 0, 0, 0, 1572085477153980, 0, 0, 0, 0, 0, 0, 0, 0, 0, 0, 0, 0, 160301141478, 0, 0, 0, 0, 0, 0, 0, 0, 0, 0, 0, 0, 0, 0, 81526131540
thread.time_by_core[5] = 0, 0, 0, 0, 0, 1567216012971024, 0, 0, 0, 0, 0, 0, 0, 0, 0, 0, 0, 0, 238191566949
thread.time_by_core[6] = 0, 0, 0, 0, 0, 0, 1574687164883175, 0, 0, 0, 0, 0, 0, 0, 0, 0, 0, 0, 0, 237817131705
thread.time_by_core[7] = 0, 0, 0, 0, 0, 0, 0, 1573381543021857, 0, 0, 0, 0, 0, 0, 0, 0, 0, 0, 0, 0, 241920505890
thread.time_by_core[8] = 0, 0, 0, 0, 0, 0, 0, 0, 1567889955432873, 0, 0, 0, 0, 0, 0, 0, 0, 0, 0, 0, 0, 238537806768
thread.time_by_core[9] = 0, 0, 0, 0, 0, 0, 0, 0, 0, 1566192058142310, 0, 0, 0, 0, 0, 0, 0, 0, 0, 0, 0, 0, 238368634218
thread.unscheduled_time = 1791656779394964, 212740335823798, 207950262254244, 910801626315217, 207053629423751, 212098377814331, 204737546580407, 206225998517297, 211214893624383, 212782401820341, 209600028919954, 205264802537664, 211403693620315, 215267297114545, 211291479317784, 211684168401190, 916296011996816, 84380647667, 4727441965, 1478570347, 1510534202, 2839476307, 2827822198, 3970303079, 5617670037, 6513534934, 4545865688, 1599255806, 920307712, 6369550297, 5332332336, 2332334596, 157764314146
time.walltime = 30821166964, 0, 0, 0, 0, 0, 0, 0, 0, 0, 0, 0, 0, 0, 0, 0
vmem = 2931023872
walltime = 30821.752172
