barrier.global_time = 18894500000000, 0, 0, 0, 0, 0, 0, 0, 0, 0, 0, 0, 0, 0, 0, 0
barrier.global_time_begin = 0, 0, 0, 0, 0, 0, 0, 0, 0, 0, 0, 0, 0, 0, 0, 0
barrier.global_time_end = 18894500000000, 0, 0, 0, 0, 0, 0, 0, 0, 0, 0, 0, 0, 0, 0, 0
branch_predictor.num-correct = 8361464, 1007843, 1008478, 1021362, 1015397, 1005280, 1005879, 1022555, 1014504, 1006099, 1008590, 1023183, 1012401, 1007008, 1009287, 1022079
branch_predictor.num-incorrect = 469917, 38141, 37344, 24461, 30330, 40547, 39848, 23742, 31023, 39528, 37337, 22444, 33226, 38819, 36340, 23648
core.instructions = 65859507, 18988801, 18990952, 19007390, 19006644, 18993244, 18988444, 19000336, 19011844, 18999944, 18980344, 19011044, 19006344, 18998044, 18987044, 19009344
core.spin_elapsed_time = 0, 0, 0, 0, 0, 0, 0, 0, 0, 0, 0, 0, 0, 0, 0, 0
core.spin_instructions = 0, 0, 0, 0, 0, 0, 0, 0, 0, 0, 0, 0, 0, 0, 0, 0
core.spin_loops = 0, 0, 0, 0, 0, 0, 0, 0, 0, 0, 0, 0, 0, 0, 0, 0
corefreq = 2660000000.0, 2660000000.0, 2660000000.0, 2660000000.0, 2660000000.0, 2660000000.0, 2660000000.0, 2660000000.0, 2660000000.0, 2660000000.0, 2660000000.0, 2660000000.0, 2660000000.0, 2660000000.0, 2660000000.0, 2660000000.0
directory.entries-allocated = 6016, 5568, 5760, 5824, 6256, 6176, 6192, 6448, 6208, 5952, 6160, 6224, 6160, 6336, 6112, 6016
directory.evict-E = 0, 0, 0, 0, 0, 0, 0, 0, 0, 0, 0, 0, 0, 0, 0, 0
directory.evict-M = 0, 0, 0, 0, 0, 0, 0, 0, 0, 0, 0, 0, 0, 0, 0, 0
directory.evict-O = 0, 0, 0, 0, 0, 0, 0, 0, 0, 0, 0, 0, 0, 0, 0, 0
directory.evict-S = 0, 0, 0, 0, 0, 0, 0, 0, 0, 0, 0, 0, 0, 0, 0, 0
directory.forward = 0, 0, 0, 0, 0, 0, 0, 0, 0, 0, 0, 0, 0, 0, 0, 0
directory.forward-failed = 0, 0, 0, 0, 0, 0, 0, 0, 0, 0, 0, 0, 0, 0, 0, 0
dram-queue.num-requests = 1583, 0, 0, 0, 1542, 0, 0, 0, 1555, 0, 0, 0, 1582, 0, 0, 0
dram-queue.num-requests-analytical = 0, 0, 0, 0, 0, 0, 0, 0, 0, 0, 0, 0, 0, 0, 0, 0
dram-queue.total-queue-delay = 8217622395, 0, 0, 0, 8527260606, 0, 0, 0, 7208931014, 0, 0, 0, 7964604667, 0, 0, 0
dram-queue.total-time-used = 13343543908, 0, 0, 0, 12997943592, 0, 0, 0, 13107524180, 0, 0, 0, 13335114632, 0, 0, 0
dram.reads = 1583, 0, 0, 0, 1542, 0, 0, 0, 1555, 0, 0, 0, 1582, 0, 0, 0
dram.total-access-latency = 92796166303, 0, 0, 0, 90915204198, 0, 0, 0, 90291455194, 0, 0, 0, 92489719299, 0, 0, 0
dram.total-queueing-delay = 8217622395, 0, 0, 0, 8527260606, 0, 0, 0, 7208931014, 0, 0, 0, 7964604667, 0, 0, 0
dram.writes = 0, 0, 0, 0, 0, 0, 0, 0, 0, 0, 0, 0, 0, 0, 0, 0
dtlb.access = 22175881, 6248962, 6249555, 6252141, 6252330, 6248930, 6248530, 6251345, 6253130, 6251230, 6246230, 6253930, 6251430, 6249930, 6249130, 6252430
dtlb.miss = 366, 50, 41, 43, 37, 31, 31, 52, 37, 31, 31, 32, 37, 31, 31, 32
dtlb_cache.access-mru-0 = 21128458, 5657506, 5884503, 5297587, 5735405, 5987399, 5986806, 5938643, 5719906, 5346292, 5883199, 5347392, 5938601, 5797698, 5950308, 5900909
dtlb_cache.access-mru-1 = 825140, 480607, 167015, 838612, 358795, 91004, 91199, 150337, 409993, 725811, 234802, 732210, 111802, 162112, 59600, 117198
dtlb_cache.access-mru-2 = 211649, 110799, 197993, 115897, 95693, 93500, 93498, 85315, 108598, 127699, 128197, 122899, 158191, 238992, 187395, 182893
dtlb_cache.access-mru-3 = 10268, 0, 3, 2, 62400, 76996, 76996, 76998, 14596, 51397, 1, 51397, 42799, 51097, 51796, 51398
fastforward_performance_model.fastforwarded_time = 0, 0, 0, 0, 0, 0, 0, 0, 0, 0, 0, 0, 0, 0, 0, 0
fastforward_timer.cpiBase = 0, 0, 0, 0, 0, 0, 0, 0, 0, 0, 0, 0, 0, 0, 0, 0
fastforward_timer.cpiBranchPredictor = 0, 0, 0, 0, 0, 0, 0, 0, 0, 0, 0, 0, 0, 0, 0, 0
fastforward_timer.cpiDataCachecache-remote = 0, 0, 0, 0, 0, 0, 0, 0, 0, 0, 0, 0, 0, 0, 0, 0
fastforward_timer.cpiDataCachedram = 0, 0, 0, 0, 0, 0, 0, 0, 0, 0, 0, 0, 0, 0, 0, 0
fastforward_timer.cpiDataCachedram-cache = 0, 0, 0, 0, 0, 0, 0, 0, 0, 0, 0, 0, 0, 0, 0, 0
fastforward_timer.cpiDataCachedram-local = 0, 0, 0, 0, 0, 0, 0, 0, 0, 0, 0, 0, 0, 0, 0, 0
fastforward_timer.cpiDataCachedram-remote = 0, 0, 0, 0, 0, 0, 0, 0, 0, 0, 0, 0, 0, 0, 0, 0
fastforward_timer.cpiDataCacheL1 = 0, 0, 0, 0, 0, 0, 0, 0, 0, 0, 0, 0, 0, 0, 0, 0
fastforward_timer.cpiDataCacheL1_S = 0, 0, 0, 0, 0, 0, 0, 0, 0, 0, 0, 0, 0, 0, 0, 0
fastforward_timer.cpiDataCacheL1I = 0, 0, 0, 0, 0, 0, 0, 0, 0, 0, 0, 0, 0, 0, 0, 0
fastforward_timer.cpiDataCacheL2 = 0, 0, 0, 0, 0, 0, 0, 0, 0, 0, 0, 0, 0, 0, 0, 0
fastforward_timer.cpiDataCacheL2_S = 0, 0, 0, 0, 0, 0, 0, 0, 0, 0, 0, 0, 0, 0, 0, 0
fastforward_timer.cpiDataCacheL3 = 0, 0, 0, 0, 0, 0, 0, 0, 0, 0, 0, 0, 0, 0, 0, 0
fastforward_timer.cpiDataCacheL3_S = 0, 0, 0, 0, 0, 0, 0, 0, 0, 0, 0, 0, 0, 0, 0, 0
fastforward_timer.cpiDataCacheL4 = 0, 0, 0, 0, 0, 0, 0, 0, 0, 0, 0, 0, 0, 0, 0, 0
fastforward_timer.cpiDataCacheL4_S = 0, 0, 0, 0, 0, 0, 0, 0, 0, 0, 0, 0, 0, 0, 0, 0
fastforward_timer.cpiDataCachemiss = 0, 0, 0, 0, 0, 0, 0, 0, 0, 0, 0, 0, 0, 0, 0, 0
fastforward_timer.cpiDataCachenuca-cache = 0, 0, 0, 0, 0, 0, 0, 0, 0, 0, 0, 0, 0, 0, 0, 0
fastforward_timer.cpiDataCachenuca-local = 0, 0, 0, 0, 0, 0, 0, 0, 0, 0, 0, 0, 0, 0, 0, 0
fastforward_timer.cpiDataCachenuca-remote = 0, 0, 0, 0, 0, 0, 0, 0, 0, 0, 0, 0, 0, 0, 0, 0
fastforward_timer.cpiDataCachepredicate-false = 0, 0, 0, 0, 0, 0, 0, 0, 0, 0, 0, 0, 0, 0, 0, 0
fastforward_timer.cpiDataCacheprefetch-no-mapping = 0, 0, 0, 0, 0, 0, 0, 0, 0, 0, 0, 0, 0, 0, 0, 0
fastforward_timer.cpiDataCacheunknown = 0, 0, 0, 0, 0, 0, 0, 0, 0, 0, 0, 0, 0, 0, 0, 0
fs_to_cycles = 2.66e-06
fs_to_cycles_cores = 2.66e-06, 2.66e-06, 2.66e-06, 2.66e-06, 2.66e-06, 2.66e-06, 2.66e-06, 2.66e-06, 2.66e-06, 2.66e-06, 2.66e-06, 2.66e-06, 2.66e-06, 2.66e-06, 2.66e-06, 2.66e-06
futex.futex_cmp_requeue_count = 0, 0, 0, 0, 0, 0, 0, 0, 0, 0, 0, 0, 0, 0, 0, 0
futex.futex_cmp_requeue_delay = 0, 0, 0, 0, 0, 0, 0, 0, 0, 0, 0, 0, 0, 0, 0, 0
futex.futex_cmp_requeue_pi_count = 0, 0, 0, 0, 0, 0, 0, 0, 0, 0, 0, 0, 0, 0, 0, 0
futex.futex_cmp_requeue_pi_delay = 0, 0, 0, 0, 0, 0, 0, 0, 0, 0, 0, 0, 0, 0, 0, 0
futex.futex_fd_count = 0, 0, 0, 0, 0, 0, 0, 0, 0, 0, 0, 0, 0, 0, 0, 0
futex.futex_fd_delay = 0, 0, 0, 0, 0, 0, 0, 0, 0, 0, 0, 0, 0, 0, 0, 0
futex.futex_lock_pi_count = 0, 0, 0, 0, 0, 0, 0, 0, 0, 0, 0, 0, 0, 0, 0, 0
futex.futex_lock_pi_delay = 0, 0, 0, 0, 0, 0, 0, 0, 0, 0, 0, 0, 0, 0, 0, 0
futex.futex_requeue_count = 0, 0, 0, 0, 0, 0, 0, 0, 0, 0, 0, 0, 0, 0, 0, 0
futex.futex_requeue_delay = 0, 0, 0, 0, 0, 0, 0, 0, 0, 0, 0, 0, 0, 0, 0, 0
futex.futex_trylock_pi_count = 0, 0, 0, 0, 0, 0, 0, 0, 0, 0, 0, 0, 0, 0, 0, 0
futex.futex_trylock_pi_delay = 0, 0, 0, 0, 0, 0, 0, 0, 0, 0, 0, 0, 0, 0, 0, 0
futex.futex_unlock_pi_count = 0, 0, 0, 0, 0, 0, 0, 0, 0, 0, 0, 0, 0, 0, 0, 0
futex.futex_unlock_pi_delay = 0, 0, 0, 0, 0, 0, 0, 0, 0, 0, 0, 0, 0, 0, 0, 0
futex.futex_wait_bitset_count = 1, 0, 0, 0, 0, 0, 0, 0, 0, 0, 0, 0, 0, 0, 0, 0
futex.futex_wait_bitset_delay = 0, 0, 0, 0, 0, 0, 0, 0, 0, 0, 0, 0, 0, 0, 0, 0
futex.futex_wait_count = 3, 0, 0, 0, 0, 0, 0, 0, 0, 0, 0, 0, 0, 0, 0, 0
futex.futex_wait_delay = 6485135345821, 0, 0, 0, 0, 0, 0, 0, 0, 0, 0, 0, 0, 0, 0, 0
futex.futex_wait_requeue_pi_count = 0, 0, 0, 0, 0, 0, 0, 0, 0, 0, 0, 0, 0, 0, 0, 0
futex.futex_wait_requeue_pi_delay = 0, 0, 0, 0, 0, 0, 0, 0, 0, 0, 0, 0, 0, 0, 0, 0
futex.futex_wake_bitset_count = 0, 0, 0, 0, 0, 0, 0, 0, 0, 0, 0, 0, 0, 0, 0, 0
futex.futex_wake_bitset_delay = 0, 0, 0, 0, 0, 0, 0, 0, 0, 0, 0, 0, 0, 0, 0, 0
futex.futex_wake_count = 1, 1, 1, 1, 1, 1, 1, 1, 1, 1, 1, 1, 1, 1, 1, 1, 1
futex.futex_wake_delay = 0, 1000000000, 1000000000, 0, 0, 0, 1000000000, 0, 0, 0, 0, 0, 0, 0, 0, 0
futex.futex_wake_op_count = 0, 0, 0, 0, 0, 0, 0, 0, 0, 0, 0, 0, 0, 0, 0, 0
futex.futex_wake_op_delay = 0, 0, 0, 0, 0, 0, 0, 0, 0, 0, 0, 0, 0, 0, 0, 0
global.time = 18894500000000
global.time_begin = 0
global.time_end = 18894500000000
interval_timer.cpContr_branch = 4340897124625, 443213615160, 433028229729, 381412640412, 421260412870, 446534494873, 450299345290, 387543774806, 423048055277, 448211211821, 436932406742, 385662315180, 429685191460, 437011279917, 437893618228, 390402571274
interval_timer.cpContr_fp_addsub = 3093017158852, 3057986933701, 3155403646594, 3257114074928, 3118273846805, 3192304287784, 3204055747761, 3106721473123, 3116301900390, 3063162662939, 3136669683458, 3261807890120, 3130522971954, 3200099125886, 3187049785984, 3100787601408
interval_timer.cpContr_fp_muldiv = 3313905792605, 3328808510845, 3533840763346, 3455343772251, 3343895933603, 3547336491688, 3420126546975, 3365424709047, 3328802245447, 3305979558381, 3532288923944, 3439706764250, 3404580470047, 3521204785689, 3401571060086, 3379885285686
interval_timer.cpContr_generic = 7912667387309, 3013285196852, 3030510899082, 3008764611459, 3061719206616, 2986753808382, 2958229137730, 3014140055884, 3045292403520, 3037753618597, 3032311934910, 3042515120194, 3047341290773, 2969729180273, 2962311287660, 3028305703400
interval_timer.cpContr_load_l1 = 7825669265898, 1293357176451, 1414534264829, 1251158301756, 1203573830538, 1250172987794, 1470236248715, 1105444229839, 1189231188905, 1319271114081, 1418015939871, 1256206050825, 1220640645930, 1215775422707, 1444670766413, 1108960326058
interval_timer.cpContr_load_l2 = 16554435, 0, 0, 0, 0, 0, 0, 2036108, 0, 0, 0, 0, 0, 0, 0, 0
interval_timer.cpContr_load_l3 = 0, 0, 0, 0, 0, 0, 0, 0, 0, 0, 0, 0, 0, 0, 0, 0
interval_timer.cpContr_load_other = 4163196170, 0, 0, 0, 0, 0, 0, 0, 0, 0, 0, 0, 0, 0, 0, 0
interval_timer.cpContr_port0 = 0, 0, 0, 0, 0, 0, 0, 0, 0, 0, 0, 0, 0, 0, 0, 0
interval_timer.cpContr_port015 = 956105581937, 1743045910, 3994969907, 384571444, 916333626, 2758593509, 3176588739, 7792995600, 1156385092, 654282104, 3750564378, 384515360, 671037345, 4243206928, 2901319955, 11359090485
interval_timer.cpContr_port05 = 0, 0, 0, 0, 0, 0, 0, 0, 0, 0, 0, 0, 0, 0, 0, 0
interval_timer.cpContr_port1 = 8219149486, 0, 0, 0, 500000, 500000, 500000, 0, 500000, 0, 500000, 0, 500000, 500000, 500000, 0
interval_timer.cpContr_port2 = 970201793084, 35248034232, 37026113565, 42111594389, 33932496978, 36749368068, 41075345202, 37221196208, 33686437546, 34620492564, 37569349271, 43471503136, 35121336196, 35860954959, 40178796775, 36148499055
interval_timer.cpContr_port34 = 314505376480, 5894776469, 5864899525, 4984089239, 5744811478, 5857644395, 5125945170, 5255481961, 7144093577, 6061194249, 6103691051, 4903929042, 5661793879, 5604544840, 5162494943, 5234678941
interval_timer.cpContr_port5 = 828580876284, 227808889125, 203175228596, 207743132518, 215868607127, 211949887926, 200230221301, 213034756176, 218147384036, 223693106255, 200845256774, 203114316757, 216366783116, 216792935688, 204094197654, 205863851919
interval_timer.cpContr_store = 1154160342256, 658600997290, 672210876897, 616438871748, 623426134929, 651903549300, 648469566960, 604730846861, 634471469111, 669901735977, 672277637611, 620860132156, 625676006788, 655150027512, 641089357493, 604848965636
interval_timer.cpiBase = 11559637408995, 4536069823647, 4695370967385, 4596035101659, 4522034141082, 4636322228655, 4662113147811, 4454062866126, 4510255972212, 4552371290565, 4690512707688, 4608507629862, 4554987450066, 4609724168466, 4634256067911, 4463583521301
interval_timer.cpiBranchPredictor = 4619553845499, 1086207695541, 1027445046390, 668268038583, 785012135643, 1081049436522, 1088439269445, 651448527723, 826312794183, 1067400219249, 1005112390095, 649475223912, 910515987342, 1046944250442, 1033493904900, 646577486100
interval_timer.cpiDataCachecache-remote = 3526683759, 753757695, 619171533, 509397345, 274059531, 328194747, 308645919, 637968483, 188721378, 650374470, 480450042, 351878904, 323307540, 292480542, 419171985, 369172098
interval_timer.cpiDataCachedram = 0, 0, 0, 0, 0, 0, 0, 0, 0, 0, 0, 0, 0, 0, 0, 0
interval_timer.cpiDataCachedram-cache = 0, 0, 0, 0, 0, 0, 0, 0, 0, 0, 0, 0, 0, 0, 0, 0
interval_timer.cpiDataCachedram-local = 3768412536, 0, 0, 0, 313909065, 0, 0, 0, 157518441, 0, 0, 0, 0, 0, 0, 0
interval_timer.cpiDataCachedram-remote = 14645455623, 1279320417, 1129696695, 969546681, 460901214, 803381643, 904509234, 1430823834, 358269867, 307894041, 74811861, 702629991, 168796611, 610900875, 228570912, 874058175
interval_timer.cpiDataCacheL1 = 0, 0, 0, 0, 0, 0, 0, 0, 0, 0, 0, 0, 0, 0, 0, 0
interval_timer.cpiDataCacheL1_S = 0, 0, 0, 0, 0, 0, 0, 0, 0, 0, 0, 0, 0, 0, 0, 0
interval_timer.cpiDataCacheL1I = 0, 0, 0, 0, 0, 0, 0, 0, 0, 0, 0, 0, 0, 0, 0, 0
interval_timer.cpiDataCacheL2 = 661276701, 0, 0, 0, 0, 0, 0, 0, 0, 0, 0, 0, 0, 0, 0, 0
interval_timer.cpiDataCacheL2_S = 0, 0, 0, 0, 0, 0, 0, 0, 0, 0, 0, 0, 0, 0, 0, 0
interval_timer.cpiDataCacheL3 = 0, 0, 0, 0, 0, 0, 0, 0, 0, 0, 0, 0, 0, 0, 0, 0
interval_timer.cpiDataCacheL3_S = 0, 0, 0, 0, 0, 0, 0, 0, 0, 0, 0, 0, 0, 0, 0, 0
interval_timer.cpiDataCacheL4 = 0, 0, 0, 0, 0, 0, 0, 0, 0, 0, 0, 0, 0, 0, 0, 0
interval_timer.cpiDataCacheL4_S = 0, 0, 0, 0, 0, 0, 0, 0, 0, 0, 0, 0, 0, 0, 0, 0
interval_timer.cpiDataCachemiss = 0, 0, 0, 0, 0, 0, 0, 0, 0, 0, 0, 0, 0, 0, 0, 0
interval_timer.cpiDataCachenuca-cache = 0, 0, 0, 0, 0, 0, 0, 0, 0, 0, 0, 0, 0, 0, 0, 0
interval_timer.cpiDataCachenuca-local = 35761573314, 37173224259, 32851429515, 43704036567, 43702156872, 41503665600, 39342016350, 37139389749, 60358510206, 39335625387, 39328482546, 39290888646, 45865309878, 50313044187, 39437504856, 37276983423
interval_timer.cpiDataCachenuca-remote = 1103650513263, 532041654726, 545161549887, 592764073884, 511977414357, 571816376865, 492556781556, 553119050700, 504772543422, 506061262314, 527420988477, 586099803231, 547376582475, 616960635741, 508724790129, 564440453685
interval_timer.cpiDataCachepredicate-false = 0, 0, 0, 0, 0, 0, 0, 0, 0, 0, 0, 0, 0, 0, 0, 0
interval_timer.cpiDataCacheprefetch-no-mapping = 0, 0, 0, 0, 0, 0, 0, 0, 0, 0, 0, 0, 0, 0, 0, 0
interval_timer.cpiDataCacheunknown = 0, 0, 0, 0, 0, 0, 0, 0, 0, 0, 0, 0, 0, 0, 0, 0
interval_timer.cpiInstructionCachecache-remote = 28571364, 173307879, 21052584, 21052584, 0, 304134651, 0, 0, 0, 0, 0, 0, 0, 0, 0, 0
interval_timer.cpiInstructionCachedram = 0, 0, 0, 0, 0, 0, 0, 0, 0, 0, 0, 0, 0, 0, 0, 0
interval_timer.cpiInstructionCachedram-cache = 0, 0, 0, 0, 0, 0, 0, 0, 0, 0, 0, 0, 0, 0, 0, 0
interval_timer.cpiInstructionCachedram-local = 3394353231, 0, 0, 0, 195864219, 0, 0, 0, 0, 0, 0, 0, 0, 0, 0, 0
interval_timer.cpiInstructionCachedram-remote = 11002230774, 69924654, 0, 0, 444359898, 0, 0, 0, 0, 0, 0, 0, 0, 0, 0, 0
interval_timer.cpiInstructionCacheL1 = 0, 0, 0, 0, 0, 0, 0, 0, 0, 0, 0, 0, 0, 0, 0, 0
interval_timer.cpiInstructionCacheL1_S = 0, 0, 0, 0, 0, 0, 0, 0, 0, 0, 0, 0, 0, 0, 0, 0
interval_timer.cpiInstructionCacheL1I = 0, 0, 0, 0, 0, 0, 0, 0, 0, 0, 0, 0, 0, 0, 0, 0
interval_timer.cpiInstructionCacheL2 = 0, 0, 0, 0, 0, 0, 0, 0, 0, 0, 0, 0, 0, 0, 0, 0
interval_timer.cpiInstructionCacheL2_S = 0, 0, 0, 0, 0, 0, 0, 0, 0, 0, 0, 0, 0, 0, 0, 0
interval_timer.cpiInstructionCacheL3 = 0, 0, 0, 0, 0, 0, 0, 0, 0, 0, 0, 0, 0, 0, 0, 0
interval_timer.cpiInstructionCacheL3_S = 0, 0, 0, 0, 0, 0, 0, 0, 0, 0, 0, 0, 0, 0, 0, 0
interval_timer.cpiInstructionCacheL4 = 0, 0, 0, 0, 0, 0, 0, 0, 0, 0, 0, 0, 0, 0, 0, 0
interval_timer.cpiInstructionCacheL4_S = 0, 0, 0, 0, 0, 0, 0, 0, 0, 0, 0, 0, 0, 0, 0, 0
interval_timer.cpiInstructionCachemiss = 0, 0, 0, 0, 0, 0, 0, 0, 0, 0, 0, 0, 0, 0, 0, 0
interval_timer.cpiInstructionCachenuca-cache = 0, 0, 0, 0, 0, 0, 0, 0, 0, 0, 0, 0, 0, 0, 0, 0
interval_timer.cpiInstructionCachenuca-local = 3622172265, 21052584, 0, 12615760962, 32330754, 42105168, 21012734466, 21052584, 21052584, 0, 18959355648, 18955972197, 42105168, 42105168, 21052584, 21052584
interval_timer.cpiInstructionCachenuca-remote = 882222442263, 234585936, 169753751694, 205027356186, 1132328268, 12294709056, 186700329936, 12258242973, 298495566, 224811522, 146657187351, 230609253258, 1456387686, 18701837433, 224702499690, 13436435799
interval_timer.cpiInstructionCachepredicate-false = 0, 0, 0, 0, 0, 0, 0, 0, 0, 0, 0, 0, 0, 0, 0, 0
interval_timer.cpiInstructionCacheprefetch-no-mapping = 0, 0, 0, 0, 0, 0, 0, 0, 0, 0, 0, 0, 0, 0, 0, 0
interval_timer.cpiInstructionCacheunknown = 0, 0, 0, 0, 0, 0, 0, 0, 0, 0, 0, 0, 0, 0, 0, 0
interval_timer.cpiLongLatency = 0, 0, 0, 0, 0, 0, 0, 0, 0, 0, 0, 0, 0, 0, 0, 0
interval_timer.cpiSerialization = 93232872, 0, 0, 0, 0, 0, 0, 0, 0, 0, 0, 0, 0, 0, 0, 0
interval_timer.detailed-cpiBase-BranchMispredict = 0, 0, 0, 0, 0, 0, 0, 0, 0, 0, 0, 0, 0, 0, 0, 0
interval_timer.detailed-cpiBase-DispatchRate = 26390445, 11739247, 12188468, 11897328, 11716131, 12013571, 12084612, 11501072, 11676002, 11785022, 12175950, 11932033, 11802752, 11927501, 12006960, 11521466
interval_timer.detailed-cpiBase-DispatchRate+BranchMispredict = 0, 0, 0, 0, 0, 0, 0, 0, 0, 0, 0, 0, 0, 0, 0, 0
interval_timer.detailed-cpiBase-DispatchRate+ICacheMiss = 0, 0, 0, 0, 0, 0, 0, 0, 0, 0, 0, 0, 0, 0, 0, 0
interval_timer.detailed-cpiBase-DispatchRate+ICacheMiss+BranchMispredict = 0, 0, 0, 0, 0, 0, 0, 0, 0, 0, 0, 0, 0, 0, 0, 0
interval_timer.detailed-cpiBase-DispatchWidth = 26550, 0, 99, 0, 0, 298, 199, 497, 0, 0, 0, 0, 0, 397, 201, 1337
interval_timer.detailed-cpiBase-DispatchWidth+BranchMispredict = 0, 0, 0, 0, 0, 0, 0, 0, 0, 0, 0, 0, 0, 0, 0, 0
interval_timer.detailed-cpiBase-DispatchWidth+DispatchRate = 4331710, 326726, 301148, 328153, 312507, 318776, 316438, 346265, 321306, 324313, 300842, 326625, 313542, 333996, 319988, 350356
interval_timer.detailed-cpiBase-DispatchWidth+DispatchRate+BranchMispredict = 0, 0, 0, 0, 0, 0, 0, 0, 0, 0, 0, 0, 0, 0, 0, 0
interval_timer.detailed-cpiBase-DispatchWidth+DispatchRate+ICacheMiss = 0, 0, 0, 0, 0, 0, 0, 0, 0, 0, 0, 0, 0, 0, 0, 0
interval_timer.detailed-cpiBase-DispatchWidth+DispatchRate+ICacheMiss+BranchMispredict = 0, 0, 0, 0, 0, 0, 0, 0, 0, 0, 0, 0, 0, 0, 0, 0
interval_timer.detailed-cpiBase-DispatchWidth+ICacheMiss = 0, 0, 0, 0, 0, 0, 0, 0, 0, 0, 0, 0, 0, 0, 0, 0
interval_timer.detailed-cpiBase-DispatchWidth+ICacheMiss+BranchMispredict = 0, 0, 0, 0, 0, 0, 0, 0, 0, 0, 0, 0, 0, 0, 0, 0
interval_timer.detailed-cpiBase-ICacheMiss = 0, 0, 0, 0, 0, 0, 0, 0, 0, 0, 0, 0, 0, 0, 0, 0
interval_timer.detailed-cpiBase-ICacheMiss+BranchMispredict = 0, 0, 0, 0, 0, 0, 0, 0, 0, 0, 0, 0, 0, 0, 0, 0
interval_timer.detailed-cpiBase-NoReason = 0, 0, 0, 0, 0, 0, 0, 0, 0, 0, 0, 0, 0, 0, 0, 0
interval_timer.detailed-cpiBase-WindowEmpty = 0, 0, 0, 0, 0, 0, 0, 0, 0, 0, 0, 0, 0, 0, 0, 0
interval_timer.detailed-cpiBase-WindowEmpty+BranchMispredict = 0, 0, 0, 0, 0, 0, 0, 0, 0, 0, 0, 0, 0, 0, 0, 0
interval_timer.detailed-cpiBase-WindowEmpty+DispatchRate = 0, 0, 0, 0, 0, 0, 0, 0, 0, 0, 0, 0, 0, 0, 0, 0
interval_timer.detailed-cpiBase-WindowEmpty+DispatchRate+BranchMispredict = 0, 0, 0, 0, 0, 0, 0, 0, 0, 0, 0, 0, 0, 0, 0, 0
interval_timer.detailed-cpiBase-WindowEmpty+DispatchRate+ICacheMiss = 0, 0, 0, 0, 0, 0, 0, 0, 0, 0, 0, 0, 0, 0, 0, 0
interval_timer.detailed-cpiBase-WindowEmpty+DispatchRate+ICacheMiss+BranchMispredict = 0, 0, 0, 0, 0, 0, 0, 0, 0, 0, 0, 0, 0, 0, 0, 0
interval_timer.detailed-cpiBase-WindowEmpty+DispatchWidth = 0, 0, 0, 0, 0, 0, 0, 0, 0, 0, 0, 0, 0, 0, 0, 0
interval_timer.detailed-cpiBase-WindowEmpty+DispatchWidth+BranchMispredict = 0, 0, 0, 0, 0, 0, 0, 0, 0, 0, 0, 0, 0, 0, 0, 0
interval_timer.detailed-cpiBase-WindowEmpty+DispatchWidth+DispatchRate = 0, 0, 0, 0, 0, 0, 0, 0, 0, 0, 0, 0, 0, 0, 0, 0
interval_timer.detailed-cpiBase-WindowEmpty+DispatchWidth+DispatchRate+BranchMispredict = 0, 0, 0, 0, 0, 0, 0, 0, 0, 0, 0, 0, 0, 0, 0, 0
interval_timer.detailed-cpiBase-WindowEmpty+DispatchWidth+DispatchRate+ICacheMiss = 0, 0, 0, 0, 0, 0, 0, 0, 0, 0, 0, 0, 0, 0, 0, 0
interval_timer.detailed-cpiBase-WindowEmpty+DispatchWidth+DispatchRate+ICacheMiss+BranchMispredict = 0, 0, 0, 0, 0, 0, 0, 0, 0, 0, 0, 0, 0, 0, 0, 0
interval_timer.detailed-cpiBase-WindowEmpty+DispatchWidth+ICacheMiss = 0, 0, 0, 0, 0, 0, 0, 0, 0, 0, 0, 0, 0, 0, 0, 0
interval_timer.detailed-cpiBase-WindowEmpty+DispatchWidth+ICacheMiss+BranchMispredict = 0, 0, 0, 0, 0, 0, 0, 0, 0, 0, 0, 0, 0, 0, 0, 0
interval_timer.detailed-cpiBase-WindowEmpty+ICacheMiss = 0, 0, 0, 0, 0, 0, 0, 0, 0, 0, 0, 0, 0, 0, 0, 0
interval_timer.detailed-cpiBase-WindowEmpty+ICacheMiss+BranchMispredict = 0, 0, 0, 0, 0, 0, 0, 0, 0, 0, 0, 0, 0, 0, 0, 0
interval_timer.loadstore_contention.no-free-slots = 0, 0, 0, 0, 0, 0, 0, 0, 0, 0, 0, 0, 0, 0, 0, 0
interval_timer.loadstore_contention.num-barriers = 0, 0, 0, 0, 0, 0, 0, 0, 0, 0, 0, 0, 0, 0, 0, 0
interval_timer.loadstore_contention.num-requests = 13238866, 3778488, 3758508, 3702774, 3751699, 3629867, 3742918, 3727140, 3763290, 3796859, 3763939, 3705171, 3749725, 3617938, 3747775, 3731285
interval_timer.loadstore_contention.requests-out-of-order = 8829781, 2893821, 2818088, 2798965, 2898303, 2749515, 2822704, 2865659, 2913320, 2908114, 2822190, 2796001, 2893025, 2731435, 2839522, 2858903
interval_timer.loadstore_contention.requests-simultaneous = 1347074, 197982, 237796, 215040, 181421, 196363, 209758, 179214, 182698, 204464, 237206, 223528, 184058, 199234, 200676, 185333
interval_timer.loadstore_contention.total-barrier-delay = 0, 0, 0, 0, 0, 0, 0, 0, 0, 0, 0, 0, 0, 0, 0, 0
interval_timer.loadstore_contention.total-delay = 6197354415, 38721717, 12212754354, 301127139, 721802880, 1465410222, 833080824, 377818695, 48496131, 44736741, 13228165593, 119548602, 647742897, 1847740185, 943230951, 749998305
interval_timer.numBPredOverlapped = 470759, 70023, 73246, 75362, 75039, 88331, 71758, 71395, 69756, 67190, 72740, 74010, 75438, 91120, 70830, 70384
interval_timer.numDCacheOverlapped = 1073486, 517485, 538090, 595505, 547065, 666097, 552646, 570358, 536474, 500905, 529725, 594792, 548738, 678226, 548689, 567578
interval_timer.numHiddenLongerDCacheLatency = 48530, 46260, 50103, 52519, 41897, 46484, 49735, 48479, 44276, 45190, 48595, 54333, 42564, 47190, 49493, 48258
interval_timer.numICacheOverlapped = 7164891, 3743934, 3827358, 3957136, 3675246, 4272592, 3669389, 3879536, 3695367, 3639628, 3810958, 3948213, 3696023, 4361997, 3671738, 3860967
interval_timer.numLongLatencyLoads = 56806, 29562, 30245, 31270, 29024, 33763, 29010, 30651, 29191, 28737, 30126, 31202, 29216, 34478, 29027, 30514
interval_timer.numMfenceInsns = 0, 0, 0, 0, 0, 0, 0, 0, 0, 0, 0, 0, 0, 0, 0, 0
interval_timer.numSerializationInsns = 117, 0, 0, 0, 0, 0, 0, 0, 0, 0, 0, 0, 0, 0, 0, 0
interval_timer.numTotalLongLatencyLoadLatency = 3090964, 1519523, 1542170, 1696943, 1480901, 1634445, 1418081, 1575594, 1505126, 1453308, 1509034, 1666348, 1579336, 1777355, 1459838, 1603879
interval_timer.outstandingLongLatencyCycles = 3778893, 2006144, 2071664, 2350048, 1939990, 2222677, 1967477, 2163769, 2050711, 1907651, 2026345, 2344469, 2041349, 2427173, 1992035, 2183675
interval_timer.outstandingLongLatencyInsns = 7818149, 4735225, 4969369, 5686231, 4500451, 4887363, 4819586, 5133577, 4711976, 4539914, 4829137, 5728908, 4795915, 5317953, 4887209, 5153034
interval_timer.totalHiddenDCacheLatency = 9385111, 5674037, 5953970, 6790207, 5647390, 6458006, 6004773, 6271303, 5774794, 5463335, 5812420, 6849119, 5849580, 6797132, 6017432, 6252474
interval_timer.totalHiddenLongerDCacheLatency = 1197276, 874740, 906513, 981727, 856759, 911645, 941363, 994849, 877211, 822090, 885002, 1037115, 874173, 954602, 913433, 956458
interval_timer.totalMfenceLatency = 0, 0, 0, 0, 0, 0, 0, 0, 0, 0, 0, 0, 0, 0, 0, 0
interval_timer.totalSerializationLatency = 248, 0, 0, 0, 0, 0, 0, 0, 0, 0, 0, 0, 0, 0, 0, 0
interval_timer.uop_branch = 11793021, 1821153, 1820905, 1821880, 1821558, 1821058, 1820958, 1822204, 1821158, 1821358, 1820758, 1821858, 1820858, 1821858, 1820558, 1821558
interval_timer.uop_fp_addsub = 1942503, 1936800, 1939200, 1943600, 1941500, 1940600, 1938500, 1938400, 1945700, 1940300, 1937400, 1940600, 1945900, 1941400, 1935800, 1943800
interval_timer.uop_fp_muldiv = 2287302, 2286200, 2288400, 2287300, 2287300, 2286200, 2287300, 2285100, 2289500, 2288400, 2285100, 2288400, 2288400, 2286200, 2288400, 2287300
interval_timer.uop_generic = 32622408, 8673735, 8671773, 8684284, 8685106, 8676406, 8671506, 8682851, 8685506, 8678406, 8668606, 8687006, 8682906, 8678706, 8670406, 8686606
interval_timer.uop_load = 14312384, 4295988, 4296614, 4298295, 4298779, 4295979, 4295579, 4297548, 4299779, 4297779, 4293679, 4299979, 4298479, 4296179, 4296479, 4298879
interval_timer.uop_store = 7863401, 1952974, 1952941, 1953846, 1953551, 1952951, 1952951, 1953797, 1953351, 1953451, 1952551, 1953951, 1952951, 1953751, 1952651, 1953551
interval_timer.uops_pause = 0, 0, 0, 0, 0, 0, 0, 0, 0, 0, 0, 0, 0, 0, 0, 0
interval_timer.uops_total = 70821019, 20966850, 20969833, 20989205, 20987794, 20973194, 20966794, 20979900, 20994994, 20979694, 20958094, 20991794, 20989494, 20978094, 20964294, 20991694
interval_timer.uops_x87 = 0, 0, 0, 0, 0, 0, 0, 0, 0, 0, 0, 0, 0, 0, 0, 0
ipc = 0.533882617163
itlb.access = 9776438, 2183551, 2182386, 2182317, 2184449, 2180249, 2182449, 2184853, 2181649, 2184849, 2179449, 2188249, 2178449, 2182049, 2185649, 2182249
itlb.miss = 82, 23, 23, 23, 18, 18, 18, 23, 18, 18, 18, 18, 18, 18, 18, 18
itlb_cache.access-mru-0 = 9308732, 2029927, 2028762, 2028693, 2030831, 2026631, 2028831, 2031227, 2028031, 2031231, 2025831, 2034631, 2024831, 2028431, 2032031, 2028631
itlb_cache.access-mru-1 = 459428, 153601, 153601, 153601, 153600, 153600, 153600, 153603, 153600, 153600, 153600, 153600, 153600, 153600, 153600, 153600
itlb_cache.access-mru-2 = 8193, 0, 0, 0, 0, 0, 0, 0, 0, 0, 0, 0, 0, 0, 0, 0
itlb_cache.access-mru-3 = 3, 0, 0, 0, 0, 0, 0, 0, 0, 0, 0, 0, 0, 0, 0, 0
L1-D.access-mru-0 = 21165840, 5697751, 5837111, 5779616, 5833390, 5815896, 5846390, 5640856, 5673408, 5840192, 5839183, 5775680, 5837503, 5681398, 5843280, 5644267
L1-D.access-mru-1 = 733567, 378699, 282924, 316485, 289848, 288464, 278211, 405451, 391822, 288087, 279105, 320274, 288121, 376691, 282306, 401117
L1-D.access-mru-2 = 84732, 64985, 30237, 35742, 20480, 24881, 21876, 71103, 69733, 17381, 28883, 39183, 17062, 69139, 21679, 71304
L1-D.access-mru-3 = 42404, 29895, 17248, 25000, 35190, 35693, 20701, 45054, 41645, 29898, 18299, 21601, 34412, 35857, 20898, 47248
L1-D.backinval-D = 0, 0, 0, 0, 0, 0, 0, 0, 0, 0, 0, 0, 0, 0, 0, 0
L1-D.backinval-E = 98766, 71782, 75086, 77989, 67880, 71285, 75486, 72743, 68277, 70974, 74282, 79587, 68678, 72882, 75387, 72416
L1-D.backinval-I = 0, 0, 0, 0, 0, 0, 0, 0, 0, 0, 0, 0, 0, 0, 0, 0
L1-D.backinval-M = 33220, 1436, 1229, 8579, 1296, 1213, 1211, 7920, 1317, 1238, 1215, 9086, 1329, 1409, 1206, 8012
L1-D.backinval-O = 0, 0, 0, 0, 0, 0, 0, 0, 0, 0, 0, 0, 0, 0, 0, 0
L1-D.backinval-S = 9713, 4011, 5211, 8239, 3808, 11033, 4195, 7713, 6491, 2999, 4798, 8094, 3904, 12085, 3893, 7502
L1-D.backinval-u = 0, 0, 0, 0, 0, 0, 0, 0, 0, 0, 0, 0, 0, 0, 0, 0
L1-D.coherency-downgrades = 141, 50, 52, 47, 37, 41, 43, 52, 30, 27, 25, 34, 21, 32, 29, 30
L1-D.coherency-invalidates = 23, 11, 9, 13, 8, 7, 8, 13, 8, 4, 5, 4, 5, 4, 5, 3
L1-D.coherency-upgrades = 0, 0, 0, 0, 0, 0, 0, 0, 0, 0, 0, 0, 0, 0, 0, 0
L1-D.coherency-writebacks = 157, 67, 205, 194, 185, 198, 203, 189, 195, 178, 203, 182, 171, 201, 221, 205
L1-D.evict-D = 0, 0, 0, 0, 0, 0, 0, 0, 0, 0, 0, 0, 0, 0, 0, 0
L1-D.evict-E = 0, 0, 0, 0, 0, 0, 0, 0, 0, 0, 0, 0, 0, 0, 0, 0
L1-D.evict-I = 0, 0, 0, 0, 0, 0, 0, 0, 0, 0, 0, 0, 0, 0, 0, 0
L1-D.evict-M = 0, 0, 0, 0, 0, 0, 0, 0, 0, 0, 0, 0, 0, 0, 0, 0
L1-D.evict-O = 0, 0, 0, 0, 0, 0, 0, 0, 0, 0, 0, 0, 0, 0, 0, 0
L1-D.evict-prefetch = 0, 0, 0, 0, 0, 0, 0, 0, 0, 0, 0, 0, 0, 0, 0, 0
L1-D.evict-S = 0, 0, 0, 0, 0, 0, 0, 0, 0, 0, 0, 0, 0, 0, 0, 0
L1-D.evict-u = 0, 0, 0, 0, 0, 0, 0, 0, 0, 0, 0, 0, 0, 0, 0, 0
L1-D.evict-warmup = 0, 0, 0, 0, 0, 0, 0, 0, 0, 0, 0, 0, 0, 0, 0, 0
L1-D.hits-prefetch = 0, 0, 0, 0, 0, 0, 0, 0, 0, 0, 0, 0, 0, 0, 0, 0
L1-D.hits-warmup = 0, 0, 0, 0, 0, 0, 0, 0, 0, 0, 0, 0, 0, 0, 0, 0
L1-D.invalidate-prefetch = 0, 0, 0, 0, 0, 0, 0, 0, 0, 0, 0, 0, 0, 0, 0, 0
L1-D.invalidate-warmup = 0, 0, 0, 0, 0, 0, 0, 0, 0, 0, 0, 0, 0, 0, 0, 0
L1-D.load-misses = 115875, 76092, 80567, 86499, 71917, 82559, 79909, 80741, 74986, 74229, 79313, 87900, 72809, 85206, 79513, 80254
L1-D.load-misses-D = 0, 0, 0, 0, 0, 0, 0, 0, 0, 0, 0, 0, 0, 0, 0, 0
L1-D.load-misses-E = 33, 0, 0, 0, 0, 0, 0, 1, 0, 0, 0, 0, 0, 0, 0, 0
L1-D.load-misses-I = 115829, 76092, 80567, 86499, 71917, 82559, 79909, 80740, 74986, 74229, 79313, 87900, 72809, 85206, 79513, 80254
L1-D.load-misses-M = 0, 0, 0, 0, 0, 0, 0, 0, 0, 0, 0, 0, 0, 0, 0, 0
L1-D.load-misses-O = 0, 0, 0, 0, 0, 0, 0, 0, 0, 0, 0, 0, 0, 0, 0, 0
L1-D.load-misses-S = 13, 0, 0, 0, 0, 0, 0, 0, 0, 0, 0, 0, 0, 0, 0, 0
L1-D.load-misses-u = 0, 0, 0, 0, 0, 0, 0, 0, 0, 0, 0, 0, 0, 0, 0, 0
L1-D.load-overlapping-misses = 0, 0, 0, 0, 0, 0, 0, 0, 0, 0, 0, 0, 0, 0, 0, 0
L1-D.loads = 14312186, 4295988, 4296614, 4298295, 4298779, 4295979, 4295579, 4297548, 4299779, 4297779, 4293679, 4299979, 4298479, 4296179, 4296479, 4298879
L1-D.loads-D = 0, 0, 0, 0, 0, 0, 0, 0, 0, 0, 0, 0, 0, 0, 0, 0
L1-D.loads-E = 2132909, 81863, 78552, 75630, 85773, 82319, 78120, 81938, 85303, 82599, 79301, 74026, 84920, 80712, 78207, 82057
L1-D.loads-I = 115829, 76092, 80567, 86499, 71917, 82559, 79909, 80740, 74986, 74229, 79313, 87900, 72809, 85206, 79513, 80254
L1-D.loads-M = 9995995, 2111758, 2110719, 2113323, 2113872, 2111939, 2110739, 2112962, 2113338, 2112140, 2110440, 2114331, 2112807, 2112141, 2110839, 2113033
L1-D.loads-O = 0, 0, 0, 0, 0, 0, 0, 0, 0, 0, 0, 0, 0, 0, 0, 0
L1-D.loads-prefetch = 0, 0, 0, 0, 0, 0, 0, 0, 0, 0, 0, 0, 0, 0, 0, 0
L1-D.loads-S = 2067453, 2026275, 2026776, 2022843, 2027217, 2019162, 2026811, 2021908, 2026152, 2028811, 2024625, 2023722, 2027943, 2018120, 2027920, 2023535
L1-D.loads-u = 0, 0, 0, 0, 0, 0, 0, 0, 0, 0, 0, 0, 0, 0, 0, 0
L1-D.loads-where-cache-remote = 291, 62, 42, 29, 22, 22, 22, 30, 15, 29, 26, 15, 16, 15, 23, 31
L1-D.loads-where-dram = 0, 0, 0, 0, 0, 0, 0, 0, 0, 0, 0, 0, 0, 0, 0, 0
L1-D.loads-where-dram-cache = 0, 0, 0, 0, 0, 0, 0, 0, 0, 0, 0, 0, 0, 0, 0, 0
L1-D.loads-where-dram-local = 134, 0, 0, 0, 7, 0, 0, 0, 2, 0, 0, 0, 2, 0, 0, 0
L1-D.loads-where-dram-remote = 350, 31, 30, 26, 14, 22, 23, 43, 11, 9, 6, 18, 2, 15, 12, 15
L1-D.loads-where-L1 = 14196311, 4219896, 4216047, 4211796, 4226862, 4213420, 4215670, 4216807, 4224793, 4223550, 4214366, 4212079, 4225670, 4210973, 4216966, 4218625
L1-D.loads-where-L1_S = 0, 0, 0, 0, 0, 0, 0, 0, 0, 0, 0, 0, 0, 0, 0, 0
L1-D.loads-where-L1I = 0, 0, 0, 0, 0, 0, 0, 0, 0, 0, 0, 0, 0, 0, 0, 0
L1-D.loads-where-L2 = 72, 1, 1, 1, 1, 1, 2, 2, 2, 1, 1, 1, 1, 1, 2, 1
L1-D.loads-where-L2_S = 0, 0, 0, 0, 0, 0, 0, 0, 0, 0, 0, 0, 0, 0, 0, 0
L1-D.loads-where-L3 = 0, 0, 0, 0, 0, 0, 0, 0, 0, 0, 0, 0, 0, 0, 0, 0
L1-D.loads-where-L3_S = 0, 0, 0, 0, 0, 0, 0, 0, 0, 0, 0, 0, 0, 0, 0, 0
L1-D.loads-where-L4 = 0, 0, 0, 0, 0, 0, 0, 0, 0, 0, 0, 0, 0, 0, 0, 0
L1-D.loads-where-L4_S = 0, 0, 0, 0, 0, 0, 0, 0, 0, 0, 0, 0, 0, 0, 0, 0
L1-D.loads-where-miss = 0, 0, 0, 0, 0, 0, 0, 0, 0, 0, 0, 0, 0, 0, 0, 0
L1-D.loads-where-nuca-cache = 0, 0, 0, 0, 0, 0, 0, 0, 0, 0, 0, 0, 0, 0, 0, 0
L1-D.loads-where-nuca-local = 4279, 4210, 4512, 4909, 5010, 4511, 4809, 4610, 6008, 6011, 4613, 4610, 4912, 5614, 4712, 4214
L1-D.loads-where-nuca-remote = 110749, 71788, 75982, 81534, 66863, 78003, 75053, 76056, 68948, 68179, 74667, 83256, 67876, 79561, 74764, 75993
L1-D.loads-where-predicate-false = 0, 0, 0, 0, 0, 0, 0, 0, 0, 0, 0, 0, 0, 0, 0, 0
L1-D.loads-where-prefetch-no-mapping = 0, 0, 0, 0, 0, 0, 0, 0, 0, 0, 0, 0, 0, 0, 0, 0
L1-D.loads-where-unknown = 0, 0, 0, 0, 0, 0, 0, 0, 0, 0, 0, 0, 0, 0, 0, 0
L1-D.mshr-latency = 0, 0, 0, 0, 0, 0, 0, 0, 0, 0, 0, 0, 0, 0, 0, 0
L1-D.next_read.no-free-slots = 0, 0, 0, 0, 0, 0, 0, 0, 0, 0, 0, 0, 0, 0, 0, 0
L1-D.next_read.num-barriers = 0, 0, 0, 0, 0, 0, 0, 0, 0, 0, 0, 0, 0, 0, 0, 0
L1-D.next_read.num-requests = 0, 0, 0, 0, 0, 0, 0, 0, 0, 0, 0, 0, 0, 0, 0, 0
L1-D.next_read.requests-out-of-order = 0, 0, 0, 0, 0, 0, 0, 0, 0, 0, 0, 0, 0, 0, 0, 0
L1-D.next_read.requests-simultaneous = 0, 0, 0, 0, 0, 0, 0, 0, 0, 0, 0, 0, 0, 0, 0, 0
L1-D.next_read.total-barrier-delay = 0, 0, 0, 0, 0, 0, 0, 0, 0, 0, 0, 0, 0, 0, 0, 0
L1-D.next_read.total-delay = 0, 0, 0, 0, 0, 0, 0, 0, 0, 0, 0, 0, 0, 0, 0, 0
L1-D.prefetches = 0, 0, 0, 0, 0, 0, 0, 0, 0, 0, 0, 0, 0, 0, 0, 0
L1-D.qbs-query-latency = 0, 0, 0, 0, 0, 0, 0, 0, 0, 0, 0, 0, 0, 0, 0, 0
L1-D.snoop-latency = 0, 0, 0, 0, 0, 0, 0, 0, 0, 0, 0, 0, 0, 0, 0, 0
L1-D.store-misses = 33463, 1540, 1468, 8799, 1505, 1437, 1443, 8140, 1536, 1443, 1447, 9292, 1523, 1639, 1454, 8240
L1-D.store-misses-D = 0, 0, 0, 0, 0, 0, 0, 0, 0, 0, 0, 0, 0, 0, 0, 0
L1-D.store-misses-E = 7134, 2, 2, 2, 19, 2, 2, 6, 1, 2, 2, 2, 9, 1, 2, 101
L1-D.store-misses-I = 26301, 1533, 1460, 8792, 1485, 1434, 1440, 8131, 1534, 1440, 1444, 9289, 1513, 1637, 1451, 8138
L1-D.store-misses-M = 0, 0, 0, 0, 0, 0, 0, 0, 0, 0, 0, 0, 0, 0, 0, 0
L1-D.store-misses-O = 0, 0, 0, 0, 0, 0, 0, 0, 0, 0, 0, 0, 0, 0, 0, 0
L1-D.store-misses-S = 28, 5, 6, 5, 1, 1, 1, 3, 1, 1, 1, 1, 1, 1, 1, 1
L1-D.store-misses-u = 0, 0, 0, 0, 0, 0, 0, 0, 0, 0, 0, 0, 0, 0, 0, 0
L1-D.store-overlapping-misses = 0, 0, 0, 0, 0, 0, 0, 0, 0, 0, 0, 0, 0, 0, 0, 0
L1-D.stores = 7863695, 1952974, 1952941, 1953846, 1953551, 1952951, 1952951, 1953797, 1953351, 1953451, 1952551, 1953951, 1952951, 1953751, 1952651, 1953551
L1-D.stores-D = 0, 0, 0, 0, 0, 0, 0, 0, 0, 0, 0, 0, 0, 0, 0, 0
L1-D.stores-E = 7134, 2, 2, 2, 19, 2, 2, 6, 1, 2, 2, 2, 9, 1, 2, 101
L1-D.stores-I = 26301, 1533, 1460, 8792, 1485, 1434, 1440, 8131, 1534, 1440, 1444, 9289, 1513, 1637, 1451, 8138
L1-D.stores-M = 7830232, 1951434, 1951473, 1945047, 1952046, 1951514, 1951508, 1945657, 1951815, 1952008, 1951104, 1944659, 1951428, 1952112, 1951197, 1945311
L1-D.stores-O = 0, 0, 0, 0, 0, 0, 0, 0, 0, 0, 0, 0, 0, 0, 0, 0
L1-D.stores-prefetch = 0, 0, 0, 0, 0, 0, 0, 0, 0, 0, 0, 0, 0, 0, 0, 0
L1-D.stores-S = 28, 5, 6, 5, 1, 1, 1, 3, 1, 1, 1, 1, 1, 1, 1, 1
L1-D.stores-u = 0, 0, 0, 0, 0, 0, 0, 0, 0, 0, 0, 0, 0, 0, 0, 0
L1-D.stores-where-cache-remote = 0, 0, 0, 0, 0, 0, 0, 0, 0, 0, 0, 0, 0, 0, 0, 0
L1-D.stores-where-dram = 0, 0, 0, 0, 0, 0, 0, 0, 0, 0, 0, 0, 0, 0, 0, 0
L1-D.stores-where-dram-cache = 0, 0, 0, 0, 0, 0, 0, 0, 0, 0, 0, 0, 0, 0, 0, 0
L1-D.stores-where-dram-local = 0, 0, 0, 0, 0, 0, 0, 0, 0, 0, 0, 0, 0, 0, 0, 0
L1-D.stores-where-dram-remote = 0, 0, 0, 0, 0, 0, 0, 0, 0, 0, 0, 0, 0, 0, 0, 0
L1-D.stores-where-L1 = 7830232, 1951434, 1951473, 1945047, 1952046, 1951514, 1951508, 1945657, 1951815, 1952008, 1951104, 1944659, 1951428, 1952112, 1951197, 1945311
L1-D.stores-where-L1_S = 0, 0, 0, 0, 0, 0, 0, 0, 0, 0, 0, 0, 0, 0, 0, 0
L1-D.stores-where-L1I = 0, 0, 0, 0, 0, 0, 0, 0, 0, 0, 0, 0, 0, 0, 0, 0
L1-D.stores-where-L2 = 33463, 1540, 1468, 8799, 1505, 1437, 1443, 8140, 1536, 1443, 1447, 9292, 1523, 1639, 1454, 8240
L1-D.stores-where-L2_S = 0, 0, 0, 0, 0, 0, 0, 0, 0, 0, 0, 0, 0, 0, 0, 0
L1-D.stores-where-L3 = 0, 0, 0, 0, 0, 0, 0, 0, 0, 0, 0, 0, 0, 0, 0, 0
L1-D.stores-where-L3_S = 0, 0, 0, 0, 0, 0, 0, 0, 0, 0, 0, 0, 0, 0, 0, 0
L1-D.stores-where-L4 = 0, 0, 0, 0, 0, 0, 0, 0, 0, 0, 0, 0, 0, 0, 0, 0
L1-D.stores-where-L4_S = 0, 0, 0, 0, 0, 0, 0, 0, 0, 0, 0, 0, 0, 0, 0, 0
L1-D.stores-where-miss = 0, 0, 0, 0, 0, 0, 0, 0, 0, 0, 0, 0, 0, 0, 0, 0
L1-D.stores-where-nuca-cache = 0, 0, 0, 0, 0, 0, 0, 0, 0, 0, 0, 0, 0, 0, 0, 0
L1-D.stores-where-nuca-local = 0, 0, 0, 0, 0, 0, 0, 0, 0, 0, 0, 0, 0, 0, 0, 0
L1-D.stores-where-nuca-remote = 0, 0, 0, 0, 0, 0, 0, 0, 0, 0, 0, 0, 0, 0, 0, 0
L1-D.stores-where-predicate-false = 0, 0, 0, 0, 0, 0, 0, 0, 0, 0, 0, 0, 0, 0, 0, 0
L1-D.stores-where-prefetch-no-mapping = 0, 0, 0, 0, 0, 0, 0, 0, 0, 0, 0, 0, 0, 0, 0, 0
L1-D.stores-where-unknown = 0, 0, 0, 0, 0, 0, 0, 0, 0, 0, 0, 0, 0, 0, 0, 0
L1-D.total-latency = 7035290363983, 1756778021481, 1841036289130, 2302645566703, 1670477207395, 1805591415304, 1782411823487, 2063198657398, 1750559308186, 1680922690177, 1786540693585, 2323277734689, 1783447060404, 1971160201462, 1809552405508, 2077000416593
L1-I.access-mru-0 = 7529014, 1938817, 1929141, 1931448, 1943357, 1940364, 1935466, 1945205, 1942163, 1939565, 1927363, 1935425, 1937150, 1942063, 1938765, 1942264
L1-I.access-mru-1 = 1848725, 236413, 239209, 239005, 238997, 238796, 232396, 238616, 239396, 237104, 238596, 239196, 239196, 238797, 232595, 238996
L1-I.access-mru-2 = 293337, 0, 0, 0, 0, 0, 0, 0, 0, 0, 0, 0, 0, 0, 0, 0
L1-I.access-mru-3 = 48467, 0, 0, 0, 0, 0, 0, 0, 0, 0, 0, 0, 0, 0, 0, 0
L1-I.backinval-D = 0, 0, 0, 0, 0, 0, 0, 0, 0, 0, 0, 0, 0, 0, 0, 0
L1-I.backinval-E = 56415, 0, 0, 0, 0, 0, 0, 0, 0, 0, 0, 0, 0, 0, 0, 0
L1-I.backinval-I = 0, 0, 0, 0, 0, 0, 0, 0, 0, 0, 0, 0, 0, 0, 0, 0
L1-I.backinval-M = 0, 0, 0, 0, 0, 0, 0, 0, 0, 0, 0, 0, 0, 0, 0, 0
L1-I.backinval-O = 0, 0, 0, 0, 0, 0, 0, 0, 0, 0, 0, 0, 0, 0, 0, 0
L1-I.backinval-S = 219, 8223, 13928, 11760, 2011, 1007, 14504, 916, 5, 8099, 13410, 13545, 2020, 1107, 14209, 903
L1-I.backinval-u = 0, 0, 0, 0, 0, 0, 0, 0, 0, 0, 0, 0, 0, 0, 0, 0
L1-I.coherency-downgrades = 42, 8, 15, 9, 25, 12, 0, 25, 0, 0, 0, 0, 0, 0, 0, 0
L1-I.coherency-invalidates = 0, 0, 0, 0, 0, 0, 0, 0, 0, 0, 0, 0, 0, 0, 0, 0
L1-I.coherency-upgrades = 0, 0, 0, 0, 0, 0, 0, 0, 0, 0, 0, 0, 0, 0, 0, 0
L1-I.coherency-writebacks = 0, 0, 0, 0, 0, 0, 0, 0, 0, 0, 0, 0, 0, 0, 0, 0
L1-I.evict-D = 0, 0, 0, 0, 0, 0, 0, 0, 0, 0, 0, 0, 0, 0, 0, 0
L1-I.evict-E = 0, 0, 0, 0, 0, 0, 0, 0, 0, 0, 0, 0, 0, 0, 0, 0
L1-I.evict-I = 0, 0, 0, 0, 0, 0, 0, 0, 0, 0, 0, 0, 0, 0, 0, 0
L1-I.evict-M = 0, 0, 0, 0, 0, 0, 0, 0, 0, 0, 0, 0, 0, 0, 0, 0
L1-I.evict-O = 0, 0, 0, 0, 0, 0, 0, 0, 0, 0, 0, 0, 0, 0, 0, 0
L1-I.evict-prefetch = 0, 0, 0, 0, 0, 0, 0, 0, 0, 0, 0, 0, 0, 0, 0, 0
L1-I.evict-S = 0, 0, 0, 0, 0, 0, 0, 0, 0, 0, 0, 0, 0, 0, 0, 0
L1-I.evict-u = 0, 0, 0, 0, 0, 0, 0, 0, 0, 0, 0, 0, 0, 0, 0, 0
L1-I.evict-warmup = 0, 0, 0, 0, 0, 0, 0, 0, 0, 0, 0, 0, 0, 0, 0, 0
L1-I.hits-prefetch = 0, 0, 0, 0, 0, 0, 0, 0, 0, 0, 0, 0, 0, 0, 0, 0
L1-I.hits-warmup = 0, 0, 0, 0, 0, 0, 0, 0, 0, 0, 0, 0, 0, 0, 0, 0
L1-I.invalidate-prefetch = 0, 0, 0, 0, 0, 0, 0, 0, 0, 0, 0, 0, 0, 0, 0, 0
L1-I.invalidate-warmup = 0, 0, 0, 0, 0, 0, 0, 0, 0, 0, 0, 0, 0, 0, 0, 0
L1-I.load-misses = 56895, 8321, 14036, 11864, 2095, 1089, 14587, 1032, 90, 8180, 13490, 13628, 2103, 1189, 14289, 989
L1-I.load-misses-D = 0, 0, 0, 0, 0, 0, 0, 0, 0, 0, 0, 0, 0, 0, 0, 0
L1-I.load-misses-E = 0, 0, 0, 0, 0, 0, 0, 0, 0, 0, 0, 0, 0, 0, 0, 0
L1-I.load-misses-I = 56895, 8321, 14036, 11864, 2095, 1089, 14587, 1032, 90, 8180, 13490, 13628, 2103, 1189, 14289, 989
L1-I.load-misses-M = 0, 0, 0, 0, 0, 0, 0, 0, 0, 0, 0, 0, 0, 0, 0, 0
L1-I.load-misses-O = 0, 0, 0, 0, 0, 0, 0, 0, 0, 0, 0, 0, 0, 0, 0, 0
L1-I.load-misses-S = 0, 0, 0, 0, 0, 0, 0, 0, 0, 0, 0, 0, 0, 0, 0, 0
L1-I.load-misses-u = 0, 0, 0, 0, 0, 0, 0, 0, 0, 0, 0, 0, 0, 0, 0, 0
L1-I.load-overlapping-misses = 0, 0, 0, 0, 0, 0, 0, 0, 0, 0, 0, 0, 0, 0, 0, 0
L1-I.loads = 9776438, 2183551, 2182386, 2182317, 2184449, 2180249, 2182449, 2184853, 2181649, 2184849, 2179449, 2188249, 2178449, 2182049, 2185649, 2182249
L1-I.loads-D = 0, 0, 0, 0, 0, 0, 0, 0, 0, 0, 0, 0, 0, 0, 0, 0
L1-I.loads-E = 7512881, 2, 0, 2, 8, 0, 0, 13, 0, 0, 0, 0, 0, 0, 0, 0
L1-I.loads-I = 56895, 8321, 14036, 11864, 2095, 1089, 14587, 1032, 90, 8180, 13490, 13628, 2103, 1189, 14289, 989
L1-I.loads-M = 0, 0, 0, 0, 0, 0, 0, 0, 0, 0, 0, 0, 0, 0, 0, 0
L1-I.loads-O = 0, 0, 0, 0, 0, 0, 0, 0, 0, 0, 0, 0, 0, 0, 0, 0
L1-I.loads-prefetch = 0, 0, 0, 0, 0, 0, 0, 0, 0, 0, 0, 0, 0, 0, 0, 0
L1-I.loads-S = 2206662, 2175228, 2168350, 2170451, 2182346, 2179160, 2167862, 2183808, 2181559, 2176669, 2165959, 2174621, 2176346, 2180860, 2171360, 2181260
L1-I.loads-u = 0, 0, 0, 0, 0, 0, 0, 0, 0, 0, 0, 0, 0, 0, 0, 0
L1-I.loads-where-cache-remote = 2, 33, 17, 12, 10, 25, 6, 6, 1, 0, 0, 0, 0, 0, 0, 23
L1-I.loads-where-dram = 0, 0, 0, 0, 0, 0, 0, 0, 0, 0, 0, 0, 0, 0, 0, 0
L1-I.loads-where-dram-cache = 0, 0, 0, 0, 0, 0, 0, 0, 0, 0, 0, 0, 0, 0, 0, 0
L1-I.loads-where-dram-local = 195, 0, 0, 0, 7, 0, 0, 0, 0, 0, 0, 0, 0, 0, 0, 0
L1-I.loads-where-dram-remote = 585, 6, 12, 9, 18, 12, 0, 17, 0, 0, 0, 0, 0, 0, 0, 0
L1-I.loads-where-L1 = 0, 0, 0, 0, 0, 0, 0, 0, 0, 0, 0, 0, 0, 0, 0, 0
L1-I.loads-where-L1_S = 0, 0, 0, 0, 0, 0, 0, 0, 0, 0, 0, 0, 0, 0, 0, 0
L1-I.loads-where-L1I = 9719543, 2175230, 2168350, 2170453, 2182354, 2179160, 2167862, 2183821, 2181559, 2176669, 2165959, 2174621, 2176346, 2180860, 2171360, 2181260
L1-I.loads-where-L2 = 0, 0, 0, 0, 0, 0, 0, 0, 0, 0, 0, 0, 0, 0, 0, 0
L1-I.loads-where-L2_S = 0, 0, 0, 0, 0, 0, 0, 0, 0, 0, 0, 0, 0, 0, 0, 0
L1-I.loads-where-L3 = 0, 0, 0, 0, 0, 0, 0, 0, 0, 0, 0, 0, 0, 0, 0, 0
L1-I.loads-where-L3_S = 0, 0, 0, 0, 0, 0, 0, 0, 0, 0, 0, 0, 0, 0, 0, 0
L1-I.loads-where-L4 = 0, 0, 0, 0, 0, 0, 0, 0, 0, 0, 0, 0, 0, 0, 0, 0
L1-I.loads-where-L4_S = 0, 0, 0, 0, 0, 0, 0, 0, 0, 0, 0, 0, 0, 0, 0, 0
L1-I.loads-where-miss = 0, 0, 0, 0, 0, 0, 0, 0, 0, 0, 0, 0, 0, 0, 0, 0
L1-I.loads-where-nuca-cache = 0, 0, 0, 0, 0, 0, 0, 0, 0, 0, 0, 0, 0, 0, 0, 0
L1-I.loads-where-nuca-local = 268, 5, 903, 604, 2, 6, 1008, 6, 6, 2499, 905, 904, 9, 3, 4, 3
L1-I.loads-where-nuca-remote = 55845, 8277, 13104, 11239, 2058, 1046, 13573, 1003, 83, 5681, 12585, 12724, 2094, 1186, 14285, 963
L1-I.loads-where-predicate-false = 0, 0, 0, 0, 0, 0, 0, 0, 0, 0, 0, 0, 0, 0, 0, 0
L1-I.loads-where-prefetch-no-mapping = 0, 0, 0, 0, 0, 0, 0, 0, 0, 0, 0, 0, 0, 0, 0, 0
L1-I.loads-where-unknown = 0, 0, 0, 0, 0, 0, 0, 0, 0, 0, 0, 0, 0, 0, 0, 0
L1-I.mshr-latency = 0, 0, 0, 0, 0, 0, 0, 0, 0, 0, 0, 0, 0, 0, 0, 0
L1-I.next_read.no-free-slots = 0, 0, 0, 0, 0, 0, 0, 0, 0, 0, 0, 0, 0, 0, 0, 0
L1-I.next_read.num-barriers = 0, 0, 0, 0, 0, 0, 0, 0, 0, 0, 0, 0, 0, 0, 0, 0
L1-I.next_read.num-requests = 0, 0, 0, 0, 0, 0, 0, 0, 0, 0, 0, 0, 0, 0, 0, 0
L1-I.next_read.requests-out-of-order = 0, 0, 0, 0, 0, 0, 0, 0, 0, 0, 0, 0, 0, 0, 0, 0
L1-I.next_read.requests-simultaneous = 0, 0, 0, 0, 0, 0, 0, 0, 0, 0, 0, 0, 0, 0, 0, 0
L1-I.next_read.total-barrier-delay = 0, 0, 0, 0, 0, 0, 0, 0, 0, 0, 0, 0, 0, 0, 0, 0
L1-I.next_read.total-delay = 0, 0, 0, 0, 0, 0, 0, 0, 0, 0, 0, 0, 0, 0, 0, 0
L1-I.prefetches = 0, 0, 0, 0, 0, 0, 0, 0, 0, 0, 0, 0, 0, 0, 0, 0
L1-I.qbs-query-latency = 0, 0, 0, 0, 0, 0, 0, 0, 0, 0, 0, 0, 0, 0, 0, 0
L1-I.snoop-latency = 0, 0, 0, 0, 0, 0, 0, 0, 0, 0, 0, 0, 0, 0, 0, 0
L1-I.store-misses = 0, 0, 0, 0, 0, 0, 0, 0, 0, 0, 0, 0, 0, 0, 0, 0
L1-I.store-misses-D = 0, 0, 0, 0, 0, 0, 0, 0, 0, 0, 0, 0, 0, 0, 0, 0
L1-I.store-misses-E = 0, 0, 0, 0, 0, 0, 0, 0, 0, 0, 0, 0, 0, 0, 0, 0
L1-I.store-misses-I = 0, 0, 0, 0, 0, 0, 0, 0, 0, 0, 0, 0, 0, 0, 0, 0
L1-I.store-misses-M = 0, 0, 0, 0, 0, 0, 0, 0, 0, 0, 0, 0, 0, 0, 0, 0
L1-I.store-misses-O = 0, 0, 0, 0, 0, 0, 0, 0, 0, 0, 0, 0, 0, 0, 0, 0
L1-I.store-misses-S = 0, 0, 0, 0, 0, 0, 0, 0, 0, 0, 0, 0, 0, 0, 0, 0
L1-I.store-misses-u = 0, 0, 0, 0, 0, 0, 0, 0, 0, 0, 0, 0, 0, 0, 0, 0
L1-I.store-overlapping-misses = 0, 0, 0, 0, 0, 0, 0, 0, 0, 0, 0, 0, 0, 0, 0, 0
L1-I.stores = 0, 0, 0, 0, 0, 0, 0, 0, 0, 0, 0, 0, 0, 0, 0, 0
L1-I.stores-D = 0, 0, 0, 0, 0, 0, 0, 0, 0, 0, 0, 0, 0, 0, 0, 0
L1-I.stores-E = 0, 0, 0, 0, 0, 0, 0, 0, 0, 0, 0, 0, 0, 0, 0, 0
L1-I.stores-I = 0, 0, 0, 0, 0, 0, 0, 0, 0, 0, 0, 0, 0, 0, 0, 0
L1-I.stores-M = 0, 0, 0, 0, 0, 0, 0, 0, 0, 0, 0, 0, 0, 0, 0, 0
L1-I.stores-O = 0, 0, 0, 0, 0, 0, 0, 0, 0, 0, 0, 0, 0, 0, 0, 0
L1-I.stores-prefetch = 0, 0, 0, 0, 0, 0, 0, 0, 0, 0, 0, 0, 0, 0, 0, 0
L1-I.stores-S = 0, 0, 0, 0, 0, 0, 0, 0, 0, 0, 0, 0, 0, 0, 0, 0
L1-I.stores-u = 0, 0, 0, 0, 0, 0, 0, 0, 0, 0, 0, 0, 0, 0, 0, 0
L1-I.stores-where-cache-remote = 0, 0, 0, 0, 0, 0, 0, 0, 0, 0, 0, 0, 0, 0, 0, 0
L1-I.stores-where-dram = 0, 0, 0, 0, 0, 0, 0, 0, 0, 0, 0, 0, 0, 0, 0, 0
L1-I.stores-where-dram-cache = 0, 0, 0, 0, 0, 0, 0, 0, 0, 0, 0, 0, 0, 0, 0, 0
L1-I.stores-where-dram-local = 0, 0, 0, 0, 0, 0, 0, 0, 0, 0, 0, 0, 0, 0, 0, 0
L1-I.stores-where-dram-remote = 0, 0, 0, 0, 0, 0, 0, 0, 0, 0, 0, 0, 0, 0, 0, 0
L1-I.stores-where-L1 = 0, 0, 0, 0, 0, 0, 0, 0, 0, 0, 0, 0, 0, 0, 0, 0
L1-I.stores-where-L1_S = 0, 0, 0, 0, 0, 0, 0, 0, 0, 0, 0, 0, 0, 0, 0, 0
L1-I.stores-where-L1I = 0, 0, 0, 0, 0, 0, 0, 0, 0, 0, 0, 0, 0, 0, 0, 0
L1-I.stores-where-L2 = 0, 0, 0, 0, 0, 0, 0, 0, 0, 0, 0, 0, 0, 0, 0, 0
L1-I.stores-where-L2_S = 0, 0, 0, 0, 0, 0, 0, 0, 0, 0, 0, 0, 0, 0, 0, 0
L1-I.stores-where-L3 = 0, 0, 0, 0, 0, 0, 0, 0, 0, 0, 0, 0, 0, 0, 0, 0
L1-I.stores-where-L3_S = 0, 0, 0, 0, 0, 0, 0, 0, 0, 0, 0, 0, 0, 0, 0, 0
L1-I.stores-where-L4 = 0, 0, 0, 0, 0, 0, 0, 0, 0, 0, 0, 0, 0, 0, 0, 0
L1-I.stores-where-L4_S = 0, 0, 0, 0, 0, 0, 0, 0, 0, 0, 0, 0, 0, 0, 0, 0
L1-I.stores-where-miss = 0, 0, 0, 0, 0, 0, 0, 0, 0, 0, 0, 0, 0, 0, 0, 0
L1-I.stores-where-nuca-cache = 0, 0, 0, 0, 0, 0, 0, 0, 0, 0, 0, 0, 0, 0, 0, 0
L1-I.stores-where-nuca-local = 0, 0, 0, 0, 0, 0, 0, 0, 0, 0, 0, 0, 0, 0, 0, 0
L1-I.stores-where-nuca-remote = 0, 0, 0, 0, 0, 0, 0, 0, 0, 0, 0, 0, 0, 0, 0, 0
L1-I.stores-where-predicate-false = 0, 0, 0, 0, 0, 0, 0, 0, 0, 0, 0, 0, 0, 0, 0, 0
L1-I.stores-where-prefetch-no-mapping = 0, 0, 0, 0, 0, 0, 0, 0, 0, 0, 0, 0, 0, 0, 0, 0
L1-I.stores-where-unknown = 0, 0, 0, 0, 0, 0, 0, 0, 0, 0, 0, 0, 0, 0, 0, 0
L1-I.total-latency = 1186624172573, 174932630131, 276511688427, 231911429317, 47633988984, 19352875472, 283837131328, 23047579292, 2880068869, 171875395776, 270135864282, 263337253368, 48965838428, 23876207450, 286304778223, 18462711349
l1misslat = 25446200.1148
L2.access-mru-0 = 0, 0, 0, 0, 0, 0, 0, 0, 0, 0, 0, 0, 0, 0, 0, 0
L2.access-mru-1 = 1, 0, 0, 0, 0, 0, 0, 0, 0, 0, 0, 0, 0, 0, 0, 0
L2.access-mru-2 = 0, 0, 0, 0, 0, 0, 0, 0, 0, 0, 0, 0, 0, 0, 0, 0
L2.access-mru-3 = 0, 0, 0, 0, 0, 0, 0, 0, 0, 0, 0, 0, 0, 0, 0, 0
L2.backinval-D = 0, 0, 0, 0, 0, 0, 0, 0, 0, 0, 0, 0, 0, 0, 0, 0
L2.backinval-E = 0, 0, 0, 0, 0, 0, 0, 0, 0, 0, 0, 0, 0, 0, 0, 0
L2.backinval-I = 0, 0, 0, 0, 0, 0, 0, 0, 0, 0, 0, 0, 0, 0, 0, 0
L2.backinval-M = 0, 0, 0, 0, 0, 0, 0, 0, 0, 0, 0, 0, 0, 0, 0, 0
L2.backinval-O = 0, 0, 0, 0, 0, 0, 0, 0, 0, 0, 0, 0, 0, 0, 0, 0
L2.backinval-S = 0, 0, 0, 0, 0, 0, 0, 0, 0, 0, 0, 0, 0, 0, 0, 0
L2.backinval-u = 0, 0, 0, 0, 0, 0, 0, 0, 0, 0, 0, 0, 0, 0, 0, 0
L2.coherency-downgrades = 181, 58, 67, 56, 62, 53, 43, 77, 30, 27, 25, 34, 21, 32, 29, 30
L2.coherency-invalidates = 23, 11, 9, 13, 8, 7, 8, 13, 8, 4, 5, 4, 5, 4, 5, 3
L2.coherency-upgrades = 41, 5, 6, 5, 1, 1, 1, 3, 1, 1, 1, 1, 1, 1, 1, 1
L2.coherency-writebacks = 157, 67, 205, 194, 185, 198, 203, 189, 195, 178, 203, 182, 171, 201, 221, 205
L2.evict-D = 0, 0, 0, 0, 0, 0, 0, 0, 0, 0, 0, 0, 0, 0, 0, 0
L2.evict-E = 155181, 71782, 75086, 77989, 67880, 71285, 75486, 72743, 68277, 70974, 74282, 79587, 68678, 72882, 75387, 72416
L2.evict-I = 0, 0, 0, 0, 0, 0, 0, 0, 0, 0, 0, 0, 0, 0, 0, 0
L2.evict-M = 33220, 1436, 1229, 8579, 1296, 1213, 1211, 7920, 1317, 1238, 1215, 9086, 1329, 1409, 1206, 8012
L2.evict-O = 0, 0, 0, 0, 0, 0, 0, 0, 0, 0, 0, 0, 0, 0, 0, 0
L2.evict-prefetch = 0, 0, 0, 0, 0, 0, 0, 0, 0, 0, 0, 0, 0, 0, 0, 0
L2.evict-S = 9931, 12234, 19139, 19999, 5819, 12040, 18699, 8629, 6496, 11098, 18208, 21639, 5924, 13192, 18102, 8405
L2.evict-u = 0, 0, 0, 0, 0, 0, 0, 0, 0, 0, 0, 0, 0, 0, 0, 0
L2.evict-warmup = 0, 0, 0, 0, 0, 0, 0, 0, 0, 0, 0, 0, 0, 0, 0, 0
L2.hits-prefetch = 0, 0, 0, 0, 0, 0, 0, 0, 0, 0, 0, 0, 0, 0, 0, 0
L2.hits-warmup = 0, 0, 0, 0, 0, 0, 0, 0, 0, 0, 0, 0, 0, 0, 0, 0
L2.invalidate-prefetch = 0, 0, 0, 0, 0, 0, 0, 0, 0, 0, 0, 0, 0, 0, 0, 0
L2.invalidate-warmup = 0, 0, 0, 0, 0, 0, 0, 0, 0, 0, 0, 0, 0, 0, 0, 0
L2.load-misses = 172769, 84413, 94603, 98363, 74012, 83648, 94496, 81773, 75076, 82409, 92803, 101528, 74912, 86395, 93802, 81243
L2.load-misses-D = 0, 0, 0, 0, 0, 0, 0, 0, 0, 0, 0, 0, 0, 0, 0, 0
L2.load-misses-E = 33, 0, 0, 0, 0, 0, 0, 1, 0, 0, 0, 0, 0, 0, 0, 0
L2.load-misses-I = 172723, 84413, 94603, 98363, 74012, 83648, 94496, 81772, 75076, 82409, 92803, 101528, 74912, 86395, 93802, 81243
L2.load-misses-M = 0, 0, 0, 0, 0, 0, 0, 0, 0, 0, 0, 0, 0, 0, 0, 0
L2.load-misses-O = 0, 0, 0, 0, 0, 0, 0, 0, 0, 0, 0, 0, 0, 0, 0, 0
L2.load-misses-S = 13, 0, 0, 0, 0, 0, 0, 0, 0, 0, 0, 0, 0, 0, 0, 0
L2.load-misses-u = 0, 0, 0, 0, 0, 0, 0, 0, 0, 0, 0, 0, 0, 0, 0, 0
L2.load-overlapping-misses = 111, 0, 0, 0, 0, 0, 0, 1, 0, 0, 0, 0, 0, 0, 0, 0
L2.loads = 172770, 84413, 94603, 98363, 74012, 83648, 94496, 81773, 75076, 82409, 92803, 101528, 74912, 86395, 93802, 81243
L2.loads-D = 0, 0, 0, 0, 0, 0, 0, 0, 0, 0, 0, 0, 0, 0, 0, 0
L2.loads-E = 34, 0, 0, 0, 0, 0, 0, 1, 0, 0, 0, 0, 0, 0, 0, 0
L2.loads-I = 172723, 84413, 94603, 98363, 74012, 83648, 94496, 81772, 75076, 82409, 92803, 101528, 74912, 86395, 93802, 81243
L2.loads-M = 0, 0, 0, 0, 0, 0, 0, 0, 0, 0, 0, 0, 0, 0, 0, 0
L2.loads-O = 0, 0, 0, 0, 0, 0, 0, 0, 0, 0, 0, 0, 0, 0, 0, 0
L2.loads-prefetch = 0, 0, 0, 0, 0, 0, 0, 0, 0, 0, 0, 0, 0, 0, 0, 0
L2.loads-S = 13, 0, 0, 0, 0, 0, 0, 0, 0, 0, 0, 0, 0, 0, 0, 0
L2.loads-u = 0, 0, 0, 0, 0, 0, 0, 0, 0, 0, 0, 0, 0, 0, 0, 0
L2.mshr-latency = 0, 0, 0, 0, 0, 0, 0, 0, 0, 0, 0, 0, 0, 0, 0, 0
L2.next_read.no-free-slots = 0, 0, 0, 0, 0, 0, 0, 0, 0, 0, 0, 0, 0, 0, 0, 0
L2.next_read.num-barriers = 0, 0, 0, 0, 0, 0, 0, 0, 0, 0, 0, 0, 0, 0, 0, 0
L2.next_read.num-requests = 0, 0, 0, 0, 0, 0, 0, 0, 0, 0, 0, 0, 0, 0, 0, 0
L2.next_read.requests-out-of-order = 0, 0, 0, 0, 0, 0, 0, 0, 0, 0, 0, 0, 0, 0, 0, 0
L2.next_read.requests-simultaneous = 0, 0, 0, 0, 0, 0, 0, 0, 0, 0, 0, 0, 0, 0, 0, 0
L2.next_read.total-barrier-delay = 0, 0, 0, 0, 0, 0, 0, 0, 0, 0, 0, 0, 0, 0, 0, 0
L2.next_read.total-delay = 0, 0, 0, 0, 0, 0, 0, 0, 0, 0, 0, 0, 0, 0, 0, 0
L2.prefetches = 0, 0, 0, 0, 0, 0, 0, 0, 0, 0, 0, 0, 0, 0, 0, 0
L2.qbs-query-latency = 0, 0, 0, 0, 0, 0, 0, 0, 0, 0, 0, 0, 0, 0, 0, 0
L2.snoop-latency = 0, 0, 0, 0, 0, 0, 0, 0, 0, 0, 0, 0, 0, 0, 0, 0
L2.store-misses = 33463, 1540, 1468, 8799, 1505, 1437, 1443, 8140, 1536, 1443, 1447, 9292, 1523, 1639, 1454, 8240
L2.store-misses-D = 0, 0, 0, 0, 0, 0, 0, 0, 0, 0, 0, 0, 0, 0, 0, 0
L2.store-misses-E = 7134, 2, 2, 2, 19, 2, 2, 6, 1, 2, 2, 2, 9, 1, 2, 101
L2.store-misses-I = 26301, 1533, 1460, 8792, 1485, 1434, 1440, 8131, 1534, 1440, 1444, 9289, 1513, 1637, 1451, 8138
L2.store-misses-M = 0, 0, 0, 0, 0, 0, 0, 0, 0, 0, 0, 0, 0, 0, 0, 0
L2.store-misses-O = 0, 0, 0, 0, 0, 0, 0, 0, 0, 0, 0, 0, 0, 0, 0, 0
L2.store-misses-S = 28, 5, 6, 5, 1, 1, 1, 3, 1, 1, 1, 1, 1, 1, 1, 1
L2.store-misses-u = 0, 0, 0, 0, 0, 0, 0, 0, 0, 0, 0, 0, 0, 0, 0, 0
L2.store-overlapping-misses = 20353, 3, 4, 2, 1, 1, 1, 25, 1, 2, 1, 2, 2, 1, 1, 15
L2.stores = 33463, 1540, 1468, 8799, 1505, 1437, 1443, 8140, 1536, 1443, 1447, 9292, 1523, 1639, 1454, 8240
L2.stores-D = 0, 0, 0, 0, 0, 0, 0, 0, 0, 0, 0, 0, 0, 0, 0, 0
L2.stores-E = 7134, 2, 2, 2, 19, 2, 2, 6, 1, 2, 2, 2, 9, 1, 2, 101
L2.stores-I = 26301, 1533, 1460, 8792, 1485, 1434, 1440, 8131, 1534, 1440, 1444, 9289, 1513, 1637, 1451, 8138
L2.stores-M = 0, 0, 0, 0, 0, 0, 0, 0, 0, 0, 0, 0, 0, 0, 0, 0
L2.stores-O = 0, 0, 0, 0, 0, 0, 0, 0, 0, 0, 0, 0, 0, 0, 0, 0
L2.stores-prefetch = 0, 0, 0, 0, 0, 0, 0, 0, 0, 0, 0, 0, 0, 0, 0, 0
L2.stores-S = 28, 5, 6, 5, 1, 1, 1, 3, 1, 1, 1, 1, 1, 1, 1, 1
L2.stores-u = 0, 0, 0, 0, 0, 0, 0, 0, 0, 0, 0, 0, 0, 0, 0, 0
L2.total-latency = 0, 0, 0, 0, 0, 0, 0, 0, 0, 0, 0, 0, 0, 0, 0, 0
L2.uncore-requests = 199064, 85950, 96068, 107158, 75498, 85083, 95937, 89905, 76611, 83850, 94248, 110817, 76426, 88033, 95254, 89382
L2.uncore-time-dram = 0, 0, 0, 0, 0, 0, 0, 0, 0, 0, 0, 0, 0, 0, 0, 0
L2.uncore-time-dram-bus = 46124998272, 573190768, 657483528, 598478596, 606907872, 505756560, 413034524, 775493392, 328741764, 295024660, 269736832, 370888144, 252878280, 345600316, 320312488, 345600316
L2.uncore-time-dram-cache = 0, 0, 0, 0, 0, 0, 0, 0, 0, 0, 0, 0, 0, 0, 0, 0
L2.uncore-time-dram-cache-bus = 0, 0, 0, 0, 0, 0, 0, 0, 0, 0, 0, 0, 0, 0, 0, 0
L2.uncore-time-dram-cache-data = 0, 0, 0, 0, 0, 0, 0, 0, 0, 0, 0, 0, 0, 0, 0, 0
L2.uncore-time-dram-cache-queue = 0, 0, 0, 0, 0, 0, 0, 0, 0, 0, 0, 0, 0, 0, 0, 0
L2.uncore-time-dram-cache-tags = 0, 0, 0, 0, 0, 0, 0, 0, 0, 0, 0, 0, 0, 0, 0, 0
L2.uncore-time-dram-device = 246240000000, 3060000000, 3510000000, 3195000000, 3240000000, 2700000000, 2205000000, 4140000000, 1755000000, 1575000000, 1440000000, 1980000000, 1350000000, 1845000000, 1710000000, 1845000000
L2.uncore-time-dram-queue = 30307293713, 175281167, 191811752, 174421279, 167640152, 161610962, 146848492, 75012259, 104925367, 35743670, 59199397, 115076132, 31832565, 42513538, 42329668, 86878569
L2.uncore-time-inv-imbalance = 628648398, 5901808, 30850492, 12522959, 0, 0, 0, 0, 0, 0, 0, 0, 0, 0, 0, 0
L2.uncore-time-noc-base = 2881178663302, 727870257894, 811635960404, 1020722860711, 631155208118, 634304934748, 731999019710, 769540310191, 633411084611, 607464013147, 723149528934, 979033061921, 708587743133, 732647243330, 803562402009, 859500049684
L2.uncore-time-noc-queue = 3038038950080, 353615648470, 349595475661, 452418075807, 321357923027, 345360768585, 376382895236, 412295667210, 334229508900, 363321541424, 395974569897, 513394548401, 353643154629, 377142850543, 353463598485, 354193651836
L2.uncore-time-nuca-bus = 157562400616, 30531129532, 31714629801, 37274594108, 29141782409, 30133800710, 31107507686, 32856748959, 29106192677, 32153507960, 31505542583, 40098985618, 29952973472, 31683663207, 32008803721, 32989586544
L2.uncore-time-nuca-data = 580912972848, 257648538992, 287948221416, 321346642176, 226168910888, 254964837312, 287708621432, 269388864864, 229641586272, 251379883008, 282728181560, 332570676960, 229151361816, 263996395848, 285674542344, 267858041256
L2.uncore-time-nuca-ecc = 0, 0, 0, 0, 0, 0, 0, 0, 0, 0, 0, 0, 0, 0, 0, 0
L2.uncore-time-nuca-queue = 193342518304, 85751611968, 95836445168, 106952283648, 75274396176, 84858741376, 95756367088, 89659422272, 76430523456, 83665577984, 94098750832, 110687926080, 76267364368, 87864672304, 95079707312, 89149925488
L2.uncore-time-nuca-tags = 149342519628, 64463012208, 72045701838, 80390043882, 56596112694, 63786322008, 71963747136, 67416388992, 57439719810, 62871286482, 70705855242, 83175751872, 57310396794, 66029925960, 71447206950, 66995337312
L2.uncore-time-remote-cache-inv = 0, 0, 0, 0, 0, 0, 0, 0, 0, 0, 0, 0, 0, 0, 0, 0
L2.uncore-time-remote-cache-wb = 0, 0, 0, 0, 0, 0, 0, 0, 0, 0, 0, 0, 0, 0, 0, 0
L2.uncore-time-td-access = 749866726350, 323920320570, 362081888460, 403743448440, 284668529580, 320788748700, 361506701790, 338890211550, 288822655530, 316093270590, 355096941840, 417329883900, 288078296310, 331751129940, 358957835370, 337066907400
L2.uncore-time-unknown = 70812000000, 51768000000, 66168000000, 67344000000, 61344000000, 55392000000, 70992000000, 67380000000, 73368000000, 102420000000, 66216000000, 66168000000, 59052000000, 68592000000, 57780000000, 51792000000
L2.uncore-totaltime = 8144357691511, 1899382893377, 2081416468520, 2494172371606, 1689721410916, 1792957520961, 2030181743094, 2052418119689, 1724637938387, 1821274848925, 2021244307117, 2544924799028, 1803678001367, 1961940994986, 2060046738347, 2061822978405
ncores = 16
network.shmem-1.mesh.bytes-in = 18025536, 9311674, 10080950, 10875448, 9857480, 9598182, 10606518, 10289392, 9178794, 12222858, 9929724, 11149492, 9328654, 10173018, 10119312, 9454686
network.shmem-1.mesh.bytes-out = 14097688, 9135364, 9352978, 9910260, 11354796, 9409442, 9989028, 10815098, 9854912, 15247324, 9533684, 10308284, 11299172, 10982416, 9608870, 9302402
network.shmem-1.mesh.contention-delay = 1839719945092, 497349148235, 567371815354, 721149967291, 635770079704, 573546766653, 625480592449, 623778995317, 576137343035, 584131140007, 581155522257, 783606609945, 660921446875, 548896650509, 659835334141, 629490764622
network.shmem-1.mesh.link-down.num-requests = 0, 0, 0, 0, 285437, 191754, 194074, 201882, 377036, 257618, 264660, 275705, 238916, 192558, 199459, 209287
network.shmem-1.mesh.link-down.num-requests-analytical = 0, 0, 0, 0, 0, 0, 0, 0, 0, 0, 0, 0, 0, 0, 0, 0
network.shmem-1.mesh.link-down.total-queue-delay = 0, 0, 0, 0, 178156410865, 29625126794, 24170357071, 35298931956, 224140594765, 58035218711, 65066203373, 70400578199, 106318676208, 28477758049, 33757634919, 22707031824
network.shmem-1.mesh.link-down.total-time-used = 0, 0, 0, 0, 704320407838, 337877220852, 350977237604, 390431657580, 809224607056, 449862123628, 469108136712, 492148321870, 440161921576, 320892778284, 365759841938, 390705565298
network.shmem-1.mesh.link-in.num-requests = 460381, 243976, 259849, 278895, 253054, 245361, 266697, 262711, 232620, 307973, 259306, 289981, 254436, 266914, 263986, 246372
network.shmem-1.mesh.link-in.num-requests-analytical = 0, 0, 0, 0, 0, 0, 0, 0, 0, 0, 0, 0, 0, 0, 0, 0
network.shmem-1.mesh.link-in.total-queue-delay = 1534356248113, 353862166891, 325585878737, 331316479757, 411363762218, 367840206195, 353441111005, 361661119888, 356690970688, 467961585526, 328717057750, 332026624802, 481831581346, 358331044290, 308101143931, 313190108444
network.shmem-1.mesh.link-in.total-time-used = 625998262574, 408158432840, 412479380318, 438241458570, 508509114044, 419578921806, 440394164982, 477952486970, 432987808872, 673119743806, 421254363572, 457789948718, 507211859784, 488089337324, 428034257684, 416045526672
network.shmem-1.mesh.link-left.num-requests = 0, 217620, 302474, 229853, 0, 221270, 286476, 219241, 0, 284819, 317129, 241154, 0, 241620, 286623, 202325
network.shmem-1.mesh.link-left.num-requests-analytical = 0, 0, 0, 0, 0, 0, 0, 0, 0, 0, 0, 0, 0, 0, 0, 0
network.shmem-1.mesh.link-left.total-queue-delay = 0, 100787700087, 51254684914, 14908061615, 0, 83923092096, 58788360222, 19761853547, 0, 89214670651, 78902675147, 11889845395, 0, 70149263997, 56509107977, 14842362728
network.shmem-1.mesh.link-left.total-time-used = 0, 347409364464, 458310377044, 357234647302, 0, 342585320092, 470406036648, 396375198494, 0, 585954386746, 498346651798, 379595886556, 0, 412583458728, 473297157306, 336757609942
network.shmem-1.mesh.link-out.num-requests = 341865, 243157, 248263, 253341, 293280, 249279, 263288, 272676, 252111, 385078, 252358, 264033, 292647, 286869, 256725, 237542
network.shmem-1.mesh.link-out.num-requests-analytical = 0, 0, 0, 0, 0, 0, 0, 0, 0, 0, 0, 0, 0, 0, 0, 0
network.shmem-1.mesh.link-out.total-queue-delay = 176640747474, 33740305446, 32246926373, 49788968353, 54163033495, 52836509932, 49866251653, 52030446769, 69717068718, 61887625804, 45276886222, 85810781490, 38405970735, 56542450264, 28373543796, 34330393247
network.shmem-1.mesh.link-out.total-time-used = 810229116870, 416441253278, 446654488346, 483522889302, 438264812784, 428459768850, 469401475240, 453277578192, 401272658466, 531219341468, 439844819228, 497244107718, 414724755138, 450112405830, 451999815822, 423175782004
network.shmem-1.mesh.link-right.num-requests = 387311, 308997, 212445, 0, 209247, 270913, 223486, 0, 187234, 254862, 195015, 0, 202125, 278359, 211260, 0
network.shmem-1.mesh.link-right.num-requests-analytical = 0, 0, 0, 0, 0, 0, 0, 0, 0, 0, 0, 0, 0, 0, 0, 0
network.shmem-1.mesh.link-right.total-queue-delay = 413864116481, 119223308419, 44987190942, 0, 21674878232, 64670169502, 38186759889, 0, 13936946707, 59899665988, 33256069603, 0, 21038687248, 77742768918, 27407445936, 0
network.shmem-1.mesh.link-right.total-time-used = 521687480938, 511844920038, 347120389206, 0, 426300104226, 528386046734, 434993874740, 0, 350060159780, 478567122948, 367935883818, 0, 400700487102, 554491501442, 387104130816, 0
network.shmem-1.mesh.link-up.num-requests = 234262, 355741, 229591, 210028, 297658, 421227, 283778, 278131, 237632, 243744, 209397, 191522, 0, 0, 0, 0
network.shmem-1.mesh.link-up.num-requests-analytical = 0, 0, 0, 0, 0, 0, 0, 0, 0, 0, 0, 0, 0, 0, 0, 0
network.shmem-1.mesh.link-up.total-queue-delay = 112898758218, 66545454349, 77773371166, 70329472945, 58723232433, 68287434747, 70221489636, 86724373182, 35962785076, 28708964690, 21761630780, 39495945937, 0, 0, 0, 0
network.shmem-1.mesh.link-up.total-time-used = 345811437068, 450337973894, 380450930666, 335035968752, 437245153412, 579176803674, 488935853356, 500046218066, 335791845304, 375993162552, 358877576814, 347489299756, 0, 0, 0, 0
network.shmem-1.mesh.packets-in = 361408, 256123, 264813, 270180, 308636, 263125, 281037, 289544, 270467, 411443, 268914, 280566, 307393, 304011, 271160, 250489
network.shmem-1.mesh.packets-out = 479924, 256942, 276399, 295734, 268410, 259207, 284446, 279579, 250976, 334338, 275862, 306514, 269182, 284056, 278421, 259319
network.shmem-1.mesh.total-delay = 3489218593780, 1393038942469, 1508198119200, 1819317332155, 1702711667164, 1397106394455, 1513353302393, 1615334304367, 1489675009193, 1806829369857, 1438675337387, 1841173511481, 1782858137545, 1636356488111, 1665366981685, 1642362958270
nuca-cache-queue.num-requests = 82861, 87687, 86883, 84166, 125681, 95274, 99797, 106253, 102651, 174176, 88322, 85837, 115714, 111320, 90445, 83027
nuca-cache-queue.num-requests-analytical = 0, 0, 0, 0, 0, 0, 0, 0, 0, 0, 0, 0, 0, 0, 0, 0
nuca-cache-queue.total-queue-delay = 49614953662, 45662422692, 38882271848, 41476455156, 42904055674, 37462542492, 33875672924, 36911213268, 41595911637, 51535726664, 31646764783, 32798780354, 51996379462, 36766753447, 33569625462, 33454527884
nuca-cache-queue.total-time-used = 82941872336, 87772582512, 86967797808, 84248146016, 125803664656, 95366987424, 99894401872, 106356702928, 102751187376, 174345995776, 88408202272, 85920776912, 115826936864, 111428648320, 90533274320, 83108034352
nuca-cache.access-mru-0 = 82836, 87671, 86875, 84140, 125666, 95235, 99758, 106195, 102547, 161447, 88272, 85818, 115691, 111143, 90430, 83002
nuca-cache.access-mru-1 = 25, 12, 8, 26, 14, 39, 39, 58, 104, 12729, 50, 19, 23, 177, 15, 25
nuca-cache.access-mru-10 = 0, 0, 0, 0, 0, 0, 0, 0, 0, 0, 0, 0, 0, 0, 0, 0
nuca-cache.access-mru-11 = 0, 0, 0, 0, 0, 0, 0, 0, 0, 0, 0, 0, 0, 0, 0, 0
nuca-cache.access-mru-12 = 0, 0, 0, 0, 0, 0, 0, 0, 0, 0, 0, 0, 0, 0, 0, 0
nuca-cache.access-mru-13 = 0, 0, 0, 0, 0, 0, 0, 0, 0, 0, 0, 0, 0, 0, 0, 0
nuca-cache.access-mru-14 = 0, 0, 0, 0, 0, 0, 0, 0, 0, 0, 0, 0, 0, 0, 0, 0
nuca-cache.access-mru-15 = 0, 0, 0, 0, 0, 0, 0, 0, 0, 0, 0, 0, 0, 0, 0, 0
nuca-cache.access-mru-2 = 0, 3, 0, 0, 1, 0, 0, 0, 0, 0, 0, 0, 0, 0, 0, 0
nuca-cache.access-mru-3 = 0, 1, 0, 0, 0, 0, 0, 0, 0, 0, 0, 0, 0, 0, 0, 0
nuca-cache.access-mru-4 = 0, 0, 0, 0, 0, 0, 0, 0, 0, 0, 0, 0, 0, 0, 0, 0
nuca-cache.access-mru-5 = 0, 0, 0, 0, 0, 0, 0, 0, 0, 0, 0, 0, 0, 0, 0, 0
nuca-cache.access-mru-6 = 0, 0, 0, 0, 0, 0, 0, 0, 0, 0, 0, 0, 0, 0, 0, 0
nuca-cache.access-mru-7 = 0, 0, 0, 0, 0, 0, 0, 0, 0, 0, 0, 0, 0, 0, 0, 0
nuca-cache.access-mru-8 = 0, 0, 0, 0, 0, 0, 0, 0, 0, 0, 0, 0, 0, 0, 0, 0
nuca-cache.access-mru-9 = 0, 0, 0, 0, 0, 0, 0, 0, 0, 0, 0, 0, 0, 0, 0, 0
nuca-cache.read-misses = 385, 358, 365, 373, 398, 393, 398, 416, 398, 384, 397, 404, 402, 407, 395, 389
nuca-cache.reads = 80108, 84927, 84133, 81283, 115542, 88793, 92339, 99598, 95894, 160737, 87106, 84670, 114494, 107768, 87734, 80314
nuca-cache.write-misses = 385, 358, 365, 373, 398, 393, 398, 416, 398, 384, 397, 404, 402, 407, 395, 389
nuca-cache.writes = 3523, 3476, 3480, 3629, 10935, 7267, 8254, 7487, 7553, 14207, 2010, 1975, 2024, 4366, 3501, 3491
performance_model.cpiDTLBMiss = 0, 0, 0, 0, 0, 0, 0, 0, 0, 0, 0, 0, 0, 0, 0, 0
performance_model.cpiFastforwardTime = 0, 0, 0, 0, 0, 0, 0, 0, 0, 0, 0, 0, 0, 0, 0, 0
performance_model.cpiITLBMiss = 0, 0, 0, 0, 0, 0, 0, 0, 0, 0, 0, 0, 0, 0, 0, 0
performance_model.cpiRecv = 0, 0, 0, 0, 0, 0, 0, 0, 0, 0, 0, 0, 0, 0, 0, 0
performance_model.cpiStartTime = 0, 9028071497441, 9028484654402, 9028949690945, 9029167359626, 9029444802608, 9029650441241, 9029840666375, 9030044049374, 9030324499868, 9030574123364, 9030821491226, 9031007205092, 9031458707831, 9031744045532, 9031929759398
performance_model.cpiSyncDvfsTransition = 0, 0, 0, 0, 0, 0, 0, 0, 0, 0, 0, 0, 0, 0, 0, 0
performance_model.cpiSyncFutex = 491808665206, 1000000000, 1000000000, 0, 0, 0, 1000000000, 0, 0, 0, 0, 0, 0, 0, 0, 0
performance_model.cpiSyncJoin = 0, 0, 0, 0, 0, 0, 0, 0, 0, 0, 0, 0, 0, 0, 0, 0
performance_model.cpiSyncMemAccess = 0, 0, 0, 0, 0, 0, 0, 0, 0, 0, 0, 0, 0, 0, 0, 0
performance_model.cpiSyncPause = 0, 0, 0, 0, 0, 0, 0, 0, 0, 0, 0, 0, 0, 0, 0, 0
performance_model.cpiSyncPthreadBarrier = 0, 0, 0, 0, 0, 0, 0, 0, 0, 0, 0, 0, 0, 0, 0, 0
performance_model.cpiSyncPthreadCond = 0, 0, 0, 0, 0, 0, 0, 0, 0, 0, 0, 0, 0, 0, 0, 0
performance_model.cpiSyncPthreadMutex = 0, 0, 0, 0, 0, 0, 0, 0, 0, 0, 0, 0, 0, 0, 0, 0
performance_model.cpiSyncSleep = 0, 0, 0, 0, 0, 0, 0, 0, 0, 0, 0, 0, 0, 0, 0, 0
performance_model.cpiSyncSyscall = 3197156861, 0, 0, 0, 0, 0, 0, 0, 0, 0, 0, 0, 0, 0, 0, 0
performance_model.cpiSyncUnscheduled = 0, 0, 0, 0, 0, 0, 0, 0, 0, 0, 0, 0, 0, 0, 0, 0
performance_model.cpiUnknown = 157987612872, 0, 0, 0, 0, 0, 0, 0, 0, 0, 0, 0, 0, 0, 0, 0
performance_model.cycle_count = 50259533.8757, 40493434.9471, 41234887.2714, 40295978.3874, 39620026.915, 40894598.0345, 41288594.15, 39208289.8455, 39721162.6864, 40423158.0999, 41121260.5222, 40338407.2915, 40144036.7307, 40897628.0276, 41158253.4386, 39257633.734
performance_model.dyninsn_cost = 0, 0, 0, 0, 0, 0, 0, 0, 0, 0, 0, 0, 0, 0, 0, 0
performance_model.dyninsn_count = 0, 0, 0, 0, 0, 0, 0, 0, 0, 0, 0, 0, 0, 0, 0, 0
performance_model.dyninsn_zero_count = 0, 0, 0, 0, 0, 0, 0, 0, 0, 0, 0, 0, 0, 0, 0, 0
performance_model.elapsed_time = 18894561607398, 15223095844779, 15501837320085, 15148864055396, 14894746960529, 15373909035515, 15522027875958, 14739958588547, 14932767927233, 15196675977416, 15459120497072, 15164814771227, 15091743131858, 15375048130685, 15473027608499, 14758508922563
performance_model.elapsed_time_begin = 0, 0, 0, 0, 0, 0, 0, 0, 0, 0, 0, 0, 0, 0, 0, 0
performance_model.elapsed_time_end = 18894561607398, 15223095844779, 15501837320085, 15148864055396, 14894746960529, 15373909035515, 15522027875958, 14739958588547, 14932767927233, 15196675977416, 15459120497072, 15164814771227, 15091743131858, 15375048130685, 15473027608499, 14758508922563
performance_model.idle_elapsed_time = 495005822067, 9029071497441, 9029484654402, 9028949690945, 9029167359626, 9029444802608, 9030650441241, 9029840666375, 9030044049374, 9030324499868, 9030574123364, 9030821491226, 9031007205092, 9031458707831, 9031744045532, 9031929759398
performance_model.instruction_count = 65439269, 18988702, 18990853, 19007291, 19006545, 18993145, 18988345, 19000221, 19011745, 18999845, 18980245, 19010945, 19006245, 18997945, 18986945, 19009245
pthread.pthread_barrier_wait_count = 0, 0, 0, 0, 0, 0, 0, 0, 0, 0, 0, 0, 0, 0, 0, 0
pthread.pthread_barrier_wait_delay_mem = 0, 0, 0, 0, 0, 0, 0, 0, 0, 0, 0, 0, 0, 0, 0, 0
pthread.pthread_barrier_wait_delay_sync = 0, 0, 0, 0, 0, 0, 0, 0, 0, 0, 0, 0, 0, 0, 0, 0
pthread.pthread_cond_broadcast_count = 0, 0, 0, 0, 0, 0, 0, 0, 0, 0, 0, 0, 0, 0, 0, 0
pthread.pthread_cond_broadcast_delay_mem = 0, 0, 0, 0, 0, 0, 0, 0, 0, 0, 0, 0, 0, 0, 0, 0
pthread.pthread_cond_broadcast_delay_sync = 0, 0, 0, 0, 0, 0, 0, 0, 0, 0, 0, 0, 0, 0, 0, 0
pthread.pthread_cond_signal_count = 0, 0, 0, 0, 0, 0, 0, 0, 0, 0, 0, 0, 0, 0, 0, 0
pthread.pthread_cond_signal_delay_mem = 0, 0, 0, 0, 0, 0, 0, 0, 0, 0, 0, 0, 0, 0, 0, 0
pthread.pthread_cond_signal_delay_sync = 0, 0, 0, 0, 0, 0, 0, 0, 0, 0, 0, 0, 0, 0, 0, 0
pthread.pthread_cond_wait_count = 0, 0, 0, 0, 0, 0, 0, 0, 0, 0, 0, 0, 0, 0, 0, 0
pthread.pthread_cond_wait_delay_mem = 0, 0, 0, 0, 0, 0, 0, 0, 0, 0, 0, 0, 0, 0, 0, 0
pthread.pthread_cond_wait_delay_sync = 0, 0, 0, 0, 0, 0, 0, 0, 0, 0, 0, 0, 0, 0, 0, 0
pthread.pthread_mutex_lock_contended = 0, 0, 0, 0, 0, 0, 0, 0, 0, 0, 0, 0, 0, 0, 0, 0
pthread.pthread_mutex_lock_count = 0, 0, 0, 0, 0, 0, 0, 0, 0, 0, 0, 0, 0, 0, 0, 0
pthread.pthread_mutex_lock_delay_mem = 0, 0, 0, 0, 0, 0, 0, 0, 0, 0, 0, 0, 0, 0, 0, 0
pthread.pthread_mutex_lock_delay_sync = 0, 0, 0, 0, 0, 0, 0, 0, 0, 0, 0, 0, 0, 0, 0, 0
pthread.pthread_mutex_trylock_count = 0, 0, 0, 0, 0, 0, 0, 0, 0, 0, 0, 0, 0, 0, 0, 0
pthread.pthread_mutex_trylock_delay_mem = 0, 0, 0, 0, 0, 0, 0, 0, 0, 0, 0, 0, 0, 0, 0, 0
pthread.pthread_mutex_trylock_delay_sync = 0, 0, 0, 0, 0, 0, 0, 0, 0, 0, 0, 0, 0, 0, 0, 0
pthread.pthread_mutex_unlock_contended = 0, 0, 0, 0, 0, 0, 0, 0, 0, 0, 0, 0, 0, 0, 0, 0
pthread.pthread_mutex_unlock_count = 0, 0, 0, 0, 0, 0, 0, 0, 0, 0, 0, 0, 0, 0, 0, 0
pthread.pthread_mutex_unlock_delay_mem = 0, 0, 0, 0, 0, 0, 0, 0, 0, 0, 0, 0, 0, 0, 0, 0
pthread.pthread_mutex_unlock_delay_sync = 0, 0, 0, 0, 0, 0, 0, 0, 0, 0, 0, 0, 0, 0, 0, 0
pthread_locks_contended = 0.0
roi.instrs = 350839270
roi.ipscore = 60626.3071093
roi.ipstotal = 970020.913749
roi.walltime = 361.682171
stlb.access = 448, 73, 64, 66, 55, 49, 49, 75, 55, 49, 49, 50, 55, 49, 49, 50
stlb.miss = 251, 71, 62, 64, 55, 49, 49, 75, 55, 49, 49, 50, 55, 49, 49, 50
stlb_cache.access-mru-0 = 103, 2, 2, 2, 0, 0, 0, 0, 0, 0, 0, 0, 0, 0, 0, 0
stlb_cache.access-mru-1 = 58, 0, 0, 0, 0, 0, 0, 0, 0, 0, 0, 0, 0, 0, 0, 0
stlb_cache.access-mru-2 = 18, 0, 0, 0, 0, 0, 0, 0, 0, 0, 0, 0, 0, 0, 0, 0
stlb_cache.access-mru-3 = 18, 0, 0, 0, 0, 0, 0, 0, 0, 0, 0, 0, 0, 0, 0, 0
syscall.stderr-bytes = 0, 0, 0, 0, 0, 0, 0, 0, 0, 0, 0, 0, 0, 0, 0, 0
syscall.stdout-bytes = 208, 0, 0, 0, 0, 0, 0, 0, 0, 0, 0, 0, 0, 0, 0, 0
thread.bottle_contrib_time = 12400081697852, 400346144268, 465557056541, 390455334309, 368020423222, 425005668362, 483583763922, 356935509142, 370802753374, 395982348911, 446108584479, 391952247802, 384452377535, 425017797762, 450651211903, 357985194378, 378426336660
thread.bottle_runtime_time = 12406229104716, 6195024347338, 6473352665683, 6119914364451, 5865579600903, 6344464232907, 6492377434717, 5710117922172, 5902723877859, 6166351477548, 6428546373708, 6133993280001, 6060735926766, 6343589422854, 6441283562967, 5726579163165, 5994223295130
thread.elapsed_time = 18894500000000, 6193928502559, 6472315345598, 6119850309055, 5865532640374, 6344455197392, 6491349558759, 5710059333625, 5902655950626, 6166275500132, 6428525876636, 6133978508774, 6060692794908, 6343541292169, 6441255954468, 5726570240602, 5994222872514
thread.instruction_count = 46437123, 18988685, 18990837, 19007272, 19006529, 18993129, 18988329, 19000111, 19011723, 18999828, 18980229, 19010929, 19006229, 18997929, 18986929, 19009229, 19002054
thread.instructions_by_core[0] = 46437123, 0, 0, 0, 0, 0, 0, 0, 0, 0, 0, 0, 0, 0, 0, 0, 19002054
thread.instructions_by_core[10] = 0, 0, 0, 0, 0, 0, 0, 0, 0, 0, 18980229, 0, 0, 0, 0, 0
thread.instructions_by_core[11] = 0, 0, 0, 0, 0, 0, 0, 0, 0, 0, 0, 19010929, 0, 0, 0, 0
thread.instructions_by_core[12] = 0, 0, 0, 0, 0, 0, 0, 0, 0, 0, 0, 0, 19006229, 0, 0, 0
thread.instructions_by_core[13] = 0, 0, 0, 0, 0, 0, 0, 0, 0, 0, 0, 0, 0, 18997929, 0, 0
thread.instructions_by_core[14] = 0, 0, 0, 0, 0, 0, 0, 0, 0, 0, 0, 0, 0, 0, 18986929, 0
thread.instructions_by_core[15] = 0, 0, 0, 0, 0, 0, 0, 0, 0, 0, 0, 0, 0, 0, 0, 19009229
thread.instructions_by_core[1] = 0, 18988685, 0, 0, 0, 0, 0, 0, 0, 0, 0, 0, 0, 0, 0, 0
thread.instructions_by_core[2] = 0, 0, 18990837, 0, 0, 0, 0, 0, 0, 0, 0, 0, 0, 0, 0, 0
thread.instructions_by_core[3] = 0, 0, 0, 19007272, 0, 0, 0, 0, 0, 0, 0, 0, 0, 0, 0, 0
thread.instructions_by_core[4] = 0, 0, 0, 0, 19006529, 0, 0, 0, 0, 0, 0, 0, 0, 0, 0, 0
thread.instructions_by_core[5] = 0, 0, 0, 0, 0, 18993129, 0, 0, 0, 0, 0, 0, 0, 0, 0, 0
thread.instructions_by_core[6] = 0, 0, 0, 0, 0, 0, 18988329, 0, 0, 0, 0, 0, 0, 0, 0, 0
thread.instructions_by_core[7] = 0, 0, 0, 0, 0, 0, 0, 19000111, 0, 0, 0, 0, 0, 0, 0, 0
thread.instructions_by_core[8] = 0, 0, 0, 0, 0, 0, 0, 0, 19011723, 0, 0, 0, 0, 0, 0, 0
thread.instructions_by_core[9] = 0, 0, 0, 0, 0, 0, 0, 0, 0, 18999828, 0, 0, 0, 0, 0, 0
thread.nonidle_cycle_count = 33000456, 16475952, 17216448, 16278840, 15602431, 16876264, 17267053, 15188760, 15701065, 16402361, 17099923, 16316412, 16121547, 16873937, 17133804, 15232690, 15942247
thread.nonidle_elapsed_time = 12406186623609, 6193967204610, 6472348906293, 6119864740503, 5865575841513, 6344460473517, 6491373675327, 5710060403505, 5902656208839, 6166301477661, 6428542614318, 6133989520611, 6060732167376, 6343585663464, 6441279803577, 5726575403775, 5993326304676
thread.time_by_core[0] = 12406186623609, 0, 0, 0, 0, 0, 0, 0, 0, 0, 0, 0, 0, 0, 0, 0, 5993326304676
thread.time_by_core[10] = 0, 0, 0, 0, 0, 0, 0, 0, 0, 0, 6428542614318, 0, 0, 0, 0, 0
thread.time_by_core[11] = 0, 0, 0, 0, 0, 0, 0, 0, 0, 0, 0, 6133989520611, 0, 0, 0, 0
thread.time_by_core[12] = 0, 0, 0, 0, 0, 0, 0, 0, 0, 0, 0, 0, 6060732167376, 0, 0, 0
thread.time_by_core[13] = 0, 0, 0, 0, 0, 0, 0, 0, 0, 0, 0, 0, 0, 6343585663464, 0, 0
thread.time_by_core[14] = 0, 0, 0, 0, 0, 0, 0, 0, 0, 0, 0, 0, 0, 0, 6441279803577, 0
thread.time_by_core[15] = 0, 0, 0, 0, 0, 0, 0, 0, 0, 0, 0, 0, 0, 0, 0, 5726575403775
thread.time_by_core[1] = 0, 6193967204610, 0, 0, 0, 0, 0, 0, 0, 0, 0, 0, 0, 0, 0, 0
thread.time_by_core[2] = 0, 0, 6472348906293, 0, 0, 0, 0, 0, 0, 0, 0, 0, 0, 0, 0, 0
thread.time_by_core[3] = 0, 0, 0, 6119864740503, 0, 0, 0, 0, 0, 0, 0, 0, 0, 0, 0, 0
thread.time_by_core[4] = 0, 0, 0, 0, 5865575841513, 0, 0, 0, 0, 0, 0, 0, 0, 0, 0, 0
thread.time_by_core[5] = 0, 0, 0, 0, 0, 6344460473517, 0, 0, 0, 0, 0, 0, 0, 0, 0, 0
thread.time_by_core[6] = 0, 0, 0, 0, 0, 0, 6491373675327, 0, 0, 0, 0, 0, 0, 0, 0, 0
thread.time_by_core[7] = 0, 0, 0, 0, 0, 0, 0, 5710060403505, 0, 0, 0, 0, 0, 0, 0, 0
thread.time_by_core[8] = 0, 0, 0, 0, 0, 0, 0, 0, 5902656208839, 0, 0, 0, 0, 0, 0, 0
thread.time_by_core[9] = 0, 0, 0, 0, 0, 0, 0, 0, 0, 6166301477661, 0, 0, 0, 0, 0, 0
thread.unscheduled_time = 6488332502682, 0, 0, 0, 0, 0, 0, 0, 0, 0, 0, 0, 0, 0, 0, 0, 896614515
time.walltime = 361682171, 0, 0, 0, 0, 0, 0, 0, 0, 0, 0, 0, 0, 0, 0, 0
vmem = 2763186176
walltime = 362.508035898
